[0.593s] Invoking command in '/home/yusuf/ros2_ws/build/robot_cpp': CMAKE_PREFIX_PATH=${CMAKE_PREFIX_PATH}:/home/yusuf/ros2_ws/install/robot_python:/opt/ros/humble /usr/bin/cmake --build /home/yusuf/ros2_ws/build/robot_cpp -- -j8 -l8
[1.267s] Invoked command in '/home/yusuf/ros2_ws/build/robot_cpp' returned '0': CMAKE_PREFIX_PATH=${CMAKE_PREFIX_PATH}:/home/yusuf/ros2_ws/install/robot_python:/opt/ros/humble /usr/bin/cmake --build /home/yusuf/ros2_ws/build/robot_cpp -- -j8 -l8
[1.379s] Invoking command in '/home/yusuf/ros2_ws/build/robot_cpp': CMAKE_PREFIX_PATH=${CMAKE_PREFIX_PATH}:/home/yusuf/ros2_ws/install/robot_python:/opt/ros/humble /usr/bin/cmake --install /home/yusuf/ros2_ws/build/robot_cpp
[1.446s] -- Install configuration: ""
[1.446s] -- Up-to-date: /home/yusuf/ros2_ws/install/robot_cpp/share/ament_index/resource_index/package_run_dependencies/robot_cpp
[1.447s] -- Up-to-date: /home/yusuf/ros2_ws/install/robot_cpp/share/ament_index/resource_index/parent_prefix_path/robot_cpp
[1.448s] -- Up-to-date: /home/yusuf/ros2_ws/install/robot_cpp/share/robot_cpp/environment/ament_prefix_path.sh
[1.449s] -- Up-to-date: /home/yusuf/ros2_ws/install/robot_cpp/share/robot_cpp/environment/ament_prefix_path.dsv
[1.449s] -- Up-to-date: /home/yusuf/ros2_ws/install/robot_cpp/share/robot_cpp/environment/path.sh
[1.449s] -- Up-to-date: /home/yusuf/ros2_ws/install/robot_cpp/share/robot_cpp/environment/path.dsv
[1.450s] -- Up-to-date: /home/yusuf/ros2_ws/install/robot_cpp/share/robot_cpp/local_setup.bash
[1.450s] -- Up-to-date: /home/yusuf/ros2_ws/install/robot_cpp/share/robot_cpp/local_setup.sh
[1.450s] -- Up-to-date: /home/yusuf/ros2_ws/install/robot_cpp/share/robot_cpp/local_setup.zsh
[1.451s] -- Up-to-date: /home/yusuf/ros2_ws/install/robot_cpp/share/robot_cpp/local_setup.dsv
[1.451s] -- Installing: /home/yusuf/ros2_ws/install/robot_cpp/share/robot_cpp/package.dsv
[1.451s] -- Up-to-date: /home/yusuf/ros2_ws/install/robot_cpp/share/ament_index/resource_index/packages/robot_cpp
[1.451s] -- Up-to-date: /home/yusuf/ros2_ws/install/robot_cpp/share/robot_cpp/cmake/robot_cppConfig.cmake
[1.452s] -- Up-to-date: /home/yusuf/ros2_ws/install/robot_cpp/share/robot_cpp/cmake/robot_cppConfig-version.cmake
[1.452s] -- Up-to-date: /home/yusuf/ros2_ws/install/robot_cpp/share/robot_cpp/package.xml
[1.453s] Invoked command in '/home/yusuf/ros2_ws/build/robot_cpp' returned '0': CMAKE_PREFIX_PATH=${CMAKE_PREFIX_PATH}:/home/yusuf/ros2_ws/install/robot_python:/opt/ros/humble /usr/bin/cmake --install /home/yusuf/ros2_ws/build/robot_cpp
