[2.394s] Invoking command in '/home/yusuf/ros2_ws/src/turtlebot3/turtlebot3_teleop': PYTHONPATH=/home/yusuf/ros2_ws/src/build/turtlebot3_teleop/prefix_override:/home/yusuf/ros2_ws/src/install/turtlebot3_teleop/lib/python3.10/site-packages:${PYTHONPATH} /usr/bin/python3 setup.py egg_info --egg-base ../../build/turtlebot3_teleop build --build-base /home/yusuf/ros2_ws/src/build/turtlebot3_teleop/build install --record /home/yusuf/ros2_ws/src/build/turtlebot3_teleop/install.log --single-version-externally-managed
[3.000s] running egg_info
[3.001s] creating ../../build/turtlebot3_teleop/turtlebot3_teleop.egg-info
[3.002s] writing ../../build/turtlebot3_teleop/turtlebot3_teleop.egg-info/PKG-INFO
[3.003s] writing dependency_links to ../../build/turtlebot3_teleop/turtlebot3_teleop.egg-info/dependency_links.txt
[3.004s] writing entry points to ../../build/turtlebot3_teleop/turtlebot3_teleop.egg-info/entry_points.txt
[3.004s] writing requirements to ../../build/turtlebot3_teleop/turtlebot3_teleop.egg-info/requires.txt
[3.005s] writing top-level names to ../../build/turtlebot3_teleop/turtlebot3_teleop.egg-info/top_level.txt
[3.005s] writing manifest file '../../build/turtlebot3_teleop/turtlebot3_teleop.egg-info/SOURCES.txt'
[3.008s] reading manifest file '../../build/turtlebot3_teleop/turtlebot3_teleop.egg-info/SOURCES.txt'
[3.009s] writing manifest file '../../build/turtlebot3_teleop/turtlebot3_teleop.egg-info/SOURCES.txt'
[3.009s] running build
[3.010s] running build_py
[3.010s] creating /home/yusuf/ros2_ws/src/build/turtlebot3_teleop/build
[3.010s] creating /home/yusuf/ros2_ws/src/build/turtlebot3_teleop/build/lib
[3.010s] creating /home/yusuf/ros2_ws/src/build/turtlebot3_teleop/build/lib/turtlebot3_teleop
[3.010s] copying turtlebot3_teleop/__init__.py -> /home/yusuf/ros2_ws/src/build/turtlebot3_teleop/build/lib/turtlebot3_teleop
[3.011s] creating /home/yusuf/ros2_ws/src/build/turtlebot3_teleop/build/lib/turtlebot3_teleop/script
[3.011s] copying turtlebot3_teleop/script/__init__.py -> /home/yusuf/ros2_ws/src/build/turtlebot3_teleop/build/lib/turtlebot3_teleop/script
[3.011s] copying turtlebot3_teleop/script/teleop_keyboard.py -> /home/yusuf/ros2_ws/src/build/turtlebot3_teleop/build/lib/turtlebot3_teleop/script
[3.011s] running install
[3.011s] /usr/lib/python3/dist-packages/setuptools/command/install.py:34: SetuptoolsDeprecationWarning: setup.py install is deprecated. Use build and pip and other standards-based tools.
[3.012s]   warnings.warn(
[3.012s] running install_lib
[3.014s] creating /home/yusuf/ros2_ws/src/install/turtlebot3_teleop/lib/python3.10/site-packages/turtlebot3_teleop
[3.014s] creating /home/yusuf/ros2_ws/src/install/turtlebot3_teleop/lib/python3.10/site-packages/turtlebot3_teleop/script
[3.014s] copying /home/yusuf/ros2_ws/src/build/turtlebot3_teleop/build/lib/turtlebot3_teleop/script/__init__.py -> /home/yusuf/ros2_ws/src/install/turtlebot3_teleop/lib/python3.10/site-packages/turtlebot3_teleop/script
[3.014s] copying /home/yusuf/ros2_ws/src/build/turtlebot3_teleop/build/lib/turtlebot3_teleop/script/teleop_keyboard.py -> /home/yusuf/ros2_ws/src/install/turtlebot3_teleop/lib/python3.10/site-packages/turtlebot3_teleop/script
[3.014s] copying /home/yusuf/ros2_ws/src/build/turtlebot3_teleop/build/lib/turtlebot3_teleop/__init__.py -> /home/yusuf/ros2_ws/src/install/turtlebot3_teleop/lib/python3.10/site-packages/turtlebot3_teleop
[3.015s] byte-compiling /home/yusuf/ros2_ws/src/install/turtlebot3_teleop/lib/python3.10/site-packages/turtlebot3_teleop/script/__init__.py to __init__.cpython-310.pyc
[3.016s] byte-compiling /home/yusuf/ros2_ws/src/install/turtlebot3_teleop/lib/python3.10/site-packages/turtlebot3_teleop/script/teleop_keyboard.py to teleop_keyboard.cpython-310.pyc
[3.024s] byte-compiling /home/yusuf/ros2_ws/src/install/turtlebot3_teleop/lib/python3.10/site-packages/turtlebot3_teleop/__init__.py to __init__.cpython-310.pyc
[3.024s] running install_data
[3.025s] creating /home/yusuf/ros2_ws/src/install/turtlebot3_teleop/share/ament_index
[3.026s] creating /home/yusuf/ros2_ws/src/install/turtlebot3_teleop/share/ament_index/resource_index
[3.026s] creating /home/yusuf/ros2_ws/src/install/turtlebot3_teleop/share/ament_index/resource_index/packages
[3.026s] copying resource/turtlebot3_teleop -> /home/yusuf/ros2_ws/src/install/turtlebot3_teleop/share/ament_index/resource_index/packages
[3.026s] copying package.xml -> /home/yusuf/ros2_ws/src/install/turtlebot3_teleop/share/turtlebot3_teleop
[3.026s] running install_egg_info
[3.029s] Copying ../../build/turtlebot3_teleop/turtlebot3_teleop.egg-info to /home/yusuf/ros2_ws/src/install/turtlebot3_teleop/lib/python3.10/site-packages/turtlebot3_teleop-2.1.5-py3.10.egg-info
[3.030s] running install_scripts
[3.069s] Installing teleop_keyboard script to /home/yusuf/ros2_ws/src/install/turtlebot3_teleop/lib/turtlebot3_teleop
[3.070s] writing list of installed files to '/home/yusuf/ros2_ws/src/build/turtlebot3_teleop/install.log'
[3.125s] Invoked command in '/home/yusuf/ros2_ws/src/turtlebot3/turtlebot3_teleop' returned '0': PYTHONPATH=/home/yusuf/ros2_ws/src/build/turtlebot3_teleop/prefix_override:/home/yusuf/ros2_ws/src/install/turtlebot3_teleop/lib/python3.10/site-packages:${PYTHONPATH} /usr/bin/python3 setup.py egg_info --egg-base ../../build/turtlebot3_teleop build --build-base /home/yusuf/ros2_ws/src/build/turtlebot3_teleop/build install --record /home/yusuf/ros2_ws/src/build/turtlebot3_teleop/install.log --single-version-externally-managed
