[0.129s] Invoking command in '/home/yusuf/ros2_ws/build/robot_control': CMAKE_PREFIX_PATH=${CMAKE_PREFIX_PATH}:/home/yusuf/ros2_ws/install/robot_python:/opt/ros/humble /usr/bin/cmake --build /home/yusuf/ros2_ws/build/robot_control -- -j8 -l8
[0.315s] Invoked command in '/home/yusuf/ros2_ws/build/robot_control' returned '0': CMAKE_PREFIX_PATH=${CMAKE_PREFIX_PATH}:/home/yusuf/ros2_ws/install/robot_python:/opt/ros/humble /usr/bin/cmake --build /home/yusuf/ros2_ws/build/robot_control -- -j8 -l8
[0.501s] Invoking command in '/home/yusuf/ros2_ws/build/robot_control': CMAKE_PREFIX_PATH=${CMAKE_PREFIX_PATH}:/home/yusuf/ros2_ws/install/robot_python:/opt/ros/humble /usr/bin/cmake --install /home/yusuf/ros2_ws/build/robot_control
[0.518s] -- Install configuration: ""
[0.518s] -- Up-to-date: /home/yusuf/ros2_ws/install/robot_control/share/ament_index/resource_index/package_run_dependencies/robot_control
[0.519s] -- Up-to-date: /home/yusuf/ros2_ws/install/robot_control/share/ament_index/resource_index/parent_prefix_path/robot_control
[0.520s] -- Up-to-date: /home/yusuf/ros2_ws/install/robot_control/share/robot_control/environment/ament_prefix_path.sh
[0.520s] -- Up-to-date: /home/yusuf/ros2_ws/install/robot_control/share/robot_control/environment/ament_prefix_path.dsv
[0.521s] -- Up-to-date: /home/yusuf/ros2_ws/install/robot_control/share/robot_control/environment/path.sh
[0.521s] -- Up-to-date: /home/yusuf/ros2_ws/install/robot_control/share/robot_control/environment/path.dsv
[0.521s] -- Up-to-date: /home/yusuf/ros2_ws/install/robot_control/share/robot_control/local_setup.bash
[0.521s] -- Up-to-date: /home/yusuf/ros2_ws/install/robot_control/share/robot_control/local_setup.sh
[0.521s] -- Up-to-date: /home/yusuf/ros2_ws/install/robot_control/share/robot_control/local_setup.zsh
[0.522s] -- Up-to-date: /home/yusuf/ros2_ws/install/robot_control/share/robot_control/local_setup.dsv
[0.522s] -- Installing: /home/yusuf/ros2_ws/install/robot_control/share/robot_control/package.dsv
[0.522s] -- Up-to-date: /home/yusuf/ros2_ws/install/robot_control/share/ament_index/resource_index/packages/robot_control
[0.522s] -- Up-to-date: /home/yusuf/ros2_ws/install/robot_control/share/robot_control/cmake/robot_controlConfig.cmake
[0.523s] -- Up-to-date: /home/yusuf/ros2_ws/install/robot_control/share/robot_control/cmake/robot_controlConfig-version.cmake
[0.523s] -- Up-to-date: /home/yusuf/ros2_ws/install/robot_control/share/robot_control/package.xml
[0.586s] Invoked command in '/home/yusuf/ros2_ws/build/robot_control' returned '0': CMAKE_PREFIX_PATH=${CMAKE_PREFIX_PATH}:/home/yusuf/ros2_ws/install/robot_python:/opt/ros/humble /usr/bin/cmake --install /home/yusuf/ros2_ws/build/robot_control
