[0.542s] Invoking command in '/home/yusuf/ros2_ws/build/turtlebot3_fake_node': CMAKE_PREFIX_PATH=${CMAKE_PREFIX_PATH}:/home/yusuf/ros2_ws/install/robot_python:/opt/ros/humble /usr/bin/cmake /home/yusuf/ros2_ws/src/turtlebot3_simulations/turtlebot3_fake_node -DCMAKE_INSTALL_PREFIX=/home/yusuf/ros2_ws/install/turtlebot3_fake_node
[0.941s] -- The C compiler identification is GNU 11.4.0
[0.942s] -- The CXX compiler identification is GNU 11.4.0
[0.943s] -- Detecting C compiler ABI info
[0.943s] -- Detecting C compiler ABI info - done
[0.943s] -- Check for working C compiler: /usr/bin/cc - skipped
[0.943s] -- Detecting C compile features
[0.943s] -- Detecting C compile features - done
[0.943s] -- Detecting CXX compiler ABI info
[0.988s] -- Detecting CXX compiler ABI info - done
[1.005s] -- Check for working CXX compiler: /usr/bin/c++ - skipped
[1.005s] -- Detecting CXX compile features
[1.006s] -- Detecting CXX compile features - done
[1.012s] -- Found ament_cmake: 1.3.6 (/opt/ros/humble/share/ament_cmake/cmake)
[1.216s] -- Found Python3: /usr/bin/python3.10 (found version "3.10.12") found components: Interpreter 
[1.335s] -- Found geometry_msgs: 4.2.3 (/opt/ros/humble/share/geometry_msgs/cmake)
[1.402s] -- Found rosidl_generator_c: 3.1.5 (/opt/ros/humble/share/rosidl_generator_c/cmake)
[1.410s] -- Found rosidl_adapter: 3.1.5 (/opt/ros/humble/share/rosidl_adapter/cmake)
[1.423s] -- Found rosidl_generator_cpp: 3.1.5 (/opt/ros/humble/share/rosidl_generator_cpp/cmake)
[1.445s] -- Using all available rosidl_typesupport_c: rosidl_typesupport_fastrtps_c;rosidl_typesupport_introspection_c
[1.472s] -- Using all available rosidl_typesupport_cpp: rosidl_typesupport_fastrtps_cpp;rosidl_typesupport_introspection_cpp
[1.620s] -- Found nav_msgs: 4.2.3 (/opt/ros/humble/share/nav_msgs/cmake)
[1.719s] -- Found rclcpp: 16.0.7 (/opt/ros/humble/share/rclcpp/cmake)
[1.807s] -- Found rmw_implementation_cmake: 6.1.1 (/opt/ros/humble/share/rmw_implementation_cmake/cmake)
[1.811s] -- Found rmw_fastrtps_cpp: 6.2.5 (/opt/ros/humble/share/rmw_fastrtps_cpp/cmake)
[1.925s] -- Found OpenSSL: /usr/lib/x86_64-linux-gnu/libcrypto.so (found version "3.0.2")  
[1.958s] -- Found FastRTPS: /opt/ros/humble/include  
[2.008s] -- Using RMW implementation 'rmw_fastrtps_cpp' as default
[2.021s] -- Looking for pthread.h
[2.102s] -- Looking for pthread.h - found
[2.103s] -- Performing Test CMAKE_HAVE_LIBC_PTHREAD
[2.183s] -- Performing Test CMAKE_HAVE_LIBC_PTHREAD - Success
[2.185s] -- Found Threads: TRUE  
[2.342s] -- Found sensor_msgs: 4.2.3 (/opt/ros/humble/share/sensor_msgs/cmake)
[2.439s] -- Found tf2: 0.25.5 (/opt/ros/humble/share/tf2/cmake)
[2.461s] -- Found tf2_msgs: 0.25.5 (/opt/ros/humble/share/tf2_msgs/cmake)
[2.642s] [31mCMake Error at CMakeLists.txt:25 (find_package):
[2.642s]   By not providing "Findturtlebot3_msgs.cmake" in CMAKE_MODULE_PATH this
[2.642s]   project has asked CMake to find a package configuration file provided by
[2.642s]   "turtlebot3_msgs", but CMake did not find one.
[2.642s] 
[2.642s]   Could not find a package configuration file provided by "turtlebot3_msgs"
[2.642s]   with any of the following names:
[2.642s] 
[2.642s]     turtlebot3_msgsConfig.cmake
[2.642s]     turtlebot3_msgs-config.cmake
[2.642s] 
[2.642s]   Add the installation prefix of "turtlebot3_msgs" to CMAKE_PREFIX_PATH or
[2.642s]   set "turtlebot3_msgs_DIR" to a directory containing one of the above files.
[2.642s]   If "turtlebot3_msgs" provides a separate development package or SDK, be
[2.643s]   sure it has been installed.
[2.643s] 
[2.643s] [0m
[2.643s] -- Configuring incomplete, errors occurred!
[2.643s] See also "/home/yusuf/ros2_ws/build/turtlebot3_fake_node/CMakeFiles/CMakeOutput.log".
