[5.562s] Invoking command in '/home/yusuf/ros2_ws/src/urdf_tutorial_r2d2': PYTHONPATH=/home/yusuf/ros2_ws/build/urdf_tutorial_r2d2/prefix_override:/usr/lib/python3/dist-packages/colcon_core/task/python/colcon_distutils_commands:/home/yusuf/ros2_ws/install/urdf_tutorial_r2d2/lib/python3.10/site-packages:${PYTHONPATH} /usr/bin/python3 -W ignore:setup.py install is deprecated setup.py egg_info --egg-base ../../build/urdf_tutorial_r2d2 build --build-base /home/yusuf/ros2_ws/build/urdf_tutorial_r2d2/build install --record /home/yusuf/ros2_ws/build/urdf_tutorial_r2d2/install.log --single-version-externally-managed install_data
[7.587s] running egg_info
[7.590s] creating ../../build/urdf_tutorial_r2d2/urdf_tutorial_r2d2.egg-info
[7.591s] writing ../../build/urdf_tutorial_r2d2/urdf_tutorial_r2d2.egg-info/PKG-INFO
[7.593s] writing dependency_links to ../../build/urdf_tutorial_r2d2/urdf_tutorial_r2d2.egg-info/dependency_links.txt
[7.594s] writing entry points to ../../build/urdf_tutorial_r2d2/urdf_tutorial_r2d2.egg-info/entry_points.txt
[7.595s] writing requirements to ../../build/urdf_tutorial_r2d2/urdf_tutorial_r2d2.egg-info/requires.txt
[7.597s] writing top-level names to ../../build/urdf_tutorial_r2d2/urdf_tutorial_r2d2.egg-info/top_level.txt
[7.598s] writing manifest file '../../build/urdf_tutorial_r2d2/urdf_tutorial_r2d2.egg-info/SOURCES.txt'
[7.607s] reading manifest file '../../build/urdf_tutorial_r2d2/urdf_tutorial_r2d2.egg-info/SOURCES.txt'
[7.608s] adding license file 'LICENSE'
[7.612s] writing manifest file '../../build/urdf_tutorial_r2d2/urdf_tutorial_r2d2.egg-info/SOURCES.txt'
[7.613s] running build
[7.614s] running build_py
[7.616s] creating /home/yusuf/ros2_ws/build/urdf_tutorial_r2d2/build
[7.616s] creating /home/yusuf/ros2_ws/build/urdf_tutorial_r2d2/build/lib
[7.617s] creating /home/yusuf/ros2_ws/build/urdf_tutorial_r2d2/build/lib/urdf_tutorial_r2d2
[7.618s] copying urdf_tutorial_r2d2/__init__.py -> /home/yusuf/ros2_ws/build/urdf_tutorial_r2d2/build/lib/urdf_tutorial_r2d2
[7.619s] copying urdf_tutorial_r2d2/state_publisher.py -> /home/yusuf/ros2_ws/build/urdf_tutorial_r2d2/build/lib/urdf_tutorial_r2d2
[7.621s] running install
[7.623s] running install_lib
[7.651s] creating /home/yusuf/ros2_ws/install/urdf_tutorial_r2d2/lib/python3.10/site-packages/urdf_tutorial_r2d2
[7.652s] copying /home/yusuf/ros2_ws/build/urdf_tutorial_r2d2/build/lib/urdf_tutorial_r2d2/__init__.py -> /home/yusuf/ros2_ws/install/urdf_tutorial_r2d2/lib/python3.10/site-packages/urdf_tutorial_r2d2
[7.653s] copying /home/yusuf/ros2_ws/build/urdf_tutorial_r2d2/build/lib/urdf_tutorial_r2d2/state_publisher.py -> /home/yusuf/ros2_ws/install/urdf_tutorial_r2d2/lib/python3.10/site-packages/urdf_tutorial_r2d2
[7.657s] byte-compiling /home/yusuf/ros2_ws/install/urdf_tutorial_r2d2/lib/python3.10/site-packages/urdf_tutorial_r2d2/__init__.py to __init__.cpython-310.pyc
[7.659s] byte-compiling /home/yusuf/ros2_ws/install/urdf_tutorial_r2d2/lib/python3.10/site-packages/urdf_tutorial_r2d2/state_publisher.py to state_publisher.cpython-310.pyc
[7.664s] running install_data
[7.666s] creating /home/yusuf/ros2_ws/install/urdf_tutorial_r2d2/share/ament_index
[7.666s] creating /home/yusuf/ros2_ws/install/urdf_tutorial_r2d2/share/ament_index/resource_index
[7.667s] creating /home/yusuf/ros2_ws/install/urdf_tutorial_r2d2/share/ament_index/resource_index/packages
[7.668s] copying resource/urdf_tutorial_r2d2 -> /home/yusuf/ros2_ws/install/urdf_tutorial_r2d2/share/ament_index/resource_index/packages
[7.669s] copying package.xml -> /home/yusuf/ros2_ws/install/urdf_tutorial_r2d2/share/urdf_tutorial_r2d2
[7.671s] creating /home/yusuf/ros2_ws/install/urdf_tutorial_r2d2/share/urdf_tutorial_r2d2/launch
[7.673s] copying launch/demo.launch.py -> /home/yusuf/ros2_ws/install/urdf_tutorial_r2d2/share/urdf_tutorial_r2d2/launch
[7.675s] copying urdf/r2d2.urdf.xml -> /home/yusuf/ros2_ws/install/urdf_tutorial_r2d2/share/urdf_tutorial_r2d2
[7.680s] copying urdf/r2d2.rviz -> /home/yusuf/ros2_ws/install/urdf_tutorial_r2d2/share/urdf_tutorial_r2d2
[7.685s] running install_egg_info
[7.707s] Copying ../../build/urdf_tutorial_r2d2/urdf_tutorial_r2d2.egg-info to /home/yusuf/ros2_ws/install/urdf_tutorial_r2d2/lib/python3.10/site-packages/urdf_tutorial_r2d2-0.0.0-py3.10.egg-info
[7.727s] running install_scripts
[7.878s] Installing state_publisher script to /home/yusuf/ros2_ws/install/urdf_tutorial_r2d2/lib/urdf_tutorial_r2d2
[7.883s] writing list of installed files to '/home/yusuf/ros2_ws/build/urdf_tutorial_r2d2/install.log'
[7.983s] Invoked command in '/home/yusuf/ros2_ws/src/urdf_tutorial_r2d2' returned '0': PYTHONPATH=/home/yusuf/ros2_ws/build/urdf_tutorial_r2d2/prefix_override:/usr/lib/python3/dist-packages/colcon_core/task/python/colcon_distutils_commands:/home/yusuf/ros2_ws/install/urdf_tutorial_r2d2/lib/python3.10/site-packages:${PYTHONPATH} /usr/bin/python3 -W ignore:setup.py install is deprecated setup.py egg_info --egg-base ../../build/urdf_tutorial_r2d2 build --build-base /home/yusuf/ros2_ws/build/urdf_tutorial_r2d2/build install --record /home/yusuf/ros2_ws/build/urdf_tutorial_r2d2/install.log --single-version-externally-managed install_data
