-- The C compiler identification is GNU 11.4.0
-- The CXX compiler identification is GNU 11.4.0
-- Detecting C compiler ABI info
-- Detecting C compiler ABI info - done
-- Check for working C compiler: /usr/bin/cc - skipped
-- Detecting C compile features
-- Detecting C compile features - done
-- Detecting CXX compiler ABI info
-- Detecting CXX compiler ABI info - done
-- Check for working CXX compiler: /usr/bin/c++ - skipped
-- Detecting CXX compile features
-- Detecting CXX compile features - done
-- Found ament_cmake: 1.3.6 (/opt/ros/humble/share/ament_cmake/cmake)
-- Found Python3: /usr/bin/python3.10 (found version "3.10.12") found components: Interpreter 
-- Found rclcpp: 16.0.7 (/opt/ros/humble/share/rclcpp/cmake)
-- Found rosidl_generator_c: 3.1.5 (/opt/ros/humble/share/rosidl_generator_c/cmake)
-- Found rosidl_adapter: 3.1.5 (/opt/ros/humble/share/rosidl_adapter/cmake)
-- Found rosidl_generator_cpp: 3.1.5 (/opt/ros/humble/share/rosidl_generator_cpp/cmake)
-- Using all available rosidl_typesupport_c: rosidl_typesupport_fastrtps_c;rosidl_typesupport_introspection_c
-- Using all available rosidl_typesupport_cpp: rosidl_typesupport_fastrtps_cpp;rosidl_typesupport_introspection_cpp
-- Found rmw_implementation_cmake: 6.1.1 (/opt/ros/humble/share/rmw_implementation_cmake/cmake)
-- Found rmw_fastrtps_cpp: 6.2.5 (/opt/ros/humble/share/rmw_fastrtps_cpp/cmake)
-- Found OpenSSL: /usr/lib/x86_64-linux-gnu/libcrypto.so (found version "3.0.2")  
-- Found FastRTPS: /opt/ros/humble/include  
-- Using RMW implementation 'rmw_fastrtps_cpp' as default
-- Looking for pthread.h
-- Looking for pthread.h - found
-- Performing Test CMAKE_HAVE_LIBC_PTHREAD
-- Performing Test CMAKE_HAVE_LIBC_PTHREAD - Success
-- Found Threads: TRUE  
-- Found geometry_msgs: 4.2.3 (/opt/ros/humble/share/geometry_msgs/cmake)
-- Found nav_msgs: 4.2.3 (/opt/ros/humble/share/nav_msgs/cmake)
-- Found tf2: 0.25.5 (/opt/ros/humble/share/tf2/cmake)
-- Found sensor_msgs: 4.2.3 (/opt/ros/humble/share/sensor_msgs/cmake)
-- Found cv_bridge: 3.2.1 (/opt/ros/humble/share/cv_bridge/cmake)
-- Found OpenCV: /usr (found version "4.5.4") 
-- Found gazebo_msgs: 3.7.0 (/opt/ros/humble/share/gazebo_msgs/cmake)
-- Configuring done
-- Generating done
-- Build files have been written to: /home/yusuf/ros2_ws/build/drive_tb3
[  4%] [32mBuilding CXX object CMakeFiles/p3_c_linear_goal.dir/src/p3_c_linear_goal.cpp.o[0m
[  9%] [32mBuilding CXX object CMakeFiles/p3_d_xy_goal.dir/src/p3_d_xy_goal.cpp.o[0m
[ 13%] [32mBuilding CXX object CMakeFiles/p2_multi_tb3_sqaure_drive.dir/src/p2_multi_tb3_sqaure_drive.cpp.o[0m
[ 18%] [32mBuilding CXX object CMakeFiles/p3_a_acceleration.dir/src/p3_a_acceleration.cpp.o[0m
[ 22%] [32mBuilding CXX object CMakeFiles/p5_c_camera_data_sub.dir/src/p5_c_camera_data_sub.cpp.o[0m
[ 27%] [32mBuilding CXX object CMakeFiles/p3_b_angular_velocity.dir/src/p3_b_angular_velocity.cpp.o[0m
[ 31%] [32mBuilding CXX object CMakeFiles/p5_b_maze_solving.dir/src/p5_b_maze_solving.cpp.o[0m
[ 36%] [32mBuilding CXX object CMakeFiles/p5_a_lidar_data_sub.dir/src/p5_a_lidar_data_sub.cpp.o[0m
[01m[K/home/yusuf/ros2_ws/src/mobile_robotics_ROS2/drive_tb3/src/p5_b_maze_solving.cpp:[m[K In member function ‘[01m[Kvoid lidar_subscriber::lidar_callback(sensor_msgs::msg::LaserScan_<std::allocator<void> >::SharedPtr)[m[K’:
[01m[K/home/yusuf/ros2_ws/src/mobile_robotics_ROS2/drive_tb3/src/p5_b_maze_solving.cpp:51:16:[m[K [01;35m[Kwarning: [m[Kenumeration value ‘[01m[KOUT_OF_MAZE[m[K’ not handled in switch [[01;35m[K]8;;https://gcc.gnu.org/onlinedocs/gcc/Warning-Options.html#index-Wswitch-Wswitch]8;;[m[K]
   51 |         switch [01;35m[K([m[Kstate_)
      |                [01;35m[K^[m[K
[ 40%] [32m[1mLinking CXX executable p3_b_angular_velocity[0m
[ 45%] [32m[1mLinking CXX executable p2_multi_tb3_sqaure_drive[0m
[ 45%] Built target p3_b_angular_velocity
[ 45%] Built target p2_multi_tb3_sqaure_drive
[ 50%] [32mBuilding CXX object CMakeFiles/p5_d_line_following.dir/src/p5_d_line_following.cpp.o[0m
[ 54%] [32mBuilding CXX object CMakeFiles/p6_a_occupancy_grid.dir/src/p6_a_occupancy_grid.cpp.o[0m
[ 59%] [32m[1mLinking CXX executable p3_a_acceleration[0m
[ 59%] Built target p3_a_acceleration
[ 63%] [32mBuilding CXX object CMakeFiles/p6_b_sdf_spawner.dir/src/p6_b_sdf_spawner.cpp.o[0m
[ 68%] [32m[1mLinking CXX executable p6_a_occupancy_grid[0m
[ 72%] [32m[1mLinking CXX executable p3_c_linear_goal[0m
[ 72%] Built target p6_a_occupancy_grid
[ 77%] [32m[1mLinking CXX executable p3_d_xy_goal[0m
[ 81%] [32m[1mLinking CXX executable p5_a_lidar_data_sub[0m
[ 81%] Built target p3_c_linear_goal
[ 86%] [32m[1mLinking CXX executable p6_b_sdf_spawner[0m
[ 86%] Built target p3_d_xy_goal
[ 86%] Built target p5_a_lidar_data_sub
[ 86%] Built target p6_b_sdf_spawner
[ 90%] [32m[1mLinking CXX executable p5_b_maze_solving[0m
[ 90%] Built target p5_b_maze_solving
[ 95%] [32m[1mLinking CXX executable p5_c_camera_data_sub[0m
[ 95%] Built target p5_c_camera_data_sub
[100%] [32m[1mLinking CXX executable p5_d_line_following[0m
[100%] Built target p5_d_line_following
-- Install configuration: ""
-- Installing: /home/yusuf/ros2_ws/install/drive_tb3/lib/drive_tb3/p2_multi_tb3_sqaure_drive
-- Set runtime path of "/home/yusuf/ros2_ws/install/drive_tb3/lib/drive_tb3/p2_multi_tb3_sqaure_drive" to ""
-- Installing: /home/yusuf/ros2_ws/install/drive_tb3/lib/drive_tb3/p3_a_acceleration
-- Set runtime path of "/home/yusuf/ros2_ws/install/drive_tb3/lib/drive_tb3/p3_a_acceleration" to ""
-- Installing: /home/yusuf/ros2_ws/install/drive_tb3/lib/drive_tb3/p3_b_angular_velocity
-- Set runtime path of "/home/yusuf/ros2_ws/install/drive_tb3/lib/drive_tb3/p3_b_angular_velocity" to ""
-- Installing: /home/yusuf/ros2_ws/install/drive_tb3/lib/drive_tb3/p3_c_linear_goal
-- Set runtime path of "/home/yusuf/ros2_ws/install/drive_tb3/lib/drive_tb3/p3_c_linear_goal" to ""
-- Installing: /home/yusuf/ros2_ws/install/drive_tb3/lib/drive_tb3/p3_d_xy_goal
-- Set runtime path of "/home/yusuf/ros2_ws/install/drive_tb3/lib/drive_tb3/p3_d_xy_goal" to ""
-- Installing: /home/yusuf/ros2_ws/install/drive_tb3/lib/drive_tb3/p5_a_lidar_data_sub
-- Set runtime path of "/home/yusuf/ros2_ws/install/drive_tb3/lib/drive_tb3/p5_a_lidar_data_sub" to ""
-- Installing: /home/yusuf/ros2_ws/install/drive_tb3/lib/drive_tb3/p5_b_maze_solving
-- Set runtime path of "/home/yusuf/ros2_ws/install/drive_tb3/lib/drive_tb3/p5_b_maze_solving" to ""
-- Installing: /home/yusuf/ros2_ws/install/drive_tb3/lib/drive_tb3/p5_c_camera_data_sub
-- Set runtime path of "/home/yusuf/ros2_ws/install/drive_tb3/lib/drive_tb3/p5_c_camera_data_sub" to ""
-- Installing: /home/yusuf/ros2_ws/install/drive_tb3/lib/drive_tb3/p5_d_line_following
-- Set runtime path of "/home/yusuf/ros2_ws/install/drive_tb3/lib/drive_tb3/p5_d_line_following" to ""
-- Installing: /home/yusuf/ros2_ws/install/drive_tb3/lib/drive_tb3/p6_a_occupancy_grid
-- Set runtime path of "/home/yusuf/ros2_ws/install/drive_tb3/lib/drive_tb3/p6_a_occupancy_grid" to ""
-- Installing: /home/yusuf/ros2_ws/install/drive_tb3/lib/drive_tb3/p6_b_sdf_spawner
-- Set runtime path of "/home/yusuf/ros2_ws/install/drive_tb3/lib/drive_tb3/p6_b_sdf_spawner" to ""
-- Installing: /home/yusuf/ros2_ws/install/drive_tb3/lib/drive_tb3/p6_c_commander_api_go_to_pose.py
-- Installing: /home/yusuf/ros2_ws/install/drive_tb3/share/drive_tb3//launch
-- Installing: /home/yusuf/ros2_ws/install/drive_tb3/share/drive_tb3//launch/p5_a_maze_solve.launch.py
-- Installing: /home/yusuf/ros2_ws/install/drive_tb3/share/drive_tb3//launch/p6_a_maze_mapping.launch.py
-- Installing: /home/yusuf/ros2_ws/install/drive_tb3/share/drive_tb3//launch/p2_c_drive_sqaure_multi_tb3.launch.py
-- Installing: /home/yusuf/ros2_ws/install/drive_tb3/share/drive_tb3//launch/p2_a_spawn_tb3.launch.py
-- Installing: /home/yusuf/ros2_ws/install/drive_tb3/share/drive_tb3//launch/p6_b_maze_navigation.launch.py
-- Installing: /home/yusuf/ros2_ws/install/drive_tb3/share/drive_tb3//launch/p2_b_multi_tb3.launch.py
-- Installing: /home/yusuf/ros2_ws/install/drive_tb3/share/drive_tb3//launch/p3_a_maths.launch.py
-- Installing: /home/yusuf/ros2_ws/install/drive_tb3/share/drive_tb3//launch/p5_b_line_following.launch.py
-- Installing: /home/yusuf/ros2_ws/install/drive_tb3/share/drive_tb3//worlds
-- Installing: /home/yusuf/ros2_ws/install/drive_tb3/share/drive_tb3//worlds/maze.world
-- Installing: /home/yusuf/ros2_ws/install/drive_tb3/share/drive_tb3//worlds/line_following.world
-- Installing: /home/yusuf/ros2_ws/install/drive_tb3/share/drive_tb3//models
-- Installing: /home/yusuf/ros2_ws/install/drive_tb3/share/drive_tb3//models/maze
-- Installing: /home/yusuf/ros2_ws/install/drive_tb3/share/drive_tb3//models/maze/model.sdf
-- Installing: /home/yusuf/ros2_ws/install/drive_tb3/share/drive_tb3//models/maze/model.config
-- Installing: /home/yusuf/ros2_ws/install/drive_tb3/share/drive_tb3//models/line_track
-- Installing: /home/yusuf/ros2_ws/install/drive_tb3/share/drive_tb3//models/line_track/model.sdf
-- Installing: /home/yusuf/ros2_ws/install/drive_tb3/share/drive_tb3//models/line_track/model.config
-- Installing: /home/yusuf/ros2_ws/install/drive_tb3/share/drive_tb3//models/meshes
-- Installing: /home/yusuf/ros2_ws/install/drive_tb3/share/drive_tb3//models/meshes/base.dae
-- Installing: /home/yusuf/ros2_ws/install/drive_tb3/share/drive_tb3//models/meshes/line.dae
-- Installing: /home/yusuf/ros2_ws/install/drive_tb3/share/drive_tb3//map
-- Installing: /home/yusuf/ros2_ws/install/drive_tb3/share/drive_tb3//map/maze_map.pgm
-- Installing: /home/yusuf/ros2_ws/install/drive_tb3/share/drive_tb3//map/maze_map.yaml
-- Installing: /home/yusuf/ros2_ws/install/drive_tb3/share/drive_tb3//config
-- Installing: /home/yusuf/ros2_ws/install/drive_tb3/share/drive_tb3//config/waffle_pi.yaml
-- Installing: /home/yusuf/ros2_ws/install/drive_tb3/share/drive_tb3//config/nav2.rviz
-- Installing: /home/yusuf/ros2_ws/install/drive_tb3/share/ament_index/resource_index/package_run_dependencies/drive_tb3
-- Installing: /home/yusuf/ros2_ws/install/drive_tb3/share/ament_index/resource_index/parent_prefix_path/drive_tb3
-- Installing: /home/yusuf/ros2_ws/install/drive_tb3/share/drive_tb3/environment/ament_prefix_path.sh
-- Installing: /home/yusuf/ros2_ws/install/drive_tb3/share/drive_tb3/environment/ament_prefix_path.dsv
-- Installing: /home/yusuf/ros2_ws/install/drive_tb3/share/drive_tb3/environment/path.sh
-- Installing: /home/yusuf/ros2_ws/install/drive_tb3/share/drive_tb3/environment/path.dsv
-- Installing: /home/yusuf/ros2_ws/install/drive_tb3/share/drive_tb3/local_setup.bash
-- Installing: /home/yusuf/ros2_ws/install/drive_tb3/share/drive_tb3/local_setup.sh
-- Installing: /home/yusuf/ros2_ws/install/drive_tb3/share/drive_tb3/local_setup.zsh
-- Installing: /home/yusuf/ros2_ws/install/drive_tb3/share/drive_tb3/local_setup.dsv
-- Installing: /home/yusuf/ros2_ws/install/drive_tb3/share/drive_tb3/package.dsv
-- Installing: /home/yusuf/ros2_ws/install/drive_tb3/share/ament_index/resource_index/packages/drive_tb3
-- Installing: /home/yusuf/ros2_ws/install/drive_tb3/share/drive_tb3/cmake/drive_tb3Config.cmake
-- Installing: /home/yusuf/ros2_ws/install/drive_tb3/share/drive_tb3/cmake/drive_tb3Config-version.cmake
-- Installing: /home/yusuf/ros2_ws/install/drive_tb3/share/drive_tb3/package.xml
