[1.907s] Invoking command in '/home/yusuf/ros2_ws/src/turtlebot3/turtlebot3_teleop': PYTHONPATH=/home/yusuf/ros2_ws/build/turtlebot3_teleop/prefix_override:/home/yusuf/ros2_ws/install/turtlebot3_teleop/lib/python3.10/site-packages:${PYTHONPATH} /usr/bin/python3 setup.py egg_info --egg-base ../../../build/turtlebot3_teleop build --build-base /home/yusuf/ros2_ws/build/turtlebot3_teleop/build install --record /home/yusuf/ros2_ws/build/turtlebot3_teleop/install.log --single-version-externally-managed
[2.358s] running egg_info
[2.360s] writing ../../../build/turtlebot3_teleop/turtlebot3_teleop.egg-info/PKG-INFO
[2.360s] writing dependency_links to ../../../build/turtlebot3_teleop/turtlebot3_teleop.egg-info/dependency_links.txt
[2.361s] writing entry points to ../../../build/turtlebot3_teleop/turtlebot3_teleop.egg-info/entry_points.txt
[2.361s] writing requirements to ../../../build/turtlebot3_teleop/turtlebot3_teleop.egg-info/requires.txt
[2.361s] writing top-level names to ../../../build/turtlebot3_teleop/turtlebot3_teleop.egg-info/top_level.txt
[2.366s] reading manifest file '../../../build/turtlebot3_teleop/turtlebot3_teleop.egg-info/SOURCES.txt'
[2.367s] writing manifest file '../../../build/turtlebot3_teleop/turtlebot3_teleop.egg-info/SOURCES.txt'
[2.368s] running build
[2.368s] running build_py
[2.369s] running install
[2.369s] /usr/lib/python3/dist-packages/setuptools/command/install.py:34: SetuptoolsDeprecationWarning: setup.py install is deprecated. Use build and pip and other standards-based tools.
[2.370s]   warnings.warn(
[2.372s] running install_lib
[2.372s] running install_data
[2.373s] running install_egg_info
[2.375s] removing '/home/yusuf/ros2_ws/install/turtlebot3_teleop/lib/python3.10/site-packages/turtlebot3_teleop-2.1.5-py3.10.egg-info' (and everything under it)
[2.376s] Copying ../../../build/turtlebot3_teleop/turtlebot3_teleop.egg-info to /home/yusuf/ros2_ws/install/turtlebot3_teleop/lib/python3.10/site-packages/turtlebot3_teleop-2.1.5-py3.10.egg-info
[2.377s] running install_scripts
[2.421s] Installing teleop_keyboard script to /home/yusuf/ros2_ws/install/turtlebot3_teleop/lib/turtlebot3_teleop
[2.422s] writing list of installed files to '/home/yusuf/ros2_ws/build/turtlebot3_teleop/install.log'
[2.939s] Invoked command in '/home/yusuf/ros2_ws/src/turtlebot3/turtlebot3_teleop' returned '0': PYTHONPATH=/home/yusuf/ros2_ws/build/turtlebot3_teleop/prefix_override:/home/yusuf/ros2_ws/install/turtlebot3_teleop/lib/python3.10/site-packages:${PYTHONPATH} /usr/bin/python3 setup.py egg_info --egg-base ../../../build/turtlebot3_teleop build --build-base /home/yusuf/ros2_ws/build/turtlebot3_teleop/build install --record /home/yusuf/ros2_ws/build/turtlebot3_teleop/install.log --single-version-externally-managed
