[0.299s] Invoking command in '/home/yusuf/ros2_ws/build/robot_cpp': CMAKE_PREFIX_PATH=${CMAKE_PREFIX_PATH}:/home/yusuf/ros2_ws/install/robot_python:/home/yusuf/ros2_learners/install/robot_math:/opt/ros/humble /usr/bin/cmake --build /home/yusuf/ros2_ws/build/robot_cpp -- -j8 -l8
[0.742s] Invoked command in '/home/yusuf/ros2_ws/build/robot_cpp' returned '0': CMAKE_PREFIX_PATH=${CMAKE_PREFIX_PATH}:/home/yusuf/ros2_ws/install/robot_python:/home/yusuf/ros2_learners/install/robot_math:/opt/ros/humble /usr/bin/cmake --build /home/yusuf/ros2_ws/build/robot_cpp -- -j8 -l8
[0.807s] Invoking command in '/home/yusuf/ros2_ws/build/robot_cpp': CMAKE_PREFIX_PATH=${CMAKE_PREFIX_PATH}:/home/yusuf/ros2_ws/install/robot_python:/home/yusuf/ros2_learners/install/robot_math:/opt/ros/humble /usr/bin/cmake --install /home/yusuf/ros2_ws/build/robot_cpp
[0.838s] -- Install configuration: ""
[0.840s] -- Up-to-date: /home/yusuf/ros2_ws/install/robot_cpp/share/ament_index/resource_index/package_run_dependencies/robot_cpp
[0.840s] -- Up-to-date: /home/yusuf/ros2_ws/install/robot_cpp/share/ament_index/resource_index/parent_prefix_path/robot_cpp
[0.841s] -- Up-to-date: /home/yusuf/ros2_ws/install/robot_cpp/share/robot_cpp/environment/ament_prefix_path.sh
[0.841s] -- Up-to-date: /home/yusuf/ros2_ws/install/robot_cpp/share/robot_cpp/environment/ament_prefix_path.dsv
[0.841s] -- Up-to-date: /home/yusuf/ros2_ws/install/robot_cpp/share/robot_cpp/environment/path.sh
[0.842s] -- Up-to-date: /home/yusuf/ros2_ws/install/robot_cpp/share/robot_cpp/environment/path.dsv
[0.842s] -- Up-to-date: /home/yusuf/ros2_ws/install/robot_cpp/share/robot_cpp/local_setup.bash
[0.843s] -- Up-to-date: /home/yusuf/ros2_ws/install/robot_cpp/share/robot_cpp/local_setup.sh
[0.843s] -- Up-to-date: /home/yusuf/ros2_ws/install/robot_cpp/share/robot_cpp/local_setup.zsh
[0.843s] -- Up-to-date: /home/yusuf/ros2_ws/install/robot_cpp/share/robot_cpp/local_setup.dsv
[0.844s] -- Installing: /home/yusuf/ros2_ws/install/robot_cpp/share/robot_cpp/package.dsv
[0.844s] -- Up-to-date: /home/yusuf/ros2_ws/install/robot_cpp/share/ament_index/resource_index/packages/robot_cpp
[0.844s] -- Up-to-date: /home/yusuf/ros2_ws/install/robot_cpp/share/robot_cpp/cmake/robot_cppConfig.cmake
[0.845s] -- Up-to-date: /home/yusuf/ros2_ws/install/robot_cpp/share/robot_cpp/cmake/robot_cppConfig-version.cmake
[0.845s] -- Up-to-date: /home/yusuf/ros2_ws/install/robot_cpp/share/robot_cpp/package.xml
[1.020s] Invoked command in '/home/yusuf/ros2_ws/build/robot_cpp' returned '0': CMAKE_PREFIX_PATH=${CMAKE_PREFIX_PATH}:/home/yusuf/ros2_ws/install/robot_python:/home/yusuf/ros2_learners/install/robot_math:/opt/ros/humble /usr/bin/cmake --install /home/yusuf/ros2_ws/build/robot_cpp
