[0.879s] Invoking command in '/home/yusuf/ros2_ws/src/build/turtlebot3_fake_node': CMAKE_PREFIX_PATH=${CMAKE_PREFIX_PATH}:/home/yusuf/ros2_ws/install/turtlebot3_teleop:/home/yusuf/ros2_ws/install/turtlebot3_example:/home/yusuf/ros2_ws/install/robot_python:/opt/ros/humble /usr/bin/cmake /home/yusuf/ros2_ws/src/turtlebot3_simulations/turtlebot3_fake_node -DCMAKE_INSTALL_PREFIX=/home/yusuf/ros2_ws/src/install/turtlebot3_fake_node
[1.013s] -- The C compiler identification is GNU 11.4.0
[1.154s] -- The CXX compiler identification is GNU 11.4.0
[1.169s] -- Detecting C compiler ABI info
[1.311s] -- Detecting C compiler ABI info - done
[1.343s] -- Check for working C compiler: /usr/bin/cc - skipped
[1.343s] -- Detecting C compile features
[1.344s] -- Detecting C compile features - done
[1.350s] -- Detecting CXX compiler ABI info
[1.578s] -- Detecting CXX compiler ABI info - done
[1.597s] -- Check for working CXX compiler: /usr/bin/c++ - skipped
[1.597s] -- Detecting CXX compile features
[1.599s] -- Detecting CXX compile features - done
[1.607s] -- Found ament_cmake: 1.3.6 (/opt/ros/humble/share/ament_cmake/cmake)
[2.042s] -- Found Python3: /usr/bin/python3.10 (found version "3.10.12") found components: Interpreter 
[2.294s] -- Found geometry_msgs: 4.2.3 (/opt/ros/humble/share/geometry_msgs/cmake)
[2.409s] -- Found rosidl_generator_c: 3.1.5 (/opt/ros/humble/share/rosidl_generator_c/cmake)
[2.430s] -- Found rosidl_adapter: 3.1.5 (/opt/ros/humble/share/rosidl_adapter/cmake)
[2.451s] -- Found rosidl_generator_cpp: 3.1.5 (/opt/ros/humble/share/rosidl_generator_cpp/cmake)
[2.493s] -- Using all available rosidl_typesupport_c: rosidl_typesupport_fastrtps_c;rosidl_typesupport_introspection_c
[2.551s] -- Using all available rosidl_typesupport_cpp: rosidl_typesupport_fastrtps_cpp;rosidl_typesupport_introspection_cpp
[2.891s] -- Found nav_msgs: 4.2.3 (/opt/ros/humble/share/nav_msgs/cmake)
[3.206s] -- Found rclcpp: 16.0.7 (/opt/ros/humble/share/rclcpp/cmake)
[3.419s] -- Found rmw_implementation_cmake: 6.1.1 (/opt/ros/humble/share/rmw_implementation_cmake/cmake)
[3.429s] -- Found rmw_fastrtps_cpp: 6.2.5 (/opt/ros/humble/share/rmw_fastrtps_cpp/cmake)
[3.723s] -- Found OpenSSL: /usr/lib/x86_64-linux-gnu/libcrypto.so (found version "3.0.2")  
[3.804s] -- Found FastRTPS: /opt/ros/humble/include  
[3.925s] -- Using RMW implementation 'rmw_fastrtps_cpp' as default
[3.966s] -- Looking for pthread.h
[4.129s] -- Looking for pthread.h - found
[4.130s] -- Performing Test CMAKE_HAVE_LIBC_PTHREAD
[4.383s] -- Performing Test CMAKE_HAVE_LIBC_PTHREAD - Success
[4.383s] -- Found Threads: TRUE  
[4.839s] -- Found sensor_msgs: 4.2.3 (/opt/ros/humble/share/sensor_msgs/cmake)
[5.189s] -- Found tf2: 0.25.5 (/opt/ros/humble/share/tf2/cmake)
[5.241s] -- Found tf2_msgs: 0.25.5 (/opt/ros/humble/share/tf2_msgs/cmake)
[5.877s] -- Found turtlebot3_msgs: 2.2.3 (/opt/ros/humble/share/turtlebot3_msgs/cmake)
[6.456s] -- Configuring done
[6.490s] -- Generating done
[6.495s] -- Build files have been written to: /home/yusuf/ros2_ws/src/build/turtlebot3_fake_node
[6.538s] Invoked command in '/home/yusuf/ros2_ws/src/build/turtlebot3_fake_node' returned '0': CMAKE_PREFIX_PATH=${CMAKE_PREFIX_PATH}:/home/yusuf/ros2_ws/install/turtlebot3_teleop:/home/yusuf/ros2_ws/install/turtlebot3_example:/home/yusuf/ros2_ws/install/robot_python:/opt/ros/humble /usr/bin/cmake /home/yusuf/ros2_ws/src/turtlebot3_simulations/turtlebot3_fake_node -DCMAKE_INSTALL_PREFIX=/home/yusuf/ros2_ws/src/install/turtlebot3_fake_node
[6.542s] Invoking command in '/home/yusuf/ros2_ws/src/build/turtlebot3_fake_node': CMAKE_PREFIX_PATH=${CMAKE_PREFIX_PATH}:/home/yusuf/ros2_ws/install/turtlebot3_teleop:/home/yusuf/ros2_ws/install/turtlebot3_example:/home/yusuf/ros2_ws/install/robot_python:/opt/ros/humble /usr/bin/cmake --build /home/yusuf/ros2_ws/src/build/turtlebot3_fake_node -- -j8 -l8
[6.782s] [ 50%] [32mBuilding CXX object CMakeFiles/turtlebot3_fake_node.dir/src/turtlebot3_fake_node.cpp.o[0m
