-- The C compiler identification is GNU 11.4.0
-- The CXX compiler identification is GNU 11.4.0
-- Detecting C compiler ABI info
-- Detecting C compiler ABI info - done
-- Check for working C compiler: /usr/bin/cc - skipped
-- Detecting C compile features
-- Detecting C compile features - done
-- Detecting CXX compiler ABI info
-- Detecting CXX compiler ABI info - done
-- Check for working CXX compiler: /usr/bin/c++ - skipped
-- Detecting CXX compile features
-- Detecting CXX compile features - done
-- Found ament_cmake: 1.3.6 (/opt/ros/humble/share/ament_cmake/cmake)
-- Found Python3: /usr/bin/python3.10 (found version "3.10.12") found components: Interpreter 
-- Found ament_lint_auto: 0.12.9 (/opt/ros/humble/share/ament_lint_auto/cmake)
-- Added test 'lint_cmake' to check CMake code style
-- Added test 'xmllint' to check XML markup files
-- Configuring done
-- Generating done
-- Build files have been written to: /home/yusuf/ros2_ws/build/navigation_
-- Install configuration: ""
-- Installing: /home/yusuf/ros2_ws/install/navigation_/share/ament_index/resource_index/package_run_dependencies/navigation_
-- Installing: /home/yusuf/ros2_ws/install/navigation_/share/ament_index/resource_index/parent_prefix_path/navigation_
-- Installing: /home/yusuf/ros2_ws/install/navigation_/share/navigation_/environment/ament_prefix_path.sh
-- Installing: /home/yusuf/ros2_ws/install/navigation_/share/navigation_/environment/ament_prefix_path.dsv
-- Installing: /home/yusuf/ros2_ws/install/navigation_/share/navigation_/environment/path.sh
-- Installing: /home/yusuf/ros2_ws/install/navigation_/share/navigation_/environment/path.dsv
-- Installing: /home/yusuf/ros2_ws/install/navigation_/share/navigation_/local_setup.bash
-- Installing: /home/yusuf/ros2_ws/install/navigation_/share/navigation_/local_setup.sh
-- Installing: /home/yusuf/ros2_ws/install/navigation_/share/navigation_/local_setup.zsh
-- Installing: /home/yusuf/ros2_ws/install/navigation_/share/navigation_/local_setup.dsv
-- Installing: /home/yusuf/ros2_ws/install/navigation_/share/navigation_/package.dsv
-- Installing: /home/yusuf/ros2_ws/install/navigation_/share/ament_index/resource_index/packages/navigation_
-- Installing: /home/yusuf/ros2_ws/install/navigation_/share/navigation_/cmake/navigation_Config.cmake
-- Installing: /home/yusuf/ros2_ws/install/navigation_/share/navigation_/cmake/navigation_Config-version.cmake
-- Installing: /home/yusuf/ros2_ws/install/navigation_/share/navigation_/package.xml
