[0.353s] Invoking command in '/home/yusuf/ros2_ws/build/navigation_': CMAKE_PREFIX_PATH=/opt/ros/humble /usr/bin/cmake /home/yusuf/ros2_ws/src/navigation_ -DCMAKE_INSTALL_PREFIX=/home/yusuf/ros2_ws/install/navigation_
[0.846s] -- The C compiler identification is GNU 11.4.0
[0.847s] -- The CXX compiler identification is GNU 11.4.0
[0.848s] -- Detecting C compiler ABI info
[0.848s] -- Detecting C compiler ABI info - done
[0.849s] -- Check for working C compiler: /usr/bin/cc - skipped
[0.849s] -- Detecting C compile features
[0.849s] -- Detecting C compile features - done
[0.850s] -- Detecting CXX compiler ABI info
[0.850s] -- Detecting CXX compiler ABI info - done
[0.850s] -- Check for working CXX compiler: /usr/bin/c++ - skipped
[0.850s] -- Detecting CXX compile features
[0.850s] -- Detecting CXX compile features - done
[0.852s] -- Found ament_cmake: 1.3.6 (/opt/ros/humble/share/ament_cmake/cmake)
[1.102s] -- Found Python3: /usr/bin/python3.10 (found version "3.10.12") found components: Interpreter 
[1.229s] -- Found ament_lint_auto: 0.12.9 (/opt/ros/humble/share/ament_lint_auto/cmake)
[1.351s] -- Added test 'lint_cmake' to check CMake code style
[1.352s] -- Added test 'xmllint' to check XML markup files
[1.354s] -- Configuring done
[1.359s] -- Generating done
[1.361s] -- Build files have been written to: /home/yusuf/ros2_ws/build/navigation_
[1.555s] Invoked command in '/home/yusuf/ros2_ws/build/navigation_' returned '0': CMAKE_PREFIX_PATH=/opt/ros/humble /usr/bin/cmake /home/yusuf/ros2_ws/src/navigation_ -DCMAKE_INSTALL_PREFIX=/home/yusuf/ros2_ws/install/navigation_
[1.557s] Invoking command in '/home/yusuf/ros2_ws/build/navigation_': CMAKE_PREFIX_PATH=/opt/ros/humble /usr/bin/cmake --build /home/yusuf/ros2_ws/build/navigation_ -- -j8 -l8
[1.995s] Invoked command in '/home/yusuf/ros2_ws/build/navigation_' returned '0': CMAKE_PREFIX_PATH=/opt/ros/humble /usr/bin/cmake --build /home/yusuf/ros2_ws/build/navigation_ -- -j8 -l8
[2.123s] Invoking command in '/home/yusuf/ros2_ws/build/navigation_': CMAKE_PREFIX_PATH=/opt/ros/humble /usr/bin/cmake --install /home/yusuf/ros2_ws/build/navigation_
[2.195s] -- Install configuration: ""
[2.195s] -- Installing: /home/yusuf/ros2_ws/install/navigation_/share/ament_index/resource_index/package_run_dependencies/navigation_
[2.196s] -- Installing: /home/yusuf/ros2_ws/install/navigation_/share/ament_index/resource_index/parent_prefix_path/navigation_
[2.196s] -- Installing: /home/yusuf/ros2_ws/install/navigation_/share/navigation_/environment/ament_prefix_path.sh
[2.196s] -- Installing: /home/yusuf/ros2_ws/install/navigation_/share/navigation_/environment/ament_prefix_path.dsv
[2.197s] -- Installing: /home/yusuf/ros2_ws/install/navigation_/share/navigation_/environment/path.sh
[2.197s] -- Installing: /home/yusuf/ros2_ws/install/navigation_/share/navigation_/environment/path.dsv
[2.197s] -- Installing: /home/yusuf/ros2_ws/install/navigation_/share/navigation_/local_setup.bash
[2.198s] -- Installing: /home/yusuf/ros2_ws/install/navigation_/share/navigation_/local_setup.sh
[2.198s] -- Installing: /home/yusuf/ros2_ws/install/navigation_/share/navigation_/local_setup.zsh
[2.198s] -- Installing: /home/yusuf/ros2_ws/install/navigation_/share/navigation_/local_setup.dsv
[2.198s] -- Installing: /home/yusuf/ros2_ws/install/navigation_/share/navigation_/package.dsv
[2.199s] -- Installing: /home/yusuf/ros2_ws/install/navigation_/share/ament_index/resource_index/packages/navigation_
[2.199s] -- Installing: /home/yusuf/ros2_ws/install/navigation_/share/navigation_/cmake/navigation_Config.cmake
[2.199s] -- Installing: /home/yusuf/ros2_ws/install/navigation_/share/navigation_/cmake/navigation_Config-version.cmake
[2.199s] -- Installing: /home/yusuf/ros2_ws/install/navigation_/share/navigation_/package.xml
[2.200s] Invoked command in '/home/yusuf/ros2_ws/build/navigation_' returned '0': CMAKE_PREFIX_PATH=/opt/ros/humble /usr/bin/cmake --install /home/yusuf/ros2_ws/build/navigation_
