[1.725s] Invoking command in '/home/yusuf/ros2_ws/src/robot_python': PYTHONPATH=/home/yusuf/ros2_ws/build/robot_python/prefix_override:/home/yusuf/ros2_ws/install/robot_python/lib/python3.10/site-packages:${PYTHONPATH} /usr/bin/python3 setup.py egg_info --egg-base ../../build/robot_python build --build-base /home/yusuf/ros2_ws/build/robot_python/build install --record /home/yusuf/ros2_ws/build/robot_python/install.log --single-version-externally-managed
[2.063s] running egg_info
[2.064s] writing ../../build/robot_python/robot_python.egg-info/PKG-INFO
[2.065s] writing dependency_links to ../../build/robot_python/robot_python.egg-info/dependency_links.txt
[2.066s] writing entry points to ../../build/robot_python/robot_python.egg-info/entry_points.txt
[2.066s] writing requirements to ../../build/robot_python/robot_python.egg-info/requires.txt
[2.066s] writing top-level names to ../../build/robot_python/robot_python.egg-info/top_level.txt
[2.068s] reading manifest file '../../build/robot_python/robot_python.egg-info/SOURCES.txt'
[2.070s] writing manifest file '../../build/robot_python/robot_python.egg-info/SOURCES.txt'
[2.070s] running build
[2.070s] running build_py
[2.070s] running install
[2.071s] /usr/lib/python3/dist-packages/setuptools/command/install.py:34: SetuptoolsDeprecationWarning: setup.py install is deprecated. Use build and pip and other standards-based tools.
[2.071s]   warnings.warn(
[2.071s] running install_lib
[2.072s] running install_data
[2.073s] running install_egg_info
[2.075s] removing '/home/yusuf/ros2_ws/install/robot_python/lib/python3.10/site-packages/robot_python-0.0.0-py3.10.egg-info' (and everything under it)
[2.075s] Copying ../../build/robot_python/robot_python.egg-info to /home/yusuf/ros2_ws/install/robot_python/lib/python3.10/site-packages/robot_python-0.0.0-py3.10.egg-info
[2.076s] running install_scripts
[2.103s] Installing my_publisher script to /home/yusuf/ros2_ws/install/robot_python/lib/robot_python
[2.104s] Installing my_service script to /home/yusuf/ros2_ws/install/robot_python/lib/robot_python
[2.104s] Installing my_subscriber script to /home/yusuf/ros2_ws/install/robot_python/lib/robot_python
[2.104s] Installing my_subtest script to /home/yusuf/ros2_ws/install/robot_python/lib/robot_python
[2.104s] Installing test_node script to /home/yusuf/ros2_ws/install/robot_python/lib/robot_python
[2.105s] Installing turtlesim_go script to /home/yusuf/ros2_ws/install/robot_python/lib/robot_python
[2.105s] writing list of installed files to '/home/yusuf/ros2_ws/build/robot_python/install.log'
[2.133s] Invoked command in '/home/yusuf/ros2_ws/src/robot_python' returned '0': PYTHONPATH=/home/yusuf/ros2_ws/build/robot_python/prefix_override:/home/yusuf/ros2_ws/install/robot_python/lib/python3.10/site-packages:${PYTHONPATH} /usr/bin/python3 setup.py egg_info --egg-base ../../build/robot_python build --build-base /home/yusuf/ros2_ws/build/robot_python/build install --record /home/yusuf/ros2_ws/build/robot_python/install.log --single-version-externally-managed
