[0.586s] Invoking command in '/home/yusuf/ros2_ws/build/turtlebot3_node': CMAKE_PREFIX_PATH=${CMAKE_PREFIX_PATH}:/home/yusuf/ros2_ws/install/turtlebot3_teleop:/home/yusuf/ros2_ws/install/turtlebot3_example:/home/yusuf/ros2_ws/install/robot_python:/opt/ros/humble /usr/bin/cmake --build /home/yusuf/ros2_ws/build/turtlebot3_node -- -j8 -l8
[0.980s] [ 85%] Built target turtlebot3_node_lib
[0.982s] [100%] Built target turtlebot3_ros
[1.389s] Invoked command in '/home/yusuf/ros2_ws/build/turtlebot3_node' returned '0': CMAKE_PREFIX_PATH=${CMAKE_PREFIX_PATH}:/home/yusuf/ros2_ws/install/turtlebot3_teleop:/home/yusuf/ros2_ws/install/turtlebot3_example:/home/yusuf/ros2_ws/install/robot_python:/opt/ros/humble /usr/bin/cmake --build /home/yusuf/ros2_ws/build/turtlebot3_node -- -j8 -l8
[1.913s] Invoking command in '/home/yusuf/ros2_ws/build/turtlebot3_node': CMAKE_PREFIX_PATH=${CMAKE_PREFIX_PATH}:/home/yusuf/ros2_ws/install/turtlebot3_teleop:/home/yusuf/ros2_ws/install/turtlebot3_example:/home/yusuf/ros2_ws/install/robot_python:/opt/ros/humble /usr/bin/cmake --install /home/yusuf/ros2_ws/build/turtlebot3_node
[2.090s] -- Install configuration: ""
[2.090s] -- Up-to-date: /home/yusuf/ros2_ws/install/turtlebot3_node/share/turtlebot3_node/param
[2.090s] -- Up-to-date: /home/yusuf/ros2_ws/install/turtlebot3_node/share/turtlebot3_node/param/waffle.yaml
[2.091s] -- Up-to-date: /home/yusuf/ros2_ws/install/turtlebot3_node/share/turtlebot3_node/param/waffle_pi.yaml
[2.091s] -- Up-to-date: /home/yusuf/ros2_ws/install/turtlebot3_node/share/turtlebot3_node/param/burger.yaml
[2.091s] -- Up-to-date: /home/yusuf/ros2_ws/install/turtlebot3_node/lib/turtlebot3_node/turtlebot3_ros
[2.091s] -- Up-to-date: /home/yusuf/ros2_ws/install/turtlebot3_node/share/ament_index/resource_index/package_run_dependencies/turtlebot3_node
[2.092s] -- Up-to-date: /home/yusuf/ros2_ws/install/turtlebot3_node/share/ament_index/resource_index/parent_prefix_path/turtlebot3_node
[2.092s] -- Up-to-date: /home/yusuf/ros2_ws/install/turtlebot3_node/share/turtlebot3_node/environment/ament_prefix_path.sh
[2.092s] -- Up-to-date: /home/yusuf/ros2_ws/install/turtlebot3_node/share/turtlebot3_node/environment/ament_prefix_path.dsv
[2.092s] -- Up-to-date: /home/yusuf/ros2_ws/install/turtlebot3_node/share/turtlebot3_node/environment/path.sh
[2.093s] -- Up-to-date: /home/yusuf/ros2_ws/install/turtlebot3_node/share/turtlebot3_node/environment/path.dsv
[2.093s] -- Up-to-date: /home/yusuf/ros2_ws/install/turtlebot3_node/share/turtlebot3_node/local_setup.bash
[2.093s] -- Up-to-date: /home/yusuf/ros2_ws/install/turtlebot3_node/share/turtlebot3_node/local_setup.sh
[2.093s] -- Up-to-date: /home/yusuf/ros2_ws/install/turtlebot3_node/share/turtlebot3_node/local_setup.zsh
[2.093s] -- Up-to-date: /home/yusuf/ros2_ws/install/turtlebot3_node/share/turtlebot3_node/local_setup.dsv
[2.093s] -- Installing: /home/yusuf/ros2_ws/install/turtlebot3_node/share/turtlebot3_node/package.dsv
[2.094s] -- Up-to-date: /home/yusuf/ros2_ws/install/turtlebot3_node/share/ament_index/resource_index/packages/turtlebot3_node
[2.094s] -- Up-to-date: /home/yusuf/ros2_ws/install/turtlebot3_node/share/turtlebot3_node/cmake/ament_cmake_export_include_directories-extras.cmake
[2.094s] -- Up-to-date: /home/yusuf/ros2_ws/install/turtlebot3_node/share/turtlebot3_node/cmake/turtlebot3_nodeConfig.cmake
[2.094s] -- Up-to-date: /home/yusuf/ros2_ws/install/turtlebot3_node/share/turtlebot3_node/cmake/turtlebot3_nodeConfig-version.cmake
[2.094s] -- Up-to-date: /home/yusuf/ros2_ws/install/turtlebot3_node/share/turtlebot3_node/package.xml
[2.704s] Invoked command in '/home/yusuf/ros2_ws/build/turtlebot3_node' returned '0': CMAKE_PREFIX_PATH=${CMAKE_PREFIX_PATH}:/home/yusuf/ros2_ws/install/turtlebot3_teleop:/home/yusuf/ros2_ws/install/turtlebot3_example:/home/yusuf/ros2_ws/install/robot_python:/opt/ros/humble /usr/bin/cmake --install /home/yusuf/ros2_ws/build/turtlebot3_node
