[1.028s] Invoking command in '/home/yusuf/ros2_ws/build/my_cpp_py_pkg': CMAKE_PREFIX_PATH=${CMAKE_PREFIX_PATH}:/home/yusuf/ros2_ws/install/robot_python:/home/yusuf/ros2_learners/install/robot_math:/opt/ros/humble /usr/bin/cmake --build /home/yusuf/ros2_ws/build/my_cpp_py_pkg -- -j8 -l8
[2.014s] Invoked command in '/home/yusuf/ros2_ws/build/my_cpp_py_pkg' returned '0': CMAKE_PREFIX_PATH=${CMAKE_PREFIX_PATH}:/home/yusuf/ros2_ws/install/robot_python:/home/yusuf/ros2_learners/install/robot_math:/opt/ros/humble /usr/bin/cmake --build /home/yusuf/ros2_ws/build/my_cpp_py_pkg -- -j8 -l8
[2.136s] Invoking command in '/home/yusuf/ros2_ws/build/my_cpp_py_pkg': CMAKE_PREFIX_PATH=${CMAKE_PREFIX_PATH}:/home/yusuf/ros2_ws/install/robot_python:/home/yusuf/ros2_learners/install/robot_math:/opt/ros/humble /usr/bin/cmake --install /home/yusuf/ros2_ws/build/my_cpp_py_pkg
[2.178s] -- Install configuration: ""
[2.179s] -- Up-to-date: /home/yusuf/ros2_ws/install/my_cpp_py_pkg/share/ament_index/resource_index/package_run_dependencies/my_cpp_py_pkg
[2.179s] -- Up-to-date: /home/yusuf/ros2_ws/install/my_cpp_py_pkg/share/ament_index/resource_index/parent_prefix_path/my_cpp_py_pkg
[2.180s] -- Up-to-date: /home/yusuf/ros2_ws/install/my_cpp_py_pkg/share/my_cpp_py_pkg/environment/ament_prefix_path.sh
[2.180s] -- Up-to-date: /home/yusuf/ros2_ws/install/my_cpp_py_pkg/share/my_cpp_py_pkg/environment/ament_prefix_path.dsv
[2.181s] -- Up-to-date: /home/yusuf/ros2_ws/install/my_cpp_py_pkg/share/my_cpp_py_pkg/environment/path.sh
[2.181s] -- Up-to-date: /home/yusuf/ros2_ws/install/my_cpp_py_pkg/share/my_cpp_py_pkg/environment/path.dsv
[2.181s] -- Up-to-date: /home/yusuf/ros2_ws/install/my_cpp_py_pkg/share/my_cpp_py_pkg/local_setup.bash
[2.182s] -- Up-to-date: /home/yusuf/ros2_ws/install/my_cpp_py_pkg/share/my_cpp_py_pkg/local_setup.sh
[2.182s] -- Up-to-date: /home/yusuf/ros2_ws/install/my_cpp_py_pkg/share/my_cpp_py_pkg/local_setup.zsh
[2.182s] -- Up-to-date: /home/yusuf/ros2_ws/install/my_cpp_py_pkg/share/my_cpp_py_pkg/local_setup.dsv
[2.182s] -- Installing: /home/yusuf/ros2_ws/install/my_cpp_py_pkg/share/my_cpp_py_pkg/package.dsv
[2.183s] -- Up-to-date: /home/yusuf/ros2_ws/install/my_cpp_py_pkg/share/ament_index/resource_index/packages/my_cpp_py_pkg
[2.183s] -- Up-to-date: /home/yusuf/ros2_ws/install/my_cpp_py_pkg/share/my_cpp_py_pkg/cmake/my_cpp_py_pkgConfig.cmake
[2.183s] -- Up-to-date: /home/yusuf/ros2_ws/install/my_cpp_py_pkg/share/my_cpp_py_pkg/cmake/my_cpp_py_pkgConfig-version.cmake
[2.184s] -- Up-to-date: /home/yusuf/ros2_ws/install/my_cpp_py_pkg/share/my_cpp_py_pkg/package.xml
[2.739s] Invoked command in '/home/yusuf/ros2_ws/build/my_cpp_py_pkg' returned '0': CMAKE_PREFIX_PATH=${CMAKE_PREFIX_PATH}:/home/yusuf/ros2_ws/install/robot_python:/home/yusuf/ros2_learners/install/robot_math:/opt/ros/humble /usr/bin/cmake --install /home/yusuf/ros2_ws/build/my_cpp_py_pkg
