[0.430s] Invoking command in '/home/yusuf/ros2_ws/build/drive_tb3': CMAKE_PREFIX_PATH=${CMAKE_PREFIX_PATH}:/home/yusuf/ros2_ws/install/robot_python:/opt/ros/humble /usr/bin/cmake --build /home/yusuf/ros2_ws/build/drive_tb3 -- -j8 -l8
[0.676s] [  9%] Built target p3_c_linear_goal
[0.689s] [ 18%] Built target p2_multi_tb3_sqaure_drive
[0.690s] [ 27%] Built target p3_a_acceleration
[0.693s] [ 45%] Built target p3_b_angular_velocity
[0.694s] [ 45%] Built target p3_d_xy_goal
[0.702s] [ 54%] Built target p5_a_lidar_data_sub
[0.703s] [ 63%] Built target p5_b_maze_solving
[0.714s] [ 72%] Built target p5_c_camera_data_sub
[0.755s] [ 81%] Built target p5_d_line_following
[0.757s] [ 90%] Built target p6_a_occupancy_grid
[0.764s] [100%] Built target p6_b_sdf_spawner
[0.851s] Invoked command in '/home/yusuf/ros2_ws/build/drive_tb3' returned '0': CMAKE_PREFIX_PATH=${CMAKE_PREFIX_PATH}:/home/yusuf/ros2_ws/install/robot_python:/opt/ros/humble /usr/bin/cmake --build /home/yusuf/ros2_ws/build/drive_tb3 -- -j8 -l8
[1.215s] Invoking command in '/home/yusuf/ros2_ws/build/drive_tb3': CMAKE_PREFIX_PATH=${CMAKE_PREFIX_PATH}:/home/yusuf/ros2_ws/install/robot_python:/opt/ros/humble /usr/bin/cmake --install /home/yusuf/ros2_ws/build/drive_tb3
[1.360s] -- Install configuration: ""
[1.360s] -- Up-to-date: /home/yusuf/ros2_ws/install/drive_tb3/lib/drive_tb3/p2_multi_tb3_sqaure_drive
[1.360s] -- Up-to-date: /home/yusuf/ros2_ws/install/drive_tb3/lib/drive_tb3/p3_a_acceleration
[1.361s] -- Up-to-date: /home/yusuf/ros2_ws/install/drive_tb3/lib/drive_tb3/p3_b_angular_velocity
[1.362s] -- Up-to-date: /home/yusuf/ros2_ws/install/drive_tb3/lib/drive_tb3/p3_c_linear_goal
[1.362s] -- Up-to-date: /home/yusuf/ros2_ws/install/drive_tb3/lib/drive_tb3/p3_d_xy_goal
[1.363s] -- Up-to-date: /home/yusuf/ros2_ws/install/drive_tb3/lib/drive_tb3/p5_a_lidar_data_sub
[1.363s] -- Up-to-date: /home/yusuf/ros2_ws/install/drive_tb3/lib/drive_tb3/p5_b_maze_solving
[1.363s] -- Up-to-date: /home/yusuf/ros2_ws/install/drive_tb3/lib/drive_tb3/p5_c_camera_data_sub
[1.364s] -- Up-to-date: /home/yusuf/ros2_ws/install/drive_tb3/lib/drive_tb3/p5_d_line_following
[1.364s] -- Up-to-date: /home/yusuf/ros2_ws/install/drive_tb3/lib/drive_tb3/p6_a_occupancy_grid
[1.364s] -- Up-to-date: /home/yusuf/ros2_ws/install/drive_tb3/lib/drive_tb3/p6_b_sdf_spawner
[1.365s] -- Up-to-date: /home/yusuf/ros2_ws/install/drive_tb3/lib/drive_tb3/p6_c_commander_api_go_to_pose.py
[1.365s] -- Up-to-date: /home/yusuf/ros2_ws/install/drive_tb3/share/drive_tb3//launch
[1.365s] -- Up-to-date: /home/yusuf/ros2_ws/install/drive_tb3/share/drive_tb3//launch/p5_a_maze_solve.launch.py
[1.366s] -- Up-to-date: /home/yusuf/ros2_ws/install/drive_tb3/share/drive_tb3//launch/p6_a_maze_mapping.launch.py
[1.366s] -- Up-to-date: /home/yusuf/ros2_ws/install/drive_tb3/share/drive_tb3//launch/p2_c_drive_sqaure_multi_tb3.launch.py
[1.366s] -- Up-to-date: /home/yusuf/ros2_ws/install/drive_tb3/share/drive_tb3//launch/p2_a_spawn_tb3.launch.py
[1.366s] -- Up-to-date: /home/yusuf/ros2_ws/install/drive_tb3/share/drive_tb3//launch/p6_b_maze_navigation.launch.py
[1.366s] -- Up-to-date: /home/yusuf/ros2_ws/install/drive_tb3/share/drive_tb3//launch/p2_b_multi_tb3.launch.py
[1.367s] -- Up-to-date: /home/yusuf/ros2_ws/install/drive_tb3/share/drive_tb3//launch/p3_a_maths.launch.py
[1.367s] -- Up-to-date: /home/yusuf/ros2_ws/install/drive_tb3/share/drive_tb3//launch/p5_b_line_following.launch.py
[1.367s] -- Up-to-date: /home/yusuf/ros2_ws/install/drive_tb3/share/drive_tb3//worlds
[1.367s] -- Up-to-date: /home/yusuf/ros2_ws/install/drive_tb3/share/drive_tb3//worlds/maze.world
[1.368s] -- Up-to-date: /home/yusuf/ros2_ws/install/drive_tb3/share/drive_tb3//worlds/line_following.world
[1.368s] -- Up-to-date: /home/yusuf/ros2_ws/install/drive_tb3/share/drive_tb3//models
[1.368s] -- Up-to-date: /home/yusuf/ros2_ws/install/drive_tb3/share/drive_tb3//models/maze
[1.368s] -- Up-to-date: /home/yusuf/ros2_ws/install/drive_tb3/share/drive_tb3//models/maze/model.sdf
[1.368s] -- Up-to-date: /home/yusuf/ros2_ws/install/drive_tb3/share/drive_tb3//models/maze/model.config
[1.369s] -- Up-to-date: /home/yusuf/ros2_ws/install/drive_tb3/share/drive_tb3//models/line_track
[1.369s] -- Up-to-date: /home/yusuf/ros2_ws/install/drive_tb3/share/drive_tb3//models/line_track/model.sdf
[1.369s] -- Up-to-date: /home/yusuf/ros2_ws/install/drive_tb3/share/drive_tb3//models/line_track/model.config
[1.370s] -- Up-to-date: /home/yusuf/ros2_ws/install/drive_tb3/share/drive_tb3//models/meshes
[1.370s] -- Up-to-date: /home/yusuf/ros2_ws/install/drive_tb3/share/drive_tb3//models/meshes/base.dae
[1.370s] -- Up-to-date: /home/yusuf/ros2_ws/install/drive_tb3/share/drive_tb3//models/meshes/line.dae
[1.371s] -- Up-to-date: /home/yusuf/ros2_ws/install/drive_tb3/share/drive_tb3//map
[1.371s] -- Up-to-date: /home/yusuf/ros2_ws/install/drive_tb3/share/drive_tb3//map/maze_map.pgm
[1.371s] -- Up-to-date: /home/yusuf/ros2_ws/install/drive_tb3/share/drive_tb3//map/maze_map.yaml
[1.372s] -- Up-to-date: /home/yusuf/ros2_ws/install/drive_tb3/share/drive_tb3//config
[1.372s] -- Up-to-date: /home/yusuf/ros2_ws/install/drive_tb3/share/drive_tb3//config/waffle_pi.yaml
[1.372s] -- Up-to-date: /home/yusuf/ros2_ws/install/drive_tb3/share/drive_tb3//config/nav2.rviz
[1.373s] -- Up-to-date: /home/yusuf/ros2_ws/install/drive_tb3/share/ament_index/resource_index/package_run_dependencies/drive_tb3
[1.373s] -- Up-to-date: /home/yusuf/ros2_ws/install/drive_tb3/share/ament_index/resource_index/parent_prefix_path/drive_tb3
[1.373s] -- Up-to-date: /home/yusuf/ros2_ws/install/drive_tb3/share/drive_tb3/environment/ament_prefix_path.sh
[1.374s] -- Up-to-date: /home/yusuf/ros2_ws/install/drive_tb3/share/drive_tb3/environment/ament_prefix_path.dsv
[1.374s] -- Up-to-date: /home/yusuf/ros2_ws/install/drive_tb3/share/drive_tb3/environment/path.sh
[1.375s] -- Up-to-date: /home/yusuf/ros2_ws/install/drive_tb3/share/drive_tb3/environment/path.dsv
[1.375s] -- Up-to-date: /home/yusuf/ros2_ws/install/drive_tb3/share/drive_tb3/local_setup.bash
[1.375s] -- Up-to-date: /home/yusuf/ros2_ws/install/drive_tb3/share/drive_tb3/local_setup.sh
[1.376s] -- Up-to-date: /home/yusuf/ros2_ws/install/drive_tb3/share/drive_tb3/local_setup.zsh
[1.376s] -- Up-to-date: /home/yusuf/ros2_ws/install/drive_tb3/share/drive_tb3/local_setup.dsv
[1.376s] -- Installing: /home/yusuf/ros2_ws/install/drive_tb3/share/drive_tb3/package.dsv
[1.377s] -- Up-to-date: /home/yusuf/ros2_ws/install/drive_tb3/share/ament_index/resource_index/packages/drive_tb3
[1.377s] -- Up-to-date: /home/yusuf/ros2_ws/install/drive_tb3/share/drive_tb3/cmake/drive_tb3Config.cmake
[1.377s] -- Up-to-date: /home/yusuf/ros2_ws/install/drive_tb3/share/drive_tb3/cmake/drive_tb3Config-version.cmake
[1.377s] -- Up-to-date: /home/yusuf/ros2_ws/install/drive_tb3/share/drive_tb3/package.xml
[1.514s] Invoked command in '/home/yusuf/ros2_ws/build/drive_tb3' returned '0': CMAKE_PREFIX_PATH=${CMAKE_PREFIX_PATH}:/home/yusuf/ros2_ws/install/robot_python:/opt/ros/humble /usr/bin/cmake --install /home/yusuf/ros2_ws/build/drive_tb3
