[0.608s] Invoking command in '/home/yusuf/ros2_ws/src/build/my_cpp_py_pkg': CMAKE_PREFIX_PATH=${CMAKE_PREFIX_PATH}:/home/yusuf/ros2_ws/install/turtlebot3_teleop:/home/yusuf/ros2_ws/install/turtlebot3_example:/home/yusuf/ros2_ws/install/robot_python:/opt/ros/humble /usr/bin/cmake /home/yusuf/ros2_ws/src/my_cpp_py_pkg -DCMAKE_INSTALL_PREFIX=/home/yusuf/ros2_ws/src/install/my_cpp_py_pkg
[0.790s] -- The C compiler identification is GNU 11.4.0
[0.951s] -- The CXX compiler identification is GNU 11.4.0
[0.974s] -- Detecting C compiler ABI info
[1.140s] -- Detecting C compiler ABI info - done
[1.168s] -- Check for working C compiler: /usr/bin/cc - skipped
[1.169s] -- Detecting C compile features
[1.169s] -- Detecting C compile features - done
[1.177s] -- Detecting CXX compiler ABI info
[1.459s] -- Detecting CXX compiler ABI info - done
[1.527s] -- Check for working CXX compiler: /usr/bin/c++ - skipped
[1.529s] -- Detecting CXX compile features
[1.532s] -- Detecting CXX compile features - done
[1.561s] -- Found ament_cmake: 1.3.6 (/opt/ros/humble/share/ament_cmake/cmake)
[2.267s] -- Found Python3: /usr/bin/python3.10 (found version "3.10.12") found components: Interpreter 
[2.588s] -- Found ament_lint_auto: 0.12.9 (/opt/ros/humble/share/ament_lint_auto/cmake)
[2.865s] -- Added test 'lint_cmake' to check CMake code style
[2.870s] -- Added test 'xmllint' to check XML markup files
[2.880s] -- Configuring done
[2.903s] -- Generating done
[2.913s] -- Build files have been written to: /home/yusuf/ros2_ws/src/build/my_cpp_py_pkg
[2.927s] Invoked command in '/home/yusuf/ros2_ws/src/build/my_cpp_py_pkg' returned '0': CMAKE_PREFIX_PATH=${CMAKE_PREFIX_PATH}:/home/yusuf/ros2_ws/install/turtlebot3_teleop:/home/yusuf/ros2_ws/install/turtlebot3_example:/home/yusuf/ros2_ws/install/robot_python:/opt/ros/humble /usr/bin/cmake /home/yusuf/ros2_ws/src/my_cpp_py_pkg -DCMAKE_INSTALL_PREFIX=/home/yusuf/ros2_ws/src/install/my_cpp_py_pkg
[2.928s] Invoking command in '/home/yusuf/ros2_ws/src/build/my_cpp_py_pkg': CMAKE_PREFIX_PATH=${CMAKE_PREFIX_PATH}:/home/yusuf/ros2_ws/install/turtlebot3_teleop:/home/yusuf/ros2_ws/install/turtlebot3_example:/home/yusuf/ros2_ws/install/robot_python:/opt/ros/humble /usr/bin/cmake --build /home/yusuf/ros2_ws/src/build/my_cpp_py_pkg -- -j8 -l8
[3.337s] Invoked command in '/home/yusuf/ros2_ws/src/build/my_cpp_py_pkg' returned '0': CMAKE_PREFIX_PATH=${CMAKE_PREFIX_PATH}:/home/yusuf/ros2_ws/install/turtlebot3_teleop:/home/yusuf/ros2_ws/install/turtlebot3_example:/home/yusuf/ros2_ws/install/robot_python:/opt/ros/humble /usr/bin/cmake --build /home/yusuf/ros2_ws/src/build/my_cpp_py_pkg -- -j8 -l8
[3.536s] Invoking command in '/home/yusuf/ros2_ws/src/build/my_cpp_py_pkg': CMAKE_PREFIX_PATH=${CMAKE_PREFIX_PATH}:/home/yusuf/ros2_ws/install/turtlebot3_teleop:/home/yusuf/ros2_ws/install/turtlebot3_example:/home/yusuf/ros2_ws/install/robot_python:/opt/ros/humble /usr/bin/cmake --install /home/yusuf/ros2_ws/src/build/my_cpp_py_pkg
[9.866s] -- Install configuration: ""
[9.868s] -- Installing: /home/yusuf/ros2_ws/src/install/my_cpp_py_pkg/share/ament_index/resource_index/package_run_dependencies/my_cpp_py_pkg
[9.869s] -- Installing: /home/yusuf/ros2_ws/src/install/my_cpp_py_pkg/share/ament_index/resource_index/parent_prefix_path/my_cpp_py_pkg
[9.869s] -- Installing: /home/yusuf/ros2_ws/src/install/my_cpp_py_pkg/share/my_cpp_py_pkg/environment/ament_prefix_path.sh
[9.870s] -- Installing: /home/yusuf/ros2_ws/src/install/my_cpp_py_pkg/share/my_cpp_py_pkg/environment/ament_prefix_path.dsv
[9.870s] -- Installing: /home/yusuf/ros2_ws/src/install/my_cpp_py_pkg/share/my_cpp_py_pkg/environment/path.sh
[9.870s] -- Installing: /home/yusuf/ros2_ws/src/install/my_cpp_py_pkg/share/my_cpp_py_pkg/environment/path.dsv
[9.871s] -- Installing: /home/yusuf/ros2_ws/src/install/my_cpp_py_pkg/share/my_cpp_py_pkg/local_setup.bash
[9.871s] -- Installing: /home/yusuf/ros2_ws/src/install/my_cpp_py_pkg/share/my_cpp_py_pkg/local_setup.sh
[9.872s] -- Installing: /home/yusuf/ros2_ws/src/install/my_cpp_py_pkg/share/my_cpp_py_pkg/local_setup.zsh
[9.872s] -- Installing: /home/yusuf/ros2_ws/src/install/my_cpp_py_pkg/share/my_cpp_py_pkg/local_setup.dsv
[9.873s] -- Installing: /home/yusuf/ros2_ws/src/install/my_cpp_py_pkg/share/my_cpp_py_pkg/package.dsv
[9.873s] -- Installing: /home/yusuf/ros2_ws/src/install/my_cpp_py_pkg/share/ament_index/resource_index/packages/my_cpp_py_pkg
[9.873s] -- Installing: /home/yusuf/ros2_ws/src/install/my_cpp_py_pkg/share/my_cpp_py_pkg/cmake/my_cpp_py_pkgConfig.cmake
[9.874s] -- Installing: /home/yusuf/ros2_ws/src/install/my_cpp_py_pkg/share/my_cpp_py_pkg/cmake/my_cpp_py_pkgConfig-version.cmake
[9.874s] -- Installing: /home/yusuf/ros2_ws/src/install/my_cpp_py_pkg/share/my_cpp_py_pkg/package.xml
[9.919s] Invoked command in '/home/yusuf/ros2_ws/src/build/my_cpp_py_pkg' returned '0': CMAKE_PREFIX_PATH=${CMAKE_PREFIX_PATH}:/home/yusuf/ros2_ws/install/turtlebot3_teleop:/home/yusuf/ros2_ws/install/turtlebot3_example:/home/yusuf/ros2_ws/install/robot_python:/opt/ros/humble /usr/bin/cmake --install /home/yusuf/ros2_ws/src/build/my_cpp_py_pkg
