[2.157s] Invoking command in '/home/yusuf/ros2_ws/src/turtlebot3/turtlebot3_teleop': PYTHONPATH=/home/yusuf/ros2_ws/build/turtlebot3_teleop/prefix_override:/home/yusuf/ros2_ws/install/turtlebot3_teleop/lib/python3.10/site-packages:${PYTHONPATH} /usr/bin/python3 setup.py egg_info --egg-base ../../../build/turtlebot3_teleop build --build-base /home/yusuf/ros2_ws/build/turtlebot3_teleop/build install --record /home/yusuf/ros2_ws/build/turtlebot3_teleop/install.log --single-version-externally-managed
[2.640s] running egg_info
[2.641s] writing ../../../build/turtlebot3_teleop/turtlebot3_teleop.egg-info/PKG-INFO
[2.641s] writing dependency_links to ../../../build/turtlebot3_teleop/turtlebot3_teleop.egg-info/dependency_links.txt
[2.644s] writing entry points to ../../../build/turtlebot3_teleop/turtlebot3_teleop.egg-info/entry_points.txt
[2.644s] writing requirements to ../../../build/turtlebot3_teleop/turtlebot3_teleop.egg-info/requires.txt
[2.645s] writing top-level names to ../../../build/turtlebot3_teleop/turtlebot3_teleop.egg-info/top_level.txt
[2.647s] reading manifest file '../../../build/turtlebot3_teleop/turtlebot3_teleop.egg-info/SOURCES.txt'
[2.648s] writing manifest file '../../../build/turtlebot3_teleop/turtlebot3_teleop.egg-info/SOURCES.txt'
[2.648s] running build
[2.649s] running build_py
[2.649s] running install
[2.650s] /usr/lib/python3/dist-packages/setuptools/command/install.py:34: SetuptoolsDeprecationWarning: setup.py install is deprecated. Use build and pip and other standards-based tools.
[2.651s]   warnings.warn(
[2.651s] running install_lib
[2.660s] running install_data
[2.661s] running install_egg_info
[2.661s] removing '/home/yusuf/ros2_ws/install/turtlebot3_teleop/lib/python3.10/site-packages/turtlebot3_teleop-2.1.5-py3.10.egg-info' (and everything under it)
[2.662s] Copying ../../../build/turtlebot3_teleop/turtlebot3_teleop.egg-info to /home/yusuf/ros2_ws/install/turtlebot3_teleop/lib/python3.10/site-packages/turtlebot3_teleop-2.1.5-py3.10.egg-info
[2.662s] running install_scripts
[2.700s] Installing teleop_keyboard script to /home/yusuf/ros2_ws/install/turtlebot3_teleop/lib/turtlebot3_teleop
[2.701s] writing list of installed files to '/home/yusuf/ros2_ws/build/turtlebot3_teleop/install.log'
[2.947s] Invoked command in '/home/yusuf/ros2_ws/src/turtlebot3/turtlebot3_teleop' returned '0': PYTHONPATH=/home/yusuf/ros2_ws/build/turtlebot3_teleop/prefix_override:/home/yusuf/ros2_ws/install/turtlebot3_teleop/lib/python3.10/site-packages:${PYTHONPATH} /usr/bin/python3 setup.py egg_info --egg-base ../../../build/turtlebot3_teleop build --build-base /home/yusuf/ros2_ws/build/turtlebot3_teleop/build install --record /home/yusuf/ros2_ws/build/turtlebot3_teleop/install.log --single-version-externally-managed
