[0.018s] Invoking command in '/home/yusuf/ros2_ws/build/robot_sensing': CMAKE_PREFIX_PATH=${CMAKE_PREFIX_PATH}:/home/yusuf/ros2_ws/install/urdf_tutorial_r2d2:/home/yusuf/ros2_ws/install/turtlebot3_teleop:/home/yusuf/ros2_ws/install/turtlebot3_example:/home/yusuf/ros2_ws/install/robot_python:/opt/ros/humble /usr/bin/cmake --build /home/yusuf/ros2_ws/build/robot_sensing -- -j8 -l8
[0.088s] [35m[1mConsolidate compiler generated dependencies of target maze_lidar[0m
[0.111s] [ 50%] Built target odom_kinematic
[0.123s] [ 75%] [32mBuilding CXX object CMakeFiles/maze_lidar.dir/src/maze_solving_with_lidar.cpp.o[0m
[11.698s] [100%] [32m[1mLinking CXX executable maze_lidar[0m
[12.264s] [100%] Built target maze_lidar
[12.281s] Invoked command in '/home/yusuf/ros2_ws/build/robot_sensing' returned '0': CMAKE_PREFIX_PATH=${CMAKE_PREFIX_PATH}:/home/yusuf/ros2_ws/install/urdf_tutorial_r2d2:/home/yusuf/ros2_ws/install/turtlebot3_teleop:/home/yusuf/ros2_ws/install/turtlebot3_example:/home/yusuf/ros2_ws/install/robot_python:/opt/ros/humble /usr/bin/cmake --build /home/yusuf/ros2_ws/build/robot_sensing -- -j8 -l8
[12.345s] Invoking command in '/home/yusuf/ros2_ws/build/robot_sensing': CMAKE_PREFIX_PATH=${CMAKE_PREFIX_PATH}:/home/yusuf/ros2_ws/install/urdf_tutorial_r2d2:/home/yusuf/ros2_ws/install/turtlebot3_teleop:/home/yusuf/ros2_ws/install/turtlebot3_example:/home/yusuf/ros2_ws/install/robot_python:/opt/ros/humble /usr/bin/cmake --install /home/yusuf/ros2_ws/build/robot_sensing
[12.356s] -- Install configuration: ""
[12.357s] -- Installing: /home/yusuf/ros2_ws/install/robot_sensing/lib/robot_sensing/maze_lidar
[12.365s] -- Set runtime path of "/home/yusuf/ros2_ws/install/robot_sensing/lib/robot_sensing/maze_lidar" to ""
[12.365s] -- Up-to-date: /home/yusuf/ros2_ws/install/robot_sensing/lib/robot_sensing/odom_kinematic
[12.365s] -- Up-to-date: /home/yusuf/ros2_ws/install/robot_sensing/share/robot_sensing/launch
[12.366s] -- Up-to-date: /home/yusuf/ros2_ws/install/robot_sensing/share/robot_sensing/launch/maze_world.launch.py
[12.366s] -- Up-to-date: /home/yusuf/ros2_ws/install/robot_sensing/share/robot_sensing/world
[12.366s] -- Up-to-date: /home/yusuf/ros2_ws/install/robot_sensing/share/robot_sensing/world/maze.world
[12.366s] -- Up-to-date: /home/yusuf/ros2_ws/install/robot_sensing/share/ament_index/resource_index/package_run_dependencies/robot_sensing
[12.366s] -- Up-to-date: /home/yusuf/ros2_ws/install/robot_sensing/share/ament_index/resource_index/parent_prefix_path/robot_sensing
[12.366s] -- Up-to-date: /home/yusuf/ros2_ws/install/robot_sensing/share/robot_sensing/environment/ament_prefix_path.sh
[12.366s] -- Up-to-date: /home/yusuf/ros2_ws/install/robot_sensing/share/robot_sensing/environment/ament_prefix_path.dsv
[12.367s] -- Up-to-date: /home/yusuf/ros2_ws/install/robot_sensing/share/robot_sensing/environment/path.sh
[12.367s] -- Up-to-date: /home/yusuf/ros2_ws/install/robot_sensing/share/robot_sensing/environment/path.dsv
[12.367s] -- Up-to-date: /home/yusuf/ros2_ws/install/robot_sensing/share/robot_sensing/local_setup.bash
[12.367s] -- Up-to-date: /home/yusuf/ros2_ws/install/robot_sensing/share/robot_sensing/local_setup.sh
[12.367s] -- Up-to-date: /home/yusuf/ros2_ws/install/robot_sensing/share/robot_sensing/local_setup.zsh
[12.367s] -- Up-to-date: /home/yusuf/ros2_ws/install/robot_sensing/share/robot_sensing/local_setup.dsv
[12.367s] -- Installing: /home/yusuf/ros2_ws/install/robot_sensing/share/robot_sensing/package.dsv
[12.367s] -- Up-to-date: /home/yusuf/ros2_ws/install/robot_sensing/share/ament_index/resource_index/packages/robot_sensing
[12.367s] -- Up-to-date: /home/yusuf/ros2_ws/install/robot_sensing/share/robot_sensing/cmake/robot_sensingConfig.cmake
[12.367s] -- Up-to-date: /home/yusuf/ros2_ws/install/robot_sensing/share/robot_sensing/cmake/robot_sensingConfig-version.cmake
[12.367s] -- Up-to-date: /home/yusuf/ros2_ws/install/robot_sensing/share/robot_sensing/package.xml
[12.369s] Invoked command in '/home/yusuf/ros2_ws/build/robot_sensing' returned '0': CMAKE_PREFIX_PATH=${CMAKE_PREFIX_PATH}:/home/yusuf/ros2_ws/install/urdf_tutorial_r2d2:/home/yusuf/ros2_ws/install/turtlebot3_teleop:/home/yusuf/ros2_ws/install/turtlebot3_example:/home/yusuf/ros2_ws/install/robot_python:/opt/ros/humble /usr/bin/cmake --install /home/yusuf/ros2_ws/build/robot_sensing
