running egg_info
creating ../../build/robot_python/robot_python.egg-info
writing ../../build/robot_python/robot_python.egg-info/PKG-INFO
writing dependency_links to ../../build/robot_python/robot_python.egg-info/dependency_links.txt
writing entry points to ../../build/robot_python/robot_python.egg-info/entry_points.txt
writing requirements to ../../build/robot_python/robot_python.egg-info/requires.txt
writing top-level names to ../../build/robot_python/robot_python.egg-info/top_level.txt
writing manifest file '../../build/robot_python/robot_python.egg-info/SOURCES.txt'
reading manifest file '../../build/robot_python/robot_python.egg-info/SOURCES.txt'
writing manifest file '../../build/robot_python/robot_python.egg-info/SOURCES.txt'
running build
running build_py
creating /home/yusuf/ros2_ws/build/robot_python/build
creating /home/yusuf/ros2_ws/build/robot_python/build/lib
creating /home/yusuf/ros2_ws/build/robot_python/build/lib/robot_python
copying robot_python/__init__.py -> /home/yusuf/ros2_ws/build/robot_python/build/lib/robot_python
running install
running install_lib
creating /home/yusuf/ros2_ws/install/robot_python/lib/python3.10/site-packages/robot_python
copying /home/yusuf/ros2_ws/build/robot_python/build/lib/robot_python/__init__.py -> /home/yusuf/ros2_ws/install/robot_python/lib/python3.10/site-packages/robot_python
byte-compiling /home/yusuf/ros2_ws/install/robot_python/lib/python3.10/site-packages/robot_python/__init__.py to __init__.cpython-310.pyc
running install_data
creating /home/yusuf/ros2_ws/install/robot_python/share/ament_index
creating /home/yusuf/ros2_ws/install/robot_python/share/ament_index/resource_index
creating /home/yusuf/ros2_ws/install/robot_python/share/ament_index/resource_index/packages
copying resource/robot_python -> /home/yusuf/ros2_ws/install/robot_python/share/ament_index/resource_index/packages
copying package.xml -> /home/yusuf/ros2_ws/install/robot_python/share/robot_python
running install_egg_info
Copying ../../build/robot_python/robot_python.egg-info to /home/yusuf/ros2_ws/install/robot_python/lib/python3.10/site-packages/robot_python-0.0.0-py3.10.egg-info
running install_scripts
writing list of installed files to '/home/yusuf/ros2_ws/build/robot_python/install.log'
