[0.640s] Invoking command in '/home/yusuf/ros2_ws/src/robot_python': PYTHONPATH=/home/yusuf/ros2_ws/build/robot_python/prefix_override:/home/yusuf/ros2_ws/install/robot_python/lib/python3.10/site-packages:${PYTHONPATH} /usr/bin/python3 setup.py egg_info --egg-base ../../build/robot_python build --build-base /home/yusuf/ros2_ws/build/robot_python/build install --record /home/yusuf/ros2_ws/build/robot_python/install.log --single-version-externally-managed
[0.843s] running egg_info
[0.844s] creating ../../build/robot_python/robot_python.egg-info
[0.844s] writing ../../build/robot_python/robot_python.egg-info/PKG-INFO
[0.845s] writing dependency_links to ../../build/robot_python/robot_python.egg-info/dependency_links.txt
[0.845s] writing entry points to ../../build/robot_python/robot_python.egg-info/entry_points.txt
[0.845s] writing requirements to ../../build/robot_python/robot_python.egg-info/requires.txt
[0.845s] writing top-level names to ../../build/robot_python/robot_python.egg-info/top_level.txt
[0.846s] writing manifest file '../../build/robot_python/robot_python.egg-info/SOURCES.txt'
[0.847s] reading manifest file '../../build/robot_python/robot_python.egg-info/SOURCES.txt'
[0.848s] writing manifest file '../../build/robot_python/robot_python.egg-info/SOURCES.txt'
[0.848s] running build
[0.849s] running build_py
[0.849s] creating /home/yusuf/ros2_ws/build/robot_python/build
[0.849s] creating /home/yusuf/ros2_ws/build/robot_python/build/lib
[0.849s] creating /home/yusuf/ros2_ws/build/robot_python/build/lib/robot_python
[0.849s] copying robot_python/__init__.py -> /home/yusuf/ros2_ws/build/robot_python/build/lib/robot_python
[0.850s] running install
[0.850s] /usr/lib/python3/dist-packages/setuptools/command/install.py:34: SetuptoolsDeprecationWarning: setup.py install is deprecated. Use build and pip and other standards-based tools.
[0.850s]   warnings.warn(
[0.850s] running install_lib
[0.850s] creating /home/yusuf/ros2_ws/install/robot_python/lib/python3.10/site-packages/robot_python
[0.850s] copying /home/yusuf/ros2_ws/build/robot_python/build/lib/robot_python/__init__.py -> /home/yusuf/ros2_ws/install/robot_python/lib/python3.10/site-packages/robot_python
[0.850s] byte-compiling /home/yusuf/ros2_ws/install/robot_python/lib/python3.10/site-packages/robot_python/__init__.py to __init__.cpython-310.pyc
[0.851s] running install_data
[0.851s] creating /home/yusuf/ros2_ws/install/robot_python/share/ament_index
[0.851s] creating /home/yusuf/ros2_ws/install/robot_python/share/ament_index/resource_index
[0.852s] creating /home/yusuf/ros2_ws/install/robot_python/share/ament_index/resource_index/packages
[0.852s] copying resource/robot_python -> /home/yusuf/ros2_ws/install/robot_python/share/ament_index/resource_index/packages
[0.852s] copying package.xml -> /home/yusuf/ros2_ws/install/robot_python/share/robot_python
[0.852s] running install_egg_info
[0.853s] Copying ../../build/robot_python/robot_python.egg-info to /home/yusuf/ros2_ws/install/robot_python/lib/python3.10/site-packages/robot_python-0.0.0-py3.10.egg-info
[0.854s] running install_scripts
[0.873s] writing list of installed files to '/home/yusuf/ros2_ws/build/robot_python/install.log'
[0.892s] Invoked command in '/home/yusuf/ros2_ws/src/robot_python' returned '0': PYTHONPATH=/home/yusuf/ros2_ws/build/robot_python/prefix_override:/home/yusuf/ros2_ws/install/robot_python/lib/python3.10/site-packages:${PYTHONPATH} /usr/bin/python3 setup.py egg_info --egg-base ../../build/robot_python build --build-base /home/yusuf/ros2_ws/build/robot_python/build install --record /home/yusuf/ros2_ws/build/robot_python/install.log --single-version-externally-managed
