[0.188s] Invoking command in '/home/yusuf/ros2_ws/build/navigation_tb3': CMAKE_PREFIX_PATH=/opt/ros/humble /usr/bin/cmake --build /home/yusuf/ros2_ws/build/navigation_tb3 -- -j8 -l8
[0.424s] [100%] Built target pub_occupancy_grid
[0.436s] [100%] Built target ament_cmake_python_copy_navigation_tb3
[0.928s] running egg_info
[0.930s] writing navigation_tb3.egg-info/PKG-INFO
[0.930s] writing dependency_links to navigation_tb3.egg-info/dependency_links.txt
[0.931s] writing top-level names to navigation_tb3.egg-info/top_level.txt
[0.935s] reading manifest file 'navigation_tb3.egg-info/SOURCES.txt'
[0.935s] writing manifest file 'navigation_tb3.egg-info/SOURCES.txt'
[0.977s] [100%] Built target ament_cmake_python_build_navigation_tb3_egg
[1.138s] Invoked command in '/home/yusuf/ros2_ws/build/navigation_tb3' returned '0': CMAKE_PREFIX_PATH=/opt/ros/humble /usr/bin/cmake --build /home/yusuf/ros2_ws/build/navigation_tb3 -- -j8 -l8
[1.823s] Invoking command in '/home/yusuf/ros2_ws/build/navigation_tb3': CMAKE_PREFIX_PATH=/opt/ros/humble /usr/bin/cmake --install /home/yusuf/ros2_ws/build/navigation_tb3
[1.836s] -- Install configuration: ""
[1.837s] -- Up-to-date: /home/yusuf/ros2_ws/install/navigation_tb3/lib/navigation_tb3/pub_occupancy_grid
[1.837s] -- Up-to-date: /home/yusuf/ros2_ws/install/navigation_tb3/share/navigation_tb3/launch
[1.837s] -- Up-to-date: /home/yusuf/ros2_ws/install/navigation_tb3/share/navigation_tb3/launch/navigation.launch.py
[1.838s] -- Up-to-date: /home/yusuf/ros2_ws/install/navigation_tb3/share/navigation_tb3/launch/mapping.launch.py
[1.838s] -- Up-to-date: /home/yusuf/ros2_ws/install/navigation_tb3/share/navigation_tb3/config
[1.838s] -- Up-to-date: /home/yusuf/ros2_ws/install/navigation_tb3/share/navigation_tb3/config/navigation.rviz
[1.838s] -- Up-to-date: /home/yusuf/ros2_ws/install/navigation_tb3/share/navigation_tb3/config/tb3_nav2_params.yaml
[1.838s] -- Up-to-date: /home/yusuf/ros2_ws/install/navigation_tb3/share/navigation_tb3/config/mapping.rviz
[1.839s] -- Up-to-date: /home/yusuf/ros2_ws/install/navigation_tb3/share/navigation_tb3/config/turtlebot3_lds_2d.lua
[1.839s] -- Up-to-date: /home/yusuf/ros2_ws/install/navigation_tb3/share/navigation_tb3/config/tb3_map.yaml
[1.839s] -- Up-to-date: /home/yusuf/ros2_ws/install/navigation_tb3/share/navigation_tb3/config/tb3_map.pgm
[1.839s] -- Up-to-date: /home/yusuf/ros2_ws/install/navigation_tb3/share/navigation_tb3/environment/pythonpath.sh
[1.839s] -- Up-to-date: /home/yusuf/ros2_ws/install/navigation_tb3/share/navigation_tb3/environment/pythonpath.dsv
[1.839s] -- Up-to-date: /home/yusuf/ros2_ws/install/navigation_tb3/local/lib/python3.10/dist-packages/navigation_tb3-0.0.0-py3.10.egg-info
[1.840s] -- Installing: /home/yusuf/ros2_ws/install/navigation_tb3/local/lib/python3.10/dist-packages/navigation_tb3-0.0.0-py3.10.egg-info/SOURCES.txt
[1.840s] -- Installing: /home/yusuf/ros2_ws/install/navigation_tb3/local/lib/python3.10/dist-packages/navigation_tb3-0.0.0-py3.10.egg-info/dependency_links.txt
[1.840s] -- Installing: /home/yusuf/ros2_ws/install/navigation_tb3/local/lib/python3.10/dist-packages/navigation_tb3-0.0.0-py3.10.egg-info/PKG-INFO
[1.840s] -- Installing: /home/yusuf/ros2_ws/install/navigation_tb3/local/lib/python3.10/dist-packages/navigation_tb3-0.0.0-py3.10.egg-info/top_level.txt
[1.840s] -- Up-to-date: /home/yusuf/ros2_ws/install/navigation_tb3/local/lib/python3.10/dist-packages/navigation_tb3
[1.841s] -- Up-to-date: /home/yusuf/ros2_ws/install/navigation_tb3/local/lib/python3.10/dist-packages/navigation_tb3/__init__.py
[1.894s] Listing '/home/yusuf/ros2_ws/install/navigation_tb3/local/lib/python3.10/dist-packages/navigation_tb3'...
[1.901s] -- Up-to-date: /home/yusuf/ros2_ws/install/navigation_tb3/lib/navigation_tb3/single_goal_nav.py
[1.901s] -- Up-to-date: /home/yusuf/ros2_ws/install/navigation_tb3/lib/navigation_tb3/multi_waypoints.py
[1.901s] -- Up-to-date: /home/yusuf/ros2_ws/install/navigation_tb3/share/ament_index/resource_index/package_run_dependencies/navigation_tb3
[1.902s] -- Up-to-date: /home/yusuf/ros2_ws/install/navigation_tb3/share/ament_index/resource_index/parent_prefix_path/navigation_tb3
[1.902s] -- Up-to-date: /home/yusuf/ros2_ws/install/navigation_tb3/share/navigation_tb3/environment/ament_prefix_path.sh
[1.902s] -- Up-to-date: /home/yusuf/ros2_ws/install/navigation_tb3/share/navigation_tb3/environment/ament_prefix_path.dsv
[1.902s] -- Up-to-date: /home/yusuf/ros2_ws/install/navigation_tb3/share/navigation_tb3/environment/path.sh
[1.903s] -- Up-to-date: /home/yusuf/ros2_ws/install/navigation_tb3/share/navigation_tb3/environment/path.dsv
[1.903s] -- Up-to-date: /home/yusuf/ros2_ws/install/navigation_tb3/share/navigation_tb3/local_setup.bash
[1.903s] -- Up-to-date: /home/yusuf/ros2_ws/install/navigation_tb3/share/navigation_tb3/local_setup.sh
[1.903s] -- Up-to-date: /home/yusuf/ros2_ws/install/navigation_tb3/share/navigation_tb3/local_setup.zsh
[1.903s] -- Up-to-date: /home/yusuf/ros2_ws/install/navigation_tb3/share/navigation_tb3/local_setup.dsv
[1.903s] -- Installing: /home/yusuf/ros2_ws/install/navigation_tb3/share/navigation_tb3/package.dsv
[1.904s] -- Up-to-date: /home/yusuf/ros2_ws/install/navigation_tb3/share/ament_index/resource_index/packages/navigation_tb3
[1.904s] -- Up-to-date: /home/yusuf/ros2_ws/install/navigation_tb3/share/navigation_tb3/cmake/navigation_tb3Config.cmake
[1.904s] -- Up-to-date: /home/yusuf/ros2_ws/install/navigation_tb3/share/navigation_tb3/cmake/navigation_tb3Config-version.cmake
[1.904s] -- Up-to-date: /home/yusuf/ros2_ws/install/navigation_tb3/share/navigation_tb3/package.xml
[2.382s] Invoked command in '/home/yusuf/ros2_ws/build/navigation_tb3' returned '0': CMAKE_PREFIX_PATH=/opt/ros/humble /usr/bin/cmake --install /home/yusuf/ros2_ws/build/navigation_tb3
