[0.169s] Invoking command in '/home/yusuf/ros2_ws/build/robot_control': CMAKE_PREFIX_PATH=/opt/ros/humble /usr/bin/cmake /home/yusuf/ros2_ws/src/robot_control -DCMAKE_INSTALL_PREFIX=/home/yusuf/ros2_ws/install/robot_control
[0.242s] -- The C compiler identification is GNU 11.4.0
[0.314s] -- The CXX compiler identification is GNU 11.4.0
[0.324s] -- Detecting C compiler ABI info
[0.404s] -- Detecting C compiler ABI info - done
[0.412s] -- Check for working C compiler: /usr/bin/cc - skipped
[0.412s] -- Detecting C compile features
[0.412s] -- Detecting C compile features - done
[0.415s] -- Detecting CXX compiler ABI info
[0.505s] -- Detecting CXX compiler ABI info - done
[0.514s] -- Check for working CXX compiler: /usr/bin/c++ - skipped
[0.515s] -- Detecting CXX compile features
[0.515s] -- Detecting CXX compile features - done
[0.517s] -- Found ament_cmake: 1.3.6 (/opt/ros/humble/share/ament_cmake/cmake)
[0.731s] -- Found Python3: /usr/bin/python3.10 (found version "3.10.12") found components: Interpreter 
[0.834s] -- Found ament_lint_auto: 0.12.9 (/opt/ros/humble/share/ament_lint_auto/cmake)
[0.929s] -- Added test 'lint_cmake' to check CMake code style
[0.930s] -- Added test 'xmllint' to check XML markup files
[0.931s] -- Configuring done
[0.937s] -- Generating done
[0.937s] -- Build files have been written to: /home/yusuf/ros2_ws/build/robot_control
[0.943s] Invoked command in '/home/yusuf/ros2_ws/build/robot_control' returned '0': CMAKE_PREFIX_PATH=/opt/ros/humble /usr/bin/cmake /home/yusuf/ros2_ws/src/robot_control -DCMAKE_INSTALL_PREFIX=/home/yusuf/ros2_ws/install/robot_control
[0.944s] Invoking command in '/home/yusuf/ros2_ws/build/robot_control': CMAKE_PREFIX_PATH=/opt/ros/humble /usr/bin/cmake --build /home/yusuf/ros2_ws/build/robot_control -- -j8 -l8
[0.993s] Invoked command in '/home/yusuf/ros2_ws/build/robot_control' returned '0': CMAKE_PREFIX_PATH=/opt/ros/humble /usr/bin/cmake --build /home/yusuf/ros2_ws/build/robot_control -- -j8 -l8
[1.022s] Invoking command in '/home/yusuf/ros2_ws/build/robot_control': CMAKE_PREFIX_PATH=/opt/ros/humble /usr/bin/cmake --install /home/yusuf/ros2_ws/build/robot_control
[1.030s] -- Install configuration: ""
[1.030s] -- Installing: /home/yusuf/ros2_ws/install/robot_control/share/ament_index/resource_index/package_run_dependencies/robot_control
[1.031s] -- Installing: /home/yusuf/ros2_ws/install/robot_control/share/ament_index/resource_index/parent_prefix_path/robot_control
[1.031s] -- Installing: /home/yusuf/ros2_ws/install/robot_control/share/robot_control/environment/ament_prefix_path.sh
[1.031s] -- Installing: /home/yusuf/ros2_ws/install/robot_control/share/robot_control/environment/ament_prefix_path.dsv
[1.031s] -- Installing: /home/yusuf/ros2_ws/install/robot_control/share/robot_control/environment/path.sh
[1.032s] -- Installing: /home/yusuf/ros2_ws/install/robot_control/share/robot_control/environment/path.dsv
[1.032s] -- Installing: /home/yusuf/ros2_ws/install/robot_control/share/robot_control/local_setup.bash
[1.032s] -- Installing: /home/yusuf/ros2_ws/install/robot_control/share/robot_control/local_setup.sh
[1.032s] -- Installing: /home/yusuf/ros2_ws/install/robot_control/share/robot_control/local_setup.zsh
[1.032s] -- Installing: /home/yusuf/ros2_ws/install/robot_control/share/robot_control/local_setup.dsv
[1.033s] -- Installing: /home/yusuf/ros2_ws/install/robot_control/share/robot_control/package.dsv
[1.033s] -- Installing: /home/yusuf/ros2_ws/install/robot_control/share/ament_index/resource_index/packages/robot_control
[1.033s] -- Installing: /home/yusuf/ros2_ws/install/robot_control/share/robot_control/cmake/robot_controlConfig.cmake
[1.033s] -- Installing: /home/yusuf/ros2_ws/install/robot_control/share/robot_control/cmake/robot_controlConfig-version.cmake
[1.033s] -- Installing: /home/yusuf/ros2_ws/install/robot_control/share/robot_control/package.xml
[1.036s] Invoked command in '/home/yusuf/ros2_ws/build/robot_control' returned '0': CMAKE_PREFIX_PATH=/opt/ros/humble /usr/bin/cmake --install /home/yusuf/ros2_ws/build/robot_control
