[1.565s] Invoking command in '/home/yusuf/ros2_ws/src/robot_python': PYTHONPATH=/home/yusuf/ros2_ws/build/robot_python/prefix_override:/home/yusuf/ros2_ws/install/robot_python/lib/python3.10/site-packages:${PYTHONPATH} /usr/bin/python3 setup.py egg_info --egg-base ../../build/robot_python build --build-base /home/yusuf/ros2_ws/build/robot_python/build install --record /home/yusuf/ros2_ws/build/robot_python/install.log --single-version-externally-managed
[1.844s] running egg_info
[1.845s] writing ../../build/robot_python/robot_python.egg-info/PKG-INFO
[1.845s] writing dependency_links to ../../build/robot_python/robot_python.egg-info/dependency_links.txt
[1.846s] writing entry points to ../../build/robot_python/robot_python.egg-info/entry_points.txt
[1.846s] writing requirements to ../../build/robot_python/robot_python.egg-info/requires.txt
[1.847s] writing top-level names to ../../build/robot_python/robot_python.egg-info/top_level.txt
[1.849s] reading manifest file '../../build/robot_python/robot_python.egg-info/SOURCES.txt'
[1.850s] writing manifest file '../../build/robot_python/robot_python.egg-info/SOURCES.txt'
[1.850s] running build
[1.850s] running build_py
[1.850s] running install
[1.851s] /usr/lib/python3/dist-packages/setuptools/command/install.py:34: SetuptoolsDeprecationWarning: setup.py install is deprecated. Use build and pip and other standards-based tools.
[1.851s]   warnings.warn(
[1.851s] running install_lib
[1.852s] running install_data
[1.853s] running install_egg_info
[1.855s] removing '/home/yusuf/ros2_ws/install/robot_python/lib/python3.10/site-packages/robot_python-0.0.0-py3.10.egg-info' (and everything under it)
[1.856s] Copying ../../build/robot_python/robot_python.egg-info to /home/yusuf/ros2_ws/install/robot_python/lib/python3.10/site-packages/robot_python-0.0.0-py3.10.egg-info
[1.857s] running install_scripts
[1.877s] Installing my_publisher script to /home/yusuf/ros2_ws/install/robot_python/lib/robot_python
[1.877s] Installing my_service script to /home/yusuf/ros2_ws/install/robot_python/lib/robot_python
[1.877s] Installing my_subscriber script to /home/yusuf/ros2_ws/install/robot_python/lib/robot_python
[1.878s] Installing my_subtest script to /home/yusuf/ros2_ws/install/robot_python/lib/robot_python
[1.878s] Installing test_node script to /home/yusuf/ros2_ws/install/robot_python/lib/robot_python
[1.878s] Installing turtlesim_go script to /home/yusuf/ros2_ws/install/robot_python/lib/robot_python
[1.878s] writing list of installed files to '/home/yusuf/ros2_ws/build/robot_python/install.log'
[1.904s] Invoked command in '/home/yusuf/ros2_ws/src/robot_python' returned '0': PYTHONPATH=/home/yusuf/ros2_ws/build/robot_python/prefix_override:/home/yusuf/ros2_ws/install/robot_python/lib/python3.10/site-packages:${PYTHONPATH} /usr/bin/python3 setup.py egg_info --egg-base ../../build/robot_python build --build-base /home/yusuf/ros2_ws/build/robot_python/build install --record /home/yusuf/ros2_ws/build/robot_python/install.log --single-version-externally-managed
