[0.622s] Invoking command in '/home/yusuf/ros2_ws/src/robot_python': PYTHONPATH=/home/yusuf/ros2_ws/build/robot_python/prefix_override:/home/yusuf/ros2_ws/install/robot_python/lib/python3.10/site-packages:${PYTHONPATH} /usr/bin/python3 setup.py egg_info --egg-base ../../build/robot_python build --build-base /home/yusuf/ros2_ws/build/robot_python/build install --record /home/yusuf/ros2_ws/build/robot_python/install.log --single-version-externally-managed
[0.836s] running egg_info
[0.837s] writing ../../build/robot_python/robot_python.egg-info/PKG-INFO
[0.837s] writing dependency_links to ../../build/robot_python/robot_python.egg-info/dependency_links.txt
[0.837s] writing entry points to ../../build/robot_python/robot_python.egg-info/entry_points.txt
[0.838s] writing requirements to ../../build/robot_python/robot_python.egg-info/requires.txt
[0.838s] writing top-level names to ../../build/robot_python/robot_python.egg-info/top_level.txt
[0.840s] reading manifest file '../../build/robot_python/robot_python.egg-info/SOURCES.txt'
[0.842s] writing manifest file '../../build/robot_python/robot_python.egg-info/SOURCES.txt'
[0.842s] running build
[0.842s] running build_py
[0.842s] copying robot_python/my_first_node.py -> /home/yusuf/ros2_ws/build/robot_python/build/lib/robot_python
[0.843s] copying robot_python/my_publisher.py -> /home/yusuf/ros2_ws/build/robot_python/build/lib/robot_python
[0.843s] copying robot_python/my_service.py -> /home/yusuf/ros2_ws/build/robot_python/build/lib/robot_python
[0.843s] copying robot_python/my_subtest.py -> /home/yusuf/ros2_ws/build/robot_python/build/lib/robot_python
[0.844s] copying robot_python/turtlesim_go.py -> /home/yusuf/ros2_ws/build/robot_python/build/lib/robot_python
[0.844s] copying robot_python/my_subscriber.py -> /home/yusuf/ros2_ws/build/robot_python/build/lib/robot_python
[0.844s] running install
[0.844s] /usr/lib/python3/dist-packages/setuptools/command/install.py:34: SetuptoolsDeprecationWarning: setup.py install is deprecated. Use build and pip and other standards-based tools.
[0.844s]   warnings.warn(
[0.845s] running install_lib
[0.846s] copying /home/yusuf/ros2_ws/build/robot_python/build/lib/robot_python/my_first_node.py -> /home/yusuf/ros2_ws/install/robot_python/lib/python3.10/site-packages/robot_python
[0.846s] copying /home/yusuf/ros2_ws/build/robot_python/build/lib/robot_python/my_publisher.py -> /home/yusuf/ros2_ws/install/robot_python/lib/python3.10/site-packages/robot_python
[0.846s] copying /home/yusuf/ros2_ws/build/robot_python/build/lib/robot_python/my_service.py -> /home/yusuf/ros2_ws/install/robot_python/lib/python3.10/site-packages/robot_python
[0.847s] copying /home/yusuf/ros2_ws/build/robot_python/build/lib/robot_python/my_subtest.py -> /home/yusuf/ros2_ws/install/robot_python/lib/python3.10/site-packages/robot_python
[0.847s] copying /home/yusuf/ros2_ws/build/robot_python/build/lib/robot_python/turtlesim_go.py -> /home/yusuf/ros2_ws/install/robot_python/lib/python3.10/site-packages/robot_python
[0.847s] copying /home/yusuf/ros2_ws/build/robot_python/build/lib/robot_python/my_subscriber.py -> /home/yusuf/ros2_ws/install/robot_python/lib/python3.10/site-packages/robot_python
[0.847s] byte-compiling /home/yusuf/ros2_ws/install/robot_python/lib/python3.10/site-packages/robot_python/my_first_node.py to my_first_node.cpython-310.pyc
[0.847s] byte-compiling /home/yusuf/ros2_ws/install/robot_python/lib/python3.10/site-packages/robot_python/my_publisher.py to my_publisher.cpython-310.pyc
[0.848s] byte-compiling /home/yusuf/ros2_ws/install/robot_python/lib/python3.10/site-packages/robot_python/my_service.py to my_service.cpython-310.pyc
[0.849s] byte-compiling /home/yusuf/ros2_ws/install/robot_python/lib/python3.10/site-packages/robot_python/my_subtest.py to my_subtest.cpython-310.pyc
[0.849s] byte-compiling /home/yusuf/ros2_ws/install/robot_python/lib/python3.10/site-packages/robot_python/turtlesim_go.py to turtlesim_go.cpython-310.pyc
[0.850s] byte-compiling /home/yusuf/ros2_ws/install/robot_python/lib/python3.10/site-packages/robot_python/my_subscriber.py to my_subscriber.cpython-310.pyc
[0.850s] running install_data
[0.851s] copying launch/robot_python.launch.py -> /home/yusuf/ros2_ws/install/robot_python/share/robot_python
[0.851s] running install_egg_info
[0.853s] removing '/home/yusuf/ros2_ws/install/robot_python/lib/python3.10/site-packages/robot_python-0.0.0-py3.10.egg-info' (and everything under it)
[0.853s] Copying ../../build/robot_python/robot_python.egg-info to /home/yusuf/ros2_ws/install/robot_python/lib/python3.10/site-packages/robot_python-0.0.0-py3.10.egg-info
[0.855s] running install_scripts
[0.874s] Installing my_publisher script to /home/yusuf/ros2_ws/install/robot_python/lib/robot_python
[0.874s] Installing my_service script to /home/yusuf/ros2_ws/install/robot_python/lib/robot_python
[0.874s] Installing my_subscriber script to /home/yusuf/ros2_ws/install/robot_python/lib/robot_python
[0.874s] Installing my_subtest script to /home/yusuf/ros2_ws/install/robot_python/lib/robot_python
[0.874s] Installing test_node script to /home/yusuf/ros2_ws/install/robot_python/lib/robot_python
[0.874s] Installing turtlesim_go script to /home/yusuf/ros2_ws/install/robot_python/lib/robot_python
[0.875s] writing list of installed files to '/home/yusuf/ros2_ws/build/robot_python/install.log'
[0.895s] Invoked command in '/home/yusuf/ros2_ws/src/robot_python' returned '0': PYTHONPATH=/home/yusuf/ros2_ws/build/robot_python/prefix_override:/home/yusuf/ros2_ws/install/robot_python/lib/python3.10/site-packages:${PYTHONPATH} /usr/bin/python3 setup.py egg_info --egg-base ../../build/robot_python build --build-base /home/yusuf/ros2_ws/build/robot_python/build install --record /home/yusuf/ros2_ws/build/robot_python/install.log --single-version-externally-managed
