[0.536s] Invoking command in '/home/yusuf/ros2_ws/build/turtlebot3_navigation2': CMAKE_PREFIX_PATH=${CMAKE_PREFIX_PATH}:/home/yusuf/ros2_ws/install/turtlebot3_teleop:/home/yusuf/ros2_ws/install/turtlebot3_example:/home/yusuf/ros2_ws/install/robot_python:/opt/ros/humble /usr/bin/cmake --build /home/yusuf/ros2_ws/build/turtlebot3_navigation2 -- -j8 -l8
[0.921s] Invoked command in '/home/yusuf/ros2_ws/build/turtlebot3_navigation2' returned '0': CMAKE_PREFIX_PATH=${CMAKE_PREFIX_PATH}:/home/yusuf/ros2_ws/install/turtlebot3_teleop:/home/yusuf/ros2_ws/install/turtlebot3_example:/home/yusuf/ros2_ws/install/robot_python:/opt/ros/humble /usr/bin/cmake --build /home/yusuf/ros2_ws/build/turtlebot3_navigation2 -- -j8 -l8
[0.980s] Invoking command in '/home/yusuf/ros2_ws/build/turtlebot3_navigation2': CMAKE_PREFIX_PATH=${CMAKE_PREFIX_PATH}:/home/yusuf/ros2_ws/install/turtlebot3_teleop:/home/yusuf/ros2_ws/install/turtlebot3_example:/home/yusuf/ros2_ws/install/robot_python:/opt/ros/humble /usr/bin/cmake --install /home/yusuf/ros2_ws/build/turtlebot3_navigation2
[0.993s] -- Install configuration: ""
[0.995s] -- Up-to-date: /home/yusuf/ros2_ws/install/turtlebot3_navigation2/share/turtlebot3_navigation2/launch
[0.995s] -- Up-to-date: /home/yusuf/ros2_ws/install/turtlebot3_navigation2/share/turtlebot3_navigation2/launch/navigation2.launch.py
[0.995s] -- Up-to-date: /home/yusuf/ros2_ws/install/turtlebot3_navigation2/share/turtlebot3_navigation2/map
[0.996s] -- Up-to-date: /home/yusuf/ros2_ws/install/turtlebot3_navigation2/share/turtlebot3_navigation2/map/map.yaml
[0.997s] -- Up-to-date: /home/yusuf/ros2_ws/install/turtlebot3_navigation2/share/turtlebot3_navigation2/map/map.pgm
[1.007s] -- Up-to-date: /home/yusuf/ros2_ws/install/turtlebot3_navigation2/share/turtlebot3_navigation2/param
[1.007s] -- Up-to-date: /home/yusuf/ros2_ws/install/turtlebot3_navigation2/share/turtlebot3_navigation2/param/waffle.yaml
[1.007s] -- Up-to-date: /home/yusuf/ros2_ws/install/turtlebot3_navigation2/share/turtlebot3_navigation2/param/waffle_pi.yaml
[1.008s] -- Up-to-date: /home/yusuf/ros2_ws/install/turtlebot3_navigation2/share/turtlebot3_navigation2/param/burger.yaml
[1.008s] -- Up-to-date: /home/yusuf/ros2_ws/install/turtlebot3_navigation2/share/turtlebot3_navigation2/rviz
[1.008s] -- Up-to-date: /home/yusuf/ros2_ws/install/turtlebot3_navigation2/share/turtlebot3_navigation2/rviz/tb3_navigation2.rviz
[1.009s] -- Up-to-date: /home/yusuf/ros2_ws/install/turtlebot3_navigation2/share/ament_index/resource_index/package_run_dependencies/turtlebot3_navigation2
[1.009s] -- Up-to-date: /home/yusuf/ros2_ws/install/turtlebot3_navigation2/share/ament_index/resource_index/parent_prefix_path/turtlebot3_navigation2
[1.009s] -- Up-to-date: /home/yusuf/ros2_ws/install/turtlebot3_navigation2/share/turtlebot3_navigation2/environment/ament_prefix_path.sh
[1.013s] -- Up-to-date: /home/yusuf/ros2_ws/install/turtlebot3_navigation2/share/turtlebot3_navigation2/environment/ament_prefix_path.dsv
[1.013s] -- Up-to-date: /home/yusuf/ros2_ws/install/turtlebot3_navigation2/share/turtlebot3_navigation2/environment/path.sh
[1.013s] -- Up-to-date: /home/yusuf/ros2_ws/install/turtlebot3_navigation2/share/turtlebot3_navigation2/environment/path.dsv
[1.014s] -- Up-to-date: /home/yusuf/ros2_ws/install/turtlebot3_navigation2/share/turtlebot3_navigation2/local_setup.bash
[1.014s] -- Up-to-date: /home/yusuf/ros2_ws/install/turtlebot3_navigation2/share/turtlebot3_navigation2/local_setup.sh
[1.014s] -- Up-to-date: /home/yusuf/ros2_ws/install/turtlebot3_navigation2/share/turtlebot3_navigation2/local_setup.zsh
[1.015s] -- Up-to-date: /home/yusuf/ros2_ws/install/turtlebot3_navigation2/share/turtlebot3_navigation2/local_setup.dsv
[1.015s] -- Installing: /home/yusuf/ros2_ws/install/turtlebot3_navigation2/share/turtlebot3_navigation2/package.dsv
[1.015s] -- Up-to-date: /home/yusuf/ros2_ws/install/turtlebot3_navigation2/share/ament_index/resource_index/packages/turtlebot3_navigation2
[1.016s] -- Up-to-date: /home/yusuf/ros2_ws/install/turtlebot3_navigation2/share/turtlebot3_navigation2/cmake/turtlebot3_navigation2Config.cmake
[1.016s] -- Up-to-date: /home/yusuf/ros2_ws/install/turtlebot3_navigation2/share/turtlebot3_navigation2/cmake/turtlebot3_navigation2Config-version.cmake
[1.019s] -- Up-to-date: /home/yusuf/ros2_ws/install/turtlebot3_navigation2/share/turtlebot3_navigation2/package.xml
[1.125s] Invoked command in '/home/yusuf/ros2_ws/build/turtlebot3_navigation2' returned '0': CMAKE_PREFIX_PATH=${CMAKE_PREFIX_PATH}:/home/yusuf/ros2_ws/install/turtlebot3_teleop:/home/yusuf/ros2_ws/install/turtlebot3_example:/home/yusuf/ros2_ws/install/robot_python:/opt/ros/humble /usr/bin/cmake --install /home/yusuf/ros2_ws/build/turtlebot3_navigation2
