[0.719s] Invoking command in '/home/yusuf/ros2_ws/build/turtlebot3_description': CMAKE_PREFIX_PATH=${CMAKE_PREFIX_PATH}:/home/yusuf/ros2_ws/install/urdf_tutorial_r2d2:/home/yusuf/ros2_ws/install/turtlebot3_teleop:/home/yusuf/ros2_ws/install/turtlebot3_example:/home/yusuf/ros2_ws/install/robot_python:/opt/ros/humble /usr/bin/cmake --build /home/yusuf/ros2_ws/build/turtlebot3_description -- -j8 -l8
[1.195s] Invoked command in '/home/yusuf/ros2_ws/build/turtlebot3_description' returned '0': CMAKE_PREFIX_PATH=${CMAKE_PREFIX_PATH}:/home/yusuf/ros2_ws/install/urdf_tutorial_r2d2:/home/yusuf/ros2_ws/install/turtlebot3_teleop:/home/yusuf/ros2_ws/install/turtlebot3_example:/home/yusuf/ros2_ws/install/robot_python:/opt/ros/humble /usr/bin/cmake --build /home/yusuf/ros2_ws/build/turtlebot3_description -- -j8 -l8
[1.256s] Invoking command in '/home/yusuf/ros2_ws/build/turtlebot3_description': CMAKE_PREFIX_PATH=${CMAKE_PREFIX_PATH}:/home/yusuf/ros2_ws/install/urdf_tutorial_r2d2:/home/yusuf/ros2_ws/install/turtlebot3_teleop:/home/yusuf/ros2_ws/install/turtlebot3_example:/home/yusuf/ros2_ws/install/robot_python:/opt/ros/humble /usr/bin/cmake --install /home/yusuf/ros2_ws/build/turtlebot3_description
[1.292s] -- Install configuration: ""
[1.292s] -- Up-to-date: /home/yusuf/ros2_ws/install/turtlebot3_description/share/turtlebot3_description/meshes
[1.292s] -- Up-to-date: /home/yusuf/ros2_ws/install/turtlebot3_description/share/turtlebot3_description/meshes/bases
[1.293s] -- Up-to-date: /home/yusuf/ros2_ws/install/turtlebot3_description/share/turtlebot3_description/meshes/bases/burger_base.stl
[1.293s] -- Up-to-date: /home/yusuf/ros2_ws/install/turtlebot3_description/share/turtlebot3_description/meshes/bases/waffle_base.stl
[1.293s] -- Up-to-date: /home/yusuf/ros2_ws/install/turtlebot3_description/share/turtlebot3_description/meshes/bases/waffle_pi_base.stl
[1.293s] -- Up-to-date: /home/yusuf/ros2_ws/install/turtlebot3_description/share/turtlebot3_description/meshes/wheels
[1.293s] -- Up-to-date: /home/yusuf/ros2_ws/install/turtlebot3_description/share/turtlebot3_description/meshes/wheels/right_tire.stl
[1.293s] -- Up-to-date: /home/yusuf/ros2_ws/install/turtlebot3_description/share/turtlebot3_description/meshes/wheels/left_tire.stl
[1.294s] -- Up-to-date: /home/yusuf/ros2_ws/install/turtlebot3_description/share/turtlebot3_description/meshes/sensors
[1.294s] -- Up-to-date: /home/yusuf/ros2_ws/install/turtlebot3_description/share/turtlebot3_description/meshes/sensors/r200.dae
[1.294s] -- Up-to-date: /home/yusuf/ros2_ws/install/turtlebot3_description/share/turtlebot3_description/meshes/sensors/astra.jpg
[1.294s] -- Up-to-date: /home/yusuf/ros2_ws/install/turtlebot3_description/share/turtlebot3_description/meshes/sensors/r200.jpg
[1.294s] -- Up-to-date: /home/yusuf/ros2_ws/install/turtlebot3_description/share/turtlebot3_description/meshes/sensors/astra.dae
[1.303s] -- Up-to-date: /home/yusuf/ros2_ws/install/turtlebot3_description/share/turtlebot3_description/meshes/sensors/lds.stl
[1.304s] -- Up-to-date: /home/yusuf/ros2_ws/install/turtlebot3_description/share/turtlebot3_description/rviz
[1.304s] -- Up-to-date: /home/yusuf/ros2_ws/install/turtlebot3_description/share/turtlebot3_description/rviz/model.rviz
[1.305s] -- Up-to-date: /home/yusuf/ros2_ws/install/turtlebot3_description/share/turtlebot3_description/urdf
[1.305s] -- Up-to-date: /home/yusuf/ros2_ws/install/turtlebot3_description/share/turtlebot3_description/urdf/turtlebot3_burger.urdf
[1.306s] -- Up-to-date: /home/yusuf/ros2_ws/install/turtlebot3_description/share/turtlebot3_description/urdf/turtlebot3_waffle.urdf
[1.306s] -- Up-to-date: /home/yusuf/ros2_ws/install/turtlebot3_description/share/turtlebot3_description/urdf/turtlebot3_waffle_pi.urdf
[1.307s] -- Up-to-date: /home/yusuf/ros2_ws/install/turtlebot3_description/share/turtlebot3_description/urdf/common_properties.urdf
[1.307s] -- Up-to-date: /home/yusuf/ros2_ws/install/turtlebot3_description/share/ament_index/resource_index/package_run_dependencies/turtlebot3_description
[1.307s] -- Up-to-date: /home/yusuf/ros2_ws/install/turtlebot3_description/share/ament_index/resource_index/parent_prefix_path/turtlebot3_description
[1.308s] -- Up-to-date: /home/yusuf/ros2_ws/install/turtlebot3_description/share/turtlebot3_description/environment/ament_prefix_path.sh
[1.308s] -- Up-to-date: /home/yusuf/ros2_ws/install/turtlebot3_description/share/turtlebot3_description/environment/ament_prefix_path.dsv
[1.309s] -- Up-to-date: /home/yusuf/ros2_ws/install/turtlebot3_description/share/turtlebot3_description/environment/path.sh
[1.309s] -- Up-to-date: /home/yusuf/ros2_ws/install/turtlebot3_description/share/turtlebot3_description/environment/path.dsv
[1.310s] -- Up-to-date: /home/yusuf/ros2_ws/install/turtlebot3_description/share/turtlebot3_description/local_setup.bash
[1.310s] -- Up-to-date: /home/yusuf/ros2_ws/install/turtlebot3_description/share/turtlebot3_description/local_setup.sh
[1.310s] -- Up-to-date: /home/yusuf/ros2_ws/install/turtlebot3_description/share/turtlebot3_description/local_setup.zsh
[1.311s] -- Up-to-date: /home/yusuf/ros2_ws/install/turtlebot3_description/share/turtlebot3_description/local_setup.dsv
[1.312s] -- Installing: /home/yusuf/ros2_ws/install/turtlebot3_description/share/turtlebot3_description/package.dsv
[1.313s] -- Up-to-date: /home/yusuf/ros2_ws/install/turtlebot3_description/share/ament_index/resource_index/packages/turtlebot3_description
[1.326s] -- Up-to-date: /home/yusuf/ros2_ws/install/turtlebot3_description/share/turtlebot3_description/cmake/turtlebot3_descriptionConfig.cmake
[1.326s] -- Up-to-date: /home/yusuf/ros2_ws/install/turtlebot3_description/share/turtlebot3_description/cmake/turtlebot3_descriptionConfig-version.cmake
[1.327s] -- Up-to-date: /home/yusuf/ros2_ws/install/turtlebot3_description/share/turtlebot3_description/package.xml
[1.440s] Invoked command in '/home/yusuf/ros2_ws/build/turtlebot3_description' returned '0': CMAKE_PREFIX_PATH=${CMAKE_PREFIX_PATH}:/home/yusuf/ros2_ws/install/urdf_tutorial_r2d2:/home/yusuf/ros2_ws/install/turtlebot3_teleop:/home/yusuf/ros2_ws/install/turtlebot3_example:/home/yusuf/ros2_ws/install/robot_python:/opt/ros/humble /usr/bin/cmake --install /home/yusuf/ros2_ws/build/turtlebot3_description
