[0.650s] Invoking command in '/home/yusuf/ros2_ws/build/turtlebot3_simulations': CMAKE_PREFIX_PATH=/home/yusuf/ros2_ws/install/turtlebot3_gazebo:/home/yusuf/ros2_ws/install/turtlebot3_fake_node:/home/yusuf/ros2_ws/install/turtlebot3_simulations:/home/yusuf/ros2_ws/install/robot_test:/home/yusuf/ros2_ws/install/robot_cpp:/home/yusuf/ros2_ws/install/robot_control:/home/yusuf/ros2_ws/install/point_cloud_processing:/home/yusuf/ros2_ws/install/navigation_tb3:/home/yusuf/ros2_ws/install/navigation_1:/home/yusuf/ros2_ws/install/navigation_:/home/yusuf/ros2_ws/install/my_cpp_py_pkg:/home/yusuf/ros2_ws/install/drive_turtle:/home/yusuf/ros2_ws/install/drive_tb3:/home/yusuf/ros2_ws/install/robot_python:/opt/ros/humble /usr/bin/cmake --build /home/yusuf/ros2_ws/build/turtlebot3_simulations -- -j8 -l8
[0.731s] Invoked command in '/home/yusuf/ros2_ws/build/turtlebot3_simulations' returned '0': CMAKE_PREFIX_PATH=/home/yusuf/ros2_ws/install/turtlebot3_gazebo:/home/yusuf/ros2_ws/install/turtlebot3_fake_node:/home/yusuf/ros2_ws/install/turtlebot3_simulations:/home/yusuf/ros2_ws/install/robot_test:/home/yusuf/ros2_ws/install/robot_cpp:/home/yusuf/ros2_ws/install/robot_control:/home/yusuf/ros2_ws/install/point_cloud_processing:/home/yusuf/ros2_ws/install/navigation_tb3:/home/yusuf/ros2_ws/install/navigation_1:/home/yusuf/ros2_ws/install/navigation_:/home/yusuf/ros2_ws/install/my_cpp_py_pkg:/home/yusuf/ros2_ws/install/drive_turtle:/home/yusuf/ros2_ws/install/drive_tb3:/home/yusuf/ros2_ws/install/robot_python:/opt/ros/humble /usr/bin/cmake --build /home/yusuf/ros2_ws/build/turtlebot3_simulations -- -j8 -l8
[0.911s] Invoking command in '/home/yusuf/ros2_ws/build/turtlebot3_simulations': CMAKE_PREFIX_PATH=/home/yusuf/ros2_ws/install/turtlebot3_gazebo:/home/yusuf/ros2_ws/install/turtlebot3_fake_node:/home/yusuf/ros2_ws/install/turtlebot3_simulations:/home/yusuf/ros2_ws/install/robot_test:/home/yusuf/ros2_ws/install/robot_cpp:/home/yusuf/ros2_ws/install/robot_control:/home/yusuf/ros2_ws/install/point_cloud_processing:/home/yusuf/ros2_ws/install/navigation_tb3:/home/yusuf/ros2_ws/install/navigation_1:/home/yusuf/ros2_ws/install/navigation_:/home/yusuf/ros2_ws/install/my_cpp_py_pkg:/home/yusuf/ros2_ws/install/drive_turtle:/home/yusuf/ros2_ws/install/drive_tb3:/home/yusuf/ros2_ws/install/robot_python:/opt/ros/humble /usr/bin/cmake --install /home/yusuf/ros2_ws/build/turtlebot3_simulations
[0.927s] -- Install configuration: ""
[0.928s] -- Up-to-date: /home/yusuf/ros2_ws/install/turtlebot3_simulations/share/ament_index/resource_index/package_run_dependencies/turtlebot3_simulations
[0.928s] -- Up-to-date: /home/yusuf/ros2_ws/install/turtlebot3_simulations/share/ament_index/resource_index/parent_prefix_path/turtlebot3_simulations
[0.928s] -- Up-to-date: /home/yusuf/ros2_ws/install/turtlebot3_simulations/share/turtlebot3_simulations/environment/ament_prefix_path.sh
[0.928s] -- Up-to-date: /home/yusuf/ros2_ws/install/turtlebot3_simulations/share/turtlebot3_simulations/environment/ament_prefix_path.dsv
[0.928s] -- Up-to-date: /home/yusuf/ros2_ws/install/turtlebot3_simulations/share/turtlebot3_simulations/environment/path.sh
[0.929s] -- Up-to-date: /home/yusuf/ros2_ws/install/turtlebot3_simulations/share/turtlebot3_simulations/environment/path.dsv
[0.929s] -- Up-to-date: /home/yusuf/ros2_ws/install/turtlebot3_simulations/share/turtlebot3_simulations/local_setup.bash
[0.929s] -- Up-to-date: /home/yusuf/ros2_ws/install/turtlebot3_simulations/share/turtlebot3_simulations/local_setup.sh
[0.929s] -- Up-to-date: /home/yusuf/ros2_ws/install/turtlebot3_simulations/share/turtlebot3_simulations/local_setup.zsh
[0.930s] -- Up-to-date: /home/yusuf/ros2_ws/install/turtlebot3_simulations/share/turtlebot3_simulations/local_setup.dsv
[0.930s] -- Installing: /home/yusuf/ros2_ws/install/turtlebot3_simulations/share/turtlebot3_simulations/package.dsv
[0.930s] -- Up-to-date: /home/yusuf/ros2_ws/install/turtlebot3_simulations/share/ament_index/resource_index/packages/turtlebot3_simulations
[0.930s] -- Up-to-date: /home/yusuf/ros2_ws/install/turtlebot3_simulations/share/turtlebot3_simulations/cmake/turtlebot3_simulationsConfig.cmake
[0.930s] -- Up-to-date: /home/yusuf/ros2_ws/install/turtlebot3_simulations/share/turtlebot3_simulations/cmake/turtlebot3_simulationsConfig-version.cmake
[0.931s] -- Up-to-date: /home/yusuf/ros2_ws/install/turtlebot3_simulations/share/turtlebot3_simulations/package.xml
[1.085s] Invoked command in '/home/yusuf/ros2_ws/build/turtlebot3_simulations' returned '0': CMAKE_PREFIX_PATH=/home/yusuf/ros2_ws/install/turtlebot3_gazebo:/home/yusuf/ros2_ws/install/turtlebot3_fake_node:/home/yusuf/ros2_ws/install/turtlebot3_simulations:/home/yusuf/ros2_ws/install/robot_test:/home/yusuf/ros2_ws/install/robot_cpp:/home/yusuf/ros2_ws/install/robot_control:/home/yusuf/ros2_ws/install/point_cloud_processing:/home/yusuf/ros2_ws/install/navigation_tb3:/home/yusuf/ros2_ws/install/navigation_1:/home/yusuf/ros2_ws/install/navigation_:/home/yusuf/ros2_ws/install/my_cpp_py_pkg:/home/yusuf/ros2_ws/install/drive_turtle:/home/yusuf/ros2_ws/install/drive_tb3:/home/yusuf/ros2_ws/install/robot_python:/opt/ros/humble /usr/bin/cmake --install /home/yusuf/ros2_ws/build/turtlebot3_simulations
