[0.137s] Invoking command in '/home/yusuf/ros2_ws/build/ros2_control_demo_example_8': CMAKE_PREFIX_PATH=/home/yusuf/ros2_ws/install/ros2_control_demo_description:/home/yusuf/ros2_ws/install/turtlebot3:/home/yusuf/ros2_ws/install/turtlebot3_simulations:/home/yusuf/ros2_ws/install/turtlebot3_bringup:/home/yusuf/ros2_ws/install/turtlebot3_node:/home/yusuf/ros2_ws/install/turtlebot3_navigation2:/home/yusuf/ros2_ws/install/turtlebot3_gazebo:/home/yusuf/ros2_ws/install/turtlebot3_description:/home/yusuf/ros2_ws/install/turtlebot3_cartographer:/home/yusuf/ros2_ws/install/ros_fundamental:/home/yusuf/ros2_ws/install/ros2_control_demo_example_14:/home/yusuf/ros2_ws/install/robot_test:/home/yusuf/ros2_ws/install/robot_sensing:/home/yusuf/ros2_ws/install/robot_cpp:/home/yusuf/ros2_ws/install/robot_control:/home/yusuf/ros2_ws/install/point_cloud_processing:/home/yusuf/ros2_ws/install/navigation_tb3:/home/yusuf/ros2_ws/install/navigation_1:/home/yusuf/ros2_ws/install/navigation_:/home/yusuf/ros2_ws/install/my_cpp_py_pkg:/home/yusuf/ros2_ws/install/drive_turtle:/home/yusuf/ros2_ws/install/drive_tb3:/home/yusuf/assignment_ws/install/module_9_assignment:/home/yusuf/assignment_ws/install/module_8_assignment:/home/yusuf/assignment_ws/install/module_7_assignment:/home/yusuf/assignment_ws/install/module_6_assignment:/home/yusuf/assignment_ws/install/module_5_assignment:/home/yusuf/assignment_ws/install/module_4_assignment:/home/yusuf/assignment_ws/install/module_3_assignment:/home/yusuf/assignment_ws/install/module_2_assignment:/home/yusuf/assignment_ws/install/module_1_assignment:/home/yusuf/assignment_ws/install/module_10_assignment:/home/yusuf/mir_robot/install/ur:/home/yusuf/mir_robot/install/ur_calibration:/home/yusuf/mir_robot/install/ur_robot_driver:/home/yusuf/mir_robot/install/ur_moveit_config:/home/yusuf/mir_robot/install/ur_bringup:/home/yusuf/mir_robot/install/ur_description:/home/yusuf/mir_robot/install/ur_controllers:/home/yusuf/mir_robot/install/ur_dashboard_msgs:/home/yusuf/mir_robot/install/ros2_aruco_interfaces:/home/yusuf/mir_robot/install/robotiq_description:/home/yusuf/mir_robot/install/realsense_gazebo_plugin:/home/yusuf/mir_robot/install/realsense2_description:/home/yusuf/mir_robot/install/mir_robot:/home/yusuf/mir_robot/install/mir_navigation:/home/yusuf/mir_robot/install/mir_msgs:/home/yusuf/mir_robot/install/mir_gazebo:/home/yusuf/mir_robot/install/mir_description:/home/yusuf/mir_robot/install/ira_laser_tools:/home/yusuf/mir_robot/install/hello_moveit_ur:/home/yusuf/ros2_ws/install/urdf_tutorial_r2d2:/home/yusuf/ros2_ws/install/turtlebot3_teleop:/home/yusuf/ros2_ws/install/turtlebot3_fake_node:/home/yusuf/ros2_ws/install/turtlebot3_example:/home/yusuf/ros2_ws/install/robot_python:/home/yusuf/mir_robot/install/ros2_aruco:/home/yusuf/mir_robot/install/point_cloud_functions:/home/yusuf/mir_robot/install/mir_restapi:/home/yusuf/mir_robot/install/mir_driver:/opt/ros/humble /usr/bin/cmake /home/yusuf/ros2_ws/src/ros2_control_demos/example_8 -DCMAKE_INSTALL_PREFIX=/home/yusuf/ros2_ws/install/ros2_control_demo_example_8
[16.258s] -- The CXX compiler identification is GNU 11.4.0
[16.258s] -- Detecting CXX compiler ABI info
[16.258s] -- Detecting CXX compiler ABI info - done
[16.259s] -- Check for working CXX compiler: /usr/bin/c++ - skipped
[16.259s] -- Detecting CXX compile features
[16.259s] -- Detecting CXX compile features - done
[16.259s] -- Found ament_cmake: 1.3.9 (/opt/ros/humble/share/ament_cmake/cmake)
[16.260s] -- Found Python3: /usr/bin/python3 (found version "3.10.12") found components: Interpreter 
[16.260s] -- Found hardware_interface: 2.41.0 (/opt/ros/humble/share/hardware_interface/cmake)
[16.260s] -- Found rosidl_generator_c: 3.1.5 (/opt/ros/humble/share/rosidl_generator_c/cmake)
[16.261s] -- Found rosidl_adapter: 3.1.5 (/opt/ros/humble/share/rosidl_adapter/cmake)
[16.261s] -- Found rosidl_generator_cpp: 3.1.5 (/opt/ros/humble/share/rosidl_generator_cpp/cmake)
[16.261s] -- Using all available rosidl_typesupport_c: rosidl_typesupport_fastrtps_c;rosidl_typesupport_introspection_c
[16.261s] -- Using all available rosidl_typesupport_cpp: rosidl_typesupport_fastrtps_cpp;rosidl_typesupport_introspection_cpp
[16.262s] -- Found rmw_implementation_cmake: 6.1.2 (/opt/ros/humble/share/rmw_implementation_cmake/cmake)
[16.262s] -- Found rmw_fastrtps_cpp: 6.2.6 (/opt/ros/humble/share/rmw_fastrtps_cpp/cmake)
[16.262s] -- Found TinyXML2 via Config file: TinyXML2_DIR-NOTFOUND
[16.262s] -- Found OpenSSL: /usr/lib/x86_64-linux-gnu/libcrypto.so (found version "3.0.2")  
[16.263s] -- Found TinyXML2 via Config file: TinyXML2_DIR-NOTFOUND
[16.263s] -- Found FastRTPS: /opt/ros/humble/include  
[16.263s] -- Found TinyXML2 via Config file: TinyXML2_DIR-NOTFOUND
[16.263s] -- Found TinyXML2 via Config file: TinyXML2_DIR-NOTFOUND
[16.264s] -- Using RMW implementation 'rmw_fastrtps_cpp' as default
[16.264s] -- Looking for C++ include pthread.h
[16.274s] -- Looking for C++ include pthread.h - found
[16.274s] -- Performing Test CMAKE_HAVE_LIBC_PTHREAD
[16.274s] -- Performing Test CMAKE_HAVE_LIBC_PTHREAD - Success
[16.274s] -- Found Threads: TRUE  
[16.275s] -- Found transmission_interface: 2.41.0 (/opt/ros/humble/share/transmission_interface/cmake)
[16.794s] -- Found ament_cmake_pytest: 1.3.9 (/opt/ros/humble/share/ament_cmake_pytest/cmake)
[20.299s] -- Configuring done
[20.508s] -- Generating done
[20.515s] -- Build files have been written to: /home/yusuf/ros2_ws/build/ros2_control_demo_example_8
[20.608s] Invoked command in '/home/yusuf/ros2_ws/build/ros2_control_demo_example_8' returned '0': CMAKE_PREFIX_PATH=/home/yusuf/ros2_ws/install/ros2_control_demo_description:/home/yusuf/ros2_ws/install/turtlebot3:/home/yusuf/ros2_ws/install/turtlebot3_simulations:/home/yusuf/ros2_ws/install/turtlebot3_bringup:/home/yusuf/ros2_ws/install/turtlebot3_node:/home/yusuf/ros2_ws/install/turtlebot3_navigation2:/home/yusuf/ros2_ws/install/turtlebot3_gazebo:/home/yusuf/ros2_ws/install/turtlebot3_description:/home/yusuf/ros2_ws/install/turtlebot3_cartographer:/home/yusuf/ros2_ws/install/ros_fundamental:/home/yusuf/ros2_ws/install/ros2_control_demo_example_14:/home/yusuf/ros2_ws/install/robot_test:/home/yusuf/ros2_ws/install/robot_sensing:/home/yusuf/ros2_ws/install/robot_cpp:/home/yusuf/ros2_ws/install/robot_control:/home/yusuf/ros2_ws/install/point_cloud_processing:/home/yusuf/ros2_ws/install/navigation_tb3:/home/yusuf/ros2_ws/install/navigation_1:/home/yusuf/ros2_ws/install/navigation_:/home/yusuf/ros2_ws/install/my_cpp_py_pkg:/home/yusuf/ros2_ws/install/drive_turtle:/home/yusuf/ros2_ws/install/drive_tb3:/home/yusuf/assignment_ws/install/module_9_assignment:/home/yusuf/assignment_ws/install/module_8_assignment:/home/yusuf/assignment_ws/install/module_7_assignment:/home/yusuf/assignment_ws/install/module_6_assignment:/home/yusuf/assignment_ws/install/module_5_assignment:/home/yusuf/assignment_ws/install/module_4_assignment:/home/yusuf/assignment_ws/install/module_3_assignment:/home/yusuf/assignment_ws/install/module_2_assignment:/home/yusuf/assignment_ws/install/module_1_assignment:/home/yusuf/assignment_ws/install/module_10_assignment:/home/yusuf/mir_robot/install/ur:/home/yusuf/mir_robot/install/ur_calibration:/home/yusuf/mir_robot/install/ur_robot_driver:/home/yusuf/mir_robot/install/ur_moveit_config:/home/yusuf/mir_robot/install/ur_bringup:/home/yusuf/mir_robot/install/ur_description:/home/yusuf/mir_robot/install/ur_controllers:/home/yusuf/mir_robot/install/ur_dashboard_msgs:/home/yusuf/mir_robot/install/ros2_aruco_interfaces:/home/yusuf/mir_robot/install/robotiq_description:/home/yusuf/mir_robot/install/realsense_gazebo_plugin:/home/yusuf/mir_robot/install/realsense2_description:/home/yusuf/mir_robot/install/mir_robot:/home/yusuf/mir_robot/install/mir_navigation:/home/yusuf/mir_robot/install/mir_msgs:/home/yusuf/mir_robot/install/mir_gazebo:/home/yusuf/mir_robot/install/mir_description:/home/yusuf/mir_robot/install/ira_laser_tools:/home/yusuf/mir_robot/install/hello_moveit_ur:/home/yusuf/ros2_ws/install/urdf_tutorial_r2d2:/home/yusuf/ros2_ws/install/turtlebot3_teleop:/home/yusuf/ros2_ws/install/turtlebot3_fake_node:/home/yusuf/ros2_ws/install/turtlebot3_example:/home/yusuf/ros2_ws/install/robot_python:/home/yusuf/mir_robot/install/ros2_aruco:/home/yusuf/mir_robot/install/point_cloud_functions:/home/yusuf/mir_robot/install/mir_restapi:/home/yusuf/mir_robot/install/mir_driver:/opt/ros/humble /usr/bin/cmake /home/yusuf/ros2_ws/src/ros2_control_demos/example_8 -DCMAKE_INSTALL_PREFIX=/home/yusuf/ros2_ws/install/ros2_control_demo_example_8
[20.610s] Invoking command in '/home/yusuf/ros2_ws/build/ros2_control_demo_example_8': CMAKE_PREFIX_PATH=/home/yusuf/ros2_ws/install/ros2_control_demo_description:/home/yusuf/ros2_ws/install/turtlebot3:/home/yusuf/ros2_ws/install/turtlebot3_simulations:/home/yusuf/ros2_ws/install/turtlebot3_bringup:/home/yusuf/ros2_ws/install/turtlebot3_node:/home/yusuf/ros2_ws/install/turtlebot3_navigation2:/home/yusuf/ros2_ws/install/turtlebot3_gazebo:/home/yusuf/ros2_ws/install/turtlebot3_description:/home/yusuf/ros2_ws/install/turtlebot3_cartographer:/home/yusuf/ros2_ws/install/ros_fundamental:/home/yusuf/ros2_ws/install/ros2_control_demo_example_14:/home/yusuf/ros2_ws/install/robot_test:/home/yusuf/ros2_ws/install/robot_sensing:/home/yusuf/ros2_ws/install/robot_cpp:/home/yusuf/ros2_ws/install/robot_control:/home/yusuf/ros2_ws/install/point_cloud_processing:/home/yusuf/ros2_ws/install/navigation_tb3:/home/yusuf/ros2_ws/install/navigation_1:/home/yusuf/ros2_ws/install/navigation_:/home/yusuf/ros2_ws/install/my_cpp_py_pkg:/home/yusuf/ros2_ws/install/drive_turtle:/home/yusuf/ros2_ws/install/drive_tb3:/home/yusuf/assignment_ws/install/module_9_assignment:/home/yusuf/assignment_ws/install/module_8_assignment:/home/yusuf/assignment_ws/install/module_7_assignment:/home/yusuf/assignment_ws/install/module_6_assignment:/home/yusuf/assignment_ws/install/module_5_assignment:/home/yusuf/assignment_ws/install/module_4_assignment:/home/yusuf/assignment_ws/install/module_3_assignment:/home/yusuf/assignment_ws/install/module_2_assignment:/home/yusuf/assignment_ws/install/module_1_assignment:/home/yusuf/assignment_ws/install/module_10_assignment:/home/yusuf/mir_robot/install/ur:/home/yusuf/mir_robot/install/ur_calibration:/home/yusuf/mir_robot/install/ur_robot_driver:/home/yusuf/mir_robot/install/ur_moveit_config:/home/yusuf/mir_robot/install/ur_bringup:/home/yusuf/mir_robot/install/ur_description:/home/yusuf/mir_robot/install/ur_controllers:/home/yusuf/mir_robot/install/ur_dashboard_msgs:/home/yusuf/mir_robot/install/ros2_aruco_interfaces:/home/yusuf/mir_robot/install/robotiq_description:/home/yusuf/mir_robot/install/realsense_gazebo_plugin:/home/yusuf/mir_robot/install/realsense2_description:/home/yusuf/mir_robot/install/mir_robot:/home/yusuf/mir_robot/install/mir_navigation:/home/yusuf/mir_robot/install/mir_msgs:/home/yusuf/mir_robot/install/mir_gazebo:/home/yusuf/mir_robot/install/mir_description:/home/yusuf/mir_robot/install/ira_laser_tools:/home/yusuf/mir_robot/install/hello_moveit_ur:/home/yusuf/ros2_ws/install/urdf_tutorial_r2d2:/home/yusuf/ros2_ws/install/turtlebot3_teleop:/home/yusuf/ros2_ws/install/turtlebot3_fake_node:/home/yusuf/ros2_ws/install/turtlebot3_example:/home/yusuf/ros2_ws/install/robot_python:/home/yusuf/mir_robot/install/ros2_aruco:/home/yusuf/mir_robot/install/point_cloud_functions:/home/yusuf/mir_robot/install/mir_restapi:/home/yusuf/mir_robot/install/mir_driver:/opt/ros/humble /usr/bin/cmake --build /home/yusuf/ros2_ws/build/ros2_control_demo_example_8 -- -j8 -l8
[20.861s] [ 50%] [32mBuilding CXX object CMakeFiles/ros2_control_demo_example_8.dir/hardware/rrbot_transmissions_system_position_only.cpp.o[0m
[29.253s] [100%] [32m[1mLinking CXX shared library libros2_control_demo_example_8.so[0m
[30.333s] [100%] Built target ros2_control_demo_example_8
[30.435s] Invoked command in '/home/yusuf/ros2_ws/build/ros2_control_demo_example_8' returned '0': CMAKE_PREFIX_PATH=/home/yusuf/ros2_ws/install/ros2_control_demo_description:/home/yusuf/ros2_ws/install/turtlebot3:/home/yusuf/ros2_ws/install/turtlebot3_simulations:/home/yusuf/ros2_ws/install/turtlebot3_bringup:/home/yusuf/ros2_ws/install/turtlebot3_node:/home/yusuf/ros2_ws/install/turtlebot3_navigation2:/home/yusuf/ros2_ws/install/turtlebot3_gazebo:/home/yusuf/ros2_ws/install/turtlebot3_description:/home/yusuf/ros2_ws/install/turtlebot3_cartographer:/home/yusuf/ros2_ws/install/ros_fundamental:/home/yusuf/ros2_ws/install/ros2_control_demo_example_14:/home/yusuf/ros2_ws/install/robot_test:/home/yusuf/ros2_ws/install/robot_sensing:/home/yusuf/ros2_ws/install/robot_cpp:/home/yusuf/ros2_ws/install/robot_control:/home/yusuf/ros2_ws/install/point_cloud_processing:/home/yusuf/ros2_ws/install/navigation_tb3:/home/yusuf/ros2_ws/install/navigation_1:/home/yusuf/ros2_ws/install/navigation_:/home/yusuf/ros2_ws/install/my_cpp_py_pkg:/home/yusuf/ros2_ws/install/drive_turtle:/home/yusuf/ros2_ws/install/drive_tb3:/home/yusuf/assignment_ws/install/module_9_assignment:/home/yusuf/assignment_ws/install/module_8_assignment:/home/yusuf/assignment_ws/install/module_7_assignment:/home/yusuf/assignment_ws/install/module_6_assignment:/home/yusuf/assignment_ws/install/module_5_assignment:/home/yusuf/assignment_ws/install/module_4_assignment:/home/yusuf/assignment_ws/install/module_3_assignment:/home/yusuf/assignment_ws/install/module_2_assignment:/home/yusuf/assignment_ws/install/module_1_assignment:/home/yusuf/assignment_ws/install/module_10_assignment:/home/yusuf/mir_robot/install/ur:/home/yusuf/mir_robot/install/ur_calibration:/home/yusuf/mir_robot/install/ur_robot_driver:/home/yusuf/mir_robot/install/ur_moveit_config:/home/yusuf/mir_robot/install/ur_bringup:/home/yusuf/mir_robot/install/ur_description:/home/yusuf/mir_robot/install/ur_controllers:/home/yusuf/mir_robot/install/ur_dashboard_msgs:/home/yusuf/mir_robot/install/ros2_aruco_interfaces:/home/yusuf/mir_robot/install/robotiq_description:/home/yusuf/mir_robot/install/realsense_gazebo_plugin:/home/yusuf/mir_robot/install/realsense2_description:/home/yusuf/mir_robot/install/mir_robot:/home/yusuf/mir_robot/install/mir_navigation:/home/yusuf/mir_robot/install/mir_msgs:/home/yusuf/mir_robot/install/mir_gazebo:/home/yusuf/mir_robot/install/mir_description:/home/yusuf/mir_robot/install/ira_laser_tools:/home/yusuf/mir_robot/install/hello_moveit_ur:/home/yusuf/ros2_ws/install/urdf_tutorial_r2d2:/home/yusuf/ros2_ws/install/turtlebot3_teleop:/home/yusuf/ros2_ws/install/turtlebot3_fake_node:/home/yusuf/ros2_ws/install/turtlebot3_example:/home/yusuf/ros2_ws/install/robot_python:/home/yusuf/mir_robot/install/ros2_aruco:/home/yusuf/mir_robot/install/point_cloud_functions:/home/yusuf/mir_robot/install/mir_restapi:/home/yusuf/mir_robot/install/mir_driver:/opt/ros/humble /usr/bin/cmake --build /home/yusuf/ros2_ws/build/ros2_control_demo_example_8 -- -j8 -l8
[30.782s] Invoking command in '/home/yusuf/ros2_ws/build/ros2_control_demo_example_8': CMAKE_PREFIX_PATH=/home/yusuf/ros2_ws/install/ros2_control_demo_description:/home/yusuf/ros2_ws/install/turtlebot3:/home/yusuf/ros2_ws/install/turtlebot3_simulations:/home/yusuf/ros2_ws/install/turtlebot3_bringup:/home/yusuf/ros2_ws/install/turtlebot3_node:/home/yusuf/ros2_ws/install/turtlebot3_navigation2:/home/yusuf/ros2_ws/install/turtlebot3_gazebo:/home/yusuf/ros2_ws/install/turtlebot3_description:/home/yusuf/ros2_ws/install/turtlebot3_cartographer:/home/yusuf/ros2_ws/install/ros_fundamental:/home/yusuf/ros2_ws/install/ros2_control_demo_example_14:/home/yusuf/ros2_ws/install/robot_test:/home/yusuf/ros2_ws/install/robot_sensing:/home/yusuf/ros2_ws/install/robot_cpp:/home/yusuf/ros2_ws/install/robot_control:/home/yusuf/ros2_ws/install/point_cloud_processing:/home/yusuf/ros2_ws/install/navigation_tb3:/home/yusuf/ros2_ws/install/navigation_1:/home/yusuf/ros2_ws/install/navigation_:/home/yusuf/ros2_ws/install/my_cpp_py_pkg:/home/yusuf/ros2_ws/install/drive_turtle:/home/yusuf/ros2_ws/install/drive_tb3:/home/yusuf/assignment_ws/install/module_9_assignment:/home/yusuf/assignment_ws/install/module_8_assignment:/home/yusuf/assignment_ws/install/module_7_assignment:/home/yusuf/assignment_ws/install/module_6_assignment:/home/yusuf/assignment_ws/install/module_5_assignment:/home/yusuf/assignment_ws/install/module_4_assignment:/home/yusuf/assignment_ws/install/module_3_assignment:/home/yusuf/assignment_ws/install/module_2_assignment:/home/yusuf/assignment_ws/install/module_1_assignment:/home/yusuf/assignment_ws/install/module_10_assignment:/home/yusuf/mir_robot/install/ur:/home/yusuf/mir_robot/install/ur_calibration:/home/yusuf/mir_robot/install/ur_robot_driver:/home/yusuf/mir_robot/install/ur_moveit_config:/home/yusuf/mir_robot/install/ur_bringup:/home/yusuf/mir_robot/install/ur_description:/home/yusuf/mir_robot/install/ur_controllers:/home/yusuf/mir_robot/install/ur_dashboard_msgs:/home/yusuf/mir_robot/install/ros2_aruco_interfaces:/home/yusuf/mir_robot/install/robotiq_description:/home/yusuf/mir_robot/install/realsense_gazebo_plugin:/home/yusuf/mir_robot/install/realsense2_description:/home/yusuf/mir_robot/install/mir_robot:/home/yusuf/mir_robot/install/mir_navigation:/home/yusuf/mir_robot/install/mir_msgs:/home/yusuf/mir_robot/install/mir_gazebo:/home/yusuf/mir_robot/install/mir_description:/home/yusuf/mir_robot/install/ira_laser_tools:/home/yusuf/mir_robot/install/hello_moveit_ur:/home/yusuf/ros2_ws/install/urdf_tutorial_r2d2:/home/yusuf/ros2_ws/install/turtlebot3_teleop:/home/yusuf/ros2_ws/install/turtlebot3_fake_node:/home/yusuf/ros2_ws/install/turtlebot3_example:/home/yusuf/ros2_ws/install/robot_python:/home/yusuf/mir_robot/install/ros2_aruco:/home/yusuf/mir_robot/install/point_cloud_functions:/home/yusuf/mir_robot/install/mir_restapi:/home/yusuf/mir_robot/install/mir_driver:/opt/ros/humble /usr/bin/cmake --install /home/yusuf/ros2_ws/build/ros2_control_demo_example_8
[35.907s] -- Install configuration: ""
[35.907s] -- Installing: /home/yusuf/ros2_ws/install/ros2_control_demo_example_8/share/ros2_control_demo_example_8/ros2_control_demo_example_8.xml
[35.907s] -- Installing: /home/yusuf/ros2_ws/install/ros2_control_demo_example_8/include/ros2_control_demo_example_8
[35.908s] -- Installing: /home/yusuf/ros2_ws/install/ros2_control_demo_example_8/include/ros2_control_demo_example_8/ros2_control_demo_example_8
[35.916s] -- Installing: /home/yusuf/ros2_ws/install/ros2_control_demo_example_8/include/ros2_control_demo_example_8/ros2_control_demo_example_8/rrbot.hpp
[35.917s] -- Installing: /home/yusuf/ros2_ws/install/ros2_control_demo_example_8/include/ros2_control_demo_example_8/ros2_control_demo_example_8/visibility_control.h
[35.918s] -- Installing: /home/yusuf/ros2_ws/install/ros2_control_demo_example_8/include/ros2_control_demo_example_8/ros2_control_demo_example_8/rrbot_transmissions_system_position_only.hpp
[35.918s] -- Installing: /home/yusuf/ros2_ws/install/ros2_control_demo_example_8/share/ros2_control_demo_example_8/launch
[35.919s] -- Installing: /home/yusuf/ros2_ws/install/ros2_control_demo_example_8/share/ros2_control_demo_example_8/launch/view_robot.launch.py
[35.919s] -- Installing: /home/yusuf/ros2_ws/install/ros2_control_demo_example_8/share/ros2_control_demo_example_8/ros2_control
[35.919s] -- Installing: /home/yusuf/ros2_ws/install/ros2_control_demo_example_8/share/ros2_control_demo_example_8/ros2_control/rrbot_transmissions_system_position_only.ros2_control.xacro
[35.920s] -- Installing: /home/yusuf/ros2_ws/install/ros2_control_demo_example_8/share/ros2_control_demo_example_8/urdf
[35.920s] -- Installing: /home/yusuf/ros2_ws/install/ros2_control_demo_example_8/share/ros2_control_demo_example_8/urdf/rrbot_transmissions_system_position_only.urdf.xacro
[35.920s] -- Up-to-date: /home/yusuf/ros2_ws/install/ros2_control_demo_example_8/share/ros2_control_demo_example_8/launch
[35.921s] -- Installing: /home/yusuf/ros2_ws/install/ros2_control_demo_example_8/share/ros2_control_demo_example_8/launch/rrbot_transmissions_system_position_only.launch.py
[35.921s] -- Installing: /home/yusuf/ros2_ws/install/ros2_control_demo_example_8/share/ros2_control_demo_example_8/launch/test_forward_position_controller.launch.py
[35.921s] -- Installing: /home/yusuf/ros2_ws/install/ros2_control_demo_example_8/share/ros2_control_demo_example_8/config
[35.922s] -- Installing: /home/yusuf/ros2_ws/install/ros2_control_demo_example_8/share/ros2_control_demo_example_8/config/rrbot_forward_position_publisher.yaml
[35.922s] -- Installing: /home/yusuf/ros2_ws/install/ros2_control_demo_example_8/share/ros2_control_demo_example_8/config/rrbot_controllers.yaml
[35.922s] -- Installing: /home/yusuf/ros2_ws/install/ros2_control_demo_example_8/lib/libros2_control_demo_example_8.so
[35.923s] -- Set runtime path of "/home/yusuf/ros2_ws/install/ros2_control_demo_example_8/lib/libros2_control_demo_example_8.so" to ""
[35.923s] -- Installing: /home/yusuf/ros2_ws/install/ros2_control_demo_example_8/share/ros2_control_demo_example_8/environment/library_path.sh
[35.923s] -- Installing: /home/yusuf/ros2_ws/install/ros2_control_demo_example_8/share/ros2_control_demo_example_8/environment/library_path.dsv
[35.924s] -- Installing: /home/yusuf/ros2_ws/install/ros2_control_demo_example_8/share/ament_index/resource_index/package_run_dependencies/ros2_control_demo_example_8
[35.924s] -- Installing: /home/yusuf/ros2_ws/install/ros2_control_demo_example_8/share/ament_index/resource_index/parent_prefix_path/ros2_control_demo_example_8
[35.924s] -- Installing: /home/yusuf/ros2_ws/install/ros2_control_demo_example_8/share/ros2_control_demo_example_8/environment/ament_prefix_path.sh
[35.925s] -- Installing: /home/yusuf/ros2_ws/install/ros2_control_demo_example_8/share/ros2_control_demo_example_8/environment/ament_prefix_path.dsv
[35.925s] -- Installing: /home/yusuf/ros2_ws/install/ros2_control_demo_example_8/share/ros2_control_demo_example_8/environment/path.sh
[35.927s] -- Installing: /home/yusuf/ros2_ws/install/ros2_control_demo_example_8/share/ros2_control_demo_example_8/environment/path.dsv
[35.928s] -- Installing: /home/yusuf/ros2_ws/install/ros2_control_demo_example_8/share/ros2_control_demo_example_8/local_setup.bash
[35.928s] -- Installing: /home/yusuf/ros2_ws/install/ros2_control_demo_example_8/share/ros2_control_demo_example_8/local_setup.sh
[35.928s] -- Installing: /home/yusuf/ros2_ws/install/ros2_control_demo_example_8/share/ros2_control_demo_example_8/local_setup.zsh
[35.929s] -- Installing: /home/yusuf/ros2_ws/install/ros2_control_demo_example_8/share/ros2_control_demo_example_8/local_setup.dsv
[35.929s] -- Installing: /home/yusuf/ros2_ws/install/ros2_control_demo_example_8/share/ros2_control_demo_example_8/package.dsv
[35.930s] -- Installing: /home/yusuf/ros2_ws/install/ros2_control_demo_example_8/share/ament_index/resource_index/packages/ros2_control_demo_example_8
[35.930s] -- Installing: /home/yusuf/ros2_ws/install/ros2_control_demo_example_8/share/ament_index/resource_index/hardware_interface__pluginlib__plugin/ros2_control_demo_example_8
[35.930s] -- Installing: /home/yusuf/ros2_ws/install/ros2_control_demo_example_8/share/ros2_control_demo_example_8/cmake/export_ros2_control_demo_example_8Export.cmake
[35.931s] -- Installing: /home/yusuf/ros2_ws/install/ros2_control_demo_example_8/share/ros2_control_demo_example_8/cmake/export_ros2_control_demo_example_8Export-noconfig.cmake
[35.931s] -- Installing: /home/yusuf/ros2_ws/install/ros2_control_demo_example_8/share/ros2_control_demo_example_8/cmake/ament_cmake_export_targets-extras.cmake
[35.931s] -- Installing: /home/yusuf/ros2_ws/install/ros2_control_demo_example_8/share/ros2_control_demo_example_8/cmake/ament_cmake_export_dependencies-extras.cmake
[35.932s] -- Installing: /home/yusuf/ros2_ws/install/ros2_control_demo_example_8/share/ros2_control_demo_example_8/cmake/ros2_control_demo_example_8Config.cmake
[35.932s] -- Installing: /home/yusuf/ros2_ws/install/ros2_control_demo_example_8/share/ros2_control_demo_example_8/cmake/ros2_control_demo_example_8Config-version.cmake
[35.932s] -- Installing: /home/yusuf/ros2_ws/install/ros2_control_demo_example_8/share/ros2_control_demo_example_8/package.xml
