[0.266s] Invoking command in '/home/yusuf/ros2_ws/build/my_cpp_py_pkg': CMAKE_PREFIX_PATH=${CMAKE_PREFIX_PATH}:/home/yusuf/ros2_ws/install/urdf_tutorial_r2d2:/home/yusuf/ros2_ws/install/turtlebot3_teleop:/home/yusuf/ros2_ws/install/turtlebot3_fake_node:/home/yusuf/ros2_ws/install/turtlebot3_example:/home/yusuf/ros2_ws/install/robot_python:/home/yusuf/mir_robot/install/ros2_aruco:/home/yusuf/mir_robot/install/point_cloud_functions:/home/yusuf/mir_robot/install/mir_restapi:/home/yusuf/mir_robot/install/mir_driver:/opt/ros/humble /usr/bin/cmake /home/yusuf/ros2_ws/src/my_cpp_py_pkg -DCMAKE_INSTALL_PREFIX=/home/yusuf/ros2_ws/install/my_cpp_py_pkg
[0.706s] -- The C compiler identification is GNU 11.4.0
[1.060s] -- The CXX compiler identification is GNU 11.4.0
[1.101s] -- Detecting C compiler ABI info
[1.690s] -- Detecting C compiler ABI info - done
[1.719s] -- Check for working C compiler: /usr/bin/cc - skipped
[1.736s] -- Detecting C compile features
[1.736s] -- Detecting C compile features - done
[1.743s] -- Detecting CXX compiler ABI info
[2.346s] -- Detecting CXX compiler ABI info - done
[2.380s] -- Check for working CXX compiler: /usr/bin/c++ - skipped
[2.381s] -- Detecting CXX compile features
[2.381s] -- Detecting CXX compile features - done
[2.407s] -- Found ament_cmake: 1.3.9 (/opt/ros/humble/share/ament_cmake/cmake)
[3.423s] -- Found Python3: /usr/bin/python3 (found version "3.10.12") found components: Interpreter 
[4.454s] -- Found ament_lint_auto: 0.12.11 (/opt/ros/humble/share/ament_lint_auto/cmake)
[5.194s] -- Added test 'lint_cmake' to check CMake code style
[5.200s] -- Added test 'xmllint' to check XML markup files
[5.212s] -- Configuring done
[5.239s] -- Generating done
[5.242s] -- Build files have been written to: /home/yusuf/ros2_ws/build/my_cpp_py_pkg
