running egg_info
writing ../../build/robot_python/robot_python.egg-info/PKG-INFO
writing dependency_links to ../../build/robot_python/robot_python.egg-info/dependency_links.txt
writing entry points to ../../build/robot_python/robot_python.egg-info/entry_points.txt
writing requirements to ../../build/robot_python/robot_python.egg-info/requires.txt
writing top-level names to ../../build/robot_python/robot_python.egg-info/top_level.txt
reading manifest file '../../build/robot_python/robot_python.egg-info/SOURCES.txt'
writing manifest file '../../build/robot_python/robot_python.egg-info/SOURCES.txt'
running build
running build_py
copying robot_python/test_tf.py -> /home/yusuf/ros2_ws/build/robot_python/build/lib/robot_python
running install
running install_lib
copying /home/yusuf/ros2_ws/build/robot_python/build/lib/robot_python/test_tf.py -> /home/yusuf/ros2_ws/install/robot_python/lib/python3.10/site-packages/robot_python
byte-compiling /home/yusuf/ros2_ws/install/robot_python/lib/python3.10/site-packages/robot_python/test_tf.py to test_tf.cpython-310.pyc
running install_data
copying package.xml -> /home/yusuf/ros2_ws/install/robot_python/share/robot_python
creating /home/yusuf/ros2_ws/install/robot_python/share/robot_python/launch
copying launch/tf2.launch.py -> /home/yusuf/ros2_ws/install/robot_python/share/robot_python/launch
copying launch/robot_python.launch.py -> /home/yusuf/ros2_ws/install/robot_python/share/robot_python/launch
copying urdf/r2d2.urdf.xml -> /home/yusuf/ros2_ws/install/robot_python/share/robot_python
copying urdf/example_robot.urdf.xacro -> /home/yusuf/ros2_ws/install/robot_python/share/robot_python
copying urdf/r2d2.rviz -> /home/yusuf/ros2_ws/install/robot_python/share/robot_python
running install_egg_info
removing '/home/yusuf/ros2_ws/install/robot_python/lib/python3.10/site-packages/robot_python-0.0.0-py3.10.egg-info' (and everything under it)
Copying ../../build/robot_python/robot_python.egg-info to /home/yusuf/ros2_ws/install/robot_python/lib/python3.10/site-packages/robot_python-0.0.0-py3.10.egg-info
running install_scripts
Installing my_publisher script to /home/yusuf/ros2_ws/install/robot_python/lib/robot_python
Installing my_service script to /home/yusuf/ros2_ws/install/robot_python/lib/robot_python
Installing my_subscriber script to /home/yusuf/ros2_ws/install/robot_python/lib/robot_python
Installing my_subtest script to /home/yusuf/ros2_ws/install/robot_python/lib/robot_python
Installing test_node script to /home/yusuf/ros2_ws/install/robot_python/lib/robot_python
Installing turtlesim_go = robot_python.turtlesim_go:maintest_tf script to /home/yusuf/ros2_ws/install/robot_python/lib/robot_python
writing list of installed files to '/home/yusuf/ros2_ws/build/robot_python/install.log'
