[1.829s] Invoking command in '/home/yusuf/ros2_ws/src/robot_python': PYTHONPATH=/home/yusuf/ros2_ws/build/robot_python/prefix_override:/home/yusuf/ros2_ws/install/robot_python/lib/python3.10/site-packages:${PYTHONPATH} /usr/bin/python3 setup.py egg_info --egg-base ../../build/robot_python build --build-base /home/yusuf/ros2_ws/build/robot_python/build install --record /home/yusuf/ros2_ws/build/robot_python/install.log --single-version-externally-managed
[2.128s] running egg_info
[2.129s] writing ../../build/robot_python/robot_python.egg-info/PKG-INFO
[2.130s] writing dependency_links to ../../build/robot_python/robot_python.egg-info/dependency_links.txt
[2.131s] writing entry points to ../../build/robot_python/robot_python.egg-info/entry_points.txt
[2.131s] writing requirements to ../../build/robot_python/robot_python.egg-info/requires.txt
[2.132s] writing top-level names to ../../build/robot_python/robot_python.egg-info/top_level.txt
[2.136s] reading manifest file '../../build/robot_python/robot_python.egg-info/SOURCES.txt'
[2.139s] writing manifest file '../../build/robot_python/robot_python.egg-info/SOURCES.txt'
[2.139s] running build
[2.139s] running build_py
[2.139s] copying robot_python/test_tf.py -> /home/yusuf/ros2_ws/build/robot_python/build/lib/robot_python
[2.140s] running install
[2.140s] /usr/lib/python3/dist-packages/setuptools/command/install.py:34: SetuptoolsDeprecationWarning: setup.py install is deprecated. Use build and pip and other standards-based tools.
[2.140s]   warnings.warn(
[2.140s] running install_lib
[2.142s] copying /home/yusuf/ros2_ws/build/robot_python/build/lib/robot_python/test_tf.py -> /home/yusuf/ros2_ws/install/robot_python/lib/python3.10/site-packages/robot_python
[2.143s] byte-compiling /home/yusuf/ros2_ws/install/robot_python/lib/python3.10/site-packages/robot_python/test_tf.py to test_tf.cpython-310.pyc
[2.145s] running install_data
[2.146s] copying package.xml -> /home/yusuf/ros2_ws/install/robot_python/share/robot_python
[2.146s] creating /home/yusuf/ros2_ws/install/robot_python/share/robot_python/launch
[2.147s] copying launch/tf2.launch.py -> /home/yusuf/ros2_ws/install/robot_python/share/robot_python/launch
[2.147s] copying launch/robot_python.launch.py -> /home/yusuf/ros2_ws/install/robot_python/share/robot_python/launch
[2.148s] copying urdf/r2d2.urdf.xml -> /home/yusuf/ros2_ws/install/robot_python/share/robot_python
[2.148s] copying urdf/example_robot.urdf.xacro -> /home/yusuf/ros2_ws/install/robot_python/share/robot_python
[2.148s] copying urdf/r2d2.rviz -> /home/yusuf/ros2_ws/install/robot_python/share/robot_python
[2.148s] running install_egg_info
[2.150s] removing '/home/yusuf/ros2_ws/install/robot_python/lib/python3.10/site-packages/robot_python-0.0.0-py3.10.egg-info' (and everything under it)
[2.152s] Copying ../../build/robot_python/robot_python.egg-info to /home/yusuf/ros2_ws/install/robot_python/lib/python3.10/site-packages/robot_python-0.0.0-py3.10.egg-info
[2.152s] running install_scripts
[2.177s] Installing my_publisher script to /home/yusuf/ros2_ws/install/robot_python/lib/robot_python
[2.177s] Installing my_service script to /home/yusuf/ros2_ws/install/robot_python/lib/robot_python
[2.177s] Installing my_subscriber script to /home/yusuf/ros2_ws/install/robot_python/lib/robot_python
[2.178s] Installing my_subtest script to /home/yusuf/ros2_ws/install/robot_python/lib/robot_python
[2.178s] Installing test_node script to /home/yusuf/ros2_ws/install/robot_python/lib/robot_python
[2.178s] Installing turtlesim_go = robot_python.turtlesim_go:maintest_tf script to /home/yusuf/ros2_ws/install/robot_python/lib/robot_python
[2.179s] writing list of installed files to '/home/yusuf/ros2_ws/build/robot_python/install.log'
[2.204s] Invoked command in '/home/yusuf/ros2_ws/src/robot_python' returned '0': PYTHONPATH=/home/yusuf/ros2_ws/build/robot_python/prefix_override:/home/yusuf/ros2_ws/install/robot_python/lib/python3.10/site-packages:${PYTHONPATH} /usr/bin/python3 setup.py egg_info --egg-base ../../build/robot_python build --build-base /home/yusuf/ros2_ws/build/robot_python/build install --record /home/yusuf/ros2_ws/build/robot_python/install.log --single-version-externally-managed
