[0.651s] Invoking command in '/home/yusuf/ros2_ws/build/turtlebot3_description': CMAKE_PREFIX_PATH=${CMAKE_PREFIX_PATH}:/home/yusuf/ros2_ws/install/turtlebot3_teleop:/home/yusuf/ros2_ws/install/turtlebot3_example:/home/yusuf/ros2_ws/install/robot_python:/opt/ros/humble /usr/bin/cmake --build /home/yusuf/ros2_ws/build/turtlebot3_description -- -j8 -l8
[1.405s] Invoked command in '/home/yusuf/ros2_ws/build/turtlebot3_description' returned '0': CMAKE_PREFIX_PATH=${CMAKE_PREFIX_PATH}:/home/yusuf/ros2_ws/install/turtlebot3_teleop:/home/yusuf/ros2_ws/install/turtlebot3_example:/home/yusuf/ros2_ws/install/robot_python:/opt/ros/humble /usr/bin/cmake --build /home/yusuf/ros2_ws/build/turtlebot3_description -- -j8 -l8
[1.463s] Invoking command in '/home/yusuf/ros2_ws/build/turtlebot3_description': CMAKE_PREFIX_PATH=${CMAKE_PREFIX_PATH}:/home/yusuf/ros2_ws/install/turtlebot3_teleop:/home/yusuf/ros2_ws/install/turtlebot3_example:/home/yusuf/ros2_ws/install/robot_python:/opt/ros/humble /usr/bin/cmake --install /home/yusuf/ros2_ws/build/turtlebot3_description
[1.481s] -- Install configuration: ""
[1.482s] -- Up-to-date: /home/yusuf/ros2_ws/install/turtlebot3_description/share/turtlebot3_description/meshes
[1.482s] -- Up-to-date: /home/yusuf/ros2_ws/install/turtlebot3_description/share/turtlebot3_description/meshes/bases
[1.482s] -- Up-to-date: /home/yusuf/ros2_ws/install/turtlebot3_description/share/turtlebot3_description/meshes/bases/burger_base.stl
[1.482s] -- Up-to-date: /home/yusuf/ros2_ws/install/turtlebot3_description/share/turtlebot3_description/meshes/bases/waffle_base.stl
[1.483s] -- Up-to-date: /home/yusuf/ros2_ws/install/turtlebot3_description/share/turtlebot3_description/meshes/bases/waffle_pi_base.stl
[1.483s] -- Up-to-date: /home/yusuf/ros2_ws/install/turtlebot3_description/share/turtlebot3_description/meshes/wheels
[1.483s] -- Up-to-date: /home/yusuf/ros2_ws/install/turtlebot3_description/share/turtlebot3_description/meshes/wheels/right_tire.stl
[1.483s] -- Up-to-date: /home/yusuf/ros2_ws/install/turtlebot3_description/share/turtlebot3_description/meshes/wheels/left_tire.stl
[1.484s] -- Up-to-date: /home/yusuf/ros2_ws/install/turtlebot3_description/share/turtlebot3_description/meshes/sensors
[1.484s] -- Up-to-date: /home/yusuf/ros2_ws/install/turtlebot3_description/share/turtlebot3_description/meshes/sensors/r200.dae
[1.484s] -- Up-to-date: /home/yusuf/ros2_ws/install/turtlebot3_description/share/turtlebot3_description/meshes/sensors/astra.jpg
[1.484s] -- Up-to-date: /home/yusuf/ros2_ws/install/turtlebot3_description/share/turtlebot3_description/meshes/sensors/r200.jpg
[1.484s] -- Up-to-date: /home/yusuf/ros2_ws/install/turtlebot3_description/share/turtlebot3_description/meshes/sensors/astra.dae
[1.484s] -- Up-to-date: /home/yusuf/ros2_ws/install/turtlebot3_description/share/turtlebot3_description/meshes/sensors/lds.stl
[1.485s] -- Up-to-date: /home/yusuf/ros2_ws/install/turtlebot3_description/share/turtlebot3_description/rviz
[1.485s] -- Up-to-date: /home/yusuf/ros2_ws/install/turtlebot3_description/share/turtlebot3_description/rviz/model.rviz
[1.485s] -- Up-to-date: /home/yusuf/ros2_ws/install/turtlebot3_description/share/turtlebot3_description/urdf
[1.485s] -- Up-to-date: /home/yusuf/ros2_ws/install/turtlebot3_description/share/turtlebot3_description/urdf/turtlebot3_burger.urdf
[1.485s] -- Up-to-date: /home/yusuf/ros2_ws/install/turtlebot3_description/share/turtlebot3_description/urdf/turtlebot3_waffle.urdf
[1.490s] -- Up-to-date: /home/yusuf/ros2_ws/install/turtlebot3_description/share/turtlebot3_description/urdf/turtlebot3_waffle_pi.urdf
[1.492s] -- Up-to-date: /home/yusuf/ros2_ws/install/turtlebot3_description/share/turtlebot3_description/urdf/common_properties.urdf
[1.493s] -- Up-to-date: /home/yusuf/ros2_ws/install/turtlebot3_description/share/ament_index/resource_index/package_run_dependencies/turtlebot3_description
[1.495s] -- Up-to-date: /home/yusuf/ros2_ws/install/turtlebot3_description/share/ament_index/resource_index/parent_prefix_path/turtlebot3_description
[1.497s] -- Up-to-date: /home/yusuf/ros2_ws/install/turtlebot3_description/share/turtlebot3_description/environment/ament_prefix_path.sh
[1.498s] -- Up-to-date: /home/yusuf/ros2_ws/install/turtlebot3_description/share/turtlebot3_description/environment/ament_prefix_path.dsv
[1.498s] -- Up-to-date: /home/yusuf/ros2_ws/install/turtlebot3_description/share/turtlebot3_description/environment/path.sh
[1.499s] -- Up-to-date: /home/yusuf/ros2_ws/install/turtlebot3_description/share/turtlebot3_description/environment/path.dsv
[1.502s] -- Up-to-date: /home/yusuf/ros2_ws/install/turtlebot3_description/share/turtlebot3_description/local_setup.bash
[1.504s] -- Up-to-date: /home/yusuf/ros2_ws/install/turtlebot3_description/share/turtlebot3_description/local_setup.sh
[1.505s] -- Up-to-date: /home/yusuf/ros2_ws/install/turtlebot3_description/share/turtlebot3_description/local_setup.zsh
[1.506s] -- Up-to-date: /home/yusuf/ros2_ws/install/turtlebot3_description/share/turtlebot3_description/local_setup.dsv
[1.515s] -- Installing: /home/yusuf/ros2_ws/install/turtlebot3_description/share/turtlebot3_description/package.dsv
[1.516s] -- Up-to-date: /home/yusuf/ros2_ws/install/turtlebot3_description/share/ament_index/resource_index/packages/turtlebot3_description
[1.516s] -- Up-to-date: /home/yusuf/ros2_ws/install/turtlebot3_description/share/turtlebot3_description/cmake/turtlebot3_descriptionConfig.cmake
[1.516s] -- Up-to-date: /home/yusuf/ros2_ws/install/turtlebot3_description/share/turtlebot3_description/cmake/turtlebot3_descriptionConfig-version.cmake
[1.516s] -- Up-to-date: /home/yusuf/ros2_ws/install/turtlebot3_description/share/turtlebot3_description/package.xml
[1.723s] Invoked command in '/home/yusuf/ros2_ws/build/turtlebot3_description' returned '0': CMAKE_PREFIX_PATH=${CMAKE_PREFIX_PATH}:/home/yusuf/ros2_ws/install/turtlebot3_teleop:/home/yusuf/ros2_ws/install/turtlebot3_example:/home/yusuf/ros2_ws/install/robot_python:/opt/ros/humble /usr/bin/cmake --install /home/yusuf/ros2_ws/build/turtlebot3_description
