[0.207s] Invoking command in '/home/yusuf/ros2_ws/build/turtlebot3': AMENT_PREFIX_PATH=/home/yusuf/ros2_ws/install/turtlebot3_bringup:/home/yusuf/ros2_ws/install/turtlebot3_teleop:/home/yusuf/ros2_ws/install/turtlebot3_node:/home/yusuf/ros2_ws/install/turtlebot3_navigation2:/home/yusuf/ros2_ws/install/turtlebot3_example:/home/yusuf/ros2_ws/install/turtlebot3_description:/home/yusuf/ros2_ws/install/turtlebot3_cartographer:${AMENT_PREFIX_PATH} CMAKE_PREFIX_PATH=/home/yusuf/ros2_ws/install/turtlebot3_bringup:/home/yusuf/ros2_ws/install/turtlebot3_node:/home/yusuf/ros2_ws/install/turtlebot3_navigation2:/home/yusuf/ros2_ws/install/turtlebot3_description:/home/yusuf/ros2_ws/install/turtlebot3_cartographer:/opt/ros/humble PYTHONPATH=/home/yusuf/ros2_ws/install/turtlebot3_teleop/lib/python3.10/site-packages:/home/yusuf/ros2_ws/install/turtlebot3_example/lib/python3.10/site-packages:${PYTHONPATH} /usr/bin/cmake --build /home/yusuf/ros2_ws/build/turtlebot3 -- -j8 -l8
[0.330s] Invoked command in '/home/yusuf/ros2_ws/build/turtlebot3' returned '0': AMENT_PREFIX_PATH=/home/yusuf/ros2_ws/install/turtlebot3_bringup:/home/yusuf/ros2_ws/install/turtlebot3_teleop:/home/yusuf/ros2_ws/install/turtlebot3_node:/home/yusuf/ros2_ws/install/turtlebot3_navigation2:/home/yusuf/ros2_ws/install/turtlebot3_example:/home/yusuf/ros2_ws/install/turtlebot3_description:/home/yusuf/ros2_ws/install/turtlebot3_cartographer:${AMENT_PREFIX_PATH} CMAKE_PREFIX_PATH=/home/yusuf/ros2_ws/install/turtlebot3_bringup:/home/yusuf/ros2_ws/install/turtlebot3_node:/home/yusuf/ros2_ws/install/turtlebot3_navigation2:/home/yusuf/ros2_ws/install/turtlebot3_description:/home/yusuf/ros2_ws/install/turtlebot3_cartographer:/opt/ros/humble PYTHONPATH=/home/yusuf/ros2_ws/install/turtlebot3_teleop/lib/python3.10/site-packages:/home/yusuf/ros2_ws/install/turtlebot3_example/lib/python3.10/site-packages:${PYTHONPATH} /usr/bin/cmake --build /home/yusuf/ros2_ws/build/turtlebot3 -- -j8 -l8
[0.487s] Invoking command in '/home/yusuf/ros2_ws/build/turtlebot3': AMENT_PREFIX_PATH=/home/yusuf/ros2_ws/install/turtlebot3_bringup:/home/yusuf/ros2_ws/install/turtlebot3_teleop:/home/yusuf/ros2_ws/install/turtlebot3_node:/home/yusuf/ros2_ws/install/turtlebot3_navigation2:/home/yusuf/ros2_ws/install/turtlebot3_example:/home/yusuf/ros2_ws/install/turtlebot3_description:/home/yusuf/ros2_ws/install/turtlebot3_cartographer:${AMENT_PREFIX_PATH} CMAKE_PREFIX_PATH=/home/yusuf/ros2_ws/install/turtlebot3_bringup:/home/yusuf/ros2_ws/install/turtlebot3_node:/home/yusuf/ros2_ws/install/turtlebot3_navigation2:/home/yusuf/ros2_ws/install/turtlebot3_description:/home/yusuf/ros2_ws/install/turtlebot3_cartographer:/opt/ros/humble PYTHONPATH=/home/yusuf/ros2_ws/install/turtlebot3_teleop/lib/python3.10/site-packages:/home/yusuf/ros2_ws/install/turtlebot3_example/lib/python3.10/site-packages:${PYTHONPATH} /usr/bin/cmake --install /home/yusuf/ros2_ws/build/turtlebot3
[0.496s] -- Install configuration: ""
[0.496s] -- Up-to-date: /home/yusuf/ros2_ws/install/turtlebot3/share/ament_index/resource_index/package_run_dependencies/turtlebot3
[0.497s] -- Up-to-date: /home/yusuf/ros2_ws/install/turtlebot3/share/ament_index/resource_index/parent_prefix_path/turtlebot3
[0.497s] -- Up-to-date: /home/yusuf/ros2_ws/install/turtlebot3/share/turtlebot3/environment/ament_prefix_path.sh
[0.497s] -- Up-to-date: /home/yusuf/ros2_ws/install/turtlebot3/share/turtlebot3/environment/ament_prefix_path.dsv
[0.497s] -- Up-to-date: /home/yusuf/ros2_ws/install/turtlebot3/share/turtlebot3/environment/path.sh
[0.497s] -- Up-to-date: /home/yusuf/ros2_ws/install/turtlebot3/share/turtlebot3/environment/path.dsv
[0.500s] -- Up-to-date: /home/yusuf/ros2_ws/install/turtlebot3/share/turtlebot3/local_setup.bash
[0.500s] -- Up-to-date: /home/yusuf/ros2_ws/install/turtlebot3/share/turtlebot3/local_setup.sh
[0.501s] -- Up-to-date: /home/yusuf/ros2_ws/install/turtlebot3/share/turtlebot3/local_setup.zsh
[0.501s] -- Up-to-date: /home/yusuf/ros2_ws/install/turtlebot3/share/turtlebot3/local_setup.dsv
[0.502s] -- Installing: /home/yusuf/ros2_ws/install/turtlebot3/share/turtlebot3/package.dsv
[0.502s] -- Up-to-date: /home/yusuf/ros2_ws/install/turtlebot3/share/ament_index/resource_index/packages/turtlebot3
[0.503s] -- Up-to-date: /home/yusuf/ros2_ws/install/turtlebot3/share/turtlebot3/cmake/turtlebot3Config.cmake
[0.503s] -- Up-to-date: /home/yusuf/ros2_ws/install/turtlebot3/share/turtlebot3/cmake/turtlebot3Config-version.cmake
[0.503s] -- Up-to-date: /home/yusuf/ros2_ws/install/turtlebot3/share/turtlebot3/package.xml
[0.629s] Invoked command in '/home/yusuf/ros2_ws/build/turtlebot3' returned '0': AMENT_PREFIX_PATH=/home/yusuf/ros2_ws/install/turtlebot3_bringup:/home/yusuf/ros2_ws/install/turtlebot3_teleop:/home/yusuf/ros2_ws/install/turtlebot3_node:/home/yusuf/ros2_ws/install/turtlebot3_navigation2:/home/yusuf/ros2_ws/install/turtlebot3_example:/home/yusuf/ros2_ws/install/turtlebot3_description:/home/yusuf/ros2_ws/install/turtlebot3_cartographer:${AMENT_PREFIX_PATH} CMAKE_PREFIX_PATH=/home/yusuf/ros2_ws/install/turtlebot3_bringup:/home/yusuf/ros2_ws/install/turtlebot3_node:/home/yusuf/ros2_ws/install/turtlebot3_navigation2:/home/yusuf/ros2_ws/install/turtlebot3_description:/home/yusuf/ros2_ws/install/turtlebot3_cartographer:/opt/ros/humble PYTHONPATH=/home/yusuf/ros2_ws/install/turtlebot3_teleop/lib/python3.10/site-packages:/home/yusuf/ros2_ws/install/turtlebot3_example/lib/python3.10/site-packages:${PYTHONPATH} /usr/bin/cmake --install /home/yusuf/ros2_ws/build/turtlebot3
