[0.857s] DEBUG:colcon:Command line arguments: ['/usr/bin/colcon', 'build']
[0.857s] DEBUG:colcon:Parsed command line arguments: Namespace(log_base=None, log_level=None, verb_name='build', build_base='build', install_base='install', merge_install=False, symlink_install=False, test_result_base=None, continue_on_error=False, executor='parallel', parallel_workers=8, event_handlers=None, ignore_user_meta=False, metas=['./colcon.meta'], base_paths=['.'], packages_ignore=None, packages_ignore_regex=None, paths=None, packages_up_to=None, packages_up_to_regex=None, packages_above=None, packages_above_and_dependencies=None, packages_above_depth=None, packages_select_by_dep=None, packages_skip_by_dep=None, packages_skip_up_to=None, packages_select_build_failed=False, packages_skip_build_finished=False, packages_select_test_failures=False, packages_skip_test_passed=False, packages_select=None, packages_skip=None, packages_select_regex=None, packages_skip_regex=None, packages_start=None, packages_end=None, allow_overriding=[], cmake_args=None, cmake_target=None, cmake_target_skip_unavailable=False, cmake_clean_cache=False, cmake_clean_first=False, cmake_force_configure=False, ament_cmake_args=None, catkin_cmake_args=None, catkin_skip_building_tests=False, verb_parser=<colcon_defaults.argument_parser.defaults.DefaultArgumentsDecorator object at 0x7fa3d3cd42b0>, verb_extension=<colcon_core.verb.build.BuildVerb object at 0x7fa3d40c3d60>, main=<bound method BuildVerb.main of <colcon_core.verb.build.BuildVerb object at 0x7fa3d40c3d60>>)
[0.903s] Level 1:colcon.colcon_core.package_discovery:discover_packages(colcon_meta) check parameters
[0.903s] Level 1:colcon.colcon_core.package_discovery:discover_packages(recursive) check parameters
[0.903s] Level 1:colcon.colcon_core.package_discovery:discover_packages(ignore) check parameters
[0.903s] Level 1:colcon.colcon_core.package_discovery:discover_packages(path) check parameters
[0.903s] Level 1:colcon.colcon_core.package_discovery:discover_packages(colcon_meta) discover
[0.903s] Level 1:colcon.colcon_core.package_discovery:discover_packages(recursive) discover
[0.903s] INFO:colcon.colcon_core.package_discovery:Crawling recursively for packages in '/home/yusuf/ros2_ws'
[0.903s] Level 1:colcon.colcon_core.package_identification:_identify(.) by extensions ['ignore', 'ignore_ament_install']
[0.903s] Level 1:colcon.colcon_core.package_identification:_identify(.) by extension 'ignore'
[0.903s] Level 1:colcon.colcon_core.package_identification:_identify(.) by extension 'ignore_ament_install'
[0.903s] Level 1:colcon.colcon_core.package_identification:_identify(.) by extensions ['colcon_pkg']
[0.903s] Level 1:colcon.colcon_core.package_identification:_identify(.) by extension 'colcon_pkg'
[0.903s] Level 1:colcon.colcon_core.package_identification:_identify(.) by extensions ['colcon_meta']
[0.903s] Level 1:colcon.colcon_core.package_identification:_identify(.) by extension 'colcon_meta'
[0.903s] Level 1:colcon.colcon_core.package_identification:_identify(.) by extensions ['ros']
[0.903s] Level 1:colcon.colcon_core.package_identification:_identify(.) by extension 'ros'
[0.915s] Level 1:colcon.colcon_core.package_identification:_identify(.) by extensions ['cmake', 'python']
[0.915s] Level 1:colcon.colcon_core.package_identification:_identify(.) by extension 'cmake'
[0.915s] Level 1:colcon.colcon_core.package_identification:_identify(.) by extension 'python'
[0.915s] Level 1:colcon.colcon_core.package_identification:_identify(.) by extensions ['python_setup_py']
[0.915s] Level 1:colcon.colcon_core.package_identification:_identify(.) by extension 'python_setup_py'
[0.915s] Level 1:colcon.colcon_core.package_identification:_identify(build) by extensions ['ignore', 'ignore_ament_install']
[0.916s] Level 1:colcon.colcon_core.package_identification:_identify(build) by extension 'ignore'
[0.916s] Level 1:colcon.colcon_core.package_identification:_identify(build) ignored
[0.916s] Level 1:colcon.colcon_core.package_identification:_identify(install) by extensions ['ignore', 'ignore_ament_install']
[0.916s] Level 1:colcon.colcon_core.package_identification:_identify(install) by extension 'ignore'
[0.916s] Level 1:colcon.colcon_core.package_identification:_identify(install) ignored
[0.916s] Level 1:colcon.colcon_core.package_identification:_identify(log) by extensions ['ignore', 'ignore_ament_install']
[0.916s] Level 1:colcon.colcon_core.package_identification:_identify(log) by extension 'ignore'
[0.916s] Level 1:colcon.colcon_core.package_identification:_identify(log) ignored
[0.916s] Level 1:colcon.colcon_core.package_identification:_identify(src) by extensions ['ignore', 'ignore_ament_install']
[0.916s] Level 1:colcon.colcon_core.package_identification:_identify(src) by extension 'ignore'
[0.916s] Level 1:colcon.colcon_core.package_identification:_identify(src) by extension 'ignore_ament_install'
[0.916s] Level 1:colcon.colcon_core.package_identification:_identify(src) by extensions ['colcon_pkg']
[0.916s] Level 1:colcon.colcon_core.package_identification:_identify(src) by extension 'colcon_pkg'
[0.916s] Level 1:colcon.colcon_core.package_identification:_identify(src) by extensions ['colcon_meta']
[0.916s] Level 1:colcon.colcon_core.package_identification:_identify(src) by extension 'colcon_meta'
[0.916s] Level 1:colcon.colcon_core.package_identification:_identify(src) by extensions ['ros']
[0.916s] Level 1:colcon.colcon_core.package_identification:_identify(src) by extension 'ros'
[0.916s] Level 1:colcon.colcon_core.package_identification:_identify(src) by extensions ['cmake', 'python']
[0.916s] Level 1:colcon.colcon_core.package_identification:_identify(src) by extension 'cmake'
[0.917s] Level 1:colcon.colcon_core.package_identification:_identify(src) by extension 'python'
[0.917s] Level 1:colcon.colcon_core.package_identification:_identify(src) by extensions ['python_setup_py']
[0.917s] Level 1:colcon.colcon_core.package_identification:_identify(src) by extension 'python_setup_py'
[0.917s] Level 1:colcon.colcon_core.package_identification:_identify(src/my_cpp_py_pkg) by extensions ['ignore', 'ignore_ament_install']
[0.917s] Level 1:colcon.colcon_core.package_identification:_identify(src/my_cpp_py_pkg) by extension 'ignore'
[0.917s] Level 1:colcon.colcon_core.package_identification:_identify(src/my_cpp_py_pkg) by extension 'ignore_ament_install'
[0.917s] Level 1:colcon.colcon_core.package_identification:_identify(src/my_cpp_py_pkg) by extensions ['colcon_pkg']
[0.917s] Level 1:colcon.colcon_core.package_identification:_identify(src/my_cpp_py_pkg) by extension 'colcon_pkg'
[0.917s] Level 1:colcon.colcon_core.package_identification:_identify(src/my_cpp_py_pkg) by extensions ['colcon_meta']
[0.917s] Level 1:colcon.colcon_core.package_identification:_identify(src/my_cpp_py_pkg) by extension 'colcon_meta'
[0.917s] Level 1:colcon.colcon_core.package_identification:_identify(src/my_cpp_py_pkg) by extensions ['ros']
[0.917s] Level 1:colcon.colcon_core.package_identification:_identify(src/my_cpp_py_pkg) by extension 'ros'
[0.919s] DEBUG:colcon.colcon_core.package_identification:Package 'src/my_cpp_py_pkg' with type 'ros.ament_cmake' and name 'my_cpp_py_pkg'
[0.920s] Level 1:colcon.colcon_core.package_identification:_identify(src/robot_control) by extensions ['ignore', 'ignore_ament_install']
[0.920s] Level 1:colcon.colcon_core.package_identification:_identify(src/robot_control) by extension 'ignore'
[0.920s] Level 1:colcon.colcon_core.package_identification:_identify(src/robot_control) by extension 'ignore_ament_install'
[0.920s] Level 1:colcon.colcon_core.package_identification:_identify(src/robot_control) by extensions ['colcon_pkg']
[0.920s] Level 1:colcon.colcon_core.package_identification:_identify(src/robot_control) by extension 'colcon_pkg'
[0.920s] Level 1:colcon.colcon_core.package_identification:_identify(src/robot_control) by extensions ['colcon_meta']
[0.920s] Level 1:colcon.colcon_core.package_identification:_identify(src/robot_control) by extension 'colcon_meta'
[0.920s] Level 1:colcon.colcon_core.package_identification:_identify(src/robot_control) by extensions ['ros']
[0.920s] Level 1:colcon.colcon_core.package_identification:_identify(src/robot_control) by extension 'ros'
[0.920s] DEBUG:colcon.colcon_core.package_identification:Package 'src/robot_control' with type 'ros.ament_cmake' and name 'robot_control'
[0.920s] Level 1:colcon.colcon_core.package_identification:_identify(src/robot_cpp) by extensions ['ignore', 'ignore_ament_install']
[0.920s] Level 1:colcon.colcon_core.package_identification:_identify(src/robot_cpp) by extension 'ignore'
[0.920s] Level 1:colcon.colcon_core.package_identification:_identify(src/robot_cpp) by extension 'ignore_ament_install'
[0.921s] Level 1:colcon.colcon_core.package_identification:_identify(src/robot_cpp) by extensions ['colcon_pkg']
[0.921s] Level 1:colcon.colcon_core.package_identification:_identify(src/robot_cpp) by extension 'colcon_pkg'
[0.921s] Level 1:colcon.colcon_core.package_identification:_identify(src/robot_cpp) by extensions ['colcon_meta']
[0.921s] Level 1:colcon.colcon_core.package_identification:_identify(src/robot_cpp) by extension 'colcon_meta'
[0.921s] Level 1:colcon.colcon_core.package_identification:_identify(src/robot_cpp) by extensions ['ros']
[0.921s] Level 1:colcon.colcon_core.package_identification:_identify(src/robot_cpp) by extension 'ros'
[0.921s] DEBUG:colcon.colcon_core.package_identification:Package 'src/robot_cpp' with type 'ros.ament_cmake' and name 'robot_cpp'
[0.921s] Level 1:colcon.colcon_core.package_identification:_identify(src/robot_python) by extensions ['ignore', 'ignore_ament_install']
[0.921s] Level 1:colcon.colcon_core.package_identification:_identify(src/robot_python) by extension 'ignore'
[0.921s] Level 1:colcon.colcon_core.package_identification:_identify(src/robot_python) by extension 'ignore_ament_install'
[0.922s] Level 1:colcon.colcon_core.package_identification:_identify(src/robot_python) by extensions ['colcon_pkg']
[0.922s] Level 1:colcon.colcon_core.package_identification:_identify(src/robot_python) by extension 'colcon_pkg'
[0.922s] Level 1:colcon.colcon_core.package_identification:_identify(src/robot_python) by extensions ['colcon_meta']
[0.922s] Level 1:colcon.colcon_core.package_identification:_identify(src/robot_python) by extension 'colcon_meta'
[0.922s] Level 1:colcon.colcon_core.package_identification:_identify(src/robot_python) by extensions ['ros']
[0.922s] Level 1:colcon.colcon_core.package_identification:_identify(src/robot_python) by extension 'ros'
[0.923s] DEBUG:colcon.colcon_core.package_identification:Package 'src/robot_python' with type 'ros.ament_python' and name 'robot_python'
[0.923s] Level 1:colcon.colcon_core.package_identification:_identify(src/robot_test) by extensions ['ignore', 'ignore_ament_install']
[0.923s] Level 1:colcon.colcon_core.package_identification:_identify(src/robot_test) by extension 'ignore'
[0.923s] Level 1:colcon.colcon_core.package_identification:_identify(src/robot_test) by extension 'ignore_ament_install'
[0.923s] Level 1:colcon.colcon_core.package_identification:_identify(src/robot_test) by extensions ['colcon_pkg']
[0.923s] Level 1:colcon.colcon_core.package_identification:_identify(src/robot_test) by extension 'colcon_pkg'
[0.923s] Level 1:colcon.colcon_core.package_identification:_identify(src/robot_test) by extensions ['colcon_meta']
[0.923s] Level 1:colcon.colcon_core.package_identification:_identify(src/robot_test) by extension 'colcon_meta'
[0.923s] Level 1:colcon.colcon_core.package_identification:_identify(src/robot_test) by extensions ['ros']
[0.923s] Level 1:colcon.colcon_core.package_identification:_identify(src/robot_test) by extension 'ros'
[0.923s] DEBUG:colcon.colcon_core.package_identification:Package 'src/robot_test' with type 'ros.ament_cmake' and name 'robot_test'
[0.923s] Level 1:colcon.colcon_core.package_discovery:discover_packages(recursive) using defaults
[0.923s] Level 1:colcon.colcon_core.package_discovery:discover_packages(ignore) discover
[0.923s] Level 1:colcon.colcon_core.package_discovery:discover_packages(ignore) using defaults
[0.923s] Level 1:colcon.colcon_core.package_discovery:discover_packages(path) discover
[0.924s] Level 1:colcon.colcon_core.package_discovery:discover_packages(path) using defaults
[1.013s] Level 1:colcon.colcon_core.package_discovery:discover_packages(prefix_path) check parameters
[1.013s] Level 1:colcon.colcon_core.package_discovery:discover_packages(prefix_path) discover
[1.043s] DEBUG:colcon.colcon_installed_package_information.package_discovery:Found 270 installed packages in /opt/ros/humble
[1.044s] Level 1:colcon.colcon_core.package_discovery:discover_packages(prefix_path) using defaults
[1.138s] Level 5:colcon.colcon_core.verb:set package 'my_cpp_py_pkg' build argument 'cmake_args' from command line to 'None'
[1.138s] Level 5:colcon.colcon_core.verb:set package 'my_cpp_py_pkg' build argument 'cmake_target' from command line to 'None'
[1.138s] Level 5:colcon.colcon_core.verb:set package 'my_cpp_py_pkg' build argument 'cmake_target_skip_unavailable' from command line to 'False'
[1.138s] Level 5:colcon.colcon_core.verb:set package 'my_cpp_py_pkg' build argument 'cmake_clean_cache' from command line to 'False'
[1.138s] Level 5:colcon.colcon_core.verb:set package 'my_cpp_py_pkg' build argument 'cmake_clean_first' from command line to 'False'
[1.138s] Level 5:colcon.colcon_core.verb:set package 'my_cpp_py_pkg' build argument 'cmake_force_configure' from command line to 'False'
[1.138s] Level 5:colcon.colcon_core.verb:set package 'my_cpp_py_pkg' build argument 'ament_cmake_args' from command line to 'None'
[1.138s] Level 5:colcon.colcon_core.verb:set package 'my_cpp_py_pkg' build argument 'catkin_cmake_args' from command line to 'None'
[1.138s] Level 5:colcon.colcon_core.verb:set package 'my_cpp_py_pkg' build argument 'catkin_skip_building_tests' from command line to 'False'
[1.138s] DEBUG:colcon.colcon_core.verb:Building package 'my_cpp_py_pkg' with the following arguments: {'ament_cmake_args': None, 'build_base': '/home/yusuf/ros2_ws/build/my_cpp_py_pkg', 'catkin_cmake_args': None, 'catkin_skip_building_tests': False, 'cmake_args': None, 'cmake_clean_cache': False, 'cmake_clean_first': False, 'cmake_force_configure': False, 'cmake_target': None, 'cmake_target_skip_unavailable': False, 'install_base': '/home/yusuf/ros2_ws/install/my_cpp_py_pkg', 'merge_install': False, 'path': '/home/yusuf/ros2_ws/src/my_cpp_py_pkg', 'symlink_install': False, 'test_result_base': None}
[1.152s] Level 5:colcon.colcon_core.verb:set package 'robot_control' build argument 'cmake_args' from command line to 'None'
[1.152s] Level 5:colcon.colcon_core.verb:set package 'robot_control' build argument 'cmake_target' from command line to 'None'
[1.152s] Level 5:colcon.colcon_core.verb:set package 'robot_control' build argument 'cmake_target_skip_unavailable' from command line to 'False'
[1.152s] Level 5:colcon.colcon_core.verb:set package 'robot_control' build argument 'cmake_clean_cache' from command line to 'False'
[1.152s] Level 5:colcon.colcon_core.verb:set package 'robot_control' build argument 'cmake_clean_first' from command line to 'False'
[1.152s] Level 5:colcon.colcon_core.verb:set package 'robot_control' build argument 'cmake_force_configure' from command line to 'False'
[1.152s] Level 5:colcon.colcon_core.verb:set package 'robot_control' build argument 'ament_cmake_args' from command line to 'None'
[1.152s] Level 5:colcon.colcon_core.verb:set package 'robot_control' build argument 'catkin_cmake_args' from command line to 'None'
[1.152s] Level 5:colcon.colcon_core.verb:set package 'robot_control' build argument 'catkin_skip_building_tests' from command line to 'False'
[1.152s] DEBUG:colcon.colcon_core.verb:Building package 'robot_control' with the following arguments: {'ament_cmake_args': None, 'build_base': '/home/yusuf/ros2_ws/build/robot_control', 'catkin_cmake_args': None, 'catkin_skip_building_tests': False, 'cmake_args': None, 'cmake_clean_cache': False, 'cmake_clean_first': False, 'cmake_force_configure': False, 'cmake_target': None, 'cmake_target_skip_unavailable': False, 'install_base': '/home/yusuf/ros2_ws/install/robot_control', 'merge_install': False, 'path': '/home/yusuf/ros2_ws/src/robot_control', 'symlink_install': False, 'test_result_base': None}
[1.165s] Level 5:colcon.colcon_core.verb:set package 'robot_cpp' build argument 'cmake_args' from command line to 'None'
[1.165s] Level 5:colcon.colcon_core.verb:set package 'robot_cpp' build argument 'cmake_target' from command line to 'None'
[1.165s] Level 5:colcon.colcon_core.verb:set package 'robot_cpp' build argument 'cmake_target_skip_unavailable' from command line to 'False'
[1.165s] Level 5:colcon.colcon_core.verb:set package 'robot_cpp' build argument 'cmake_clean_cache' from command line to 'False'
[1.165s] Level 5:colcon.colcon_core.verb:set package 'robot_cpp' build argument 'cmake_clean_first' from command line to 'False'
[1.165s] Level 5:colcon.colcon_core.verb:set package 'robot_cpp' build argument 'cmake_force_configure' from command line to 'False'
[1.165s] Level 5:colcon.colcon_core.verb:set package 'robot_cpp' build argument 'ament_cmake_args' from command line to 'None'
[1.165s] Level 5:colcon.colcon_core.verb:set package 'robot_cpp' build argument 'catkin_cmake_args' from command line to 'None'
[1.165s] Level 5:colcon.colcon_core.verb:set package 'robot_cpp' build argument 'catkin_skip_building_tests' from command line to 'False'
[1.165s] DEBUG:colcon.colcon_core.verb:Building package 'robot_cpp' with the following arguments: {'ament_cmake_args': None, 'build_base': '/home/yusuf/ros2_ws/build/robot_cpp', 'catkin_cmake_args': None, 'catkin_skip_building_tests': False, 'cmake_args': None, 'cmake_clean_cache': False, 'cmake_clean_first': False, 'cmake_force_configure': False, 'cmake_target': None, 'cmake_target_skip_unavailable': False, 'install_base': '/home/yusuf/ros2_ws/install/robot_cpp', 'merge_install': False, 'path': '/home/yusuf/ros2_ws/src/robot_cpp', 'symlink_install': False, 'test_result_base': None}
[1.177s] Level 5:colcon.colcon_core.verb:set package 'robot_python' build argument 'cmake_args' from command line to 'None'
[1.177s] Level 5:colcon.colcon_core.verb:set package 'robot_python' build argument 'cmake_target' from command line to 'None'
[1.177s] Level 5:colcon.colcon_core.verb:set package 'robot_python' build argument 'cmake_target_skip_unavailable' from command line to 'False'
[1.177s] Level 5:colcon.colcon_core.verb:set package 'robot_python' build argument 'cmake_clean_cache' from command line to 'False'
[1.177s] Level 5:colcon.colcon_core.verb:set package 'robot_python' build argument 'cmake_clean_first' from command line to 'False'
[1.177s] Level 5:colcon.colcon_core.verb:set package 'robot_python' build argument 'cmake_force_configure' from command line to 'False'
[1.177s] Level 5:colcon.colcon_core.verb:set package 'robot_python' build argument 'ament_cmake_args' from command line to 'None'
[1.177s] Level 5:colcon.colcon_core.verb:set package 'robot_python' build argument 'catkin_cmake_args' from command line to 'None'
[1.177s] Level 5:colcon.colcon_core.verb:set package 'robot_python' build argument 'catkin_skip_building_tests' from command line to 'False'
[1.177s] DEBUG:colcon.colcon_core.verb:Building package 'robot_python' with the following arguments: {'ament_cmake_args': None, 'build_base': '/home/yusuf/ros2_ws/build/robot_python', 'catkin_cmake_args': None, 'catkin_skip_building_tests': False, 'cmake_args': None, 'cmake_clean_cache': False, 'cmake_clean_first': False, 'cmake_force_configure': False, 'cmake_target': None, 'cmake_target_skip_unavailable': False, 'install_base': '/home/yusuf/ros2_ws/install/robot_python', 'merge_install': False, 'path': '/home/yusuf/ros2_ws/src/robot_python', 'symlink_install': False, 'test_result_base': None}
[1.190s] Level 5:colcon.colcon_core.verb:set package 'robot_test' build argument 'cmake_args' from command line to 'None'
[1.190s] Level 5:colcon.colcon_core.verb:set package 'robot_test' build argument 'cmake_target' from command line to 'None'
[1.190s] Level 5:colcon.colcon_core.verb:set package 'robot_test' build argument 'cmake_target_skip_unavailable' from command line to 'False'
[1.190s] Level 5:colcon.colcon_core.verb:set package 'robot_test' build argument 'cmake_clean_cache' from command line to 'False'
[1.190s] Level 5:colcon.colcon_core.verb:set package 'robot_test' build argument 'cmake_clean_first' from command line to 'False'
[1.190s] Level 5:colcon.colcon_core.verb:set package 'robot_test' build argument 'cmake_force_configure' from command line to 'False'
[1.190s] Level 5:colcon.colcon_core.verb:set package 'robot_test' build argument 'ament_cmake_args' from command line to 'None'
[1.190s] Level 5:colcon.colcon_core.verb:set package 'robot_test' build argument 'catkin_cmake_args' from command line to 'None'
[1.190s] Level 5:colcon.colcon_core.verb:set package 'robot_test' build argument 'catkin_skip_building_tests' from command line to 'False'
[1.190s] DEBUG:colcon.colcon_core.verb:Building package 'robot_test' with the following arguments: {'ament_cmake_args': None, 'build_base': '/home/yusuf/ros2_ws/build/robot_test', 'catkin_cmake_args': None, 'catkin_skip_building_tests': False, 'cmake_args': None, 'cmake_clean_cache': False, 'cmake_clean_first': False, 'cmake_force_configure': False, 'cmake_target': None, 'cmake_target_skip_unavailable': False, 'install_base': '/home/yusuf/ros2_ws/install/robot_test', 'merge_install': False, 'path': '/home/yusuf/ros2_ws/src/robot_test', 'symlink_install': False, 'test_result_base': None}
[1.202s] INFO:colcon.colcon_core.executor:Executing jobs using 'parallel' executor
[1.216s] DEBUG:colcon.colcon_parallel_executor.executor.parallel:run_until_complete
[1.216s] INFO:colcon.colcon_ros.task.ament_cmake.build:Building ROS package in '/home/yusuf/ros2_ws/src/my_cpp_py_pkg' with build type 'ament_cmake'
[1.216s] INFO:colcon.colcon_cmake.task.cmake.build:Building CMake package in '/home/yusuf/ros2_ws/src/my_cpp_py_pkg'
[1.230s] INFO:colcon.colcon_core.plugin_system:Skipping extension 'colcon_core.shell.bat': Not used on non-Windows systems
[1.231s] INFO:colcon.colcon_core.shell:Skip shell extension 'powershell' for command environment: Not usable outside of PowerShell
[1.231s] DEBUG:colcon.colcon_core.shell:Skip shell extension 'dsv' for command environment
[1.263s] INFO:colcon.colcon_ros.task.ament_cmake.build:Building ROS package in '/home/yusuf/ros2_ws/src/robot_control' with build type 'ament_cmake'
[1.263s] INFO:colcon.colcon_cmake.task.cmake.build:Building CMake package in '/home/yusuf/ros2_ws/src/robot_control'
[1.279s] INFO:colcon.colcon_core.shell:Skip shell extension 'powershell' for command environment: Not usable outside of PowerShell
[1.279s] DEBUG:colcon.colcon_core.shell:Skip shell extension 'dsv' for command environment
[1.309s] INFO:colcon.colcon_ros.task.ament_cmake.build:Building ROS package in '/home/yusuf/ros2_ws/src/robot_cpp' with build type 'ament_cmake'
[1.309s] INFO:colcon.colcon_cmake.task.cmake.build:Building CMake package in '/home/yusuf/ros2_ws/src/robot_cpp'
[1.324s] INFO:colcon.colcon_core.shell:Skip shell extension 'powershell' for command environment: Not usable outside of PowerShell
[1.324s] DEBUG:colcon.colcon_core.shell:Skip shell extension 'dsv' for command environment
[1.357s] INFO:colcon.colcon_ros.task.ament_python.build:Building ROS package in '/home/yusuf/ros2_ws/src/robot_python' with build type 'ament_python'
[1.357s] Level 1:colcon.colcon_core.shell:create_environment_hook('robot_python', 'ament_prefix_path')
[1.374s] INFO:colcon.colcon_core.shell:Creating environment hook '/home/yusuf/ros2_ws/install/robot_python/share/robot_python/hook/ament_prefix_path.ps1'
[1.375s] INFO:colcon.colcon_core.shell:Creating environment descriptor '/home/yusuf/ros2_ws/install/robot_python/share/robot_python/hook/ament_prefix_path.dsv'
[1.376s] INFO:colcon.colcon_core.shell:Creating environment hook '/home/yusuf/ros2_ws/install/robot_python/share/robot_python/hook/ament_prefix_path.sh'
[1.391s] INFO:colcon.colcon_core.shell:Skip shell extension 'powershell' for command environment: Not usable outside of PowerShell
[1.391s] DEBUG:colcon.colcon_core.shell:Skip shell extension 'dsv' for command environment
[1.420s] INFO:colcon.colcon_ros.task.ament_cmake.build:Building ROS package in '/home/yusuf/ros2_ws/src/robot_test' with build type 'ament_cmake'
[1.420s] INFO:colcon.colcon_cmake.task.cmake.build:Building CMake package in '/home/yusuf/ros2_ws/src/robot_test'
[1.436s] INFO:colcon.colcon_core.shell:Skip shell extension 'powershell' for command environment: Not usable outside of PowerShell
[1.436s] DEBUG:colcon.colcon_core.shell:Skip shell extension 'dsv' for command environment
[1.476s] DEBUG:colcon.colcon_core.event_handler.log_command:Invoking command in '/home/yusuf/ros2_ws/build/my_cpp_py_pkg': CMAKE_PREFIX_PATH=/opt/ros/humble /usr/bin/cmake --build /home/yusuf/ros2_ws/build/my_cpp_py_pkg -- -j8 -l8
[1.479s] DEBUG:colcon.colcon_core.event_handler.log_command:Invoking command in '/home/yusuf/ros2_ws/build/robot_control': CMAKE_PREFIX_PATH=/opt/ros/humble /usr/bin/cmake --build /home/yusuf/ros2_ws/build/robot_control -- -j8 -l8
[1.484s] DEBUG:colcon.colcon_core.event_handler.log_command:Invoking command in '/home/yusuf/ros2_ws/build/robot_cpp': CMAKE_PREFIX_PATH=/opt/ros/humble /usr/bin/cmake --build /home/yusuf/ros2_ws/build/robot_cpp -- -j8 -l8
[1.733s] INFO:colcon.colcon_core.task.python.build:Building Python package in '/home/yusuf/ros2_ws/src/robot_python'
[1.747s] INFO:colcon.colcon_core.shell:Skip shell extension 'powershell' for command environment: Not usable outside of PowerShell
[1.747s] DEBUG:colcon.colcon_core.shell:Skip shell extension 'dsv' for command environment
[1.790s] DEBUG:colcon.colcon_core.event_handler.log_command:Invoking command in '/home/yusuf/ros2_ws/build/robot_test': CMAKE_PREFIX_PATH=/opt/ros/humble /usr/bin/cmake /home/yusuf/ros2_ws/src/robot_test -DCMAKE_INSTALL_PREFIX=/home/yusuf/ros2_ws/install/robot_test
[1.791s] DEBUG:colcon.colcon_core.event_handler.log_command:Invoked command in '/home/yusuf/ros2_ws/build/my_cpp_py_pkg' returned '0': CMAKE_PREFIX_PATH=/opt/ros/humble /usr/bin/cmake --build /home/yusuf/ros2_ws/build/my_cpp_py_pkg -- -j8 -l8
[1.792s] DEBUG:colcon.colcon_core.event_handler.log_command:Invoked command in '/home/yusuf/ros2_ws/build/robot_control' returned '0': CMAKE_PREFIX_PATH=/opt/ros/humble /usr/bin/cmake --build /home/yusuf/ros2_ws/build/robot_control -- -j8 -l8
[1.793s] DEBUG:colcon.colcon_core.event_handler.log_command:Invoked command in '/home/yusuf/ros2_ws/build/robot_cpp' returned '0': CMAKE_PREFIX_PATH=/opt/ros/humble /usr/bin/cmake --build /home/yusuf/ros2_ws/build/robot_cpp -- -j8 -l8
[1.831s] DEBUG:colcon.colcon_core.event_handler.log_command:Invoking command in '/home/yusuf/ros2_ws/build/my_cpp_py_pkg': CMAKE_PREFIX_PATH=/opt/ros/humble /usr/bin/cmake --install /home/yusuf/ros2_ws/build/my_cpp_py_pkg
[1.835s] DEBUG:colcon.colcon_core.event_handler.log_command:Invoking command in '/home/yusuf/ros2_ws/build/robot_control': CMAKE_PREFIX_PATH=/opt/ros/humble /usr/bin/cmake --install /home/yusuf/ros2_ws/build/robot_control
[1.837s] DEBUG:colcon.colcon_core.event_handler.log_command:Invoking command in '/home/yusuf/ros2_ws/build/robot_cpp': CMAKE_PREFIX_PATH=/opt/ros/humble /usr/bin/cmake --install /home/yusuf/ros2_ws/build/robot_cpp
[1.846s] Level 1:colcon.colcon_core.environment:create_environment_scripts_only(my_cpp_py_pkg)
[1.852s] DEBUG:colcon.colcon_core.event_handler.log_command:Invoked command in '/home/yusuf/ros2_ws/build/my_cpp_py_pkg' returned '0': CMAKE_PREFIX_PATH=/opt/ros/humble /usr/bin/cmake --install /home/yusuf/ros2_ws/build/my_cpp_py_pkg
[1.877s] Level 1:colcon.colcon_core.environment:checking '/home/yusuf/ros2_ws/install/my_cpp_py_pkg' for CMake module files
[1.877s] Level 1:colcon.colcon_core.environment:checking '/home/yusuf/ros2_ws/install/my_cpp_py_pkg' for CMake config files
[1.878s] Level 1:colcon.colcon_core.shell:create_environment_hook('my_cpp_py_pkg', 'cmake_prefix_path')
[1.895s] INFO:colcon.colcon_core.shell:Creating environment hook '/home/yusuf/ros2_ws/install/my_cpp_py_pkg/share/my_cpp_py_pkg/hook/cmake_prefix_path.ps1'
[1.895s] INFO:colcon.colcon_core.shell:Creating environment descriptor '/home/yusuf/ros2_ws/install/my_cpp_py_pkg/share/my_cpp_py_pkg/hook/cmake_prefix_path.dsv'
[1.895s] INFO:colcon.colcon_core.shell:Creating environment hook '/home/yusuf/ros2_ws/install/my_cpp_py_pkg/share/my_cpp_py_pkg/hook/cmake_prefix_path.sh'
[1.896s] Level 1:colcon.colcon_core.environment:checking '/home/yusuf/ros2_ws/install/my_cpp_py_pkg/bin'
[1.896s] Level 1:colcon.colcon_core.environment:checking '/home/yusuf/ros2_ws/install/my_cpp_py_pkg/lib/pkgconfig/my_cpp_py_pkg.pc'
[1.897s] Level 1:colcon.colcon_core.environment:checking '/home/yusuf/ros2_ws/install/my_cpp_py_pkg/lib/python3.10/site-packages'
[1.897s] Level 1:colcon.colcon_core.environment:checking '/home/yusuf/ros2_ws/install/my_cpp_py_pkg/bin'
[1.926s] INFO:colcon.colcon_core.shell:Creating package script '/home/yusuf/ros2_ws/install/my_cpp_py_pkg/share/my_cpp_py_pkg/package.ps1'
[1.927s] INFO:colcon.colcon_core.shell:Creating package descriptor '/home/yusuf/ros2_ws/install/my_cpp_py_pkg/share/my_cpp_py_pkg/package.dsv'
[1.928s] INFO:colcon.colcon_core.shell:Creating package script '/home/yusuf/ros2_ws/install/my_cpp_py_pkg/share/my_cpp_py_pkg/package.sh'
[1.929s] INFO:colcon.colcon_core.shell:Creating package script '/home/yusuf/ros2_ws/install/my_cpp_py_pkg/share/my_cpp_py_pkg/package.bash'
[1.929s] INFO:colcon.colcon_core.shell:Creating package script '/home/yusuf/ros2_ws/install/my_cpp_py_pkg/share/my_cpp_py_pkg/package.zsh'
[1.930s] Level 1:colcon.colcon_core.environment:create_file_with_runtime_dependencies(/home/yusuf/ros2_ws/install/my_cpp_py_pkg/share/colcon-core/packages/my_cpp_py_pkg)
[1.933s] Level 1:colcon.colcon_core.environment:create_environment_scripts_only(robot_control)
[1.934s] DEBUG:colcon.colcon_core.event_handler.log_command:Invoked command in '/home/yusuf/ros2_ws/build/robot_control' returned '0': CMAKE_PREFIX_PATH=/opt/ros/humble /usr/bin/cmake --install /home/yusuf/ros2_ws/build/robot_control
[1.955s] Level 1:colcon.colcon_core.environment:checking '/home/yusuf/ros2_ws/install/robot_control' for CMake module files
[1.955s] Level 1:colcon.colcon_core.environment:checking '/home/yusuf/ros2_ws/install/robot_control' for CMake config files
[1.956s] Level 1:colcon.colcon_core.shell:create_environment_hook('robot_control', 'cmake_prefix_path')
[1.974s] INFO:colcon.colcon_core.shell:Creating environment hook '/home/yusuf/ros2_ws/install/robot_control/share/robot_control/hook/cmake_prefix_path.ps1'
[1.975s] INFO:colcon.colcon_core.shell:Creating environment descriptor '/home/yusuf/ros2_ws/install/robot_control/share/robot_control/hook/cmake_prefix_path.dsv'
[1.975s] INFO:colcon.colcon_core.shell:Creating environment hook '/home/yusuf/ros2_ws/install/robot_control/share/robot_control/hook/cmake_prefix_path.sh'
[1.975s] Level 1:colcon.colcon_core.environment:checking '/home/yusuf/ros2_ws/install/robot_control/bin'
[1.976s] Level 1:colcon.colcon_core.environment:checking '/home/yusuf/ros2_ws/install/robot_control/lib/pkgconfig/robot_control.pc'
[1.976s] Level 1:colcon.colcon_core.environment:checking '/home/yusuf/ros2_ws/install/robot_control/lib/python3.10/site-packages'
[1.976s] Level 1:colcon.colcon_core.environment:checking '/home/yusuf/ros2_ws/install/robot_control/bin'
[1.993s] INFO:colcon.colcon_core.shell:Creating package script '/home/yusuf/ros2_ws/install/robot_control/share/robot_control/package.ps1'
[1.994s] INFO:colcon.colcon_core.shell:Creating package descriptor '/home/yusuf/ros2_ws/install/robot_control/share/robot_control/package.dsv'
[1.994s] INFO:colcon.colcon_core.shell:Creating package script '/home/yusuf/ros2_ws/install/robot_control/share/robot_control/package.sh'
[1.995s] INFO:colcon.colcon_core.shell:Creating package script '/home/yusuf/ros2_ws/install/robot_control/share/robot_control/package.bash'
[1.995s] INFO:colcon.colcon_core.shell:Creating package script '/home/yusuf/ros2_ws/install/robot_control/share/robot_control/package.zsh'
[1.995s] Level 1:colcon.colcon_core.environment:create_file_with_runtime_dependencies(/home/yusuf/ros2_ws/install/robot_control/share/colcon-core/packages/robot_control)
[1.997s] Level 1:colcon.colcon_core.environment:create_environment_scripts_only(robot_cpp)
[1.997s] DEBUG:colcon.colcon_core.event_handler.log_command:Invoked command in '/home/yusuf/ros2_ws/build/robot_cpp' returned '0': CMAKE_PREFIX_PATH=/opt/ros/humble /usr/bin/cmake --install /home/yusuf/ros2_ws/build/robot_cpp
[2.016s] Level 1:colcon.colcon_core.environment:checking '/home/yusuf/ros2_ws/install/robot_cpp' for CMake module files
[2.016s] Level 1:colcon.colcon_core.environment:checking '/home/yusuf/ros2_ws/install/robot_cpp' for CMake config files
[2.016s] Level 1:colcon.colcon_core.shell:create_environment_hook('robot_cpp', 'cmake_prefix_path')
[2.034s] INFO:colcon.colcon_core.shell:Creating environment hook '/home/yusuf/ros2_ws/install/robot_cpp/share/robot_cpp/hook/cmake_prefix_path.ps1'
[2.035s] INFO:colcon.colcon_core.shell:Creating environment descriptor '/home/yusuf/ros2_ws/install/robot_cpp/share/robot_cpp/hook/cmake_prefix_path.dsv'
[2.035s] INFO:colcon.colcon_core.shell:Creating environment hook '/home/yusuf/ros2_ws/install/robot_cpp/share/robot_cpp/hook/cmake_prefix_path.sh'
[2.036s] Level 1:colcon.colcon_core.environment:checking '/home/yusuf/ros2_ws/install/robot_cpp/bin'
[2.036s] Level 1:colcon.colcon_core.environment:checking '/home/yusuf/ros2_ws/install/robot_cpp/lib/pkgconfig/robot_cpp.pc'
[2.036s] Level 1:colcon.colcon_core.environment:checking '/home/yusuf/ros2_ws/install/robot_cpp/lib/python3.10/site-packages'
[2.036s] Level 1:colcon.colcon_core.environment:checking '/home/yusuf/ros2_ws/install/robot_cpp/bin'
[2.054s] INFO:colcon.colcon_core.shell:Creating package script '/home/yusuf/ros2_ws/install/robot_cpp/share/robot_cpp/package.ps1'
[2.056s] INFO:colcon.colcon_core.shell:Creating package descriptor '/home/yusuf/ros2_ws/install/robot_cpp/share/robot_cpp/package.dsv'
[2.056s] INFO:colcon.colcon_core.shell:Creating package script '/home/yusuf/ros2_ws/install/robot_cpp/share/robot_cpp/package.sh'
[2.057s] INFO:colcon.colcon_core.shell:Creating package script '/home/yusuf/ros2_ws/install/robot_cpp/share/robot_cpp/package.bash'
[2.057s] INFO:colcon.colcon_core.shell:Creating package script '/home/yusuf/ros2_ws/install/robot_cpp/share/robot_cpp/package.zsh'
[2.058s] Level 1:colcon.colcon_core.environment:create_file_with_runtime_dependencies(/home/yusuf/ros2_ws/install/robot_cpp/share/colcon-core/packages/robot_cpp)
[2.078s] Level 1:colcon.colcon_core.environment:create_environment_scripts_only(my_cpp_py_pkg)
[2.095s] Level 1:colcon.colcon_core.environment:checking '/home/yusuf/ros2_ws/install/my_cpp_py_pkg' for CMake module files
[2.096s] Level 1:colcon.colcon_core.environment:checking '/home/yusuf/ros2_ws/install/my_cpp_py_pkg' for CMake config files
[2.096s] Level 1:colcon.colcon_core.shell:create_environment_hook('my_cpp_py_pkg', 'cmake_prefix_path')
[2.113s] INFO:colcon.colcon_core.shell:Creating environment hook '/home/yusuf/ros2_ws/install/my_cpp_py_pkg/share/my_cpp_py_pkg/hook/cmake_prefix_path.ps1'
[2.114s] INFO:colcon.colcon_core.shell:Creating environment descriptor '/home/yusuf/ros2_ws/install/my_cpp_py_pkg/share/my_cpp_py_pkg/hook/cmake_prefix_path.dsv'
[2.114s] INFO:colcon.colcon_core.shell:Creating environment hook '/home/yusuf/ros2_ws/install/my_cpp_py_pkg/share/my_cpp_py_pkg/hook/cmake_prefix_path.sh'
[2.115s] Level 1:colcon.colcon_core.environment:checking '/home/yusuf/ros2_ws/install/my_cpp_py_pkg/bin'
[2.115s] Level 1:colcon.colcon_core.environment:checking '/home/yusuf/ros2_ws/install/my_cpp_py_pkg/lib/pkgconfig/my_cpp_py_pkg.pc'
[2.115s] Level 1:colcon.colcon_core.environment:checking '/home/yusuf/ros2_ws/install/my_cpp_py_pkg/lib/python3.10/site-packages'
[2.116s] Level 1:colcon.colcon_core.environment:checking '/home/yusuf/ros2_ws/install/my_cpp_py_pkg/bin'
[2.135s] INFO:colcon.colcon_core.shell:Creating package script '/home/yusuf/ros2_ws/install/my_cpp_py_pkg/share/my_cpp_py_pkg/package.ps1'
[2.136s] INFO:colcon.colcon_core.shell:Creating package descriptor '/home/yusuf/ros2_ws/install/my_cpp_py_pkg/share/my_cpp_py_pkg/package.dsv'
[2.136s] INFO:colcon.colcon_core.shell:Creating package script '/home/yusuf/ros2_ws/install/my_cpp_py_pkg/share/my_cpp_py_pkg/package.sh'
[2.137s] INFO:colcon.colcon_core.shell:Creating package script '/home/yusuf/ros2_ws/install/my_cpp_py_pkg/share/my_cpp_py_pkg/package.bash'
[2.137s] INFO:colcon.colcon_core.shell:Creating package script '/home/yusuf/ros2_ws/install/my_cpp_py_pkg/share/my_cpp_py_pkg/package.zsh'
[2.138s] Level 1:colcon.colcon_core.environment:create_file_with_runtime_dependencies(/home/yusuf/ros2_ws/install/my_cpp_py_pkg/share/colcon-core/packages/my_cpp_py_pkg)
[2.158s] Level 1:colcon.colcon_core.environment:create_environment_scripts_only(robot_control)
[2.177s] Level 1:colcon.colcon_core.environment:checking '/home/yusuf/ros2_ws/install/robot_control' for CMake module files
[2.178s] Level 1:colcon.colcon_core.environment:checking '/home/yusuf/ros2_ws/install/robot_control' for CMake config files
[2.178s] Level 1:colcon.colcon_core.shell:create_environment_hook('robot_control', 'cmake_prefix_path')
[2.195s] INFO:colcon.colcon_core.shell:Creating environment hook '/home/yusuf/ros2_ws/install/robot_control/share/robot_control/hook/cmake_prefix_path.ps1'
[2.195s] INFO:colcon.colcon_core.shell:Creating environment descriptor '/home/yusuf/ros2_ws/install/robot_control/share/robot_control/hook/cmake_prefix_path.dsv'
[2.196s] INFO:colcon.colcon_core.shell:Creating environment hook '/home/yusuf/ros2_ws/install/robot_control/share/robot_control/hook/cmake_prefix_path.sh'
[2.196s] Level 1:colcon.colcon_core.environment:checking '/home/yusuf/ros2_ws/install/robot_control/bin'
[2.196s] Level 1:colcon.colcon_core.environment:checking '/home/yusuf/ros2_ws/install/robot_control/lib/pkgconfig/robot_control.pc'
[2.197s] Level 1:colcon.colcon_core.environment:checking '/home/yusuf/ros2_ws/install/robot_control/lib/python3.10/site-packages'
[2.197s] Level 1:colcon.colcon_core.environment:checking '/home/yusuf/ros2_ws/install/robot_control/bin'
[2.213s] INFO:colcon.colcon_core.shell:Creating package script '/home/yusuf/ros2_ws/install/robot_control/share/robot_control/package.ps1'
[2.213s] INFO:colcon.colcon_core.shell:Creating package descriptor '/home/yusuf/ros2_ws/install/robot_control/share/robot_control/package.dsv'
[2.214s] INFO:colcon.colcon_core.shell:Creating package script '/home/yusuf/ros2_ws/install/robot_control/share/robot_control/package.sh'
[2.214s] INFO:colcon.colcon_core.shell:Creating package script '/home/yusuf/ros2_ws/install/robot_control/share/robot_control/package.bash'
[2.215s] INFO:colcon.colcon_core.shell:Creating package script '/home/yusuf/ros2_ws/install/robot_control/share/robot_control/package.zsh'
[2.215s] Level 1:colcon.colcon_core.environment:create_file_with_runtime_dependencies(/home/yusuf/ros2_ws/install/robot_control/share/colcon-core/packages/robot_control)
[2.234s] Level 1:colcon.colcon_core.environment:create_environment_scripts_only(robot_cpp)
[2.252s] Level 1:colcon.colcon_core.environment:checking '/home/yusuf/ros2_ws/install/robot_cpp' for CMake module files
[2.253s] Level 1:colcon.colcon_core.environment:checking '/home/yusuf/ros2_ws/install/robot_cpp' for CMake config files
[2.253s] Level 1:colcon.colcon_core.shell:create_environment_hook('robot_cpp', 'cmake_prefix_path')
[2.271s] INFO:colcon.colcon_core.shell:Creating environment hook '/home/yusuf/ros2_ws/install/robot_cpp/share/robot_cpp/hook/cmake_prefix_path.ps1'
[2.272s] INFO:colcon.colcon_core.shell:Creating environment descriptor '/home/yusuf/ros2_ws/install/robot_cpp/share/robot_cpp/hook/cmake_prefix_path.dsv'
[2.272s] INFO:colcon.colcon_core.shell:Creating environment hook '/home/yusuf/ros2_ws/install/robot_cpp/share/robot_cpp/hook/cmake_prefix_path.sh'
[2.273s] Level 1:colcon.colcon_core.environment:checking '/home/yusuf/ros2_ws/install/robot_cpp/bin'
[2.273s] Level 1:colcon.colcon_core.environment:checking '/home/yusuf/ros2_ws/install/robot_cpp/lib/pkgconfig/robot_cpp.pc'
[2.273s] Level 1:colcon.colcon_core.environment:checking '/home/yusuf/ros2_ws/install/robot_cpp/lib/python3.10/site-packages'
[2.273s] Level 1:colcon.colcon_core.environment:checking '/home/yusuf/ros2_ws/install/robot_cpp/bin'
[2.289s] INFO:colcon.colcon_core.shell:Creating package script '/home/yusuf/ros2_ws/install/robot_cpp/share/robot_cpp/package.ps1'
[2.289s] INFO:colcon.colcon_core.shell:Creating package descriptor '/home/yusuf/ros2_ws/install/robot_cpp/share/robot_cpp/package.dsv'
[2.290s] INFO:colcon.colcon_core.shell:Creating package script '/home/yusuf/ros2_ws/install/robot_cpp/share/robot_cpp/package.sh'
[2.290s] INFO:colcon.colcon_core.shell:Creating package script '/home/yusuf/ros2_ws/install/robot_cpp/share/robot_cpp/package.bash'
[2.291s] INFO:colcon.colcon_core.shell:Creating package script '/home/yusuf/ros2_ws/install/robot_cpp/share/robot_cpp/package.zsh'
[2.291s] Level 1:colcon.colcon_core.environment:create_file_with_runtime_dependencies(/home/yusuf/ros2_ws/install/robot_cpp/share/colcon-core/packages/robot_cpp)
[2.295s] DEBUG:colcon.colcon_core.event_handler.log_command:Invoking command in '/home/yusuf/ros2_ws/src/robot_python': PYTHONPATH=/home/yusuf/ros2_ws/build/robot_python/prefix_override:/home/yusuf/ros2_ws/install/robot_python/lib/python3.10/site-packages:${PYTHONPATH} /usr/bin/python3 setup.py egg_info --egg-base ../../build/robot_python build --build-base /home/yusuf/ros2_ws/build/robot_python/build install --record /home/yusuf/ros2_ws/build/robot_python/install.log --single-version-externally-managed
[2.555s] DEBUG:colcon.colcon_core.event_handler.log_command:Invoked command in '/home/yusuf/ros2_ws/build/robot_test' returned '0': CMAKE_PREFIX_PATH=/opt/ros/humble /usr/bin/cmake /home/yusuf/ros2_ws/src/robot_test -DCMAKE_INSTALL_PREFIX=/home/yusuf/ros2_ws/install/robot_test
[2.557s] DEBUG:colcon.colcon_core.event_handler.log_command:Invoking command in '/home/yusuf/ros2_ws/build/robot_test': CMAKE_PREFIX_PATH=/opt/ros/humble /usr/bin/cmake --build /home/yusuf/ros2_ws/build/robot_test -- -j8 -l8
[2.601s] DEBUG:colcon.colcon_core.event_handler.log_command:Invoked command in '/home/yusuf/ros2_ws/build/robot_test' returned '0': CMAKE_PREFIX_PATH=/opt/ros/humble /usr/bin/cmake --build /home/yusuf/ros2_ws/build/robot_test -- -j8 -l8
[2.617s] DEBUG:colcon.colcon_core.event_handler.log_command:Invoked command in '/home/yusuf/ros2_ws/src/robot_python' returned '0': PYTHONPATH=/home/yusuf/ros2_ws/build/robot_python/prefix_override:/home/yusuf/ros2_ws/install/robot_python/lib/python3.10/site-packages:${PYTHONPATH} /usr/bin/python3 setup.py egg_info --egg-base ../../build/robot_python build --build-base /home/yusuf/ros2_ws/build/robot_python/build install --record /home/yusuf/ros2_ws/build/robot_python/install.log --single-version-externally-managed
[2.632s] Level 1:colcon.colcon_core.environment:checking '/home/yusuf/ros2_ws/install/robot_python' for CMake module files
[2.633s] Level 1:colcon.colcon_core.environment:checking '/home/yusuf/ros2_ws/install/robot_python' for CMake config files
[2.633s] Level 1:colcon.colcon_core.environment:checking '/home/yusuf/ros2_ws/install/robot_python/lib'
[2.633s] Level 1:colcon.colcon_core.environment:checking '/home/yusuf/ros2_ws/install/robot_python/bin'
[2.633s] Level 1:colcon.colcon_core.environment:checking '/home/yusuf/ros2_ws/install/robot_python/lib/pkgconfig/robot_python.pc'
[2.634s] Level 1:colcon.colcon_core.environment:checking '/home/yusuf/ros2_ws/install/robot_python/lib/python3.10/site-packages'
[2.634s] Level 1:colcon.colcon_core.shell:create_environment_hook('robot_python', 'pythonpath')
[2.647s] INFO:colcon.colcon_core.shell:Creating environment hook '/home/yusuf/ros2_ws/install/robot_python/share/robot_python/hook/pythonpath.ps1'
[2.648s] INFO:colcon.colcon_core.shell:Creating environment descriptor '/home/yusuf/ros2_ws/install/robot_python/share/robot_python/hook/pythonpath.dsv'
[2.648s] INFO:colcon.colcon_core.shell:Creating environment hook '/home/yusuf/ros2_ws/install/robot_python/share/robot_python/hook/pythonpath.sh'
[2.649s] Level 1:colcon.colcon_core.environment:checking '/home/yusuf/ros2_ws/install/robot_python/bin'
[2.649s] Level 1:colcon.colcon_core.environment:create_environment_scripts_only(robot_python)
[2.665s] INFO:colcon.colcon_core.shell:Creating package script '/home/yusuf/ros2_ws/install/robot_python/share/robot_python/package.ps1'
[2.666s] INFO:colcon.colcon_core.shell:Creating package descriptor '/home/yusuf/ros2_ws/install/robot_python/share/robot_python/package.dsv'
[2.666s] INFO:colcon.colcon_core.shell:Creating package script '/home/yusuf/ros2_ws/install/robot_python/share/robot_python/package.sh'
[2.667s] INFO:colcon.colcon_core.shell:Creating package script '/home/yusuf/ros2_ws/install/robot_python/share/robot_python/package.bash'
[2.667s] INFO:colcon.colcon_core.shell:Creating package script '/home/yusuf/ros2_ws/install/robot_python/share/robot_python/package.zsh'
[2.667s] Level 1:colcon.colcon_core.environment:create_file_with_runtime_dependencies(/home/yusuf/ros2_ws/install/robot_python/share/colcon-core/packages/robot_python)
[2.670s] DEBUG:colcon.colcon_core.event_handler.log_command:Invoking command in '/home/yusuf/ros2_ws/build/robot_test': CMAKE_PREFIX_PATH=/opt/ros/humble /usr/bin/cmake --install /home/yusuf/ros2_ws/build/robot_test
[2.684s] Level 1:colcon.colcon_core.environment:create_environment_scripts_only(robot_test)
[2.685s] DEBUG:colcon.colcon_core.event_handler.log_command:Invoked command in '/home/yusuf/ros2_ws/build/robot_test' returned '0': CMAKE_PREFIX_PATH=/opt/ros/humble /usr/bin/cmake --install /home/yusuf/ros2_ws/build/robot_test
[2.701s] Level 1:colcon.colcon_core.environment:checking '/home/yusuf/ros2_ws/install/robot_test' for CMake module files
[2.702s] Level 1:colcon.colcon_core.environment:checking '/home/yusuf/ros2_ws/install/robot_test' for CMake config files
[2.702s] Level 1:colcon.colcon_core.shell:create_environment_hook('robot_test', 'cmake_prefix_path')
[2.715s] INFO:colcon.colcon_core.shell:Creating environment hook '/home/yusuf/ros2_ws/install/robot_test/share/robot_test/hook/cmake_prefix_path.ps1'
[2.715s] INFO:colcon.colcon_core.shell:Creating environment descriptor '/home/yusuf/ros2_ws/install/robot_test/share/robot_test/hook/cmake_prefix_path.dsv'
[2.716s] INFO:colcon.colcon_core.shell:Creating environment hook '/home/yusuf/ros2_ws/install/robot_test/share/robot_test/hook/cmake_prefix_path.sh'
[2.716s] Level 1:colcon.colcon_core.environment:checking '/home/yusuf/ros2_ws/install/robot_test/bin'
[2.716s] Level 1:colcon.colcon_core.environment:checking '/home/yusuf/ros2_ws/install/robot_test/lib/pkgconfig/robot_test.pc'
[2.716s] Level 1:colcon.colcon_core.environment:checking '/home/yusuf/ros2_ws/install/robot_test/lib/python3.10/site-packages'
[2.717s] Level 1:colcon.colcon_core.environment:checking '/home/yusuf/ros2_ws/install/robot_test/bin'
[2.730s] INFO:colcon.colcon_core.shell:Creating package script '/home/yusuf/ros2_ws/install/robot_test/share/robot_test/package.ps1'
[2.730s] INFO:colcon.colcon_core.shell:Creating package descriptor '/home/yusuf/ros2_ws/install/robot_test/share/robot_test/package.dsv'
[2.730s] INFO:colcon.colcon_core.shell:Creating package script '/home/yusuf/ros2_ws/install/robot_test/share/robot_test/package.sh'
[2.731s] INFO:colcon.colcon_core.shell:Creating package script '/home/yusuf/ros2_ws/install/robot_test/share/robot_test/package.bash'
[2.731s] INFO:colcon.colcon_core.shell:Creating package script '/home/yusuf/ros2_ws/install/robot_test/share/robot_test/package.zsh'
[2.731s] Level 1:colcon.colcon_core.environment:create_file_with_runtime_dependencies(/home/yusuf/ros2_ws/install/robot_test/share/colcon-core/packages/robot_test)
[2.779s] Level 1:colcon.colcon_core.environment:create_environment_scripts_only(robot_test)
[2.796s] Level 1:colcon.colcon_core.environment:checking '/home/yusuf/ros2_ws/install/robot_test' for CMake module files
[2.797s] Level 1:colcon.colcon_core.environment:checking '/home/yusuf/ros2_ws/install/robot_test' for CMake config files
[2.797s] Level 1:colcon.colcon_core.shell:create_environment_hook('robot_test', 'cmake_prefix_path')
[2.810s] INFO:colcon.colcon_core.shell:Creating environment hook '/home/yusuf/ros2_ws/install/robot_test/share/robot_test/hook/cmake_prefix_path.ps1'
[2.810s] INFO:colcon.colcon_core.shell:Creating environment descriptor '/home/yusuf/ros2_ws/install/robot_test/share/robot_test/hook/cmake_prefix_path.dsv'
[2.811s] INFO:colcon.colcon_core.shell:Creating environment hook '/home/yusuf/ros2_ws/install/robot_test/share/robot_test/hook/cmake_prefix_path.sh'
[2.811s] Level 1:colcon.colcon_core.environment:checking '/home/yusuf/ros2_ws/install/robot_test/bin'
[2.811s] Level 1:colcon.colcon_core.environment:checking '/home/yusuf/ros2_ws/install/robot_test/lib/pkgconfig/robot_test.pc'
[2.811s] Level 1:colcon.colcon_core.environment:checking '/home/yusuf/ros2_ws/install/robot_test/lib/python3.10/site-packages'
[2.812s] Level 1:colcon.colcon_core.environment:checking '/home/yusuf/ros2_ws/install/robot_test/bin'
[2.824s] INFO:colcon.colcon_core.shell:Creating package script '/home/yusuf/ros2_ws/install/robot_test/share/robot_test/package.ps1'
[2.825s] INFO:colcon.colcon_core.shell:Creating package descriptor '/home/yusuf/ros2_ws/install/robot_test/share/robot_test/package.dsv'
[2.825s] INFO:colcon.colcon_core.shell:Creating package script '/home/yusuf/ros2_ws/install/robot_test/share/robot_test/package.sh'
[2.825s] INFO:colcon.colcon_core.shell:Creating package script '/home/yusuf/ros2_ws/install/robot_test/share/robot_test/package.bash'
[2.826s] INFO:colcon.colcon_core.shell:Creating package script '/home/yusuf/ros2_ws/install/robot_test/share/robot_test/package.zsh'
[2.826s] Level 1:colcon.colcon_core.environment:create_file_with_runtime_dependencies(/home/yusuf/ros2_ws/install/robot_test/share/colcon-core/packages/robot_test)
[2.826s] DEBUG:colcon.colcon_parallel_executor.executor.parallel:closing loop
[2.827s] DEBUG:colcon.colcon_parallel_executor.executor.parallel:loop closed
[2.827s] DEBUG:colcon.colcon_parallel_executor.executor.parallel:run_until_complete finished with '0'
[2.827s] DEBUG:colcon.colcon_core.event_reactor:joining thread
[2.849s] INFO:colcon.colcon_core.plugin_system:Skipping extension 'colcon_notification.desktop_notification.terminal_notifier': Not used on non-Darwin systems
[2.849s] INFO:colcon.colcon_core.plugin_system:Skipping extension 'colcon_notification.desktop_notification.win32': Not used on non-Windows systems
[2.849s] INFO:colcon.colcon_notification.desktop_notification:Sending desktop notification using 'notify2'
[2.865s] DEBUG:colcon.colcon_core.event_reactor:joined thread
[2.885s] INFO:colcon.colcon_core.shell:Creating prefix script '/home/yusuf/ros2_ws/install/local_setup.ps1'
[2.887s] INFO:colcon.colcon_core.shell:Creating prefix util module '/home/yusuf/ros2_ws/install/_local_setup_util_ps1.py'
[2.888s] INFO:colcon.colcon_core.shell:Creating prefix chain script '/home/yusuf/ros2_ws/install/setup.ps1'
[2.905s] INFO:colcon.colcon_core.shell:Creating prefix script '/home/yusuf/ros2_ws/install/local_setup.sh'
[2.906s] INFO:colcon.colcon_core.shell:Creating prefix util module '/home/yusuf/ros2_ws/install/_local_setup_util_sh.py'
[2.906s] INFO:colcon.colcon_core.shell:Creating prefix chain script '/home/yusuf/ros2_ws/install/setup.sh'
[2.922s] INFO:colcon.colcon_core.shell:Creating prefix script '/home/yusuf/ros2_ws/install/local_setup.bash'
[2.923s] INFO:colcon.colcon_core.shell:Creating prefix chain script '/home/yusuf/ros2_ws/install/setup.bash'
[2.937s] INFO:colcon.colcon_core.shell:Creating prefix script '/home/yusuf/ros2_ws/install/local_setup.zsh'
[2.938s] INFO:colcon.colcon_core.shell:Creating prefix chain script '/home/yusuf/ros2_ws/install/setup.zsh'
