[0.837s] DEBUG:colcon:Command line arguments: ['/usr/bin/colcon', 'build']
[0.837s] DEBUG:colcon:Parsed command line arguments: Namespace(log_base=None, log_level=None, verb_name='build', build_base='build', install_base='install', merge_install=False, symlink_install=False, test_result_base=None, continue_on_error=False, executor='parallel', parallel_workers=8, event_handlers=None, ignore_user_meta=False, metas=['./colcon.meta'], base_paths=['.'], packages_ignore=None, packages_ignore_regex=None, paths=None, packages_up_to=None, packages_up_to_regex=None, packages_above=None, packages_above_and_dependencies=None, packages_above_depth=None, packages_select_by_dep=None, packages_skip_by_dep=None, packages_skip_up_to=None, packages_select_build_failed=False, packages_skip_build_finished=False, packages_select_test_failures=False, packages_skip_test_passed=False, packages_select=None, packages_skip=None, packages_select_regex=None, packages_skip_regex=None, packages_start=None, packages_end=None, allow_overriding=[], cmake_args=None, cmake_target=None, cmake_target_skip_unavailable=False, cmake_clean_cache=False, cmake_clean_first=False, cmake_force_configure=False, ament_cmake_args=None, catkin_cmake_args=None, catkin_skip_building_tests=False, verb_parser=<colcon_defaults.argument_parser.defaults.DefaultArgumentsDecorator object at 0x7fe82b5e82b0>, verb_extension=<colcon_core.verb.build.BuildVerb object at 0x7fe82b9d3d60>, main=<bound method BuildVerb.main of <colcon_core.verb.build.BuildVerb object at 0x7fe82b9d3d60>>)
[0.877s] Level 1:colcon.colcon_core.package_discovery:discover_packages(colcon_meta) check parameters
[0.877s] Level 1:colcon.colcon_core.package_discovery:discover_packages(recursive) check parameters
[0.877s] Level 1:colcon.colcon_core.package_discovery:discover_packages(ignore) check parameters
[0.877s] Level 1:colcon.colcon_core.package_discovery:discover_packages(path) check parameters
[0.877s] Level 1:colcon.colcon_core.package_discovery:discover_packages(colcon_meta) discover
[0.877s] Level 1:colcon.colcon_core.package_discovery:discover_packages(recursive) discover
[0.877s] INFO:colcon.colcon_core.package_discovery:Crawling recursively for packages in '/home/yusuf/ros2_ws'
[0.877s] Level 1:colcon.colcon_core.package_identification:_identify(.) by extensions ['ignore', 'ignore_ament_install']
[0.877s] Level 1:colcon.colcon_core.package_identification:_identify(.) by extension 'ignore'
[0.877s] Level 1:colcon.colcon_core.package_identification:_identify(.) by extension 'ignore_ament_install'
[0.877s] Level 1:colcon.colcon_core.package_identification:_identify(.) by extensions ['colcon_pkg']
[0.877s] Level 1:colcon.colcon_core.package_identification:_identify(.) by extension 'colcon_pkg'
[0.877s] Level 1:colcon.colcon_core.package_identification:_identify(.) by extensions ['colcon_meta']
[0.877s] Level 1:colcon.colcon_core.package_identification:_identify(.) by extension 'colcon_meta'
[0.877s] Level 1:colcon.colcon_core.package_identification:_identify(.) by extensions ['ros']
[0.877s] Level 1:colcon.colcon_core.package_identification:_identify(.) by extension 'ros'
[0.887s] Level 1:colcon.colcon_core.package_identification:_identify(.) by extensions ['cmake', 'python']
[0.887s] Level 1:colcon.colcon_core.package_identification:_identify(.) by extension 'cmake'
[0.887s] Level 1:colcon.colcon_core.package_identification:_identify(.) by extension 'python'
[0.887s] Level 1:colcon.colcon_core.package_identification:_identify(.) by extensions ['python_setup_py']
[0.887s] Level 1:colcon.colcon_core.package_identification:_identify(.) by extension 'python_setup_py'
[0.887s] Level 1:colcon.colcon_core.package_identification:_identify(build) by extensions ['ignore', 'ignore_ament_install']
[0.887s] Level 1:colcon.colcon_core.package_identification:_identify(build) by extension 'ignore'
[0.888s] Level 1:colcon.colcon_core.package_identification:_identify(build) ignored
[0.888s] Level 1:colcon.colcon_core.package_identification:_identify(install) by extensions ['ignore', 'ignore_ament_install']
[0.888s] Level 1:colcon.colcon_core.package_identification:_identify(install) by extension 'ignore'
[0.888s] Level 1:colcon.colcon_core.package_identification:_identify(install) ignored
[0.888s] Level 1:colcon.colcon_core.package_identification:_identify(log) by extensions ['ignore', 'ignore_ament_install']
[0.888s] Level 1:colcon.colcon_core.package_identification:_identify(log) by extension 'ignore'
[0.888s] Level 1:colcon.colcon_core.package_identification:_identify(log) ignored
[0.888s] Level 1:colcon.colcon_core.package_identification:_identify(src) by extensions ['ignore', 'ignore_ament_install']
[0.888s] Level 1:colcon.colcon_core.package_identification:_identify(src) by extension 'ignore'
[0.888s] Level 1:colcon.colcon_core.package_identification:_identify(src) by extension 'ignore_ament_install'
[0.888s] Level 1:colcon.colcon_core.package_identification:_identify(src) by extensions ['colcon_pkg']
[0.888s] Level 1:colcon.colcon_core.package_identification:_identify(src) by extension 'colcon_pkg'
[0.888s] Level 1:colcon.colcon_core.package_identification:_identify(src) by extensions ['colcon_meta']
[0.888s] Level 1:colcon.colcon_core.package_identification:_identify(src) by extension 'colcon_meta'
[0.888s] Level 1:colcon.colcon_core.package_identification:_identify(src) by extensions ['ros']
[0.888s] Level 1:colcon.colcon_core.package_identification:_identify(src) by extension 'ros'
[0.888s] Level 1:colcon.colcon_core.package_identification:_identify(src) by extensions ['cmake', 'python']
[0.888s] Level 1:colcon.colcon_core.package_identification:_identify(src) by extension 'cmake'
[0.888s] Level 1:colcon.colcon_core.package_identification:_identify(src) by extension 'python'
[0.889s] Level 1:colcon.colcon_core.package_identification:_identify(src) by extensions ['python_setup_py']
[0.889s] Level 1:colcon.colcon_core.package_identification:_identify(src) by extension 'python_setup_py'
[0.889s] Level 1:colcon.colcon_core.package_identification:_identify(src/my_cpp_py_pkg) by extensions ['ignore', 'ignore_ament_install']
[0.889s] Level 1:colcon.colcon_core.package_identification:_identify(src/my_cpp_py_pkg) by extension 'ignore'
[0.889s] Level 1:colcon.colcon_core.package_identification:_identify(src/my_cpp_py_pkg) by extension 'ignore_ament_install'
[0.889s] Level 1:colcon.colcon_core.package_identification:_identify(src/my_cpp_py_pkg) by extensions ['colcon_pkg']
[0.889s] Level 1:colcon.colcon_core.package_identification:_identify(src/my_cpp_py_pkg) by extension 'colcon_pkg'
[0.889s] Level 1:colcon.colcon_core.package_identification:_identify(src/my_cpp_py_pkg) by extensions ['colcon_meta']
[0.889s] Level 1:colcon.colcon_core.package_identification:_identify(src/my_cpp_py_pkg) by extension 'colcon_meta'
[0.889s] Level 1:colcon.colcon_core.package_identification:_identify(src/my_cpp_py_pkg) by extensions ['ros']
[0.889s] Level 1:colcon.colcon_core.package_identification:_identify(src/my_cpp_py_pkg) by extension 'ros'
[0.891s] DEBUG:colcon.colcon_core.package_identification:Package 'src/my_cpp_py_pkg' with type 'ros.ament_cmake' and name 'my_cpp_py_pkg'
[0.891s] Level 1:colcon.colcon_core.package_identification:_identify(src/robot_control) by extensions ['ignore', 'ignore_ament_install']
[0.891s] Level 1:colcon.colcon_core.package_identification:_identify(src/robot_control) by extension 'ignore'
[0.891s] Level 1:colcon.colcon_core.package_identification:_identify(src/robot_control) by extension 'ignore_ament_install'
[0.891s] Level 1:colcon.colcon_core.package_identification:_identify(src/robot_control) by extensions ['colcon_pkg']
[0.891s] Level 1:colcon.colcon_core.package_identification:_identify(src/robot_control) by extension 'colcon_pkg'
[0.891s] Level 1:colcon.colcon_core.package_identification:_identify(src/robot_control) by extensions ['colcon_meta']
[0.891s] Level 1:colcon.colcon_core.package_identification:_identify(src/robot_control) by extension 'colcon_meta'
[0.891s] Level 1:colcon.colcon_core.package_identification:_identify(src/robot_control) by extensions ['ros']
[0.891s] Level 1:colcon.colcon_core.package_identification:_identify(src/robot_control) by extension 'ros'
[0.892s] DEBUG:colcon.colcon_core.package_identification:Package 'src/robot_control' with type 'ros.ament_cmake' and name 'robot_control'
[0.892s] Level 1:colcon.colcon_core.package_identification:_identify(src/robot_cpp) by extensions ['ignore', 'ignore_ament_install']
[0.892s] Level 1:colcon.colcon_core.package_identification:_identify(src/robot_cpp) by extension 'ignore'
[0.892s] Level 1:colcon.colcon_core.package_identification:_identify(src/robot_cpp) by extension 'ignore_ament_install'
[0.892s] Level 1:colcon.colcon_core.package_identification:_identify(src/robot_cpp) by extensions ['colcon_pkg']
[0.892s] Level 1:colcon.colcon_core.package_identification:_identify(src/robot_cpp) by extension 'colcon_pkg'
[0.892s] Level 1:colcon.colcon_core.package_identification:_identify(src/robot_cpp) by extensions ['colcon_meta']
[0.892s] Level 1:colcon.colcon_core.package_identification:_identify(src/robot_cpp) by extension 'colcon_meta'
[0.892s] Level 1:colcon.colcon_core.package_identification:_identify(src/robot_cpp) by extensions ['ros']
[0.892s] Level 1:colcon.colcon_core.package_identification:_identify(src/robot_cpp) by extension 'ros'
[0.892s] DEBUG:colcon.colcon_core.package_identification:Package 'src/robot_cpp' with type 'ros.ament_cmake' and name 'robot_cpp'
[0.893s] Level 1:colcon.colcon_core.package_identification:_identify(src/robot_python) by extensions ['ignore', 'ignore_ament_install']
[0.893s] Level 1:colcon.colcon_core.package_identification:_identify(src/robot_python) by extension 'ignore'
[0.893s] Level 1:colcon.colcon_core.package_identification:_identify(src/robot_python) by extension 'ignore_ament_install'
[0.893s] Level 1:colcon.colcon_core.package_identification:_identify(src/robot_python) by extensions ['colcon_pkg']
[0.893s] Level 1:colcon.colcon_core.package_identification:_identify(src/robot_python) by extension 'colcon_pkg'
[0.893s] Level 1:colcon.colcon_core.package_identification:_identify(src/robot_python) by extensions ['colcon_meta']
[0.893s] Level 1:colcon.colcon_core.package_identification:_identify(src/robot_python) by extension 'colcon_meta'
[0.893s] Level 1:colcon.colcon_core.package_identification:_identify(src/robot_python) by extensions ['ros']
[0.893s] Level 1:colcon.colcon_core.package_identification:_identify(src/robot_python) by extension 'ros'
[0.894s] DEBUG:colcon.colcon_core.package_identification:Package 'src/robot_python' with type 'ros.ament_python' and name 'robot_python'
[0.894s] Level 1:colcon.colcon_core.package_identification:_identify(src/robot_test) by extensions ['ignore', 'ignore_ament_install']
[0.894s] Level 1:colcon.colcon_core.package_identification:_identify(src/robot_test) by extension 'ignore'
[0.894s] Level 1:colcon.colcon_core.package_identification:_identify(src/robot_test) by extension 'ignore_ament_install'
[0.894s] Level 1:colcon.colcon_core.package_identification:_identify(src/robot_test) by extensions ['colcon_pkg']
[0.894s] Level 1:colcon.colcon_core.package_identification:_identify(src/robot_test) by extension 'colcon_pkg'
[0.894s] Level 1:colcon.colcon_core.package_identification:_identify(src/robot_test) by extensions ['colcon_meta']
[0.894s] Level 1:colcon.colcon_core.package_identification:_identify(src/robot_test) by extension 'colcon_meta'
[0.894s] Level 1:colcon.colcon_core.package_identification:_identify(src/robot_test) by extensions ['ros']
[0.894s] Level 1:colcon.colcon_core.package_identification:_identify(src/robot_test) by extension 'ros'
[0.894s] DEBUG:colcon.colcon_core.package_identification:Package 'src/robot_test' with type 'ros.ament_cmake' and name 'robot_test'
[0.894s] Level 1:colcon.colcon_core.package_identification:_identify(src/turtlebot3_gazebo) by extensions ['ignore', 'ignore_ament_install']
[0.894s] Level 1:colcon.colcon_core.package_identification:_identify(src/turtlebot3_gazebo) by extension 'ignore'
[0.895s] Level 1:colcon.colcon_core.package_identification:_identify(src/turtlebot3_gazebo) by extension 'ignore_ament_install'
[0.895s] Level 1:colcon.colcon_core.package_identification:_identify(src/turtlebot3_gazebo) by extensions ['colcon_pkg']
[0.895s] Level 1:colcon.colcon_core.package_identification:_identify(src/turtlebot3_gazebo) by extension 'colcon_pkg'
[0.895s] Level 1:colcon.colcon_core.package_identification:_identify(src/turtlebot3_gazebo) by extensions ['colcon_meta']
[0.895s] Level 1:colcon.colcon_core.package_identification:_identify(src/turtlebot3_gazebo) by extension 'colcon_meta'
[0.895s] Level 1:colcon.colcon_core.package_identification:_identify(src/turtlebot3_gazebo) by extensions ['ros']
[0.895s] Level 1:colcon.colcon_core.package_identification:_identify(src/turtlebot3_gazebo) by extension 'ros'
[0.907s] DEBUG:colcon.colcon_core.package_identification:Package 'src/turtlebot3_gazebo' with type 'ros.ament_cmake' and name 'turtlebot3_gazebo'
[0.907s] Level 1:colcon.colcon_core.package_discovery:discover_packages(recursive) using defaults
[0.907s] Level 1:colcon.colcon_core.package_discovery:discover_packages(ignore) discover
[0.907s] Level 1:colcon.colcon_core.package_discovery:discover_packages(ignore) using defaults
[0.907s] Level 1:colcon.colcon_core.package_discovery:discover_packages(path) discover
[0.907s] Level 1:colcon.colcon_core.package_discovery:discover_packages(path) using defaults
[0.982s] Level 1:colcon.colcon_core.package_discovery:discover_packages(prefix_path) check parameters
[0.982s] Level 1:colcon.colcon_core.package_discovery:discover_packages(prefix_path) discover
[1.007s] DEBUG:colcon.colcon_installed_package_information.package_discovery:Found 270 installed packages in /opt/ros/humble
[1.008s] Level 1:colcon.colcon_core.package_discovery:discover_packages(prefix_path) using defaults
[1.084s] Level 5:colcon.colcon_core.verb:set package 'my_cpp_py_pkg' build argument 'cmake_args' from command line to 'None'
[1.084s] Level 5:colcon.colcon_core.verb:set package 'my_cpp_py_pkg' build argument 'cmake_target' from command line to 'None'
[1.084s] Level 5:colcon.colcon_core.verb:set package 'my_cpp_py_pkg' build argument 'cmake_target_skip_unavailable' from command line to 'False'
[1.084s] Level 5:colcon.colcon_core.verb:set package 'my_cpp_py_pkg' build argument 'cmake_clean_cache' from command line to 'False'
[1.084s] Level 5:colcon.colcon_core.verb:set package 'my_cpp_py_pkg' build argument 'cmake_clean_first' from command line to 'False'
[1.084s] Level 5:colcon.colcon_core.verb:set package 'my_cpp_py_pkg' build argument 'cmake_force_configure' from command line to 'False'
[1.084s] Level 5:colcon.colcon_core.verb:set package 'my_cpp_py_pkg' build argument 'ament_cmake_args' from command line to 'None'
[1.084s] Level 5:colcon.colcon_core.verb:set package 'my_cpp_py_pkg' build argument 'catkin_cmake_args' from command line to 'None'
[1.084s] Level 5:colcon.colcon_core.verb:set package 'my_cpp_py_pkg' build argument 'catkin_skip_building_tests' from command line to 'False'
[1.084s] DEBUG:colcon.colcon_core.verb:Building package 'my_cpp_py_pkg' with the following arguments: {'ament_cmake_args': None, 'build_base': '/home/yusuf/ros2_ws/build/my_cpp_py_pkg', 'catkin_cmake_args': None, 'catkin_skip_building_tests': False, 'cmake_args': None, 'cmake_clean_cache': False, 'cmake_clean_first': False, 'cmake_force_configure': False, 'cmake_target': None, 'cmake_target_skip_unavailable': False, 'install_base': '/home/yusuf/ros2_ws/install/my_cpp_py_pkg', 'merge_install': False, 'path': '/home/yusuf/ros2_ws/src/my_cpp_py_pkg', 'symlink_install': False, 'test_result_base': None}
[1.096s] Level 5:colcon.colcon_core.verb:set package 'robot_control' build argument 'cmake_args' from command line to 'None'
[1.096s] Level 5:colcon.colcon_core.verb:set package 'robot_control' build argument 'cmake_target' from command line to 'None'
[1.096s] Level 5:colcon.colcon_core.verb:set package 'robot_control' build argument 'cmake_target_skip_unavailable' from command line to 'False'
[1.096s] Level 5:colcon.colcon_core.verb:set package 'robot_control' build argument 'cmake_clean_cache' from command line to 'False'
[1.096s] Level 5:colcon.colcon_core.verb:set package 'robot_control' build argument 'cmake_clean_first' from command line to 'False'
[1.096s] Level 5:colcon.colcon_core.verb:set package 'robot_control' build argument 'cmake_force_configure' from command line to 'False'
[1.096s] Level 5:colcon.colcon_core.verb:set package 'robot_control' build argument 'ament_cmake_args' from command line to 'None'
[1.096s] Level 5:colcon.colcon_core.verb:set package 'robot_control' build argument 'catkin_cmake_args' from command line to 'None'
[1.096s] Level 5:colcon.colcon_core.verb:set package 'robot_control' build argument 'catkin_skip_building_tests' from command line to 'False'
[1.096s] DEBUG:colcon.colcon_core.verb:Building package 'robot_control' with the following arguments: {'ament_cmake_args': None, 'build_base': '/home/yusuf/ros2_ws/build/robot_control', 'catkin_cmake_args': None, 'catkin_skip_building_tests': False, 'cmake_args': None, 'cmake_clean_cache': False, 'cmake_clean_first': False, 'cmake_force_configure': False, 'cmake_target': None, 'cmake_target_skip_unavailable': False, 'install_base': '/home/yusuf/ros2_ws/install/robot_control', 'merge_install': False, 'path': '/home/yusuf/ros2_ws/src/robot_control', 'symlink_install': False, 'test_result_base': None}
[1.108s] Level 5:colcon.colcon_core.verb:set package 'robot_cpp' build argument 'cmake_args' from command line to 'None'
[1.108s] Level 5:colcon.colcon_core.verb:set package 'robot_cpp' build argument 'cmake_target' from command line to 'None'
[1.108s] Level 5:colcon.colcon_core.verb:set package 'robot_cpp' build argument 'cmake_target_skip_unavailable' from command line to 'False'
[1.108s] Level 5:colcon.colcon_core.verb:set package 'robot_cpp' build argument 'cmake_clean_cache' from command line to 'False'
[1.108s] Level 5:colcon.colcon_core.verb:set package 'robot_cpp' build argument 'cmake_clean_first' from command line to 'False'
[1.108s] Level 5:colcon.colcon_core.verb:set package 'robot_cpp' build argument 'cmake_force_configure' from command line to 'False'
[1.108s] Level 5:colcon.colcon_core.verb:set package 'robot_cpp' build argument 'ament_cmake_args' from command line to 'None'
[1.108s] Level 5:colcon.colcon_core.verb:set package 'robot_cpp' build argument 'catkin_cmake_args' from command line to 'None'
[1.108s] Level 5:colcon.colcon_core.verb:set package 'robot_cpp' build argument 'catkin_skip_building_tests' from command line to 'False'
[1.108s] DEBUG:colcon.colcon_core.verb:Building package 'robot_cpp' with the following arguments: {'ament_cmake_args': None, 'build_base': '/home/yusuf/ros2_ws/build/robot_cpp', 'catkin_cmake_args': None, 'catkin_skip_building_tests': False, 'cmake_args': None, 'cmake_clean_cache': False, 'cmake_clean_first': False, 'cmake_force_configure': False, 'cmake_target': None, 'cmake_target_skip_unavailable': False, 'install_base': '/home/yusuf/ros2_ws/install/robot_cpp', 'merge_install': False, 'path': '/home/yusuf/ros2_ws/src/robot_cpp', 'symlink_install': False, 'test_result_base': None}
[1.119s] Level 5:colcon.colcon_core.verb:set package 'robot_python' build argument 'cmake_args' from command line to 'None'
[1.120s] Level 5:colcon.colcon_core.verb:set package 'robot_python' build argument 'cmake_target' from command line to 'None'
[1.120s] Level 5:colcon.colcon_core.verb:set package 'robot_python' build argument 'cmake_target_skip_unavailable' from command line to 'False'
[1.120s] Level 5:colcon.colcon_core.verb:set package 'robot_python' build argument 'cmake_clean_cache' from command line to 'False'
[1.120s] Level 5:colcon.colcon_core.verb:set package 'robot_python' build argument 'cmake_clean_first' from command line to 'False'
[1.120s] Level 5:colcon.colcon_core.verb:set package 'robot_python' build argument 'cmake_force_configure' from command line to 'False'
[1.120s] Level 5:colcon.colcon_core.verb:set package 'robot_python' build argument 'ament_cmake_args' from command line to 'None'
[1.120s] Level 5:colcon.colcon_core.verb:set package 'robot_python' build argument 'catkin_cmake_args' from command line to 'None'
[1.120s] Level 5:colcon.colcon_core.verb:set package 'robot_python' build argument 'catkin_skip_building_tests' from command line to 'False'
[1.120s] DEBUG:colcon.colcon_core.verb:Building package 'robot_python' with the following arguments: {'ament_cmake_args': None, 'build_base': '/home/yusuf/ros2_ws/build/robot_python', 'catkin_cmake_args': None, 'catkin_skip_building_tests': False, 'cmake_args': None, 'cmake_clean_cache': False, 'cmake_clean_first': False, 'cmake_force_configure': False, 'cmake_target': None, 'cmake_target_skip_unavailable': False, 'install_base': '/home/yusuf/ros2_ws/install/robot_python', 'merge_install': False, 'path': '/home/yusuf/ros2_ws/src/robot_python', 'symlink_install': False, 'test_result_base': None}
[1.132s] Level 5:colcon.colcon_core.verb:set package 'robot_test' build argument 'cmake_args' from command line to 'None'
[1.132s] Level 5:colcon.colcon_core.verb:set package 'robot_test' build argument 'cmake_target' from command line to 'None'
[1.132s] Level 5:colcon.colcon_core.verb:set package 'robot_test' build argument 'cmake_target_skip_unavailable' from command line to 'False'
[1.132s] Level 5:colcon.colcon_core.verb:set package 'robot_test' build argument 'cmake_clean_cache' from command line to 'False'
[1.132s] Level 5:colcon.colcon_core.verb:set package 'robot_test' build argument 'cmake_clean_first' from command line to 'False'
[1.132s] Level 5:colcon.colcon_core.verb:set package 'robot_test' build argument 'cmake_force_configure' from command line to 'False'
[1.132s] Level 5:colcon.colcon_core.verb:set package 'robot_test' build argument 'ament_cmake_args' from command line to 'None'
[1.132s] Level 5:colcon.colcon_core.verb:set package 'robot_test' build argument 'catkin_cmake_args' from command line to 'None'
[1.132s] Level 5:colcon.colcon_core.verb:set package 'robot_test' build argument 'catkin_skip_building_tests' from command line to 'False'
[1.132s] DEBUG:colcon.colcon_core.verb:Building package 'robot_test' with the following arguments: {'ament_cmake_args': None, 'build_base': '/home/yusuf/ros2_ws/build/robot_test', 'catkin_cmake_args': None, 'catkin_skip_building_tests': False, 'cmake_args': None, 'cmake_clean_cache': False, 'cmake_clean_first': False, 'cmake_force_configure': False, 'cmake_target': None, 'cmake_target_skip_unavailable': False, 'install_base': '/home/yusuf/ros2_ws/install/robot_test', 'merge_install': False, 'path': '/home/yusuf/ros2_ws/src/robot_test', 'symlink_install': False, 'test_result_base': None}
[1.145s] Level 5:colcon.colcon_core.verb:set package 'turtlebot3_gazebo' build argument 'cmake_args' from command line to 'None'
[1.145s] Level 5:colcon.colcon_core.verb:set package 'turtlebot3_gazebo' build argument 'cmake_target' from command line to 'None'
[1.145s] Level 5:colcon.colcon_core.verb:set package 'turtlebot3_gazebo' build argument 'cmake_target_skip_unavailable' from command line to 'False'
[1.145s] Level 5:colcon.colcon_core.verb:set package 'turtlebot3_gazebo' build argument 'cmake_clean_cache' from command line to 'False'
[1.145s] Level 5:colcon.colcon_core.verb:set package 'turtlebot3_gazebo' build argument 'cmake_clean_first' from command line to 'False'
[1.145s] Level 5:colcon.colcon_core.verb:set package 'turtlebot3_gazebo' build argument 'cmake_force_configure' from command line to 'False'
[1.145s] Level 5:colcon.colcon_core.verb:set package 'turtlebot3_gazebo' build argument 'ament_cmake_args' from command line to 'None'
[1.145s] Level 5:colcon.colcon_core.verb:set package 'turtlebot3_gazebo' build argument 'catkin_cmake_args' from command line to 'None'
[1.146s] Level 5:colcon.colcon_core.verb:set package 'turtlebot3_gazebo' build argument 'catkin_skip_building_tests' from command line to 'False'
[1.146s] DEBUG:colcon.colcon_core.verb:Building package 'turtlebot3_gazebo' with the following arguments: {'ament_cmake_args': None, 'build_base': '/home/yusuf/ros2_ws/build/turtlebot3_gazebo', 'catkin_cmake_args': None, 'catkin_skip_building_tests': False, 'cmake_args': None, 'cmake_clean_cache': False, 'cmake_clean_first': False, 'cmake_force_configure': False, 'cmake_target': None, 'cmake_target_skip_unavailable': False, 'install_base': '/home/yusuf/ros2_ws/install/turtlebot3_gazebo', 'merge_install': False, 'path': '/home/yusuf/ros2_ws/src/turtlebot3_gazebo', 'symlink_install': False, 'test_result_base': None}
[1.159s] INFO:colcon.colcon_core.executor:Executing jobs using 'parallel' executor
[1.173s] DEBUG:colcon.colcon_parallel_executor.executor.parallel:run_until_complete
[1.173s] INFO:colcon.colcon_ros.task.ament_cmake.build:Building ROS package in '/home/yusuf/ros2_ws/src/my_cpp_py_pkg' with build type 'ament_cmake'
[1.174s] INFO:colcon.colcon_cmake.task.cmake.build:Building CMake package in '/home/yusuf/ros2_ws/src/my_cpp_py_pkg'
[1.189s] INFO:colcon.colcon_core.plugin_system:Skipping extension 'colcon_core.shell.bat': Not used on non-Windows systems
[1.189s] INFO:colcon.colcon_core.shell:Skip shell extension 'powershell' for command environment: Not usable outside of PowerShell
[1.189s] DEBUG:colcon.colcon_core.shell:Skip shell extension 'dsv' for command environment
[1.222s] INFO:colcon.colcon_ros.task.ament_cmake.build:Building ROS package in '/home/yusuf/ros2_ws/src/robot_control' with build type 'ament_cmake'
[1.222s] INFO:colcon.colcon_cmake.task.cmake.build:Building CMake package in '/home/yusuf/ros2_ws/src/robot_control'
[1.238s] INFO:colcon.colcon_core.shell:Skip shell extension 'powershell' for command environment: Not usable outside of PowerShell
[1.238s] DEBUG:colcon.colcon_core.shell:Skip shell extension 'dsv' for command environment
[1.269s] INFO:colcon.colcon_ros.task.ament_cmake.build:Building ROS package in '/home/yusuf/ros2_ws/src/robot_cpp' with build type 'ament_cmake'
[1.269s] INFO:colcon.colcon_cmake.task.cmake.build:Building CMake package in '/home/yusuf/ros2_ws/src/robot_cpp'
[1.283s] INFO:colcon.colcon_core.shell:Skip shell extension 'powershell' for command environment: Not usable outside of PowerShell
[1.283s] DEBUG:colcon.colcon_core.shell:Skip shell extension 'dsv' for command environment
[1.320s] INFO:colcon.colcon_ros.task.ament_python.build:Building ROS package in '/home/yusuf/ros2_ws/src/robot_python' with build type 'ament_python'
[1.320s] Level 1:colcon.colcon_core.shell:create_environment_hook('robot_python', 'ament_prefix_path')
[1.337s] INFO:colcon.colcon_core.shell:Creating environment hook '/home/yusuf/ros2_ws/install/robot_python/share/robot_python/hook/ament_prefix_path.ps1'
[1.338s] INFO:colcon.colcon_core.shell:Creating environment descriptor '/home/yusuf/ros2_ws/install/robot_python/share/robot_python/hook/ament_prefix_path.dsv'
[1.338s] INFO:colcon.colcon_core.shell:Creating environment hook '/home/yusuf/ros2_ws/install/robot_python/share/robot_python/hook/ament_prefix_path.sh'
[1.354s] INFO:colcon.colcon_core.shell:Skip shell extension 'powershell' for command environment: Not usable outside of PowerShell
[1.354s] DEBUG:colcon.colcon_core.shell:Skip shell extension 'dsv' for command environment
[1.381s] INFO:colcon.colcon_ros.task.ament_cmake.build:Building ROS package in '/home/yusuf/ros2_ws/src/robot_test' with build type 'ament_cmake'
[1.381s] INFO:colcon.colcon_cmake.task.cmake.build:Building CMake package in '/home/yusuf/ros2_ws/src/robot_test'
[1.399s] INFO:colcon.colcon_core.shell:Skip shell extension 'powershell' for command environment: Not usable outside of PowerShell
[1.399s] DEBUG:colcon.colcon_core.shell:Skip shell extension 'dsv' for command environment
[1.429s] INFO:colcon.colcon_ros.task.ament_cmake.build:Building ROS package in '/home/yusuf/ros2_ws/src/turtlebot3_gazebo' with build type 'ament_cmake'
[1.430s] INFO:colcon.colcon_cmake.task.cmake.build:Building CMake package in '/home/yusuf/ros2_ws/src/turtlebot3_gazebo'
[1.445s] INFO:colcon.colcon_core.shell:Skip shell extension 'powershell' for command environment: Not usable outside of PowerShell
[1.445s] DEBUG:colcon.colcon_core.shell:Skip shell extension 'dsv' for command environment
[1.482s] DEBUG:colcon.colcon_core.event_handler.log_command:Invoking command in '/home/yusuf/ros2_ws/build/my_cpp_py_pkg': CMAKE_PREFIX_PATH=/opt/ros/humble /usr/bin/cmake --build /home/yusuf/ros2_ws/build/my_cpp_py_pkg -- -j8 -l8
[1.486s] DEBUG:colcon.colcon_core.event_handler.log_command:Invoking command in '/home/yusuf/ros2_ws/build/robot_control': CMAKE_PREFIX_PATH=/opt/ros/humble /usr/bin/cmake --build /home/yusuf/ros2_ws/build/robot_control -- -j8 -l8
[1.490s] DEBUG:colcon.colcon_core.event_handler.log_command:Invoking command in '/home/yusuf/ros2_ws/build/robot_cpp': CMAKE_PREFIX_PATH=/opt/ros/humble /usr/bin/cmake --build /home/yusuf/ros2_ws/build/robot_cpp -- -j8 -l8
[1.742s] INFO:colcon.colcon_core.task.python.build:Building Python package in '/home/yusuf/ros2_ws/src/robot_python'
[1.756s] INFO:colcon.colcon_core.shell:Skip shell extension 'powershell' for command environment: Not usable outside of PowerShell
[1.756s] DEBUG:colcon.colcon_core.shell:Skip shell extension 'dsv' for command environment
[1.787s] DEBUG:colcon.colcon_core.event_handler.log_command:Invoking command in '/home/yusuf/ros2_ws/build/robot_test': CMAKE_PREFIX_PATH=/opt/ros/humble /usr/bin/cmake --build /home/yusuf/ros2_ws/build/robot_test -- -j8 -l8
[1.795s] DEBUG:colcon.colcon_core.event_handler.log_command:Invoking command in '/home/yusuf/ros2_ws/build/turtlebot3_gazebo': CMAKE_PREFIX_PATH=/opt/ros/humble /usr/bin/cmake /home/yusuf/ros2_ws/src/turtlebot3_gazebo -DCMAKE_INSTALL_PREFIX=/home/yusuf/ros2_ws/install/turtlebot3_gazebo
[1.796s] DEBUG:colcon.colcon_core.event_handler.log_command:Invoked command in '/home/yusuf/ros2_ws/build/my_cpp_py_pkg' returned '0': CMAKE_PREFIX_PATH=/opt/ros/humble /usr/bin/cmake --build /home/yusuf/ros2_ws/build/my_cpp_py_pkg -- -j8 -l8
[1.797s] DEBUG:colcon.colcon_core.event_handler.log_command:Invoked command in '/home/yusuf/ros2_ws/build/robot_control' returned '0': CMAKE_PREFIX_PATH=/opt/ros/humble /usr/bin/cmake --build /home/yusuf/ros2_ws/build/robot_control -- -j8 -l8
[1.798s] DEBUG:colcon.colcon_core.event_handler.log_command:Invoked command in '/home/yusuf/ros2_ws/build/robot_cpp' returned '0': CMAKE_PREFIX_PATH=/opt/ros/humble /usr/bin/cmake --build /home/yusuf/ros2_ws/build/robot_cpp -- -j8 -l8
[1.848s] DEBUG:colcon.colcon_core.event_handler.log_command:Invoking command in '/home/yusuf/ros2_ws/build/my_cpp_py_pkg': CMAKE_PREFIX_PATH=/opt/ros/humble /usr/bin/cmake --install /home/yusuf/ros2_ws/build/my_cpp_py_pkg
[1.852s] DEBUG:colcon.colcon_core.event_handler.log_command:Invoking command in '/home/yusuf/ros2_ws/build/robot_cpp': CMAKE_PREFIX_PATH=/opt/ros/humble /usr/bin/cmake --install /home/yusuf/ros2_ws/build/robot_cpp
[1.855s] DEBUG:colcon.colcon_core.event_handler.log_command:Invoking command in '/home/yusuf/ros2_ws/build/robot_control': CMAKE_PREFIX_PATH=/opt/ros/humble /usr/bin/cmake --install /home/yusuf/ros2_ws/build/robot_control
[1.856s] DEBUG:colcon.colcon_core.event_handler.log_command:Invoked command in '/home/yusuf/ros2_ws/build/robot_test' returned '0': CMAKE_PREFIX_PATH=/opt/ros/humble /usr/bin/cmake --build /home/yusuf/ros2_ws/build/robot_test -- -j8 -l8
[1.863s] Level 1:colcon.colcon_core.environment:create_environment_scripts_only(my_cpp_py_pkg)
[1.864s] DEBUG:colcon.colcon_core.event_handler.log_command:Invoked command in '/home/yusuf/ros2_ws/build/my_cpp_py_pkg' returned '0': CMAKE_PREFIX_PATH=/opt/ros/humble /usr/bin/cmake --install /home/yusuf/ros2_ws/build/my_cpp_py_pkg
[1.904s] Level 1:colcon.colcon_core.environment:checking '/home/yusuf/ros2_ws/install/my_cpp_py_pkg' for CMake module files
[1.904s] Level 1:colcon.colcon_core.environment:checking '/home/yusuf/ros2_ws/install/my_cpp_py_pkg' for CMake config files
[1.905s] Level 1:colcon.colcon_core.shell:create_environment_hook('my_cpp_py_pkg', 'cmake_prefix_path')
[1.924s] INFO:colcon.colcon_core.shell:Creating environment hook '/home/yusuf/ros2_ws/install/my_cpp_py_pkg/share/my_cpp_py_pkg/hook/cmake_prefix_path.ps1'
[1.924s] INFO:colcon.colcon_core.shell:Creating environment descriptor '/home/yusuf/ros2_ws/install/my_cpp_py_pkg/share/my_cpp_py_pkg/hook/cmake_prefix_path.dsv'
[1.925s] INFO:colcon.colcon_core.shell:Creating environment hook '/home/yusuf/ros2_ws/install/my_cpp_py_pkg/share/my_cpp_py_pkg/hook/cmake_prefix_path.sh'
[1.926s] Level 1:colcon.colcon_core.environment:checking '/home/yusuf/ros2_ws/install/my_cpp_py_pkg/bin'
[1.926s] Level 1:colcon.colcon_core.environment:checking '/home/yusuf/ros2_ws/install/my_cpp_py_pkg/lib/pkgconfig/my_cpp_py_pkg.pc'
[1.926s] Level 1:colcon.colcon_core.environment:checking '/home/yusuf/ros2_ws/install/my_cpp_py_pkg/lib/python3.10/site-packages'
[1.926s] Level 1:colcon.colcon_core.environment:checking '/home/yusuf/ros2_ws/install/my_cpp_py_pkg/bin'
[1.943s] INFO:colcon.colcon_core.shell:Creating package script '/home/yusuf/ros2_ws/install/my_cpp_py_pkg/share/my_cpp_py_pkg/package.ps1'
[1.944s] INFO:colcon.colcon_core.shell:Creating package descriptor '/home/yusuf/ros2_ws/install/my_cpp_py_pkg/share/my_cpp_py_pkg/package.dsv'
[1.944s] INFO:colcon.colcon_core.shell:Creating package script '/home/yusuf/ros2_ws/install/my_cpp_py_pkg/share/my_cpp_py_pkg/package.sh'
[1.945s] INFO:colcon.colcon_core.shell:Creating package script '/home/yusuf/ros2_ws/install/my_cpp_py_pkg/share/my_cpp_py_pkg/package.bash'
[1.946s] INFO:colcon.colcon_core.shell:Creating package script '/home/yusuf/ros2_ws/install/my_cpp_py_pkg/share/my_cpp_py_pkg/package.zsh'
[1.946s] Level 1:colcon.colcon_core.environment:create_file_with_runtime_dependencies(/home/yusuf/ros2_ws/install/my_cpp_py_pkg/share/colcon-core/packages/my_cpp_py_pkg)
[1.951s] DEBUG:colcon.colcon_core.event_handler.log_command:Invoking command in '/home/yusuf/ros2_ws/build/robot_test': CMAKE_PREFIX_PATH=/opt/ros/humble /usr/bin/cmake --install /home/yusuf/ros2_ws/build/robot_test
[1.952s] Level 1:colcon.colcon_core.environment:create_environment_scripts_only(robot_cpp)
[1.952s] DEBUG:colcon.colcon_core.event_handler.log_command:Invoked command in '/home/yusuf/ros2_ws/build/robot_cpp' returned '0': CMAKE_PREFIX_PATH=/opt/ros/humble /usr/bin/cmake --install /home/yusuf/ros2_ws/build/robot_cpp
[1.981s] Level 1:colcon.colcon_core.environment:checking '/home/yusuf/ros2_ws/install/robot_cpp' for CMake module files
[1.982s] Level 1:colcon.colcon_core.environment:checking '/home/yusuf/ros2_ws/install/robot_cpp' for CMake config files
[1.982s] Level 1:colcon.colcon_core.shell:create_environment_hook('robot_cpp', 'cmake_prefix_path')
[1.999s] INFO:colcon.colcon_core.shell:Creating environment hook '/home/yusuf/ros2_ws/install/robot_cpp/share/robot_cpp/hook/cmake_prefix_path.ps1'
[1.999s] INFO:colcon.colcon_core.shell:Creating environment descriptor '/home/yusuf/ros2_ws/install/robot_cpp/share/robot_cpp/hook/cmake_prefix_path.dsv'
[2.000s] INFO:colcon.colcon_core.shell:Creating environment hook '/home/yusuf/ros2_ws/install/robot_cpp/share/robot_cpp/hook/cmake_prefix_path.sh'
[2.000s] Level 1:colcon.colcon_core.environment:checking '/home/yusuf/ros2_ws/install/robot_cpp/bin'
[2.000s] Level 1:colcon.colcon_core.environment:checking '/home/yusuf/ros2_ws/install/robot_cpp/lib/pkgconfig/robot_cpp.pc'
[2.001s] Level 1:colcon.colcon_core.environment:checking '/home/yusuf/ros2_ws/install/robot_cpp/lib/python3.10/site-packages'
[2.001s] Level 1:colcon.colcon_core.environment:checking '/home/yusuf/ros2_ws/install/robot_cpp/bin'
[2.020s] INFO:colcon.colcon_core.shell:Creating package script '/home/yusuf/ros2_ws/install/robot_cpp/share/robot_cpp/package.ps1'
[2.021s] INFO:colcon.colcon_core.shell:Creating package descriptor '/home/yusuf/ros2_ws/install/robot_cpp/share/robot_cpp/package.dsv'
[2.021s] INFO:colcon.colcon_core.shell:Creating package script '/home/yusuf/ros2_ws/install/robot_cpp/share/robot_cpp/package.sh'
[2.022s] INFO:colcon.colcon_core.shell:Creating package script '/home/yusuf/ros2_ws/install/robot_cpp/share/robot_cpp/package.bash'
[2.022s] INFO:colcon.colcon_core.shell:Creating package script '/home/yusuf/ros2_ws/install/robot_cpp/share/robot_cpp/package.zsh'
[2.022s] Level 1:colcon.colcon_core.environment:create_file_with_runtime_dependencies(/home/yusuf/ros2_ws/install/robot_cpp/share/colcon-core/packages/robot_cpp)
[2.023s] Level 1:colcon.colcon_core.environment:create_environment_scripts_only(robot_control)
[2.024s] DEBUG:colcon.colcon_core.event_handler.log_command:Invoked command in '/home/yusuf/ros2_ws/build/robot_control' returned '0': CMAKE_PREFIX_PATH=/opt/ros/humble /usr/bin/cmake --install /home/yusuf/ros2_ws/build/robot_control
[2.055s] Level 1:colcon.colcon_core.environment:checking '/home/yusuf/ros2_ws/install/robot_control' for CMake module files
[2.056s] Level 1:colcon.colcon_core.environment:checking '/home/yusuf/ros2_ws/install/robot_control' for CMake config files
[2.057s] Level 1:colcon.colcon_core.shell:create_environment_hook('robot_control', 'cmake_prefix_path')
[2.082s] INFO:colcon.colcon_core.shell:Creating environment hook '/home/yusuf/ros2_ws/install/robot_control/share/robot_control/hook/cmake_prefix_path.ps1'
[2.082s] INFO:colcon.colcon_core.shell:Creating environment descriptor '/home/yusuf/ros2_ws/install/robot_control/share/robot_control/hook/cmake_prefix_path.dsv'
[2.083s] INFO:colcon.colcon_core.shell:Creating environment hook '/home/yusuf/ros2_ws/install/robot_control/share/robot_control/hook/cmake_prefix_path.sh'
[2.083s] Level 1:colcon.colcon_core.environment:checking '/home/yusuf/ros2_ws/install/robot_control/bin'
[2.083s] Level 1:colcon.colcon_core.environment:checking '/home/yusuf/ros2_ws/install/robot_control/lib/pkgconfig/robot_control.pc'
[2.084s] Level 1:colcon.colcon_core.environment:checking '/home/yusuf/ros2_ws/install/robot_control/lib/python3.10/site-packages'
[2.084s] Level 1:colcon.colcon_core.environment:checking '/home/yusuf/ros2_ws/install/robot_control/bin'
[2.101s] INFO:colcon.colcon_core.shell:Creating package script '/home/yusuf/ros2_ws/install/robot_control/share/robot_control/package.ps1'
[2.101s] INFO:colcon.colcon_core.shell:Creating package descriptor '/home/yusuf/ros2_ws/install/robot_control/share/robot_control/package.dsv'
[2.102s] INFO:colcon.colcon_core.shell:Creating package script '/home/yusuf/ros2_ws/install/robot_control/share/robot_control/package.sh'
[2.102s] INFO:colcon.colcon_core.shell:Creating package script '/home/yusuf/ros2_ws/install/robot_control/share/robot_control/package.bash'
[2.103s] INFO:colcon.colcon_core.shell:Creating package script '/home/yusuf/ros2_ws/install/robot_control/share/robot_control/package.zsh'
[2.103s] Level 1:colcon.colcon_core.environment:create_file_with_runtime_dependencies(/home/yusuf/ros2_ws/install/robot_control/share/colcon-core/packages/robot_control)
[2.126s] Level 1:colcon.colcon_core.environment:create_environment_scripts_only(my_cpp_py_pkg)
[2.143s] Level 1:colcon.colcon_core.environment:checking '/home/yusuf/ros2_ws/install/my_cpp_py_pkg' for CMake module files
[2.144s] Level 1:colcon.colcon_core.environment:checking '/home/yusuf/ros2_ws/install/my_cpp_py_pkg' for CMake config files
[2.144s] Level 1:colcon.colcon_core.shell:create_environment_hook('my_cpp_py_pkg', 'cmake_prefix_path')
[2.160s] INFO:colcon.colcon_core.shell:Creating environment hook '/home/yusuf/ros2_ws/install/my_cpp_py_pkg/share/my_cpp_py_pkg/hook/cmake_prefix_path.ps1'
[2.161s] INFO:colcon.colcon_core.shell:Creating environment descriptor '/home/yusuf/ros2_ws/install/my_cpp_py_pkg/share/my_cpp_py_pkg/hook/cmake_prefix_path.dsv'
[2.161s] INFO:colcon.colcon_core.shell:Creating environment hook '/home/yusuf/ros2_ws/install/my_cpp_py_pkg/share/my_cpp_py_pkg/hook/cmake_prefix_path.sh'
[2.162s] Level 1:colcon.colcon_core.environment:checking '/home/yusuf/ros2_ws/install/my_cpp_py_pkg/bin'
[2.162s] Level 1:colcon.colcon_core.environment:checking '/home/yusuf/ros2_ws/install/my_cpp_py_pkg/lib/pkgconfig/my_cpp_py_pkg.pc'
[2.162s] Level 1:colcon.colcon_core.environment:checking '/home/yusuf/ros2_ws/install/my_cpp_py_pkg/lib/python3.10/site-packages'
[2.163s] Level 1:colcon.colcon_core.environment:checking '/home/yusuf/ros2_ws/install/my_cpp_py_pkg/bin'
[2.182s] INFO:colcon.colcon_core.shell:Creating package script '/home/yusuf/ros2_ws/install/my_cpp_py_pkg/share/my_cpp_py_pkg/package.ps1'
[2.182s] INFO:colcon.colcon_core.shell:Creating package descriptor '/home/yusuf/ros2_ws/install/my_cpp_py_pkg/share/my_cpp_py_pkg/package.dsv'
[2.183s] INFO:colcon.colcon_core.shell:Creating package script '/home/yusuf/ros2_ws/install/my_cpp_py_pkg/share/my_cpp_py_pkg/package.sh'
[2.183s] INFO:colcon.colcon_core.shell:Creating package script '/home/yusuf/ros2_ws/install/my_cpp_py_pkg/share/my_cpp_py_pkg/package.bash'
[2.184s] INFO:colcon.colcon_core.shell:Creating package script '/home/yusuf/ros2_ws/install/my_cpp_py_pkg/share/my_cpp_py_pkg/package.zsh'
[2.184s] Level 1:colcon.colcon_core.environment:create_file_with_runtime_dependencies(/home/yusuf/ros2_ws/install/my_cpp_py_pkg/share/colcon-core/packages/my_cpp_py_pkg)
[2.205s] Level 1:colcon.colcon_core.environment:create_environment_scripts_only(robot_cpp)
[2.223s] Level 1:colcon.colcon_core.environment:checking '/home/yusuf/ros2_ws/install/robot_cpp' for CMake module files
[2.224s] Level 1:colcon.colcon_core.environment:checking '/home/yusuf/ros2_ws/install/robot_cpp' for CMake config files
[2.224s] Level 1:colcon.colcon_core.shell:create_environment_hook('robot_cpp', 'cmake_prefix_path')
[2.243s] INFO:colcon.colcon_core.shell:Creating environment hook '/home/yusuf/ros2_ws/install/robot_cpp/share/robot_cpp/hook/cmake_prefix_path.ps1'
[2.243s] INFO:colcon.colcon_core.shell:Creating environment descriptor '/home/yusuf/ros2_ws/install/robot_cpp/share/robot_cpp/hook/cmake_prefix_path.dsv'
[2.244s] INFO:colcon.colcon_core.shell:Creating environment hook '/home/yusuf/ros2_ws/install/robot_cpp/share/robot_cpp/hook/cmake_prefix_path.sh'
[2.244s] Level 1:colcon.colcon_core.environment:checking '/home/yusuf/ros2_ws/install/robot_cpp/bin'
[2.244s] Level 1:colcon.colcon_core.environment:checking '/home/yusuf/ros2_ws/install/robot_cpp/lib/pkgconfig/robot_cpp.pc'
[2.245s] Level 1:colcon.colcon_core.environment:checking '/home/yusuf/ros2_ws/install/robot_cpp/lib/python3.10/site-packages'
[2.245s] Level 1:colcon.colcon_core.environment:checking '/home/yusuf/ros2_ws/install/robot_cpp/bin'
[2.261s] INFO:colcon.colcon_core.shell:Creating package script '/home/yusuf/ros2_ws/install/robot_cpp/share/robot_cpp/package.ps1'
[2.262s] INFO:colcon.colcon_core.shell:Creating package descriptor '/home/yusuf/ros2_ws/install/robot_cpp/share/robot_cpp/package.dsv'
[2.262s] INFO:colcon.colcon_core.shell:Creating package script '/home/yusuf/ros2_ws/install/robot_cpp/share/robot_cpp/package.sh'
[2.263s] INFO:colcon.colcon_core.shell:Creating package script '/home/yusuf/ros2_ws/install/robot_cpp/share/robot_cpp/package.bash'
[2.263s] INFO:colcon.colcon_core.shell:Creating package script '/home/yusuf/ros2_ws/install/robot_cpp/share/robot_cpp/package.zsh'
[2.264s] Level 1:colcon.colcon_core.environment:create_file_with_runtime_dependencies(/home/yusuf/ros2_ws/install/robot_cpp/share/colcon-core/packages/robot_cpp)
[2.264s] Level 1:colcon.colcon_core.environment:create_environment_scripts_only(robot_test)
[2.266s] DEBUG:colcon.colcon_core.event_handler.log_command:Invoked command in '/home/yusuf/ros2_ws/build/robot_test' returned '0': CMAKE_PREFIX_PATH=/opt/ros/humble /usr/bin/cmake --install /home/yusuf/ros2_ws/build/robot_test
[2.284s] Level 1:colcon.colcon_core.environment:checking '/home/yusuf/ros2_ws/install/robot_test' for CMake module files
[2.284s] Level 1:colcon.colcon_core.environment:checking '/home/yusuf/ros2_ws/install/robot_test' for CMake config files
[2.284s] Level 1:colcon.colcon_core.shell:create_environment_hook('robot_test', 'cmake_prefix_path')
[2.305s] INFO:colcon.colcon_core.shell:Creating environment hook '/home/yusuf/ros2_ws/install/robot_test/share/robot_test/hook/cmake_prefix_path.ps1'
[2.305s] INFO:colcon.colcon_core.shell:Creating environment descriptor '/home/yusuf/ros2_ws/install/robot_test/share/robot_test/hook/cmake_prefix_path.dsv'
[2.306s] INFO:colcon.colcon_core.shell:Creating environment hook '/home/yusuf/ros2_ws/install/robot_test/share/robot_test/hook/cmake_prefix_path.sh'
[2.306s] Level 1:colcon.colcon_core.environment:checking '/home/yusuf/ros2_ws/install/robot_test/bin'
[2.306s] Level 1:colcon.colcon_core.environment:checking '/home/yusuf/ros2_ws/install/robot_test/lib/pkgconfig/robot_test.pc'
[2.307s] Level 1:colcon.colcon_core.environment:checking '/home/yusuf/ros2_ws/install/robot_test/lib/python3.10/site-packages'
[2.307s] Level 1:colcon.colcon_core.environment:checking '/home/yusuf/ros2_ws/install/robot_test/bin'
[2.323s] INFO:colcon.colcon_core.shell:Creating package script '/home/yusuf/ros2_ws/install/robot_test/share/robot_test/package.ps1'
[2.324s] INFO:colcon.colcon_core.shell:Creating package descriptor '/home/yusuf/ros2_ws/install/robot_test/share/robot_test/package.dsv'
[2.324s] INFO:colcon.colcon_core.shell:Creating package script '/home/yusuf/ros2_ws/install/robot_test/share/robot_test/package.sh'
[2.324s] INFO:colcon.colcon_core.shell:Creating package script '/home/yusuf/ros2_ws/install/robot_test/share/robot_test/package.bash'
[2.325s] INFO:colcon.colcon_core.shell:Creating package script '/home/yusuf/ros2_ws/install/robot_test/share/robot_test/package.zsh'
[2.325s] Level 1:colcon.colcon_core.environment:create_file_with_runtime_dependencies(/home/yusuf/ros2_ws/install/robot_test/share/colcon-core/packages/robot_test)
[2.345s] Level 1:colcon.colcon_core.environment:create_environment_scripts_only(robot_control)
[2.362s] Level 1:colcon.colcon_core.environment:checking '/home/yusuf/ros2_ws/install/robot_control' for CMake module files
[2.363s] Level 1:colcon.colcon_core.environment:checking '/home/yusuf/ros2_ws/install/robot_control' for CMake config files
[2.363s] Level 1:colcon.colcon_core.shell:create_environment_hook('robot_control', 'cmake_prefix_path')
[2.378s] INFO:colcon.colcon_core.shell:Creating environment hook '/home/yusuf/ros2_ws/install/robot_control/share/robot_control/hook/cmake_prefix_path.ps1'
[2.379s] INFO:colcon.colcon_core.shell:Creating environment descriptor '/home/yusuf/ros2_ws/install/robot_control/share/robot_control/hook/cmake_prefix_path.dsv'
[2.379s] INFO:colcon.colcon_core.shell:Creating environment hook '/home/yusuf/ros2_ws/install/robot_control/share/robot_control/hook/cmake_prefix_path.sh'
[2.380s] Level 1:colcon.colcon_core.environment:checking '/home/yusuf/ros2_ws/install/robot_control/bin'
[2.380s] Level 1:colcon.colcon_core.environment:checking '/home/yusuf/ros2_ws/install/robot_control/lib/pkgconfig/robot_control.pc'
[2.381s] Level 1:colcon.colcon_core.environment:checking '/home/yusuf/ros2_ws/install/robot_control/lib/python3.10/site-packages'
[2.381s] Level 1:colcon.colcon_core.environment:checking '/home/yusuf/ros2_ws/install/robot_control/bin'
[2.397s] INFO:colcon.colcon_core.shell:Creating package script '/home/yusuf/ros2_ws/install/robot_control/share/robot_control/package.ps1'
[2.397s] INFO:colcon.colcon_core.shell:Creating package descriptor '/home/yusuf/ros2_ws/install/robot_control/share/robot_control/package.dsv'
[2.398s] INFO:colcon.colcon_core.shell:Creating package script '/home/yusuf/ros2_ws/install/robot_control/share/robot_control/package.sh'
[2.398s] INFO:colcon.colcon_core.shell:Creating package script '/home/yusuf/ros2_ws/install/robot_control/share/robot_control/package.bash'
[2.399s] INFO:colcon.colcon_core.shell:Creating package script '/home/yusuf/ros2_ws/install/robot_control/share/robot_control/package.zsh'
[2.399s] Level 1:colcon.colcon_core.environment:create_file_with_runtime_dependencies(/home/yusuf/ros2_ws/install/robot_control/share/colcon-core/packages/robot_control)
[2.405s] DEBUG:colcon.colcon_core.event_handler.log_command:Invoking command in '/home/yusuf/ros2_ws/src/robot_python': PYTHONPATH=/home/yusuf/ros2_ws/build/robot_python/prefix_override:/home/yusuf/ros2_ws/install/robot_python/lib/python3.10/site-packages:${PYTHONPATH} /usr/bin/python3 setup.py egg_info --egg-base ../../build/robot_python build --build-base /home/yusuf/ros2_ws/build/robot_python/build install --record /home/yusuf/ros2_ws/build/robot_python/install.log --single-version-externally-managed
[2.424s] Level 1:colcon.colcon_core.environment:create_environment_scripts_only(robot_test)
[2.441s] Level 1:colcon.colcon_core.environment:checking '/home/yusuf/ros2_ws/install/robot_test' for CMake module files
[2.442s] Level 1:colcon.colcon_core.environment:checking '/home/yusuf/ros2_ws/install/robot_test' for CMake config files
[2.442s] Level 1:colcon.colcon_core.shell:create_environment_hook('robot_test', 'cmake_prefix_path')
[2.462s] INFO:colcon.colcon_core.shell:Creating environment hook '/home/yusuf/ros2_ws/install/robot_test/share/robot_test/hook/cmake_prefix_path.ps1'
[2.463s] INFO:colcon.colcon_core.shell:Creating environment descriptor '/home/yusuf/ros2_ws/install/robot_test/share/robot_test/hook/cmake_prefix_path.dsv'
[2.464s] INFO:colcon.colcon_core.shell:Creating environment hook '/home/yusuf/ros2_ws/install/robot_test/share/robot_test/hook/cmake_prefix_path.sh'
[2.464s] Level 1:colcon.colcon_core.environment:checking '/home/yusuf/ros2_ws/install/robot_test/bin'
[2.464s] Level 1:colcon.colcon_core.environment:checking '/home/yusuf/ros2_ws/install/robot_test/lib/pkgconfig/robot_test.pc'
[2.465s] Level 1:colcon.colcon_core.environment:checking '/home/yusuf/ros2_ws/install/robot_test/lib/python3.10/site-packages'
[2.465s] Level 1:colcon.colcon_core.environment:checking '/home/yusuf/ros2_ws/install/robot_test/bin'
[2.486s] INFO:colcon.colcon_core.shell:Creating package script '/home/yusuf/ros2_ws/install/robot_test/share/robot_test/package.ps1'
[2.487s] INFO:colcon.colcon_core.shell:Creating package descriptor '/home/yusuf/ros2_ws/install/robot_test/share/robot_test/package.dsv'
[2.487s] INFO:colcon.colcon_core.shell:Creating package script '/home/yusuf/ros2_ws/install/robot_test/share/robot_test/package.sh'
[2.488s] INFO:colcon.colcon_core.shell:Creating package script '/home/yusuf/ros2_ws/install/robot_test/share/robot_test/package.bash'
[2.488s] INFO:colcon.colcon_core.shell:Creating package script '/home/yusuf/ros2_ws/install/robot_test/share/robot_test/package.zsh'
[2.489s] Level 1:colcon.colcon_core.environment:create_file_with_runtime_dependencies(/home/yusuf/ros2_ws/install/robot_test/share/colcon-core/packages/robot_test)
[2.505s] DEBUG:colcon.colcon_core.event_handler.log_command:Invoked command in '/home/yusuf/ros2_ws/build/turtlebot3_gazebo' returned '1': CMAKE_PREFIX_PATH=/opt/ros/humble /usr/bin/cmake /home/yusuf/ros2_ws/src/turtlebot3_gazebo -DCMAKE_INSTALL_PREFIX=/home/yusuf/ros2_ws/install/turtlebot3_gazebo
[2.520s] Level 1:colcon.colcon_core.environment:create_environment_scripts_only(turtlebot3_gazebo)
[2.537s] Level 1:colcon.colcon_core.environment:checking '/home/yusuf/ros2_ws/install/turtlebot3_gazebo' for CMake module files
[2.537s] Level 1:colcon.colcon_core.environment:checking '/home/yusuf/ros2_ws/install/turtlebot3_gazebo' for CMake config files
[2.537s] Level 1:colcon.colcon_core.environment:checking '/home/yusuf/ros2_ws/install/turtlebot3_gazebo/bin'
[2.537s] Level 1:colcon.colcon_core.environment:checking '/home/yusuf/ros2_ws/install/turtlebot3_gazebo/lib/pkgconfig/turtlebot3_gazebo.pc'
[2.538s] Level 1:colcon.colcon_core.environment:checking '/home/yusuf/ros2_ws/install/turtlebot3_gazebo/lib/python3.10/site-packages'
[2.538s] Level 1:colcon.colcon_core.environment:checking '/home/yusuf/ros2_ws/install/turtlebot3_gazebo/bin'
[2.552s] INFO:colcon.colcon_core.shell:Creating package script '/home/yusuf/ros2_ws/install/turtlebot3_gazebo/share/turtlebot3_gazebo/package.ps1'
[2.552s] INFO:colcon.colcon_core.shell:Creating package descriptor '/home/yusuf/ros2_ws/install/turtlebot3_gazebo/share/turtlebot3_gazebo/package.dsv'
[2.553s] INFO:colcon.colcon_core.shell:Creating package script '/home/yusuf/ros2_ws/install/turtlebot3_gazebo/share/turtlebot3_gazebo/package.sh'
[2.553s] INFO:colcon.colcon_core.shell:Creating package script '/home/yusuf/ros2_ws/install/turtlebot3_gazebo/share/turtlebot3_gazebo/package.bash'
[2.553s] INFO:colcon.colcon_core.shell:Creating package script '/home/yusuf/ros2_ws/install/turtlebot3_gazebo/share/turtlebot3_gazebo/package.zsh'
[2.553s] Level 1:colcon.colcon_core.environment:create_file_with_runtime_dependencies(/home/yusuf/ros2_ws/install/turtlebot3_gazebo/share/colcon-core/packages/turtlebot3_gazebo)
[2.717s] DEBUG:colcon.colcon_parallel_executor.executor.parallel:closing loop
[2.717s] DEBUG:colcon.colcon_parallel_executor.executor.parallel:loop closed
[2.717s] DEBUG:colcon.colcon_parallel_executor.executor.parallel:run_until_complete finished with '1'
[2.717s] DEBUG:colcon.colcon_core.event_reactor:joining thread
[2.739s] INFO:colcon.colcon_core.plugin_system:Skipping extension 'colcon_notification.desktop_notification.terminal_notifier': Not used on non-Darwin systems
[2.740s] INFO:colcon.colcon_core.plugin_system:Skipping extension 'colcon_notification.desktop_notification.win32': Not used on non-Windows systems
[2.740s] INFO:colcon.colcon_notification.desktop_notification:Sending desktop notification using 'notify2'
[2.754s] DEBUG:colcon.colcon_core.event_reactor:joined thread
[2.771s] INFO:colcon.colcon_core.shell:Creating prefix script '/home/yusuf/ros2_ws/install/local_setup.ps1'
[2.772s] INFO:colcon.colcon_core.shell:Creating prefix util module '/home/yusuf/ros2_ws/install/_local_setup_util_ps1.py'
[2.773s] INFO:colcon.colcon_core.shell:Creating prefix chain script '/home/yusuf/ros2_ws/install/setup.ps1'
[2.792s] INFO:colcon.colcon_core.shell:Creating prefix script '/home/yusuf/ros2_ws/install/local_setup.sh'
[2.792s] INFO:colcon.colcon_core.shell:Creating prefix util module '/home/yusuf/ros2_ws/install/_local_setup_util_sh.py'
[2.793s] INFO:colcon.colcon_core.shell:Creating prefix chain script '/home/yusuf/ros2_ws/install/setup.sh'
[2.809s] INFO:colcon.colcon_core.shell:Creating prefix script '/home/yusuf/ros2_ws/install/local_setup.bash'
[2.809s] INFO:colcon.colcon_core.shell:Creating prefix chain script '/home/yusuf/ros2_ws/install/setup.bash'
[2.824s] INFO:colcon.colcon_core.shell:Creating prefix script '/home/yusuf/ros2_ws/install/local_setup.zsh'
[2.825s] INFO:colcon.colcon_core.shell:Creating prefix chain script '/home/yusuf/ros2_ws/install/setup.zsh'
