[0.061s] Invoking command in '/home/yusuf/ros2_ws/build/drive_turtle': CMAKE_PREFIX_PATH=${CMAKE_PREFIX_PATH}:/home/yusuf/ros2_ws/install/urdf_tutorial_r2d2:/home/yusuf/ros2_ws/install/turtlebot3_teleop:/home/yusuf/ros2_ws/install/turtlebot3_fake_node:/home/yusuf/ros2_ws/install/turtlebot3_example:/home/yusuf/ros2_ws/install/robot_python:/home/yusuf/mir_robot/install/ros2_aruco:/home/yusuf/mir_robot/install/point_cloud_functions:/home/yusuf/mir_robot/install/mir_restapi:/home/yusuf/mir_robot/install/mir_driver:/opt/ros/humble /usr/bin/cmake --build /home/yusuf/ros2_ws/build/drive_turtle -- -j8 -l8
[0.379s] [35m[1mConsolidate compiler generated dependencies of target p1_single_straight_drive[0m
[0.387s] [35m[1mConsolidate compiler generated dependencies of target p1_multi_turtle_controller[0m
[0.396s] [35m[1mConsolidate compiler generated dependencies of target p1_multi_straight_drive[0m
[0.411s] [35m[1mConsolidate compiler generated dependencies of target test_run[0m
[0.517s] [ 25%] Built target p1_single_straight_drive
[0.548s] [ 50%] Built target p1_multi_turtle_controller
[0.551s] [ 75%] Built target p1_multi_straight_drive
[0.576s] [100%] Built target test_run
[0.656s] Invoked command in '/home/yusuf/ros2_ws/build/drive_turtle' returned '0': CMAKE_PREFIX_PATH=${CMAKE_PREFIX_PATH}:/home/yusuf/ros2_ws/install/urdf_tutorial_r2d2:/home/yusuf/ros2_ws/install/turtlebot3_teleop:/home/yusuf/ros2_ws/install/turtlebot3_fake_node:/home/yusuf/ros2_ws/install/turtlebot3_example:/home/yusuf/ros2_ws/install/robot_python:/home/yusuf/mir_robot/install/ros2_aruco:/home/yusuf/mir_robot/install/point_cloud_functions:/home/yusuf/mir_robot/install/mir_restapi:/home/yusuf/mir_robot/install/mir_driver:/opt/ros/humble /usr/bin/cmake --build /home/yusuf/ros2_ws/build/drive_turtle -- -j8 -l8
[1.141s] Invoking command in '/home/yusuf/ros2_ws/build/drive_turtle': CMAKE_PREFIX_PATH=${CMAKE_PREFIX_PATH}:/home/yusuf/ros2_ws/install/urdf_tutorial_r2d2:/home/yusuf/ros2_ws/install/turtlebot3_teleop:/home/yusuf/ros2_ws/install/turtlebot3_fake_node:/home/yusuf/ros2_ws/install/turtlebot3_example:/home/yusuf/ros2_ws/install/robot_python:/home/yusuf/mir_robot/install/ros2_aruco:/home/yusuf/mir_robot/install/point_cloud_functions:/home/yusuf/mir_robot/install/mir_restapi:/home/yusuf/mir_robot/install/mir_driver:/opt/ros/humble /usr/bin/cmake --install /home/yusuf/ros2_ws/build/drive_turtle
[1.180s] -- Install configuration: ""
[1.181s] -- Installing: /home/yusuf/ros2_ws/install/drive_turtle/lib/drive_turtle/p1_multi_turtle_controller
[1.188s] -- Set runtime path of "/home/yusuf/ros2_ws/install/drive_turtle/lib/drive_turtle/p1_multi_turtle_controller" to ""
[1.188s] -- Installing: /home/yusuf/ros2_ws/install/drive_turtle/lib/drive_turtle/p1_single_straight_drive
[1.191s] -- Set runtime path of "/home/yusuf/ros2_ws/install/drive_turtle/lib/drive_turtle/p1_single_straight_drive" to ""
[1.191s] -- Installing: /home/yusuf/ros2_ws/install/drive_turtle/lib/drive_turtle/p1_multi_straight_drive
[1.202s] -- Set runtime path of "/home/yusuf/ros2_ws/install/drive_turtle/lib/drive_turtle/p1_multi_straight_drive" to ""
[1.202s] -- Installing: /home/yusuf/ros2_ws/install/drive_turtle/lib/drive_turtle/test_run
[1.205s] -- Set runtime path of "/home/yusuf/ros2_ws/install/drive_turtle/lib/drive_turtle/test_run" to ""
[1.205s] -- Installing: /home/yusuf/ros2_ws/install/drive_turtle/share/drive_turtle/launch
[1.205s] -- Installing: /home/yusuf/ros2_ws/install/drive_turtle/share/drive_turtle/launch/p1_c_multi_robot_controller.launch.py
[1.205s] -- Installing: /home/yusuf/ros2_ws/install/drive_turtle/share/drive_turtle/launch/p1_b_multi_robot_single_sim.launch.py
[1.206s] -- Installing: /home/yusuf/ros2_ws/install/drive_turtle/share/drive_turtle/launch/p1_d_run_multi_turtlesim_drive.launch.py
[1.206s] -- Installing: /home/yusuf/ros2_ws/install/drive_turtle/share/drive_turtle/launch/test_run.launch.py
[1.206s] -- Installing: /home/yusuf/ros2_ws/install/drive_turtle/share/drive_turtle/launch/p1_a_multi_robot_multi_sim.launch.py
[1.210s] -- Installing: /home/yusuf/ros2_ws/install/drive_turtle/share/ament_index/resource_index/package_run_dependencies/drive_turtle
[1.211s] -- Installing: /home/yusuf/ros2_ws/install/drive_turtle/share/ament_index/resource_index/parent_prefix_path/drive_turtle
[1.211s] -- Installing: /home/yusuf/ros2_ws/install/drive_turtle/share/drive_turtle/environment/ament_prefix_path.sh
[1.212s] -- Installing: /home/yusuf/ros2_ws/install/drive_turtle/share/drive_turtle/environment/ament_prefix_path.dsv
[1.212s] -- Installing: /home/yusuf/ros2_ws/install/drive_turtle/share/drive_turtle/environment/path.sh
[1.212s] -- Installing: /home/yusuf/ros2_ws/install/drive_turtle/share/drive_turtle/environment/path.dsv
[1.212s] -- Installing: /home/yusuf/ros2_ws/install/drive_turtle/share/drive_turtle/local_setup.bash
[1.213s] -- Installing: /home/yusuf/ros2_ws/install/drive_turtle/share/drive_turtle/local_setup.sh
[1.213s] -- Installing: /home/yusuf/ros2_ws/install/drive_turtle/share/drive_turtle/local_setup.zsh
[1.214s] -- Installing: /home/yusuf/ros2_ws/install/drive_turtle/share/drive_turtle/local_setup.dsv
[1.219s] -- Installing: /home/yusuf/ros2_ws/install/drive_turtle/share/drive_turtle/package.dsv
[1.220s] -- Installing: /home/yusuf/ros2_ws/install/drive_turtle/share/ament_index/resource_index/packages/drive_turtle
[1.220s] -- Installing: /home/yusuf/ros2_ws/install/drive_turtle/share/drive_turtle/cmake/drive_turtleConfig.cmake
[1.221s] -- Installing: /home/yusuf/ros2_ws/install/drive_turtle/share/drive_turtle/cmake/drive_turtleConfig-version.cmake
[1.221s] -- Installing: /home/yusuf/ros2_ws/install/drive_turtle/share/drive_turtle/package.xml
[1.230s] Invoked command in '/home/yusuf/ros2_ws/build/drive_turtle' returned '0': CMAKE_PREFIX_PATH=${CMAKE_PREFIX_PATH}:/home/yusuf/ros2_ws/install/urdf_tutorial_r2d2:/home/yusuf/ros2_ws/install/turtlebot3_teleop:/home/yusuf/ros2_ws/install/turtlebot3_fake_node:/home/yusuf/ros2_ws/install/turtlebot3_example:/home/yusuf/ros2_ws/install/robot_python:/home/yusuf/mir_robot/install/ros2_aruco:/home/yusuf/mir_robot/install/point_cloud_functions:/home/yusuf/mir_robot/install/mir_restapi:/home/yusuf/mir_robot/install/mir_driver:/opt/ros/humble /usr/bin/cmake --install /home/yusuf/ros2_ws/build/drive_turtle
