[0.080s] Invoking command in '/home/yusuf/ros2_ws/build/robot_control': CMAKE_PREFIX_PATH=${CMAKE_PREFIX_PATH}:/home/yusuf/ros2_ws/install/urdf_tutorial_r2d2:/home/yusuf/ros2_ws/install/turtlebot3_teleop:/home/yusuf/ros2_ws/install/turtlebot3_fake_node:/home/yusuf/ros2_ws/install/turtlebot3_example:/home/yusuf/ros2_ws/install/robot_python:/home/yusuf/mir_robot/install/ros2_aruco:/home/yusuf/mir_robot/install/point_cloud_functions:/home/yusuf/mir_robot/install/mir_restapi:/home/yusuf/mir_robot/install/mir_driver:/opt/ros/humble /usr/bin/cmake /home/yusuf/ros2_ws/src/robot_control -DCMAKE_INSTALL_PREFIX=/home/yusuf/ros2_ws/install/robot_control
[0.313s] -- The C compiler identification is GNU 11.4.0
[0.542s] -- The CXX compiler identification is GNU 11.4.0
[0.585s] -- Detecting C compiler ABI info
[1.045s] -- Detecting C compiler ABI info - done
[1.104s] -- Check for working C compiler: /usr/bin/cc - skipped
[1.112s] -- Detecting C compile features
[1.120s] -- Detecting C compile features - done
[1.141s] -- Detecting CXX compiler ABI info
[1.700s] -- Detecting CXX compiler ABI info - done
[1.791s] -- Check for working CXX compiler: /usr/bin/c++ - skipped
[1.792s] -- Detecting CXX compile features
[1.794s] -- Detecting CXX compile features - done
[1.824s] -- Found ament_cmake: 1.3.9 (/opt/ros/humble/share/ament_cmake/cmake)
[3.117s] -- Found Python3: /usr/bin/python3 (found version "3.10.12") found components: Interpreter 
[4.961s] -- Found ament_lint_auto: 0.12.11 (/opt/ros/humble/share/ament_lint_auto/cmake)
[5.985s] -- Added test 'lint_cmake' to check CMake code style
[6.007s] -- Added test 'xmllint' to check XML markup files
[6.042s] -- Configuring done
[6.068s] -- Generating done
[6.087s] -- Build files have been written to: /home/yusuf/ros2_ws/build/robot_control
[6.128s] Invoked command in '/home/yusuf/ros2_ws/build/robot_control' returned '0': CMAKE_PREFIX_PATH=${CMAKE_PREFIX_PATH}:/home/yusuf/ros2_ws/install/urdf_tutorial_r2d2:/home/yusuf/ros2_ws/install/turtlebot3_teleop:/home/yusuf/ros2_ws/install/turtlebot3_fake_node:/home/yusuf/ros2_ws/install/turtlebot3_example:/home/yusuf/ros2_ws/install/robot_python:/home/yusuf/mir_robot/install/ros2_aruco:/home/yusuf/mir_robot/install/point_cloud_functions:/home/yusuf/mir_robot/install/mir_restapi:/home/yusuf/mir_robot/install/mir_driver:/opt/ros/humble /usr/bin/cmake /home/yusuf/ros2_ws/src/robot_control -DCMAKE_INSTALL_PREFIX=/home/yusuf/ros2_ws/install/robot_control
[6.130s] Invoking command in '/home/yusuf/ros2_ws/build/robot_control': CMAKE_PREFIX_PATH=${CMAKE_PREFIX_PATH}:/home/yusuf/ros2_ws/install/urdf_tutorial_r2d2:/home/yusuf/ros2_ws/install/turtlebot3_teleop:/home/yusuf/ros2_ws/install/turtlebot3_fake_node:/home/yusuf/ros2_ws/install/turtlebot3_example:/home/yusuf/ros2_ws/install/robot_python:/home/yusuf/mir_robot/install/ros2_aruco:/home/yusuf/mir_robot/install/point_cloud_functions:/home/yusuf/mir_robot/install/mir_restapi:/home/yusuf/mir_robot/install/mir_driver:/opt/ros/humble /usr/bin/cmake --build /home/yusuf/ros2_ws/build/robot_control -- -j8 -l8
[6.546s] Invoked command in '/home/yusuf/ros2_ws/build/robot_control' returned '0': CMAKE_PREFIX_PATH=${CMAKE_PREFIX_PATH}:/home/yusuf/ros2_ws/install/urdf_tutorial_r2d2:/home/yusuf/ros2_ws/install/turtlebot3_teleop:/home/yusuf/ros2_ws/install/turtlebot3_fake_node:/home/yusuf/ros2_ws/install/turtlebot3_example:/home/yusuf/ros2_ws/install/robot_python:/home/yusuf/mir_robot/install/ros2_aruco:/home/yusuf/mir_robot/install/point_cloud_functions:/home/yusuf/mir_robot/install/mir_restapi:/home/yusuf/mir_robot/install/mir_driver:/opt/ros/humble /usr/bin/cmake --build /home/yusuf/ros2_ws/build/robot_control -- -j8 -l8
[6.915s] Invoking command in '/home/yusuf/ros2_ws/build/robot_control': CMAKE_PREFIX_PATH=${CMAKE_PREFIX_PATH}:/home/yusuf/ros2_ws/install/urdf_tutorial_r2d2:/home/yusuf/ros2_ws/install/turtlebot3_teleop:/home/yusuf/ros2_ws/install/turtlebot3_fake_node:/home/yusuf/ros2_ws/install/turtlebot3_example:/home/yusuf/ros2_ws/install/robot_python:/home/yusuf/mir_robot/install/ros2_aruco:/home/yusuf/mir_robot/install/point_cloud_functions:/home/yusuf/mir_robot/install/mir_restapi:/home/yusuf/mir_robot/install/mir_driver:/opt/ros/humble /usr/bin/cmake --install /home/yusuf/ros2_ws/build/robot_control
[6.989s] -- Install configuration: ""
[6.990s] -- Installing: /home/yusuf/ros2_ws/install/robot_control/share/robot_control/launch
[6.991s] -- Installing: /home/yusuf/ros2_ws/install/robot_control/share/ament_index/resource_index/package_run_dependencies/robot_control
[6.995s] -- Installing: /home/yusuf/ros2_ws/install/robot_control/share/ament_index/resource_index/parent_prefix_path/robot_control
[6.996s] -- Installing: /home/yusuf/ros2_ws/install/robot_control/share/robot_control/environment/ament_prefix_path.sh
[6.999s] -- Installing: /home/yusuf/ros2_ws/install/robot_control/share/robot_control/environment/ament_prefix_path.dsv
[6.999s] -- Installing: /home/yusuf/ros2_ws/install/robot_control/share/robot_control/environment/path.sh
[6.999s] -- Installing: /home/yusuf/ros2_ws/install/robot_control/share/robot_control/environment/path.dsv
[7.000s] -- Installing: /home/yusuf/ros2_ws/install/robot_control/share/robot_control/local_setup.bash
[7.000s] -- Installing: /home/yusuf/ros2_ws/install/robot_control/share/robot_control/local_setup.sh
[7.021s] -- Installing: /home/yusuf/ros2_ws/install/robot_control/share/robot_control/local_setup.zsh
[7.022s] -- Installing: /home/yusuf/ros2_ws/install/robot_control/share/robot_control/local_setup.dsv
[7.022s] -- Installing: /home/yusuf/ros2_ws/install/robot_control/share/robot_control/package.dsv
[7.023s] -- Installing: /home/yusuf/ros2_ws/install/robot_control/share/ament_index/resource_index/packages/robot_control
[7.023s] -- Installing: /home/yusuf/ros2_ws/install/robot_control/share/robot_control/cmake/robot_controlConfig.cmake
[7.024s] -- Installing: /home/yusuf/ros2_ws/install/robot_control/share/robot_control/cmake/robot_controlConfig-version.cmake
[7.024s] -- Installing: /home/yusuf/ros2_ws/install/robot_control/share/robot_control/package.xml
[7.141s] Invoked command in '/home/yusuf/ros2_ws/build/robot_control' returned '0': CMAKE_PREFIX_PATH=${CMAKE_PREFIX_PATH}:/home/yusuf/ros2_ws/install/urdf_tutorial_r2d2:/home/yusuf/ros2_ws/install/turtlebot3_teleop:/home/yusuf/ros2_ws/install/turtlebot3_fake_node:/home/yusuf/ros2_ws/install/turtlebot3_example:/home/yusuf/ros2_ws/install/robot_python:/home/yusuf/mir_robot/install/ros2_aruco:/home/yusuf/mir_robot/install/point_cloud_functions:/home/yusuf/mir_robot/install/mir_restapi:/home/yusuf/mir_robot/install/mir_driver:/opt/ros/humble /usr/bin/cmake --install /home/yusuf/ros2_ws/build/robot_control
