[0.199s] Invoking command in '/home/yusuf/ros2_ws/build/navigation_tb3': CMAKE_PREFIX_PATH=/opt/ros/humble /usr/bin/cmake --build /home/yusuf/ros2_ws/build/navigation_tb3 -- -j8 -l8
[0.311s] [35m[1mConsolidate compiler generated dependencies of target pub_occupancy_grid[0m
[0.356s] [100%] Built target pub_occupancy_grid
[0.362s] [100%] Built target ament_cmake_python_copy_navigation_tb3
[0.842s] running egg_info
[0.847s] writing navigation_tb3.egg-info/PKG-INFO
[0.848s] writing dependency_links to navigation_tb3.egg-info/dependency_links.txt
[0.848s] writing top-level names to navigation_tb3.egg-info/top_level.txt
[0.850s] reading manifest file 'navigation_tb3.egg-info/SOURCES.txt'
[0.851s] writing manifest file 'navigation_tb3.egg-info/SOURCES.txt'
[0.898s] [100%] Built target ament_cmake_python_build_navigation_tb3_egg
[1.161s] Invoked command in '/home/yusuf/ros2_ws/build/navigation_tb3' returned '0': CMAKE_PREFIX_PATH=/opt/ros/humble /usr/bin/cmake --build /home/yusuf/ros2_ws/build/navigation_tb3 -- -j8 -l8
[1.611s] Invoking command in '/home/yusuf/ros2_ws/build/navigation_tb3': CMAKE_PREFIX_PATH=/opt/ros/humble /usr/bin/cmake --install /home/yusuf/ros2_ws/build/navigation_tb3
[2.182s] -- Install configuration: ""
[2.183s] -- Up-to-date: /home/yusuf/ros2_ws/install/navigation_tb3/lib/navigation_tb3/pub_occupancy_grid
[2.183s] -- Up-to-date: /home/yusuf/ros2_ws/install/navigation_tb3/share/navigation_tb3/launch
[2.183s] -- Up-to-date: /home/yusuf/ros2_ws/install/navigation_tb3/share/navigation_tb3/launch/navigation.launch.py
[2.184s] -- Up-to-date: /home/yusuf/ros2_ws/install/navigation_tb3/share/navigation_tb3/launch/mapping.launch.py
[2.184s] -- Up-to-date: /home/yusuf/ros2_ws/install/navigation_tb3/share/navigation_tb3/config
[2.185s] -- Up-to-date: /home/yusuf/ros2_ws/install/navigation_tb3/share/navigation_tb3/config/navigation.rviz
[2.185s] -- Up-to-date: /home/yusuf/ros2_ws/install/navigation_tb3/share/navigation_tb3/config/tb3_nav2_params.yaml
[2.185s] -- Up-to-date: /home/yusuf/ros2_ws/install/navigation_tb3/share/navigation_tb3/config/mapping.rviz
[2.185s] -- Up-to-date: /home/yusuf/ros2_ws/install/navigation_tb3/share/navigation_tb3/config/turtlebot3_lds_2d.lua
[2.186s] -- Up-to-date: /home/yusuf/ros2_ws/install/navigation_tb3/share/navigation_tb3/config/tb3_map.yaml
[2.186s] -- Up-to-date: /home/yusuf/ros2_ws/install/navigation_tb3/share/navigation_tb3/config/tb3_map.pgm
[2.186s] -- Up-to-date: /home/yusuf/ros2_ws/install/navigation_tb3/share/navigation_tb3/environment/pythonpath.sh
[2.187s] -- Up-to-date: /home/yusuf/ros2_ws/install/navigation_tb3/share/navigation_tb3/environment/pythonpath.dsv
[2.187s] -- Up-to-date: /home/yusuf/ros2_ws/install/navigation_tb3/local/lib/python3.10/dist-packages/navigation_tb3-0.0.0-py3.10.egg-info
[2.187s] -- Installing: /home/yusuf/ros2_ws/install/navigation_tb3/local/lib/python3.10/dist-packages/navigation_tb3-0.0.0-py3.10.egg-info/SOURCES.txt
[2.188s] -- Installing: /home/yusuf/ros2_ws/install/navigation_tb3/local/lib/python3.10/dist-packages/navigation_tb3-0.0.0-py3.10.egg-info/dependency_links.txt
[2.188s] -- Installing: /home/yusuf/ros2_ws/install/navigation_tb3/local/lib/python3.10/dist-packages/navigation_tb3-0.0.0-py3.10.egg-info/PKG-INFO
[2.188s] -- Installing: /home/yusuf/ros2_ws/install/navigation_tb3/local/lib/python3.10/dist-packages/navigation_tb3-0.0.0-py3.10.egg-info/top_level.txt
[2.188s] -- Up-to-date: /home/yusuf/ros2_ws/install/navigation_tb3/local/lib/python3.10/dist-packages/navigation_tb3
[2.189s] -- Up-to-date: /home/yusuf/ros2_ws/install/navigation_tb3/local/lib/python3.10/dist-packages/navigation_tb3/__init__.py
[2.189s] Listing '/home/yusuf/ros2_ws/install/navigation_tb3/local/lib/python3.10/dist-packages/navigation_tb3'...
[2.189s] -- Up-to-date: /home/yusuf/ros2_ws/install/navigation_tb3/lib/navigation_tb3/single_goal_nav.py
[2.189s] -- Up-to-date: /home/yusuf/ros2_ws/install/navigation_tb3/lib/navigation_tb3/multi_waypoints.py
[2.190s] -- Up-to-date: /home/yusuf/ros2_ws/install/navigation_tb3/share/ament_index/resource_index/package_run_dependencies/navigation_tb3
[2.190s] -- Up-to-date: /home/yusuf/ros2_ws/install/navigation_tb3/share/ament_index/resource_index/parent_prefix_path/navigation_tb3
[2.190s] -- Up-to-date: /home/yusuf/ros2_ws/install/navigation_tb3/share/navigation_tb3/environment/ament_prefix_path.sh
[2.191s] -- Up-to-date: /home/yusuf/ros2_ws/install/navigation_tb3/share/navigation_tb3/environment/ament_prefix_path.dsv
[2.191s] -- Up-to-date: /home/yusuf/ros2_ws/install/navigation_tb3/share/navigation_tb3/environment/path.sh
[2.191s] -- Up-to-date: /home/yusuf/ros2_ws/install/navigation_tb3/share/navigation_tb3/environment/path.dsv
[2.192s] -- Up-to-date: /home/yusuf/ros2_ws/install/navigation_tb3/share/navigation_tb3/local_setup.bash
[2.192s] -- Up-to-date: /home/yusuf/ros2_ws/install/navigation_tb3/share/navigation_tb3/local_setup.sh
[2.193s] -- Up-to-date: /home/yusuf/ros2_ws/install/navigation_tb3/share/navigation_tb3/local_setup.zsh
[2.193s] -- Up-to-date: /home/yusuf/ros2_ws/install/navigation_tb3/share/navigation_tb3/local_setup.dsv
[2.193s] -- Installing: /home/yusuf/ros2_ws/install/navigation_tb3/share/navigation_tb3/package.dsv
[2.194s] -- Up-to-date: /home/yusuf/ros2_ws/install/navigation_tb3/share/ament_index/resource_index/packages/navigation_tb3
[2.194s] -- Up-to-date: /home/yusuf/ros2_ws/install/navigation_tb3/share/navigation_tb3/cmake/navigation_tb3Config.cmake
[2.194s] -- Up-to-date: /home/yusuf/ros2_ws/install/navigation_tb3/share/navigation_tb3/cmake/navigation_tb3Config-version.cmake
[2.195s] -- Up-to-date: /home/yusuf/ros2_ws/install/navigation_tb3/share/navigation_tb3/package.xml
[2.278s] Invoked command in '/home/yusuf/ros2_ws/build/navigation_tb3' returned '0': CMAKE_PREFIX_PATH=/opt/ros/humble /usr/bin/cmake --install /home/yusuf/ros2_ws/build/navigation_tb3
