[1.696s] Invoking command in '/home/yusuf/ros2_ws/build/robot_cpp': CMAKE_PREFIX_PATH=${CMAKE_PREFIX_PATH}:/home/yusuf/ros2_learners/install/robot_math:/home/yusuf/ros2_ws/install/robot_python:/opt/ros/humble /usr/bin/cmake --build /home/yusuf/ros2_ws/build/robot_cpp -- -j8 -l8
[4.401s] Invoked command in '/home/yusuf/ros2_ws/build/robot_cpp' returned '0': CMAKE_PREFIX_PATH=${CMAKE_PREFIX_PATH}:/home/yusuf/ros2_learners/install/robot_math:/home/yusuf/ros2_ws/install/robot_python:/opt/ros/humble /usr/bin/cmake --build /home/yusuf/ros2_ws/build/robot_cpp -- -j8 -l8
[4.747s] Invoking command in '/home/yusuf/ros2_ws/build/robot_cpp': CMAKE_PREFIX_PATH=${CMAKE_PREFIX_PATH}:/home/yusuf/ros2_learners/install/robot_math:/home/yusuf/ros2_ws/install/robot_python:/opt/ros/humble /usr/bin/cmake --install /home/yusuf/ros2_ws/build/robot_cpp
[4.844s] -- Install configuration: ""
[4.844s] -- Up-to-date: /home/yusuf/ros2_ws/install/robot_cpp/share/ament_index/resource_index/package_run_dependencies/robot_cpp
[4.845s] -- Up-to-date: /home/yusuf/ros2_ws/install/robot_cpp/share/ament_index/resource_index/parent_prefix_path/robot_cpp
[4.845s] -- Up-to-date: /home/yusuf/ros2_ws/install/robot_cpp/share/robot_cpp/environment/ament_prefix_path.sh
[4.848s] -- Up-to-date: /home/yusuf/ros2_ws/install/robot_cpp/share/robot_cpp/environment/ament_prefix_path.dsv
[4.849s] -- Up-to-date: /home/yusuf/ros2_ws/install/robot_cpp/share/robot_cpp/environment/path.sh
[4.849s] -- Up-to-date: /home/yusuf/ros2_ws/install/robot_cpp/share/robot_cpp/environment/path.dsv
[4.850s] -- Up-to-date: /home/yusuf/ros2_ws/install/robot_cpp/share/robot_cpp/local_setup.bash
[4.864s] -- Up-to-date: /home/yusuf/ros2_ws/install/robot_cpp/share/robot_cpp/local_setup.sh
[4.866s] -- Up-to-date: /home/yusuf/ros2_ws/install/robot_cpp/share/robot_cpp/local_setup.zsh
[4.867s] -- Up-to-date: /home/yusuf/ros2_ws/install/robot_cpp/share/robot_cpp/local_setup.dsv
[4.868s] -- Installing: /home/yusuf/ros2_ws/install/robot_cpp/share/robot_cpp/package.dsv
[4.869s] -- Up-to-date: /home/yusuf/ros2_ws/install/robot_cpp/share/ament_index/resource_index/packages/robot_cpp
[4.869s] -- Up-to-date: /home/yusuf/ros2_ws/install/robot_cpp/share/robot_cpp/cmake/robot_cppConfig.cmake
[4.870s] -- Up-to-date: /home/yusuf/ros2_ws/install/robot_cpp/share/robot_cpp/cmake/robot_cppConfig-version.cmake
[4.871s] -- Up-to-date: /home/yusuf/ros2_ws/install/robot_cpp/share/robot_cpp/package.xml
[6.343s] Invoked command in '/home/yusuf/ros2_ws/build/robot_cpp' returned '0': CMAKE_PREFIX_PATH=${CMAKE_PREFIX_PATH}:/home/yusuf/ros2_learners/install/robot_math:/home/yusuf/ros2_ws/install/robot_python:/opt/ros/humble /usr/bin/cmake --install /home/yusuf/ros2_ws/build/robot_cpp
