[1.250s] Invoking command in '/home/yusuf/ros2_ws/src/robot_python': PYTHONPATH=/home/yusuf/ros2_ws/build/robot_python/prefix_override:/home/yusuf/ros2_ws/install/robot_python/lib/python3.10/site-packages:${PYTHONPATH} /usr/bin/python3 setup.py egg_info --egg-base ../../build/robot_python build --build-base /home/yusuf/ros2_ws/build/robot_python/build install --record /home/yusuf/ros2_ws/build/robot_python/install.log --single-version-externally-managed
[1.567s] running egg_info
[1.568s] writing ../../build/robot_python/robot_python.egg-info/PKG-INFO
[1.569s] writing dependency_links to ../../build/robot_python/robot_python.egg-info/dependency_links.txt
[1.570s] writing entry points to ../../build/robot_python/robot_python.egg-info/entry_points.txt
[1.570s] writing requirements to ../../build/robot_python/robot_python.egg-info/requires.txt
[1.571s] writing top-level names to ../../build/robot_python/robot_python.egg-info/top_level.txt
[1.573s] reading manifest file '../../build/robot_python/robot_python.egg-info/SOURCES.txt'
[1.574s] writing manifest file '../../build/robot_python/robot_python.egg-info/SOURCES.txt'
[1.575s] running build
[1.575s] running build_py
[1.575s] running install
[1.575s] /usr/lib/python3/dist-packages/setuptools/command/install.py:34: SetuptoolsDeprecationWarning: setup.py install is deprecated. Use build and pip and other standards-based tools.
[1.576s]   warnings.warn(
[1.576s] running install_lib
[1.577s] running install_data
[1.578s] running install_egg_info
[1.580s] removing '/home/yusuf/ros2_ws/install/robot_python/lib/python3.10/site-packages/robot_python-0.0.0-py3.10.egg-info' (and everything under it)
[1.580s] Copying ../../build/robot_python/robot_python.egg-info to /home/yusuf/ros2_ws/install/robot_python/lib/python3.10/site-packages/robot_python-0.0.0-py3.10.egg-info
[1.581s] running install_scripts
[1.610s] Installing my_publisher script to /home/yusuf/ros2_ws/install/robot_python/lib/robot_python
[1.610s] Installing my_service script to /home/yusuf/ros2_ws/install/robot_python/lib/robot_python
[1.610s] Installing my_subscriber script to /home/yusuf/ros2_ws/install/robot_python/lib/robot_python
[1.611s] Installing my_subtest script to /home/yusuf/ros2_ws/install/robot_python/lib/robot_python
[1.611s] Installing test_node script to /home/yusuf/ros2_ws/install/robot_python/lib/robot_python
[1.612s] Installing turtlesim_go script to /home/yusuf/ros2_ws/install/robot_python/lib/robot_python
[1.612s] writing list of installed files to '/home/yusuf/ros2_ws/build/robot_python/install.log'
[1.768s] Invoked command in '/home/yusuf/ros2_ws/src/robot_python' returned '0': PYTHONPATH=/home/yusuf/ros2_ws/build/robot_python/prefix_override:/home/yusuf/ros2_ws/install/robot_python/lib/python3.10/site-packages:${PYTHONPATH} /usr/bin/python3 setup.py egg_info --egg-base ../../build/robot_python build --build-base /home/yusuf/ros2_ws/build/robot_python/build install --record /home/yusuf/ros2_ws/build/robot_python/install.log --single-version-externally-managed
