[2.833s] Invoking command in '/home/yusuf/ros2_ws/src/robot_python': PYTHONPATH=/home/yusuf/ros2_ws/build/robot_python/prefix_override:/home/yusuf/ros2_ws/install/robot_python/lib/python3.10/site-packages:${PYTHONPATH} /usr/bin/python3 setup.py egg_info --egg-base ../../build/robot_python build --build-base /home/yusuf/ros2_ws/build/robot_python/build install --record /home/yusuf/ros2_ws/build/robot_python/install.log --single-version-externally-managed
[3.320s] running egg_info
[3.321s] writing ../../build/robot_python/robot_python.egg-info/PKG-INFO
[3.322s] writing dependency_links to ../../build/robot_python/robot_python.egg-info/dependency_links.txt
[3.323s] writing entry points to ../../build/robot_python/robot_python.egg-info/entry_points.txt
[3.323s] writing requirements to ../../build/robot_python/robot_python.egg-info/requires.txt
[3.323s] writing top-level names to ../../build/robot_python/robot_python.egg-info/top_level.txt
[3.328s] reading manifest file '../../build/robot_python/robot_python.egg-info/SOURCES.txt'
[3.330s] writing manifest file '../../build/robot_python/robot_python.egg-info/SOURCES.txt'
[3.330s] running build
[3.330s] running build_py
[3.331s] running install
[3.331s] /usr/lib/python3/dist-packages/setuptools/command/install.py:34: SetuptoolsDeprecationWarning: setup.py install is deprecated. Use build and pip and other standards-based tools.
[3.332s]   warnings.warn(
[3.332s] running install_lib
[3.334s] running install_data
[3.335s] running install_egg_info
[3.339s] removing '/home/yusuf/ros2_ws/install/robot_python/lib/python3.10/site-packages/robot_python-0.0.0-py3.10.egg-info' (and everything under it)
[3.339s] Copying ../../build/robot_python/robot_python.egg-info to /home/yusuf/ros2_ws/install/robot_python/lib/python3.10/site-packages/robot_python-0.0.0-py3.10.egg-info
[3.341s] running install_scripts
[3.382s] Installing my_publisher script to /home/yusuf/ros2_ws/install/robot_python/lib/robot_python
[3.382s] Installing my_service script to /home/yusuf/ros2_ws/install/robot_python/lib/robot_python
[3.382s] Installing my_subscriber script to /home/yusuf/ros2_ws/install/robot_python/lib/robot_python
[3.382s] Installing my_subtest script to /home/yusuf/ros2_ws/install/robot_python/lib/robot_python
[3.383s] Installing test_node script to /home/yusuf/ros2_ws/install/robot_python/lib/robot_python
[3.383s] Installing turtlesim_go script to /home/yusuf/ros2_ws/install/robot_python/lib/robot_python
[3.384s] writing list of installed files to '/home/yusuf/ros2_ws/build/robot_python/install.log'
[3.423s] Invoked command in '/home/yusuf/ros2_ws/src/robot_python' returned '0': PYTHONPATH=/home/yusuf/ros2_ws/build/robot_python/prefix_override:/home/yusuf/ros2_ws/install/robot_python/lib/python3.10/site-packages:${PYTHONPATH} /usr/bin/python3 setup.py egg_info --egg-base ../../build/robot_python build --build-base /home/yusuf/ros2_ws/build/robot_python/build install --record /home/yusuf/ros2_ws/build/robot_python/install.log --single-version-externally-managed
