[4.308s] Invoking command in '/home/yusuf/ros2_ws/src/robot_python': PYTHONPATH=/home/yusuf/ros2_ws/build/robot_python/prefix_override:/home/yusuf/ros2_ws/install/robot_python/lib/python3.10/site-packages:${PYTHONPATH} /usr/bin/python3 setup.py egg_info --egg-base ../../build/robot_python build --build-base /home/yusuf/ros2_ws/build/robot_python/build install --record /home/yusuf/ros2_ws/build/robot_python/install.log --single-version-externally-managed
[5.340s] running egg_info
[5.341s] writing ../../build/robot_python/robot_python.egg-info/PKG-INFO
[5.341s] writing dependency_links to ../../build/robot_python/robot_python.egg-info/dependency_links.txt
[5.347s] writing entry points to ../../build/robot_python/robot_python.egg-info/entry_points.txt
[5.348s] writing requirements to ../../build/robot_python/robot_python.egg-info/requires.txt
[5.348s] writing top-level names to ../../build/robot_python/robot_python.egg-info/top_level.txt
[5.355s] reading manifest file '../../build/robot_python/robot_python.egg-info/SOURCES.txt'
[5.357s] writing manifest file '../../build/robot_python/robot_python.egg-info/SOURCES.txt'
[5.363s] running build
[5.364s] running build_py
[5.366s] running install
[5.366s] /usr/lib/python3/dist-packages/setuptools/command/install.py:34: SetuptoolsDeprecationWarning: setup.py install is deprecated. Use build and pip and other standards-based tools.
[5.367s]   warnings.warn(
[5.369s] running install_lib
[5.370s] running install_data
[5.371s] running install_egg_info
[5.375s] removing '/home/yusuf/ros2_ws/install/robot_python/lib/python3.10/site-packages/robot_python-0.0.0-py3.10.egg-info' (and everything under it)
[5.377s] Copying ../../build/robot_python/robot_python.egg-info to /home/yusuf/ros2_ws/install/robot_python/lib/python3.10/site-packages/robot_python-0.0.0-py3.10.egg-info
[5.381s] running install_scripts
[5.477s] Installing my_publisher script to /home/yusuf/ros2_ws/install/robot_python/lib/robot_python
[5.478s] Installing my_service script to /home/yusuf/ros2_ws/install/robot_python/lib/robot_python
[5.479s] Installing my_subscriber script to /home/yusuf/ros2_ws/install/robot_python/lib/robot_python
[5.479s] Installing my_subtest script to /home/yusuf/ros2_ws/install/robot_python/lib/robot_python
[5.480s] Installing test_node script to /home/yusuf/ros2_ws/install/robot_python/lib/robot_python
[5.480s] Installing turtlesim_go script to /home/yusuf/ros2_ws/install/robot_python/lib/robot_python
[5.480s] writing list of installed files to '/home/yusuf/ros2_ws/build/robot_python/install.log'
[5.855s] Invoked command in '/home/yusuf/ros2_ws/src/robot_python' returned '0': PYTHONPATH=/home/yusuf/ros2_ws/build/robot_python/prefix_override:/home/yusuf/ros2_ws/install/robot_python/lib/python3.10/site-packages:${PYTHONPATH} /usr/bin/python3 setup.py egg_info --egg-base ../../build/robot_python build --build-base /home/yusuf/ros2_ws/build/robot_python/build install --record /home/yusuf/ros2_ws/build/robot_python/install.log --single-version-externally-managed
