[0.000000] (-) TimerEvent: {}
[0.000359] (-) JobUnselected: {'identifier': 'drive_tb3'}
[0.000427] (-) JobUnselected: {'identifier': 'drive_turtle'}
[0.000469] (-) JobUnselected: {'identifier': 'my_cpp_py_pkg'}
[0.000514] (-) JobUnselected: {'identifier': 'navigation_tb3'}
[0.000541] (-) JobUnselected: {'identifier': 'point_cloud_processing'}
[0.000572] (-) JobUnselected: {'identifier': 'robot_control'}
[0.000601] (-) JobUnselected: {'identifier': 'robot_cpp'}
[0.000628] (-) JobUnselected: {'identifier': 'robot_test'}
[0.000655] (-) JobUnselected: {'identifier': 'turtlebot3'}
[0.000684] (-) JobUnselected: {'identifier': 'turtlebot3_bringup'}
[0.000711] (-) JobUnselected: {'identifier': 'turtlebot3_cartographer'}
[0.000739] (-) JobUnselected: {'identifier': 'turtlebot3_description'}
[0.000768] (-) JobUnselected: {'identifier': 'turtlebot3_example'}
[0.000796] (-) JobUnselected: {'identifier': 'turtlebot3_fake_node'}
[0.000823] (-) JobUnselected: {'identifier': 'turtlebot3_gazebo'}
[0.000852] (-) JobUnselected: {'identifier': 'turtlebot3_navigation2'}
[0.000880] (-) JobUnselected: {'identifier': 'turtlebot3_node'}
[0.000907] (-) JobUnselected: {'identifier': 'turtlebot3_simulations'}
[0.000934] (-) JobUnselected: {'identifier': 'turtlebot3_teleop'}
[0.000969] (-) EventReactorShutdown: {}
