[0.365s] Invoking command in '/home/yusuf/ros2_ws/build/turtlebot3_gazebo': CMAKE_PREFIX_PATH=/opt/ros/humble /usr/bin/cmake /home/yusuf/ros2_ws/src/turtlebot3_gazebo -DCMAKE_INSTALL_PREFIX=/home/yusuf/ros2_ws/install/turtlebot3_gazebo
[0.455s] -- The C compiler identification is GNU 11.4.0
[0.527s] -- The CXX compiler identification is GNU 11.4.0
[0.542s] -- Detecting C compiler ABI info
[0.626s] -- Detecting C compiler ABI info - done
[0.632s] -- Check for working C compiler: /usr/bin/cc - skipped
[0.633s] -- Detecting C compile features
[0.633s] -- Detecting C compile features - done
[0.637s] -- Detecting CXX compiler ABI info
[0.735s] -- Detecting CXX compiler ABI info - done
[0.744s] -- Check for working CXX compiler: /usr/bin/c++ - skipped
[0.744s] -- Detecting CXX compile features
[0.745s] -- Detecting CXX compile features - done
[0.748s] -- Found ament_cmake: 1.3.6 (/opt/ros/humble/share/ament_cmake/cmake)
[0.952s] -- Found Python3: /usr/bin/python3.10 (found version "3.10.12") found components: Interpreter 
[1.068s] [31mCMake Error at CMakeLists.txt:23 (find_package):
[1.069s]   By not providing "Findgazebo.cmake" in CMAKE_MODULE_PATH this project has
[1.069s]   asked CMake to find a package configuration file provided by "gazebo", but
[1.069s]   CMake did not find one.
[1.069s] 
[1.069s]   Could not find a package configuration file provided by "gazebo" with any
[1.069s]   of the following names:
[1.069s] 
[1.069s]     gazeboConfig.cmake
[1.069s]     gazebo-config.cmake
[1.069s] 
[1.069s]   Add the installation prefix of "gazebo" to CMAKE_PREFIX_PATH or set
[1.069s]   "gazebo_DIR" to a directory containing one of the above files.  If "gazebo"
[1.069s]   provides a separate development package or SDK, be sure it has been
[1.069s]   installed.
[1.070s] 
[1.070s] [0m
[1.070s] -- Configuring incomplete, errors occurred!
[1.070s] See also "/home/yusuf/ros2_ws/build/turtlebot3_gazebo/CMakeFiles/CMakeOutput.log".
[1.075s] Invoked command in '/home/yusuf/ros2_ws/build/turtlebot3_gazebo' returned '1': CMAKE_PREFIX_PATH=/opt/ros/humble /usr/bin/cmake /home/yusuf/ros2_ws/src/turtlebot3_gazebo -DCMAKE_INSTALL_PREFIX=/home/yusuf/ros2_ws/install/turtlebot3_gazebo
