-- The C compiler identification is GNU 11.4.0
-- The CXX compiler identification is GNU 11.4.0
-- Detecting C compiler ABI info
-- Detecting C compiler ABI info - done
-- Check for working C compiler: /usr/bin/cc - skipped
-- Detecting C compile features
-- Detecting C compile features - done
-- Detecting CXX compiler ABI info
-- Detecting CXX compiler ABI info - done
-- Check for working CXX compiler: /usr/bin/c++ - skipped
-- Detecting CXX compile features
-- Detecting CXX compile features - done
-- Found ament_cmake: 1.3.9 (/opt/ros/humble/share/ament_cmake/cmake)
-- Found Python3: /usr/bin/python3 (found version "3.10.12") found components: Interpreter 
-- Found rclcpp: 16.0.9 (/opt/ros/humble/share/rclcpp/cmake)
-- Found rosidl_generator_c: 3.1.5 (/opt/ros/humble/share/rosidl_generator_c/cmake)
-- Found rosidl_adapter: 3.1.5 (/opt/ros/humble/share/rosidl_adapter/cmake)
-- Found rosidl_generator_cpp: 3.1.5 (/opt/ros/humble/share/rosidl_generator_cpp/cmake)
-- Using all available rosidl_typesupport_c: rosidl_typesupport_fastrtps_c;rosidl_typesupport_introspection_c
-- Using all available rosidl_typesupport_cpp: rosidl_typesupport_fastrtps_cpp;rosidl_typesupport_introspection_cpp
-- Found rmw_implementation_cmake: 6.1.2 (/opt/ros/humble/share/rmw_implementation_cmake/cmake)
-- Found rmw_fastrtps_cpp: 6.2.6 (/opt/ros/humble/share/rmw_fastrtps_cpp/cmake)
-- Found OpenSSL: /usr/lib/x86_64-linux-gnu/libcrypto.so (found version "3.0.2")  
-- Found FastRTPS: /opt/ros/humble/include  
-- Using RMW implementation 'rmw_fastrtps_cpp' as default
-- Looking for pthread.h
-- Looking for pthread.h - found
-- Performing Test CMAKE_HAVE_LIBC_PTHREAD
-- Performing Test CMAKE_HAVE_LIBC_PTHREAD - Success
-- Found Threads: TRUE  
-- Found geometry_msgs: 4.2.4 (/opt/ros/humble/share/geometry_msgs/cmake)
-- Found nav_msgs: 4.2.4 (/opt/ros/humble/share/nav_msgs/cmake)
-- Found tf2_ros: 0.25.7 (/opt/ros/humble/share/tf2_ros/cmake)
-- Found sensor_msgs: 4.2.4 (/opt/ros/humble/share/sensor_msgs/cmake)
-- Configuring done
-- Generating done
-- Build files have been written to: /home/yusuf/ros2_ws/build/robot_sensing
[ 50%] [32mBuilding CXX object CMakeFiles/odom_kinematic.dir/src/odom_kinematic.cpp.o[0m
[ 50%] [32mBuilding CXX object CMakeFiles/maze_lidar.dir/src/maze_solving_with_lidar.cpp.o[0m
[ 75%] [32m[1mLinking CXX executable maze_lidar[0m
[100%] [32m[1mLinking CXX executable odom_kinematic[0m
[100%] Built target maze_lidar
[100%] Built target odom_kinematic
-- Install configuration: ""
-- Installing: /home/yusuf/ros2_ws/install/robot_sensing/lib/robot_sensing/maze_lidar
-- Set runtime path of "/home/yusuf/ros2_ws/install/robot_sensing/lib/robot_sensing/maze_lidar" to ""
-- Installing: /home/yusuf/ros2_ws/install/robot_sensing/lib/robot_sensing/odom_kinematic
-- Set runtime path of "/home/yusuf/ros2_ws/install/robot_sensing/lib/robot_sensing/odom_kinematic" to ""
-- Installing: /home/yusuf/ros2_ws/install/robot_sensing/share/robot_sensing/launch
-- Installing: /home/yusuf/ros2_ws/install/robot_sensing/share/robot_sensing/launch/maze_world.launch.py
-- Installing: /home/yusuf/ros2_ws/install/robot_sensing/share/ament_index/resource_index/package_run_dependencies/robot_sensing
-- Installing: /home/yusuf/ros2_ws/install/robot_sensing/share/ament_index/resource_index/parent_prefix_path/robot_sensing
-- Installing: /home/yusuf/ros2_ws/install/robot_sensing/share/robot_sensing/environment/ament_prefix_path.sh
-- Installing: /home/yusuf/ros2_ws/install/robot_sensing/share/robot_sensing/environment/ament_prefix_path.dsv
-- Installing: /home/yusuf/ros2_ws/install/robot_sensing/share/robot_sensing/environment/path.sh
-- Installing: /home/yusuf/ros2_ws/install/robot_sensing/share/robot_sensing/environment/path.dsv
-- Installing: /home/yusuf/ros2_ws/install/robot_sensing/share/robot_sensing/local_setup.bash
-- Installing: /home/yusuf/ros2_ws/install/robot_sensing/share/robot_sensing/local_setup.sh
-- Installing: /home/yusuf/ros2_ws/install/robot_sensing/share/robot_sensing/local_setup.zsh
-- Installing: /home/yusuf/ros2_ws/install/robot_sensing/share/robot_sensing/local_setup.dsv
-- Installing: /home/yusuf/ros2_ws/install/robot_sensing/share/robot_sensing/package.dsv
-- Installing: /home/yusuf/ros2_ws/install/robot_sensing/share/ament_index/resource_index/packages/robot_sensing
-- Installing: /home/yusuf/ros2_ws/install/robot_sensing/share/robot_sensing/cmake/robot_sensingConfig.cmake
-- Installing: /home/yusuf/ros2_ws/install/robot_sensing/share/robot_sensing/cmake/robot_sensingConfig-version.cmake
-- Installing: /home/yusuf/ros2_ws/install/robot_sensing/share/robot_sensing/package.xml
