[1.523s] Invoking command in '/home/yusuf/ros2_ws/src/robot_python': PYTHONPATH=/home/yusuf/ros2_ws/build/robot_python/prefix_override:/home/yusuf/ros2_ws/install/robot_python/lib/python3.10/site-packages:${PYTHONPATH} /usr/bin/python3 setup.py egg_info --egg-base ../../build/robot_python build --build-base /home/yusuf/ros2_ws/build/robot_python/build install --record /home/yusuf/ros2_ws/build/robot_python/install.log --single-version-externally-managed
[1.796s] running egg_info
[1.796s] writing ../../build/robot_python/robot_python.egg-info/PKG-INFO
[1.797s] writing dependency_links to ../../build/robot_python/robot_python.egg-info/dependency_links.txt
[1.797s] writing entry points to ../../build/robot_python/robot_python.egg-info/entry_points.txt
[1.798s] writing requirements to ../../build/robot_python/robot_python.egg-info/requires.txt
[1.798s] writing top-level names to ../../build/robot_python/robot_python.egg-info/top_level.txt
[1.800s] reading manifest file '../../build/robot_python/robot_python.egg-info/SOURCES.txt'
[1.801s] writing manifest file '../../build/robot_python/robot_python.egg-info/SOURCES.txt'
[1.801s] running build
[1.801s] running build_py
[1.801s] running install
[1.802s] /usr/lib/python3/dist-packages/setuptools/command/install.py:34: SetuptoolsDeprecationWarning: setup.py install is deprecated. Use build and pip and other standards-based tools.
[1.802s]   warnings.warn(
[1.802s] running install_lib
[1.803s] running install_data
[1.804s] running install_egg_info
[1.805s] removing '/home/yusuf/ros2_ws/install/robot_python/lib/python3.10/site-packages/robot_python-0.0.0-py3.10.egg-info' (and everything under it)
[1.806s] Copying ../../build/robot_python/robot_python.egg-info to /home/yusuf/ros2_ws/install/robot_python/lib/python3.10/site-packages/robot_python-0.0.0-py3.10.egg-info
[1.807s] running install_scripts
[1.826s] Installing my_publisher script to /home/yusuf/ros2_ws/install/robot_python/lib/robot_python
[1.827s] Installing my_service script to /home/yusuf/ros2_ws/install/robot_python/lib/robot_python
[1.827s] Installing my_subscriber script to /home/yusuf/ros2_ws/install/robot_python/lib/robot_python
[1.827s] Installing my_subtest script to /home/yusuf/ros2_ws/install/robot_python/lib/robot_python
[1.827s] Installing test_node script to /home/yusuf/ros2_ws/install/robot_python/lib/robot_python
[1.827s] Installing turtlesim_go script to /home/yusuf/ros2_ws/install/robot_python/lib/robot_python
[1.827s] writing list of installed files to '/home/yusuf/ros2_ws/build/robot_python/install.log'
[1.849s] Invoked command in '/home/yusuf/ros2_ws/src/robot_python' returned '0': PYTHONPATH=/home/yusuf/ros2_ws/build/robot_python/prefix_override:/home/yusuf/ros2_ws/install/robot_python/lib/python3.10/site-packages:${PYTHONPATH} /usr/bin/python3 setup.py egg_info --egg-base ../../build/robot_python build --build-base /home/yusuf/ros2_ws/build/robot_python/build install --record /home/yusuf/ros2_ws/build/robot_python/install.log --single-version-externally-managed
