[0.595s] Invoking command in '/home/yusuf/ros2_ws/build/turtlebot3_navigation2': CMAKE_PREFIX_PATH=${CMAKE_PREFIX_PATH}:/opt/ros/humble /usr/bin/cmake --build /home/yusuf/ros2_ws/build/turtlebot3_navigation2 -- -j8 -l8
[0.678s] -- Found ament_cmake: 1.3.8 (/opt/ros/humble/share/ament_cmake/cmake)
[1.009s] -- Found Python3: /usr/bin/python3 (found version "3.10.12") found components: Interpreter 
[1.300s] -- Configuring done
[1.305s] -- Generating done
[1.307s] -- Build files have been written to: /home/yusuf/ros2_ws/build/turtlebot3_navigation2
[1.408s] Invoked command in '/home/yusuf/ros2_ws/build/turtlebot3_navigation2' returned '0': CMAKE_PREFIX_PATH=${CMAKE_PREFIX_PATH}:/opt/ros/humble /usr/bin/cmake --build /home/yusuf/ros2_ws/build/turtlebot3_navigation2 -- -j8 -l8
[1.698s] Invoking command in '/home/yusuf/ros2_ws/build/turtlebot3_navigation2': CMAKE_PREFIX_PATH=${CMAKE_PREFIX_PATH}:/opt/ros/humble /usr/bin/cmake --install /home/yusuf/ros2_ws/build/turtlebot3_navigation2
[1.730s] -- Install configuration: ""
[1.731s] -- Up-to-date: /home/yusuf/ros2_ws/install/turtlebot3_navigation2/share/turtlebot3_navigation2/launch
[1.731s] -- Up-to-date: /home/yusuf/ros2_ws/install/turtlebot3_navigation2/share/turtlebot3_navigation2/launch/navigation2.launch.py
[1.731s] -- Up-to-date: /home/yusuf/ros2_ws/install/turtlebot3_navigation2/share/turtlebot3_navigation2/map
[1.731s] -- Up-to-date: /home/yusuf/ros2_ws/install/turtlebot3_navigation2/share/turtlebot3_navigation2/map/map.yaml
[1.732s] -- Up-to-date: /home/yusuf/ros2_ws/install/turtlebot3_navigation2/share/turtlebot3_navigation2/map/map.pgm
[1.732s] -- Up-to-date: /home/yusuf/ros2_ws/install/turtlebot3_navigation2/share/turtlebot3_navigation2/param
[1.732s] -- Up-to-date: /home/yusuf/ros2_ws/install/turtlebot3_navigation2/share/turtlebot3_navigation2/param/waffle.yaml
[1.732s] -- Up-to-date: /home/yusuf/ros2_ws/install/turtlebot3_navigation2/share/turtlebot3_navigation2/param/waffle_pi.yaml
[1.732s] -- Up-to-date: /home/yusuf/ros2_ws/install/turtlebot3_navigation2/share/turtlebot3_navigation2/param/burger.yaml
[1.733s] -- Up-to-date: /home/yusuf/ros2_ws/install/turtlebot3_navigation2/share/turtlebot3_navigation2/rviz
[1.733s] -- Up-to-date: /home/yusuf/ros2_ws/install/turtlebot3_navigation2/share/turtlebot3_navigation2/rviz/tb3_navigation2.rviz
[1.733s] -- Up-to-date: /home/yusuf/ros2_ws/install/turtlebot3_navigation2/share/ament_index/resource_index/package_run_dependencies/turtlebot3_navigation2
[1.733s] -- Installing: /home/yusuf/ros2_ws/install/turtlebot3_navigation2/share/ament_index/resource_index/parent_prefix_path/turtlebot3_navigation2
[1.733s] -- Installing: /home/yusuf/ros2_ws/install/turtlebot3_navigation2/share/turtlebot3_navigation2/environment/ament_prefix_path.sh
[1.734s] -- Installing: /home/yusuf/ros2_ws/install/turtlebot3_navigation2/share/turtlebot3_navigation2/environment/ament_prefix_path.dsv
[1.734s] -- Installing: /home/yusuf/ros2_ws/install/turtlebot3_navigation2/share/turtlebot3_navigation2/environment/path.sh
[1.734s] -- Installing: /home/yusuf/ros2_ws/install/turtlebot3_navigation2/share/turtlebot3_navigation2/environment/path.dsv
[1.737s] -- Up-to-date: /home/yusuf/ros2_ws/install/turtlebot3_navigation2/share/turtlebot3_navigation2/local_setup.bash
[1.737s] -- Up-to-date: /home/yusuf/ros2_ws/install/turtlebot3_navigation2/share/turtlebot3_navigation2/local_setup.sh
[1.737s] -- Up-to-date: /home/yusuf/ros2_ws/install/turtlebot3_navigation2/share/turtlebot3_navigation2/local_setup.zsh
[1.738s] -- Installing: /home/yusuf/ros2_ws/install/turtlebot3_navigation2/share/turtlebot3_navigation2/local_setup.dsv
[1.738s] -- Installing: /home/yusuf/ros2_ws/install/turtlebot3_navigation2/share/turtlebot3_navigation2/package.dsv
[1.738s] -- Up-to-date: /home/yusuf/ros2_ws/install/turtlebot3_navigation2/share/ament_index/resource_index/packages/turtlebot3_navigation2
[1.738s] -- Up-to-date: /home/yusuf/ros2_ws/install/turtlebot3_navigation2/share/turtlebot3_navigation2/cmake/turtlebot3_navigation2Config.cmake
[1.738s] -- Up-to-date: /home/yusuf/ros2_ws/install/turtlebot3_navigation2/share/turtlebot3_navigation2/cmake/turtlebot3_navigation2Config-version.cmake
[1.738s] -- Up-to-date: /home/yusuf/ros2_ws/install/turtlebot3_navigation2/share/turtlebot3_navigation2/package.xml
[1.753s] Invoked command in '/home/yusuf/ros2_ws/build/turtlebot3_navigation2' returned '0': CMAKE_PREFIX_PATH=${CMAKE_PREFIX_PATH}:/opt/ros/humble /usr/bin/cmake --install /home/yusuf/ros2_ws/build/turtlebot3_navigation2
