-- Found ament_cmake: 1.3.8 (/opt/ros/humble/share/ament_cmake/cmake)
-- Found rclcpp: 16.0.8 (/opt/ros/humble/share/rclcpp/cmake)
-- Found rosidl_generator_c: 3.1.5 (/opt/ros/humble/share/rosidl_generator_c/cmake)
-- Found rosidl_adapter: 3.1.5 (/opt/ros/humble/share/rosidl_adapter/cmake)
-- Found rosidl_generator_cpp: 3.1.5 (/opt/ros/humble/share/rosidl_generator_cpp/cmake)
-- Using all available rosidl_typesupport_c: rosidl_typesupport_fastrtps_c;rosidl_typesupport_introspection_c
-- Using all available rosidl_typesupport_cpp: rosidl_typesupport_fastrtps_cpp;rosidl_typesupport_introspection_cpp
-- Found rmw_implementation_cmake: 6.1.1 (/opt/ros/humble/share/rmw_implementation_cmake/cmake)
-- Found rmw_fastrtps_cpp: 6.2.6 (/opt/ros/humble/share/rmw_fastrtps_cpp/cmake)
-- Using RMW implementation 'rmw_fastrtps_cpp' as default
-- Found geometry_msgs: 4.2.3 (/opt/ros/humble/share/geometry_msgs/cmake)
-- Configuring done
-- Generating done
-- Build files have been written to: /home/yusuf/ros2_ws/build/ros_fundamental
[35m[1mConsolidate compiler generated dependencies of target talker[0m
[35m[1mConsolidate compiler generated dependencies of target listener[0m
[ 16%] [32mBuilding CXX object CMakeFiles/drive_turtle.dir/src/drive_turtle.cpp.o[0m
[ 33%] [32mBuilding CXX object CMakeFiles/talker.dir/src/publisher.cpp.o[0m
[ 66%] Built target listener
In file included from [01m[K/opt/ros/humble/include/rclcpp/rclcpp/logging.hpp:24[m[K,
                 from [01m[K/opt/ros/humble/include/rclcpp/rclcpp/client.hpp:40[m[K,
                 from [01m[K/opt/ros/humble/include/rclcpp/rclcpp/callback_group.hpp:24[m[K,
                 from [01m[K/opt/ros/humble/include/rclcpp/rclcpp/any_executable.hpp:20[m[K,
                 from [01m[K/opt/ros/humble/include/rclcpp/rclcpp/memory_strategy.hpp:25[m[K,
                 from [01m[K/opt/ros/humble/include/rclcpp/rclcpp/memory_strategies.hpp:18[m[K,
                 from [01m[K/opt/ros/humble/include/rclcpp/rclcpp/executor_options.hpp:20[m[K,
                 from [01m[K/opt/ros/humble/include/rclcpp/rclcpp/executor.hpp:37[m[K,
                 from [01m[K/opt/ros/humble/include/rclcpp/rclcpp/executors/multi_threaded_executor.hpp:25[m[K,
                 from [01m[K/opt/ros/humble/include/rclcpp/rclcpp/executors.hpp:21[m[K,
                 from [01m[K/opt/ros/humble/include/rclcpp/rclcpp/rclcpp.hpp:155[m[K,
                 from [01m[K/home/yusuf/ros2_ws/src/ros_fundamental/src/drive_turtle.cpp:6[m[K:
[01m[K/home/yusuf/ros2_ws/src/ros_fundamental/src/drive_turtle.cpp:[m[K In member function ‘[01m[Kvoid MinimalPublisher::timer_callback()[m[K’:
[01m[K/home/yusuf/ros2_ws/src/ros_fundamental/src/drive_turtle.cpp:32:39:[m[K [01;35m[Kwarning: [m[Kformat ‘[01m[K%d[m[K’ expects argument of type ‘[01m[Kint[m[K’, but argument 5 has type ‘[01m[Kgeometry_msgs::msg::Vector3_<std::allocator<void> >::_x_type[m[K’ {aka ‘[01m[Kdouble[m[K’} [[01;35m[K]8;;https://gcc.gnu.org/onlinedocs/gcc/Warning-Options.html#index-Wformat=-Wformat=]8;;[m[K]
   32 |       RCLCPP_INFO(this->get_logger(), [01;35m[K"Publishing: '%d'"[m[K, [32m[Kmessage.linear.x[m[K);
      |                                       [01;35m[K^~~~~~~~~~~~~~~~~~[m[K  [32m[K~~~~~~~~~~~~~~~~[m[K
      |                                                                          [32m[K|[m[K
      |                                                                          [32m[Kgeometry_msgs::msg::Vector3_<std::allocator<void> >::_x_type {aka double}[m[K
[01m[K/home/yusuf/ros2_ws/src/ros_fundamental/src/drive_turtle.cpp:32:54:[m[K [01;36m[Knote: [m[Kformat string is defined here
   32 |       RCLCPP_INFO(this->get_logger(), "Publishing: '[01;36m[K%d[m[K'", message.linear.x);
      |                                                     [01;36m[K~^[m[K
      |                                                      [01;36m[K|[m[K
      |                                                      [01;36m[Kint[m[K
      |                                                     [32m[K%f[m[K
[ 83%] [32m[1mLinking CXX executable drive_turtle[0m
[100%] [32m[1mLinking CXX executable talker[0m
[100%] Built target drive_turtle
[100%] Built target talker
-- Install configuration: ""
-- Installing: /home/yusuf/ros2_ws/install/ros_fundamental/lib/ros_fundamental/talker
-- Set runtime path of "/home/yusuf/ros2_ws/install/ros_fundamental/lib/ros_fundamental/talker" to ""
-- Up-to-date: /home/yusuf/ros2_ws/install/ros_fundamental/lib/ros_fundamental/listener
-- Installing: /home/yusuf/ros2_ws/install/ros_fundamental/lib/ros_fundamental/drive_turtle
-- Set runtime path of "/home/yusuf/ros2_ws/install/ros_fundamental/lib/ros_fundamental/drive_turtle" to ""
-- Up-to-date: /home/yusuf/ros2_ws/install/ros_fundamental/share/ament_index/resource_index/package_run_dependencies/ros_fundamental
-- Up-to-date: /home/yusuf/ros2_ws/install/ros_fundamental/share/ament_index/resource_index/parent_prefix_path/ros_fundamental
-- Up-to-date: /home/yusuf/ros2_ws/install/ros_fundamental/share/ros_fundamental/environment/ament_prefix_path.sh
-- Installing: /home/yusuf/ros2_ws/install/ros_fundamental/share/ros_fundamental/environment/ament_prefix_path.dsv
-- Up-to-date: /home/yusuf/ros2_ws/install/ros_fundamental/share/ros_fundamental/environment/path.sh
-- Installing: /home/yusuf/ros2_ws/install/ros_fundamental/share/ros_fundamental/environment/path.dsv
-- Up-to-date: /home/yusuf/ros2_ws/install/ros_fundamental/share/ros_fundamental/local_setup.bash
-- Up-to-date: /home/yusuf/ros2_ws/install/ros_fundamental/share/ros_fundamental/local_setup.sh
-- Up-to-date: /home/yusuf/ros2_ws/install/ros_fundamental/share/ros_fundamental/local_setup.zsh
-- Installing: /home/yusuf/ros2_ws/install/ros_fundamental/share/ros_fundamental/local_setup.dsv
-- Installing: /home/yusuf/ros2_ws/install/ros_fundamental/share/ros_fundamental/package.dsv
-- Up-to-date: /home/yusuf/ros2_ws/install/ros_fundamental/share/ament_index/resource_index/packages/ros_fundamental
-- Up-to-date: /home/yusuf/ros2_ws/install/ros_fundamental/share/ros_fundamental/cmake/ros_fundamentalConfig.cmake
-- Up-to-date: /home/yusuf/ros2_ws/install/ros_fundamental/share/ros_fundamental/cmake/ros_fundamentalConfig-version.cmake
-- Up-to-date: /home/yusuf/ros2_ws/install/ros_fundamental/share/ros_fundamental/package.xml
