[0.094s] Invoking command in '/home/yusuf/ros2_ws/build/ros_fundamental': CMAKE_PREFIX_PATH=${CMAKE_PREFIX_PATH}:/home/yusuf/ros2_ws/install/urdf_tutorial_r2d2:/home/yusuf/ros2_ws/install/turtlebot3_teleop:/home/yusuf/ros2_ws/install/turtlebot3_example:/home/yusuf/ros2_ws/install/robot_python:/opt/ros/humble /usr/bin/cmake --build /home/yusuf/ros2_ws/build/ros_fundamental -- -j8 -l8
[0.125s] -- Found ament_cmake: 1.3.8 (/opt/ros/humble/share/ament_cmake/cmake)
[0.303s] -- Found ament_lint_auto: 0.12.10 (/opt/ros/humble/share/ament_lint_auto/cmake)
[0.374s] -- Added test 'cppcheck' to perform static code analysis on C / C++ code
[0.374s] -- Configured cppcheck include dirs: 
[0.374s] -- Configured cppcheck exclude dirs and/or files: 
[0.375s] -- Added test 'lint_cmake' to check CMake code style
[0.376s] -- Added test 'uncrustify' to check C / C++ code style
[0.377s] -- Configured uncrustify additional arguments: 
[0.378s] -- Added test 'xmllint' to check XML markup files
[0.379s] -- Configuring done
[0.380s] [31mCMake Error at CMakeLists.txt:14 (add_executable):
[0.380s]   Cannot find source file:
[0.380s] 
[0.380s]     publisher.cpp
[0.381s] 
[0.381s]   Tried extensions .c .C .c++ .cc .cpp .cxx .cu .mpp .m .M .mm .ixx .cppm .h
[0.381s]   .hh .h++ .hm .hpp .hxx .in .txx .f .F .for .f77 .f90 .f95 .f03 .hip .ispc
[0.381s] 
[0.381s] [0m
[0.381s] [31mCMake Error at CMakeLists.txt:15 (add_executable):
[0.381s]   Cannot find source file:
[0.381s] 
[0.381s]     subscriber.cpp
[0.381s] 
[0.381s]   Tried extensions .c .C .c++ .cc .cpp .cxx .cu .mpp .m .M .mm .ixx .cppm .h
[0.381s]   .hh .h++ .hm .hpp .hxx .in .txx .f .F .for .f77 .f90 .f95 .f03 .hip .ispc
[0.381s] 
[0.381s] [0m
[0.381s] [31mCMake Error at CMakeLists.txt:14 (add_executable):
[0.382s]   No SOURCES given to target: publisher
[0.382s] 
[0.382s] [0m
[0.382s] [31mCMake Error at CMakeLists.txt:15 (add_executable):
[0.382s]   No SOURCES given to target: subscriber
[0.382s] 
[0.382s] [0m
[0.382s] [0mCMake Generate step failed.  Build files cannot be regenerated correctly.[0m
[0.383s] gmake: *** [Makefile:226: cmake_check_build_system] Error 1
[0.385s] Invoked command in '/home/yusuf/ros2_ws/build/ros_fundamental' returned '2': CMAKE_PREFIX_PATH=${CMAKE_PREFIX_PATH}:/home/yusuf/ros2_ws/install/urdf_tutorial_r2d2:/home/yusuf/ros2_ws/install/turtlebot3_teleop:/home/yusuf/ros2_ws/install/turtlebot3_example:/home/yusuf/ros2_ws/install/robot_python:/opt/ros/humble /usr/bin/cmake --build /home/yusuf/ros2_ws/build/ros_fundamental -- -j8 -l8
