[0.568s] Invoking command in '/home/yusuf/ros2_ws/build/drive_turtle': CMAKE_PREFIX_PATH=${CMAKE_PREFIX_PATH}:/home/yusuf/ros2_ws/install/turtlebot3_teleop:/home/yusuf/ros2_ws/install/turtlebot3_example:/home/yusuf/ros2_ws/install/robot_python:/opt/ros/humble /usr/bin/cmake --build /home/yusuf/ros2_ws/build/drive_turtle -- -j8 -l8
[0.715s] [ 25%] Built target p1_multi_straight_drive
[0.715s] [ 50%] Built target test_run
[0.715s] [ 75%] Built target p1_single_straight_drive
[0.716s] [100%] Built target p1_multi_turtle_controller
[0.961s] Invoked command in '/home/yusuf/ros2_ws/build/drive_turtle' returned '0': CMAKE_PREFIX_PATH=${CMAKE_PREFIX_PATH}:/home/yusuf/ros2_ws/install/turtlebot3_teleop:/home/yusuf/ros2_ws/install/turtlebot3_example:/home/yusuf/ros2_ws/install/robot_python:/opt/ros/humble /usr/bin/cmake --build /home/yusuf/ros2_ws/build/drive_turtle -- -j8 -l8
[1.283s] Invoking command in '/home/yusuf/ros2_ws/build/drive_turtle': CMAKE_PREFIX_PATH=${CMAKE_PREFIX_PATH}:/home/yusuf/ros2_ws/install/turtlebot3_teleop:/home/yusuf/ros2_ws/install/turtlebot3_example:/home/yusuf/ros2_ws/install/robot_python:/opt/ros/humble /usr/bin/cmake --install /home/yusuf/ros2_ws/build/drive_turtle
[1.310s] -- Install configuration: ""
[1.314s] -- Up-to-date: /home/yusuf/ros2_ws/install/drive_turtle/lib/drive_turtle/p1_multi_turtle_controller
[1.314s] -- Up-to-date: /home/yusuf/ros2_ws/install/drive_turtle/lib/drive_turtle/p1_single_straight_drive
[1.316s] -- Up-to-date: /home/yusuf/ros2_ws/install/drive_turtle/lib/drive_turtle/p1_multi_straight_drive
[1.318s] -- Up-to-date: /home/yusuf/ros2_ws/install/drive_turtle/lib/drive_turtle/test_run
[1.319s] -- Up-to-date: /home/yusuf/ros2_ws/install/drive_turtle/share/drive_turtle/launch
[1.320s] -- Up-to-date: /home/yusuf/ros2_ws/install/drive_turtle/share/drive_turtle/launch/p1_c_multi_robot_controller.launch.py
[1.321s] -- Up-to-date: /home/yusuf/ros2_ws/install/drive_turtle/share/drive_turtle/launch/p1_b_multi_robot_single_sim.launch.py
[1.321s] -- Up-to-date: /home/yusuf/ros2_ws/install/drive_turtle/share/drive_turtle/launch/p1_d_run_multi_turtlesim_drive.launch.py
[1.322s] -- Up-to-date: /home/yusuf/ros2_ws/install/drive_turtle/share/drive_turtle/launch/test_run.launch.py
[1.322s] -- Up-to-date: /home/yusuf/ros2_ws/install/drive_turtle/share/drive_turtle/launch/p1_a_multi_robot_multi_sim.launch.py
[1.323s] -- Up-to-date: /home/yusuf/ros2_ws/install/drive_turtle/share/ament_index/resource_index/package_run_dependencies/drive_turtle
[1.323s] -- Up-to-date: /home/yusuf/ros2_ws/install/drive_turtle/share/ament_index/resource_index/parent_prefix_path/drive_turtle
[1.323s] -- Up-to-date: /home/yusuf/ros2_ws/install/drive_turtle/share/drive_turtle/environment/ament_prefix_path.sh
[1.323s] -- Up-to-date: /home/yusuf/ros2_ws/install/drive_turtle/share/drive_turtle/environment/ament_prefix_path.dsv
[1.323s] -- Up-to-date: /home/yusuf/ros2_ws/install/drive_turtle/share/drive_turtle/environment/path.sh
[1.324s] -- Up-to-date: /home/yusuf/ros2_ws/install/drive_turtle/share/drive_turtle/environment/path.dsv
[1.324s] -- Up-to-date: /home/yusuf/ros2_ws/install/drive_turtle/share/drive_turtle/local_setup.bash
[1.324s] -- Up-to-date: /home/yusuf/ros2_ws/install/drive_turtle/share/drive_turtle/local_setup.sh
[1.324s] -- Up-to-date: /home/yusuf/ros2_ws/install/drive_turtle/share/drive_turtle/local_setup.zsh
[1.324s] -- Up-to-date: /home/yusuf/ros2_ws/install/drive_turtle/share/drive_turtle/local_setup.dsv
[1.324s] -- Installing: /home/yusuf/ros2_ws/install/drive_turtle/share/drive_turtle/package.dsv
[1.326s] -- Up-to-date: /home/yusuf/ros2_ws/install/drive_turtle/share/ament_index/resource_index/packages/drive_turtle
[1.326s] -- Up-to-date: /home/yusuf/ros2_ws/install/drive_turtle/share/drive_turtle/cmake/drive_turtleConfig.cmake
[1.326s] -- Up-to-date: /home/yusuf/ros2_ws/install/drive_turtle/share/drive_turtle/cmake/drive_turtleConfig-version.cmake
[1.327s] -- Up-to-date: /home/yusuf/ros2_ws/install/drive_turtle/share/drive_turtle/package.xml
[1.396s] Invoked command in '/home/yusuf/ros2_ws/build/drive_turtle' returned '0': CMAKE_PREFIX_PATH=${CMAKE_PREFIX_PATH}:/home/yusuf/ros2_ws/install/turtlebot3_teleop:/home/yusuf/ros2_ws/install/turtlebot3_example:/home/yusuf/ros2_ws/install/robot_python:/opt/ros/humble /usr/bin/cmake --install /home/yusuf/ros2_ws/build/drive_turtle
