[0.037s] Invoking command in '/home/yusuf/ros2_ws/build/ros2_control_demo_example_12': CMAKE_PREFIX_PATH=/home/yusuf/ros2_ws/install/ros2_control_demo_description:/home/yusuf/ros2_ws/install/turtlebot3:/home/yusuf/ros2_ws/install/turtlebot3_simulations:/home/yusuf/ros2_ws/install/turtlebot3_bringup:/home/yusuf/ros2_ws/install/turtlebot3_node:/home/yusuf/ros2_ws/install/turtlebot3_navigation2:/home/yusuf/ros2_ws/install/turtlebot3_gazebo:/home/yusuf/ros2_ws/install/turtlebot3_description:/home/yusuf/ros2_ws/install/turtlebot3_cartographer:/home/yusuf/ros2_ws/install/ros_fundamental:/home/yusuf/ros2_ws/install/ros2_control_demo_example_14:/home/yusuf/ros2_ws/install/robot_test:/home/yusuf/ros2_ws/install/robot_sensing:/home/yusuf/ros2_ws/install/robot_cpp:/home/yusuf/ros2_ws/install/robot_control:/home/yusuf/ros2_ws/install/point_cloud_processing:/home/yusuf/ros2_ws/install/navigation_tb3:/home/yusuf/ros2_ws/install/navigation_1:/home/yusuf/ros2_ws/install/navigation_:/home/yusuf/ros2_ws/install/my_cpp_py_pkg:/home/yusuf/ros2_ws/install/drive_turtle:/home/yusuf/ros2_ws/install/drive_tb3:/home/yusuf/assignment_ws/install/module_9_assignment:/home/yusuf/assignment_ws/install/module_8_assignment:/home/yusuf/assignment_ws/install/module_7_assignment:/home/yusuf/assignment_ws/install/module_6_assignment:/home/yusuf/assignment_ws/install/module_5_assignment:/home/yusuf/assignment_ws/install/module_4_assignment:/home/yusuf/assignment_ws/install/module_3_assignment:/home/yusuf/assignment_ws/install/module_2_assignment:/home/yusuf/assignment_ws/install/module_1_assignment:/home/yusuf/assignment_ws/install/module_10_assignment:/home/yusuf/mir_robot/install/ur:/home/yusuf/mir_robot/install/ur_calibration:/home/yusuf/mir_robot/install/ur_robot_driver:/home/yusuf/mir_robot/install/ur_moveit_config:/home/yusuf/mir_robot/install/ur_bringup:/home/yusuf/mir_robot/install/ur_description:/home/yusuf/mir_robot/install/ur_controllers:/home/yusuf/mir_robot/install/ur_dashboard_msgs:/home/yusuf/mir_robot/install/ros2_aruco_interfaces:/home/yusuf/mir_robot/install/robotiq_description:/home/yusuf/mir_robot/install/realsense_gazebo_plugin:/home/yusuf/mir_robot/install/realsense2_description:/home/yusuf/mir_robot/install/mir_robot:/home/yusuf/mir_robot/install/mir_navigation:/home/yusuf/mir_robot/install/mir_msgs:/home/yusuf/mir_robot/install/mir_gazebo:/home/yusuf/mir_robot/install/mir_description:/home/yusuf/mir_robot/install/ira_laser_tools:/home/yusuf/mir_robot/install/hello_moveit_ur:/home/yusuf/ros2_ws/install/urdf_tutorial_r2d2:/home/yusuf/ros2_ws/install/turtlebot3_teleop:/home/yusuf/ros2_ws/install/turtlebot3_fake_node:/home/yusuf/ros2_ws/install/turtlebot3_example:/home/yusuf/ros2_ws/install/robot_python:/home/yusuf/mir_robot/install/ros2_aruco:/home/yusuf/mir_robot/install/point_cloud_functions:/home/yusuf/mir_robot/install/mir_restapi:/home/yusuf/mir_robot/install/mir_driver:/opt/ros/humble /usr/bin/cmake /home/yusuf/ros2_ws/src/ros2_control_demos/example_12 -DCMAKE_INSTALL_PREFIX=/home/yusuf/ros2_ws/install/ros2_control_demo_example_12
[3.440s] -- The CXX compiler identification is GNU 11.4.0
[3.440s] -- Detecting CXX compiler ABI info
[3.440s] -- Detecting CXX compiler ABI info - done
[3.440s] -- Check for working CXX compiler: /usr/bin/c++ - skipped
[3.441s] -- Detecting CXX compile features
[3.441s] -- Detecting CXX compile features - done
[3.441s] -- Found ament_cmake: 1.3.9 (/opt/ros/humble/share/ament_cmake/cmake)
[3.441s] -- Found Python3: /usr/bin/python3 (found version "3.10.12") found components: Interpreter 
[3.442s] -- Found hardware_interface: 2.41.0 (/opt/ros/humble/share/hardware_interface/cmake)
[3.442s] -- Found rosidl_generator_c: 3.1.5 (/opt/ros/humble/share/rosidl_generator_c/cmake)
[3.442s] -- Found rosidl_adapter: 3.1.5 (/opt/ros/humble/share/rosidl_adapter/cmake)
[3.442s] -- Found rosidl_generator_cpp: 3.1.5 (/opt/ros/humble/share/rosidl_generator_cpp/cmake)
[3.443s] -- Using all available rosidl_typesupport_c: rosidl_typesupport_fastrtps_c;rosidl_typesupport_introspection_c
[3.443s] -- Using all available rosidl_typesupport_cpp: rosidl_typesupport_fastrtps_cpp;rosidl_typesupport_introspection_cpp
[4.213s] -- Found rmw_implementation_cmake: 6.1.2 (/opt/ros/humble/share/rmw_implementation_cmake/cmake)
[4.223s] -- Found rmw_fastrtps_cpp: 6.2.6 (/opt/ros/humble/share/rmw_fastrtps_cpp/cmake)
[4.557s] -- Found TinyXML2 via Config file: TinyXML2_DIR-NOTFOUND
[5.247s] -- Found OpenSSL: /usr/lib/x86_64-linux-gnu/libcrypto.so (found version "3.0.2")  
[5.262s] -- Found TinyXML2 via Config file: TinyXML2_DIR-NOTFOUND
[5.360s] -- Found FastRTPS: /opt/ros/humble/include  
[5.424s] -- Found TinyXML2 via Config file: TinyXML2_DIR-NOTFOUND
[5.506s] -- Found TinyXML2 via Config file: TinyXML2_DIR-NOTFOUND
[5.647s] -- Using RMW implementation 'rmw_fastrtps_cpp' as default
[5.811s] -- Looking for C++ include pthread.h
[6.890s] -- Looking for C++ include pthread.h - found
[6.892s] -- Performing Test CMAKE_HAVE_LIBC_PTHREAD
[7.882s] -- Performing Test CMAKE_HAVE_LIBC_PTHREAD - Success
[7.887s] -- Found Threads: TRUE  
[10.309s] -- Found generate_parameter_library: 0.3.8 (/opt/ros/humble/share/generate_parameter_library/cmake)
[10.406s] -- Found parameter_traits: 0.3.8 (/opt/ros/humble/share/parameter_traits/cmake)
[10.953s] -- Found controller_interface: 2.41.0 (/opt/ros/humble/share/controller_interface/cmake)
[12.239s] -- Found realtime_tools: 2.5.0 (/opt/ros/humble/share/realtime_tools/cmake)
[20.647s] -- Found ament_cmake_pytest: 1.3.9 (/opt/ros/humble/share/ament_cmake_pytest/cmake)
[27.901s] -- Configuring done
[28.235s] -- Generating done
[28.262s] -- Build files have been written to: /home/yusuf/ros2_ws/build/ros2_control_demo_example_12
[28.325s] Invoked command in '/home/yusuf/ros2_ws/build/ros2_control_demo_example_12' returned '0': CMAKE_PREFIX_PATH=/home/yusuf/ros2_ws/install/ros2_control_demo_description:/home/yusuf/ros2_ws/install/turtlebot3:/home/yusuf/ros2_ws/install/turtlebot3_simulations:/home/yusuf/ros2_ws/install/turtlebot3_bringup:/home/yusuf/ros2_ws/install/turtlebot3_node:/home/yusuf/ros2_ws/install/turtlebot3_navigation2:/home/yusuf/ros2_ws/install/turtlebot3_gazebo:/home/yusuf/ros2_ws/install/turtlebot3_description:/home/yusuf/ros2_ws/install/turtlebot3_cartographer:/home/yusuf/ros2_ws/install/ros_fundamental:/home/yusuf/ros2_ws/install/ros2_control_demo_example_14:/home/yusuf/ros2_ws/install/robot_test:/home/yusuf/ros2_ws/install/robot_sensing:/home/yusuf/ros2_ws/install/robot_cpp:/home/yusuf/ros2_ws/install/robot_control:/home/yusuf/ros2_ws/install/point_cloud_processing:/home/yusuf/ros2_ws/install/navigation_tb3:/home/yusuf/ros2_ws/install/navigation_1:/home/yusuf/ros2_ws/install/navigation_:/home/yusuf/ros2_ws/install/my_cpp_py_pkg:/home/yusuf/ros2_ws/install/drive_turtle:/home/yusuf/ros2_ws/install/drive_tb3:/home/yusuf/assignment_ws/install/module_9_assignment:/home/yusuf/assignment_ws/install/module_8_assignment:/home/yusuf/assignment_ws/install/module_7_assignment:/home/yusuf/assignment_ws/install/module_6_assignment:/home/yusuf/assignment_ws/install/module_5_assignment:/home/yusuf/assignment_ws/install/module_4_assignment:/home/yusuf/assignment_ws/install/module_3_assignment:/home/yusuf/assignment_ws/install/module_2_assignment:/home/yusuf/assignment_ws/install/module_1_assignment:/home/yusuf/assignment_ws/install/module_10_assignment:/home/yusuf/mir_robot/install/ur:/home/yusuf/mir_robot/install/ur_calibration:/home/yusuf/mir_robot/install/ur_robot_driver:/home/yusuf/mir_robot/install/ur_moveit_config:/home/yusuf/mir_robot/install/ur_bringup:/home/yusuf/mir_robot/install/ur_description:/home/yusuf/mir_robot/install/ur_controllers:/home/yusuf/mir_robot/install/ur_dashboard_msgs:/home/yusuf/mir_robot/install/ros2_aruco_interfaces:/home/yusuf/mir_robot/install/robotiq_description:/home/yusuf/mir_robot/install/realsense_gazebo_plugin:/home/yusuf/mir_robot/install/realsense2_description:/home/yusuf/mir_robot/install/mir_robot:/home/yusuf/mir_robot/install/mir_navigation:/home/yusuf/mir_robot/install/mir_msgs:/home/yusuf/mir_robot/install/mir_gazebo:/home/yusuf/mir_robot/install/mir_description:/home/yusuf/mir_robot/install/ira_laser_tools:/home/yusuf/mir_robot/install/hello_moveit_ur:/home/yusuf/ros2_ws/install/urdf_tutorial_r2d2:/home/yusuf/ros2_ws/install/turtlebot3_teleop:/home/yusuf/ros2_ws/install/turtlebot3_fake_node:/home/yusuf/ros2_ws/install/turtlebot3_example:/home/yusuf/ros2_ws/install/robot_python:/home/yusuf/mir_robot/install/ros2_aruco:/home/yusuf/mir_robot/install/point_cloud_functions:/home/yusuf/mir_robot/install/mir_restapi:/home/yusuf/mir_robot/install/mir_driver:/opt/ros/humble /usr/bin/cmake /home/yusuf/ros2_ws/src/ros2_control_demos/example_12 -DCMAKE_INSTALL_PREFIX=/home/yusuf/ros2_ws/install/ros2_control_demo_example_12
[28.326s] Invoking command in '/home/yusuf/ros2_ws/build/ros2_control_demo_example_12': CMAKE_PREFIX_PATH=/home/yusuf/ros2_ws/install/ros2_control_demo_description:/home/yusuf/ros2_ws/install/turtlebot3:/home/yusuf/ros2_ws/install/turtlebot3_simulations:/home/yusuf/ros2_ws/install/turtlebot3_bringup:/home/yusuf/ros2_ws/install/turtlebot3_node:/home/yusuf/ros2_ws/install/turtlebot3_navigation2:/home/yusuf/ros2_ws/install/turtlebot3_gazebo:/home/yusuf/ros2_ws/install/turtlebot3_description:/home/yusuf/ros2_ws/install/turtlebot3_cartographer:/home/yusuf/ros2_ws/install/ros_fundamental:/home/yusuf/ros2_ws/install/ros2_control_demo_example_14:/home/yusuf/ros2_ws/install/robot_test:/home/yusuf/ros2_ws/install/robot_sensing:/home/yusuf/ros2_ws/install/robot_cpp:/home/yusuf/ros2_ws/install/robot_control:/home/yusuf/ros2_ws/install/point_cloud_processing:/home/yusuf/ros2_ws/install/navigation_tb3:/home/yusuf/ros2_ws/install/navigation_1:/home/yusuf/ros2_ws/install/navigation_:/home/yusuf/ros2_ws/install/my_cpp_py_pkg:/home/yusuf/ros2_ws/install/drive_turtle:/home/yusuf/ros2_ws/install/drive_tb3:/home/yusuf/assignment_ws/install/module_9_assignment:/home/yusuf/assignment_ws/install/module_8_assignment:/home/yusuf/assignment_ws/install/module_7_assignment:/home/yusuf/assignment_ws/install/module_6_assignment:/home/yusuf/assignment_ws/install/module_5_assignment:/home/yusuf/assignment_ws/install/module_4_assignment:/home/yusuf/assignment_ws/install/module_3_assignment:/home/yusuf/assignment_ws/install/module_2_assignment:/home/yusuf/assignment_ws/install/module_1_assignment:/home/yusuf/assignment_ws/install/module_10_assignment:/home/yusuf/mir_robot/install/ur:/home/yusuf/mir_robot/install/ur_calibration:/home/yusuf/mir_robot/install/ur_robot_driver:/home/yusuf/mir_robot/install/ur_moveit_config:/home/yusuf/mir_robot/install/ur_bringup:/home/yusuf/mir_robot/install/ur_description:/home/yusuf/mir_robot/install/ur_controllers:/home/yusuf/mir_robot/install/ur_dashboard_msgs:/home/yusuf/mir_robot/install/ros2_aruco_interfaces:/home/yusuf/mir_robot/install/robotiq_description:/home/yusuf/mir_robot/install/realsense_gazebo_plugin:/home/yusuf/mir_robot/install/realsense2_description:/home/yusuf/mir_robot/install/mir_robot:/home/yusuf/mir_robot/install/mir_navigation:/home/yusuf/mir_robot/install/mir_msgs:/home/yusuf/mir_robot/install/mir_gazebo:/home/yusuf/mir_robot/install/mir_description:/home/yusuf/mir_robot/install/ira_laser_tools:/home/yusuf/mir_robot/install/hello_moveit_ur:/home/yusuf/ros2_ws/install/urdf_tutorial_r2d2:/home/yusuf/ros2_ws/install/turtlebot3_teleop:/home/yusuf/ros2_ws/install/turtlebot3_fake_node:/home/yusuf/ros2_ws/install/turtlebot3_example:/home/yusuf/ros2_ws/install/robot_python:/home/yusuf/mir_robot/install/ros2_aruco:/home/yusuf/mir_robot/install/point_cloud_functions:/home/yusuf/mir_robot/install/mir_restapi:/home/yusuf/mir_robot/install/mir_driver:/opt/ros/humble /usr/bin/cmake --build /home/yusuf/ros2_ws/build/ros2_control_demo_example_12 -- -j8 -l8
[47.867s] [ 20%] [32mBuilding CXX object CMakeFiles/ros2_control_demo_example_12.dir/hardware/rrbot.cpp.o[0m
[58.300s] [ 40%] [32m[1mLinking CXX shared library libros2_control_demo_example_12.so[0m
[59.494s] [ 40%] Built target ros2_control_demo_example_12
[59.693s] [ 60%] [34m[1mRunning `/opt/ros/humble/bin/generate_parameter_library_cpp /home/yusuf/ros2_ws/build/ros2_control_demo_example_12/passthrough_controller_parameters/include//passthrough_controller_parameters.hpp /home/yusuf/ros2_ws/src/ros2_control_demos/example_12/controllers/src/passthrough_controller_parameters.yaml `[0m
[61.059s] [ 60%] Built target passthrough_controller_parameters
[61.271s] [ 80%] [32mBuilding CXX object CMakeFiles/passthrough_controller.dir/controllers/src/passthrough_controller.cpp.o[0m
[101.726s] [100%] [32m[1mLinking CXX shared library libpassthrough_controller.so[0m
[105.223s] [100%] Built target passthrough_controller
[105.294s] Invoked command in '/home/yusuf/ros2_ws/build/ros2_control_demo_example_12' returned '0': CMAKE_PREFIX_PATH=/home/yusuf/ros2_ws/install/ros2_control_demo_description:/home/yusuf/ros2_ws/install/turtlebot3:/home/yusuf/ros2_ws/install/turtlebot3_simulations:/home/yusuf/ros2_ws/install/turtlebot3_bringup:/home/yusuf/ros2_ws/install/turtlebot3_node:/home/yusuf/ros2_ws/install/turtlebot3_navigation2:/home/yusuf/ros2_ws/install/turtlebot3_gazebo:/home/yusuf/ros2_ws/install/turtlebot3_description:/home/yusuf/ros2_ws/install/turtlebot3_cartographer:/home/yusuf/ros2_ws/install/ros_fundamental:/home/yusuf/ros2_ws/install/ros2_control_demo_example_14:/home/yusuf/ros2_ws/install/robot_test:/home/yusuf/ros2_ws/install/robot_sensing:/home/yusuf/ros2_ws/install/robot_cpp:/home/yusuf/ros2_ws/install/robot_control:/home/yusuf/ros2_ws/install/point_cloud_processing:/home/yusuf/ros2_ws/install/navigation_tb3:/home/yusuf/ros2_ws/install/navigation_1:/home/yusuf/ros2_ws/install/navigation_:/home/yusuf/ros2_ws/install/my_cpp_py_pkg:/home/yusuf/ros2_ws/install/drive_turtle:/home/yusuf/ros2_ws/install/drive_tb3:/home/yusuf/assignment_ws/install/module_9_assignment:/home/yusuf/assignment_ws/install/module_8_assignment:/home/yusuf/assignment_ws/install/module_7_assignment:/home/yusuf/assignment_ws/install/module_6_assignment:/home/yusuf/assignment_ws/install/module_5_assignment:/home/yusuf/assignment_ws/install/module_4_assignment:/home/yusuf/assignment_ws/install/module_3_assignment:/home/yusuf/assignment_ws/install/module_2_assignment:/home/yusuf/assignment_ws/install/module_1_assignment:/home/yusuf/assignment_ws/install/module_10_assignment:/home/yusuf/mir_robot/install/ur:/home/yusuf/mir_robot/install/ur_calibration:/home/yusuf/mir_robot/install/ur_robot_driver:/home/yusuf/mir_robot/install/ur_moveit_config:/home/yusuf/mir_robot/install/ur_bringup:/home/yusuf/mir_robot/install/ur_description:/home/yusuf/mir_robot/install/ur_controllers:/home/yusuf/mir_robot/install/ur_dashboard_msgs:/home/yusuf/mir_robot/install/ros2_aruco_interfaces:/home/yusuf/mir_robot/install/robotiq_description:/home/yusuf/mir_robot/install/realsense_gazebo_plugin:/home/yusuf/mir_robot/install/realsense2_description:/home/yusuf/mir_robot/install/mir_robot:/home/yusuf/mir_robot/install/mir_navigation:/home/yusuf/mir_robot/install/mir_msgs:/home/yusuf/mir_robot/install/mir_gazebo:/home/yusuf/mir_robot/install/mir_description:/home/yusuf/mir_robot/install/ira_laser_tools:/home/yusuf/mir_robot/install/hello_moveit_ur:/home/yusuf/ros2_ws/install/urdf_tutorial_r2d2:/home/yusuf/ros2_ws/install/turtlebot3_teleop:/home/yusuf/ros2_ws/install/turtlebot3_fake_node:/home/yusuf/ros2_ws/install/turtlebot3_example:/home/yusuf/ros2_ws/install/robot_python:/home/yusuf/mir_robot/install/ros2_aruco:/home/yusuf/mir_robot/install/point_cloud_functions:/home/yusuf/mir_robot/install/mir_restapi:/home/yusuf/mir_robot/install/mir_driver:/opt/ros/humble /usr/bin/cmake --build /home/yusuf/ros2_ws/build/ros2_control_demo_example_12 -- -j8 -l8
[105.628s] Invoking command in '/home/yusuf/ros2_ws/build/ros2_control_demo_example_12': CMAKE_PREFIX_PATH=/home/yusuf/ros2_ws/install/ros2_control_demo_description:/home/yusuf/ros2_ws/install/turtlebot3:/home/yusuf/ros2_ws/install/turtlebot3_simulations:/home/yusuf/ros2_ws/install/turtlebot3_bringup:/home/yusuf/ros2_ws/install/turtlebot3_node:/home/yusuf/ros2_ws/install/turtlebot3_navigation2:/home/yusuf/ros2_ws/install/turtlebot3_gazebo:/home/yusuf/ros2_ws/install/turtlebot3_description:/home/yusuf/ros2_ws/install/turtlebot3_cartographer:/home/yusuf/ros2_ws/install/ros_fundamental:/home/yusuf/ros2_ws/install/ros2_control_demo_example_14:/home/yusuf/ros2_ws/install/robot_test:/home/yusuf/ros2_ws/install/robot_sensing:/home/yusuf/ros2_ws/install/robot_cpp:/home/yusuf/ros2_ws/install/robot_control:/home/yusuf/ros2_ws/install/point_cloud_processing:/home/yusuf/ros2_ws/install/navigation_tb3:/home/yusuf/ros2_ws/install/navigation_1:/home/yusuf/ros2_ws/install/navigation_:/home/yusuf/ros2_ws/install/my_cpp_py_pkg:/home/yusuf/ros2_ws/install/drive_turtle:/home/yusuf/ros2_ws/install/drive_tb3:/home/yusuf/assignment_ws/install/module_9_assignment:/home/yusuf/assignment_ws/install/module_8_assignment:/home/yusuf/assignment_ws/install/module_7_assignment:/home/yusuf/assignment_ws/install/module_6_assignment:/home/yusuf/assignment_ws/install/module_5_assignment:/home/yusuf/assignment_ws/install/module_4_assignment:/home/yusuf/assignment_ws/install/module_3_assignment:/home/yusuf/assignment_ws/install/module_2_assignment:/home/yusuf/assignment_ws/install/module_1_assignment:/home/yusuf/assignment_ws/install/module_10_assignment:/home/yusuf/mir_robot/install/ur:/home/yusuf/mir_robot/install/ur_calibration:/home/yusuf/mir_robot/install/ur_robot_driver:/home/yusuf/mir_robot/install/ur_moveit_config:/home/yusuf/mir_robot/install/ur_bringup:/home/yusuf/mir_robot/install/ur_description:/home/yusuf/mir_robot/install/ur_controllers:/home/yusuf/mir_robot/install/ur_dashboard_msgs:/home/yusuf/mir_robot/install/ros2_aruco_interfaces:/home/yusuf/mir_robot/install/robotiq_description:/home/yusuf/mir_robot/install/realsense_gazebo_plugin:/home/yusuf/mir_robot/install/realsense2_description:/home/yusuf/mir_robot/install/mir_robot:/home/yusuf/mir_robot/install/mir_navigation:/home/yusuf/mir_robot/install/mir_msgs:/home/yusuf/mir_robot/install/mir_gazebo:/home/yusuf/mir_robot/install/mir_description:/home/yusuf/mir_robot/install/ira_laser_tools:/home/yusuf/mir_robot/install/hello_moveit_ur:/home/yusuf/ros2_ws/install/urdf_tutorial_r2d2:/home/yusuf/ros2_ws/install/turtlebot3_teleop:/home/yusuf/ros2_ws/install/turtlebot3_fake_node:/home/yusuf/ros2_ws/install/turtlebot3_example:/home/yusuf/ros2_ws/install/robot_python:/home/yusuf/mir_robot/install/ros2_aruco:/home/yusuf/mir_robot/install/point_cloud_functions:/home/yusuf/mir_robot/install/mir_restapi:/home/yusuf/mir_robot/install/mir_driver:/opt/ros/humble /usr/bin/cmake --install /home/yusuf/ros2_ws/build/ros2_control_demo_example_12
[108.291s] -- Install configuration: ""
[108.291s] -- Installing: /home/yusuf/ros2_ws/install/ros2_control_demo_example_12/share/ros2_control_demo_example_12/ros2_control_demo_example_12.xml
[108.291s] -- Installing: /home/yusuf/ros2_ws/install/ros2_control_demo_example_12/include/passthrough_controller_parameters
[108.292s] -- Installing: /home/yusuf/ros2_ws/install/ros2_control_demo_example_12/include/passthrough_controller_parameters/passthrough_controller_parameters.hpp
[108.292s] -- Installing: /home/yusuf/ros2_ws/install/ros2_control_demo_example_12/share/ros2_control_demo_example_12/passthrough_controller.xml
[108.293s] -- Installing: /home/yusuf/ros2_ws/install/ros2_control_demo_example_12/include/ros2_control_demo_example_12
[108.293s] -- Installing: /home/yusuf/ros2_ws/install/ros2_control_demo_example_12/include/ros2_control_demo_example_12/ros2_control_demo_example_12
[108.293s] -- Installing: /home/yusuf/ros2_ws/install/ros2_control_demo_example_12/include/ros2_control_demo_example_12/ros2_control_demo_example_12/rrbot.hpp
[108.294s] -- Installing: /home/yusuf/ros2_ws/install/ros2_control_demo_example_12/include/ros2_control_demo_example_12/ros2_control_demo_example_12/visibility_control.h
[108.294s] -- Installing: /home/yusuf/ros2_ws/install/ros2_control_demo_example_12/share/ros2_control_demo_example_12/launch
[108.294s] -- Installing: /home/yusuf/ros2_ws/install/ros2_control_demo_example_12/share/ros2_control_demo_example_12/launch/view_robot.launch.py
[108.295s] -- Installing: /home/yusuf/ros2_ws/install/ros2_control_demo_example_12/share/ros2_control_demo_example_12/ros2_control
[108.301s] -- Installing: /home/yusuf/ros2_ws/install/ros2_control_demo_example_12/share/ros2_control_demo_example_12/ros2_control/rrbot.ros2_control.xacro
[108.302s] -- Installing: /home/yusuf/ros2_ws/install/ros2_control_demo_example_12/share/ros2_control_demo_example_12/urdf
[108.302s] -- Installing: /home/yusuf/ros2_ws/install/ros2_control_demo_example_12/share/ros2_control_demo_example_12/urdf/rrbot.urdf.xacro
[108.302s] -- Up-to-date: /home/yusuf/ros2_ws/install/ros2_control_demo_example_12/share/ros2_control_demo_example_12/launch
[108.303s] -- Installing: /home/yusuf/ros2_ws/install/ros2_control_demo_example_12/share/ros2_control_demo_example_12/launch/rrbot.launch.py
[108.303s] -- Installing: /home/yusuf/ros2_ws/install/ros2_control_demo_example_12/share/ros2_control_demo_example_12/launch/launch_chained_controllers.launch.py
[108.303s] -- Installing: /home/yusuf/ros2_ws/install/ros2_control_demo_example_12/share/ros2_control_demo_example_12/config
[108.304s] -- Installing: /home/yusuf/ros2_ws/install/ros2_control_demo_example_12/share/ros2_control_demo_example_12/config/rrbot_chained_controllers.yaml
[108.304s] -- Installing: /home/yusuf/ros2_ws/install/ros2_control_demo_example_12/lib/libros2_control_demo_example_12.so
[108.305s] -- Set runtime path of "/home/yusuf/ros2_ws/install/ros2_control_demo_example_12/lib/libros2_control_demo_example_12.so" to ""
[108.305s] -- Installing: /home/yusuf/ros2_ws/install/ros2_control_demo_example_12/include/passthrough_controller
[108.305s] -- Installing: /home/yusuf/ros2_ws/install/ros2_control_demo_example_12/include/passthrough_controller/passthrough_controller
[108.306s] -- Installing: /home/yusuf/ros2_ws/install/ros2_control_demo_example_12/include/passthrough_controller/passthrough_controller/visibility_control.h
[108.306s] -- Installing: /home/yusuf/ros2_ws/install/ros2_control_demo_example_12/include/passthrough_controller/passthrough_controller/passthrough_controller.hpp
[108.306s] -- Installing: /home/yusuf/ros2_ws/install/ros2_control_demo_example_12/lib/libpassthrough_controller.so
[108.306s] -- Set runtime path of "/home/yusuf/ros2_ws/install/ros2_control_demo_example_12/lib/libpassthrough_controller.so" to ""
[108.307s] -- Installing: /home/yusuf/ros2_ws/install/ros2_control_demo_example_12/share/ros2_control_demo_example_12/environment/library_path.sh
[108.307s] -- Installing: /home/yusuf/ros2_ws/install/ros2_control_demo_example_12/share/ros2_control_demo_example_12/environment/library_path.dsv
[108.307s] -- Installing: /home/yusuf/ros2_ws/install/ros2_control_demo_example_12/share/ament_index/resource_index/package_run_dependencies/ros2_control_demo_example_12
[108.308s] -- Installing: /home/yusuf/ros2_ws/install/ros2_control_demo_example_12/share/ament_index/resource_index/parent_prefix_path/ros2_control_demo_example_12
[108.308s] -- Installing: /home/yusuf/ros2_ws/install/ros2_control_demo_example_12/share/ros2_control_demo_example_12/environment/ament_prefix_path.sh
[108.308s] -- Installing: /home/yusuf/ros2_ws/install/ros2_control_demo_example_12/share/ros2_control_demo_example_12/environment/ament_prefix_path.dsv
[108.308s] -- Installing: /home/yusuf/ros2_ws/install/ros2_control_demo_example_12/share/ros2_control_demo_example_12/environment/path.sh
[108.309s] -- Installing: /home/yusuf/ros2_ws/install/ros2_control_demo_example_12/share/ros2_control_demo_example_12/environment/path.dsv
[108.309s] -- Installing: /home/yusuf/ros2_ws/install/ros2_control_demo_example_12/share/ros2_control_demo_example_12/local_setup.bash
[108.309s] -- Installing: /home/yusuf/ros2_ws/install/ros2_control_demo_example_12/share/ros2_control_demo_example_12/local_setup.sh
[108.310s] -- Installing: /home/yusuf/ros2_ws/install/ros2_control_demo_example_12/share/ros2_control_demo_example_12/local_setup.zsh
[108.310s] -- Installing: /home/yusuf/ros2_ws/install/ros2_control_demo_example_12/share/ros2_control_demo_example_12/local_setup.dsv
[108.322s] -- Installing: /home/yusuf/ros2_ws/install/ros2_control_demo_example_12/share/ros2_control_demo_example_12/package.dsv
[108.322s] -- Installing: /home/yusuf/ros2_ws/install/ros2_control_demo_example_12/share/ament_index/resource_index/packages/ros2_control_demo_example_12
[108.323s] -- Installing: /home/yusuf/ros2_ws/install/ros2_control_demo_example_12/share/ament_index/resource_index/hardware_interface__pluginlib__plugin/ros2_control_demo_example_12
[108.323s] -- Installing: /home/yusuf/ros2_ws/install/ros2_control_demo_example_12/share/ament_index/resource_index/controller_interface__pluginlib__plugin/ros2_control_demo_example_12
[108.324s] -- Installing: /home/yusuf/ros2_ws/install/ros2_control_demo_example_12/share/ros2_control_demo_example_12/cmake/export_passthrough_controllerExport.cmake
[108.324s] -- Installing: /home/yusuf/ros2_ws/install/ros2_control_demo_example_12/share/ros2_control_demo_example_12/cmake/export_passthrough_controllerExport-noconfig.cmake
[108.324s] -- Installing: /home/yusuf/ros2_ws/install/ros2_control_demo_example_12/share/ros2_control_demo_example_12/cmake/export_ros2_control_demo_example_12Export.cmake
[108.325s] -- Installing: /home/yusuf/ros2_ws/install/ros2_control_demo_example_12/share/ros2_control_demo_example_12/cmake/export_ros2_control_demo_example_12Export-noconfig.cmake
[108.325s] -- Installing: /home/yusuf/ros2_ws/install/ros2_control_demo_example_12/share/ros2_control_demo_example_12/cmake/ament_cmake_export_targets-extras.cmake
[108.325s] -- Installing: /home/yusuf/ros2_ws/install/ros2_control_demo_example_12/share/ros2_control_demo_example_12/cmake/ament_cmake_export_dependencies-extras.cmake
[108.326s] -- Installing: /home/yusuf/ros2_ws/install/ros2_control_demo_example_12/share/ros2_control_demo_example_12/cmake/ros2_control_demo_example_12Config.cmake
[108.326s] -- Installing: /home/yusuf/ros2_ws/install/ros2_control_demo_example_12/share/ros2_control_demo_example_12/cmake/ros2_control_demo_example_12Config-version.cmake
[108.326s] -- Installing: /home/yusuf/ros2_ws/install/ros2_control_demo_example_12/share/ros2_control_demo_example_12/package.xml
