[1.010s] Invoking command in '/home/yusuf/ros2_ws/build/turtlebot3_fake_node': CMAKE_PREFIX_PATH=${CMAKE_PREFIX_PATH}:/home/yusuf/ros2_ws/install/robot_python:/home/yusuf/ros2_learners/install/robot_math:/opt/ros/humble /usr/bin/cmake --build /home/yusuf/ros2_ws/build/turtlebot3_fake_node -- -j8 -l8
[1.707s] [100%] Built target turtlebot3_fake_node
[1.727s] Invoked command in '/home/yusuf/ros2_ws/build/turtlebot3_fake_node' returned '0': CMAKE_PREFIX_PATH=${CMAKE_PREFIX_PATH}:/home/yusuf/ros2_ws/install/robot_python:/home/yusuf/ros2_learners/install/robot_math:/opt/ros/humble /usr/bin/cmake --build /home/yusuf/ros2_ws/build/turtlebot3_fake_node -- -j8 -l8
[1.821s] Invoking command in '/home/yusuf/ros2_ws/build/turtlebot3_fake_node': CMAKE_PREFIX_PATH=${CMAKE_PREFIX_PATH}:/home/yusuf/ros2_ws/install/robot_python:/home/yusuf/ros2_learners/install/robot_math:/opt/ros/humble /usr/bin/cmake --install /home/yusuf/ros2_ws/build/turtlebot3_fake_node
[1.856s] -- Install configuration: ""
[1.857s] -- Up-to-date: /home/yusuf/ros2_ws/install/turtlebot3_fake_node/lib/turtlebot3_fake_node/turtlebot3_fake_node
[1.857s] -- Up-to-date: /home/yusuf/ros2_ws/install/turtlebot3_fake_node/share/turtlebot3_fake_node/launch
[1.858s] -- Up-to-date: /home/yusuf/ros2_ws/install/turtlebot3_fake_node/share/turtlebot3_fake_node/launch/rviz2.launch.py
[1.858s] -- Up-to-date: /home/yusuf/ros2_ws/install/turtlebot3_fake_node/share/turtlebot3_fake_node/launch/turtlebot3_fake_node.launch.py
[1.858s] -- Up-to-date: /home/yusuf/ros2_ws/install/turtlebot3_fake_node/share/turtlebot3_fake_node/param
[1.858s] -- Up-to-date: /home/yusuf/ros2_ws/install/turtlebot3_fake_node/share/turtlebot3_fake_node/param/waffle.yaml
[1.859s] -- Up-to-date: /home/yusuf/ros2_ws/install/turtlebot3_fake_node/share/turtlebot3_fake_node/param/waffle_pi.yaml
[1.859s] -- Up-to-date: /home/yusuf/ros2_ws/install/turtlebot3_fake_node/share/turtlebot3_fake_node/param/burger.yaml
[1.859s] -- Up-to-date: /home/yusuf/ros2_ws/install/turtlebot3_fake_node/include/
[1.859s] -- Up-to-date: /home/yusuf/ros2_ws/install/turtlebot3_fake_node/include//turtlebot3_fake_node
[1.860s] -- Up-to-date: /home/yusuf/ros2_ws/install/turtlebot3_fake_node/include//turtlebot3_fake_node/turtlebot3_fake_node.hpp
[1.860s] -- Up-to-date: /home/yusuf/ros2_ws/install/turtlebot3_fake_node/share/ament_index/resource_index/package_run_dependencies/turtlebot3_fake_node
[1.860s] -- Up-to-date: /home/yusuf/ros2_ws/install/turtlebot3_fake_node/share/ament_index/resource_index/parent_prefix_path/turtlebot3_fake_node
[1.861s] -- Up-to-date: /home/yusuf/ros2_ws/install/turtlebot3_fake_node/share/turtlebot3_fake_node/environment/ament_prefix_path.sh
[1.861s] -- Up-to-date: /home/yusuf/ros2_ws/install/turtlebot3_fake_node/share/turtlebot3_fake_node/environment/ament_prefix_path.dsv
[1.861s] -- Up-to-date: /home/yusuf/ros2_ws/install/turtlebot3_fake_node/share/turtlebot3_fake_node/environment/path.sh
[1.861s] -- Up-to-date: /home/yusuf/ros2_ws/install/turtlebot3_fake_node/share/turtlebot3_fake_node/environment/path.dsv
[1.862s] -- Up-to-date: /home/yusuf/ros2_ws/install/turtlebot3_fake_node/share/turtlebot3_fake_node/local_setup.bash
[1.862s] -- Up-to-date: /home/yusuf/ros2_ws/install/turtlebot3_fake_node/share/turtlebot3_fake_node/local_setup.sh
[1.862s] -- Up-to-date: /home/yusuf/ros2_ws/install/turtlebot3_fake_node/share/turtlebot3_fake_node/local_setup.zsh
[1.863s] -- Up-to-date: /home/yusuf/ros2_ws/install/turtlebot3_fake_node/share/turtlebot3_fake_node/local_setup.dsv
[1.863s] -- Installing: /home/yusuf/ros2_ws/install/turtlebot3_fake_node/share/turtlebot3_fake_node/package.dsv
[1.863s] -- Up-to-date: /home/yusuf/ros2_ws/install/turtlebot3_fake_node/share/ament_index/resource_index/packages/turtlebot3_fake_node
[1.864s] -- Up-to-date: /home/yusuf/ros2_ws/install/turtlebot3_fake_node/share/turtlebot3_fake_node/cmake/ament_cmake_export_include_directories-extras.cmake
[1.864s] -- Up-to-date: /home/yusuf/ros2_ws/install/turtlebot3_fake_node/share/turtlebot3_fake_node/cmake/ament_cmake_export_dependencies-extras.cmake
[1.864s] -- Up-to-date: /home/yusuf/ros2_ws/install/turtlebot3_fake_node/share/turtlebot3_fake_node/cmake/turtlebot3_fake_nodeConfig.cmake
[1.864s] -- Up-to-date: /home/yusuf/ros2_ws/install/turtlebot3_fake_node/share/turtlebot3_fake_node/cmake/turtlebot3_fake_nodeConfig-version.cmake
[1.865s] -- Up-to-date: /home/yusuf/ros2_ws/install/turtlebot3_fake_node/share/turtlebot3_fake_node/package.xml
[2.182s] Invoked command in '/home/yusuf/ros2_ws/build/turtlebot3_fake_node' returned '0': CMAKE_PREFIX_PATH=${CMAKE_PREFIX_PATH}:/home/yusuf/ros2_ws/install/robot_python:/home/yusuf/ros2_learners/install/robot_math:/opt/ros/humble /usr/bin/cmake --install /home/yusuf/ros2_ws/build/turtlebot3_fake_node
