[0.603s] Invoking command in '/home/yusuf/ros2_ws/build/turtlebot3_simulations': CMAKE_PREFIX_PATH=/home/yusuf/ros2_ws/install/turtlebot3_gazebo:/home/yusuf/ros2_ws/install/turtlebot3_fake_node:/home/yusuf/ros2_ws/install/turtlebot3_simulations:/home/yusuf/ros2_ws/install/robot_test:/home/yusuf/ros2_ws/install/robot_cpp:/home/yusuf/ros2_ws/install/robot_control:/home/yusuf/ros2_ws/install/navigation_:/home/yusuf/ros2_ws/install/my_cpp_py_pkg:/home/yusuf/ros2_ws/install/robot_python:/opt/ros/humble /usr/bin/cmake --build /home/yusuf/ros2_ws/build/turtlebot3_simulations -- -j8 -l8
[0.742s] Invoked command in '/home/yusuf/ros2_ws/build/turtlebot3_simulations' returned '0': CMAKE_PREFIX_PATH=/home/yusuf/ros2_ws/install/turtlebot3_gazebo:/home/yusuf/ros2_ws/install/turtlebot3_fake_node:/home/yusuf/ros2_ws/install/turtlebot3_simulations:/home/yusuf/ros2_ws/install/robot_test:/home/yusuf/ros2_ws/install/robot_cpp:/home/yusuf/ros2_ws/install/robot_control:/home/yusuf/ros2_ws/install/navigation_:/home/yusuf/ros2_ws/install/my_cpp_py_pkg:/home/yusuf/ros2_ws/install/robot_python:/opt/ros/humble /usr/bin/cmake --build /home/yusuf/ros2_ws/build/turtlebot3_simulations -- -j8 -l8
[0.824s] Invoking command in '/home/yusuf/ros2_ws/build/turtlebot3_simulations': CMAKE_PREFIX_PATH=/home/yusuf/ros2_ws/install/turtlebot3_gazebo:/home/yusuf/ros2_ws/install/turtlebot3_fake_node:/home/yusuf/ros2_ws/install/turtlebot3_simulations:/home/yusuf/ros2_ws/install/robot_test:/home/yusuf/ros2_ws/install/robot_cpp:/home/yusuf/ros2_ws/install/robot_control:/home/yusuf/ros2_ws/install/navigation_:/home/yusuf/ros2_ws/install/my_cpp_py_pkg:/home/yusuf/ros2_ws/install/robot_python:/opt/ros/humble /usr/bin/cmake --install /home/yusuf/ros2_ws/build/turtlebot3_simulations
[0.856s] -- Install configuration: ""
[0.857s] -- Up-to-date: /home/yusuf/ros2_ws/install/turtlebot3_simulations/share/ament_index/resource_index/package_run_dependencies/turtlebot3_simulations
[0.858s] -- Up-to-date: /home/yusuf/ros2_ws/install/turtlebot3_simulations/share/ament_index/resource_index/parent_prefix_path/turtlebot3_simulations
[0.859s] -- Up-to-date: /home/yusuf/ros2_ws/install/turtlebot3_simulations/share/turtlebot3_simulations/environment/ament_prefix_path.sh
[0.860s] -- Up-to-date: /home/yusuf/ros2_ws/install/turtlebot3_simulations/share/turtlebot3_simulations/environment/ament_prefix_path.dsv
[0.864s] -- Up-to-date: /home/yusuf/ros2_ws/install/turtlebot3_simulations/share/turtlebot3_simulations/environment/path.sh
[0.864s] -- Up-to-date: /home/yusuf/ros2_ws/install/turtlebot3_simulations/share/turtlebot3_simulations/environment/path.dsv
[0.865s] -- Up-to-date: /home/yusuf/ros2_ws/install/turtlebot3_simulations/share/turtlebot3_simulations/local_setup.bash
[0.865s] -- Up-to-date: /home/yusuf/ros2_ws/install/turtlebot3_simulations/share/turtlebot3_simulations/local_setup.sh
[0.866s] -- Up-to-date: /home/yusuf/ros2_ws/install/turtlebot3_simulations/share/turtlebot3_simulations/local_setup.zsh
[0.866s] -- Up-to-date: /home/yusuf/ros2_ws/install/turtlebot3_simulations/share/turtlebot3_simulations/local_setup.dsv
[0.866s] -- Installing: /home/yusuf/ros2_ws/install/turtlebot3_simulations/share/turtlebot3_simulations/package.dsv
[0.867s] -- Up-to-date: /home/yusuf/ros2_ws/install/turtlebot3_simulations/share/ament_index/resource_index/packages/turtlebot3_simulations
[0.868s] -- Up-to-date: /home/yusuf/ros2_ws/install/turtlebot3_simulations/share/turtlebot3_simulations/cmake/turtlebot3_simulationsConfig.cmake
[0.868s] -- Up-to-date: /home/yusuf/ros2_ws/install/turtlebot3_simulations/share/turtlebot3_simulations/cmake/turtlebot3_simulationsConfig-version.cmake
[0.869s] -- Up-to-date: /home/yusuf/ros2_ws/install/turtlebot3_simulations/share/turtlebot3_simulations/package.xml
[0.873s] Invoked command in '/home/yusuf/ros2_ws/build/turtlebot3_simulations' returned '0': CMAKE_PREFIX_PATH=/home/yusuf/ros2_ws/install/turtlebot3_gazebo:/home/yusuf/ros2_ws/install/turtlebot3_fake_node:/home/yusuf/ros2_ws/install/turtlebot3_simulations:/home/yusuf/ros2_ws/install/robot_test:/home/yusuf/ros2_ws/install/robot_cpp:/home/yusuf/ros2_ws/install/robot_control:/home/yusuf/ros2_ws/install/navigation_:/home/yusuf/ros2_ws/install/my_cpp_py_pkg:/home/yusuf/ros2_ws/install/robot_python:/opt/ros/humble /usr/bin/cmake --install /home/yusuf/ros2_ws/build/turtlebot3_simulations
