[1.080s] Invoking command in '/home/yusuf/ros2_ws/build/navigation_': CMAKE_PREFIX_PATH=${CMAKE_PREFIX_PATH}:/home/yusuf/ros2_ws/install/robot_python:/opt/ros/humble /usr/bin/cmake --build /home/yusuf/ros2_ws/build/navigation_ -- -j8 -l8
[2.354s] -- Found ament_cmake: 1.3.6 (/opt/ros/humble/share/ament_cmake/cmake)
[2.354s] -- Found rclcpp: 16.0.7 (/opt/ros/humble/share/rclcpp/cmake)
[2.354s] -- Found rosidl_generator_c: 3.1.5 (/opt/ros/humble/share/rosidl_generator_c/cmake)
[2.354s] -- Found rosidl_adapter: 3.1.5 (/opt/ros/humble/share/rosidl_adapter/cmake)
[2.357s] -- Found rosidl_generator_cpp: 3.1.5 (/opt/ros/humble/share/rosidl_generator_cpp/cmake)
[2.358s] -- Using all available rosidl_typesupport_c: rosidl_typesupport_fastrtps_c;rosidl_typesupport_introspection_c
[2.358s] -- Using all available rosidl_typesupport_cpp: rosidl_typesupport_fastrtps_cpp;rosidl_typesupport_introspection_cpp
[2.358s] -- Found rmw_implementation_cmake: 6.1.1 (/opt/ros/humble/share/rmw_implementation_cmake/cmake)
[2.359s] -- Found rmw_fastrtps_cpp: 6.2.5 (/opt/ros/humble/share/rmw_fastrtps_cpp/cmake)
[2.951s] -- Using RMW implementation 'rmw_fastrtps_cpp' as default
[3.818s] -- Found rclpy: 3.3.11 (/opt/ros/humble/share/rclpy/cmake)
[3.820s] -- Found nav2_msgs: 1.1.12 (/opt/ros/humble/share/nav2_msgs/cmake)
[6.032s] -- Found ament_lint_auto: 0.12.9 (/opt/ros/humble/share/ament_lint_auto/cmake)
[6.277s] -- Added test 'flake8' to check Python code syntax and style conventions
[6.281s] -- Added test 'lint_cmake' to check CMake code style
[6.281s] -- Added test 'pep257' to check Python code against some of the docstring style conventions in PEP 257
[6.285s] -- Added test 'xmllint' to check XML markup files
[6.288s] -- Configuring done
[6.301s] [31mCMake Error at CMakeLists.txt:20 (add_executable):
[6.302s]   Cannot find source file:
[6.302s] 
[6.302s]     src/cpp_node.cpp
[6.303s] 
[6.304s]   Tried extensions .c .C .c++ .cc .cpp .cxx .cu .mpp .m .M .mm .ixx .cppm .h
[6.304s]   .hh .h++ .hm .hpp .hxx .in .txx .f .F .for .f77 .f90 .f95 .f03 .hip .ispc
[6.305s] 
[6.305s] [0m
[6.305s] [31mCMake Error at CMakeLists.txt:20 (add_executable):
[6.306s]   No SOURCES given to target: cpp_exe
[6.306s] 
[6.307s] [0m
[6.307s] [0mCMake Generate step failed.  Build files cannot be regenerated correctly.[0m
[6.331s] gmake: *** [Makefile:226: cmake_check_build_system] Error 1
[6.456s] Invoked command in '/home/yusuf/ros2_ws/build/navigation_' returned '2': CMAKE_PREFIX_PATH=${CMAKE_PREFIX_PATH}:/home/yusuf/ros2_ws/install/robot_python:/opt/ros/humble /usr/bin/cmake --build /home/yusuf/ros2_ws/build/navigation_ -- -j8 -l8
