[0.644s] Invoking command in '/home/yusuf/ros2_ws/src/build/turtlebot3_description': CMAKE_PREFIX_PATH=${CMAKE_PREFIX_PATH}:/home/yusuf/ros2_ws/install/turtlebot3_teleop:/home/yusuf/ros2_ws/install/turtlebot3_example:/home/yusuf/ros2_ws/install/robot_python:/opt/ros/humble /usr/bin/cmake /home/yusuf/ros2_ws/src/turtlebot3/turtlebot3_description -DCMAKE_INSTALL_PREFIX=/home/yusuf/ros2_ws/src/install/turtlebot3_description
[1.227s] -- The C compiler identification is GNU 11.4.0
[1.228s] -- The CXX compiler identification is GNU 11.4.0
[1.228s] -- Detecting C compiler ABI info
[1.228s] -- Detecting C compiler ABI info - done
[1.228s] -- Check for working C compiler: /usr/bin/cc - skipped
[1.229s] -- Detecting C compile features
[1.229s] -- Detecting C compile features - done
[1.229s] -- Detecting CXX compiler ABI info
[1.229s] -- Detecting CXX compiler ABI info - done
[1.229s] -- Check for working CXX compiler: /usr/bin/c++ - skipped
[1.230s] -- Detecting CXX compile features
[1.231s] -- Detecting CXX compile features - done
[1.231s] -- Found ament_cmake: 1.3.6 (/opt/ros/humble/share/ament_cmake/cmake)
[1.525s] -- Found Python3: /usr/bin/python3.10 (found version "3.10.12") found components: Interpreter 
[1.806s] -- Found urdf: 2.6.0 (/opt/ros/humble/share/urdf/cmake)
[2.202s] -- Configuring done
[2.212s] -- Generating done
[2.223s] -- Build files have been written to: /home/yusuf/ros2_ws/src/build/turtlebot3_description
[2.248s] Invoked command in '/home/yusuf/ros2_ws/src/build/turtlebot3_description' returned '0': CMAKE_PREFIX_PATH=${CMAKE_PREFIX_PATH}:/home/yusuf/ros2_ws/install/turtlebot3_teleop:/home/yusuf/ros2_ws/install/turtlebot3_example:/home/yusuf/ros2_ws/install/robot_python:/opt/ros/humble /usr/bin/cmake /home/yusuf/ros2_ws/src/turtlebot3/turtlebot3_description -DCMAKE_INSTALL_PREFIX=/home/yusuf/ros2_ws/src/install/turtlebot3_description
[2.249s] Invoking command in '/home/yusuf/ros2_ws/src/build/turtlebot3_description': CMAKE_PREFIX_PATH=${CMAKE_PREFIX_PATH}:/home/yusuf/ros2_ws/install/turtlebot3_teleop:/home/yusuf/ros2_ws/install/turtlebot3_example:/home/yusuf/ros2_ws/install/robot_python:/opt/ros/humble /usr/bin/cmake --build /home/yusuf/ros2_ws/src/build/turtlebot3_description -- -j8 -l8
[2.431s] Invoked command in '/home/yusuf/ros2_ws/src/build/turtlebot3_description' returned '0': CMAKE_PREFIX_PATH=${CMAKE_PREFIX_PATH}:/home/yusuf/ros2_ws/install/turtlebot3_teleop:/home/yusuf/ros2_ws/install/turtlebot3_example:/home/yusuf/ros2_ws/install/robot_python:/opt/ros/humble /usr/bin/cmake --build /home/yusuf/ros2_ws/src/build/turtlebot3_description -- -j8 -l8
[2.475s] Invoking command in '/home/yusuf/ros2_ws/src/build/turtlebot3_description': CMAKE_PREFIX_PATH=${CMAKE_PREFIX_PATH}:/home/yusuf/ros2_ws/install/turtlebot3_teleop:/home/yusuf/ros2_ws/install/turtlebot3_example:/home/yusuf/ros2_ws/install/robot_python:/opt/ros/humble /usr/bin/cmake --install /home/yusuf/ros2_ws/src/build/turtlebot3_description
[2.489s] -- Install configuration: ""
[2.490s] -- Installing: /home/yusuf/ros2_ws/src/install/turtlebot3_description/share/turtlebot3_description/meshes
[2.490s] -- Installing: /home/yusuf/ros2_ws/src/install/turtlebot3_description/share/turtlebot3_description/meshes/bases
[2.490s] -- Installing: /home/yusuf/ros2_ws/src/install/turtlebot3_description/share/turtlebot3_description/meshes/bases/burger_base.stl
[2.520s] -- Installing: /home/yusuf/ros2_ws/src/install/turtlebot3_description/share/turtlebot3_description/meshes/bases/waffle_base.stl
[2.539s] -- Installing: /home/yusuf/ros2_ws/src/install/turtlebot3_description/share/turtlebot3_description/meshes/bases/waffle_pi_base.stl
[2.562s] -- Installing: /home/yusuf/ros2_ws/src/install/turtlebot3_description/share/turtlebot3_description/meshes/wheels
[2.564s] -- Installing: /home/yusuf/ros2_ws/src/install/turtlebot3_description/share/turtlebot3_description/meshes/wheels/right_tire.stl
[2.569s] -- Installing: /home/yusuf/ros2_ws/src/install/turtlebot3_description/share/turtlebot3_description/meshes/wheels/left_tire.stl
[2.571s] -- Installing: /home/yusuf/ros2_ws/src/install/turtlebot3_description/share/turtlebot3_description/meshes/sensors
[2.572s] -- Installing: /home/yusuf/ros2_ws/src/install/turtlebot3_description/share/turtlebot3_description/meshes/sensors/r200.dae
[2.575s] -- Installing: /home/yusuf/ros2_ws/src/install/turtlebot3_description/share/turtlebot3_description/meshes/sensors/astra.jpg
[2.575s] -- Installing: /home/yusuf/ros2_ws/src/install/turtlebot3_description/share/turtlebot3_description/meshes/sensors/r200.jpg
[2.575s] -- Installing: /home/yusuf/ros2_ws/src/install/turtlebot3_description/share/turtlebot3_description/meshes/sensors/astra.dae
[2.616s] -- Installing: /home/yusuf/ros2_ws/src/install/turtlebot3_description/share/turtlebot3_description/meshes/sensors/lds.stl
[2.618s] -- Installing: /home/yusuf/ros2_ws/src/install/turtlebot3_description/share/turtlebot3_description/rviz
[2.618s] -- Installing: /home/yusuf/ros2_ws/src/install/turtlebot3_description/share/turtlebot3_description/rviz/model.rviz
[2.618s] -- Installing: /home/yusuf/ros2_ws/src/install/turtlebot3_description/share/turtlebot3_description/urdf
[2.619s] -- Installing: /home/yusuf/ros2_ws/src/install/turtlebot3_description/share/turtlebot3_description/urdf/turtlebot3_burger.urdf
[2.619s] -- Installing: /home/yusuf/ros2_ws/src/install/turtlebot3_description/share/turtlebot3_description/urdf/turtlebot3_waffle.urdf
[2.619s] -- Installing: /home/yusuf/ros2_ws/src/install/turtlebot3_description/share/turtlebot3_description/urdf/turtlebot3_waffle_pi.urdf
[2.620s] -- Installing: /home/yusuf/ros2_ws/src/install/turtlebot3_description/share/turtlebot3_description/urdf/common_properties.urdf
[2.620s] -- Installing: /home/yusuf/ros2_ws/src/install/turtlebot3_description/share/ament_index/resource_index/package_run_dependencies/turtlebot3_description
[2.621s] -- Installing: /home/yusuf/ros2_ws/src/install/turtlebot3_description/share/ament_index/resource_index/parent_prefix_path/turtlebot3_description
[2.621s] -- Installing: /home/yusuf/ros2_ws/src/install/turtlebot3_description/share/turtlebot3_description/environment/ament_prefix_path.sh
[2.621s] -- Installing: /home/yusuf/ros2_ws/src/install/turtlebot3_description/share/turtlebot3_description/environment/ament_prefix_path.dsv
[2.622s] -- Installing: /home/yusuf/ros2_ws/src/install/turtlebot3_description/share/turtlebot3_description/environment/path.sh
[2.622s] -- Installing: /home/yusuf/ros2_ws/src/install/turtlebot3_description/share/turtlebot3_description/environment/path.dsv
[2.622s] -- Installing: /home/yusuf/ros2_ws/src/install/turtlebot3_description/share/turtlebot3_description/local_setup.bash
[2.622s] -- Installing: /home/yusuf/ros2_ws/src/install/turtlebot3_description/share/turtlebot3_description/local_setup.sh
[2.623s] -- Installing: /home/yusuf/ros2_ws/src/install/turtlebot3_description/share/turtlebot3_description/local_setup.zsh
[2.623s] -- Installing: /home/yusuf/ros2_ws/src/install/turtlebot3_description/share/turtlebot3_description/local_setup.dsv
[2.623s] -- Installing: /home/yusuf/ros2_ws/src/install/turtlebot3_description/share/turtlebot3_description/package.dsv
[2.623s] -- Installing: /home/yusuf/ros2_ws/src/install/turtlebot3_description/share/ament_index/resource_index/packages/turtlebot3_description
[2.624s] -- Installing: /home/yusuf/ros2_ws/src/install/turtlebot3_description/share/turtlebot3_description/cmake/turtlebot3_descriptionConfig.cmake
[2.624s] -- Installing: /home/yusuf/ros2_ws/src/install/turtlebot3_description/share/turtlebot3_description/cmake/turtlebot3_descriptionConfig-version.cmake
[2.624s] -- Installing: /home/yusuf/ros2_ws/src/install/turtlebot3_description/share/turtlebot3_description/package.xml
[2.840s] Invoked command in '/home/yusuf/ros2_ws/src/build/turtlebot3_description' returned '0': CMAKE_PREFIX_PATH=${CMAKE_PREFIX_PATH}:/home/yusuf/ros2_ws/install/turtlebot3_teleop:/home/yusuf/ros2_ws/install/turtlebot3_example:/home/yusuf/ros2_ws/install/robot_python:/opt/ros/humble /usr/bin/cmake --install /home/yusuf/ros2_ws/src/build/turtlebot3_description
