[7.961s] Invoking command in '/home/yusuf/ros2_ws/src/robot_python': PYTHONPATH=/home/yusuf/ros2_ws/build/robot_python/prefix_override:/home/yusuf/ros2_ws/install/robot_python/lib/python3.10/site-packages:${PYTHONPATH} /usr/bin/python3 setup.py egg_info --egg-base ../../build/robot_python build --build-base /home/yusuf/ros2_ws/build/robot_python/build install --record /home/yusuf/ros2_ws/build/robot_python/install.log --single-version-externally-managed
[9.749s] running egg_info
[9.773s] writing ../../build/robot_python/robot_python.egg-info/PKG-INFO
[9.774s] writing dependency_links to ../../build/robot_python/robot_python.egg-info/dependency_links.txt
[9.776s] writing entry points to ../../build/robot_python/robot_python.egg-info/entry_points.txt
[9.777s] writing requirements to ../../build/robot_python/robot_python.egg-info/requires.txt
[9.777s] writing top-level names to ../../build/robot_python/robot_python.egg-info/top_level.txt
[9.785s] reading manifest file '../../build/robot_python/robot_python.egg-info/SOURCES.txt'
[9.789s] writing manifest file '../../build/robot_python/robot_python.egg-info/SOURCES.txt'
[9.789s] running build
[9.790s] running build_py
[9.794s] /usr/lib/python3/dist-packages/setuptools/command/install.py:34: SetuptoolsDeprecationWarning: setup.py install is deprecated. Use build and pip and other standards-based tools.
[9.795s]   warnings.warn(
[9.795s] running install
[9.796s] running install_lib
[9.798s] running install_data
[9.800s] running install_egg_info
[9.807s] removing '/home/yusuf/ros2_ws/install/robot_python/lib/python3.10/site-packages/robot_python-0.0.0-py3.10.egg-info' (and everything under it)
[9.808s] Copying ../../build/robot_python/robot_python.egg-info to /home/yusuf/ros2_ws/install/robot_python/lib/python3.10/site-packages/robot_python-0.0.0-py3.10.egg-info
[9.813s] running install_scripts
[9.897s] Installing my_publisher script to /home/yusuf/ros2_ws/install/robot_python/lib/robot_python
[9.905s] Installing my_service script to /home/yusuf/ros2_ws/install/robot_python/lib/robot_python
[9.905s] Installing my_subscriber script to /home/yusuf/ros2_ws/install/robot_python/lib/robot_python
[9.905s] Installing my_subtest script to /home/yusuf/ros2_ws/install/robot_python/lib/robot_python
[9.906s] Installing test_node script to /home/yusuf/ros2_ws/install/robot_python/lib/robot_python
[9.906s] Installing turtlesim_go script to /home/yusuf/ros2_ws/install/robot_python/lib/robot_python
[9.907s] writing list of installed files to '/home/yusuf/ros2_ws/build/robot_python/install.log'
[10.012s] Invoked command in '/home/yusuf/ros2_ws/src/robot_python' returned '0': PYTHONPATH=/home/yusuf/ros2_ws/build/robot_python/prefix_override:/home/yusuf/ros2_ws/install/robot_python/lib/python3.10/site-packages:${PYTHONPATH} /usr/bin/python3 setup.py egg_info --egg-base ../../build/robot_python build --build-base /home/yusuf/ros2_ws/build/robot_python/build install --record /home/yusuf/ros2_ws/build/robot_python/install.log --single-version-externally-managed
