[2.210s] Invoking command in '/home/yusuf/ros2_ws/src/turtlebot3/turtlebot3_teleop': PYTHONPATH=/home/yusuf/ros2_ws/build/turtlebot3_teleop/prefix_override:/home/yusuf/ros2_ws/install/turtlebot3_teleop/lib/python3.10/site-packages:${PYTHONPATH} /usr/bin/python3 setup.py egg_info --egg-base ../../../build/turtlebot3_teleop build --build-base /home/yusuf/ros2_ws/build/turtlebot3_teleop/build install --record /home/yusuf/ros2_ws/build/turtlebot3_teleop/install.log --single-version-externally-managed
[2.716s] running egg_info
[2.717s] writing ../../../build/turtlebot3_teleop/turtlebot3_teleop.egg-info/PKG-INFO
[2.717s] writing dependency_links to ../../../build/turtlebot3_teleop/turtlebot3_teleop.egg-info/dependency_links.txt
[2.718s] writing entry points to ../../../build/turtlebot3_teleop/turtlebot3_teleop.egg-info/entry_points.txt
[2.718s] writing requirements to ../../../build/turtlebot3_teleop/turtlebot3_teleop.egg-info/requires.txt
[2.718s] writing top-level names to ../../../build/turtlebot3_teleop/turtlebot3_teleop.egg-info/top_level.txt
[2.722s] reading manifest file '../../../build/turtlebot3_teleop/turtlebot3_teleop.egg-info/SOURCES.txt'
[2.726s] writing manifest file '../../../build/turtlebot3_teleop/turtlebot3_teleop.egg-info/SOURCES.txt'
[2.727s] running build
[2.727s] running build_py
[2.728s] running install
[2.728s] /usr/lib/python3/dist-packages/setuptools/command/install.py:34: SetuptoolsDeprecationWarning: setup.py install is deprecated. Use build and pip and other standards-based tools.
[2.728s]   warnings.warn(
[2.730s] running install_lib
[2.733s] running install_data
[2.734s] running install_egg_info
[2.738s] removing '/home/yusuf/ros2_ws/install/turtlebot3_teleop/lib/python3.10/site-packages/turtlebot3_teleop-2.1.5-py3.10.egg-info' (and everything under it)
[2.738s] Copying ../../../build/turtlebot3_teleop/turtlebot3_teleop.egg-info to /home/yusuf/ros2_ws/install/turtlebot3_teleop/lib/python3.10/site-packages/turtlebot3_teleop-2.1.5-py3.10.egg-info
[2.740s] running install_scripts
[2.788s] Installing teleop_keyboard script to /home/yusuf/ros2_ws/install/turtlebot3_teleop/lib/turtlebot3_teleop
[2.789s] writing list of installed files to '/home/yusuf/ros2_ws/build/turtlebot3_teleop/install.log'
[3.145s] Invoked command in '/home/yusuf/ros2_ws/src/turtlebot3/turtlebot3_teleop' returned '0': PYTHONPATH=/home/yusuf/ros2_ws/build/turtlebot3_teleop/prefix_override:/home/yusuf/ros2_ws/install/turtlebot3_teleop/lib/python3.10/site-packages:${PYTHONPATH} /usr/bin/python3 setup.py egg_info --egg-base ../../../build/turtlebot3_teleop build --build-base /home/yusuf/ros2_ws/build/turtlebot3_teleop/build install --record /home/yusuf/ros2_ws/build/turtlebot3_teleop/install.log --single-version-externally-managed
