-- The C compiler identification is GNU 11.4.0
-- The CXX compiler identification is GNU 11.4.0
-- Detecting C compiler ABI info
-- Detecting C compiler ABI info - done
-- Check for working C compiler: /usr/bin/cc - skipped
-- Detecting C compile features
-- Detecting C compile features - done
-- Detecting CXX compiler ABI info
-- Detecting CXX compiler ABI info - done
-- Check for working CXX compiler: /usr/bin/c++ - skipped
-- Detecting CXX compile features
-- Detecting CXX compile features - done
-- Configuring done
-- Generating done
-- Build files have been written to: /home/yusuf/ros2_ws/build/LineFollower
[ 20%] [32mBuilding CXX object CMakeFiles/LFH.dir/LF_main.cpp.o[0m
[ 40%] [32mBuilding CXX object CMakeFiles/LFH.dir/linefollowing.cpp.o[0m
[ 60%] [32m[1mLinking CXX executable LFH[0m
[ 60%] Built target LFH
[ 80%] [32mBuilding CXX object CMakeFiles/PRL.dir/pointer_robot_location.cpp.o[0m
