[0.374s] Invoking command in '/home/yusuf/ros2_ws/build/turtlebot3_cartographer': CMAKE_PREFIX_PATH=/opt/ros/humble /usr/bin/cmake --build /home/yusuf/ros2_ws/build/turtlebot3_cartographer -- -j8 -l8
[1.106s] Invoked command in '/home/yusuf/ros2_ws/build/turtlebot3_cartographer' returned '0': CMAKE_PREFIX_PATH=/opt/ros/humble /usr/bin/cmake --build /home/yusuf/ros2_ws/build/turtlebot3_cartographer -- -j8 -l8
[1.164s] Invoking command in '/home/yusuf/ros2_ws/build/turtlebot3_cartographer': CMAKE_PREFIX_PATH=/opt/ros/humble /usr/bin/cmake --install /home/yusuf/ros2_ws/build/turtlebot3_cartographer
[1.184s] -- Install configuration: ""
[1.185s] -- Up-to-date: /home/yusuf/ros2_ws/install/turtlebot3_cartographer/share/turtlebot3_cartographer/config
[1.185s] -- Up-to-date: /home/yusuf/ros2_ws/install/turtlebot3_cartographer/share/turtlebot3_cartographer/config/turtlebot3_lds_2d.lua
[1.185s] -- Up-to-date: /home/yusuf/ros2_ws/install/turtlebot3_cartographer/share/turtlebot3_cartographer/launch
[1.185s] -- Up-to-date: /home/yusuf/ros2_ws/install/turtlebot3_cartographer/share/turtlebot3_cartographer/launch/cartographer.launch.py
[1.186s] -- Up-to-date: /home/yusuf/ros2_ws/install/turtlebot3_cartographer/share/turtlebot3_cartographer/launch/occupancy_grid.launch.py
[1.186s] -- Up-to-date: /home/yusuf/ros2_ws/install/turtlebot3_cartographer/share/turtlebot3_cartographer/rviz
[1.187s] -- Up-to-date: /home/yusuf/ros2_ws/install/turtlebot3_cartographer/share/turtlebot3_cartographer/rviz/tb3_cartographer.rviz
[1.188s] -- Up-to-date: /home/yusuf/ros2_ws/install/turtlebot3_cartographer/share/ament_index/resource_index/package_run_dependencies/turtlebot3_cartographer
[1.189s] -- Up-to-date: /home/yusuf/ros2_ws/install/turtlebot3_cartographer/share/ament_index/resource_index/parent_prefix_path/turtlebot3_cartographer
[1.189s] -- Up-to-date: /home/yusuf/ros2_ws/install/turtlebot3_cartographer/share/turtlebot3_cartographer/environment/ament_prefix_path.sh
[1.189s] -- Up-to-date: /home/yusuf/ros2_ws/install/turtlebot3_cartographer/share/turtlebot3_cartographer/environment/ament_prefix_path.dsv
[1.189s] -- Up-to-date: /home/yusuf/ros2_ws/install/turtlebot3_cartographer/share/turtlebot3_cartographer/environment/path.sh
[1.194s] -- Up-to-date: /home/yusuf/ros2_ws/install/turtlebot3_cartographer/share/turtlebot3_cartographer/environment/path.dsv
[1.195s] -- Up-to-date: /home/yusuf/ros2_ws/install/turtlebot3_cartographer/share/turtlebot3_cartographer/local_setup.bash
[1.195s] -- Up-to-date: /home/yusuf/ros2_ws/install/turtlebot3_cartographer/share/turtlebot3_cartographer/local_setup.sh
[1.196s] -- Up-to-date: /home/yusuf/ros2_ws/install/turtlebot3_cartographer/share/turtlebot3_cartographer/local_setup.zsh
[1.198s] -- Up-to-date: /home/yusuf/ros2_ws/install/turtlebot3_cartographer/share/turtlebot3_cartographer/local_setup.dsv
[1.198s] -- Installing: /home/yusuf/ros2_ws/install/turtlebot3_cartographer/share/turtlebot3_cartographer/package.dsv
[1.207s] -- Up-to-date: /home/yusuf/ros2_ws/install/turtlebot3_cartographer/share/ament_index/resource_index/packages/turtlebot3_cartographer
[1.208s] -- Up-to-date: /home/yusuf/ros2_ws/install/turtlebot3_cartographer/share/turtlebot3_cartographer/cmake/turtlebot3_cartographerConfig.cmake
[1.208s] -- Up-to-date: /home/yusuf/ros2_ws/install/turtlebot3_cartographer/share/turtlebot3_cartographer/cmake/turtlebot3_cartographerConfig-version.cmake
[1.208s] -- Up-to-date: /home/yusuf/ros2_ws/install/turtlebot3_cartographer/share/turtlebot3_cartographer/package.xml
[1.227s] Invoked command in '/home/yusuf/ros2_ws/build/turtlebot3_cartographer' returned '0': CMAKE_PREFIX_PATH=/opt/ros/humble /usr/bin/cmake --install /home/yusuf/ros2_ws/build/turtlebot3_cartographer
