[4.957s] Invoking command in '/home/yusuf/ros2_ws/src/robot_python': PYTHONPATH=/home/yusuf/ros2_ws/build/robot_python/prefix_override:/home/yusuf/ros2_ws/install/robot_python/lib/python3.10/site-packages:${PYTHONPATH} /usr/bin/python3 setup.py egg_info --egg-base ../../build/robot_python build --build-base /home/yusuf/ros2_ws/build/robot_python/build install --record /home/yusuf/ros2_ws/build/robot_python/install.log --single-version-externally-managed
[5.957s] running egg_info
[5.958s] writing ../../build/robot_python/robot_python.egg-info/PKG-INFO
[5.959s] writing dependency_links to ../../build/robot_python/robot_python.egg-info/dependency_links.txt
[5.960s] writing entry points to ../../build/robot_python/robot_python.egg-info/entry_points.txt
[5.961s] writing requirements to ../../build/robot_python/robot_python.egg-info/requires.txt
[5.962s] writing top-level names to ../../build/robot_python/robot_python.egg-info/top_level.txt
[5.972s] reading manifest file '../../build/robot_python/robot_python.egg-info/SOURCES.txt'
[5.974s] writing manifest file '../../build/robot_python/robot_python.egg-info/SOURCES.txt'
[5.974s] running build
[5.975s] running build_py
[5.977s] running install
[5.978s] /usr/lib/python3/dist-packages/setuptools/command/install.py:34: SetuptoolsDeprecationWarning: setup.py install is deprecated. Use build and pip and other standards-based tools.
[5.978s]   warnings.warn(
[5.979s] running install_lib
[5.984s] running install_data
[5.986s] running install_egg_info
[5.994s] removing '/home/yusuf/ros2_ws/install/robot_python/lib/python3.10/site-packages/robot_python-0.0.0-py3.10.egg-info' (and everything under it)
[5.995s] Copying ../../build/robot_python/robot_python.egg-info to /home/yusuf/ros2_ws/install/robot_python/lib/python3.10/site-packages/robot_python-0.0.0-py3.10.egg-info
[6.002s] running install_scripts
[6.088s] Installing my_publisher script to /home/yusuf/ros2_ws/install/robot_python/lib/robot_python
[6.089s] Installing my_service script to /home/yusuf/ros2_ws/install/robot_python/lib/robot_python
[6.089s] Installing my_subscriber script to /home/yusuf/ros2_ws/install/robot_python/lib/robot_python
[6.090s] Installing my_subtest script to /home/yusuf/ros2_ws/install/robot_python/lib/robot_python
[6.090s] Installing test_node script to /home/yusuf/ros2_ws/install/robot_python/lib/robot_python
[6.095s] Installing turtlesim_go script to /home/yusuf/ros2_ws/install/robot_python/lib/robot_python
[6.095s] writing list of installed files to '/home/yusuf/ros2_ws/build/robot_python/install.log'
[6.369s] Invoked command in '/home/yusuf/ros2_ws/src/robot_python' returned '0': PYTHONPATH=/home/yusuf/ros2_ws/build/robot_python/prefix_override:/home/yusuf/ros2_ws/install/robot_python/lib/python3.10/site-packages:${PYTHONPATH} /usr/bin/python3 setup.py egg_info --egg-base ../../build/robot_python build --build-base /home/yusuf/ros2_ws/build/robot_python/build install --record /home/yusuf/ros2_ws/build/robot_python/install.log --single-version-externally-managed
