[8.148s] Invoking command in '/home/yusuf/ros2_ws/src/robot_python': PYTHONPATH=/home/yusuf/ros2_ws/build/robot_python/prefix_override:/home/yusuf/ros2_ws/install/robot_python/lib/python3.10/site-packages:${PYTHONPATH} /usr/bin/python3 setup.py egg_info --egg-base ../../build/robot_python build --build-base /home/yusuf/ros2_ws/build/robot_python/build install --record /home/yusuf/ros2_ws/build/robot_python/install.log --single-version-externally-managed
[10.001s] running egg_info
[10.016s] writing ../../build/robot_python/robot_python.egg-info/PKG-INFO
[10.017s] writing dependency_links to ../../build/robot_python/robot_python.egg-info/dependency_links.txt
[10.017s] writing entry points to ../../build/robot_python/robot_python.egg-info/entry_points.txt
[10.018s] writing requirements to ../../build/robot_python/robot_python.egg-info/requires.txt
[10.026s] writing top-level names to ../../build/robot_python/robot_python.egg-info/top_level.txt
[10.026s] reading manifest file '../../build/robot_python/robot_python.egg-info/SOURCES.txt'
[10.029s] writing manifest file '../../build/robot_python/robot_python.egg-info/SOURCES.txt'
[10.030s] running build
[10.030s] running build_py
[10.034s] running install
[10.039s] /usr/lib/python3/dist-packages/setuptools/command/install.py:34: SetuptoolsDeprecationWarning: setup.py install is deprecated. Use build and pip and other standards-based tools.
[10.040s]   warnings.warn(
[10.040s] running install_lib
[10.049s] running install_data
[10.050s] running install_egg_info
[10.062s] removing '/home/yusuf/ros2_ws/install/robot_python/lib/python3.10/site-packages/robot_python-0.0.0-py3.10.egg-info' (and everything under it)
[10.075s] Copying ../../build/robot_python/robot_python.egg-info to /home/yusuf/ros2_ws/install/robot_python/lib/python3.10/site-packages/robot_python-0.0.0-py3.10.egg-info
[10.079s] running install_scripts
[10.246s] Installing my_publisher script to /home/yusuf/ros2_ws/install/robot_python/lib/robot_python
[10.255s] Installing my_service script to /home/yusuf/ros2_ws/install/robot_python/lib/robot_python
[10.255s] Installing my_subscriber script to /home/yusuf/ros2_ws/install/robot_python/lib/robot_python
[10.261s] Installing my_subtest script to /home/yusuf/ros2_ws/install/robot_python/lib/robot_python
[10.261s] Installing test_node script to /home/yusuf/ros2_ws/install/robot_python/lib/robot_python
[10.265s] Installing turtlesim_go script to /home/yusuf/ros2_ws/install/robot_python/lib/robot_python
[10.266s] writing list of installed files to '/home/yusuf/ros2_ws/build/robot_python/install.log'
[11.133s] Invoked command in '/home/yusuf/ros2_ws/src/robot_python' returned '0': PYTHONPATH=/home/yusuf/ros2_ws/build/robot_python/prefix_override:/home/yusuf/ros2_ws/install/robot_python/lib/python3.10/site-packages:${PYTHONPATH} /usr/bin/python3 setup.py egg_info --egg-base ../../build/robot_python build --build-base /home/yusuf/ros2_ws/build/robot_python/build install --record /home/yusuf/ros2_ws/build/robot_python/install.log --single-version-externally-managed
