[1.209s] DEBUG:colcon:Command line arguments: ['/usr/bin/colcon', 'build']
[1.209s] DEBUG:colcon:Parsed command line arguments: Namespace(log_base=None, log_level=None, verb_name='build', build_base='build', install_base='install', merge_install=False, symlink_install=False, test_result_base=None, continue_on_error=False, executor='parallel', parallel_workers=8, event_handlers=None, ignore_user_meta=False, metas=['./colcon.meta'], base_paths=['.'], packages_ignore=None, packages_ignore_regex=None, paths=None, packages_up_to=None, packages_up_to_regex=None, packages_above=None, packages_above_and_dependencies=None, packages_above_depth=None, packages_select_by_dep=None, packages_skip_by_dep=None, packages_skip_up_to=None, packages_select_build_failed=False, packages_skip_build_finished=False, packages_select_test_failures=False, packages_skip_test_passed=False, packages_select=None, packages_skip=None, packages_select_regex=None, packages_skip_regex=None, packages_start=None, packages_end=None, allow_overriding=[], cmake_args=None, cmake_target=None, cmake_target_skip_unavailable=False, cmake_clean_cache=False, cmake_clean_first=False, cmake_force_configure=False, ament_cmake_args=None, catkin_cmake_args=None, catkin_skip_building_tests=False, verb_parser=<colcon_defaults.argument_parser.defaults.DefaultArgumentsDecorator object at 0x7f7426cbb640>, verb_extension=<colcon_core.verb.build.BuildVerb object at 0x7f74270cf970>, main=<bound method BuildVerb.main of <colcon_core.verb.build.BuildVerb object at 0x7f74270cf970>>)
[1.266s] Level 1:colcon.colcon_core.package_discovery:discover_packages(colcon_meta) check parameters
[1.266s] Level 1:colcon.colcon_core.package_discovery:discover_packages(recursive) check parameters
[1.266s] Level 1:colcon.colcon_core.package_discovery:discover_packages(ignore) check parameters
[1.266s] Level 1:colcon.colcon_core.package_discovery:discover_packages(path) check parameters
[1.266s] Level 1:colcon.colcon_core.package_discovery:discover_packages(colcon_meta) discover
[1.266s] Level 1:colcon.colcon_core.package_discovery:discover_packages(recursive) discover
[1.266s] INFO:colcon.colcon_core.package_discovery:Crawling recursively for packages in '/home/yusuf/ros2_ws'
[1.266s] Level 1:colcon.colcon_core.package_identification:_identify(.) by extensions ['ignore', 'ignore_ament_install']
[1.267s] Level 1:colcon.colcon_core.package_identification:_identify(.) by extension 'ignore'
[1.267s] Level 1:colcon.colcon_core.package_identification:_identify(.) by extension 'ignore_ament_install'
[1.267s] Level 1:colcon.colcon_core.package_identification:_identify(.) by extensions ['colcon_pkg']
[1.267s] Level 1:colcon.colcon_core.package_identification:_identify(.) by extension 'colcon_pkg'
[1.267s] Level 1:colcon.colcon_core.package_identification:_identify(.) by extensions ['colcon_meta']
[1.267s] Level 1:colcon.colcon_core.package_identification:_identify(.) by extension 'colcon_meta'
[1.267s] Level 1:colcon.colcon_core.package_identification:_identify(.) by extensions ['ros']
[1.267s] Level 1:colcon.colcon_core.package_identification:_identify(.) by extension 'ros'
[1.282s] Level 1:colcon.colcon_core.package_identification:_identify(.) by extensions ['cmake', 'python']
[1.282s] Level 1:colcon.colcon_core.package_identification:_identify(.) by extension 'cmake'
[1.282s] Level 1:colcon.colcon_core.package_identification:_identify(.) by extension 'python'
[1.282s] Level 1:colcon.colcon_core.package_identification:_identify(.) by extensions ['python_setup_py']
[1.282s] Level 1:colcon.colcon_core.package_identification:_identify(.) by extension 'python_setup_py'
[1.282s] Level 1:colcon.colcon_core.package_identification:_identify(build) by extensions ['ignore', 'ignore_ament_install']
[1.282s] Level 1:colcon.colcon_core.package_identification:_identify(build) by extension 'ignore'
[1.282s] Level 1:colcon.colcon_core.package_identification:_identify(build) ignored
[1.282s] Level 1:colcon.colcon_core.package_identification:_identify(install) by extensions ['ignore', 'ignore_ament_install']
[1.283s] Level 1:colcon.colcon_core.package_identification:_identify(install) by extension 'ignore'
[1.283s] Level 1:colcon.colcon_core.package_identification:_identify(install) ignored
[1.283s] Level 1:colcon.colcon_core.package_identification:_identify(log) by extensions ['ignore', 'ignore_ament_install']
[1.283s] Level 1:colcon.colcon_core.package_identification:_identify(log) by extension 'ignore'
[1.283s] Level 1:colcon.colcon_core.package_identification:_identify(log) ignored
[1.283s] Level 1:colcon.colcon_core.package_identification:_identify(src) by extensions ['ignore', 'ignore_ament_install']
[1.283s] Level 1:colcon.colcon_core.package_identification:_identify(src) by extension 'ignore'
[1.283s] Level 1:colcon.colcon_core.package_identification:_identify(src) by extension 'ignore_ament_install'
[1.283s] Level 1:colcon.colcon_core.package_identification:_identify(src) by extensions ['colcon_pkg']
[1.283s] Level 1:colcon.colcon_core.package_identification:_identify(src) by extension 'colcon_pkg'
[1.283s] Level 1:colcon.colcon_core.package_identification:_identify(src) by extensions ['colcon_meta']
[1.283s] Level 1:colcon.colcon_core.package_identification:_identify(src) by extension 'colcon_meta'
[1.283s] Level 1:colcon.colcon_core.package_identification:_identify(src) by extensions ['ros']
[1.283s] Level 1:colcon.colcon_core.package_identification:_identify(src) by extension 'ros'
[1.284s] Level 1:colcon.colcon_core.package_identification:_identify(src) by extensions ['cmake', 'python']
[1.284s] Level 1:colcon.colcon_core.package_identification:_identify(src) by extension 'cmake'
[1.284s] Level 1:colcon.colcon_core.package_identification:_identify(src) by extension 'python'
[1.284s] Level 1:colcon.colcon_core.package_identification:_identify(src) by extensions ['python_setup_py']
[1.284s] Level 1:colcon.colcon_core.package_identification:_identify(src) by extension 'python_setup_py'
[1.284s] Level 1:colcon.colcon_core.package_identification:_identify(src/my_cpp_py_pkg) by extensions ['ignore', 'ignore_ament_install']
[1.284s] Level 1:colcon.colcon_core.package_identification:_identify(src/my_cpp_py_pkg) by extension 'ignore'
[1.284s] Level 1:colcon.colcon_core.package_identification:_identify(src/my_cpp_py_pkg) by extension 'ignore_ament_install'
[1.284s] Level 1:colcon.colcon_core.package_identification:_identify(src/my_cpp_py_pkg) by extensions ['colcon_pkg']
[1.284s] Level 1:colcon.colcon_core.package_identification:_identify(src/my_cpp_py_pkg) by extension 'colcon_pkg'
[1.284s] Level 1:colcon.colcon_core.package_identification:_identify(src/my_cpp_py_pkg) by extensions ['colcon_meta']
[1.284s] Level 1:colcon.colcon_core.package_identification:_identify(src/my_cpp_py_pkg) by extension 'colcon_meta'
[1.284s] Level 1:colcon.colcon_core.package_identification:_identify(src/my_cpp_py_pkg) by extensions ['ros']
[1.284s] Level 1:colcon.colcon_core.package_identification:_identify(src/my_cpp_py_pkg) by extension 'ros'
[1.287s] DEBUG:colcon.colcon_core.package_identification:Package 'src/my_cpp_py_pkg' with type 'ros.ament_cmake' and name 'my_cpp_py_pkg'
[1.287s] Level 1:colcon.colcon_core.package_identification:_identify(src/navigation_) by extensions ['ignore', 'ignore_ament_install']
[1.287s] Level 1:colcon.colcon_core.package_identification:_identify(src/navigation_) by extension 'ignore'
[1.287s] Level 1:colcon.colcon_core.package_identification:_identify(src/navigation_) by extension 'ignore_ament_install'
[1.287s] Level 1:colcon.colcon_core.package_identification:_identify(src/navigation_) by extensions ['colcon_pkg']
[1.287s] Level 1:colcon.colcon_core.package_identification:_identify(src/navigation_) by extension 'colcon_pkg'
[1.287s] Level 1:colcon.colcon_core.package_identification:_identify(src/navigation_) by extensions ['colcon_meta']
[1.287s] Level 1:colcon.colcon_core.package_identification:_identify(src/navigation_) by extension 'colcon_meta'
[1.287s] Level 1:colcon.colcon_core.package_identification:_identify(src/navigation_) by extensions ['ros']
[1.287s] Level 1:colcon.colcon_core.package_identification:_identify(src/navigation_) by extension 'ros'
[1.288s] DEBUG:colcon.colcon_core.package_identification:Package 'src/navigation_' with type 'ros.ament_cmake' and name 'navigation_'
[1.288s] Level 1:colcon.colcon_core.package_identification:_identify(src/robot_control) by extensions ['ignore', 'ignore_ament_install']
[1.288s] Level 1:colcon.colcon_core.package_identification:_identify(src/robot_control) by extension 'ignore'
[1.288s] Level 1:colcon.colcon_core.package_identification:_identify(src/robot_control) by extension 'ignore_ament_install'
[1.288s] Level 1:colcon.colcon_core.package_identification:_identify(src/robot_control) by extensions ['colcon_pkg']
[1.288s] Level 1:colcon.colcon_core.package_identification:_identify(src/robot_control) by extension 'colcon_pkg'
[1.288s] Level 1:colcon.colcon_core.package_identification:_identify(src/robot_control) by extensions ['colcon_meta']
[1.288s] Level 1:colcon.colcon_core.package_identification:_identify(src/robot_control) by extension 'colcon_meta'
[1.289s] Level 1:colcon.colcon_core.package_identification:_identify(src/robot_control) by extensions ['ros']
[1.289s] Level 1:colcon.colcon_core.package_identification:_identify(src/robot_control) by extension 'ros'
[1.289s] DEBUG:colcon.colcon_core.package_identification:Package 'src/robot_control' with type 'ros.ament_cmake' and name 'robot_control'
[1.289s] Level 1:colcon.colcon_core.package_identification:_identify(src/robot_cpp) by extensions ['ignore', 'ignore_ament_install']
[1.290s] Level 1:colcon.colcon_core.package_identification:_identify(src/robot_cpp) by extension 'ignore'
[1.290s] Level 1:colcon.colcon_core.package_identification:_identify(src/robot_cpp) by extension 'ignore_ament_install'
[1.290s] Level 1:colcon.colcon_core.package_identification:_identify(src/robot_cpp) by extensions ['colcon_pkg']
[1.290s] Level 1:colcon.colcon_core.package_identification:_identify(src/robot_cpp) by extension 'colcon_pkg'
[1.290s] Level 1:colcon.colcon_core.package_identification:_identify(src/robot_cpp) by extensions ['colcon_meta']
[1.290s] Level 1:colcon.colcon_core.package_identification:_identify(src/robot_cpp) by extension 'colcon_meta'
[1.290s] Level 1:colcon.colcon_core.package_identification:_identify(src/robot_cpp) by extensions ['ros']
[1.290s] Level 1:colcon.colcon_core.package_identification:_identify(src/robot_cpp) by extension 'ros'
[1.291s] DEBUG:colcon.colcon_core.package_identification:Package 'src/robot_cpp' with type 'ros.ament_cmake' and name 'robot_cpp'
[1.291s] Level 1:colcon.colcon_core.package_identification:_identify(src/robot_python) by extensions ['ignore', 'ignore_ament_install']
[1.291s] Level 1:colcon.colcon_core.package_identification:_identify(src/robot_python) by extension 'ignore'
[1.291s] Level 1:colcon.colcon_core.package_identification:_identify(src/robot_python) by extension 'ignore_ament_install'
[1.292s] Level 1:colcon.colcon_core.package_identification:_identify(src/robot_python) by extensions ['colcon_pkg']
[1.292s] Level 1:colcon.colcon_core.package_identification:_identify(src/robot_python) by extension 'colcon_pkg'
[1.292s] Level 1:colcon.colcon_core.package_identification:_identify(src/robot_python) by extensions ['colcon_meta']
[1.292s] Level 1:colcon.colcon_core.package_identification:_identify(src/robot_python) by extension 'colcon_meta'
[1.292s] Level 1:colcon.colcon_core.package_identification:_identify(src/robot_python) by extensions ['ros']
[1.292s] Level 1:colcon.colcon_core.package_identification:_identify(src/robot_python) by extension 'ros'
[1.293s] DEBUG:colcon.colcon_core.package_identification:Package 'src/robot_python' with type 'ros.ament_python' and name 'robot_python'
[1.293s] Level 1:colcon.colcon_core.package_identification:_identify(src/robot_test) by extensions ['ignore', 'ignore_ament_install']
[1.294s] Level 1:colcon.colcon_core.package_identification:_identify(src/robot_test) by extension 'ignore'
[1.294s] Level 1:colcon.colcon_core.package_identification:_identify(src/robot_test) by extension 'ignore_ament_install'
[1.294s] Level 1:colcon.colcon_core.package_identification:_identify(src/robot_test) by extensions ['colcon_pkg']
[1.294s] Level 1:colcon.colcon_core.package_identification:_identify(src/robot_test) by extension 'colcon_pkg'
[1.294s] Level 1:colcon.colcon_core.package_identification:_identify(src/robot_test) by extensions ['colcon_meta']
[1.294s] Level 1:colcon.colcon_core.package_identification:_identify(src/robot_test) by extension 'colcon_meta'
[1.294s] Level 1:colcon.colcon_core.package_identification:_identify(src/robot_test) by extensions ['ros']
[1.294s] Level 1:colcon.colcon_core.package_identification:_identify(src/robot_test) by extension 'ros'
[1.295s] DEBUG:colcon.colcon_core.package_identification:Package 'src/robot_test' with type 'ros.ament_cmake' and name 'robot_test'
[1.295s] Level 1:colcon.colcon_core.package_identification:_identify(src/turtlebot3_simulations) by extensions ['ignore', 'ignore_ament_install']
[1.295s] Level 1:colcon.colcon_core.package_identification:_identify(src/turtlebot3_simulations) by extension 'ignore'
[1.295s] Level 1:colcon.colcon_core.package_identification:_identify(src/turtlebot3_simulations) by extension 'ignore_ament_install'
[1.295s] Level 1:colcon.colcon_core.package_identification:_identify(src/turtlebot3_simulations) by extensions ['colcon_pkg']
[1.295s] Level 1:colcon.colcon_core.package_identification:_identify(src/turtlebot3_simulations) by extension 'colcon_pkg'
[1.295s] Level 1:colcon.colcon_core.package_identification:_identify(src/turtlebot3_simulations) by extensions ['colcon_meta']
[1.295s] Level 1:colcon.colcon_core.package_identification:_identify(src/turtlebot3_simulations) by extension 'colcon_meta'
[1.295s] Level 1:colcon.colcon_core.package_identification:_identify(src/turtlebot3_simulations) by extensions ['ros']
[1.295s] Level 1:colcon.colcon_core.package_identification:_identify(src/turtlebot3_simulations) by extension 'ros'
[1.295s] Level 1:colcon.colcon_core.package_identification:_identify(src/turtlebot3_simulations) by extensions ['cmake', 'python']
[1.295s] Level 1:colcon.colcon_core.package_identification:_identify(src/turtlebot3_simulations) by extension 'cmake'
[1.296s] Level 1:colcon.colcon_core.package_identification:_identify(src/turtlebot3_simulations) by extension 'python'
[1.296s] Level 1:colcon.colcon_core.package_identification:_identify(src/turtlebot3_simulations) by extensions ['python_setup_py']
[1.296s] Level 1:colcon.colcon_core.package_identification:_identify(src/turtlebot3_simulations) by extension 'python_setup_py'
[1.296s] Level 1:colcon.colcon_core.package_identification:_identify(src/turtlebot3_simulations/turtlebot3_fake_node) by extensions ['ignore', 'ignore_ament_install']
[1.296s] Level 1:colcon.colcon_core.package_identification:_identify(src/turtlebot3_simulations/turtlebot3_fake_node) by extension 'ignore'
[1.296s] Level 1:colcon.colcon_core.package_identification:_identify(src/turtlebot3_simulations/turtlebot3_fake_node) by extension 'ignore_ament_install'
[1.296s] Level 1:colcon.colcon_core.package_identification:_identify(src/turtlebot3_simulations/turtlebot3_fake_node) by extensions ['colcon_pkg']
[1.296s] Level 1:colcon.colcon_core.package_identification:_identify(src/turtlebot3_simulations/turtlebot3_fake_node) by extension 'colcon_pkg'
[1.296s] Level 1:colcon.colcon_core.package_identification:_identify(src/turtlebot3_simulations/turtlebot3_fake_node) by extensions ['colcon_meta']
[1.296s] Level 1:colcon.colcon_core.package_identification:_identify(src/turtlebot3_simulations/turtlebot3_fake_node) by extension 'colcon_meta'
[1.296s] Level 1:colcon.colcon_core.package_identification:_identify(src/turtlebot3_simulations/turtlebot3_fake_node) by extensions ['ros']
[1.296s] Level 1:colcon.colcon_core.package_identification:_identify(src/turtlebot3_simulations/turtlebot3_fake_node) by extension 'ros'
[1.298s] DEBUG:colcon.colcon_core.package_identification:Package 'src/turtlebot3_simulations/turtlebot3_fake_node' with type 'ros.ament_cmake' and name 'turtlebot3_fake_node'
[1.298s] Level 1:colcon.colcon_core.package_identification:_identify(src/turtlebot3_simulations/turtlebot3_gazebo) by extensions ['ignore', 'ignore_ament_install']
[1.298s] Level 1:colcon.colcon_core.package_identification:_identify(src/turtlebot3_simulations/turtlebot3_gazebo) by extension 'ignore'
[1.298s] Level 1:colcon.colcon_core.package_identification:_identify(src/turtlebot3_simulations/turtlebot3_gazebo) by extension 'ignore_ament_install'
[1.298s] Level 1:colcon.colcon_core.package_identification:_identify(src/turtlebot3_simulations/turtlebot3_gazebo) by extensions ['colcon_pkg']
[1.298s] Level 1:colcon.colcon_core.package_identification:_identify(src/turtlebot3_simulations/turtlebot3_gazebo) by extension 'colcon_pkg'
[1.298s] Level 1:colcon.colcon_core.package_identification:_identify(src/turtlebot3_simulations/turtlebot3_gazebo) by extensions ['colcon_meta']
[1.298s] Level 1:colcon.colcon_core.package_identification:_identify(src/turtlebot3_simulations/turtlebot3_gazebo) by extension 'colcon_meta'
[1.298s] Level 1:colcon.colcon_core.package_identification:_identify(src/turtlebot3_simulations/turtlebot3_gazebo) by extensions ['ros']
[1.298s] Level 1:colcon.colcon_core.package_identification:_identify(src/turtlebot3_simulations/turtlebot3_gazebo) by extension 'ros'
[1.299s] DEBUG:colcon.colcon_core.package_identification:Package 'src/turtlebot3_simulations/turtlebot3_gazebo' with type 'ros.ament_cmake' and name 'turtlebot3_gazebo'
[1.299s] Level 1:colcon.colcon_core.package_identification:_identify(src/turtlebot3_simulations/turtlebot3_simulations) by extensions ['ignore', 'ignore_ament_install']
[1.299s] Level 1:colcon.colcon_core.package_identification:_identify(src/turtlebot3_simulations/turtlebot3_simulations) by extension 'ignore'
[1.299s] Level 1:colcon.colcon_core.package_identification:_identify(src/turtlebot3_simulations/turtlebot3_simulations) by extension 'ignore_ament_install'
[1.300s] Level 1:colcon.colcon_core.package_identification:_identify(src/turtlebot3_simulations/turtlebot3_simulations) by extensions ['colcon_pkg']
[1.300s] Level 1:colcon.colcon_core.package_identification:_identify(src/turtlebot3_simulations/turtlebot3_simulations) by extension 'colcon_pkg'
[1.300s] Level 1:colcon.colcon_core.package_identification:_identify(src/turtlebot3_simulations/turtlebot3_simulations) by extensions ['colcon_meta']
[1.300s] Level 1:colcon.colcon_core.package_identification:_identify(src/turtlebot3_simulations/turtlebot3_simulations) by extension 'colcon_meta'
[1.300s] Level 1:colcon.colcon_core.package_identification:_identify(src/turtlebot3_simulations/turtlebot3_simulations) by extensions ['ros']
[1.300s] Level 1:colcon.colcon_core.package_identification:_identify(src/turtlebot3_simulations/turtlebot3_simulations) by extension 'ros'
[1.300s] DEBUG:colcon.colcon_core.package_identification:Package 'src/turtlebot3_simulations/turtlebot3_simulations' with type 'ros.ament_cmake' and name 'turtlebot3_simulations'
[1.300s] Level 1:colcon.colcon_core.package_discovery:discover_packages(recursive) using defaults
[1.300s] Level 1:colcon.colcon_core.package_discovery:discover_packages(ignore) discover
[1.300s] Level 1:colcon.colcon_core.package_discovery:discover_packages(ignore) using defaults
[1.300s] Level 1:colcon.colcon_core.package_discovery:discover_packages(path) discover
[1.300s] Level 1:colcon.colcon_core.package_discovery:discover_packages(path) using defaults
[1.414s] Level 1:colcon.colcon_core.package_discovery:discover_packages(prefix_path) check parameters
[1.414s] Level 1:colcon.colcon_core.package_discovery:discover_packages(prefix_path) discover
[1.450s] DEBUG:colcon.colcon_installed_package_information.package_discovery:Found 323 installed packages in /opt/ros/humble
[1.451s] Level 1:colcon.colcon_core.package_discovery:discover_packages(prefix_path) using defaults
[1.568s] Level 5:colcon.colcon_core.verb:set package 'my_cpp_py_pkg' build argument 'cmake_args' from command line to 'None'
[1.568s] Level 5:colcon.colcon_core.verb:set package 'my_cpp_py_pkg' build argument 'cmake_target' from command line to 'None'
[1.569s] Level 5:colcon.colcon_core.verb:set package 'my_cpp_py_pkg' build argument 'cmake_target_skip_unavailable' from command line to 'False'
[1.569s] Level 5:colcon.colcon_core.verb:set package 'my_cpp_py_pkg' build argument 'cmake_clean_cache' from command line to 'False'
[1.569s] Level 5:colcon.colcon_core.verb:set package 'my_cpp_py_pkg' build argument 'cmake_clean_first' from command line to 'False'
[1.569s] Level 5:colcon.colcon_core.verb:set package 'my_cpp_py_pkg' build argument 'cmake_force_configure' from command line to 'False'
[1.569s] Level 5:colcon.colcon_core.verb:set package 'my_cpp_py_pkg' build argument 'ament_cmake_args' from command line to 'None'
[1.569s] Level 5:colcon.colcon_core.verb:set package 'my_cpp_py_pkg' build argument 'catkin_cmake_args' from command line to 'None'
[1.569s] Level 5:colcon.colcon_core.verb:set package 'my_cpp_py_pkg' build argument 'catkin_skip_building_tests' from command line to 'False'
[1.569s] DEBUG:colcon.colcon_core.verb:Building package 'my_cpp_py_pkg' with the following arguments: {'ament_cmake_args': None, 'build_base': '/home/yusuf/ros2_ws/build/my_cpp_py_pkg', 'catkin_cmake_args': None, 'catkin_skip_building_tests': False, 'cmake_args': None, 'cmake_clean_cache': False, 'cmake_clean_first': False, 'cmake_force_configure': False, 'cmake_target': None, 'cmake_target_skip_unavailable': False, 'install_base': '/home/yusuf/ros2_ws/install/my_cpp_py_pkg', 'merge_install': False, 'path': '/home/yusuf/ros2_ws/src/my_cpp_py_pkg', 'symlink_install': False, 'test_result_base': None}
[1.591s] Level 5:colcon.colcon_core.verb:set package 'navigation_' build argument 'cmake_args' from command line to 'None'
[1.591s] Level 5:colcon.colcon_core.verb:set package 'navigation_' build argument 'cmake_target' from command line to 'None'
[1.591s] Level 5:colcon.colcon_core.verb:set package 'navigation_' build argument 'cmake_target_skip_unavailable' from command line to 'False'
[1.591s] Level 5:colcon.colcon_core.verb:set package 'navigation_' build argument 'cmake_clean_cache' from command line to 'False'
[1.591s] Level 5:colcon.colcon_core.verb:set package 'navigation_' build argument 'cmake_clean_first' from command line to 'False'
[1.591s] Level 5:colcon.colcon_core.verb:set package 'navigation_' build argument 'cmake_force_configure' from command line to 'False'
[1.591s] Level 5:colcon.colcon_core.verb:set package 'navigation_' build argument 'ament_cmake_args' from command line to 'None'
[1.591s] Level 5:colcon.colcon_core.verb:set package 'navigation_' build argument 'catkin_cmake_args' from command line to 'None'
[1.591s] Level 5:colcon.colcon_core.verb:set package 'navigation_' build argument 'catkin_skip_building_tests' from command line to 'False'
[1.591s] DEBUG:colcon.colcon_core.verb:Building package 'navigation_' with the following arguments: {'ament_cmake_args': None, 'build_base': '/home/yusuf/ros2_ws/build/navigation_', 'catkin_cmake_args': None, 'catkin_skip_building_tests': False, 'cmake_args': None, 'cmake_clean_cache': False, 'cmake_clean_first': False, 'cmake_force_configure': False, 'cmake_target': None, 'cmake_target_skip_unavailable': False, 'install_base': '/home/yusuf/ros2_ws/install/navigation_', 'merge_install': False, 'path': '/home/yusuf/ros2_ws/src/navigation_', 'symlink_install': False, 'test_result_base': None}
[1.610s] Level 5:colcon.colcon_core.verb:set package 'robot_control' build argument 'cmake_args' from command line to 'None'
[1.610s] Level 5:colcon.colcon_core.verb:set package 'robot_control' build argument 'cmake_target' from command line to 'None'
[1.610s] Level 5:colcon.colcon_core.verb:set package 'robot_control' build argument 'cmake_target_skip_unavailable' from command line to 'False'
[1.610s] Level 5:colcon.colcon_core.verb:set package 'robot_control' build argument 'cmake_clean_cache' from command line to 'False'
[1.610s] Level 5:colcon.colcon_core.verb:set package 'robot_control' build argument 'cmake_clean_first' from command line to 'False'
[1.610s] Level 5:colcon.colcon_core.verb:set package 'robot_control' build argument 'cmake_force_configure' from command line to 'False'
[1.610s] Level 5:colcon.colcon_core.verb:set package 'robot_control' build argument 'ament_cmake_args' from command line to 'None'
[1.610s] Level 5:colcon.colcon_core.verb:set package 'robot_control' build argument 'catkin_cmake_args' from command line to 'None'
[1.610s] Level 5:colcon.colcon_core.verb:set package 'robot_control' build argument 'catkin_skip_building_tests' from command line to 'False'
[1.610s] DEBUG:colcon.colcon_core.verb:Building package 'robot_control' with the following arguments: {'ament_cmake_args': None, 'build_base': '/home/yusuf/ros2_ws/build/robot_control', 'catkin_cmake_args': None, 'catkin_skip_building_tests': False, 'cmake_args': None, 'cmake_clean_cache': False, 'cmake_clean_first': False, 'cmake_force_configure': False, 'cmake_target': None, 'cmake_target_skip_unavailable': False, 'install_base': '/home/yusuf/ros2_ws/install/robot_control', 'merge_install': False, 'path': '/home/yusuf/ros2_ws/src/robot_control', 'symlink_install': False, 'test_result_base': None}
[1.628s] Level 5:colcon.colcon_core.verb:set package 'robot_cpp' build argument 'cmake_args' from command line to 'None'
[1.628s] Level 5:colcon.colcon_core.verb:set package 'robot_cpp' build argument 'cmake_target' from command line to 'None'
[1.628s] Level 5:colcon.colcon_core.verb:set package 'robot_cpp' build argument 'cmake_target_skip_unavailable' from command line to 'False'
[1.628s] Level 5:colcon.colcon_core.verb:set package 'robot_cpp' build argument 'cmake_clean_cache' from command line to 'False'
[1.628s] Level 5:colcon.colcon_core.verb:set package 'robot_cpp' build argument 'cmake_clean_first' from command line to 'False'
[1.628s] Level 5:colcon.colcon_core.verb:set package 'robot_cpp' build argument 'cmake_force_configure' from command line to 'False'
[1.628s] Level 5:colcon.colcon_core.verb:set package 'robot_cpp' build argument 'ament_cmake_args' from command line to 'None'
[1.628s] Level 5:colcon.colcon_core.verb:set package 'robot_cpp' build argument 'catkin_cmake_args' from command line to 'None'
[1.628s] Level 5:colcon.colcon_core.verb:set package 'robot_cpp' build argument 'catkin_skip_building_tests' from command line to 'False'
[1.628s] DEBUG:colcon.colcon_core.verb:Building package 'robot_cpp' with the following arguments: {'ament_cmake_args': None, 'build_base': '/home/yusuf/ros2_ws/build/robot_cpp', 'catkin_cmake_args': None, 'catkin_skip_building_tests': False, 'cmake_args': None, 'cmake_clean_cache': False, 'cmake_clean_first': False, 'cmake_force_configure': False, 'cmake_target': None, 'cmake_target_skip_unavailable': False, 'install_base': '/home/yusuf/ros2_ws/install/robot_cpp', 'merge_install': False, 'path': '/home/yusuf/ros2_ws/src/robot_cpp', 'symlink_install': False, 'test_result_base': None}
[1.645s] Level 5:colcon.colcon_core.verb:set package 'robot_python' build argument 'cmake_args' from command line to 'None'
[1.645s] Level 5:colcon.colcon_core.verb:set package 'robot_python' build argument 'cmake_target' from command line to 'None'
[1.645s] Level 5:colcon.colcon_core.verb:set package 'robot_python' build argument 'cmake_target_skip_unavailable' from command line to 'False'
[1.646s] Level 5:colcon.colcon_core.verb:set package 'robot_python' build argument 'cmake_clean_cache' from command line to 'False'
[1.646s] Level 5:colcon.colcon_core.verb:set package 'robot_python' build argument 'cmake_clean_first' from command line to 'False'
[1.646s] Level 5:colcon.colcon_core.verb:set package 'robot_python' build argument 'cmake_force_configure' from command line to 'False'
[1.646s] Level 5:colcon.colcon_core.verb:set package 'robot_python' build argument 'ament_cmake_args' from command line to 'None'
[1.646s] Level 5:colcon.colcon_core.verb:set package 'robot_python' build argument 'catkin_cmake_args' from command line to 'None'
[1.646s] Level 5:colcon.colcon_core.verb:set package 'robot_python' build argument 'catkin_skip_building_tests' from command line to 'False'
[1.646s] DEBUG:colcon.colcon_core.verb:Building package 'robot_python' with the following arguments: {'ament_cmake_args': None, 'build_base': '/home/yusuf/ros2_ws/build/robot_python', 'catkin_cmake_args': None, 'catkin_skip_building_tests': False, 'cmake_args': None, 'cmake_clean_cache': False, 'cmake_clean_first': False, 'cmake_force_configure': False, 'cmake_target': None, 'cmake_target_skip_unavailable': False, 'install_base': '/home/yusuf/ros2_ws/install/robot_python', 'merge_install': False, 'path': '/home/yusuf/ros2_ws/src/robot_python', 'symlink_install': False, 'test_result_base': None}
[1.662s] Level 5:colcon.colcon_core.verb:set package 'robot_test' build argument 'cmake_args' from command line to 'None'
[1.662s] Level 5:colcon.colcon_core.verb:set package 'robot_test' build argument 'cmake_target' from command line to 'None'
[1.662s] Level 5:colcon.colcon_core.verb:set package 'robot_test' build argument 'cmake_target_skip_unavailable' from command line to 'False'
[1.662s] Level 5:colcon.colcon_core.verb:set package 'robot_test' build argument 'cmake_clean_cache' from command line to 'False'
[1.662s] Level 5:colcon.colcon_core.verb:set package 'robot_test' build argument 'cmake_clean_first' from command line to 'False'
[1.662s] Level 5:colcon.colcon_core.verb:set package 'robot_test' build argument 'cmake_force_configure' from command line to 'False'
[1.662s] Level 5:colcon.colcon_core.verb:set package 'robot_test' build argument 'ament_cmake_args' from command line to 'None'
[1.662s] Level 5:colcon.colcon_core.verb:set package 'robot_test' build argument 'catkin_cmake_args' from command line to 'None'
[1.662s] Level 5:colcon.colcon_core.verb:set package 'robot_test' build argument 'catkin_skip_building_tests' from command line to 'False'
[1.662s] DEBUG:colcon.colcon_core.verb:Building package 'robot_test' with the following arguments: {'ament_cmake_args': None, 'build_base': '/home/yusuf/ros2_ws/build/robot_test', 'catkin_cmake_args': None, 'catkin_skip_building_tests': False, 'cmake_args': None, 'cmake_clean_cache': False, 'cmake_clean_first': False, 'cmake_force_configure': False, 'cmake_target': None, 'cmake_target_skip_unavailable': False, 'install_base': '/home/yusuf/ros2_ws/install/robot_test', 'merge_install': False, 'path': '/home/yusuf/ros2_ws/src/robot_test', 'symlink_install': False, 'test_result_base': None}
[1.680s] Level 5:colcon.colcon_core.verb:set package 'turtlebot3_fake_node' build argument 'cmake_args' from command line to 'None'
[1.680s] Level 5:colcon.colcon_core.verb:set package 'turtlebot3_fake_node' build argument 'cmake_target' from command line to 'None'
[1.680s] Level 5:colcon.colcon_core.verb:set package 'turtlebot3_fake_node' build argument 'cmake_target_skip_unavailable' from command line to 'False'
[1.680s] Level 5:colcon.colcon_core.verb:set package 'turtlebot3_fake_node' build argument 'cmake_clean_cache' from command line to 'False'
[1.681s] Level 5:colcon.colcon_core.verb:set package 'turtlebot3_fake_node' build argument 'cmake_clean_first' from command line to 'False'
[1.681s] Level 5:colcon.colcon_core.verb:set package 'turtlebot3_fake_node' build argument 'cmake_force_configure' from command line to 'False'
[1.681s] Level 5:colcon.colcon_core.verb:set package 'turtlebot3_fake_node' build argument 'ament_cmake_args' from command line to 'None'
[1.681s] Level 5:colcon.colcon_core.verb:set package 'turtlebot3_fake_node' build argument 'catkin_cmake_args' from command line to 'None'
[1.681s] Level 5:colcon.colcon_core.verb:set package 'turtlebot3_fake_node' build argument 'catkin_skip_building_tests' from command line to 'False'
[1.681s] DEBUG:colcon.colcon_core.verb:Building package 'turtlebot3_fake_node' with the following arguments: {'ament_cmake_args': None, 'build_base': '/home/yusuf/ros2_ws/build/turtlebot3_fake_node', 'catkin_cmake_args': None, 'catkin_skip_building_tests': False, 'cmake_args': None, 'cmake_clean_cache': False, 'cmake_clean_first': False, 'cmake_force_configure': False, 'cmake_target': None, 'cmake_target_skip_unavailable': False, 'install_base': '/home/yusuf/ros2_ws/install/turtlebot3_fake_node', 'merge_install': False, 'path': '/home/yusuf/ros2_ws/src/turtlebot3_simulations/turtlebot3_fake_node', 'symlink_install': False, 'test_result_base': None}
[1.699s] Level 5:colcon.colcon_core.verb:set package 'turtlebot3_gazebo' build argument 'cmake_args' from command line to 'None'
[1.700s] Level 5:colcon.colcon_core.verb:set package 'turtlebot3_gazebo' build argument 'cmake_target' from command line to 'None'
[1.700s] Level 5:colcon.colcon_core.verb:set package 'turtlebot3_gazebo' build argument 'cmake_target_skip_unavailable' from command line to 'False'
[1.700s] Level 5:colcon.colcon_core.verb:set package 'turtlebot3_gazebo' build argument 'cmake_clean_cache' from command line to 'False'
[1.700s] Level 5:colcon.colcon_core.verb:set package 'turtlebot3_gazebo' build argument 'cmake_clean_first' from command line to 'False'
[1.700s] Level 5:colcon.colcon_core.verb:set package 'turtlebot3_gazebo' build argument 'cmake_force_configure' from command line to 'False'
[1.700s] Level 5:colcon.colcon_core.verb:set package 'turtlebot3_gazebo' build argument 'ament_cmake_args' from command line to 'None'
[1.700s] Level 5:colcon.colcon_core.verb:set package 'turtlebot3_gazebo' build argument 'catkin_cmake_args' from command line to 'None'
[1.700s] Level 5:colcon.colcon_core.verb:set package 'turtlebot3_gazebo' build argument 'catkin_skip_building_tests' from command line to 'False'
[1.700s] DEBUG:colcon.colcon_core.verb:Building package 'turtlebot3_gazebo' with the following arguments: {'ament_cmake_args': None, 'build_base': '/home/yusuf/ros2_ws/build/turtlebot3_gazebo', 'catkin_cmake_args': None, 'catkin_skip_building_tests': False, 'cmake_args': None, 'cmake_clean_cache': False, 'cmake_clean_first': False, 'cmake_force_configure': False, 'cmake_target': None, 'cmake_target_skip_unavailable': False, 'install_base': '/home/yusuf/ros2_ws/install/turtlebot3_gazebo', 'merge_install': False, 'path': '/home/yusuf/ros2_ws/src/turtlebot3_simulations/turtlebot3_gazebo', 'symlink_install': False, 'test_result_base': None}
[1.717s] Level 5:colcon.colcon_core.verb:set package 'turtlebot3_simulations' build argument 'cmake_args' from command line to 'None'
[1.717s] Level 5:colcon.colcon_core.verb:set package 'turtlebot3_simulations' build argument 'cmake_target' from command line to 'None'
[1.717s] Level 5:colcon.colcon_core.verb:set package 'turtlebot3_simulations' build argument 'cmake_target_skip_unavailable' from command line to 'False'
[1.717s] Level 5:colcon.colcon_core.verb:set package 'turtlebot3_simulations' build argument 'cmake_clean_cache' from command line to 'False'
[1.717s] Level 5:colcon.colcon_core.verb:set package 'turtlebot3_simulations' build argument 'cmake_clean_first' from command line to 'False'
[1.717s] Level 5:colcon.colcon_core.verb:set package 'turtlebot3_simulations' build argument 'cmake_force_configure' from command line to 'False'
[1.717s] Level 5:colcon.colcon_core.verb:set package 'turtlebot3_simulations' build argument 'ament_cmake_args' from command line to 'None'
[1.717s] Level 5:colcon.colcon_core.verb:set package 'turtlebot3_simulations' build argument 'catkin_cmake_args' from command line to 'None'
[1.717s] Level 5:colcon.colcon_core.verb:set package 'turtlebot3_simulations' build argument 'catkin_skip_building_tests' from command line to 'False'
[1.717s] DEBUG:colcon.colcon_core.verb:Building package 'turtlebot3_simulations' with the following arguments: {'ament_cmake_args': None, 'build_base': '/home/yusuf/ros2_ws/build/turtlebot3_simulations', 'catkin_cmake_args': None, 'catkin_skip_building_tests': False, 'cmake_args': None, 'cmake_clean_cache': False, 'cmake_clean_first': False, 'cmake_force_configure': False, 'cmake_target': None, 'cmake_target_skip_unavailable': False, 'install_base': '/home/yusuf/ros2_ws/install/turtlebot3_simulations', 'merge_install': False, 'path': '/home/yusuf/ros2_ws/src/turtlebot3_simulations/turtlebot3_simulations', 'symlink_install': False, 'test_result_base': None}
[1.734s] INFO:colcon.colcon_core.executor:Executing jobs using 'parallel' executor
[1.752s] DEBUG:colcon.colcon_parallel_executor.executor.parallel:run_until_complete
[1.752s] INFO:colcon.colcon_ros.task.ament_cmake.build:Building ROS package in '/home/yusuf/ros2_ws/src/turtlebot3_simulations/turtlebot3_fake_node' with build type 'ament_cmake'
[1.752s] INFO:colcon.colcon_cmake.task.cmake.build:Building CMake package in '/home/yusuf/ros2_ws/src/turtlebot3_simulations/turtlebot3_fake_node'
[1.772s] INFO:colcon.colcon_core.plugin_system:Skipping extension 'colcon_core.shell.bat': Not used on non-Windows systems
[1.772s] INFO:colcon.colcon_core.shell:Skip shell extension 'powershell' for command environment: Not usable outside of PowerShell
[1.772s] DEBUG:colcon.colcon_core.shell:Skip shell extension 'dsv' for command environment
[1.813s] INFO:colcon.colcon_ros.task.ament_cmake.build:Building ROS package in '/home/yusuf/ros2_ws/src/turtlebot3_simulations/turtlebot3_gazebo' with build type 'ament_cmake'
[1.813s] INFO:colcon.colcon_cmake.task.cmake.build:Building CMake package in '/home/yusuf/ros2_ws/src/turtlebot3_simulations/turtlebot3_gazebo'
[1.834s] INFO:colcon.colcon_core.shell:Skip shell extension 'powershell' for command environment: Not usable outside of PowerShell
[1.834s] DEBUG:colcon.colcon_core.shell:Skip shell extension 'dsv' for command environment
[1.871s] INFO:colcon.colcon_ros.task.ament_cmake.build:Building ROS package in '/home/yusuf/ros2_ws/src/my_cpp_py_pkg' with build type 'ament_cmake'
[1.872s] INFO:colcon.colcon_cmake.task.cmake.build:Building CMake package in '/home/yusuf/ros2_ws/src/my_cpp_py_pkg'
[1.893s] INFO:colcon.colcon_core.shell:Skip shell extension 'powershell' for command environment: Not usable outside of PowerShell
[1.893s] DEBUG:colcon.colcon_core.shell:Skip shell extension 'dsv' for command environment
[1.929s] INFO:colcon.colcon_ros.task.ament_cmake.build:Building ROS package in '/home/yusuf/ros2_ws/src/navigation_' with build type 'ament_cmake'
[1.930s] INFO:colcon.colcon_cmake.task.cmake.build:Building CMake package in '/home/yusuf/ros2_ws/src/navigation_'
[1.948s] INFO:colcon.colcon_core.shell:Skip shell extension 'powershell' for command environment: Not usable outside of PowerShell
[1.948s] DEBUG:colcon.colcon_core.shell:Skip shell extension 'dsv' for command environment
[1.986s] INFO:colcon.colcon_ros.task.ament_cmake.build:Building ROS package in '/home/yusuf/ros2_ws/src/robot_control' with build type 'ament_cmake'
[1.986s] INFO:colcon.colcon_cmake.task.cmake.build:Building CMake package in '/home/yusuf/ros2_ws/src/robot_control'
[2.004s] INFO:colcon.colcon_core.shell:Skip shell extension 'powershell' for command environment: Not usable outside of PowerShell
[2.004s] DEBUG:colcon.colcon_core.shell:Skip shell extension 'dsv' for command environment
[2.054s] INFO:colcon.colcon_ros.task.ament_cmake.build:Building ROS package in '/home/yusuf/ros2_ws/src/robot_cpp' with build type 'ament_cmake'
[2.054s] INFO:colcon.colcon_cmake.task.cmake.build:Building CMake package in '/home/yusuf/ros2_ws/src/robot_cpp'
[2.076s] INFO:colcon.colcon_core.shell:Skip shell extension 'powershell' for command environment: Not usable outside of PowerShell
[2.076s] DEBUG:colcon.colcon_core.shell:Skip shell extension 'dsv' for command environment
[2.119s] INFO:colcon.colcon_ros.task.ament_python.build:Building ROS package in '/home/yusuf/ros2_ws/src/robot_python' with build type 'ament_python'
[2.119s] Level 1:colcon.colcon_core.shell:create_environment_hook('robot_python', 'ament_prefix_path')
[2.140s] INFO:colcon.colcon_core.shell:Creating environment hook '/home/yusuf/ros2_ws/install/robot_python/share/robot_python/hook/ament_prefix_path.ps1'
[2.141s] INFO:colcon.colcon_core.shell:Creating environment descriptor '/home/yusuf/ros2_ws/install/robot_python/share/robot_python/hook/ament_prefix_path.dsv'
[2.142s] INFO:colcon.colcon_core.shell:Creating environment hook '/home/yusuf/ros2_ws/install/robot_python/share/robot_python/hook/ament_prefix_path.sh'
[2.161s] INFO:colcon.colcon_core.shell:Skip shell extension 'powershell' for command environment: Not usable outside of PowerShell
[2.161s] DEBUG:colcon.colcon_core.shell:Skip shell extension 'dsv' for command environment
[2.200s] INFO:colcon.colcon_ros.task.ament_cmake.build:Building ROS package in '/home/yusuf/ros2_ws/src/robot_test' with build type 'ament_cmake'
[2.200s] INFO:colcon.colcon_cmake.task.cmake.build:Building CMake package in '/home/yusuf/ros2_ws/src/robot_test'
[2.220s] INFO:colcon.colcon_core.shell:Skip shell extension 'powershell' for command environment: Not usable outside of PowerShell
[2.220s] DEBUG:colcon.colcon_core.shell:Skip shell extension 'dsv' for command environment
[2.267s] DEBUG:colcon.colcon_core.event_handler.log_command:Invoking command in '/home/yusuf/ros2_ws/build/turtlebot3_fake_node': CMAKE_PREFIX_PATH=/opt/ros/humble /usr/bin/cmake --build /home/yusuf/ros2_ws/build/turtlebot3_fake_node -- -j8 -l8
[2.273s] DEBUG:colcon.colcon_core.event_handler.log_command:Invoking command in '/home/yusuf/ros2_ws/build/turtlebot3_gazebo': CMAKE_PREFIX_PATH=/opt/ros/humble /usr/bin/cmake --build /home/yusuf/ros2_ws/build/turtlebot3_gazebo -- -j8 -l8
[2.280s] DEBUG:colcon.colcon_core.event_handler.log_command:Invoking command in '/home/yusuf/ros2_ws/build/my_cpp_py_pkg': CMAKE_PREFIX_PATH=/opt/ros/humble /usr/bin/cmake --build /home/yusuf/ros2_ws/build/my_cpp_py_pkg -- -j8 -l8
[2.283s] DEBUG:colcon.colcon_core.event_handler.log_command:Invoking command in '/home/yusuf/ros2_ws/build/navigation_': CMAKE_PREFIX_PATH=/opt/ros/humble /usr/bin/cmake /home/yusuf/ros2_ws/src/navigation_ -DCMAKE_INSTALL_PREFIX=/home/yusuf/ros2_ws/install/navigation_
[2.287s] DEBUG:colcon.colcon_core.event_handler.log_command:Invoking command in '/home/yusuf/ros2_ws/build/robot_control': CMAKE_PREFIX_PATH=/opt/ros/humble /usr/bin/cmake --build /home/yusuf/ros2_ws/build/robot_control -- -j8 -l8
[2.295s] DEBUG:colcon.colcon_core.event_handler.log_command:Invoking command in '/home/yusuf/ros2_ws/build/robot_cpp': CMAKE_PREFIX_PATH=/opt/ros/humble /usr/bin/cmake --build /home/yusuf/ros2_ws/build/robot_cpp -- -j8 -l8
[2.696s] INFO:colcon.colcon_core.task.python.build:Building Python package in '/home/yusuf/ros2_ws/src/robot_python'
[2.715s] INFO:colcon.colcon_core.shell:Skip shell extension 'powershell' for command environment: Not usable outside of PowerShell
[2.715s] DEBUG:colcon.colcon_core.shell:Skip shell extension 'dsv' for command environment
[2.786s] DEBUG:colcon.colcon_core.event_handler.log_command:Invoking command in '/home/yusuf/ros2_ws/build/robot_test': CMAKE_PREFIX_PATH=/opt/ros/humble /usr/bin/cmake --build /home/yusuf/ros2_ws/build/robot_test -- -j8 -l8
[2.787s] DEBUG:colcon.colcon_core.event_handler.log_command:Invoked command in '/home/yusuf/ros2_ws/build/my_cpp_py_pkg' returned '0': CMAKE_PREFIX_PATH=/opt/ros/humble /usr/bin/cmake --build /home/yusuf/ros2_ws/build/my_cpp_py_pkg -- -j8 -l8
[2.789s] DEBUG:colcon.colcon_core.event_handler.log_command:Invoked command in '/home/yusuf/ros2_ws/build/robot_control' returned '0': CMAKE_PREFIX_PATH=/opt/ros/humble /usr/bin/cmake --build /home/yusuf/ros2_ws/build/robot_control -- -j8 -l8
[2.792s] DEBUG:colcon.colcon_core.event_handler.log_command:Invoked command in '/home/yusuf/ros2_ws/build/robot_cpp' returned '0': CMAKE_PREFIX_PATH=/opt/ros/humble /usr/bin/cmake --build /home/yusuf/ros2_ws/build/robot_cpp -- -j8 -l8
[2.795s] DEBUG:colcon.colcon_core.event_handler.log_command:Invoked command in '/home/yusuf/ros2_ws/build/turtlebot3_fake_node' returned '0': CMAKE_PREFIX_PATH=/opt/ros/humble /usr/bin/cmake --build /home/yusuf/ros2_ws/build/turtlebot3_fake_node -- -j8 -l8
[2.797s] DEBUG:colcon.colcon_core.event_handler.log_command:Invoked command in '/home/yusuf/ros2_ws/build/turtlebot3_gazebo' returned '0': CMAKE_PREFIX_PATH=/opt/ros/humble /usr/bin/cmake --build /home/yusuf/ros2_ws/build/turtlebot3_gazebo -- -j8 -l8
[2.854s] DEBUG:colcon.colcon_core.event_handler.log_command:Invoking command in '/home/yusuf/ros2_ws/build/robot_control': CMAKE_PREFIX_PATH=/opt/ros/humble /usr/bin/cmake --install /home/yusuf/ros2_ws/build/robot_control
[2.860s] DEBUG:colcon.colcon_core.event_handler.log_command:Invoking command in '/home/yusuf/ros2_ws/build/my_cpp_py_pkg': CMAKE_PREFIX_PATH=/opt/ros/humble /usr/bin/cmake --install /home/yusuf/ros2_ws/build/my_cpp_py_pkg
[2.864s] DEBUG:colcon.colcon_core.event_handler.log_command:Invoking command in '/home/yusuf/ros2_ws/build/robot_cpp': CMAKE_PREFIX_PATH=/opt/ros/humble /usr/bin/cmake --install /home/yusuf/ros2_ws/build/robot_cpp
[2.867s] DEBUG:colcon.colcon_core.event_handler.log_command:Invoking command in '/home/yusuf/ros2_ws/build/turtlebot3_fake_node': CMAKE_PREFIX_PATH=/opt/ros/humble /usr/bin/cmake --install /home/yusuf/ros2_ws/build/turtlebot3_fake_node
[2.871s] DEBUG:colcon.colcon_core.event_handler.log_command:Invoked command in '/home/yusuf/ros2_ws/build/robot_test' returned '0': CMAKE_PREFIX_PATH=/opt/ros/humble /usr/bin/cmake --build /home/yusuf/ros2_ws/build/robot_test -- -j8 -l8
[2.881s] Level 1:colcon.colcon_core.environment:create_environment_scripts_only(robot_control)
[2.897s] DEBUG:colcon.colcon_core.event_handler.log_command:Invoking command in '/home/yusuf/ros2_ws/build/turtlebot3_gazebo': CMAKE_PREFIX_PATH=/opt/ros/humble /usr/bin/cmake --install /home/yusuf/ros2_ws/build/turtlebot3_gazebo
[2.901s] DEBUG:colcon.colcon_core.event_handler.log_command:Invoked command in '/home/yusuf/ros2_ws/build/robot_control' returned '0': CMAKE_PREFIX_PATH=/opt/ros/humble /usr/bin/cmake --install /home/yusuf/ros2_ws/build/robot_control
[2.956s] Level 1:colcon.colcon_core.environment:checking '/home/yusuf/ros2_ws/install/robot_control' for CMake module files
[2.957s] Level 1:colcon.colcon_core.environment:checking '/home/yusuf/ros2_ws/install/robot_control' for CMake config files
[2.957s] Level 1:colcon.colcon_core.shell:create_environment_hook('robot_control', 'cmake_prefix_path')
[2.979s] INFO:colcon.colcon_core.shell:Creating environment hook '/home/yusuf/ros2_ws/install/robot_control/share/robot_control/hook/cmake_prefix_path.ps1'
[2.979s] INFO:colcon.colcon_core.shell:Creating environment descriptor '/home/yusuf/ros2_ws/install/robot_control/share/robot_control/hook/cmake_prefix_path.dsv'
[2.980s] INFO:colcon.colcon_core.shell:Creating environment hook '/home/yusuf/ros2_ws/install/robot_control/share/robot_control/hook/cmake_prefix_path.sh'
[2.981s] Level 1:colcon.colcon_core.environment:checking '/home/yusuf/ros2_ws/install/robot_control/bin'
[2.981s] Level 1:colcon.colcon_core.environment:checking '/home/yusuf/ros2_ws/install/robot_control/lib/pkgconfig/robot_control.pc'
[2.981s] Level 1:colcon.colcon_core.environment:checking '/home/yusuf/ros2_ws/install/robot_control/lib/python3.10/site-packages'
[2.981s] Level 1:colcon.colcon_core.environment:checking '/home/yusuf/ros2_ws/install/robot_control/bin'
[3.003s] INFO:colcon.colcon_core.shell:Creating package script '/home/yusuf/ros2_ws/install/robot_control/share/robot_control/package.ps1'
[3.004s] INFO:colcon.colcon_core.shell:Creating package descriptor '/home/yusuf/ros2_ws/install/robot_control/share/robot_control/package.dsv'
[3.005s] INFO:colcon.colcon_core.shell:Creating package script '/home/yusuf/ros2_ws/install/robot_control/share/robot_control/package.sh'
[3.006s] INFO:colcon.colcon_core.shell:Creating package script '/home/yusuf/ros2_ws/install/robot_control/share/robot_control/package.bash'
[3.008s] INFO:colcon.colcon_core.shell:Creating package script '/home/yusuf/ros2_ws/install/robot_control/share/robot_control/package.zsh'
[3.010s] Level 1:colcon.colcon_core.environment:create_file_with_runtime_dependencies(/home/yusuf/ros2_ws/install/robot_control/share/colcon-core/packages/robot_control)
[3.012s] Level 1:colcon.colcon_core.environment:create_environment_scripts_only(my_cpp_py_pkg)
[3.012s] DEBUG:colcon.colcon_core.event_handler.log_command:Invoked command in '/home/yusuf/ros2_ws/build/my_cpp_py_pkg' returned '0': CMAKE_PREFIX_PATH=/opt/ros/humble /usr/bin/cmake --install /home/yusuf/ros2_ws/build/my_cpp_py_pkg
[3.046s] Level 1:colcon.colcon_core.environment:checking '/home/yusuf/ros2_ws/install/my_cpp_py_pkg' for CMake module files
[3.046s] Level 1:colcon.colcon_core.environment:checking '/home/yusuf/ros2_ws/install/my_cpp_py_pkg' for CMake config files
[3.046s] Level 1:colcon.colcon_core.shell:create_environment_hook('my_cpp_py_pkg', 'cmake_prefix_path')
[3.066s] INFO:colcon.colcon_core.shell:Creating environment hook '/home/yusuf/ros2_ws/install/my_cpp_py_pkg/share/my_cpp_py_pkg/hook/cmake_prefix_path.ps1'
[3.066s] INFO:colcon.colcon_core.shell:Creating environment descriptor '/home/yusuf/ros2_ws/install/my_cpp_py_pkg/share/my_cpp_py_pkg/hook/cmake_prefix_path.dsv'
[3.066s] INFO:colcon.colcon_core.shell:Creating environment hook '/home/yusuf/ros2_ws/install/my_cpp_py_pkg/share/my_cpp_py_pkg/hook/cmake_prefix_path.sh'
[3.067s] Level 1:colcon.colcon_core.environment:checking '/home/yusuf/ros2_ws/install/my_cpp_py_pkg/bin'
[3.067s] Level 1:colcon.colcon_core.environment:checking '/home/yusuf/ros2_ws/install/my_cpp_py_pkg/lib/pkgconfig/my_cpp_py_pkg.pc'
[3.067s] Level 1:colcon.colcon_core.environment:checking '/home/yusuf/ros2_ws/install/my_cpp_py_pkg/lib/python3.10/site-packages'
[3.068s] Level 1:colcon.colcon_core.environment:checking '/home/yusuf/ros2_ws/install/my_cpp_py_pkg/bin'
[3.088s] INFO:colcon.colcon_core.shell:Creating package script '/home/yusuf/ros2_ws/install/my_cpp_py_pkg/share/my_cpp_py_pkg/package.ps1'
[3.089s] INFO:colcon.colcon_core.shell:Creating package descriptor '/home/yusuf/ros2_ws/install/my_cpp_py_pkg/share/my_cpp_py_pkg/package.dsv'
[3.090s] INFO:colcon.colcon_core.shell:Creating package script '/home/yusuf/ros2_ws/install/my_cpp_py_pkg/share/my_cpp_py_pkg/package.sh'
[3.090s] INFO:colcon.colcon_core.shell:Creating package script '/home/yusuf/ros2_ws/install/my_cpp_py_pkg/share/my_cpp_py_pkg/package.bash'
[3.091s] INFO:colcon.colcon_core.shell:Creating package script '/home/yusuf/ros2_ws/install/my_cpp_py_pkg/share/my_cpp_py_pkg/package.zsh'
[3.092s] Level 1:colcon.colcon_core.environment:create_file_with_runtime_dependencies(/home/yusuf/ros2_ws/install/my_cpp_py_pkg/share/colcon-core/packages/my_cpp_py_pkg)
[3.098s] Level 1:colcon.colcon_core.environment:create_environment_scripts_only(robot_cpp)
[3.098s] DEBUG:colcon.colcon_core.event_handler.log_command:Invoking command in '/home/yusuf/ros2_ws/build/robot_test': CMAKE_PREFIX_PATH=/opt/ros/humble /usr/bin/cmake --install /home/yusuf/ros2_ws/build/robot_test
[3.099s] DEBUG:colcon.colcon_core.event_handler.log_command:Invoked command in '/home/yusuf/ros2_ws/build/robot_cpp' returned '0': CMAKE_PREFIX_PATH=/opt/ros/humble /usr/bin/cmake --install /home/yusuf/ros2_ws/build/robot_cpp
[3.131s] Level 1:colcon.colcon_core.environment:checking '/home/yusuf/ros2_ws/install/robot_cpp' for CMake module files
[3.132s] Level 1:colcon.colcon_core.environment:checking '/home/yusuf/ros2_ws/install/robot_cpp' for CMake config files
[3.132s] Level 1:colcon.colcon_core.shell:create_environment_hook('robot_cpp', 'cmake_prefix_path')
[3.152s] INFO:colcon.colcon_core.shell:Creating environment hook '/home/yusuf/ros2_ws/install/robot_cpp/share/robot_cpp/hook/cmake_prefix_path.ps1'
[3.152s] INFO:colcon.colcon_core.shell:Creating environment descriptor '/home/yusuf/ros2_ws/install/robot_cpp/share/robot_cpp/hook/cmake_prefix_path.dsv'
[3.153s] INFO:colcon.colcon_core.shell:Creating environment hook '/home/yusuf/ros2_ws/install/robot_cpp/share/robot_cpp/hook/cmake_prefix_path.sh'
[3.153s] Level 1:colcon.colcon_core.environment:checking '/home/yusuf/ros2_ws/install/robot_cpp/bin'
[3.153s] Level 1:colcon.colcon_core.environment:checking '/home/yusuf/ros2_ws/install/robot_cpp/lib/pkgconfig/robot_cpp.pc'
[3.154s] Level 1:colcon.colcon_core.environment:checking '/home/yusuf/ros2_ws/install/robot_cpp/lib/python3.10/site-packages'
[3.154s] Level 1:colcon.colcon_core.environment:checking '/home/yusuf/ros2_ws/install/robot_cpp/bin'
[3.179s] INFO:colcon.colcon_core.shell:Creating package script '/home/yusuf/ros2_ws/install/robot_cpp/share/robot_cpp/package.ps1'
[3.180s] INFO:colcon.colcon_core.shell:Creating package descriptor '/home/yusuf/ros2_ws/install/robot_cpp/share/robot_cpp/package.dsv'
[3.180s] INFO:colcon.colcon_core.shell:Creating package script '/home/yusuf/ros2_ws/install/robot_cpp/share/robot_cpp/package.sh'
[3.180s] INFO:colcon.colcon_core.shell:Creating package script '/home/yusuf/ros2_ws/install/robot_cpp/share/robot_cpp/package.bash'
[3.181s] INFO:colcon.colcon_core.shell:Creating package script '/home/yusuf/ros2_ws/install/robot_cpp/share/robot_cpp/package.zsh'
[3.181s] Level 1:colcon.colcon_core.environment:create_file_with_runtime_dependencies(/home/yusuf/ros2_ws/install/robot_cpp/share/colcon-core/packages/robot_cpp)
[3.182s] Level 1:colcon.colcon_core.environment:create_environment_scripts_only(turtlebot3_fake_node)
[3.183s] DEBUG:colcon.colcon_core.event_handler.log_command:Invoked command in '/home/yusuf/ros2_ws/build/turtlebot3_fake_node' returned '0': CMAKE_PREFIX_PATH=/opt/ros/humble /usr/bin/cmake --install /home/yusuf/ros2_ws/build/turtlebot3_fake_node
[3.205s] Level 1:colcon.colcon_core.environment:checking '/home/yusuf/ros2_ws/install/turtlebot3_fake_node' for CMake module files
[3.206s] Level 1:colcon.colcon_core.environment:checking '/home/yusuf/ros2_ws/install/turtlebot3_fake_node' for CMake config files
[3.207s] Level 1:colcon.colcon_core.shell:create_environment_hook('turtlebot3_fake_node', 'cmake_prefix_path')
[3.227s] INFO:colcon.colcon_core.shell:Creating environment hook '/home/yusuf/ros2_ws/install/turtlebot3_fake_node/share/turtlebot3_fake_node/hook/cmake_prefix_path.ps1'
[3.228s] INFO:colcon.colcon_core.shell:Creating environment descriptor '/home/yusuf/ros2_ws/install/turtlebot3_fake_node/share/turtlebot3_fake_node/hook/cmake_prefix_path.dsv'
[3.228s] INFO:colcon.colcon_core.shell:Creating environment hook '/home/yusuf/ros2_ws/install/turtlebot3_fake_node/share/turtlebot3_fake_node/hook/cmake_prefix_path.sh'
[3.229s] Level 1:colcon.colcon_core.environment:checking '/home/yusuf/ros2_ws/install/turtlebot3_fake_node/lib'
[3.229s] Level 1:colcon.colcon_core.environment:checking '/home/yusuf/ros2_ws/install/turtlebot3_fake_node/bin'
[3.229s] Level 1:colcon.colcon_core.environment:checking '/home/yusuf/ros2_ws/install/turtlebot3_fake_node/lib/pkgconfig/turtlebot3_fake_node.pc'
[3.229s] Level 1:colcon.colcon_core.environment:checking '/home/yusuf/ros2_ws/install/turtlebot3_fake_node/lib/python3.10/site-packages'
[3.230s] Level 1:colcon.colcon_core.environment:checking '/home/yusuf/ros2_ws/install/turtlebot3_fake_node/bin'
[3.251s] INFO:colcon.colcon_core.shell:Creating package script '/home/yusuf/ros2_ws/install/turtlebot3_fake_node/share/turtlebot3_fake_node/package.ps1'
[3.251s] INFO:colcon.colcon_core.shell:Creating package descriptor '/home/yusuf/ros2_ws/install/turtlebot3_fake_node/share/turtlebot3_fake_node/package.dsv'
[3.252s] INFO:colcon.colcon_core.shell:Creating package script '/home/yusuf/ros2_ws/install/turtlebot3_fake_node/share/turtlebot3_fake_node/package.sh'
[3.253s] INFO:colcon.colcon_core.shell:Creating package script '/home/yusuf/ros2_ws/install/turtlebot3_fake_node/share/turtlebot3_fake_node/package.bash'
[3.253s] INFO:colcon.colcon_core.shell:Creating package script '/home/yusuf/ros2_ws/install/turtlebot3_fake_node/share/turtlebot3_fake_node/package.zsh'
[3.254s] Level 1:colcon.colcon_core.environment:create_file_with_runtime_dependencies(/home/yusuf/ros2_ws/install/turtlebot3_fake_node/share/colcon-core/packages/turtlebot3_fake_node)
[3.256s] Level 1:colcon.colcon_core.environment:create_environment_scripts_only(turtlebot3_gazebo)
[3.257s] DEBUG:colcon.colcon_core.event_handler.log_command:Invoked command in '/home/yusuf/ros2_ws/build/turtlebot3_gazebo' returned '0': CMAKE_PREFIX_PATH=/opt/ros/humble /usr/bin/cmake --install /home/yusuf/ros2_ws/build/turtlebot3_gazebo
[3.280s] Level 1:colcon.colcon_core.environment:checking '/home/yusuf/ros2_ws/install/turtlebot3_gazebo' for CMake module files
[3.282s] Level 1:colcon.colcon_core.environment:checking '/home/yusuf/ros2_ws/install/turtlebot3_gazebo' for CMake config files
[3.282s] Level 1:colcon.colcon_core.shell:create_environment_hook('turtlebot3_gazebo', 'cmake_prefix_path')
[3.307s] INFO:colcon.colcon_core.shell:Creating environment hook '/home/yusuf/ros2_ws/install/turtlebot3_gazebo/share/turtlebot3_gazebo/hook/cmake_prefix_path.ps1'
[3.308s] INFO:colcon.colcon_core.shell:Creating environment descriptor '/home/yusuf/ros2_ws/install/turtlebot3_gazebo/share/turtlebot3_gazebo/hook/cmake_prefix_path.dsv'
[3.309s] INFO:colcon.colcon_core.shell:Creating environment hook '/home/yusuf/ros2_ws/install/turtlebot3_gazebo/share/turtlebot3_gazebo/hook/cmake_prefix_path.sh'
[3.310s] Level 1:colcon.colcon_core.environment:checking '/home/yusuf/ros2_ws/install/turtlebot3_gazebo/lib'
[3.310s] Level 1:colcon.colcon_core.environment:checking '/home/yusuf/ros2_ws/install/turtlebot3_gazebo/bin'
[3.310s] Level 1:colcon.colcon_core.environment:checking '/home/yusuf/ros2_ws/install/turtlebot3_gazebo/lib/pkgconfig/turtlebot3_gazebo.pc'
[3.310s] Level 1:colcon.colcon_core.environment:checking '/home/yusuf/ros2_ws/install/turtlebot3_gazebo/lib/python3.10/site-packages'
[3.310s] Level 1:colcon.colcon_core.environment:checking '/home/yusuf/ros2_ws/install/turtlebot3_gazebo/bin'
[3.330s] INFO:colcon.colcon_core.shell:Creating package script '/home/yusuf/ros2_ws/install/turtlebot3_gazebo/share/turtlebot3_gazebo/package.ps1'
[3.330s] INFO:colcon.colcon_core.shell:Creating package descriptor '/home/yusuf/ros2_ws/install/turtlebot3_gazebo/share/turtlebot3_gazebo/package.dsv'
[3.331s] INFO:colcon.colcon_core.shell:Creating package script '/home/yusuf/ros2_ws/install/turtlebot3_gazebo/share/turtlebot3_gazebo/package.sh'
[3.331s] INFO:colcon.colcon_core.shell:Creating package script '/home/yusuf/ros2_ws/install/turtlebot3_gazebo/share/turtlebot3_gazebo/package.bash'
[3.332s] INFO:colcon.colcon_core.shell:Creating package script '/home/yusuf/ros2_ws/install/turtlebot3_gazebo/share/turtlebot3_gazebo/package.zsh'
[3.332s] Level 1:colcon.colcon_core.environment:create_file_with_runtime_dependencies(/home/yusuf/ros2_ws/install/turtlebot3_gazebo/share/colcon-core/packages/turtlebot3_gazebo)
[3.352s] Level 1:colcon.colcon_core.environment:create_environment_scripts_only(robot_control)
[3.373s] Level 1:colcon.colcon_core.environment:checking '/home/yusuf/ros2_ws/install/robot_control' for CMake module files
[3.374s] Level 1:colcon.colcon_core.environment:checking '/home/yusuf/ros2_ws/install/robot_control' for CMake config files
[3.374s] Level 1:colcon.colcon_core.shell:create_environment_hook('robot_control', 'cmake_prefix_path')
[3.395s] INFO:colcon.colcon_core.shell:Creating environment hook '/home/yusuf/ros2_ws/install/robot_control/share/robot_control/hook/cmake_prefix_path.ps1'
[3.396s] INFO:colcon.colcon_core.shell:Creating environment descriptor '/home/yusuf/ros2_ws/install/robot_control/share/robot_control/hook/cmake_prefix_path.dsv'
[3.396s] INFO:colcon.colcon_core.shell:Creating environment hook '/home/yusuf/ros2_ws/install/robot_control/share/robot_control/hook/cmake_prefix_path.sh'
[3.396s] Level 1:colcon.colcon_core.environment:checking '/home/yusuf/ros2_ws/install/robot_control/bin'
[3.397s] Level 1:colcon.colcon_core.environment:checking '/home/yusuf/ros2_ws/install/robot_control/lib/pkgconfig/robot_control.pc'
[3.397s] Level 1:colcon.colcon_core.environment:checking '/home/yusuf/ros2_ws/install/robot_control/lib/python3.10/site-packages'
[3.397s] Level 1:colcon.colcon_core.environment:checking '/home/yusuf/ros2_ws/install/robot_control/bin'
[3.416s] INFO:colcon.colcon_core.shell:Creating package script '/home/yusuf/ros2_ws/install/robot_control/share/robot_control/package.ps1'
[3.416s] INFO:colcon.colcon_core.shell:Creating package descriptor '/home/yusuf/ros2_ws/install/robot_control/share/robot_control/package.dsv'
[3.416s] INFO:colcon.colcon_core.shell:Creating package script '/home/yusuf/ros2_ws/install/robot_control/share/robot_control/package.sh'
[3.417s] INFO:colcon.colcon_core.shell:Creating package script '/home/yusuf/ros2_ws/install/robot_control/share/robot_control/package.bash'
[3.417s] INFO:colcon.colcon_core.shell:Creating package script '/home/yusuf/ros2_ws/install/robot_control/share/robot_control/package.zsh'
[3.417s] Level 1:colcon.colcon_core.environment:create_file_with_runtime_dependencies(/home/yusuf/ros2_ws/install/robot_control/share/colcon-core/packages/robot_control)
[3.421s] Level 1:colcon.colcon_core.environment:create_environment_scripts_only(robot_test)
[3.422s] DEBUG:colcon.colcon_core.event_handler.log_command:Invoked command in '/home/yusuf/ros2_ws/build/robot_test' returned '0': CMAKE_PREFIX_PATH=/opt/ros/humble /usr/bin/cmake --install /home/yusuf/ros2_ws/build/robot_test
[3.441s] Level 1:colcon.colcon_core.environment:checking '/home/yusuf/ros2_ws/install/robot_test' for CMake module files
[3.442s] Level 1:colcon.colcon_core.environment:checking '/home/yusuf/ros2_ws/install/robot_test' for CMake config files
[3.442s] Level 1:colcon.colcon_core.shell:create_environment_hook('robot_test', 'cmake_prefix_path')
[3.461s] INFO:colcon.colcon_core.shell:Creating environment hook '/home/yusuf/ros2_ws/install/robot_test/share/robot_test/hook/cmake_prefix_path.ps1'
[3.461s] INFO:colcon.colcon_core.shell:Creating environment descriptor '/home/yusuf/ros2_ws/install/robot_test/share/robot_test/hook/cmake_prefix_path.dsv'
[3.462s] INFO:colcon.colcon_core.shell:Creating environment hook '/home/yusuf/ros2_ws/install/robot_test/share/robot_test/hook/cmake_prefix_path.sh'
[3.462s] Level 1:colcon.colcon_core.environment:checking '/home/yusuf/ros2_ws/install/robot_test/bin'
[3.463s] Level 1:colcon.colcon_core.environment:checking '/home/yusuf/ros2_ws/install/robot_test/lib/pkgconfig/robot_test.pc'
[3.463s] Level 1:colcon.colcon_core.environment:checking '/home/yusuf/ros2_ws/install/robot_test/lib/python3.10/site-packages'
[3.463s] Level 1:colcon.colcon_core.environment:checking '/home/yusuf/ros2_ws/install/robot_test/bin'
[3.481s] INFO:colcon.colcon_core.shell:Creating package script '/home/yusuf/ros2_ws/install/robot_test/share/robot_test/package.ps1'
[3.482s] INFO:colcon.colcon_core.shell:Creating package descriptor '/home/yusuf/ros2_ws/install/robot_test/share/robot_test/package.dsv'
[3.482s] INFO:colcon.colcon_core.shell:Creating package script '/home/yusuf/ros2_ws/install/robot_test/share/robot_test/package.sh'
[3.482s] INFO:colcon.colcon_core.shell:Creating package script '/home/yusuf/ros2_ws/install/robot_test/share/robot_test/package.bash'
[3.483s] INFO:colcon.colcon_core.shell:Creating package script '/home/yusuf/ros2_ws/install/robot_test/share/robot_test/package.zsh'
[3.483s] Level 1:colcon.colcon_core.environment:create_file_with_runtime_dependencies(/home/yusuf/ros2_ws/install/robot_test/share/colcon-core/packages/robot_test)
[3.485s] DEBUG:colcon.colcon_core.event_handler.log_command:Invoked command in '/home/yusuf/ros2_ws/build/navigation_' returned '0': CMAKE_PREFIX_PATH=/opt/ros/humble /usr/bin/cmake /home/yusuf/ros2_ws/src/navigation_ -DCMAKE_INSTALL_PREFIX=/home/yusuf/ros2_ws/install/navigation_
[3.487s] DEBUG:colcon.colcon_core.event_handler.log_command:Invoking command in '/home/yusuf/ros2_ws/build/navigation_': CMAKE_PREFIX_PATH=/opt/ros/humble /usr/bin/cmake --build /home/yusuf/ros2_ws/build/navigation_ -- -j8 -l8
[3.518s] Level 1:colcon.colcon_core.environment:create_environment_scripts_only(my_cpp_py_pkg)
[3.536s] Level 1:colcon.colcon_core.environment:checking '/home/yusuf/ros2_ws/install/my_cpp_py_pkg' for CMake module files
[3.536s] Level 1:colcon.colcon_core.environment:checking '/home/yusuf/ros2_ws/install/my_cpp_py_pkg' for CMake config files
[3.536s] Level 1:colcon.colcon_core.shell:create_environment_hook('my_cpp_py_pkg', 'cmake_prefix_path')
[3.554s] INFO:colcon.colcon_core.shell:Creating environment hook '/home/yusuf/ros2_ws/install/my_cpp_py_pkg/share/my_cpp_py_pkg/hook/cmake_prefix_path.ps1'
[3.555s] INFO:colcon.colcon_core.shell:Creating environment descriptor '/home/yusuf/ros2_ws/install/my_cpp_py_pkg/share/my_cpp_py_pkg/hook/cmake_prefix_path.dsv'
[3.556s] INFO:colcon.colcon_core.shell:Creating environment hook '/home/yusuf/ros2_ws/install/my_cpp_py_pkg/share/my_cpp_py_pkg/hook/cmake_prefix_path.sh'
[3.557s] Level 1:colcon.colcon_core.environment:checking '/home/yusuf/ros2_ws/install/my_cpp_py_pkg/bin'
[3.557s] Level 1:colcon.colcon_core.environment:checking '/home/yusuf/ros2_ws/install/my_cpp_py_pkg/lib/pkgconfig/my_cpp_py_pkg.pc'
[3.557s] Level 1:colcon.colcon_core.environment:checking '/home/yusuf/ros2_ws/install/my_cpp_py_pkg/lib/python3.10/site-packages'
[3.557s] Level 1:colcon.colcon_core.environment:checking '/home/yusuf/ros2_ws/install/my_cpp_py_pkg/bin'
[3.576s] INFO:colcon.colcon_core.shell:Creating package script '/home/yusuf/ros2_ws/install/my_cpp_py_pkg/share/my_cpp_py_pkg/package.ps1'
[3.577s] INFO:colcon.colcon_core.shell:Creating package descriptor '/home/yusuf/ros2_ws/install/my_cpp_py_pkg/share/my_cpp_py_pkg/package.dsv'
[3.577s] INFO:colcon.colcon_core.shell:Creating package script '/home/yusuf/ros2_ws/install/my_cpp_py_pkg/share/my_cpp_py_pkg/package.sh'
[3.577s] INFO:colcon.colcon_core.shell:Creating package script '/home/yusuf/ros2_ws/install/my_cpp_py_pkg/share/my_cpp_py_pkg/package.bash'
[3.578s] INFO:colcon.colcon_core.shell:Creating package script '/home/yusuf/ros2_ws/install/my_cpp_py_pkg/share/my_cpp_py_pkg/package.zsh'
[3.578s] Level 1:colcon.colcon_core.environment:create_file_with_runtime_dependencies(/home/yusuf/ros2_ws/install/my_cpp_py_pkg/share/colcon-core/packages/my_cpp_py_pkg)
[3.583s] DEBUG:colcon.colcon_core.event_handler.log_command:Invoking command in '/home/yusuf/ros2_ws/src/robot_python': PYTHONPATH=/home/yusuf/ros2_ws/build/robot_python/prefix_override:/home/yusuf/ros2_ws/install/robot_python/lib/python3.10/site-packages:${PYTHONPATH} /usr/bin/python3 setup.py egg_info --egg-base ../../build/robot_python build --build-base /home/yusuf/ros2_ws/build/robot_python/build install --record /home/yusuf/ros2_ws/build/robot_python/install.log --single-version-externally-managed
[3.602s] Level 1:colcon.colcon_core.environment:create_environment_scripts_only(robot_cpp)
[3.621s] Level 1:colcon.colcon_core.environment:checking '/home/yusuf/ros2_ws/install/robot_cpp' for CMake module files
[3.622s] Level 1:colcon.colcon_core.environment:checking '/home/yusuf/ros2_ws/install/robot_cpp' for CMake config files
[3.623s] Level 1:colcon.colcon_core.shell:create_environment_hook('robot_cpp', 'cmake_prefix_path')
[3.643s] INFO:colcon.colcon_core.shell:Creating environment hook '/home/yusuf/ros2_ws/install/robot_cpp/share/robot_cpp/hook/cmake_prefix_path.ps1'
[3.644s] INFO:colcon.colcon_core.shell:Creating environment descriptor '/home/yusuf/ros2_ws/install/robot_cpp/share/robot_cpp/hook/cmake_prefix_path.dsv'
[3.644s] INFO:colcon.colcon_core.shell:Creating environment hook '/home/yusuf/ros2_ws/install/robot_cpp/share/robot_cpp/hook/cmake_prefix_path.sh'
[3.644s] Level 1:colcon.colcon_core.environment:checking '/home/yusuf/ros2_ws/install/robot_cpp/bin'
[3.645s] Level 1:colcon.colcon_core.environment:checking '/home/yusuf/ros2_ws/install/robot_cpp/lib/pkgconfig/robot_cpp.pc'
[3.645s] Level 1:colcon.colcon_core.environment:checking '/home/yusuf/ros2_ws/install/robot_cpp/lib/python3.10/site-packages'
[3.645s] Level 1:colcon.colcon_core.environment:checking '/home/yusuf/ros2_ws/install/robot_cpp/bin'
[3.664s] INFO:colcon.colcon_core.shell:Creating package script '/home/yusuf/ros2_ws/install/robot_cpp/share/robot_cpp/package.ps1'
[3.664s] INFO:colcon.colcon_core.shell:Creating package descriptor '/home/yusuf/ros2_ws/install/robot_cpp/share/robot_cpp/package.dsv'
[3.665s] INFO:colcon.colcon_core.shell:Creating package script '/home/yusuf/ros2_ws/install/robot_cpp/share/robot_cpp/package.sh'
[3.665s] INFO:colcon.colcon_core.shell:Creating package script '/home/yusuf/ros2_ws/install/robot_cpp/share/robot_cpp/package.bash'
[3.666s] INFO:colcon.colcon_core.shell:Creating package script '/home/yusuf/ros2_ws/install/robot_cpp/share/robot_cpp/package.zsh'
[3.666s] Level 1:colcon.colcon_core.environment:create_file_with_runtime_dependencies(/home/yusuf/ros2_ws/install/robot_cpp/share/colcon-core/packages/robot_cpp)
[3.688s] Level 1:colcon.colcon_core.environment:create_environment_scripts_only(turtlebot3_fake_node)
[3.708s] Level 1:colcon.colcon_core.environment:checking '/home/yusuf/ros2_ws/install/turtlebot3_fake_node' for CMake module files
[3.709s] Level 1:colcon.colcon_core.environment:checking '/home/yusuf/ros2_ws/install/turtlebot3_fake_node' for CMake config files
[3.709s] Level 1:colcon.colcon_core.shell:create_environment_hook('turtlebot3_fake_node', 'cmake_prefix_path')
[3.728s] INFO:colcon.colcon_core.shell:Creating environment hook '/home/yusuf/ros2_ws/install/turtlebot3_fake_node/share/turtlebot3_fake_node/hook/cmake_prefix_path.ps1'
[3.729s] INFO:colcon.colcon_core.shell:Creating environment descriptor '/home/yusuf/ros2_ws/install/turtlebot3_fake_node/share/turtlebot3_fake_node/hook/cmake_prefix_path.dsv'
[3.729s] INFO:colcon.colcon_core.shell:Creating environment hook '/home/yusuf/ros2_ws/install/turtlebot3_fake_node/share/turtlebot3_fake_node/hook/cmake_prefix_path.sh'
[3.729s] Level 1:colcon.colcon_core.environment:checking '/home/yusuf/ros2_ws/install/turtlebot3_fake_node/lib'
[3.729s] Level 1:colcon.colcon_core.environment:checking '/home/yusuf/ros2_ws/install/turtlebot3_fake_node/bin'
[3.729s] Level 1:colcon.colcon_core.environment:checking '/home/yusuf/ros2_ws/install/turtlebot3_fake_node/lib/pkgconfig/turtlebot3_fake_node.pc'
[3.730s] Level 1:colcon.colcon_core.environment:checking '/home/yusuf/ros2_ws/install/turtlebot3_fake_node/lib/python3.10/site-packages'
[3.730s] Level 1:colcon.colcon_core.environment:checking '/home/yusuf/ros2_ws/install/turtlebot3_fake_node/bin'
[3.748s] INFO:colcon.colcon_core.shell:Creating package script '/home/yusuf/ros2_ws/install/turtlebot3_fake_node/share/turtlebot3_fake_node/package.ps1'
[3.748s] INFO:colcon.colcon_core.shell:Creating package descriptor '/home/yusuf/ros2_ws/install/turtlebot3_fake_node/share/turtlebot3_fake_node/package.dsv'
[3.749s] INFO:colcon.colcon_core.shell:Creating package script '/home/yusuf/ros2_ws/install/turtlebot3_fake_node/share/turtlebot3_fake_node/package.sh'
[3.749s] INFO:colcon.colcon_core.shell:Creating package script '/home/yusuf/ros2_ws/install/turtlebot3_fake_node/share/turtlebot3_fake_node/package.bash'
[3.750s] INFO:colcon.colcon_core.shell:Creating package script '/home/yusuf/ros2_ws/install/turtlebot3_fake_node/share/turtlebot3_fake_node/package.zsh'
[3.750s] Level 1:colcon.colcon_core.environment:create_file_with_runtime_dependencies(/home/yusuf/ros2_ws/install/turtlebot3_fake_node/share/colcon-core/packages/turtlebot3_fake_node)
[3.773s] Level 1:colcon.colcon_core.environment:create_environment_scripts_only(turtlebot3_gazebo)
[3.794s] Level 1:colcon.colcon_core.environment:checking '/home/yusuf/ros2_ws/install/turtlebot3_gazebo' for CMake module files
[3.795s] Level 1:colcon.colcon_core.environment:checking '/home/yusuf/ros2_ws/install/turtlebot3_gazebo' for CMake config files
[3.795s] Level 1:colcon.colcon_core.shell:create_environment_hook('turtlebot3_gazebo', 'cmake_prefix_path')
[3.816s] INFO:colcon.colcon_core.shell:Creating environment hook '/home/yusuf/ros2_ws/install/turtlebot3_gazebo/share/turtlebot3_gazebo/hook/cmake_prefix_path.ps1'
[3.816s] INFO:colcon.colcon_core.shell:Creating environment descriptor '/home/yusuf/ros2_ws/install/turtlebot3_gazebo/share/turtlebot3_gazebo/hook/cmake_prefix_path.dsv'
[3.817s] INFO:colcon.colcon_core.shell:Creating environment hook '/home/yusuf/ros2_ws/install/turtlebot3_gazebo/share/turtlebot3_gazebo/hook/cmake_prefix_path.sh'
[3.817s] Level 1:colcon.colcon_core.environment:checking '/home/yusuf/ros2_ws/install/turtlebot3_gazebo/lib'
[3.817s] Level 1:colcon.colcon_core.environment:checking '/home/yusuf/ros2_ws/install/turtlebot3_gazebo/bin'
[3.817s] Level 1:colcon.colcon_core.environment:checking '/home/yusuf/ros2_ws/install/turtlebot3_gazebo/lib/pkgconfig/turtlebot3_gazebo.pc'
[3.818s] Level 1:colcon.colcon_core.environment:checking '/home/yusuf/ros2_ws/install/turtlebot3_gazebo/lib/python3.10/site-packages'
[3.818s] Level 1:colcon.colcon_core.environment:checking '/home/yusuf/ros2_ws/install/turtlebot3_gazebo/bin'
[3.836s] INFO:colcon.colcon_core.shell:Creating package script '/home/yusuf/ros2_ws/install/turtlebot3_gazebo/share/turtlebot3_gazebo/package.ps1'
[3.836s] INFO:colcon.colcon_core.shell:Creating package descriptor '/home/yusuf/ros2_ws/install/turtlebot3_gazebo/share/turtlebot3_gazebo/package.dsv'
[3.837s] INFO:colcon.colcon_core.shell:Creating package script '/home/yusuf/ros2_ws/install/turtlebot3_gazebo/share/turtlebot3_gazebo/package.sh'
[3.837s] INFO:colcon.colcon_core.shell:Creating package script '/home/yusuf/ros2_ws/install/turtlebot3_gazebo/share/turtlebot3_gazebo/package.bash'
[3.838s] INFO:colcon.colcon_core.shell:Creating package script '/home/yusuf/ros2_ws/install/turtlebot3_gazebo/share/turtlebot3_gazebo/package.zsh'
[3.839s] Level 1:colcon.colcon_core.environment:create_file_with_runtime_dependencies(/home/yusuf/ros2_ws/install/turtlebot3_gazebo/share/colcon-core/packages/turtlebot3_gazebo)
[3.842s] INFO:colcon.colcon_ros.task.ament_cmake.build:Building ROS package in '/home/yusuf/ros2_ws/src/turtlebot3_simulations/turtlebot3_simulations' with build type 'ament_cmake'
[3.842s] INFO:colcon.colcon_cmake.task.cmake.build:Building CMake package in '/home/yusuf/ros2_ws/src/turtlebot3_simulations/turtlebot3_simulations'
[3.863s] INFO:colcon.colcon_core.shell:Skip shell extension 'powershell' for command environment: Not usable outside of PowerShell
[3.863s] DEBUG:colcon.colcon_core.shell:Skip shell extension 'dsv' for command environment
[3.925s] DEBUG:colcon.colcon_core.event_handler.log_command:Invoked command in '/home/yusuf/ros2_ws/build/navigation_' returned '0': CMAKE_PREFIX_PATH=/opt/ros/humble /usr/bin/cmake --build /home/yusuf/ros2_ws/build/navigation_ -- -j8 -l8
[3.966s] Level 1:colcon.colcon_core.environment:create_environment_scripts_only(robot_test)
[3.995s] Level 1:colcon.colcon_core.environment:checking '/home/yusuf/ros2_ws/install/robot_test' for CMake module files
[3.995s] Level 1:colcon.colcon_core.environment:checking '/home/yusuf/ros2_ws/install/robot_test' for CMake config files
[3.996s] Level 1:colcon.colcon_core.shell:create_environment_hook('robot_test', 'cmake_prefix_path')
[4.017s] INFO:colcon.colcon_core.shell:Creating environment hook '/home/yusuf/ros2_ws/install/robot_test/share/robot_test/hook/cmake_prefix_path.ps1'
[4.018s] INFO:colcon.colcon_core.shell:Creating environment descriptor '/home/yusuf/ros2_ws/install/robot_test/share/robot_test/hook/cmake_prefix_path.dsv'
[4.018s] INFO:colcon.colcon_core.shell:Creating environment hook '/home/yusuf/ros2_ws/install/robot_test/share/robot_test/hook/cmake_prefix_path.sh'
[4.019s] Level 1:colcon.colcon_core.environment:checking '/home/yusuf/ros2_ws/install/robot_test/bin'
[4.019s] Level 1:colcon.colcon_core.environment:checking '/home/yusuf/ros2_ws/install/robot_test/lib/pkgconfig/robot_test.pc'
[4.019s] Level 1:colcon.colcon_core.environment:checking '/home/yusuf/ros2_ws/install/robot_test/lib/python3.10/site-packages'
[4.019s] Level 1:colcon.colcon_core.environment:checking '/home/yusuf/ros2_ws/install/robot_test/bin'
[4.040s] INFO:colcon.colcon_core.shell:Creating package script '/home/yusuf/ros2_ws/install/robot_test/share/robot_test/package.ps1'
[4.041s] INFO:colcon.colcon_core.shell:Creating package descriptor '/home/yusuf/ros2_ws/install/robot_test/share/robot_test/package.dsv'
[4.042s] INFO:colcon.colcon_core.shell:Creating package script '/home/yusuf/ros2_ws/install/robot_test/share/robot_test/package.sh'
[4.042s] INFO:colcon.colcon_core.shell:Creating package script '/home/yusuf/ros2_ws/install/robot_test/share/robot_test/package.bash'
[4.043s] INFO:colcon.colcon_core.shell:Creating package script '/home/yusuf/ros2_ws/install/robot_test/share/robot_test/package.zsh'
[4.043s] Level 1:colcon.colcon_core.environment:create_file_with_runtime_dependencies(/home/yusuf/ros2_ws/install/robot_test/share/colcon-core/packages/robot_test)
[4.052s] DEBUG:colcon.colcon_core.event_handler.log_command:Invoking command in '/home/yusuf/ros2_ws/build/turtlebot3_simulations': AMENT_PREFIX_PATH=/home/yusuf/ros2_ws/install/turtlebot3_gazebo:/home/yusuf/ros2_ws/install/turtlebot3_fake_node:${AMENT_PREFIX_PATH} CMAKE_PREFIX_PATH=/home/yusuf/ros2_ws/install/turtlebot3_gazebo:/home/yusuf/ros2_ws/install/turtlebot3_fake_node:/opt/ros/humble /usr/bin/cmake --build /home/yusuf/ros2_ws/build/turtlebot3_simulations -- -j8 -l8
[4.053s] DEBUG:colcon.colcon_core.event_handler.log_command:Invoking command in '/home/yusuf/ros2_ws/build/navigation_': CMAKE_PREFIX_PATH=/opt/ros/humble /usr/bin/cmake --install /home/yusuf/ros2_ws/build/navigation_
[4.054s] DEBUG:colcon.colcon_core.event_handler.log_command:Invoked command in '/home/yusuf/ros2_ws/src/robot_python' returned '0': PYTHONPATH=/home/yusuf/ros2_ws/build/robot_python/prefix_override:/home/yusuf/ros2_ws/install/robot_python/lib/python3.10/site-packages:${PYTHONPATH} /usr/bin/python3 setup.py egg_info --egg-base ../../build/robot_python build --build-base /home/yusuf/ros2_ws/build/robot_python/build install --record /home/yusuf/ros2_ws/build/robot_python/install.log --single-version-externally-managed
[4.076s] Level 1:colcon.colcon_core.environment:checking '/home/yusuf/ros2_ws/install/robot_python' for CMake module files
[4.077s] Level 1:colcon.colcon_core.environment:checking '/home/yusuf/ros2_ws/install/robot_python' for CMake config files
[4.078s] Level 1:colcon.colcon_core.environment:checking '/home/yusuf/ros2_ws/install/robot_python/lib'
[4.078s] Level 1:colcon.colcon_core.environment:checking '/home/yusuf/ros2_ws/install/robot_python/bin'
[4.078s] Level 1:colcon.colcon_core.environment:checking '/home/yusuf/ros2_ws/install/robot_python/lib/pkgconfig/robot_python.pc'
[4.078s] Level 1:colcon.colcon_core.environment:checking '/home/yusuf/ros2_ws/install/robot_python/lib/python3.10/site-packages'
[4.078s] Level 1:colcon.colcon_core.shell:create_environment_hook('robot_python', 'pythonpath')
[4.097s] INFO:colcon.colcon_core.shell:Creating environment hook '/home/yusuf/ros2_ws/install/robot_python/share/robot_python/hook/pythonpath.ps1'
[4.098s] INFO:colcon.colcon_core.shell:Creating environment descriptor '/home/yusuf/ros2_ws/install/robot_python/share/robot_python/hook/pythonpath.dsv'
[4.098s] INFO:colcon.colcon_core.shell:Creating environment hook '/home/yusuf/ros2_ws/install/robot_python/share/robot_python/hook/pythonpath.sh'
[4.099s] Level 1:colcon.colcon_core.environment:checking '/home/yusuf/ros2_ws/install/robot_python/bin'
[4.099s] Level 1:colcon.colcon_core.environment:create_environment_scripts_only(robot_python)
[4.118s] INFO:colcon.colcon_core.shell:Creating package script '/home/yusuf/ros2_ws/install/robot_python/share/robot_python/package.ps1'
[4.119s] INFO:colcon.colcon_core.shell:Creating package descriptor '/home/yusuf/ros2_ws/install/robot_python/share/robot_python/package.dsv'
[4.119s] INFO:colcon.colcon_core.shell:Creating package script '/home/yusuf/ros2_ws/install/robot_python/share/robot_python/package.sh'
[4.119s] INFO:colcon.colcon_core.shell:Creating package script '/home/yusuf/ros2_ws/install/robot_python/share/robot_python/package.bash'
[4.120s] INFO:colcon.colcon_core.shell:Creating package script '/home/yusuf/ros2_ws/install/robot_python/share/robot_python/package.zsh'
[4.120s] Level 1:colcon.colcon_core.environment:create_file_with_runtime_dependencies(/home/yusuf/ros2_ws/install/robot_python/share/colcon-core/packages/robot_python)
[4.125s] Level 1:colcon.colcon_core.environment:create_environment_scripts_only(navigation_)
[4.129s] DEBUG:colcon.colcon_core.event_handler.log_command:Invoked command in '/home/yusuf/ros2_ws/build/turtlebot3_simulations' returned '0': AMENT_PREFIX_PATH=/home/yusuf/ros2_ws/install/turtlebot3_gazebo:/home/yusuf/ros2_ws/install/turtlebot3_fake_node:${AMENT_PREFIX_PATH} CMAKE_PREFIX_PATH=/home/yusuf/ros2_ws/install/turtlebot3_gazebo:/home/yusuf/ros2_ws/install/turtlebot3_fake_node:/opt/ros/humble /usr/bin/cmake --build /home/yusuf/ros2_ws/build/turtlebot3_simulations -- -j8 -l8
[4.130s] DEBUG:colcon.colcon_core.event_handler.log_command:Invoked command in '/home/yusuf/ros2_ws/build/navigation_' returned '0': CMAKE_PREFIX_PATH=/opt/ros/humble /usr/bin/cmake --install /home/yusuf/ros2_ws/build/navigation_
[4.149s] Level 1:colcon.colcon_core.environment:checking '/home/yusuf/ros2_ws/install/navigation_' for CMake module files
[4.150s] Level 1:colcon.colcon_core.environment:checking '/home/yusuf/ros2_ws/install/navigation_' for CMake config files
[4.150s] Level 1:colcon.colcon_core.shell:create_environment_hook('navigation_', 'cmake_prefix_path')
[4.170s] INFO:colcon.colcon_core.shell:Creating environment hook '/home/yusuf/ros2_ws/install/navigation_/share/navigation_/hook/cmake_prefix_path.ps1'
[4.170s] INFO:colcon.colcon_core.shell:Creating environment descriptor '/home/yusuf/ros2_ws/install/navigation_/share/navigation_/hook/cmake_prefix_path.dsv'
[4.171s] INFO:colcon.colcon_core.shell:Creating environment hook '/home/yusuf/ros2_ws/install/navigation_/share/navigation_/hook/cmake_prefix_path.sh'
[4.172s] Level 1:colcon.colcon_core.environment:checking '/home/yusuf/ros2_ws/install/navigation_/bin'
[4.172s] Level 1:colcon.colcon_core.environment:checking '/home/yusuf/ros2_ws/install/navigation_/lib/pkgconfig/navigation_.pc'
[4.172s] Level 1:colcon.colcon_core.environment:checking '/home/yusuf/ros2_ws/install/navigation_/lib/python3.10/site-packages'
[4.173s] Level 1:colcon.colcon_core.environment:checking '/home/yusuf/ros2_ws/install/navigation_/bin'
[4.191s] INFO:colcon.colcon_core.shell:Creating package script '/home/yusuf/ros2_ws/install/navigation_/share/navigation_/package.ps1'
[4.192s] INFO:colcon.colcon_core.shell:Creating package descriptor '/home/yusuf/ros2_ws/install/navigation_/share/navigation_/package.dsv'
[4.192s] INFO:colcon.colcon_core.shell:Creating package script '/home/yusuf/ros2_ws/install/navigation_/share/navigation_/package.sh'
[4.193s] INFO:colcon.colcon_core.shell:Creating package script '/home/yusuf/ros2_ws/install/navigation_/share/navigation_/package.bash'
[4.193s] INFO:colcon.colcon_core.shell:Creating package script '/home/yusuf/ros2_ws/install/navigation_/share/navigation_/package.zsh'
[4.193s] Level 1:colcon.colcon_core.environment:create_file_with_runtime_dependencies(/home/yusuf/ros2_ws/install/navigation_/share/colcon-core/packages/navigation_)
[4.197s] DEBUG:colcon.colcon_core.event_handler.log_command:Invoking command in '/home/yusuf/ros2_ws/build/turtlebot3_simulations': AMENT_PREFIX_PATH=/home/yusuf/ros2_ws/install/turtlebot3_gazebo:/home/yusuf/ros2_ws/install/turtlebot3_fake_node:${AMENT_PREFIX_PATH} CMAKE_PREFIX_PATH=/home/yusuf/ros2_ws/install/turtlebot3_gazebo:/home/yusuf/ros2_ws/install/turtlebot3_fake_node:/opt/ros/humble /usr/bin/cmake --install /home/yusuf/ros2_ws/build/turtlebot3_simulations
[4.211s] Level 1:colcon.colcon_core.environment:create_environment_scripts_only(turtlebot3_simulations)
[4.212s] DEBUG:colcon.colcon_core.event_handler.log_command:Invoked command in '/home/yusuf/ros2_ws/build/turtlebot3_simulations' returned '0': AMENT_PREFIX_PATH=/home/yusuf/ros2_ws/install/turtlebot3_gazebo:/home/yusuf/ros2_ws/install/turtlebot3_fake_node:${AMENT_PREFIX_PATH} CMAKE_PREFIX_PATH=/home/yusuf/ros2_ws/install/turtlebot3_gazebo:/home/yusuf/ros2_ws/install/turtlebot3_fake_node:/opt/ros/humble /usr/bin/cmake --install /home/yusuf/ros2_ws/build/turtlebot3_simulations
[4.230s] Level 1:colcon.colcon_core.environment:checking '/home/yusuf/ros2_ws/install/turtlebot3_simulations' for CMake module files
[4.231s] Level 1:colcon.colcon_core.environment:checking '/home/yusuf/ros2_ws/install/turtlebot3_simulations' for CMake config files
[4.231s] Level 1:colcon.colcon_core.shell:create_environment_hook('turtlebot3_simulations', 'cmake_prefix_path')
[4.248s] INFO:colcon.colcon_core.shell:Creating environment hook '/home/yusuf/ros2_ws/install/turtlebot3_simulations/share/turtlebot3_simulations/hook/cmake_prefix_path.ps1'
[4.248s] INFO:colcon.colcon_core.shell:Creating environment descriptor '/home/yusuf/ros2_ws/install/turtlebot3_simulations/share/turtlebot3_simulations/hook/cmake_prefix_path.dsv'
[4.248s] INFO:colcon.colcon_core.shell:Creating environment hook '/home/yusuf/ros2_ws/install/turtlebot3_simulations/share/turtlebot3_simulations/hook/cmake_prefix_path.sh'
[4.249s] Level 1:colcon.colcon_core.environment:checking '/home/yusuf/ros2_ws/install/turtlebot3_simulations/bin'
[4.249s] Level 1:colcon.colcon_core.environment:checking '/home/yusuf/ros2_ws/install/turtlebot3_simulations/lib/pkgconfig/turtlebot3_simulations.pc'
[4.249s] Level 1:colcon.colcon_core.environment:checking '/home/yusuf/ros2_ws/install/turtlebot3_simulations/lib/python3.10/site-packages'
[4.249s] Level 1:colcon.colcon_core.environment:checking '/home/yusuf/ros2_ws/install/turtlebot3_simulations/bin'
[4.266s] INFO:colcon.colcon_core.shell:Creating package script '/home/yusuf/ros2_ws/install/turtlebot3_simulations/share/turtlebot3_simulations/package.ps1'
[4.267s] INFO:colcon.colcon_core.shell:Creating package descriptor '/home/yusuf/ros2_ws/install/turtlebot3_simulations/share/turtlebot3_simulations/package.dsv'
[4.267s] INFO:colcon.colcon_core.shell:Creating package script '/home/yusuf/ros2_ws/install/turtlebot3_simulations/share/turtlebot3_simulations/package.sh'
[4.267s] INFO:colcon.colcon_core.shell:Creating package script '/home/yusuf/ros2_ws/install/turtlebot3_simulations/share/turtlebot3_simulations/package.bash'
[4.268s] INFO:colcon.colcon_core.shell:Creating package script '/home/yusuf/ros2_ws/install/turtlebot3_simulations/share/turtlebot3_simulations/package.zsh'
[4.268s] Level 1:colcon.colcon_core.environment:create_file_with_runtime_dependencies(/home/yusuf/ros2_ws/install/turtlebot3_simulations/share/colcon-core/packages/turtlebot3_simulations)
[4.290s] Level 1:colcon.colcon_core.environment:create_environment_scripts_only(navigation_)
[4.310s] Level 1:colcon.colcon_core.environment:checking '/home/yusuf/ros2_ws/install/navigation_' for CMake module files
[4.311s] Level 1:colcon.colcon_core.environment:checking '/home/yusuf/ros2_ws/install/navigation_' for CMake config files
[4.312s] Level 1:colcon.colcon_core.shell:create_environment_hook('navigation_', 'cmake_prefix_path')
[4.328s] INFO:colcon.colcon_core.shell:Creating environment hook '/home/yusuf/ros2_ws/install/navigation_/share/navigation_/hook/cmake_prefix_path.ps1'
[4.329s] INFO:colcon.colcon_core.shell:Creating environment descriptor '/home/yusuf/ros2_ws/install/navigation_/share/navigation_/hook/cmake_prefix_path.dsv'
[4.329s] INFO:colcon.colcon_core.shell:Creating environment hook '/home/yusuf/ros2_ws/install/navigation_/share/navigation_/hook/cmake_prefix_path.sh'
[4.330s] Level 1:colcon.colcon_core.environment:checking '/home/yusuf/ros2_ws/install/navigation_/bin'
[4.330s] Level 1:colcon.colcon_core.environment:checking '/home/yusuf/ros2_ws/install/navigation_/lib/pkgconfig/navigation_.pc'
[4.330s] Level 1:colcon.colcon_core.environment:checking '/home/yusuf/ros2_ws/install/navigation_/lib/python3.10/site-packages'
[4.330s] Level 1:colcon.colcon_core.environment:checking '/home/yusuf/ros2_ws/install/navigation_/bin'
[4.346s] INFO:colcon.colcon_core.shell:Creating package script '/home/yusuf/ros2_ws/install/navigation_/share/navigation_/package.ps1'
[4.347s] INFO:colcon.colcon_core.shell:Creating package descriptor '/home/yusuf/ros2_ws/install/navigation_/share/navigation_/package.dsv'
[4.347s] INFO:colcon.colcon_core.shell:Creating package script '/home/yusuf/ros2_ws/install/navigation_/share/navigation_/package.sh'
[4.348s] INFO:colcon.colcon_core.shell:Creating package script '/home/yusuf/ros2_ws/install/navigation_/share/navigation_/package.bash'
[4.348s] INFO:colcon.colcon_core.shell:Creating package script '/home/yusuf/ros2_ws/install/navigation_/share/navigation_/package.zsh'
[4.348s] Level 1:colcon.colcon_core.environment:create_file_with_runtime_dependencies(/home/yusuf/ros2_ws/install/navigation_/share/colcon-core/packages/navigation_)
[4.366s] Level 1:colcon.colcon_core.environment:create_environment_scripts_only(turtlebot3_simulations)
[4.386s] Level 1:colcon.colcon_core.environment:checking '/home/yusuf/ros2_ws/install/turtlebot3_simulations' for CMake module files
[4.386s] Level 1:colcon.colcon_core.environment:checking '/home/yusuf/ros2_ws/install/turtlebot3_simulations' for CMake config files
[4.386s] Level 1:colcon.colcon_core.shell:create_environment_hook('turtlebot3_simulations', 'cmake_prefix_path')
[4.403s] INFO:colcon.colcon_core.shell:Creating environment hook '/home/yusuf/ros2_ws/install/turtlebot3_simulations/share/turtlebot3_simulations/hook/cmake_prefix_path.ps1'
[4.404s] INFO:colcon.colcon_core.shell:Creating environment descriptor '/home/yusuf/ros2_ws/install/turtlebot3_simulations/share/turtlebot3_simulations/hook/cmake_prefix_path.dsv'
[4.404s] INFO:colcon.colcon_core.shell:Creating environment hook '/home/yusuf/ros2_ws/install/turtlebot3_simulations/share/turtlebot3_simulations/hook/cmake_prefix_path.sh'
[4.405s] Level 1:colcon.colcon_core.environment:checking '/home/yusuf/ros2_ws/install/turtlebot3_simulations/bin'
[4.405s] Level 1:colcon.colcon_core.environment:checking '/home/yusuf/ros2_ws/install/turtlebot3_simulations/lib/pkgconfig/turtlebot3_simulations.pc'
[4.406s] Level 1:colcon.colcon_core.environment:checking '/home/yusuf/ros2_ws/install/turtlebot3_simulations/lib/python3.10/site-packages'
[4.406s] Level 1:colcon.colcon_core.environment:checking '/home/yusuf/ros2_ws/install/turtlebot3_simulations/bin'
[4.427s] INFO:colcon.colcon_core.shell:Creating package script '/home/yusuf/ros2_ws/install/turtlebot3_simulations/share/turtlebot3_simulations/package.ps1'
[4.428s] INFO:colcon.colcon_core.shell:Creating package descriptor '/home/yusuf/ros2_ws/install/turtlebot3_simulations/share/turtlebot3_simulations/package.dsv'
[4.428s] INFO:colcon.colcon_core.shell:Creating package script '/home/yusuf/ros2_ws/install/turtlebot3_simulations/share/turtlebot3_simulations/package.sh'
[4.429s] INFO:colcon.colcon_core.shell:Creating package script '/home/yusuf/ros2_ws/install/turtlebot3_simulations/share/turtlebot3_simulations/package.bash'
[4.429s] INFO:colcon.colcon_core.shell:Creating package script '/home/yusuf/ros2_ws/install/turtlebot3_simulations/share/turtlebot3_simulations/package.zsh'
[4.429s] Level 1:colcon.colcon_core.environment:create_file_with_runtime_dependencies(/home/yusuf/ros2_ws/install/turtlebot3_simulations/share/colcon-core/packages/turtlebot3_simulations)
[4.430s] DEBUG:colcon.colcon_parallel_executor.executor.parallel:closing loop
[4.430s] DEBUG:colcon.colcon_parallel_executor.executor.parallel:loop closed
[4.430s] DEBUG:colcon.colcon_parallel_executor.executor.parallel:run_until_complete finished with '0'
[4.430s] DEBUG:colcon.colcon_core.event_reactor:joining thread
[4.455s] INFO:colcon.colcon_core.plugin_system:Skipping extension 'colcon_notification.desktop_notification.terminal_notifier': Not used on non-Darwin systems
[4.455s] INFO:colcon.colcon_core.plugin_system:Skipping extension 'colcon_notification.desktop_notification.win32': Not used on non-Windows systems
[4.455s] INFO:colcon.colcon_notification.desktop_notification:Sending desktop notification using 'notify2'
[4.485s] DEBUG:colcon.colcon_core.event_reactor:joined thread
[4.514s] INFO:colcon.colcon_core.shell:Creating prefix script '/home/yusuf/ros2_ws/install/local_setup.ps1'
[4.515s] INFO:colcon.colcon_core.shell:Creating prefix util module '/home/yusuf/ros2_ws/install/_local_setup_util_ps1.py'
[4.517s] INFO:colcon.colcon_core.shell:Creating prefix chain script '/home/yusuf/ros2_ws/install/setup.ps1'
[4.541s] INFO:colcon.colcon_core.shell:Creating prefix script '/home/yusuf/ros2_ws/install/local_setup.sh'
[4.542s] INFO:colcon.colcon_core.shell:Creating prefix util module '/home/yusuf/ros2_ws/install/_local_setup_util_sh.py'
[4.542s] INFO:colcon.colcon_core.shell:Creating prefix chain script '/home/yusuf/ros2_ws/install/setup.sh'
[4.562s] INFO:colcon.colcon_core.shell:Creating prefix script '/home/yusuf/ros2_ws/install/local_setup.bash'
[4.563s] INFO:colcon.colcon_core.shell:Creating prefix chain script '/home/yusuf/ros2_ws/install/setup.bash'
[4.581s] INFO:colcon.colcon_core.shell:Creating prefix script '/home/yusuf/ros2_ws/install/local_setup.zsh'
[4.582s] INFO:colcon.colcon_core.shell:Creating prefix chain script '/home/yusuf/ros2_ws/install/setup.zsh'
