[0.568s] Invoking command in '/home/yusuf/ros2_ws/build/ros2_control_demo_example_5': AMENT_PREFIX_PATH=/home/yusuf/ros2_ws/install/ros2_control_demo_description:${AMENT_PREFIX_PATH} CMAKE_PREFIX_PATH=/home/yusuf/ros2_ws/install/ros2_control_demo_description:/home/yusuf/assignment_ws/install/module_9_assignment:/home/yusuf/assignment_ws/install/module_8_assignment:/home/yusuf/assignment_ws/install/module_7_assignment:/home/yusuf/assignment_ws/install/module_6_assignment:/home/yusuf/assignment_ws/install/module_5_assignment:/home/yusuf/assignment_ws/install/module_4_assignment:/home/yusuf/assignment_ws/install/module_3_assignment:/home/yusuf/assignment_ws/install/module_2_assignment:/home/yusuf/assignment_ws/install/module_1_assignment:/home/yusuf/assignment_ws/install/module_10_assignment:/opt/ros/humble /usr/bin/cmake /home/yusuf/ros2_ws/src/ros2_control_demos/example_5 -DCMAKE_INSTALL_PREFIX=/home/yusuf/ros2_ws/install/ros2_control_demo_example_5
[34.614s] -- The CXX compiler identification is GNU 11.4.0
[34.614s] -- Detecting CXX compiler ABI info
[34.615s] -- Detecting CXX compiler ABI info - done
[34.615s] -- Check for working CXX compiler: /usr/bin/c++ - skipped
[34.615s] -- Detecting CXX compile features
[34.616s] -- Detecting CXX compile features - done
[34.616s] -- Found ament_cmake: 1.3.8 (/opt/ros/humble/share/ament_cmake/cmake)
[34.617s] -- Found Python3: /usr/bin/python3 (found version "3.10.12") found components: Interpreter 
[34.617s] -- Found hardware_interface: 2.39.1 (/opt/ros/humble/share/hardware_interface/cmake)
[34.618s] -- Found rosidl_generator_c: 3.1.5 (/opt/ros/humble/share/rosidl_generator_c/cmake)
[34.618s] -- Found rosidl_adapter: 3.1.5 (/opt/ros/humble/share/rosidl_adapter/cmake)
[34.619s] -- Found rosidl_generator_cpp: 3.1.5 (/opt/ros/humble/share/rosidl_generator_cpp/cmake)
[34.619s] -- Using all available rosidl_typesupport_c: rosidl_typesupport_fastrtps_c;rosidl_typesupport_introspection_c
[34.619s] -- Using all available rosidl_typesupport_cpp: rosidl_typesupport_fastrtps_cpp;rosidl_typesupport_introspection_cpp
[34.620s] -- Found rmw_implementation_cmake: 6.1.1 (/opt/ros/humble/share/rmw_implementation_cmake/cmake)
[34.620s] -- Found rmw_fastrtps_cpp: 6.2.6 (/opt/ros/humble/share/rmw_fastrtps_cpp/cmake)
[34.621s] -- Found TinyXML2 via Config file: TinyXML2_DIR-NOTFOUND
[34.621s] -- Found OpenSSL: /usr/lib/x86_64-linux-gnu/libcrypto.so (found version "3.0.2")  
[34.621s] -- Found TinyXML2 via Config file: TinyXML2_DIR-NOTFOUND
[34.622s] -- Found FastRTPS: /opt/ros/humble/include  
[34.622s] -- Found TinyXML2 via Config file: TinyXML2_DIR-NOTFOUND
[34.622s] -- Found TinyXML2 via Config file: TinyXML2_DIR-NOTFOUND
[34.623s] -- Using RMW implementation 'rmw_fastrtps_cpp' as default
[34.623s] -- Looking for C++ include pthread.h
[34.624s] -- Looking for C++ include pthread.h - found
[34.624s] -- Performing Test CMAKE_HAVE_LIBC_PTHREAD
[34.624s] -- Performing Test CMAKE_HAVE_LIBC_PTHREAD - Success
[34.625s] -- Found Threads: TRUE  
[34.625s] -- Found ament_cmake_pytest: 1.3.8 (/opt/ros/humble/share/ament_cmake_pytest/cmake)
[41.842s] -- Configuring done
[42.591s] -- Generating done
[42.615s] -- Build files have been written to: /home/yusuf/ros2_ws/build/ros2_control_demo_example_5
