[2.699s] Invoking command in '/home/yusuf/ros2_ws/src/turtlebot3/turtlebot3_example': PYTHONPATH=/home/yusuf/ros2_ws/src/build/turtlebot3_example/prefix_override:/home/yusuf/ros2_ws/src/install/turtlebot3_example/lib/python3.10/site-packages:${PYTHONPATH} /usr/bin/python3 setup.py egg_info --egg-base ../../build/turtlebot3_example build --build-base /home/yusuf/ros2_ws/src/build/turtlebot3_example/build install --record /home/yusuf/ros2_ws/src/build/turtlebot3_example/install.log --single-version-externally-managed
[3.327s] running egg_info
[3.330s] creating ../../build/turtlebot3_example/turtlebot3_example.egg-info
[3.335s] writing ../../build/turtlebot3_example/turtlebot3_example.egg-info/PKG-INFO
[3.335s] writing dependency_links to ../../build/turtlebot3_example/turtlebot3_example.egg-info/dependency_links.txt
[3.335s] writing entry points to ../../build/turtlebot3_example/turtlebot3_example.egg-info/entry_points.txt
[3.336s] writing requirements to ../../build/turtlebot3_example/turtlebot3_example.egg-info/requires.txt
[3.337s] writing top-level names to ../../build/turtlebot3_example/turtlebot3_example.egg-info/top_level.txt
[3.337s] writing manifest file '../../build/turtlebot3_example/turtlebot3_example.egg-info/SOURCES.txt'
[3.340s] reading manifest file '../../build/turtlebot3_example/turtlebot3_example.egg-info/SOURCES.txt'
[3.340s] writing manifest file '../../build/turtlebot3_example/turtlebot3_example.egg-info/SOURCES.txt'
[3.341s] running build
[3.342s] running build_py
[3.342s] creating /home/yusuf/ros2_ws/src/build/turtlebot3_example/build
[3.342s] creating /home/yusuf/ros2_ws/src/build/turtlebot3_example/build/lib
[3.342s] creating /home/yusuf/ros2_ws/src/build/turtlebot3_example/build/lib/turtlebot3_example
[3.343s] copying turtlebot3_example/__init__.py -> /home/yusuf/ros2_ws/src/build/turtlebot3_example/build/lib/turtlebot3_example
[3.343s] creating /home/yusuf/ros2_ws/src/build/turtlebot3_example/build/lib/turtlebot3_example/turtlebot3_obstacle_detection
[3.343s] copying turtlebot3_example/turtlebot3_obstacle_detection/main.py -> /home/yusuf/ros2_ws/src/build/turtlebot3_example/build/lib/turtlebot3_example/turtlebot3_obstacle_detection
[3.343s] copying turtlebot3_example/turtlebot3_obstacle_detection/turtlebot3_obstacle_detection.py -> /home/yusuf/ros2_ws/src/build/turtlebot3_example/build/lib/turtlebot3_example/turtlebot3_obstacle_detection
[3.343s] copying turtlebot3_example/turtlebot3_obstacle_detection/__init__.py -> /home/yusuf/ros2_ws/src/build/turtlebot3_example/build/lib/turtlebot3_example/turtlebot3_obstacle_detection
[3.343s] creating /home/yusuf/ros2_ws/src/build/turtlebot3_example/build/lib/turtlebot3_example/turtlebot3_patrol_client
[3.344s] copying turtlebot3_example/turtlebot3_patrol_client/main.py -> /home/yusuf/ros2_ws/src/build/turtlebot3_example/build/lib/turtlebot3_example/turtlebot3_patrol_client
[3.344s] copying turtlebot3_example/turtlebot3_patrol_client/turtlebot3_patrol_client.py -> /home/yusuf/ros2_ws/src/build/turtlebot3_example/build/lib/turtlebot3_example/turtlebot3_patrol_client
[3.344s] copying turtlebot3_example/turtlebot3_patrol_client/__init__.py -> /home/yusuf/ros2_ws/src/build/turtlebot3_example/build/lib/turtlebot3_example/turtlebot3_patrol_client
[3.344s] creating /home/yusuf/ros2_ws/src/build/turtlebot3_example/build/lib/turtlebot3_example/turtlebot3_position_control
[3.344s] copying turtlebot3_example/turtlebot3_position_control/main.py -> /home/yusuf/ros2_ws/src/build/turtlebot3_example/build/lib/turtlebot3_example/turtlebot3_position_control
[3.344s] copying turtlebot3_example/turtlebot3_position_control/turtlebot3_position_control.py -> /home/yusuf/ros2_ws/src/build/turtlebot3_example/build/lib/turtlebot3_example/turtlebot3_position_control
[3.345s] copying turtlebot3_example/turtlebot3_position_control/__init__.py -> /home/yusuf/ros2_ws/src/build/turtlebot3_example/build/lib/turtlebot3_example/turtlebot3_position_control
[3.345s] copying turtlebot3_example/turtlebot3_position_control/turtlebot3_path.py -> /home/yusuf/ros2_ws/src/build/turtlebot3_example/build/lib/turtlebot3_example/turtlebot3_position_control
[3.345s] creating /home/yusuf/ros2_ws/src/build/turtlebot3_example/build/lib/turtlebot3_example/turtlebot3_patrol_server
[3.345s] copying turtlebot3_example/turtlebot3_patrol_server/main.py -> /home/yusuf/ros2_ws/src/build/turtlebot3_example/build/lib/turtlebot3_example/turtlebot3_patrol_server
[3.345s] copying turtlebot3_example/turtlebot3_patrol_server/__init__.py -> /home/yusuf/ros2_ws/src/build/turtlebot3_example/build/lib/turtlebot3_example/turtlebot3_patrol_server
[3.345s] copying turtlebot3_example/turtlebot3_patrol_server/turtlebot3_path.py -> /home/yusuf/ros2_ws/src/build/turtlebot3_example/build/lib/turtlebot3_example/turtlebot3_patrol_server
[3.346s] copying turtlebot3_example/turtlebot3_patrol_server/turtlebot3_patrol_server.py -> /home/yusuf/ros2_ws/src/build/turtlebot3_example/build/lib/turtlebot3_example/turtlebot3_patrol_server
[3.346s] running install
[3.346s] /usr/lib/python3/dist-packages/setuptools/command/install.py:34: SetuptoolsDeprecationWarning: setup.py install is deprecated. Use build and pip and other standards-based tools.
[3.346s]   warnings.warn(
[3.346s] running install_lib
[3.358s] creating /home/yusuf/ros2_ws/src/install/turtlebot3_example/lib/python3.10/site-packages/turtlebot3_example
[3.358s] creating /home/yusuf/ros2_ws/src/install/turtlebot3_example/lib/python3.10/site-packages/turtlebot3_example/turtlebot3_obstacle_detection
[3.359s] copying /home/yusuf/ros2_ws/src/build/turtlebot3_example/build/lib/turtlebot3_example/turtlebot3_obstacle_detection/main.py -> /home/yusuf/ros2_ws/src/install/turtlebot3_example/lib/python3.10/site-packages/turtlebot3_example/turtlebot3_obstacle_detection
[3.359s] copying /home/yusuf/ros2_ws/src/build/turtlebot3_example/build/lib/turtlebot3_example/turtlebot3_obstacle_detection/turtlebot3_obstacle_detection.py -> /home/yusuf/ros2_ws/src/install/turtlebot3_example/lib/python3.10/site-packages/turtlebot3_example/turtlebot3_obstacle_detection
[3.359s] copying /home/yusuf/ros2_ws/src/build/turtlebot3_example/build/lib/turtlebot3_example/turtlebot3_obstacle_detection/__init__.py -> /home/yusuf/ros2_ws/src/install/turtlebot3_example/lib/python3.10/site-packages/turtlebot3_example/turtlebot3_obstacle_detection
[3.359s] creating /home/yusuf/ros2_ws/src/install/turtlebot3_example/lib/python3.10/site-packages/turtlebot3_example/turtlebot3_patrol_client
[3.360s] copying /home/yusuf/ros2_ws/src/build/turtlebot3_example/build/lib/turtlebot3_example/turtlebot3_patrol_client/main.py -> /home/yusuf/ros2_ws/src/install/turtlebot3_example/lib/python3.10/site-packages/turtlebot3_example/turtlebot3_patrol_client
[3.360s] copying /home/yusuf/ros2_ws/src/build/turtlebot3_example/build/lib/turtlebot3_example/turtlebot3_patrol_client/turtlebot3_patrol_client.py -> /home/yusuf/ros2_ws/src/install/turtlebot3_example/lib/python3.10/site-packages/turtlebot3_example/turtlebot3_patrol_client
[3.360s] copying /home/yusuf/ros2_ws/src/build/turtlebot3_example/build/lib/turtlebot3_example/turtlebot3_patrol_client/__init__.py -> /home/yusuf/ros2_ws/src/install/turtlebot3_example/lib/python3.10/site-packages/turtlebot3_example/turtlebot3_patrol_client
[3.360s] copying /home/yusuf/ros2_ws/src/build/turtlebot3_example/build/lib/turtlebot3_example/__init__.py -> /home/yusuf/ros2_ws/src/install/turtlebot3_example/lib/python3.10/site-packages/turtlebot3_example
[3.360s] creating /home/yusuf/ros2_ws/src/install/turtlebot3_example/lib/python3.10/site-packages/turtlebot3_example/turtlebot3_position_control
[3.360s] copying /home/yusuf/ros2_ws/src/build/turtlebot3_example/build/lib/turtlebot3_example/turtlebot3_position_control/main.py -> /home/yusuf/ros2_ws/src/install/turtlebot3_example/lib/python3.10/site-packages/turtlebot3_example/turtlebot3_position_control
[3.370s] copying /home/yusuf/ros2_ws/src/build/turtlebot3_example/build/lib/turtlebot3_example/turtlebot3_position_control/turtlebot3_position_control.py -> /home/yusuf/ros2_ws/src/install/turtlebot3_example/lib/python3.10/site-packages/turtlebot3_example/turtlebot3_position_control
[3.371s] copying /home/yusuf/ros2_ws/src/build/turtlebot3_example/build/lib/turtlebot3_example/turtlebot3_position_control/__init__.py -> /home/yusuf/ros2_ws/src/install/turtlebot3_example/lib/python3.10/site-packages/turtlebot3_example/turtlebot3_position_control
[3.371s] copying /home/yusuf/ros2_ws/src/build/turtlebot3_example/build/lib/turtlebot3_example/turtlebot3_position_control/turtlebot3_path.py -> /home/yusuf/ros2_ws/src/install/turtlebot3_example/lib/python3.10/site-packages/turtlebot3_example/turtlebot3_position_control
[3.371s] creating /home/yusuf/ros2_ws/src/install/turtlebot3_example/lib/python3.10/site-packages/turtlebot3_example/turtlebot3_patrol_server
[3.371s] copying /home/yusuf/ros2_ws/src/build/turtlebot3_example/build/lib/turtlebot3_example/turtlebot3_patrol_server/main.py -> /home/yusuf/ros2_ws/src/install/turtlebot3_example/lib/python3.10/site-packages/turtlebot3_example/turtlebot3_patrol_server
[3.372s] copying /home/yusuf/ros2_ws/src/build/turtlebot3_example/build/lib/turtlebot3_example/turtlebot3_patrol_server/__init__.py -> /home/yusuf/ros2_ws/src/install/turtlebot3_example/lib/python3.10/site-packages/turtlebot3_example/turtlebot3_patrol_server
[3.372s] copying /home/yusuf/ros2_ws/src/build/turtlebot3_example/build/lib/turtlebot3_example/turtlebot3_patrol_server/turtlebot3_path.py -> /home/yusuf/ros2_ws/src/install/turtlebot3_example/lib/python3.10/site-packages/turtlebot3_example/turtlebot3_patrol_server
[3.372s] copying /home/yusuf/ros2_ws/src/build/turtlebot3_example/build/lib/turtlebot3_example/turtlebot3_patrol_server/turtlebot3_patrol_server.py -> /home/yusuf/ros2_ws/src/install/turtlebot3_example/lib/python3.10/site-packages/turtlebot3_example/turtlebot3_patrol_server
[3.373s] byte-compiling /home/yusuf/ros2_ws/src/install/turtlebot3_example/lib/python3.10/site-packages/turtlebot3_example/turtlebot3_obstacle_detection/main.py to main.cpython-310.pyc
[3.374s] byte-compiling /home/yusuf/ros2_ws/src/install/turtlebot3_example/lib/python3.10/site-packages/turtlebot3_example/turtlebot3_obstacle_detection/turtlebot3_obstacle_detection.py to turtlebot3_obstacle_detection.cpython-310.pyc
[3.375s] byte-compiling /home/yusuf/ros2_ws/src/install/turtlebot3_example/lib/python3.10/site-packages/turtlebot3_example/turtlebot3_obstacle_detection/__init__.py to __init__.cpython-310.pyc
[3.375s] byte-compiling /home/yusuf/ros2_ws/src/install/turtlebot3_example/lib/python3.10/site-packages/turtlebot3_example/turtlebot3_patrol_client/main.py to main.cpython-310.pyc
[3.376s] byte-compiling /home/yusuf/ros2_ws/src/install/turtlebot3_example/lib/python3.10/site-packages/turtlebot3_example/turtlebot3_patrol_client/turtlebot3_patrol_client.py to turtlebot3_patrol_client.cpython-310.pyc
[3.377s] byte-compiling /home/yusuf/ros2_ws/src/install/turtlebot3_example/lib/python3.10/site-packages/turtlebot3_example/turtlebot3_patrol_client/__init__.py to __init__.cpython-310.pyc
[3.378s] byte-compiling /home/yusuf/ros2_ws/src/install/turtlebot3_example/lib/python3.10/site-packages/turtlebot3_example/__init__.py to __init__.cpython-310.pyc
[3.378s] byte-compiling /home/yusuf/ros2_ws/src/install/turtlebot3_example/lib/python3.10/site-packages/turtlebot3_example/turtlebot3_position_control/main.py to main.cpython-310.pyc
[3.378s] byte-compiling /home/yusuf/ros2_ws/src/install/turtlebot3_example/lib/python3.10/site-packages/turtlebot3_example/turtlebot3_position_control/turtlebot3_position_control.py to turtlebot3_position_control.cpython-310.pyc
[3.381s] byte-compiling /home/yusuf/ros2_ws/src/install/turtlebot3_example/lib/python3.10/site-packages/turtlebot3_example/turtlebot3_position_control/__init__.py to __init__.cpython-310.pyc
[3.381s] byte-compiling /home/yusuf/ros2_ws/src/install/turtlebot3_example/lib/python3.10/site-packages/turtlebot3_example/turtlebot3_position_control/turtlebot3_path.py to turtlebot3_path.cpython-310.pyc
[3.382s] byte-compiling /home/yusuf/ros2_ws/src/install/turtlebot3_example/lib/python3.10/site-packages/turtlebot3_example/turtlebot3_patrol_server/main.py to main.cpython-310.pyc
[3.382s] byte-compiling /home/yusuf/ros2_ws/src/install/turtlebot3_example/lib/python3.10/site-packages/turtlebot3_example/turtlebot3_patrol_server/__init__.py to __init__.cpython-310.pyc
[3.382s] byte-compiling /home/yusuf/ros2_ws/src/install/turtlebot3_example/lib/python3.10/site-packages/turtlebot3_example/turtlebot3_patrol_server/turtlebot3_path.py to turtlebot3_path.cpython-310.pyc
[3.383s] byte-compiling /home/yusuf/ros2_ws/src/install/turtlebot3_example/lib/python3.10/site-packages/turtlebot3_example/turtlebot3_patrol_server/turtlebot3_patrol_server.py to turtlebot3_patrol_server.cpython-310.pyc
[3.385s] running install_data
[3.386s] creating /home/yusuf/ros2_ws/src/install/turtlebot3_example/share/ament_index
[3.386s] creating /home/yusuf/ros2_ws/src/install/turtlebot3_example/share/ament_index/resource_index
[3.386s] creating /home/yusuf/ros2_ws/src/install/turtlebot3_example/share/ament_index/resource_index/packages
[3.387s] copying resource/turtlebot3_example -> /home/yusuf/ros2_ws/src/install/turtlebot3_example/share/ament_index/resource_index/packages
[3.387s] copying package.xml -> /home/yusuf/ros2_ws/src/install/turtlebot3_example/share/turtlebot3_example
[3.387s] running install_egg_info
[3.390s] Copying ../../build/turtlebot3_example/turtlebot3_example.egg-info to /home/yusuf/ros2_ws/src/install/turtlebot3_example/lib/python3.10/site-packages/turtlebot3_example-2.1.5-py3.10.egg-info
[3.392s] running install_scripts
[3.450s] Installing turtlebot3_obstacle_detection script to /home/yusuf/ros2_ws/src/install/turtlebot3_example/lib/turtlebot3_example
[3.450s] Installing turtlebot3_patrol_client script to /home/yusuf/ros2_ws/src/install/turtlebot3_example/lib/turtlebot3_example
[3.450s] Installing turtlebot3_patrol_server script to /home/yusuf/ros2_ws/src/install/turtlebot3_example/lib/turtlebot3_example
[3.450s] Installing turtlebot3_position_control script to /home/yusuf/ros2_ws/src/install/turtlebot3_example/lib/turtlebot3_example
[3.450s] writing list of installed files to '/home/yusuf/ros2_ws/src/build/turtlebot3_example/install.log'
[3.746s] Invoked command in '/home/yusuf/ros2_ws/src/turtlebot3/turtlebot3_example' returned '0': PYTHONPATH=/home/yusuf/ros2_ws/src/build/turtlebot3_example/prefix_override:/home/yusuf/ros2_ws/src/install/turtlebot3_example/lib/python3.10/site-packages:${PYTHONPATH} /usr/bin/python3 setup.py egg_info --egg-base ../../build/turtlebot3_example build --build-base /home/yusuf/ros2_ws/src/build/turtlebot3_example/build install --record /home/yusuf/ros2_ws/src/build/turtlebot3_example/install.log --single-version-externally-managed
