[0.181s] Invoking command in '/home/yusuf/ros2_ws/build/point_cloud_processing': CMAKE_PREFIX_PATH=${CMAKE_PREFIX_PATH}:/home/yusuf/ros2_ws/install/urdf_tutorial_r2d2:/home/yusuf/ros2_ws/install/turtlebot3_teleop:/home/yusuf/ros2_ws/install/turtlebot3_fake_node:/home/yusuf/ros2_ws/install/turtlebot3_example:/home/yusuf/ros2_ws/install/robot_python:/home/yusuf/mir_robot/install/ros2_aruco:/home/yusuf/mir_robot/install/point_cloud_functions:/home/yusuf/mir_robot/install/mir_restapi:/home/yusuf/mir_robot/install/mir_driver:/opt/ros/humble /usr/bin/cmake /home/yusuf/ros2_ws/src/mobile_robotics_ROS2/point_cloud_processing -DCMAKE_INSTALL_PREFIX=/home/yusuf/ros2_ws/install/point_cloud_processing
[0.499s] -- The C compiler identification is GNU 11.4.0
[0.713s] -- The CXX compiler identification is GNU 11.4.0
[0.731s] -- Detecting C compiler ABI info
[1.161s] -- Detecting C compiler ABI info - done
[1.193s] -- Check for working C compiler: /usr/bin/cc - skipped
[1.194s] -- Detecting C compile features
[1.195s] -- Detecting C compile features - done
[1.201s] -- Detecting CXX compiler ABI info
[1.829s] -- Detecting CXX compiler ABI info - done
[1.868s] -- Check for working CXX compiler: /usr/bin/c++ - skipped
[1.872s] -- Detecting CXX compile features
[1.875s] -- Detecting CXX compile features - done
[1.915s] -- Found ament_cmake: 1.3.9 (/opt/ros/humble/share/ament_cmake/cmake)
[3.306s] -- Found Python3: /usr/bin/python3 (found version "3.10.12") found components: Interpreter 
[4.895s] -- Checking for module 'eigen3'
[5.053s] --   Found eigen3, version 3.4.0
[5.421s] -- Found Eigen: /usr/include/eigen3 (Required is at least version "3.1") 
[5.426s] -- Eigen found (include: /usr/include/eigen3, version: 3.4.0)
[5.980s] -- Found Boost: /usr/lib/x86_64-linux-gnu/cmake/Boost-1.74.0/BoostConfig.cmake (found suitable version "1.74.0", minimum required is "1.65.0") found components: system filesystem date_time iostreams serialization 
[6.131s] -- Checking for module 'flann'
[6.264s] --   Found flann, version 1.9.1
[6.651s] -- Found FLANN: /usr/lib/x86_64-linux-gnu/libflann_cpp.so  
[6.654s] -- FLANN found (include: /usr/include, lib: /usr/lib/x86_64-linux-gnu/libflann_cpp.so)
[7.129s] -- Looking for pthread.h
[7.638s] -- Looking for pthread.h - found
[7.640s] -- Performing Test CMAKE_HAVE_LIBC_PTHREAD
[8.457s] -- Performing Test CMAKE_HAVE_LIBC_PTHREAD - Success
[8.461s] -- Found Threads: TRUE  
[8.488s] -- Found GLEW: /usr/lib/x86_64-linux-gnu/libGLEW.so  
[8.579s] -- Found OpenGL: /usr/lib/x86_64-linux-gnu/libOpenGL.so  found components: OpenGL GLX 
[10.170s] -- Found MPI_C: /usr/lib/x86_64-linux-gnu/libmpi.so (found version "3.1") 
[10.173s] -- Found MPI: TRUE (found version "3.1") found components: C 
[10.203s] -- Found JsonCpp: /usr/lib/x86_64-linux-gnu/libjsoncpp.so (found suitable version "1.9.5", minimum required is "0.7.0") 
[10.391s] -- Found ZLIB: /usr/lib/x86_64-linux-gnu/libz.so (found version "1.2.11") 
[10.648s] -- Found PNG: /usr/lib/x86_64-linux-gnu/libpng.so (found version "1.6.37") 
[10.790s] -- Found Eigen3: /usr/include/eigen3 (found version "3.4.0") 
[11.766s] -- Found X11: /usr/include   
[11.778s] -- Looking for XOpenDisplay in /usr/lib/x86_64-linux-gnu/libX11.so;/usr/lib/x86_64-linux-gnu/libXext.so
[12.499s] -- Looking for XOpenDisplay in /usr/lib/x86_64-linux-gnu/libX11.so;/usr/lib/x86_64-linux-gnu/libXext.so - found
[12.500s] -- Looking for gethostbyname
[13.223s] -- Looking for gethostbyname - found
[13.224s] -- Looking for connect
[14.051s] -- Looking for connect - found
[14.052s] -- Looking for remove
[14.776s] -- Looking for remove - found
[14.779s] -- Looking for shmat
[15.558s] -- Looking for shmat - found
[15.558s] -- Looking for IceConnectionNumber in ICE
[16.119s] -- Looking for IceConnectionNumber in ICE - found
[17.077s] -- Found EXPAT: /usr/lib/x86_64-linux-gnu/libexpat.so (found version "2.4.7") 
[17.104s] -- Found double-conversion: /usr/lib/x86_64-linux-gnu/libdouble-conversion.so  
[17.133s] -- Found LZ4: /usr/lib/x86_64-linux-gnu/liblz4.so (found version "1.9.3") 
[17.181s] -- Found LZMA: /usr/lib/x86_64-linux-gnu/liblzma.so (found version "5.2.5") 
[17.447s] -- Found JPEG: /usr/lib/x86_64-linux-gnu/libjpeg.so (found version "80") 
[17.550s] -- Found TIFF: /usr/lib/x86_64-linux-gnu/libtiff.so (found version "4.3.0")  
[17.618s] -- Found Freetype: /usr/lib/x86_64-linux-gnu/libfreetype.so (found version "2.11.1") 
[17.691s] -- Found utf8cpp: /usr/include/utf8cpp  
[18.397s] -- Checking for module 'libusb-1.0'
[18.520s] --   Found libusb-1.0, version 1.0.25
[18.748s] -- Found libusb: /usr/lib/x86_64-linux-gnu/libusb-1.0.so  
[18.773s] -- Found OpenNI: /usr/lib/libOpenNI.so;libusb::libusb (found version "1.5.4.0") 
[18.773s] -- OpenNI found (version: 1.5.4.0, include: /usr/include/ni, lib: /usr/lib/libOpenNI.so;libusb::libusb)
[19.216s] -- Found OpenNI2: /usr/lib/x86_64-linux-gnu/libOpenNI2.so;libusb::libusb (found version "2.2.0.33") 
[19.219s] -- OpenNI2 found (version: 2.2.0.33, include: /usr/include/openni2, lib: /usr/lib/x86_64-linux-gnu/libOpenNI2.so;libusb::libusb)
[19.226s] [0m** WARNING ** io features related to pcap will be disabled[0m
[20.247s] -- Eigen found (include: /usr/include/eigen3, version: 3.4.0)
[20.278s] -- OpenNI found (version: 1.5.4.0, include: /usr/include/ni, lib: /usr/lib/libOpenNI.so;libusb::libusb)
[20.306s] -- OpenNI2 found (version: 2.2.0.33, include: /usr/include/openni2, lib: /usr/lib/x86_64-linux-gnu/libOpenNI2.so;libusb::libusb)
[21.097s] -- Found Qhull version 8.0.2
[22.005s] -- OpenNI found (version: 1.5.4.0, include: /usr/include/ni, lib: /usr/lib/libOpenNI.so;libusb::libusb)
[22.846s] -- looking for PCL_COMMON
[22.849s] -- Found PCL_COMMON: /usr/lib/x86_64-linux-gnu/libpcl_common.so  
[22.850s] -- looking for PCL_KDTREE
[22.853s] -- Found PCL_KDTREE: /usr/lib/x86_64-linux-gnu/libpcl_kdtree.so  
[22.855s] -- looking for PCL_OCTREE
[22.857s] -- Found PCL_OCTREE: /usr/lib/x86_64-linux-gnu/libpcl_octree.so  
[22.858s] -- looking for PCL_SEARCH
[22.864s] -- Found PCL_SEARCH: /usr/lib/x86_64-linux-gnu/libpcl_search.so  
[22.864s] -- looking for PCL_SAMPLE_CONSENSUS
[22.870s] -- Found PCL_SAMPLE_CONSENSUS: /usr/lib/x86_64-linux-gnu/libpcl_sample_consensus.so  
[22.871s] -- looking for PCL_FILTERS
[22.881s] -- Found PCL_FILTERS: /usr/lib/x86_64-linux-gnu/libpcl_filters.so  
[22.881s] -- looking for PCL_2D
[22.882s] -- Found PCL_2D: /usr/include/pcl-1.12  
[22.882s] -- looking for PCL_GEOMETRY
[22.882s] -- Found PCL_GEOMETRY: /usr/include/pcl-1.12  
[22.884s] -- looking for PCL_IO
[22.884s] -- Found PCL_IO: /usr/lib/x86_64-linux-gnu/libpcl_io.so  
[22.885s] -- looking for PCL_FEATURES
[22.888s] -- Found PCL_FEATURES: /usr/lib/x86_64-linux-gnu/libpcl_features.so  
[22.889s] -- looking for PCL_ML
[22.894s] -- Found PCL_ML: /usr/lib/x86_64-linux-gnu/libpcl_ml.so  
[22.894s] -- looking for PCL_SEGMENTATION
[22.898s] -- Found PCL_SEGMENTATION: /usr/lib/x86_64-linux-gnu/libpcl_segmentation.so  
[22.900s] -- looking for PCL_VISUALIZATION
[22.904s] -- Found PCL_VISUALIZATION: /usr/lib/x86_64-linux-gnu/libpcl_visualization.so  
[22.905s] -- looking for PCL_SURFACE
[22.909s] -- Found PCL_SURFACE: /usr/lib/x86_64-linux-gnu/libpcl_surface.so  
[22.911s] -- looking for PCL_REGISTRATION
[22.916s] -- Found PCL_REGISTRATION: /usr/lib/x86_64-linux-gnu/libpcl_registration.so  
[22.917s] -- looking for PCL_KEYPOINTS
[22.921s] -- Found PCL_KEYPOINTS: /usr/lib/x86_64-linux-gnu/libpcl_keypoints.so  
[22.922s] -- looking for PCL_TRACKING
[22.926s] -- Found PCL_TRACKING: /usr/lib/x86_64-linux-gnu/libpcl_tracking.so  
[22.928s] -- looking for PCL_RECOGNITION
[22.931s] -- Found PCL_RECOGNITION: /usr/lib/x86_64-linux-gnu/libpcl_recognition.so  
[22.933s] -- looking for PCL_STEREO
[22.937s] -- Found PCL_STEREO: /usr/lib/x86_64-linux-gnu/libpcl_stereo.so  
[22.939s] -- looking for PCL_APPS
[22.943s] -- Found PCL_APPS: /usr/lib/x86_64-linux-gnu/libpcl_apps.so  
[22.947s] -- looking for PCL_IN_HAND_SCANNER
[22.949s] -- Found PCL_IN_HAND_SCANNER: /usr/include/pcl-1.12  
[22.952s] -- looking for PCL_MODELER
[22.954s] -- Found PCL_MODELER: /usr/include/pcl-1.12  
[22.955s] -- looking for PCL_POINT_CLOUD_EDITOR
[22.957s] -- Found PCL_POINT_CLOUD_EDITOR: /usr/include/pcl-1.12  
[22.958s] -- looking for PCL_OUTOFCORE
[22.965s] -- Found PCL_OUTOFCORE: /usr/lib/x86_64-linux-gnu/libpcl_outofcore.so  
[22.967s] -- looking for PCL_PEOPLE
[22.971s] -- Found PCL_PEOPLE: /usr/lib/x86_64-linux-gnu/libpcl_people.so  
[22.975s] -- Found PCL: pcl_common;pcl_kdtree;pcl_octree;pcl_search;pcl_sample_consensus;pcl_filters;pcl_io;pcl_features;pcl_ml;pcl_segmentation;pcl_visualization;pcl_surface;pcl_registration;pcl_keypoints;pcl_tracking;pcl_recognition;pcl_stereo;pcl_apps;pcl_outofcore;pcl_people;Boost::system;Boost::filesystem;Boost::date_time;Boost::iostreams;Boost::serialization;/usr/lib/libOpenNI.so;libusb::libusb;/usr/lib/x86_64-linux-gnu/libOpenNI2.so;libusb::libusb;VTK::ChartsCore;VTK::CommonColor;VTK::CommonComputationalGeometry;VTK::CommonCore;VTK::CommonDataModel;VTK::CommonExecutionModel;VTK::CommonMath;VTK::CommonMisc;VTK::CommonTransforms;VTK::FiltersCore;VTK::FiltersExtraction;VTK::FiltersGeneral;VTK::FiltersGeometry;VTK::FiltersModeling;VTK::FiltersSources;VTK::ImagingCore;VTK::ImagingSources;VTK::InteractionImage;VTK::InteractionStyle;VTK::InteractionWidgets;VTK::IOCore;VTK::IOGeometry;VTK::IOImage;VTK::IOLegacy;VTK::IOPLY;VTK::RenderingAnnotation;VTK::RenderingCore;VTK::RenderingContext2D;VTK::RenderingLOD;VTK::RenderingFreeType;VTK::ViewsCore;VTK::ViewsContext2D;VTK::RenderingOpenGL2;VTK::GUISupportQt;FLANN::FLANN;QHULL::QHULL  
[23.005s] -- Found rclcpp: 16.0.9 (/opt/ros/humble/share/rclcpp/cmake)
[23.413s] -- Found rosidl_generator_c: 3.1.5 (/opt/ros/humble/share/rosidl_generator_c/cmake)
[23.479s] -- Found rosidl_adapter: 3.1.5 (/opt/ros/humble/share/rosidl_adapter/cmake)
[23.592s] -- Found rosidl_generator_cpp: 3.1.5 (/opt/ros/humble/share/rosidl_generator_cpp/cmake)
[23.714s] -- Using all available rosidl_typesupport_c: rosidl_typesupport_fastrtps_c;rosidl_typesupport_introspection_c
[23.910s] -- Using all available rosidl_typesupport_cpp: rosidl_typesupport_fastrtps_cpp;rosidl_typesupport_introspection_cpp
[24.526s] -- Found rmw_implementation_cmake: 6.1.2 (/opt/ros/humble/share/rmw_implementation_cmake/cmake)
[24.579s] -- Found rmw_fastrtps_cpp: 6.2.6 (/opt/ros/humble/share/rmw_fastrtps_cpp/cmake)
[25.924s] -- Found OpenSSL: /usr/lib/x86_64-linux-gnu/libcrypto.so (found version "3.0.2")  
[26.201s] -- Found FastRTPS: /opt/ros/humble/include  
[26.780s] -- Using RMW implementation 'rmw_fastrtps_cpp' as default
[28.153s] -- Found sensor_msgs: 4.2.4 (/opt/ros/humble/share/sensor_msgs/cmake)
[29.307s] -- Found pcl_conversions: 2.4.0 (/opt/ros/humble/share/pcl_conversions/cmake)
[30.348s] -- Found visualization_msgs: 4.2.4 (/opt/ros/humble/share/visualization_msgs/cmake)
[31.632s] -- Configuring done
[32.251s] -- Generating done
[32.273s] -- Build files have been written to: /home/yusuf/ros2_ws/build/point_cloud_processing
[32.366s] Invoked command in '/home/yusuf/ros2_ws/build/point_cloud_processing' returned '0': CMAKE_PREFIX_PATH=${CMAKE_PREFIX_PATH}:/home/yusuf/ros2_ws/install/urdf_tutorial_r2d2:/home/yusuf/ros2_ws/install/turtlebot3_teleop:/home/yusuf/ros2_ws/install/turtlebot3_fake_node:/home/yusuf/ros2_ws/install/turtlebot3_example:/home/yusuf/ros2_ws/install/robot_python:/home/yusuf/mir_robot/install/ros2_aruco:/home/yusuf/mir_robot/install/point_cloud_functions:/home/yusuf/mir_robot/install/mir_restapi:/home/yusuf/mir_robot/install/mir_driver:/opt/ros/humble /usr/bin/cmake /home/yusuf/ros2_ws/src/mobile_robotics_ROS2/point_cloud_processing -DCMAKE_INSTALL_PREFIX=/home/yusuf/ros2_ws/install/point_cloud_processing
[32.368s] Invoking command in '/home/yusuf/ros2_ws/build/point_cloud_processing': CMAKE_PREFIX_PATH=${CMAKE_PREFIX_PATH}:/home/yusuf/ros2_ws/install/urdf_tutorial_r2d2:/home/yusuf/ros2_ws/install/turtlebot3_teleop:/home/yusuf/ros2_ws/install/turtlebot3_fake_node:/home/yusuf/ros2_ws/install/turtlebot3_example:/home/yusuf/ros2_ws/install/robot_python:/home/yusuf/mir_robot/install/ros2_aruco:/home/yusuf/mir_robot/install/point_cloud_functions:/home/yusuf/mir_robot/install/mir_restapi:/home/yusuf/mir_robot/install/mir_driver:/opt/ros/humble /usr/bin/cmake --build /home/yusuf/ros2_ws/build/point_cloud_processing -- -j8 -l8
[32.666s] [ 10%] [32mBuilding CXX object CMakeFiles/p9_b_plane_cloud.dir/src/p9_b_planner_cloud.cpp.o[0m
[32.711s] [ 20%] [32mBuilding CXX object CMakeFiles/p9_a_pcd_import.dir/src/p9_a_table_scene.cpp.o[0m
[32.765s] [ 30%] [32mBuilding CXX object CMakeFiles/p9_c_circular_cloud.dir/src/p9_c_circular_cloud.cpp.o[0m
[32.781s] [ 40%] [32mBuilding CXX object CMakeFiles/p9_d_filtering_segmentation.dir/src/p9_d_filtering_segmentation.cpp.o[0m
[32.785s] [ 50%] [32mBuilding CXX object CMakeFiles/p9_e_path_creation.dir/src/p9_e_point_path_drawing.cpp.o[0m
[57.751s] [ 60%] [32m[1mLinking CXX executable p9_b_plane_cloud[0m
[58.350s] [ 70%] [32m[1mLinking CXX executable p9_c_circular_cloud[0m
[58.751s] [ 80%] [32m[1mLinking CXX executable p9_a_pcd_import[0m
[60.268s] [ 80%] Built target p9_b_plane_cloud
[60.411s] [ 80%] Built target p9_a_pcd_import
[60.438s] [ 80%] Built target p9_c_circular_cloud
[65.520s] [01m[K/home/yusuf/ros2_ws/src/mobile_robotics_ROS2/point_cloud_processing/src/p9_e_point_path_drawing.cpp:[m[K In function ‘[01m[Kint main()[m[K’:
[65.520s] [01m[K/home/yusuf/ros2_ws/src/mobile_robotics_ROS2/point_cloud_processing/src/p9_e_point_path_drawing.cpp:19:22:[m[K [01;35m[Kwarning: [m[Kcomparison of integer expressions of different signedness: ‘[01m[Kint[m[K’ and ‘[01m[Kstd::vector<pcl::PointXYZ, Eigen::aligned_allocator<pcl::PointXYZ> >::size_type[m[K’ {aka ‘[01m[Klong unsigned int[m[K’} [[01;35m[K]8;;https://gcc.gnu.org/onlinedocs/gcc/Warning-Options.html#index-Wsign-compare-Wsign-compare]8;;[m[K]
[65.520s]    19 |         for(int i=0;[01;35m[Ki<cloud->points.size()[m[K;i++){
[65.521s]       |                     [01;35m[K~^~~~~~~~~~~~~~~~~~~~~[m[K
[68.447s] [ 90%] [32m[1mLinking CXX executable p9_e_path_creation[0m
[69.515s] [ 90%] Built target p9_e_path_creation
[72.520s] [100%] [32m[1mLinking CXX executable p9_d_filtering_segmentation[0m
[74.962s] [100%] Built target p9_d_filtering_segmentation
[74.984s] Invoked command in '/home/yusuf/ros2_ws/build/point_cloud_processing' returned '0': CMAKE_PREFIX_PATH=${CMAKE_PREFIX_PATH}:/home/yusuf/ros2_ws/install/urdf_tutorial_r2d2:/home/yusuf/ros2_ws/install/turtlebot3_teleop:/home/yusuf/ros2_ws/install/turtlebot3_fake_node:/home/yusuf/ros2_ws/install/turtlebot3_example:/home/yusuf/ros2_ws/install/robot_python:/home/yusuf/mir_robot/install/ros2_aruco:/home/yusuf/mir_robot/install/point_cloud_functions:/home/yusuf/mir_robot/install/mir_restapi:/home/yusuf/mir_robot/install/mir_driver:/opt/ros/humble /usr/bin/cmake --build /home/yusuf/ros2_ws/build/point_cloud_processing -- -j8 -l8
[75.070s] Invoking command in '/home/yusuf/ros2_ws/build/point_cloud_processing': CMAKE_PREFIX_PATH=${CMAKE_PREFIX_PATH}:/home/yusuf/ros2_ws/install/urdf_tutorial_r2d2:/home/yusuf/ros2_ws/install/turtlebot3_teleop:/home/yusuf/ros2_ws/install/turtlebot3_fake_node:/home/yusuf/ros2_ws/install/turtlebot3_example:/home/yusuf/ros2_ws/install/robot_python:/home/yusuf/mir_robot/install/ros2_aruco:/home/yusuf/mir_robot/install/point_cloud_functions:/home/yusuf/mir_robot/install/mir_restapi:/home/yusuf/mir_robot/install/mir_driver:/opt/ros/humble /usr/bin/cmake --install /home/yusuf/ros2_ws/build/point_cloud_processing
[75.083s] -- Install configuration: ""
[75.083s] -- Installing: /home/yusuf/ros2_ws/install/point_cloud_processing/lib/point_cloud_processing/p9_a_pcd_import
[75.084s] -- Installing: /home/yusuf/ros2_ws/install/point_cloud_processing/lib/point_cloud_processing/p9_b_plane_cloud
[75.084s] -- Installing: /home/yusuf/ros2_ws/install/point_cloud_processing/lib/point_cloud_processing/p9_c_circular_cloud
[75.085s] -- Installing: /home/yusuf/ros2_ws/install/point_cloud_processing/lib/point_cloud_processing/p9_d_filtering_segmentation
[75.086s] -- Installing: /home/yusuf/ros2_ws/install/point_cloud_processing/lib/point_cloud_processing/p9_e_path_creation
[75.087s] -- Installing: /home/yusuf/ros2_ws/install/point_cloud_processing/share/point_cloud_processing//launch
[75.087s] -- Installing: /home/yusuf/ros2_ws/install/point_cloud_processing/share/point_cloud_processing//launch/p9_a_rtab_mapping.launch.py
[75.088s] -- Installing: /home/yusuf/ros2_ws/install/point_cloud_processing/share/ament_index/resource_index/package_run_dependencies/point_cloud_processing
[75.088s] -- Installing: /home/yusuf/ros2_ws/install/point_cloud_processing/share/ament_index/resource_index/parent_prefix_path/point_cloud_processing
[75.088s] -- Installing: /home/yusuf/ros2_ws/install/point_cloud_processing/share/point_cloud_processing/environment/ament_prefix_path.sh
[75.088s] -- Installing: /home/yusuf/ros2_ws/install/point_cloud_processing/share/point_cloud_processing/environment/ament_prefix_path.dsv
[75.089s] -- Installing: /home/yusuf/ros2_ws/install/point_cloud_processing/share/point_cloud_processing/environment/path.sh
[75.089s] -- Installing: /home/yusuf/ros2_ws/install/point_cloud_processing/share/point_cloud_processing/environment/path.dsv
[75.089s] -- Installing: /home/yusuf/ros2_ws/install/point_cloud_processing/share/point_cloud_processing/local_setup.bash
[75.090s] -- Installing: /home/yusuf/ros2_ws/install/point_cloud_processing/share/point_cloud_processing/local_setup.sh
[75.090s] -- Installing: /home/yusuf/ros2_ws/install/point_cloud_processing/share/point_cloud_processing/local_setup.zsh
[75.090s] -- Installing: /home/yusuf/ros2_ws/install/point_cloud_processing/share/point_cloud_processing/local_setup.dsv
[75.090s] -- Installing: /home/yusuf/ros2_ws/install/point_cloud_processing/share/point_cloud_processing/package.dsv
[75.090s] -- Installing: /home/yusuf/ros2_ws/install/point_cloud_processing/share/ament_index/resource_index/packages/point_cloud_processing
[75.091s] -- Installing: /home/yusuf/ros2_ws/install/point_cloud_processing/share/point_cloud_processing/cmake/point_cloud_processingConfig.cmake
[75.091s] -- Installing: /home/yusuf/ros2_ws/install/point_cloud_processing/share/point_cloud_processing/cmake/point_cloud_processingConfig-version.cmake
[75.091s] -- Installing: /home/yusuf/ros2_ws/install/point_cloud_processing/share/point_cloud_processing/package.xml
[75.095s] Invoked command in '/home/yusuf/ros2_ws/build/point_cloud_processing' returned '0': CMAKE_PREFIX_PATH=${CMAKE_PREFIX_PATH}:/home/yusuf/ros2_ws/install/urdf_tutorial_r2d2:/home/yusuf/ros2_ws/install/turtlebot3_teleop:/home/yusuf/ros2_ws/install/turtlebot3_fake_node:/home/yusuf/ros2_ws/install/turtlebot3_example:/home/yusuf/ros2_ws/install/robot_python:/home/yusuf/mir_robot/install/ros2_aruco:/home/yusuf/mir_robot/install/point_cloud_functions:/home/yusuf/mir_robot/install/mir_restapi:/home/yusuf/mir_robot/install/mir_driver:/opt/ros/humble /usr/bin/cmake --install /home/yusuf/ros2_ws/build/point_cloud_processing
