[0.176s] Invoking command in '/home/yusuf/ros2_ws/build/point_cloud_processing': CMAKE_PREFIX_PATH=${CMAKE_PREFIX_PATH}:/home/yusuf/ros2_ws/install/robot_python:/opt/ros/humble /usr/bin/cmake --build /home/yusuf/ros2_ws/build/point_cloud_processing -- -j8 -l8
[0.419s] [ 20%] Built target p9_a_pcd_import
[0.431s] [ 40%] Built target p9_b_plane_cloud
[0.440s] [ 60%] Built target p9_e_path_creation
[0.457s] [ 80%] Built target p9_d_filtering_segmentation
[0.459s] [100%] Built target p9_c_circular_cloud
[0.647s] Invoked command in '/home/yusuf/ros2_ws/build/point_cloud_processing' returned '0': CMAKE_PREFIX_PATH=${CMAKE_PREFIX_PATH}:/home/yusuf/ros2_ws/install/robot_python:/opt/ros/humble /usr/bin/cmake --build /home/yusuf/ros2_ws/build/point_cloud_processing -- -j8 -l8
[0.920s] Invoking command in '/home/yusuf/ros2_ws/build/point_cloud_processing': CMAKE_PREFIX_PATH=${CMAKE_PREFIX_PATH}:/home/yusuf/ros2_ws/install/robot_python:/opt/ros/humble /usr/bin/cmake --install /home/yusuf/ros2_ws/build/point_cloud_processing
[1.100s] -- Install configuration: ""
[1.100s] -- Up-to-date: /home/yusuf/ros2_ws/install/point_cloud_processing/lib/point_cloud_processing/p9_a_pcd_import
[1.101s] -- Up-to-date: /home/yusuf/ros2_ws/install/point_cloud_processing/lib/point_cloud_processing/p9_b_plane_cloud
[1.101s] -- Up-to-date: /home/yusuf/ros2_ws/install/point_cloud_processing/lib/point_cloud_processing/p9_c_circular_cloud
[1.101s] -- Up-to-date: /home/yusuf/ros2_ws/install/point_cloud_processing/lib/point_cloud_processing/p9_d_filtering_segmentation
[1.101s] -- Up-to-date: /home/yusuf/ros2_ws/install/point_cloud_processing/lib/point_cloud_processing/p9_e_path_creation
[1.102s] -- Up-to-date: /home/yusuf/ros2_ws/install/point_cloud_processing/share/point_cloud_processing//launch
[1.103s] -- Up-to-date: /home/yusuf/ros2_ws/install/point_cloud_processing/share/point_cloud_processing//launch/p9_a_rtab_mapping.launch.py
[1.103s] -- Up-to-date: /home/yusuf/ros2_ws/install/point_cloud_processing/share/ament_index/resource_index/package_run_dependencies/point_cloud_processing
[1.103s] -- Up-to-date: /home/yusuf/ros2_ws/install/point_cloud_processing/share/ament_index/resource_index/parent_prefix_path/point_cloud_processing
[1.104s] -- Up-to-date: /home/yusuf/ros2_ws/install/point_cloud_processing/share/point_cloud_processing/environment/ament_prefix_path.sh
[1.104s] -- Up-to-date: /home/yusuf/ros2_ws/install/point_cloud_processing/share/point_cloud_processing/environment/ament_prefix_path.dsv
[1.105s] -- Up-to-date: /home/yusuf/ros2_ws/install/point_cloud_processing/share/point_cloud_processing/environment/path.sh
[1.105s] -- Up-to-date: /home/yusuf/ros2_ws/install/point_cloud_processing/share/point_cloud_processing/environment/path.dsv
[1.105s] -- Up-to-date: /home/yusuf/ros2_ws/install/point_cloud_processing/share/point_cloud_processing/local_setup.bash
[1.106s] -- Up-to-date: /home/yusuf/ros2_ws/install/point_cloud_processing/share/point_cloud_processing/local_setup.sh
[1.106s] -- Up-to-date: /home/yusuf/ros2_ws/install/point_cloud_processing/share/point_cloud_processing/local_setup.zsh
[1.106s] -- Up-to-date: /home/yusuf/ros2_ws/install/point_cloud_processing/share/point_cloud_processing/local_setup.dsv
[1.106s] -- Installing: /home/yusuf/ros2_ws/install/point_cloud_processing/share/point_cloud_processing/package.dsv
[1.107s] -- Up-to-date: /home/yusuf/ros2_ws/install/point_cloud_processing/share/ament_index/resource_index/packages/point_cloud_processing
[1.107s] -- Up-to-date: /home/yusuf/ros2_ws/install/point_cloud_processing/share/point_cloud_processing/cmake/point_cloud_processingConfig.cmake
[1.107s] -- Up-to-date: /home/yusuf/ros2_ws/install/point_cloud_processing/share/point_cloud_processing/cmake/point_cloud_processingConfig-version.cmake
[1.108s] -- Up-to-date: /home/yusuf/ros2_ws/install/point_cloud_processing/share/point_cloud_processing/package.xml
[1.331s] Invoked command in '/home/yusuf/ros2_ws/build/point_cloud_processing' returned '0': CMAKE_PREFIX_PATH=${CMAKE_PREFIX_PATH}:/home/yusuf/ros2_ws/install/robot_python:/opt/ros/humble /usr/bin/cmake --install /home/yusuf/ros2_ws/build/point_cloud_processing
