[0.674s] Invoking command in '/home/yusuf/ros2_ws/build/turtlebot3_fake_node': CMAKE_PREFIX_PATH=${CMAKE_PREFIX_PATH}:/home/yusuf/ros2_ws/install/urdf_tutorial_r2d2:/home/yusuf/ros2_ws/install/turtlebot3_teleop:/home/yusuf/ros2_ws/install/turtlebot3_example:/home/yusuf/ros2_ws/install/robot_python:/opt/ros/humble /usr/bin/cmake --build /home/yusuf/ros2_ws/build/turtlebot3_fake_node -- -j8 -l8
[0.785s] [35m[1mConsolidate compiler generated dependencies of target turtlebot3_fake_node[0m
[0.832s] [100%] Built target turtlebot3_fake_node
[1.097s] Invoked command in '/home/yusuf/ros2_ws/build/turtlebot3_fake_node' returned '0': CMAKE_PREFIX_PATH=${CMAKE_PREFIX_PATH}:/home/yusuf/ros2_ws/install/urdf_tutorial_r2d2:/home/yusuf/ros2_ws/install/turtlebot3_teleop:/home/yusuf/ros2_ws/install/turtlebot3_example:/home/yusuf/ros2_ws/install/robot_python:/opt/ros/humble /usr/bin/cmake --build /home/yusuf/ros2_ws/build/turtlebot3_fake_node -- -j8 -l8
[1.804s] Invoking command in '/home/yusuf/ros2_ws/build/turtlebot3_fake_node': CMAKE_PREFIX_PATH=${CMAKE_PREFIX_PATH}:/home/yusuf/ros2_ws/install/urdf_tutorial_r2d2:/home/yusuf/ros2_ws/install/turtlebot3_teleop:/home/yusuf/ros2_ws/install/turtlebot3_example:/home/yusuf/ros2_ws/install/robot_python:/opt/ros/humble /usr/bin/cmake --install /home/yusuf/ros2_ws/build/turtlebot3_fake_node
[1.999s] -- Install configuration: ""
[2.000s] -- Installing: /home/yusuf/ros2_ws/install/turtlebot3_fake_node/lib/turtlebot3_fake_node/turtlebot3_fake_node
[2.000s] -- Set runtime path of "/home/yusuf/ros2_ws/install/turtlebot3_fake_node/lib/turtlebot3_fake_node/turtlebot3_fake_node" to ""
[2.000s] -- Up-to-date: /home/yusuf/ros2_ws/install/turtlebot3_fake_node/share/turtlebot3_fake_node/launch
[2.002s] -- Up-to-date: /home/yusuf/ros2_ws/install/turtlebot3_fake_node/share/turtlebot3_fake_node/launch/rviz2.launch.py
[2.003s] -- Up-to-date: /home/yusuf/ros2_ws/install/turtlebot3_fake_node/share/turtlebot3_fake_node/launch/turtlebot3_fake_node.launch.py
[2.004s] -- Up-to-date: /home/yusuf/ros2_ws/install/turtlebot3_fake_node/share/turtlebot3_fake_node/param
[2.004s] -- Up-to-date: /home/yusuf/ros2_ws/install/turtlebot3_fake_node/share/turtlebot3_fake_node/param/waffle.yaml
[2.005s] -- Up-to-date: /home/yusuf/ros2_ws/install/turtlebot3_fake_node/share/turtlebot3_fake_node/param/waffle_pi.yaml
[2.005s] -- Up-to-date: /home/yusuf/ros2_ws/install/turtlebot3_fake_node/share/turtlebot3_fake_node/param/burger.yaml
[2.005s] -- Up-to-date: /home/yusuf/ros2_ws/install/turtlebot3_fake_node/include/
[2.005s] -- Up-to-date: /home/yusuf/ros2_ws/install/turtlebot3_fake_node/include//turtlebot3_fake_node
[2.006s] -- Up-to-date: /home/yusuf/ros2_ws/install/turtlebot3_fake_node/include//turtlebot3_fake_node/turtlebot3_fake_node.hpp
[2.006s] -- Up-to-date: /home/yusuf/ros2_ws/install/turtlebot3_fake_node/share/ament_index/resource_index/package_run_dependencies/turtlebot3_fake_node
[2.006s] -- Installing: /home/yusuf/ros2_ws/install/turtlebot3_fake_node/share/ament_index/resource_index/parent_prefix_path/turtlebot3_fake_node
[2.006s] -- Installing: /home/yusuf/ros2_ws/install/turtlebot3_fake_node/share/turtlebot3_fake_node/environment/ament_prefix_path.sh
[2.007s] -- Installing: /home/yusuf/ros2_ws/install/turtlebot3_fake_node/share/turtlebot3_fake_node/environment/ament_prefix_path.dsv
[2.008s] -- Installing: /home/yusuf/ros2_ws/install/turtlebot3_fake_node/share/turtlebot3_fake_node/environment/path.sh
[2.010s] -- Installing: /home/yusuf/ros2_ws/install/turtlebot3_fake_node/share/turtlebot3_fake_node/environment/path.dsv
[2.010s] -- Up-to-date: /home/yusuf/ros2_ws/install/turtlebot3_fake_node/share/turtlebot3_fake_node/local_setup.bash
[2.011s] -- Up-to-date: /home/yusuf/ros2_ws/install/turtlebot3_fake_node/share/turtlebot3_fake_node/local_setup.sh
[2.011s] -- Up-to-date: /home/yusuf/ros2_ws/install/turtlebot3_fake_node/share/turtlebot3_fake_node/local_setup.zsh
[2.011s] -- Installing: /home/yusuf/ros2_ws/install/turtlebot3_fake_node/share/turtlebot3_fake_node/local_setup.dsv
[2.012s] -- Installing: /home/yusuf/ros2_ws/install/turtlebot3_fake_node/share/turtlebot3_fake_node/package.dsv
[2.012s] -- Up-to-date: /home/yusuf/ros2_ws/install/turtlebot3_fake_node/share/ament_index/resource_index/packages/turtlebot3_fake_node
[2.013s] -- Up-to-date: /home/yusuf/ros2_ws/install/turtlebot3_fake_node/share/turtlebot3_fake_node/cmake/ament_cmake_export_include_directories-extras.cmake
[2.013s] -- Up-to-date: /home/yusuf/ros2_ws/install/turtlebot3_fake_node/share/turtlebot3_fake_node/cmake/ament_cmake_export_dependencies-extras.cmake
[2.013s] -- Up-to-date: /home/yusuf/ros2_ws/install/turtlebot3_fake_node/share/turtlebot3_fake_node/cmake/turtlebot3_fake_nodeConfig.cmake
[2.014s] -- Up-to-date: /home/yusuf/ros2_ws/install/turtlebot3_fake_node/share/turtlebot3_fake_node/cmake/turtlebot3_fake_nodeConfig-version.cmake
[2.014s] -- Up-to-date: /home/yusuf/ros2_ws/install/turtlebot3_fake_node/share/turtlebot3_fake_node/package.xml
[2.051s] Invoked command in '/home/yusuf/ros2_ws/build/turtlebot3_fake_node' returned '0': CMAKE_PREFIX_PATH=${CMAKE_PREFIX_PATH}:/home/yusuf/ros2_ws/install/urdf_tutorial_r2d2:/home/yusuf/ros2_ws/install/turtlebot3_teleop:/home/yusuf/ros2_ws/install/turtlebot3_example:/home/yusuf/ros2_ws/install/robot_python:/opt/ros/humble /usr/bin/cmake --install /home/yusuf/ros2_ws/build/turtlebot3_fake_node
