[0.445s] Invoking command in '/home/yusuf/ros2_ws/build/navigation_tb3': CMAKE_PREFIX_PATH=${CMAKE_PREFIX_PATH}:/home/yusuf/ros2_ws/install/robot_python:/home/yusuf/ros2_learners/install/robot_math:/opt/ros/humble /usr/bin/cmake --build /home/yusuf/ros2_ws/build/navigation_tb3 -- -j8 -l8
[0.918s] Built target ament_cmake_python_copy_navigation_tb3
[0.919s] running egg_info
[0.919s] writing navigation_tb3.egg-info/PKG-INFO
[0.920s] writing dependency_links to navigation_tb3.egg-info/dependency_links.txt
[0.920s] writing top-level names to navigation_tb3.egg-info/top_level.txt
[0.920s] reading manifest file 'navigation_tb3.egg-info/SOURCES.txt'
[0.920s] writing manifest file 'navigation_tb3.egg-info/SOURCES.txt'
[0.921s] Built target ament_cmake_python_build_navigation_tb3_egg
[0.938s] Invoked command in '/home/yusuf/ros2_ws/build/navigation_tb3' returned '0': CMAKE_PREFIX_PATH=${CMAKE_PREFIX_PATH}:/home/yusuf/ros2_ws/install/robot_python:/home/yusuf/ros2_learners/install/robot_math:/opt/ros/humble /usr/bin/cmake --build /home/yusuf/ros2_ws/build/navigation_tb3 -- -j8 -l8
[0.997s] Invoking command in '/home/yusuf/ros2_ws/build/navigation_tb3': CMAKE_PREFIX_PATH=${CMAKE_PREFIX_PATH}:/home/yusuf/ros2_ws/install/robot_python:/home/yusuf/ros2_learners/install/robot_math:/opt/ros/humble /usr/bin/cmake --install /home/yusuf/ros2_ws/build/navigation_tb3
[1.036s] -- Install configuration: ""
[1.037s] -- Up-to-date: /home/yusuf/ros2_ws/install/navigation_tb3/share/navigation_tb3/environment/pythonpath.sh
[1.037s] -- Up-to-date: /home/yusuf/ros2_ws/install/navigation_tb3/share/navigation_tb3/environment/pythonpath.dsv
[1.037s] -- Up-to-date: /home/yusuf/ros2_ws/install/navigation_tb3/local/lib/python3.10/dist-packages/navigation_tb3-0.0.0-py3.10.egg-info
[1.037s] -- Installing: /home/yusuf/ros2_ws/install/navigation_tb3/local/lib/python3.10/dist-packages/navigation_tb3-0.0.0-py3.10.egg-info/SOURCES.txt
[1.038s] -- Installing: /home/yusuf/ros2_ws/install/navigation_tb3/local/lib/python3.10/dist-packages/navigation_tb3-0.0.0-py3.10.egg-info/dependency_links.txt
[1.038s] -- Installing: /home/yusuf/ros2_ws/install/navigation_tb3/local/lib/python3.10/dist-packages/navigation_tb3-0.0.0-py3.10.egg-info/PKG-INFO
[1.038s] -- Installing: /home/yusuf/ros2_ws/install/navigation_tb3/local/lib/python3.10/dist-packages/navigation_tb3-0.0.0-py3.10.egg-info/top_level.txt
[1.038s] -- Up-to-date: /home/yusuf/ros2_ws/install/navigation_tb3/local/lib/python3.10/dist-packages/navigation_tb3
[1.038s] -- Up-to-date: /home/yusuf/ros2_ws/install/navigation_tb3/local/lib/python3.10/dist-packages/navigation_tb3/__init__.py
[1.062s] Listing '/home/yusuf/ros2_ws/install/navigation_tb3/local/lib/python3.10/dist-packages/navigation_tb3'...
[1.067s] -- Up-to-date: /home/yusuf/ros2_ws/install/navigation_tb3/lib/navigation_tb3/single_goal_nav.py
[1.067s] -- Up-to-date: /home/yusuf/ros2_ws/install/navigation_tb3/share/ament_index/resource_index/package_run_dependencies/navigation_tb3
[1.067s] -- Up-to-date: /home/yusuf/ros2_ws/install/navigation_tb3/share/ament_index/resource_index/parent_prefix_path/navigation_tb3
[1.068s] -- Up-to-date: /home/yusuf/ros2_ws/install/navigation_tb3/share/navigation_tb3/environment/ament_prefix_path.sh
[1.068s] -- Up-to-date: /home/yusuf/ros2_ws/install/navigation_tb3/share/navigation_tb3/environment/ament_prefix_path.dsv
[1.068s] -- Up-to-date: /home/yusuf/ros2_ws/install/navigation_tb3/share/navigation_tb3/environment/path.sh
[1.069s] -- Up-to-date: /home/yusuf/ros2_ws/install/navigation_tb3/share/navigation_tb3/environment/path.dsv
[1.069s] -- Up-to-date: /home/yusuf/ros2_ws/install/navigation_tb3/share/navigation_tb3/local_setup.bash
[1.069s] -- Up-to-date: /home/yusuf/ros2_ws/install/navigation_tb3/share/navigation_tb3/local_setup.sh
[1.069s] -- Up-to-date: /home/yusuf/ros2_ws/install/navigation_tb3/share/navigation_tb3/local_setup.zsh
[1.069s] -- Up-to-date: /home/yusuf/ros2_ws/install/navigation_tb3/share/navigation_tb3/local_setup.dsv
[1.070s] -- Up-to-date: /home/yusuf/ros2_ws/install/navigation_tb3/share/navigation_tb3/package.dsv
[1.070s] -- Up-to-date: /home/yusuf/ros2_ws/install/navigation_tb3/share/ament_index/resource_index/packages/navigation_tb3
[1.070s] -- Up-to-date: /home/yusuf/ros2_ws/install/navigation_tb3/share/navigation_tb3/cmake/navigation_tb3Config.cmake
[1.070s] -- Up-to-date: /home/yusuf/ros2_ws/install/navigation_tb3/share/navigation_tb3/cmake/navigation_tb3Config-version.cmake
[1.070s] -- Up-to-date: /home/yusuf/ros2_ws/install/navigation_tb3/share/navigation_tb3/package.xml
[1.359s] Invoked command in '/home/yusuf/ros2_ws/build/navigation_tb3' returned '0': CMAKE_PREFIX_PATH=${CMAKE_PREFIX_PATH}:/home/yusuf/ros2_ws/install/robot_python:/home/yusuf/ros2_learners/install/robot_math:/opt/ros/humble /usr/bin/cmake --install /home/yusuf/ros2_ws/build/navigation_tb3
