[0.148s] Invoking command in '/home/yusuf/ros2_ws/build/robot_cpp': CMAKE_PREFIX_PATH=${CMAKE_PREFIX_PATH}:/home/yusuf/ros2_ws/install/robot_python:/opt/ros/humble /usr/bin/cmake --build /home/yusuf/ros2_ws/build/robot_cpp -- -j8 -l8
[0.353s] Invoked command in '/home/yusuf/ros2_ws/build/robot_cpp' returned '0': CMAKE_PREFIX_PATH=${CMAKE_PREFIX_PATH}:/home/yusuf/ros2_ws/install/robot_python:/opt/ros/humble /usr/bin/cmake --build /home/yusuf/ros2_ws/build/robot_cpp -- -j8 -l8
[0.608s] Invoking command in '/home/yusuf/ros2_ws/build/robot_cpp': CMAKE_PREFIX_PATH=${CMAKE_PREFIX_PATH}:/home/yusuf/ros2_ws/install/robot_python:/opt/ros/humble /usr/bin/cmake --install /home/yusuf/ros2_ws/build/robot_cpp
[0.772s] -- Install configuration: ""
[0.772s] -- Up-to-date: /home/yusuf/ros2_ws/install/robot_cpp/share/ament_index/resource_index/package_run_dependencies/robot_cpp
[0.772s] -- Up-to-date: /home/yusuf/ros2_ws/install/robot_cpp/share/ament_index/resource_index/parent_prefix_path/robot_cpp
[0.773s] -- Up-to-date: /home/yusuf/ros2_ws/install/robot_cpp/share/robot_cpp/environment/ament_prefix_path.sh
[0.773s] -- Up-to-date: /home/yusuf/ros2_ws/install/robot_cpp/share/robot_cpp/environment/ament_prefix_path.dsv
[0.773s] -- Up-to-date: /home/yusuf/ros2_ws/install/robot_cpp/share/robot_cpp/environment/path.sh
[0.773s] -- Up-to-date: /home/yusuf/ros2_ws/install/robot_cpp/share/robot_cpp/environment/path.dsv
[0.774s] -- Up-to-date: /home/yusuf/ros2_ws/install/robot_cpp/share/robot_cpp/local_setup.bash
[0.774s] -- Up-to-date: /home/yusuf/ros2_ws/install/robot_cpp/share/robot_cpp/local_setup.sh
[0.774s] -- Up-to-date: /home/yusuf/ros2_ws/install/robot_cpp/share/robot_cpp/local_setup.zsh
[0.775s] -- Up-to-date: /home/yusuf/ros2_ws/install/robot_cpp/share/robot_cpp/local_setup.dsv
[0.775s] -- Installing: /home/yusuf/ros2_ws/install/robot_cpp/share/robot_cpp/package.dsv
[0.775s] -- Up-to-date: /home/yusuf/ros2_ws/install/robot_cpp/share/ament_index/resource_index/packages/robot_cpp
[0.775s] -- Up-to-date: /home/yusuf/ros2_ws/install/robot_cpp/share/robot_cpp/cmake/robot_cppConfig.cmake
[0.776s] -- Up-to-date: /home/yusuf/ros2_ws/install/robot_cpp/share/robot_cpp/cmake/robot_cppConfig-version.cmake
[0.776s] -- Up-to-date: /home/yusuf/ros2_ws/install/robot_cpp/share/robot_cpp/package.xml
[1.166s] Invoked command in '/home/yusuf/ros2_ws/build/robot_cpp' returned '0': CMAKE_PREFIX_PATH=${CMAKE_PREFIX_PATH}:/home/yusuf/ros2_ws/install/robot_python:/opt/ros/humble /usr/bin/cmake --install /home/yusuf/ros2_ws/build/robot_cpp
