[2.548s] Invoking command in '/home/yusuf/ros2_ws/src/turtlebot3/turtlebot3_example': PYTHONPATH=/home/yusuf/ros2_ws/build/turtlebot3_example/prefix_override:/home/yusuf/ros2_ws/install/turtlebot3_example/lib/python3.10/site-packages:${PYTHONPATH} /usr/bin/python3 setup.py egg_info --egg-base ../../../build/turtlebot3_example build --build-base /home/yusuf/ros2_ws/build/turtlebot3_example/build install --record /home/yusuf/ros2_ws/build/turtlebot3_example/install.log --single-version-externally-managed
[2.970s] running egg_info
[2.971s] writing ../../../build/turtlebot3_example/turtlebot3_example.egg-info/PKG-INFO
[2.972s] writing dependency_links to ../../../build/turtlebot3_example/turtlebot3_example.egg-info/dependency_links.txt
[2.972s] writing entry points to ../../../build/turtlebot3_example/turtlebot3_example.egg-info/entry_points.txt
[2.972s] writing requirements to ../../../build/turtlebot3_example/turtlebot3_example.egg-info/requires.txt
[2.973s] writing top-level names to ../../../build/turtlebot3_example/turtlebot3_example.egg-info/top_level.txt
[2.975s] reading manifest file '../../../build/turtlebot3_example/turtlebot3_example.egg-info/SOURCES.txt'
[2.977s] writing manifest file '../../../build/turtlebot3_example/turtlebot3_example.egg-info/SOURCES.txt'
[2.981s] running build
[2.981s] running build_py
[2.981s] /usr/lib/python3/dist-packages/setuptools/command/install.py:34: SetuptoolsDeprecationWarning: setup.py install is deprecated. Use build and pip and other standards-based tools.
[2.982s]   warnings.warn(
[2.982s] running install
[2.982s] running install_lib
[2.985s] running install_data
[2.987s] running install_egg_info
[2.990s] removing '/home/yusuf/ros2_ws/install/turtlebot3_example/lib/python3.10/site-packages/turtlebot3_example-2.1.5-py3.10.egg-info' (and everything under it)
[2.991s] Copying ../../../build/turtlebot3_example/turtlebot3_example.egg-info to /home/yusuf/ros2_ws/install/turtlebot3_example/lib/python3.10/site-packages/turtlebot3_example-2.1.5-py3.10.egg-info
[2.992s] running install_scripts
[3.033s] Installing turtlebot3_obstacle_detection script to /home/yusuf/ros2_ws/install/turtlebot3_example/lib/turtlebot3_example
[3.033s] Installing turtlebot3_patrol_client script to /home/yusuf/ros2_ws/install/turtlebot3_example/lib/turtlebot3_example
[3.033s] Installing turtlebot3_patrol_server script to /home/yusuf/ros2_ws/install/turtlebot3_example/lib/turtlebot3_example
[3.038s] Installing turtlebot3_position_control script to /home/yusuf/ros2_ws/install/turtlebot3_example/lib/turtlebot3_example
[3.039s] writing list of installed files to '/home/yusuf/ros2_ws/build/turtlebot3_example/install.log'
[3.462s] Invoked command in '/home/yusuf/ros2_ws/src/turtlebot3/turtlebot3_example' returned '0': PYTHONPATH=/home/yusuf/ros2_ws/build/turtlebot3_example/prefix_override:/home/yusuf/ros2_ws/install/turtlebot3_example/lib/python3.10/site-packages:${PYTHONPATH} /usr/bin/python3 setup.py egg_info --egg-base ../../../build/turtlebot3_example build --build-base /home/yusuf/ros2_ws/build/turtlebot3_example/build install --record /home/yusuf/ros2_ws/build/turtlebot3_example/install.log --single-version-externally-managed
