[0.521s] Invoking command in '/home/yusuf/ros2_ws/build/turtlebot3_node': CMAKE_PREFIX_PATH=${CMAKE_PREFIX_PATH}:/home/yusuf/ros2_ws/install/robot_python:/opt/ros/humble /usr/bin/cmake /home/yusuf/ros2_ws/src/turtlebot3/turtlebot3_node -DCMAKE_INSTALL_PREFIX=/home/yusuf/ros2_ws/install/turtlebot3_node
[0.925s] -- Found ament_cmake: 1.3.6 (/opt/ros/humble/share/ament_cmake/cmake)
[0.926s] -- Found dynamixel_sdk: 3.7.60 (/opt/ros/humble/share/dynamixel_sdk/cmake)
[0.927s] -- Found geometry_msgs: 4.2.3 (/opt/ros/humble/share/geometry_msgs/cmake)
[0.928s] -- Found rosidl_generator_c: 3.1.5 (/opt/ros/humble/share/rosidl_generator_c/cmake)
[0.928s] -- Found rosidl_adapter: 3.1.5 (/opt/ros/humble/share/rosidl_adapter/cmake)
[0.928s] -- Found rosidl_generator_cpp: 3.1.5 (/opt/ros/humble/share/rosidl_generator_cpp/cmake)
[0.928s] -- Using all available rosidl_typesupport_c: rosidl_typesupport_fastrtps_c;rosidl_typesupport_introspection_c
[0.928s] -- Using all available rosidl_typesupport_cpp: rosidl_typesupport_fastrtps_cpp;rosidl_typesupport_introspection_cpp
[1.067s] -- Found message_filters: 4.3.3 (/opt/ros/humble/share/message_filters/cmake)
[1.165s] -- Found rmw_implementation_cmake: 6.1.1 (/opt/ros/humble/share/rmw_implementation_cmake/cmake)
[1.170s] -- Found rmw_fastrtps_cpp: 6.2.5 (/opt/ros/humble/share/rmw_fastrtps_cpp/cmake)
[1.301s] -- Found OpenSSL: /usr/lib/x86_64-linux-gnu/libcrypto.so (found version "3.0.2")  
[1.340s] -- Found FastRTPS: /opt/ros/humble/include  
[1.445s] -- Using RMW implementation 'rmw_fastrtps_cpp' as default
[1.477s] -- Looking for pthread.h
[1.584s] -- Looking for pthread.h - found
[1.585s] -- Performing Test CMAKE_HAVE_LIBC_PTHREAD
[1.705s] -- Performing Test CMAKE_HAVE_LIBC_PTHREAD - Success
[1.707s] -- Found Threads: TRUE  
[1.992s] -- Found nav_msgs: 4.2.3 (/opt/ros/humble/share/nav_msgs/cmake)
[2.134s] -- Found sensor_msgs: 4.2.3 (/opt/ros/humble/share/sensor_msgs/cmake)
[2.281s] -- Found std_srvs: 4.2.3 (/opt/ros/humble/share/std_srvs/cmake)
[2.314s] -- Found tf2: 0.25.5 (/opt/ros/humble/share/tf2/cmake)
[2.345s] -- Found tf2_ros: 0.25.5 (/opt/ros/humble/share/tf2_ros/cmake)
[3.386s] -- Found turtlebot3_msgs: 2.2.3 (/opt/ros/humble/share/turtlebot3_msgs/cmake)
[3.788s] -- Configuring done
[3.820s] -- Generating done
[3.822s] -- Build files have been written to: /home/yusuf/ros2_ws/build/turtlebot3_node
[3.871s] Invoked command in '/home/yusuf/ros2_ws/build/turtlebot3_node' returned '0': CMAKE_PREFIX_PATH=${CMAKE_PREFIX_PATH}:/home/yusuf/ros2_ws/install/robot_python:/opt/ros/humble /usr/bin/cmake /home/yusuf/ros2_ws/src/turtlebot3/turtlebot3_node -DCMAKE_INSTALL_PREFIX=/home/yusuf/ros2_ws/install/turtlebot3_node
[3.874s] Invoking command in '/home/yusuf/ros2_ws/build/turtlebot3_node': CMAKE_PREFIX_PATH=${CMAKE_PREFIX_PATH}:/home/yusuf/ros2_ws/install/robot_python:/opt/ros/humble /usr/bin/cmake --build /home/yusuf/ros2_ws/build/turtlebot3_node -- -j8 -l8
[3.973s] [ 14%] [32mBuilding CXX object CMakeFiles/turtlebot3_node_lib.dir/src/devices/sound.cpp.o[0m
[3.974s] [ 14%] [32mBuilding CXX object CMakeFiles/turtlebot3_node_lib.dir/src/devices/motor_power.cpp.o[0m
[3.977s] [ 21%] [32mBuilding CXX object CMakeFiles/turtlebot3_node_lib.dir/src/diff_drive_controller.cpp.o[0m
[3.978s] [ 28%] [32mBuilding CXX object CMakeFiles/turtlebot3_node_lib.dir/src/dynamixel_sdk_wrapper.cpp.o[0m
[3.982s] [ 35%] [32mBuilding CXX object CMakeFiles/turtlebot3_node_lib.dir/src/odometry.cpp.o[0m
[3.989s] [ 42%] [32mBuilding CXX object CMakeFiles/turtlebot3_node_lib.dir/src/devices/reset.cpp.o[0m
[3.998s] [ 50%] [32mBuilding CXX object CMakeFiles/turtlebot3_node_lib.dir/src/turtlebot3.cpp.o[0m
[4.069s] [ 57%] [32mBuilding CXX object CMakeFiles/turtlebot3_node_lib.dir/src/sensors/battery_state.cpp.o[0m
[5.744s] [ 64%] [32mBuilding CXX object CMakeFiles/turtlebot3_node_lib.dir/src/sensors/imu.cpp.o[0m
[16.517s] [ 71%] [32mBuilding CXX object CMakeFiles/turtlebot3_node_lib.dir/src/sensors/joint_state.cpp.o[0m
[18.913s] [ 78%] [32mBuilding CXX object CMakeFiles/turtlebot3_node_lib.dir/src/sensors/sensor_state.cpp.o[0m
[38.854s] [ 85%] [32m[1mLinking CXX static library libturtlebot3_node_lib.a[0m
[39.649s] [ 85%] Built target turtlebot3_node_lib
[39.678s] [ 92%] [32mBuilding CXX object CMakeFiles/turtlebot3_ros.dir/src/node_main.cpp.o[0m
[43.859s] [100%] [32m[1mLinking CXX executable turtlebot3_ros[0m
[46.077s] [100%] Built target turtlebot3_ros
[46.093s] Invoked command in '/home/yusuf/ros2_ws/build/turtlebot3_node' returned '0': CMAKE_PREFIX_PATH=${CMAKE_PREFIX_PATH}:/home/yusuf/ros2_ws/install/robot_python:/opt/ros/humble /usr/bin/cmake --build /home/yusuf/ros2_ws/build/turtlebot3_node -- -j8 -l8
[46.163s] Invoking command in '/home/yusuf/ros2_ws/build/turtlebot3_node': CMAKE_PREFIX_PATH=${CMAKE_PREFIX_PATH}:/home/yusuf/ros2_ws/install/robot_python:/opt/ros/humble /usr/bin/cmake --install /home/yusuf/ros2_ws/build/turtlebot3_node
[46.173s] -- Install configuration: ""
[46.173s] -- Installing: /home/yusuf/ros2_ws/install/turtlebot3_node/share/turtlebot3_node/param
[46.174s] -- Installing: /home/yusuf/ros2_ws/install/turtlebot3_node/share/turtlebot3_node/param/waffle.yaml
[46.174s] -- Installing: /home/yusuf/ros2_ws/install/turtlebot3_node/share/turtlebot3_node/param/waffle_pi.yaml
[46.174s] -- Installing: /home/yusuf/ros2_ws/install/turtlebot3_node/share/turtlebot3_node/param/burger.yaml
[46.174s] -- Installing: /home/yusuf/ros2_ws/install/turtlebot3_node/lib/turtlebot3_node/turtlebot3_ros
[46.193s] -- Set runtime path of "/home/yusuf/ros2_ws/install/turtlebot3_node/lib/turtlebot3_node/turtlebot3_ros" to ""
[46.193s] -- Installing: /home/yusuf/ros2_ws/install/turtlebot3_node/share/ament_index/resource_index/package_run_dependencies/turtlebot3_node
[46.193s] -- Installing: /home/yusuf/ros2_ws/install/turtlebot3_node/share/ament_index/resource_index/parent_prefix_path/turtlebot3_node
[46.193s] -- Installing: /home/yusuf/ros2_ws/install/turtlebot3_node/share/turtlebot3_node/environment/ament_prefix_path.sh
[46.194s] -- Installing: /home/yusuf/ros2_ws/install/turtlebot3_node/share/turtlebot3_node/environment/ament_prefix_path.dsv
[46.194s] -- Installing: /home/yusuf/ros2_ws/install/turtlebot3_node/share/turtlebot3_node/environment/path.sh
[46.194s] -- Installing: /home/yusuf/ros2_ws/install/turtlebot3_node/share/turtlebot3_node/environment/path.dsv
[46.194s] -- Installing: /home/yusuf/ros2_ws/install/turtlebot3_node/share/turtlebot3_node/local_setup.bash
[46.194s] -- Installing: /home/yusuf/ros2_ws/install/turtlebot3_node/share/turtlebot3_node/local_setup.sh
[46.194s] -- Installing: /home/yusuf/ros2_ws/install/turtlebot3_node/share/turtlebot3_node/local_setup.zsh
[46.194s] -- Installing: /home/yusuf/ros2_ws/install/turtlebot3_node/share/turtlebot3_node/local_setup.dsv
[46.195s] -- Installing: /home/yusuf/ros2_ws/install/turtlebot3_node/share/turtlebot3_node/package.dsv
[46.195s] -- Installing: /home/yusuf/ros2_ws/install/turtlebot3_node/share/ament_index/resource_index/packages/turtlebot3_node
[46.195s] -- Installing: /home/yusuf/ros2_ws/install/turtlebot3_node/share/turtlebot3_node/cmake/ament_cmake_export_include_directories-extras.cmake
[46.195s] -- Installing: /home/yusuf/ros2_ws/install/turtlebot3_node/share/turtlebot3_node/cmake/turtlebot3_nodeConfig.cmake
[46.195s] -- Installing: /home/yusuf/ros2_ws/install/turtlebot3_node/share/turtlebot3_node/cmake/turtlebot3_nodeConfig-version.cmake
[46.196s] -- Installing: /home/yusuf/ros2_ws/install/turtlebot3_node/share/turtlebot3_node/package.xml
[46.198s] Invoked command in '/home/yusuf/ros2_ws/build/turtlebot3_node' returned '0': CMAKE_PREFIX_PATH=${CMAKE_PREFIX_PATH}:/home/yusuf/ros2_ws/install/robot_python:/opt/ros/humble /usr/bin/cmake --install /home/yusuf/ros2_ws/build/turtlebot3_node
