[5.820s] Invoking command in '/home/yusuf/ros2_ws/src/robot_python': PYTHONPATH=/home/yusuf/ros2_ws/build/robot_python/prefix_override:/usr/lib/python3/dist-packages/colcon_core/task/python/colcon_distutils_commands:/home/yusuf/ros2_ws/install/robot_python/lib/python3.10/site-packages:${PYTHONPATH} /usr/bin/python3 -W ignore:setup.py install is deprecated setup.py egg_info --egg-base ../../build/robot_python build --build-base /home/yusuf/ros2_ws/build/robot_python/build install --record /home/yusuf/ros2_ws/build/robot_python/install.log --single-version-externally-managed install_data
[8.370s] running egg_info
[8.373s] creating ../../build/robot_python/robot_python.egg-info
[8.373s] writing ../../build/robot_python/robot_python.egg-info/PKG-INFO
[8.374s] writing dependency_links to ../../build/robot_python/robot_python.egg-info/dependency_links.txt
[8.377s] writing entry points to ../../build/robot_python/robot_python.egg-info/entry_points.txt
[8.384s] writing requirements to ../../build/robot_python/robot_python.egg-info/requires.txt
[8.384s] writing top-level names to ../../build/robot_python/robot_python.egg-info/top_level.txt
[8.385s] writing manifest file '../../build/robot_python/robot_python.egg-info/SOURCES.txt'
[8.393s] reading manifest file '../../build/robot_python/robot_python.egg-info/SOURCES.txt'
[8.398s] writing manifest file '../../build/robot_python/robot_python.egg-info/SOURCES.txt'
[8.398s] running build
[8.399s] running build_py
[8.400s] creating /home/yusuf/ros2_ws/build/robot_python/build
[8.400s] creating /home/yusuf/ros2_ws/build/robot_python/build/lib
[8.401s] creating /home/yusuf/ros2_ws/build/robot_python/build/lib/robot_python
[8.401s] copying robot_python/my_first_node.py -> /home/yusuf/ros2_ws/build/robot_python/build/lib/robot_python
[8.402s] copying robot_python/my_publisher.py -> /home/yusuf/ros2_ws/build/robot_python/build/lib/robot_python
[8.402s] copying robot_python/my_service.py -> /home/yusuf/ros2_ws/build/robot_python/build/lib/robot_python
[8.403s] copying robot_python/my_subtest.py -> /home/yusuf/ros2_ws/build/robot_python/build/lib/robot_python
[8.404s] copying robot_python/__init__.py -> /home/yusuf/ros2_ws/build/robot_python/build/lib/robot_python
[8.404s] copying robot_python/test_tf.py -> /home/yusuf/ros2_ws/build/robot_python/build/lib/robot_python
[8.405s] copying robot_python/turtlesim_go.py -> /home/yusuf/ros2_ws/build/robot_python/build/lib/robot_python
[8.406s] copying robot_python/my_subscriber.py -> /home/yusuf/ros2_ws/build/robot_python/build/lib/robot_python
[8.407s] running install
[8.408s] running install_lib
[8.416s] creating /home/yusuf/ros2_ws/install/robot_python/lib/python3.10/site-packages/robot_python
[8.416s] copying /home/yusuf/ros2_ws/build/robot_python/build/lib/robot_python/my_first_node.py -> /home/yusuf/ros2_ws/install/robot_python/lib/python3.10/site-packages/robot_python
[8.417s] copying /home/yusuf/ros2_ws/build/robot_python/build/lib/robot_python/my_publisher.py -> /home/yusuf/ros2_ws/install/robot_python/lib/python3.10/site-packages/robot_python
[8.417s] copying /home/yusuf/ros2_ws/build/robot_python/build/lib/robot_python/my_service.py -> /home/yusuf/ros2_ws/install/robot_python/lib/python3.10/site-packages/robot_python
[8.417s] copying /home/yusuf/ros2_ws/build/robot_python/build/lib/robot_python/my_subtest.py -> /home/yusuf/ros2_ws/install/robot_python/lib/python3.10/site-packages/robot_python
[8.418s] copying /home/yusuf/ros2_ws/build/robot_python/build/lib/robot_python/__init__.py -> /home/yusuf/ros2_ws/install/robot_python/lib/python3.10/site-packages/robot_python
[8.418s] copying /home/yusuf/ros2_ws/build/robot_python/build/lib/robot_python/test_tf.py -> /home/yusuf/ros2_ws/install/robot_python/lib/python3.10/site-packages/robot_python
[8.418s] copying /home/yusuf/ros2_ws/build/robot_python/build/lib/robot_python/turtlesim_go.py -> /home/yusuf/ros2_ws/install/robot_python/lib/python3.10/site-packages/robot_python
[8.419s] copying /home/yusuf/ros2_ws/build/robot_python/build/lib/robot_python/my_subscriber.py -> /home/yusuf/ros2_ws/install/robot_python/lib/python3.10/site-packages/robot_python
[8.422s] byte-compiling /home/yusuf/ros2_ws/install/robot_python/lib/python3.10/site-packages/robot_python/my_first_node.py to my_first_node.cpython-310.pyc
[8.424s] byte-compiling /home/yusuf/ros2_ws/install/robot_python/lib/python3.10/site-packages/robot_python/my_publisher.py to my_publisher.cpython-310.pyc
[8.424s] byte-compiling /home/yusuf/ros2_ws/install/robot_python/lib/python3.10/site-packages/robot_python/my_service.py to my_service.cpython-310.pyc
[8.426s] byte-compiling /home/yusuf/ros2_ws/install/robot_python/lib/python3.10/site-packages/robot_python/my_subtest.py to my_subtest.cpython-310.pyc
[8.429s] byte-compiling /home/yusuf/ros2_ws/install/robot_python/lib/python3.10/site-packages/robot_python/__init__.py to __init__.cpython-310.pyc
[8.429s] byte-compiling /home/yusuf/ros2_ws/install/robot_python/lib/python3.10/site-packages/robot_python/test_tf.py to test_tf.cpython-310.pyc
[8.433s] byte-compiling /home/yusuf/ros2_ws/install/robot_python/lib/python3.10/site-packages/robot_python/turtlesim_go.py to turtlesim_go.cpython-310.pyc
[8.436s] byte-compiling /home/yusuf/ros2_ws/install/robot_python/lib/python3.10/site-packages/robot_python/my_subscriber.py to my_subscriber.cpython-310.pyc
[8.437s] running install_data
[8.438s] creating /home/yusuf/ros2_ws/install/robot_python/share/ament_index
[8.439s] creating /home/yusuf/ros2_ws/install/robot_python/share/ament_index/resource_index
[8.444s] creating /home/yusuf/ros2_ws/install/robot_python/share/ament_index/resource_index/packages
[8.444s] copying resource/robot_python -> /home/yusuf/ros2_ws/install/robot_python/share/ament_index/resource_index/packages
[8.445s] copying package.xml -> /home/yusuf/ros2_ws/install/robot_python/share/robot_python
[8.451s] copying launch/robot_python.launch.py -> /home/yusuf/ros2_ws/install/robot_python/share/robot_python
[8.452s] creating /home/yusuf/ros2_ws/install/robot_python/share/robot_python/launch
[8.452s] copying launch/tf2.launch.py -> /home/yusuf/ros2_ws/install/robot_python/share/robot_python/launch
[8.452s] copying launch/robot_python.launch.py -> /home/yusuf/ros2_ws/install/robot_python/share/robot_python/launch
[8.453s] copying urdf/example_robot.urdf.xacro -> /home/yusuf/ros2_ws/install/robot_python/share/robot_python
[8.453s] running install_egg_info
[8.453s] Copying ../../build/robot_python/robot_python.egg-info to /home/yusuf/ros2_ws/install/robot_python/lib/python3.10/site-packages/robot_python-0.0.0-py3.10.egg-info
[8.458s] running install_scripts
[8.610s] Installing my_publisher script to /home/yusuf/ros2_ws/install/robot_python/lib/robot_python
[8.611s] Installing my_service script to /home/yusuf/ros2_ws/install/robot_python/lib/robot_python
[8.612s] Installing my_subscriber script to /home/yusuf/ros2_ws/install/robot_python/lib/robot_python
[8.613s] Installing my_subtest script to /home/yusuf/ros2_ws/install/robot_python/lib/robot_python
[8.615s] Installing test_node script to /home/yusuf/ros2_ws/install/robot_python/lib/robot_python
[8.616s] Installing turtlesim_go = robot_python.turtlesim_go:maintest_tf script to /home/yusuf/ros2_ws/install/robot_python/lib/robot_python
[8.618s] writing list of installed files to '/home/yusuf/ros2_ws/build/robot_python/install.log'
[9.090s] Invoked command in '/home/yusuf/ros2_ws/src/robot_python' returned '0': PYTHONPATH=/home/yusuf/ros2_ws/build/robot_python/prefix_override:/usr/lib/python3/dist-packages/colcon_core/task/python/colcon_distutils_commands:/home/yusuf/ros2_ws/install/robot_python/lib/python3.10/site-packages:${PYTHONPATH} /usr/bin/python3 -W ignore:setup.py install is deprecated setup.py egg_info --egg-base ../../build/robot_python build --build-base /home/yusuf/ros2_ws/build/robot_python/build install --record /home/yusuf/ros2_ws/build/robot_python/install.log --single-version-externally-managed install_data
