[0.733s] Invoking command in '/home/yusuf/ros2_ws/build/ros2_control_demo_description': CMAKE_PREFIX_PATH=${CMAKE_PREFIX_PATH}:/opt/ros/humble /usr/bin/cmake /home/yusuf/ros2_ws/src/ros2_control_demos/ros2_control_demo_description -DCMAKE_INSTALL_PREFIX=/home/yusuf/ros2_ws/install/ros2_control_demo_description
[1.542s] -- The C compiler identification is GNU 11.4.0
[1.542s] -- The CXX compiler identification is GNU 11.4.0
[1.542s] -- Detecting C compiler ABI info
[1.542s] -- Detecting C compiler ABI info - done
[1.542s] -- Check for working C compiler: /usr/bin/cc - skipped
[1.543s] -- Detecting C compile features
[1.543s] -- Detecting C compile features - done
[1.543s] -- Detecting CXX compiler ABI info
[1.543s] -- Detecting CXX compiler ABI info - done
[1.544s] -- Check for working CXX compiler: /usr/bin/c++ - skipped
[1.544s] -- Detecting CXX compile features
[1.544s] -- Detecting CXX compile features - done
[1.544s] -- Found ament_cmake: 1.3.8 (/opt/ros/humble/share/ament_cmake/cmake)
[1.824s] -- Found Python3: /usr/bin/python3 (found version "3.10.12") found components: Interpreter 
[2.228s] -- Configuring done
[2.241s] -- Generating done
[2.242s] -- Build files have been written to: /home/yusuf/ros2_ws/build/ros2_control_demo_description
[2.924s] Invoked command in '/home/yusuf/ros2_ws/build/ros2_control_demo_description' returned '0': CMAKE_PREFIX_PATH=${CMAKE_PREFIX_PATH}:/opt/ros/humble /usr/bin/cmake /home/yusuf/ros2_ws/src/ros2_control_demos/ros2_control_demo_description -DCMAKE_INSTALL_PREFIX=/home/yusuf/ros2_ws/install/ros2_control_demo_description
[2.925s] Invoking command in '/home/yusuf/ros2_ws/build/ros2_control_demo_description': CMAKE_PREFIX_PATH=${CMAKE_PREFIX_PATH}:/opt/ros/humble /usr/bin/cmake --build /home/yusuf/ros2_ws/build/ros2_control_demo_description -- -j8 -l8
[3.747s] Invoked command in '/home/yusuf/ros2_ws/build/ros2_control_demo_description' returned '0': CMAKE_PREFIX_PATH=${CMAKE_PREFIX_PATH}:/opt/ros/humble /usr/bin/cmake --build /home/yusuf/ros2_ws/build/ros2_control_demo_description -- -j8 -l8
[4.033s] Invoking command in '/home/yusuf/ros2_ws/build/ros2_control_demo_description': CMAKE_PREFIX_PATH=${CMAKE_PREFIX_PATH}:/opt/ros/humble /usr/bin/cmake --install /home/yusuf/ros2_ws/build/ros2_control_demo_description
[4.056s] -- Install configuration: ""
[4.056s] -- Installing: /home/yusuf/ros2_ws/install/ros2_control_demo_description/share/ros2_control_demo_description/rrbot/urdf
[4.057s] -- Installing: /home/yusuf/ros2_ws/install/ros2_control_demo_description/share/ros2_control_demo_description/rrbot/urdf/rrbot.materials.xacro
[4.058s] -- Installing: /home/yusuf/ros2_ws/install/ros2_control_demo_description/share/ros2_control_demo_description/rrbot/urdf/rrbot_description.urdf.xacro
[4.058s] -- Installing: /home/yusuf/ros2_ws/install/ros2_control_demo_description/share/ros2_control_demo_description/rrbot/rviz
[4.061s] -- Installing: /home/yusuf/ros2_ws/install/ros2_control_demo_description/share/ros2_control_demo_description/rrbot/rviz/rrbot.rviz
[4.061s] -- Installing: /home/yusuf/ros2_ws/install/ros2_control_demo_description/share/ros2_control_demo_description/diffbot/urdf
[4.062s] -- Installing: /home/yusuf/ros2_ws/install/ros2_control_demo_description/share/ros2_control_demo_description/diffbot/urdf/diffbot.materials.xacro
[4.062s] -- Installing: /home/yusuf/ros2_ws/install/ros2_control_demo_description/share/ros2_control_demo_description/diffbot/urdf/diffbot_description.urdf.xacro
[4.063s] -- Installing: /home/yusuf/ros2_ws/install/ros2_control_demo_description/share/ros2_control_demo_description/diffbot/rviz
[4.063s] -- Installing: /home/yusuf/ros2_ws/install/ros2_control_demo_description/share/ros2_control_demo_description/diffbot/rviz/diffbot_view.rviz
[4.063s] -- Installing: /home/yusuf/ros2_ws/install/ros2_control_demo_description/share/ros2_control_demo_description/diffbot/rviz/diffbot.rviz
[4.064s] -- Installing: /home/yusuf/ros2_ws/install/ros2_control_demo_description/share/ros2_control_demo_description/carlikebot/urdf
[4.064s] -- Installing: /home/yusuf/ros2_ws/install/ros2_control_demo_description/share/ros2_control_demo_description/carlikebot/urdf/carlikebot_description.urdf.xacro
[4.064s] -- Installing: /home/yusuf/ros2_ws/install/ros2_control_demo_description/share/ros2_control_demo_description/carlikebot/urdf/carlikebot.materials.xacro
[4.064s] -- Installing: /home/yusuf/ros2_ws/install/ros2_control_demo_description/share/ros2_control_demo_description/carlikebot/rviz
[4.065s] -- Installing: /home/yusuf/ros2_ws/install/ros2_control_demo_description/share/ros2_control_demo_description/carlikebot/rviz/carlikebot.rviz
[4.065s] -- Installing: /home/yusuf/ros2_ws/install/ros2_control_demo_description/share/ros2_control_demo_description/carlikebot/rviz/carlikebot_view.rviz
[4.066s] -- Installing: /home/yusuf/ros2_ws/install/ros2_control_demo_description/share/ros2_control_demo_description/r6bot/meshes
[4.066s] -- Installing: /home/yusuf/ros2_ws/install/ros2_control_demo_description/share/ros2_control_demo_description/r6bot/meshes/visual
[4.067s] -- Installing: /home/yusuf/ros2_ws/install/ros2_control_demo_description/share/ros2_control_demo_description/r6bot/meshes/visual/link_2.dae
[4.071s] -- Installing: /home/yusuf/ros2_ws/install/ros2_control_demo_description/share/ros2_control_demo_description/r6bot/meshes/visual/link_0.dae
[4.073s] -- Installing: /home/yusuf/ros2_ws/install/ros2_control_demo_description/share/ros2_control_demo_description/r6bot/meshes/visual/link_1.dae
[4.076s] -- Installing: /home/yusuf/ros2_ws/install/ros2_control_demo_description/share/ros2_control_demo_description/r6bot/meshes/visual/link_5.dae
[4.078s] -- Installing: /home/yusuf/ros2_ws/install/ros2_control_demo_description/share/ros2_control_demo_description/r6bot/meshes/visual/link_3.dae
[4.098s] -- Installing: /home/yusuf/ros2_ws/install/ros2_control_demo_description/share/ros2_control_demo_description/r6bot/meshes/visual/link_6.dae
[4.099s] -- Installing: /home/yusuf/ros2_ws/install/ros2_control_demo_description/share/ros2_control_demo_description/r6bot/meshes/visual/link_4.dae
[4.101s] -- Installing: /home/yusuf/ros2_ws/install/ros2_control_demo_description/share/ros2_control_demo_description/r6bot/meshes/collision
[4.102s] -- Installing: /home/yusuf/ros2_ws/install/ros2_control_demo_description/share/ros2_control_demo_description/r6bot/meshes/collision/link_4.stl
[4.102s] -- Installing: /home/yusuf/ros2_ws/install/ros2_control_demo_description/share/ros2_control_demo_description/r6bot/meshes/collision/link_3.stl
[4.104s] -- Installing: /home/yusuf/ros2_ws/install/ros2_control_demo_description/share/ros2_control_demo_description/r6bot/meshes/collision/link_0.stl
[4.122s] -- Installing: /home/yusuf/ros2_ws/install/ros2_control_demo_description/share/ros2_control_demo_description/r6bot/meshes/collision/link_5.stl
[4.122s] -- Installing: /home/yusuf/ros2_ws/install/ros2_control_demo_description/share/ros2_control_demo_description/r6bot/meshes/collision/link_1.stl
[4.122s] -- Installing: /home/yusuf/ros2_ws/install/ros2_control_demo_description/share/ros2_control_demo_description/r6bot/meshes/collision/link_6.stl
[4.123s] -- Installing: /home/yusuf/ros2_ws/install/ros2_control_demo_description/share/ros2_control_demo_description/r6bot/meshes/collision/link_2.stl
[4.123s] -- Installing: /home/yusuf/ros2_ws/install/ros2_control_demo_description/share/ros2_control_demo_description/r6bot/srdf
[4.123s] -- Installing: /home/yusuf/ros2_ws/install/ros2_control_demo_description/share/ros2_control_demo_description/r6bot/srdf/r6bot.srdf
[4.123s] -- Installing: /home/yusuf/ros2_ws/install/ros2_control_demo_description/share/ros2_control_demo_description/r6bot/urdf
[4.123s] -- Installing: /home/yusuf/ros2_ws/install/ros2_control_demo_description/share/ros2_control_demo_description/r6bot/urdf/r6bot_description.urdf.xacro
[4.123s] -- Installing: /home/yusuf/ros2_ws/install/ros2_control_demo_description/share/ros2_control_demo_description/r6bot/urdf/inc
[4.123s] -- Installing: /home/yusuf/ros2_ws/install/ros2_control_demo_description/share/ros2_control_demo_description/r6bot/urdf/inc/create_link.xacro
[4.124s] -- Installing: /home/yusuf/ros2_ws/install/ros2_control_demo_description/share/ros2_control_demo_description/r6bot/rviz
[4.125s] -- Installing: /home/yusuf/ros2_ws/install/ros2_control_demo_description/share/ros2_control_demo_description/r6bot/rviz/view_robot.rviz
[4.125s] -- Installing: /home/yusuf/ros2_ws/install/ros2_control_demo_description/share/ament_index/resource_index/package_run_dependencies/ros2_control_demo_description
[4.126s] -- Installing: /home/yusuf/ros2_ws/install/ros2_control_demo_description/share/ament_index/resource_index/parent_prefix_path/ros2_control_demo_description
[4.127s] -- Installing: /home/yusuf/ros2_ws/install/ros2_control_demo_description/share/ros2_control_demo_description/environment/ament_prefix_path.sh
[4.127s] -- Installing: /home/yusuf/ros2_ws/install/ros2_control_demo_description/share/ros2_control_demo_description/environment/ament_prefix_path.dsv
[4.128s] -- Installing: /home/yusuf/ros2_ws/install/ros2_control_demo_description/share/ros2_control_demo_description/environment/path.sh
[4.129s] -- Installing: /home/yusuf/ros2_ws/install/ros2_control_demo_description/share/ros2_control_demo_description/environment/path.dsv
[4.129s] -- Installing: /home/yusuf/ros2_ws/install/ros2_control_demo_description/share/ros2_control_demo_description/local_setup.bash
[4.130s] -- Installing: /home/yusuf/ros2_ws/install/ros2_control_demo_description/share/ros2_control_demo_description/local_setup.sh
[4.130s] -- Installing: /home/yusuf/ros2_ws/install/ros2_control_demo_description/share/ros2_control_demo_description/local_setup.zsh
[4.131s] -- Installing: /home/yusuf/ros2_ws/install/ros2_control_demo_description/share/ros2_control_demo_description/local_setup.dsv
[4.132s] -- Installing: /home/yusuf/ros2_ws/install/ros2_control_demo_description/share/ros2_control_demo_description/package.dsv
[4.133s] -- Installing: /home/yusuf/ros2_ws/install/ros2_control_demo_description/share/ament_index/resource_index/packages/ros2_control_demo_description
[4.133s] -- Installing: /home/yusuf/ros2_ws/install/ros2_control_demo_description/share/ros2_control_demo_description/cmake/ros2_control_demo_descriptionConfig.cmake
[4.134s] -- Installing: /home/yusuf/ros2_ws/install/ros2_control_demo_description/share/ros2_control_demo_description/cmake/ros2_control_demo_descriptionConfig-version.cmake
[4.134s] -- Installing: /home/yusuf/ros2_ws/install/ros2_control_demo_description/share/ros2_control_demo_description/package.xml
[4.324s] Invoked command in '/home/yusuf/ros2_ws/build/ros2_control_demo_description' returned '0': CMAKE_PREFIX_PATH=${CMAKE_PREFIX_PATH}:/opt/ros/humble /usr/bin/cmake --install /home/yusuf/ros2_ws/build/ros2_control_demo_description
