[0.361s] Invoking command in '/home/yusuf/ros2_ws/build/drive_turtle': CMAKE_PREFIX_PATH=${CMAKE_PREFIX_PATH}:/home/yusuf/ros2_ws/install/robot_python:/opt/ros/humble /usr/bin/cmake --build /home/yusuf/ros2_ws/build/drive_turtle -- -j8 -l8
[0.539s] [ 25%] Built target p1_multi_turtle_controller
[0.544s] [ 50%] Built target p1_single_straight_drive
[0.558s] [ 75%] [32mBuilding CXX object CMakeFiles/test_run.dir/src/test_run.cpp.o[0m
[0.559s] [ 87%] Built target p1_multi_straight_drive
[3.573s] In file included from [01m[K/opt/ros/humble/include/rclcpp/rclcpp/logging.hpp:24[m[K,
[3.574s]                  from [01m[K/opt/ros/humble/include/rclcpp/rclcpp/client.hpp:40[m[K,
[3.574s]                  from [01m[K/opt/ros/humble/include/rclcpp/rclcpp/callback_group.hpp:24[m[K,
[3.574s]                  from [01m[K/opt/ros/humble/include/rclcpp/rclcpp/any_executable.hpp:20[m[K,
[3.574s]                  from [01m[K/opt/ros/humble/include/rclcpp/rclcpp/memory_strategy.hpp:25[m[K,
[3.574s]                  from [01m[K/opt/ros/humble/include/rclcpp/rclcpp/memory_strategies.hpp:18[m[K,
[3.574s]                  from [01m[K/opt/ros/humble/include/rclcpp/rclcpp/executor_options.hpp:20[m[K,
[3.574s]                  from [01m[K/opt/ros/humble/include/rclcpp/rclcpp/executor.hpp:37[m[K,
[3.574s]                  from [01m[K/opt/ros/humble/include/rclcpp/rclcpp/executors/multi_threaded_executor.hpp:25[m[K,
[3.574s]                  from [01m[K/opt/ros/humble/include/rclcpp/rclcpp/executors.hpp:21[m[K,
[3.574s]                  from [01m[K/opt/ros/humble/include/rclcpp/rclcpp/rclcpp.hpp:155[m[K,
[3.574s]                  from [01m[K/home/yusuf/ros2_ws/src/mobile_robotics_ROS2/drive_turtle/src/test_run.cpp:6[m[K:
[3.574s] [01m[K/home/yusuf/ros2_ws/src/mobile_robotics_ROS2/drive_turtle/src/test_run.cpp:[m[K In member function ‘[01m[Kvoid Drive::timer_callback()[m[K’:
[3.574s] [01m[K/home/yusuf/ros2_ws/src/mobile_robotics_ROS2/drive_turtle/src/test_run.cpp:45:39:[m[K [01;35m[Kwarning: [m[Kformat ‘[01m[K%d[m[K’ expects argument of type ‘[01m[Kint[m[K’, but argument 5 has type ‘[01m[Kgeometry_msgs::msg::Twist_<std::allocator<void> >[m[K’ [[01;35m[K]8;;https://gcc.gnu.org/onlinedocs/gcc/Warning-Options.html#index-Wformat=-Wformat=]8;;[m[K]
[3.574s]    45 |       RCLCPP_INFO(this->get_logger(), [01;35m[K"Publishing: '%d'"[m[K, [32m[Kmessage[m[K);
[3.574s]       |                                       [01;35m[K^~~~~~~~~~~~~~~~~~[m[K  [32m[K~~~~~~~[m[K
[3.575s]       |                                                           [32m[K|[m[K
[3.575s]       |                                                           [32m[Kgeometry_msgs::msg::Twist_<std::allocator<void> >[m[K
[3.575s] [01m[K/home/yusuf/ros2_ws/src/mobile_robotics_ROS2/drive_turtle/src/test_run.cpp:45:54:[m[K [01;36m[Knote: [m[Kformat string is defined here
[3.575s]    45 |       RCLCPP_INFO(this->get_logger(), "Publishing: '[01;36m[K%d[m[K'", message);
[3.575s]       |                                                     [01;36m[K~^[m[K
[3.575s]       |                                                      [01;36m[K|[m[K
[3.575s]       |                                                      [01;36m[Kint[m[K
[5.461s] [100%] [32m[1mLinking CXX executable test_run[0m
[5.677s] [100%] Built target test_run
[5.690s] Invoked command in '/home/yusuf/ros2_ws/build/drive_turtle' returned '0': CMAKE_PREFIX_PATH=${CMAKE_PREFIX_PATH}:/home/yusuf/ros2_ws/install/robot_python:/opt/ros/humble /usr/bin/cmake --build /home/yusuf/ros2_ws/build/drive_turtle -- -j8 -l8
[5.728s] Invoking command in '/home/yusuf/ros2_ws/build/drive_turtle': CMAKE_PREFIX_PATH=${CMAKE_PREFIX_PATH}:/home/yusuf/ros2_ws/install/robot_python:/opt/ros/humble /usr/bin/cmake --install /home/yusuf/ros2_ws/build/drive_turtle
[5.736s] -- Install configuration: ""
[5.736s] -- Up-to-date: /home/yusuf/ros2_ws/install/drive_turtle/lib/drive_turtle/p1_multi_turtle_controller
[5.737s] -- Up-to-date: /home/yusuf/ros2_ws/install/drive_turtle/lib/drive_turtle/p1_single_straight_drive
[5.737s] -- Up-to-date: /home/yusuf/ros2_ws/install/drive_turtle/lib/drive_turtle/p1_multi_straight_drive
[5.737s] -- Installing: /home/yusuf/ros2_ws/install/drive_turtle/lib/drive_turtle/test_run
[5.740s] -- Set runtime path of "/home/yusuf/ros2_ws/install/drive_turtle/lib/drive_turtle/test_run" to ""
[5.740s] -- Up-to-date: /home/yusuf/ros2_ws/install/drive_turtle/share/drive_turtle/launch
[5.740s] -- Up-to-date: /home/yusuf/ros2_ws/install/drive_turtle/share/drive_turtle/launch/p1_c_multi_robot_controller.launch.py
[5.741s] -- Up-to-date: /home/yusuf/ros2_ws/install/drive_turtle/share/drive_turtle/launch/p1_b_multi_robot_single_sim.launch.py
[5.741s] -- Up-to-date: /home/yusuf/ros2_ws/install/drive_turtle/share/drive_turtle/launch/p1_d_run_multi_turtlesim_drive.launch.py
[5.741s] -- Installing: /home/yusuf/ros2_ws/install/drive_turtle/share/drive_turtle/launch/test_run.launch.py
[5.741s] -- Up-to-date: /home/yusuf/ros2_ws/install/drive_turtle/share/drive_turtle/launch/p1_a_multi_robot_multi_sim.launch.py
[5.741s] -- Up-to-date: /home/yusuf/ros2_ws/install/drive_turtle/share/ament_index/resource_index/package_run_dependencies/drive_turtle
[5.742s] -- Up-to-date: /home/yusuf/ros2_ws/install/drive_turtle/share/ament_index/resource_index/parent_prefix_path/drive_turtle
[5.742s] -- Up-to-date: /home/yusuf/ros2_ws/install/drive_turtle/share/drive_turtle/environment/ament_prefix_path.sh
[5.742s] -- Up-to-date: /home/yusuf/ros2_ws/install/drive_turtle/share/drive_turtle/environment/ament_prefix_path.dsv
[5.742s] -- Up-to-date: /home/yusuf/ros2_ws/install/drive_turtle/share/drive_turtle/environment/path.sh
[5.742s] -- Up-to-date: /home/yusuf/ros2_ws/install/drive_turtle/share/drive_turtle/environment/path.dsv
[5.742s] -- Up-to-date: /home/yusuf/ros2_ws/install/drive_turtle/share/drive_turtle/local_setup.bash
[5.742s] -- Up-to-date: /home/yusuf/ros2_ws/install/drive_turtle/share/drive_turtle/local_setup.sh
[5.742s] -- Up-to-date: /home/yusuf/ros2_ws/install/drive_turtle/share/drive_turtle/local_setup.zsh
[5.743s] -- Up-to-date: /home/yusuf/ros2_ws/install/drive_turtle/share/drive_turtle/local_setup.dsv
[5.743s] -- Installing: /home/yusuf/ros2_ws/install/drive_turtle/share/drive_turtle/package.dsv
[5.743s] -- Up-to-date: /home/yusuf/ros2_ws/install/drive_turtle/share/ament_index/resource_index/packages/drive_turtle
[5.743s] -- Up-to-date: /home/yusuf/ros2_ws/install/drive_turtle/share/drive_turtle/cmake/drive_turtleConfig.cmake
[5.743s] -- Up-to-date: /home/yusuf/ros2_ws/install/drive_turtle/share/drive_turtle/cmake/drive_turtleConfig-version.cmake
[5.744s] -- Up-to-date: /home/yusuf/ros2_ws/install/drive_turtle/share/drive_turtle/package.xml
[5.745s] Invoked command in '/home/yusuf/ros2_ws/build/drive_turtle' returned '0': CMAKE_PREFIX_PATH=${CMAKE_PREFIX_PATH}:/home/yusuf/ros2_ws/install/robot_python:/opt/ros/humble /usr/bin/cmake --install /home/yusuf/ros2_ws/build/drive_turtle
