[2.640s] Invoking command in '/home/yusuf/ros2_ws/src/turtlebot3/turtlebot3_teleop': PYTHONPATH=/home/yusuf/ros2_ws/build/turtlebot3_teleop/prefix_override:/home/yusuf/ros2_ws/install/turtlebot3_teleop/lib/python3.10/site-packages:${PYTHONPATH} /usr/bin/python3 setup.py egg_info --egg-base ../../../build/turtlebot3_teleop build --build-base /home/yusuf/ros2_ws/build/turtlebot3_teleop/build install --record /home/yusuf/ros2_ws/build/turtlebot3_teleop/install.log --single-version-externally-managed
[4.610s] running egg_info
[4.612s] writing ../../../build/turtlebot3_teleop/turtlebot3_teleop.egg-info/PKG-INFO
[4.613s] writing dependency_links to ../../../build/turtlebot3_teleop/turtlebot3_teleop.egg-info/dependency_links.txt
[4.614s] writing entry points to ../../../build/turtlebot3_teleop/turtlebot3_teleop.egg-info/entry_points.txt
[4.615s] writing requirements to ../../../build/turtlebot3_teleop/turtlebot3_teleop.egg-info/requires.txt
[4.615s] writing top-level names to ../../../build/turtlebot3_teleop/turtlebot3_teleop.egg-info/top_level.txt
[4.621s] reading manifest file '../../../build/turtlebot3_teleop/turtlebot3_teleop.egg-info/SOURCES.txt'
[4.634s] writing manifest file '../../../build/turtlebot3_teleop/turtlebot3_teleop.egg-info/SOURCES.txt'
[4.635s] running build
[4.646s] running build_py
[4.648s] running install
[4.648s] /usr/lib/python3/dist-packages/setuptools/command/install.py:34: SetuptoolsDeprecationWarning: setup.py install is deprecated. Use build and pip and other standards-based tools.
[4.649s]   warnings.warn(
[4.650s] running install_lib
[4.653s] running install_data
[4.658s] running install_egg_info
[4.658s] removing '/home/yusuf/ros2_ws/install/turtlebot3_teleop/lib/python3.10/site-packages/turtlebot3_teleop-2.1.5-py3.10.egg-info' (and everything under it)
[4.666s] Copying ../../../build/turtlebot3_teleop/turtlebot3_teleop.egg-info to /home/yusuf/ros2_ws/install/turtlebot3_teleop/lib/python3.10/site-packages/turtlebot3_teleop-2.1.5-py3.10.egg-info
[4.691s] running install_scripts
[4.879s] Installing teleop_keyboard script to /home/yusuf/ros2_ws/install/turtlebot3_teleop/lib/turtlebot3_teleop
[4.880s] writing list of installed files to '/home/yusuf/ros2_ws/build/turtlebot3_teleop/install.log'
[5.100s] Invoked command in '/home/yusuf/ros2_ws/src/turtlebot3/turtlebot3_teleop' returned '0': PYTHONPATH=/home/yusuf/ros2_ws/build/turtlebot3_teleop/prefix_override:/home/yusuf/ros2_ws/install/turtlebot3_teleop/lib/python3.10/site-packages:${PYTHONPATH} /usr/bin/python3 setup.py egg_info --egg-base ../../../build/turtlebot3_teleop build --build-base /home/yusuf/ros2_ws/build/turtlebot3_teleop/build install --record /home/yusuf/ros2_ws/build/turtlebot3_teleop/install.log --single-version-externally-managed
