[3.424s] Invoking command in '/home/yusuf/ros2_ws/src/robot_python': PYTHONPATH=/home/yusuf/ros2_ws/build/robot_python/prefix_override:/home/yusuf/ros2_ws/install/robot_python/lib/python3.10/site-packages:${PYTHONPATH} /usr/bin/python3 setup.py egg_info --egg-base ../../build/robot_python build --build-base /home/yusuf/ros2_ws/build/robot_python/build install --record /home/yusuf/ros2_ws/build/robot_python/install.log --single-version-externally-managed
[4.056s] running egg_info
[4.057s] writing ../../build/robot_python/robot_python.egg-info/PKG-INFO
[4.058s] writing dependency_links to ../../build/robot_python/robot_python.egg-info/dependency_links.txt
[4.059s] writing entry points to ../../build/robot_python/robot_python.egg-info/entry_points.txt
[4.060s] writing requirements to ../../build/robot_python/robot_python.egg-info/requires.txt
[4.061s] writing top-level names to ../../build/robot_python/robot_python.egg-info/top_level.txt
[4.065s] reading manifest file '../../build/robot_python/robot_python.egg-info/SOURCES.txt'
[4.068s] writing manifest file '../../build/robot_python/robot_python.egg-info/SOURCES.txt'
[4.069s] running build
[4.071s] running build_py
[4.072s] running install
[4.073s] /usr/lib/python3/dist-packages/setuptools/command/install.py:34: SetuptoolsDeprecationWarning: setup.py install is deprecated. Use build and pip and other standards-based tools.
[4.074s]   warnings.warn(
[4.075s] running install_lib
[4.078s] running install_data
[4.079s] running install_egg_info
[4.082s] removing '/home/yusuf/ros2_ws/install/robot_python/lib/python3.10/site-packages/robot_python-0.0.0-py3.10.egg-info' (and everything under it)
[4.082s] Copying ../../build/robot_python/robot_python.egg-info to /home/yusuf/ros2_ws/install/robot_python/lib/python3.10/site-packages/robot_python-0.0.0-py3.10.egg-info
[4.084s] running install_scripts
[4.149s] Installing my_publisher script to /home/yusuf/ros2_ws/install/robot_python/lib/robot_python
[4.150s] Installing my_service script to /home/yusuf/ros2_ws/install/robot_python/lib/robot_python
[4.151s] Installing my_subscriber script to /home/yusuf/ros2_ws/install/robot_python/lib/robot_python
[4.151s] Installing my_subtest script to /home/yusuf/ros2_ws/install/robot_python/lib/robot_python
[4.152s] Installing test_node script to /home/yusuf/ros2_ws/install/robot_python/lib/robot_python
[4.152s] Installing turtlesim_go script to /home/yusuf/ros2_ws/install/robot_python/lib/robot_python
[4.153s] writing list of installed files to '/home/yusuf/ros2_ws/build/robot_python/install.log'
[4.356s] Invoked command in '/home/yusuf/ros2_ws/src/robot_python' returned '0': PYTHONPATH=/home/yusuf/ros2_ws/build/robot_python/prefix_override:/home/yusuf/ros2_ws/install/robot_python/lib/python3.10/site-packages:${PYTHONPATH} /usr/bin/python3 setup.py egg_info --egg-base ../../build/robot_python build --build-base /home/yusuf/ros2_ws/build/robot_python/build install --record /home/yusuf/ros2_ws/build/robot_python/install.log --single-version-externally-managed
