[0.096s] Invoking command in '/home/yusuf/ros2_ws/build/ros_fundamental': CMAKE_PREFIX_PATH=${CMAKE_PREFIX_PATH}:/home/yusuf/ros2_ws/install/urdf_tutorial_r2d2:/home/yusuf/ros2_ws/install/turtlebot3_teleop:/home/yusuf/ros2_ws/install/turtlebot3_example:/home/yusuf/ros2_ws/install/robot_python:/opt/ros/humble /usr/bin/cmake --build /home/yusuf/ros2_ws/build/ros_fundamental -- -j8 -l8
[0.132s] -- Found ament_cmake: 1.3.8 (/opt/ros/humble/share/ament_cmake/cmake)
[0.318s] -- Found rclcpp: 16.0.8 (/opt/ros/humble/share/rclcpp/cmake)
[0.435s] -- Found rosidl_generator_c: 3.1.5 (/opt/ros/humble/share/rosidl_generator_c/cmake)
[0.453s] -- Found rosidl_adapter: 3.1.5 (/opt/ros/humble/share/rosidl_adapter/cmake)
[0.473s] -- Found rosidl_generator_cpp: 3.1.5 (/opt/ros/humble/share/rosidl_generator_cpp/cmake)
[0.499s] -- Using all available rosidl_typesupport_c: rosidl_typesupport_fastrtps_c;rosidl_typesupport_introspection_c
[0.538s] -- Using all available rosidl_typesupport_cpp: rosidl_typesupport_fastrtps_cpp;rosidl_typesupport_introspection_cpp
[0.658s] -- Found rmw_implementation_cmake: 6.1.1 (/opt/ros/humble/share/rmw_implementation_cmake/cmake)
[0.667s] -- Found rmw_fastrtps_cpp: 6.2.6 (/opt/ros/humble/share/rmw_fastrtps_cpp/cmake)
[0.824s] -- Found OpenSSL: /usr/lib/x86_64-linux-gnu/libcrypto.so (found version "3.0.2")  
[0.864s] -- Found FastRTPS: /opt/ros/humble/include  
[0.919s] -- Using RMW implementation 'rmw_fastrtps_cpp' as default
[0.946s] -- Looking for pthread.h
[1.019s] -- Looking for pthread.h - found
[1.019s] -- Performing Test CMAKE_HAVE_LIBC_PTHREAD
[1.102s] -- Performing Test CMAKE_HAVE_LIBC_PTHREAD - Success
[1.104s] -- Found Threads: TRUE  
[1.369s] -- Configuring done
[1.382s] -- Generating done
[1.384s] -- Build files have been written to: /home/yusuf/ros2_ws/build/ros_fundamental
[1.413s] [35m[1mConsolidate compiler generated dependencies of target talker[0m
[1.413s] [35m[1mConsolidate compiler generated dependencies of target listener[0m
[1.426s] [ 50%] [32mBuilding CXX object CMakeFiles/listener.dir/src/subscriber.cpp.o[0m
[1.426s] [ 50%] [32mBuilding CXX object CMakeFiles/talker.dir/src/publisher.cpp.o[0m
[6.076s] [ 75%] [32m[1mLinking CXX executable talker[0m
[6.311s] [ 75%] Built target talker
[9.762s] [100%] [32m[1mLinking CXX executable listener[0m
[10.150s] [100%] Built target listener
[10.163s] Invoked command in '/home/yusuf/ros2_ws/build/ros_fundamental' returned '0': CMAKE_PREFIX_PATH=${CMAKE_PREFIX_PATH}:/home/yusuf/ros2_ws/install/urdf_tutorial_r2d2:/home/yusuf/ros2_ws/install/turtlebot3_teleop:/home/yusuf/ros2_ws/install/turtlebot3_example:/home/yusuf/ros2_ws/install/robot_python:/opt/ros/humble /usr/bin/cmake --build /home/yusuf/ros2_ws/build/ros_fundamental -- -j8 -l8
[10.208s] Invoking command in '/home/yusuf/ros2_ws/build/ros_fundamental': CMAKE_PREFIX_PATH=${CMAKE_PREFIX_PATH}:/home/yusuf/ros2_ws/install/urdf_tutorial_r2d2:/home/yusuf/ros2_ws/install/turtlebot3_teleop:/home/yusuf/ros2_ws/install/turtlebot3_example:/home/yusuf/ros2_ws/install/robot_python:/opt/ros/humble /usr/bin/cmake --install /home/yusuf/ros2_ws/build/ros_fundamental
[10.216s] -- Install configuration: ""
[10.217s] -- Installing: /home/yusuf/ros2_ws/install/ros_fundamental/lib/ros_fundamental/talker
[10.219s] -- Set runtime path of "/home/yusuf/ros2_ws/install/ros_fundamental/lib/ros_fundamental/talker" to ""
[10.219s] -- Installing: /home/yusuf/ros2_ws/install/ros_fundamental/lib/ros_fundamental/listener
[10.223s] -- Set runtime path of "/home/yusuf/ros2_ws/install/ros_fundamental/lib/ros_fundamental/listener" to ""
[10.223s] -- Up-to-date: /home/yusuf/ros2_ws/install/ros_fundamental/share/ament_index/resource_index/package_run_dependencies/ros_fundamental
[10.223s] -- Installing: /home/yusuf/ros2_ws/install/ros_fundamental/share/ament_index/resource_index/parent_prefix_path/ros_fundamental
[10.223s] -- Up-to-date: /home/yusuf/ros2_ws/install/ros_fundamental/share/ros_fundamental/environment/ament_prefix_path.sh
[10.224s] -- Installing: /home/yusuf/ros2_ws/install/ros_fundamental/share/ros_fundamental/environment/ament_prefix_path.dsv
[10.224s] -- Up-to-date: /home/yusuf/ros2_ws/install/ros_fundamental/share/ros_fundamental/environment/path.sh
[10.224s] -- Installing: /home/yusuf/ros2_ws/install/ros_fundamental/share/ros_fundamental/environment/path.dsv
[10.224s] -- Up-to-date: /home/yusuf/ros2_ws/install/ros_fundamental/share/ros_fundamental/local_setup.bash
[10.224s] -- Up-to-date: /home/yusuf/ros2_ws/install/ros_fundamental/share/ros_fundamental/local_setup.sh
[10.224s] -- Up-to-date: /home/yusuf/ros2_ws/install/ros_fundamental/share/ros_fundamental/local_setup.zsh
[10.225s] -- Installing: /home/yusuf/ros2_ws/install/ros_fundamental/share/ros_fundamental/local_setup.dsv
[10.225s] -- Installing: /home/yusuf/ros2_ws/install/ros_fundamental/share/ros_fundamental/package.dsv
[10.225s] -- Up-to-date: /home/yusuf/ros2_ws/install/ros_fundamental/share/ament_index/resource_index/packages/ros_fundamental
[10.225s] -- Up-to-date: /home/yusuf/ros2_ws/install/ros_fundamental/share/ros_fundamental/cmake/ros_fundamentalConfig.cmake
[10.225s] -- Up-to-date: /home/yusuf/ros2_ws/install/ros_fundamental/share/ros_fundamental/cmake/ros_fundamentalConfig-version.cmake
[10.225s] -- Up-to-date: /home/yusuf/ros2_ws/install/ros_fundamental/share/ros_fundamental/package.xml
[10.227s] Invoked command in '/home/yusuf/ros2_ws/build/ros_fundamental' returned '0': CMAKE_PREFIX_PATH=${CMAKE_PREFIX_PATH}:/home/yusuf/ros2_ws/install/urdf_tutorial_r2d2:/home/yusuf/ros2_ws/install/turtlebot3_teleop:/home/yusuf/ros2_ws/install/turtlebot3_example:/home/yusuf/ros2_ws/install/robot_python:/opt/ros/humble /usr/bin/cmake --install /home/yusuf/ros2_ws/build/ros_fundamental
