[0.724s] Invoking command in '/home/yusuf/ros2_ws/src/robot_python': PYTHONPATH=/home/yusuf/ros2_ws/build/robot_python/prefix_override:/home/yusuf/ros2_ws/install/robot_python/lib/python3.10/site-packages:${PYTHONPATH} /usr/bin/python3 setup.py egg_info --egg-base ../../build/robot_python build --build-base /home/yusuf/ros2_ws/build/robot_python/build install --record /home/yusuf/ros2_ws/build/robot_python/install.log --single-version-externally-managed
[0.963s] running egg_info
[0.964s] writing ../../build/robot_python/robot_python.egg-info/PKG-INFO
[0.964s] writing dependency_links to ../../build/robot_python/robot_python.egg-info/dependency_links.txt
[0.965s] writing entry points to ../../build/robot_python/robot_python.egg-info/entry_points.txt
[0.966s] writing requirements to ../../build/robot_python/robot_python.egg-info/requires.txt
[0.966s] writing top-level names to ../../build/robot_python/robot_python.egg-info/top_level.txt
[0.967s] reading manifest file '../../build/robot_python/robot_python.egg-info/SOURCES.txt'
[0.968s] writing manifest file '../../build/robot_python/robot_python.egg-info/SOURCES.txt'
[0.969s] running build
[0.969s] running build_py
[0.969s] running install
[0.970s] /usr/lib/python3/dist-packages/setuptools/command/install.py:34: SetuptoolsDeprecationWarning: setup.py install is deprecated. Use build and pip and other standards-based tools.
[0.970s]   warnings.warn(
[0.970s] running install_lib
[0.971s] running install_data
[0.972s] copying package.xml -> /home/yusuf/ros2_ws/install/robot_python/share/robot_python
[0.972s] running install_egg_info
[0.974s] removing '/home/yusuf/ros2_ws/install/robot_python/lib/python3.10/site-packages/robot_python-0.0.0-py3.10.egg-info' (and everything under it)
[0.974s] Copying ../../build/robot_python/robot_python.egg-info to /home/yusuf/ros2_ws/install/robot_python/lib/python3.10/site-packages/robot_python-0.0.0-py3.10.egg-info
[0.975s] running install_scripts
[0.995s] Installing my_publisher script to /home/yusuf/ros2_ws/install/robot_python/lib/robot_python
[0.995s] Installing my_service script to /home/yusuf/ros2_ws/install/robot_python/lib/robot_python
[0.995s] Installing my_subscriber script to /home/yusuf/ros2_ws/install/robot_python/lib/robot_python
[0.996s] Installing my_subtest script to /home/yusuf/ros2_ws/install/robot_python/lib/robot_python
[0.996s] Installing test_node script to /home/yusuf/ros2_ws/install/robot_python/lib/robot_python
[0.996s] Installing turtlesim_go script to /home/yusuf/ros2_ws/install/robot_python/lib/robot_python
[0.996s] writing list of installed files to '/home/yusuf/ros2_ws/build/robot_python/install.log'
[1.019s] Invoked command in '/home/yusuf/ros2_ws/src/robot_python' returned '0': PYTHONPATH=/home/yusuf/ros2_ws/build/robot_python/prefix_override:/home/yusuf/ros2_ws/install/robot_python/lib/python3.10/site-packages:${PYTHONPATH} /usr/bin/python3 setup.py egg_info --egg-base ../../build/robot_python build --build-base /home/yusuf/ros2_ws/build/robot_python/build install --record /home/yusuf/ros2_ws/build/robot_python/install.log --single-version-externally-managed
