[0.000000] (-) TimerEvent: {}
[0.001202] (-) JobUnselected: {'identifier': 'drive_tb3'}
[0.001535] (-) JobUnselected: {'identifier': 'drive_turtle'}
[0.001568] (-) JobUnselected: {'identifier': 'my_cpp_py_pkg'}
[0.001589] (-) JobUnselected: {'identifier': 'navigation_tb3'}
[0.001620] (-) JobUnselected: {'identifier': 'point_cloud_processing'}
[0.001663] (-) JobUnselected: {'identifier': 'robot_control'}
[0.001685] (-) JobUnselected: {'identifier': 'robot_cpp'}
[0.001720] (-) JobUnselected: {'identifier': 'robot_test'}
[0.001756] (-) JobUnselected: {'identifier': 'turtlebot3'}
[0.001776] (-) JobUnselected: {'identifier': 'turtlebot3_bringup'}
[0.001798] (-) JobUnselected: {'identifier': 'turtlebot3_cartographer'}
[0.001819] (-) JobUnselected: {'identifier': 'turtlebot3_description'}
[0.001852] (-) JobUnselected: {'identifier': 'turtlebot3_example'}
[0.001891] (-) JobUnselected: {'identifier': 'turtlebot3_fake_node'}
[0.001912] (-) JobUnselected: {'identifier': 'turtlebot3_gazebo'}
[0.001933] (-) JobUnselected: {'identifier': 'turtlebot3_navigation2'}
[0.001953] (-) JobUnselected: {'identifier': 'turtlebot3_node'}
[0.001973] (-) JobUnselected: {'identifier': 'turtlebot3_simulations'}
[0.002024] (-) JobUnselected: {'identifier': 'turtlebot3_teleop'}
[0.002054] (robot_python) JobQueued: {'identifier': 'robot_python', 'dependencies': OrderedDict()}
[0.002080] (robot_python) JobStarted: {'identifier': 'robot_python'}
[0.099995] (-) TimerEvent: {}
[0.200295] (-) TimerEvent: {}
[0.300596] (-) TimerEvent: {}
[0.400972] (-) TimerEvent: {}
[0.441990] (robot_python) StderrLine: {'line': b'Traceback (most recent call last):\n  File "/usr/lib/python3/dist-packages/colcon_core/executor/__init__.py", line 91, in __call__\n    rc = await self.task(*args, **kwargs)\n  File "/usr/lib/python3/dist-packages/colcon_core/task/__init__.py", line 93, in __call__\n    return await task_method(*args, **kwargs)\n  File "/usr/lib/python3/dist-packages/colcon_ros/task/ament_python/build.py", line 51, in build\n    setup_py_data = get_setup_data(self.context.pkg, env)\n  File "/usr/lib/python3/dist-packages/colcon_core/task/python/__init__.py", line 20, in get_setup_data\n    return dict(pkg.metadata[key](env))\n  File "/usr/lib/python3/dist-packages/colcon_ros/package_augmentation/ros_ament_python.py", line 57, in getter\n    return get_setup_information(\n  File "/usr/lib/python3/dist-packages/colcon_python_setup_py/package_identification/python_setup_py.py", line 241, in get_setup_information\n    _setup_information_cache[hashable_env] = _get_setup_information(\n  File "/usr/lib/python3/dist-packages/colcon_python_setup_py/package_identification/python_setup_py.py", line 288, in _get_setup_information\n    result = subprocess.run(\n  File "/usr/lib/python3.10/subprocess.py", line 526, in run\n    raise CalledProcessError(retcode, process.args,\nsubprocess.CalledProcessError: Command \'[\'/usr/bin/python3\', \'-c\', \'import sys;from contextlib import suppress;exec("with suppress(ImportError):    from setuptools.extern.packaging.specifiers    import SpecifierSet");exec("with suppress(ImportError):    from packaging.specifiers import SpecifierSet");from distutils.core import run_setup;dist = run_setup(    \\\'setup.py\\\', script_args=(\\\'--dry-run\\\',), stop_after=\\\'config\\\');skip_keys = (\\\'cmdclass\\\', \\\'distclass\\\', \\\'ext_modules\\\', \\\'metadata\\\');data = {    key: value for key, value in dist.__dict__.items()     if (        not key.startswith(\\\'_\\\') and         not callable(value) and         key not in skip_keys and         key not in dist.display_option_names    )};data[\\\'metadata\\\'] = {    k: v for k, v in dist.metadata.__dict__.items()     if k not in (\\\'license_files\\\', \\\'provides_extras\\\')};sys.stdout.buffer.write(repr(data).encode(\\\'utf-8\\\'))\']\' returned non-zero exit status 1.\n'}
[0.442482] (robot_python) JobEnded: {'identifier': 'robot_python', 'rc': 1}
[0.452862] (-) EventReactorShutdown: {}
