[0.259s] Invoking command in '/home/yusuf/ros2_ws/src/build/drive_tb3': CMAKE_PREFIX_PATH=${CMAKE_PREFIX_PATH}:/home/yusuf/ros2_ws/install/turtlebot3_teleop:/home/yusuf/ros2_ws/install/turtlebot3_example:/home/yusuf/ros2_ws/install/robot_python:/opt/ros/humble /usr/bin/cmake /home/yusuf/ros2_ws/src/mobile_robotics_ROS2/drive_tb3 -DCMAKE_INSTALL_PREFIX=/home/yusuf/ros2_ws/src/install/drive_tb3
[0.567s] -- The C compiler identification is GNU 11.4.0
[0.567s] -- The CXX compiler identification is GNU 11.4.0
[0.567s] -- Detecting C compiler ABI info
[0.663s] -- Detecting C compiler ABI info - done
[0.688s] -- Check for working C compiler: /usr/bin/cc - skipped
[0.689s] -- Detecting C compile features
[0.691s] -- Detecting C compile features - done
[0.699s] -- Detecting CXX compiler ABI info
[1.011s] -- Detecting CXX compiler ABI info - done
[1.041s] -- Check for working CXX compiler: /usr/bin/c++ - skipped
[1.041s] -- Detecting CXX compile features
[1.042s] -- Detecting CXX compile features - done
[1.056s] -- Found ament_cmake: 1.3.6 (/opt/ros/humble/share/ament_cmake/cmake)
[1.518s] -- Found Python3: /usr/bin/python3.10 (found version "3.10.12") found components: Interpreter 
[1.823s] -- Found rclcpp: 16.0.7 (/opt/ros/humble/share/rclcpp/cmake)
[2.008s] -- Found rosidl_generator_c: 3.1.5 (/opt/ros/humble/share/rosidl_generator_c/cmake)
[2.031s] -- Found rosidl_adapter: 3.1.5 (/opt/ros/humble/share/rosidl_adapter/cmake)
[2.081s] -- Found rosidl_generator_cpp: 3.1.5 (/opt/ros/humble/share/rosidl_generator_cpp/cmake)
[2.121s] -- Using all available rosidl_typesupport_c: rosidl_typesupport_fastrtps_c;rosidl_typesupport_introspection_c
[2.195s] -- Using all available rosidl_typesupport_cpp: rosidl_typesupport_fastrtps_cpp;rosidl_typesupport_introspection_cpp
[2.472s] -- Found rmw_implementation_cmake: 6.1.1 (/opt/ros/humble/share/rmw_implementation_cmake/cmake)
[2.486s] -- Found rmw_fastrtps_cpp: 6.2.5 (/opt/ros/humble/share/rmw_fastrtps_cpp/cmake)
[3.000s] -- Found OpenSSL: /usr/lib/x86_64-linux-gnu/libcrypto.so (found version "3.0.2")  
[3.085s] -- Found FastRTPS: /opt/ros/humble/include  
[3.220s] -- Using RMW implementation 'rmw_fastrtps_cpp' as default
[3.271s] -- Looking for pthread.h
[3.634s] -- Looking for pthread.h - found
[3.635s] -- Performing Test CMAKE_HAVE_LIBC_PTHREAD
[3.926s] -- Performing Test CMAKE_HAVE_LIBC_PTHREAD - Success
[3.928s] -- Found Threads: TRUE  
[4.426s] -- Found geometry_msgs: 4.2.3 (/opt/ros/humble/share/geometry_msgs/cmake)
[4.550s] -- Found nav_msgs: 4.2.3 (/opt/ros/humble/share/nav_msgs/cmake)
[5.056s] -- Found tf2: 0.25.5 (/opt/ros/humble/share/tf2/cmake)
[5.163s] -- Found sensor_msgs: 4.2.3 (/opt/ros/humble/share/sensor_msgs/cmake)
[5.903s] -- Found cv_bridge: 3.2.1 (/opt/ros/humble/share/cv_bridge/cmake)
[6.124s] -- Found OpenCV: /usr (found version "4.5.4") 
[6.180s] -- Found gazebo_msgs: 3.7.0 (/opt/ros/humble/share/gazebo_msgs/cmake)
[10.303s] -- Configuring done
[10.804s] -- Generating done
[10.855s] -- Build files have been written to: /home/yusuf/ros2_ws/src/build/drive_tb3
[11.012s] Invoked command in '/home/yusuf/ros2_ws/src/build/drive_tb3' returned '0': CMAKE_PREFIX_PATH=${CMAKE_PREFIX_PATH}:/home/yusuf/ros2_ws/install/turtlebot3_teleop:/home/yusuf/ros2_ws/install/turtlebot3_example:/home/yusuf/ros2_ws/install/robot_python:/opt/ros/humble /usr/bin/cmake /home/yusuf/ros2_ws/src/mobile_robotics_ROS2/drive_tb3 -DCMAKE_INSTALL_PREFIX=/home/yusuf/ros2_ws/src/install/drive_tb3
[11.013s] Invoking command in '/home/yusuf/ros2_ws/src/build/drive_tb3': CMAKE_PREFIX_PATH=${CMAKE_PREFIX_PATH}:/home/yusuf/ros2_ws/install/turtlebot3_teleop:/home/yusuf/ros2_ws/install/turtlebot3_example:/home/yusuf/ros2_ws/install/robot_python:/opt/ros/humble /usr/bin/cmake --build /home/yusuf/ros2_ws/src/build/drive_tb3 -- -j8 -l8
[14.985s] [  4%] [32mBuilding CXX object CMakeFiles/p2_multi_tb3_sqaure_drive.dir/src/p2_multi_tb3_sqaure_drive.cpp.o[0m
[14.987s] [  9%] [32mBuilding CXX object CMakeFiles/p3_a_acceleration.dir/src/p3_a_acceleration.cpp.o[0m
[14.991s] [ 13%] [32mBuilding CXX object CMakeFiles/p5_a_lidar_data_sub.dir/src/p5_a_lidar_data_sub.cpp.o[0m
[14.991s] [ 18%] [32mBuilding CXX object CMakeFiles/p3_c_linear_goal.dir/src/p3_c_linear_goal.cpp.o[0m
[14.992s] [ 22%] [32mBuilding CXX object CMakeFiles/p3_b_angular_velocity.dir/src/p3_b_angular_velocity.cpp.o[0m
[14.992s] [ 27%] [32mBuilding CXX object CMakeFiles/p3_d_xy_goal.dir/src/p3_d_xy_goal.cpp.o[0m
[14.992s] [ 31%] [32mBuilding CXX object CMakeFiles/p5_c_camera_data_sub.dir/src/p5_c_camera_data_sub.cpp.o[0m
[14.993s] [ 36%] [32mBuilding CXX object CMakeFiles/p5_b_maze_solving.dir/src/p5_b_maze_solving.cpp.o[0m
