[0.102s] Invoking command in '/home/yusuf/ros2_ws/build/turtlebot3_description': CMAKE_PREFIX_PATH=${CMAKE_PREFIX_PATH}:/home/yusuf/ros2_ws/install/urdf_tutorial_r2d2:/home/yusuf/ros2_ws/install/turtlebot3_teleop:/home/yusuf/ros2_ws/install/turtlebot3_fake_node:/home/yusuf/ros2_ws/install/turtlebot3_example:/home/yusuf/ros2_ws/install/robot_python:/home/yusuf/mir_robot/install/ros2_aruco:/home/yusuf/mir_robot/install/point_cloud_functions:/home/yusuf/mir_robot/install/mir_restapi:/home/yusuf/mir_robot/install/mir_driver:/opt/ros/humble /usr/bin/cmake --build /home/yusuf/ros2_ws/build/turtlebot3_description -- -j8 -l8
[0.862s] Invoked command in '/home/yusuf/ros2_ws/build/turtlebot3_description' returned '0': CMAKE_PREFIX_PATH=${CMAKE_PREFIX_PATH}:/home/yusuf/ros2_ws/install/urdf_tutorial_r2d2:/home/yusuf/ros2_ws/install/turtlebot3_teleop:/home/yusuf/ros2_ws/install/turtlebot3_fake_node:/home/yusuf/ros2_ws/install/turtlebot3_example:/home/yusuf/ros2_ws/install/robot_python:/home/yusuf/mir_robot/install/ros2_aruco:/home/yusuf/mir_robot/install/point_cloud_functions:/home/yusuf/mir_robot/install/mir_restapi:/home/yusuf/mir_robot/install/mir_driver:/opt/ros/humble /usr/bin/cmake --build /home/yusuf/ros2_ws/build/turtlebot3_description -- -j8 -l8
[0.949s] Invoking command in '/home/yusuf/ros2_ws/build/turtlebot3_description': CMAKE_PREFIX_PATH=${CMAKE_PREFIX_PATH}:/home/yusuf/ros2_ws/install/urdf_tutorial_r2d2:/home/yusuf/ros2_ws/install/turtlebot3_teleop:/home/yusuf/ros2_ws/install/turtlebot3_fake_node:/home/yusuf/ros2_ws/install/turtlebot3_example:/home/yusuf/ros2_ws/install/robot_python:/home/yusuf/mir_robot/install/ros2_aruco:/home/yusuf/mir_robot/install/point_cloud_functions:/home/yusuf/mir_robot/install/mir_restapi:/home/yusuf/mir_robot/install/mir_driver:/opt/ros/humble /usr/bin/cmake --install /home/yusuf/ros2_ws/build/turtlebot3_description
[0.986s] -- Install configuration: ""
[0.987s] -- Up-to-date: /home/yusuf/ros2_ws/install/turtlebot3_description/share/turtlebot3_description/meshes
[0.987s] -- Up-to-date: /home/yusuf/ros2_ws/install/turtlebot3_description/share/turtlebot3_description/meshes/bases
[0.988s] -- Up-to-date: /home/yusuf/ros2_ws/install/turtlebot3_description/share/turtlebot3_description/meshes/bases/burger_base.stl
[0.988s] -- Up-to-date: /home/yusuf/ros2_ws/install/turtlebot3_description/share/turtlebot3_description/meshes/bases/waffle_base.stl
[0.988s] -- Up-to-date: /home/yusuf/ros2_ws/install/turtlebot3_description/share/turtlebot3_description/meshes/bases/waffle_pi_base.stl
[1.019s] -- Up-to-date: /home/yusuf/ros2_ws/install/turtlebot3_description/share/turtlebot3_description/meshes/wheels
[1.019s] -- Up-to-date: /home/yusuf/ros2_ws/install/turtlebot3_description/share/turtlebot3_description/meshes/wheels/right_tire.stl
[1.019s] -- Up-to-date: /home/yusuf/ros2_ws/install/turtlebot3_description/share/turtlebot3_description/meshes/wheels/left_tire.stl
[1.020s] -- Up-to-date: /home/yusuf/ros2_ws/install/turtlebot3_description/share/turtlebot3_description/meshes/sensors
[1.020s] -- Up-to-date: /home/yusuf/ros2_ws/install/turtlebot3_description/share/turtlebot3_description/meshes/sensors/r200.dae
[1.020s] -- Up-to-date: /home/yusuf/ros2_ws/install/turtlebot3_description/share/turtlebot3_description/meshes/sensors/astra.jpg
[1.020s] -- Up-to-date: /home/yusuf/ros2_ws/install/turtlebot3_description/share/turtlebot3_description/meshes/sensors/r200.jpg
[1.020s] -- Up-to-date: /home/yusuf/ros2_ws/install/turtlebot3_description/share/turtlebot3_description/meshes/sensors/astra.dae
[1.021s] -- Up-to-date: /home/yusuf/ros2_ws/install/turtlebot3_description/share/turtlebot3_description/meshes/sensors/lds.stl
[1.021s] -- Up-to-date: /home/yusuf/ros2_ws/install/turtlebot3_description/share/turtlebot3_description/rviz
[1.021s] -- Up-to-date: /home/yusuf/ros2_ws/install/turtlebot3_description/share/turtlebot3_description/rviz/model.rviz
[1.032s] -- Up-to-date: /home/yusuf/ros2_ws/install/turtlebot3_description/share/turtlebot3_description/urdf
[1.032s] -- Up-to-date: /home/yusuf/ros2_ws/install/turtlebot3_description/share/turtlebot3_description/urdf/turtlebot3_burger.urdf
[1.033s] -- Up-to-date: /home/yusuf/ros2_ws/install/turtlebot3_description/share/turtlebot3_description/urdf/turtlebot3_waffle.urdf
[1.033s] -- Up-to-date: /home/yusuf/ros2_ws/install/turtlebot3_description/share/turtlebot3_description/urdf/turtlebot3_waffle_pi.urdf
[1.033s] -- Up-to-date: /home/yusuf/ros2_ws/install/turtlebot3_description/share/turtlebot3_description/urdf/common_properties.urdf
[1.033s] -- Up-to-date: /home/yusuf/ros2_ws/install/turtlebot3_description/share/ament_index/resource_index/package_run_dependencies/turtlebot3_description
[1.033s] -- Up-to-date: /home/yusuf/ros2_ws/install/turtlebot3_description/share/ament_index/resource_index/parent_prefix_path/turtlebot3_description
[1.034s] -- Up-to-date: /home/yusuf/ros2_ws/install/turtlebot3_description/share/turtlebot3_description/environment/ament_prefix_path.sh
[1.034s] -- Up-to-date: /home/yusuf/ros2_ws/install/turtlebot3_description/share/turtlebot3_description/environment/ament_prefix_path.dsv
[1.034s] -- Up-to-date: /home/yusuf/ros2_ws/install/turtlebot3_description/share/turtlebot3_description/environment/path.sh
[1.034s] -- Up-to-date: /home/yusuf/ros2_ws/install/turtlebot3_description/share/turtlebot3_description/environment/path.dsv
[1.034s] -- Up-to-date: /home/yusuf/ros2_ws/install/turtlebot3_description/share/turtlebot3_description/local_setup.bash
[1.035s] -- Up-to-date: /home/yusuf/ros2_ws/install/turtlebot3_description/share/turtlebot3_description/local_setup.sh
[1.035s] -- Up-to-date: /home/yusuf/ros2_ws/install/turtlebot3_description/share/turtlebot3_description/local_setup.zsh
[1.035s] -- Up-to-date: /home/yusuf/ros2_ws/install/turtlebot3_description/share/turtlebot3_description/local_setup.dsv
[1.035s] -- Installing: /home/yusuf/ros2_ws/install/turtlebot3_description/share/turtlebot3_description/package.dsv
[1.036s] -- Up-to-date: /home/yusuf/ros2_ws/install/turtlebot3_description/share/ament_index/resource_index/packages/turtlebot3_description
[1.036s] -- Up-to-date: /home/yusuf/ros2_ws/install/turtlebot3_description/share/turtlebot3_description/cmake/turtlebot3_descriptionConfig.cmake
[1.036s] -- Up-to-date: /home/yusuf/ros2_ws/install/turtlebot3_description/share/turtlebot3_description/cmake/turtlebot3_descriptionConfig-version.cmake
[1.036s] -- Up-to-date: /home/yusuf/ros2_ws/install/turtlebot3_description/share/turtlebot3_description/package.xml
[1.214s] Invoked command in '/home/yusuf/ros2_ws/build/turtlebot3_description' returned '0': CMAKE_PREFIX_PATH=${CMAKE_PREFIX_PATH}:/home/yusuf/ros2_ws/install/urdf_tutorial_r2d2:/home/yusuf/ros2_ws/install/turtlebot3_teleop:/home/yusuf/ros2_ws/install/turtlebot3_fake_node:/home/yusuf/ros2_ws/install/turtlebot3_example:/home/yusuf/ros2_ws/install/robot_python:/home/yusuf/mir_robot/install/ros2_aruco:/home/yusuf/mir_robot/install/point_cloud_functions:/home/yusuf/mir_robot/install/mir_restapi:/home/yusuf/mir_robot/install/mir_driver:/opt/ros/humble /usr/bin/cmake --install /home/yusuf/ros2_ws/build/turtlebot3_description
