[0.506s] Invoking command in '/home/yusuf/ros2_ws/build/turtlebot3_fake_node': CMAKE_PREFIX_PATH=${CMAKE_PREFIX_PATH}:/home/yusuf/ros2_ws/install/robot_python:/opt/ros/humble /usr/bin/cmake /home/yusuf/ros2_ws/src/turtlebot3_simulations/turtlebot3_fake_node -DCMAKE_INSTALL_PREFIX=/home/yusuf/ros2_ws/install/turtlebot3_fake_node
[0.924s] -- Found ament_cmake: 1.3.6 (/opt/ros/humble/share/ament_cmake/cmake)
[0.925s] -- Found geometry_msgs: 4.2.3 (/opt/ros/humble/share/geometry_msgs/cmake)
[0.925s] -- Found rosidl_generator_c: 3.1.5 (/opt/ros/humble/share/rosidl_generator_c/cmake)
[0.926s] -- Found rosidl_adapter: 3.1.5 (/opt/ros/humble/share/rosidl_adapter/cmake)
[0.927s] -- Found rosidl_generator_cpp: 3.1.5 (/opt/ros/humble/share/rosidl_generator_cpp/cmake)
[0.927s] -- Using all available rosidl_typesupport_c: rosidl_typesupport_fastrtps_c;rosidl_typesupport_introspection_c
[0.928s] -- Using all available rosidl_typesupport_cpp: rosidl_typesupport_fastrtps_cpp;rosidl_typesupport_introspection_cpp
[0.994s] -- Found nav_msgs: 4.2.3 (/opt/ros/humble/share/nav_msgs/cmake)
[1.122s] -- Found rclcpp: 16.0.7 (/opt/ros/humble/share/rclcpp/cmake)
[1.183s] -- Found rmw_implementation_cmake: 6.1.1 (/opt/ros/humble/share/rmw_implementation_cmake/cmake)
[1.184s] -- Found rmw_fastrtps_cpp: 6.2.5 (/opt/ros/humble/share/rmw_fastrtps_cpp/cmake)
[1.340s] -- Using RMW implementation 'rmw_fastrtps_cpp' as default
[1.501s] -- Found sensor_msgs: 4.2.3 (/opt/ros/humble/share/sensor_msgs/cmake)
[1.596s] -- Found tf2: 0.25.5 (/opt/ros/humble/share/tf2/cmake)
[1.603s] -- Found tf2_msgs: 0.25.5 (/opt/ros/humble/share/tf2_msgs/cmake)
[1.818s] [31mCMake Error at CMakeLists.txt:25 (find_package):
[1.819s]   By not providing "Findturtlebot3_msgs.cmake" in CMAKE_MODULE_PATH this
[1.819s]   project has asked CMake to find a package configuration file provided by
[1.819s]   "turtlebot3_msgs", but CMake did not find one.
[1.819s] 
[1.819s]   Could not find a package configuration file provided by "turtlebot3_msgs"
[1.819s]   with any of the following names:
[1.819s] 
[1.819s]     turtlebot3_msgsConfig.cmake
[1.819s]     turtlebot3_msgs-config.cmake
[1.819s] 
[1.819s]   Add the installation prefix of "turtlebot3_msgs" to CMAKE_PREFIX_PATH or
[1.820s]   set "turtlebot3_msgs_DIR" to a directory containing one of the above files.
[1.820s]   If "turtlebot3_msgs" provides a separate development package or SDK, be
[1.820s]   sure it has been installed.
[1.820s] 
[1.820s] [0m
[1.820s] -- Configuring incomplete, errors occurred!
[1.820s] See also "/home/yusuf/ros2_ws/build/turtlebot3_fake_node/CMakeFiles/CMakeOutput.log".
