[0.439s] Invoking command in '/home/yusuf/ros2_ws/build/navigation_': CMAKE_PREFIX_PATH=/opt/ros/humble /usr/bin/cmake --build /home/yusuf/ros2_ws/build/navigation_ -- -j8 -l8
[0.883s] Invoked command in '/home/yusuf/ros2_ws/build/navigation_' returned '0': CMAKE_PREFIX_PATH=/opt/ros/humble /usr/bin/cmake --build /home/yusuf/ros2_ws/build/navigation_ -- -j8 -l8
[0.963s] Invoking command in '/home/yusuf/ros2_ws/build/navigation_': CMAKE_PREFIX_PATH=/opt/ros/humble /usr/bin/cmake --install /home/yusuf/ros2_ws/build/navigation_
[0.977s] -- Install configuration: ""
[0.978s] -- Up-to-date: /home/yusuf/ros2_ws/install/navigation_/share/ament_index/resource_index/package_run_dependencies/navigation_
[0.979s] -- Up-to-date: /home/yusuf/ros2_ws/install/navigation_/share/ament_index/resource_index/parent_prefix_path/navigation_
[0.979s] -- Up-to-date: /home/yusuf/ros2_ws/install/navigation_/share/navigation_/environment/ament_prefix_path.sh
[0.979s] -- Up-to-date: /home/yusuf/ros2_ws/install/navigation_/share/navigation_/environment/ament_prefix_path.dsv
[0.979s] -- Up-to-date: /home/yusuf/ros2_ws/install/navigation_/share/navigation_/environment/path.sh
[0.980s] -- Up-to-date: /home/yusuf/ros2_ws/install/navigation_/share/navigation_/environment/path.dsv
[0.980s] -- Up-to-date: /home/yusuf/ros2_ws/install/navigation_/share/navigation_/local_setup.bash
[0.980s] -- Up-to-date: /home/yusuf/ros2_ws/install/navigation_/share/navigation_/local_setup.sh
[0.982s] -- Up-to-date: /home/yusuf/ros2_ws/install/navigation_/share/navigation_/local_setup.zsh
[0.982s] -- Up-to-date: /home/yusuf/ros2_ws/install/navigation_/share/navigation_/local_setup.dsv
[0.982s] -- Installing: /home/yusuf/ros2_ws/install/navigation_/share/navigation_/package.dsv
[0.983s] -- Up-to-date: /home/yusuf/ros2_ws/install/navigation_/share/ament_index/resource_index/packages/navigation_
[0.983s] -- Up-to-date: /home/yusuf/ros2_ws/install/navigation_/share/navigation_/cmake/navigation_Config.cmake
[0.984s] -- Up-to-date: /home/yusuf/ros2_ws/install/navigation_/share/navigation_/cmake/navigation_Config-version.cmake
[0.987s] -- Up-to-date: /home/yusuf/ros2_ws/install/navigation_/share/navigation_/package.xml
[1.128s] Invoked command in '/home/yusuf/ros2_ws/build/navigation_' returned '0': CMAKE_PREFIX_PATH=/opt/ros/humble /usr/bin/cmake --install /home/yusuf/ros2_ws/build/navigation_
