[0.438s] Invoking command in '/home/yusuf/ros2_ws/build/robot_control': CMAKE_PREFIX_PATH=${CMAKE_PREFIX_PATH}:/home/yusuf/ros2_ws/install/turtlebot3_teleop:/home/yusuf/ros2_ws/install/turtlebot3_example:/home/yusuf/ros2_ws/install/robot_python:/opt/ros/humble /usr/bin/cmake --build /home/yusuf/ros2_ws/build/robot_control -- -j8 -l8
[0.780s] Invoked command in '/home/yusuf/ros2_ws/build/robot_control' returned '0': CMAKE_PREFIX_PATH=${CMAKE_PREFIX_PATH}:/home/yusuf/ros2_ws/install/turtlebot3_teleop:/home/yusuf/ros2_ws/install/turtlebot3_example:/home/yusuf/ros2_ws/install/robot_python:/opt/ros/humble /usr/bin/cmake --build /home/yusuf/ros2_ws/build/robot_control -- -j8 -l8
[1.369s] Invoking command in '/home/yusuf/ros2_ws/build/robot_control': CMAKE_PREFIX_PATH=${CMAKE_PREFIX_PATH}:/home/yusuf/ros2_ws/install/turtlebot3_teleop:/home/yusuf/ros2_ws/install/turtlebot3_example:/home/yusuf/ros2_ws/install/robot_python:/opt/ros/humble /usr/bin/cmake --install /home/yusuf/ros2_ws/build/robot_control
[1.473s] -- Install configuration: ""
[1.473s] -- Up-to-date: /home/yusuf/ros2_ws/install/robot_control/share/ament_index/resource_index/package_run_dependencies/robot_control
[1.474s] -- Up-to-date: /home/yusuf/ros2_ws/install/robot_control/share/ament_index/resource_index/parent_prefix_path/robot_control
[1.474s] -- Up-to-date: /home/yusuf/ros2_ws/install/robot_control/share/robot_control/environment/ament_prefix_path.sh
[1.475s] -- Up-to-date: /home/yusuf/ros2_ws/install/robot_control/share/robot_control/environment/ament_prefix_path.dsv
[1.475s] -- Up-to-date: /home/yusuf/ros2_ws/install/robot_control/share/robot_control/environment/path.sh
[1.475s] -- Up-to-date: /home/yusuf/ros2_ws/install/robot_control/share/robot_control/environment/path.dsv
[1.476s] -- Up-to-date: /home/yusuf/ros2_ws/install/robot_control/share/robot_control/local_setup.bash
[1.476s] -- Up-to-date: /home/yusuf/ros2_ws/install/robot_control/share/robot_control/local_setup.sh
[1.476s] -- Up-to-date: /home/yusuf/ros2_ws/install/robot_control/share/robot_control/local_setup.zsh
[1.477s] -- Up-to-date: /home/yusuf/ros2_ws/install/robot_control/share/robot_control/local_setup.dsv
[1.477s] -- Installing: /home/yusuf/ros2_ws/install/robot_control/share/robot_control/package.dsv
[1.477s] -- Up-to-date: /home/yusuf/ros2_ws/install/robot_control/share/ament_index/resource_index/packages/robot_control
[1.478s] -- Up-to-date: /home/yusuf/ros2_ws/install/robot_control/share/robot_control/cmake/robot_controlConfig.cmake
[1.478s] -- Up-to-date: /home/yusuf/ros2_ws/install/robot_control/share/robot_control/cmake/robot_controlConfig-version.cmake
[1.479s] -- Up-to-date: /home/yusuf/ros2_ws/install/robot_control/share/robot_control/package.xml
[1.697s] Invoked command in '/home/yusuf/ros2_ws/build/robot_control' returned '0': CMAKE_PREFIX_PATH=${CMAKE_PREFIX_PATH}:/home/yusuf/ros2_ws/install/turtlebot3_teleop:/home/yusuf/ros2_ws/install/turtlebot3_example:/home/yusuf/ros2_ws/install/robot_python:/opt/ros/humble /usr/bin/cmake --install /home/yusuf/ros2_ws/build/robot_control
