[0.141s] Invoking command in '/home/yusuf/ros2_ws/src/build/drive_turtle': CMAKE_PREFIX_PATH=${CMAKE_PREFIX_PATH}:/home/yusuf/ros2_ws/install/turtlebot3_teleop:/home/yusuf/ros2_ws/install/turtlebot3_example:/home/yusuf/ros2_ws/install/robot_python:/opt/ros/humble /usr/bin/cmake /home/yusuf/ros2_ws/src/mobile_robotics_ROS2/drive_turtle -DCMAKE_INSTALL_PREFIX=/home/yusuf/ros2_ws/src/install/drive_turtle
[0.529s] -- The C compiler identification is GNU 11.4.0
[0.623s] -- The CXX compiler identification is GNU 11.4.0
[0.637s] -- Detecting C compiler ABI info
[0.834s] -- Detecting C compiler ABI info - done
[0.880s] -- Check for working C compiler: /usr/bin/cc - skipped
[0.880s] -- Detecting C compile features
[0.880s] -- Detecting C compile features - done
[0.889s] -- Detecting CXX compiler ABI info
[1.055s] -- Detecting CXX compiler ABI info - done
[1.077s] -- Check for working CXX compiler: /usr/bin/c++ - skipped
[1.077s] -- Detecting CXX compile features
[1.077s] -- Detecting CXX compile features - done
[1.086s] -- Found ament_cmake: 1.3.6 (/opt/ros/humble/share/ament_cmake/cmake)
[1.571s] -- Found Python3: /usr/bin/python3.10 (found version "3.10.12") found components: Interpreter 
[1.910s] -- Found rclcpp: 16.0.7 (/opt/ros/humble/share/rclcpp/cmake)
[2.160s] -- Found rosidl_generator_c: 3.1.5 (/opt/ros/humble/share/rosidl_generator_c/cmake)
[2.188s] -- Found rosidl_adapter: 3.1.5 (/opt/ros/humble/share/rosidl_adapter/cmake)
[2.267s] -- Found rosidl_generator_cpp: 3.1.5 (/opt/ros/humble/share/rosidl_generator_cpp/cmake)
[2.320s] -- Using all available rosidl_typesupport_c: rosidl_typesupport_fastrtps_c;rosidl_typesupport_introspection_c
[2.403s] -- Using all available rosidl_typesupport_cpp: rosidl_typesupport_fastrtps_cpp;rosidl_typesupport_introspection_cpp
[2.817s] -- Found rmw_implementation_cmake: 6.1.1 (/opt/ros/humble/share/rmw_implementation_cmake/cmake)
[2.831s] -- Found rmw_fastrtps_cpp: 6.2.5 (/opt/ros/humble/share/rmw_fastrtps_cpp/cmake)
[3.137s] -- Found OpenSSL: /usr/lib/x86_64-linux-gnu/libcrypto.so (found version "3.0.2")  
[3.217s] -- Found FastRTPS: /opt/ros/humble/include  
[3.413s] -- Using RMW implementation 'rmw_fastrtps_cpp' as default
[3.453s] -- Looking for pthread.h
[3.803s] -- Looking for pthread.h - found
[3.804s] -- Performing Test CMAKE_HAVE_LIBC_PTHREAD
[4.019s] -- Performing Test CMAKE_HAVE_LIBC_PTHREAD - Success
[4.022s] -- Found Threads: TRUE  
[4.879s] -- Found turtlesim: 1.4.2 (/opt/ros/humble/share/turtlesim/cmake)
[6.405s] -- Found geometry_msgs: 4.2.3 (/opt/ros/humble/share/geometry_msgs/cmake)
[7.175s] -- Configuring done
[7.325s] -- Generating done
[7.346s] -- Build files have been written to: /home/yusuf/ros2_ws/src/build/drive_turtle
[7.439s] Invoked command in '/home/yusuf/ros2_ws/src/build/drive_turtle' returned '0': CMAKE_PREFIX_PATH=${CMAKE_PREFIX_PATH}:/home/yusuf/ros2_ws/install/turtlebot3_teleop:/home/yusuf/ros2_ws/install/turtlebot3_example:/home/yusuf/ros2_ws/install/robot_python:/opt/ros/humble /usr/bin/cmake /home/yusuf/ros2_ws/src/mobile_robotics_ROS2/drive_turtle -DCMAKE_INSTALL_PREFIX=/home/yusuf/ros2_ws/src/install/drive_turtle
[7.441s] Invoking command in '/home/yusuf/ros2_ws/src/build/drive_turtle': CMAKE_PREFIX_PATH=${CMAKE_PREFIX_PATH}:/home/yusuf/ros2_ws/install/turtlebot3_teleop:/home/yusuf/ros2_ws/install/turtlebot3_example:/home/yusuf/ros2_ws/install/robot_python:/opt/ros/humble /usr/bin/cmake --build /home/yusuf/ros2_ws/src/build/drive_turtle -- -j8 -l8
[10.545s] [ 12%] [32mBuilding CXX object CMakeFiles/p1_single_straight_drive.dir/src/p1_a_single_straight_drive.cpp.o[0m
[10.545s] [ 25%] [32mBuilding CXX object CMakeFiles/p1_multi_turtle_controller.dir/src/p1_c_multi_turtle_controller.cpp.o[0m
[10.545s] [ 37%] [32mBuilding CXX object CMakeFiles/p1_multi_straight_drive.dir/src/p1_b_multi_straight_drive.cpp.o[0m
[10.566s] [ 50%] [32mBuilding CXX object CMakeFiles/test_run.dir/src/test_run.cpp.o[0m
