[4.831s] Invoking command in '/home/yusuf/ros2_ws/src/robot_python': PYTHONPATH=/home/yusuf/ros2_ws/build/robot_python/prefix_override:/home/yusuf/ros2_ws/install/robot_python/lib/python3.10/site-packages:${PYTHONPATH} /usr/bin/python3 setup.py egg_info --egg-base ../../build/robot_python build --build-base /home/yusuf/ros2_ws/build/robot_python/build install --record /home/yusuf/ros2_ws/build/robot_python/install.log --single-version-externally-managed
[5.823s] running egg_info
[5.826s] writing ../../build/robot_python/robot_python.egg-info/PKG-INFO
[5.827s] writing dependency_links to ../../build/robot_python/robot_python.egg-info/dependency_links.txt
[5.829s] writing entry points to ../../build/robot_python/robot_python.egg-info/entry_points.txt
[5.833s] writing requirements to ../../build/robot_python/robot_python.egg-info/requires.txt
[5.833s] writing top-level names to ../../build/robot_python/robot_python.egg-info/top_level.txt
[5.838s] reading manifest file '../../build/robot_python/robot_python.egg-info/SOURCES.txt'
[5.841s] writing manifest file '../../build/robot_python/robot_python.egg-info/SOURCES.txt'
[5.843s] running build
[5.844s] running build_py
[5.845s] running install
[5.846s] /usr/lib/python3/dist-packages/setuptools/command/install.py:34: SetuptoolsDeprecationWarning: setup.py install is deprecated. Use build and pip and other standards-based tools.
[5.846s]   warnings.warn(
[5.855s] running install_lib
[5.856s] running install_data
[5.856s] running install_egg_info
[5.862s] removing '/home/yusuf/ros2_ws/install/robot_python/lib/python3.10/site-packages/robot_python-0.0.0-py3.10.egg-info' (and everything under it)
[5.863s] Copying ../../build/robot_python/robot_python.egg-info to /home/yusuf/ros2_ws/install/robot_python/lib/python3.10/site-packages/robot_python-0.0.0-py3.10.egg-info
[5.867s] running install_scripts
[5.962s] Installing my_publisher script to /home/yusuf/ros2_ws/install/robot_python/lib/robot_python
[5.962s] Installing my_service script to /home/yusuf/ros2_ws/install/robot_python/lib/robot_python
[5.963s] Installing my_subscriber script to /home/yusuf/ros2_ws/install/robot_python/lib/robot_python
[5.963s] Installing my_subtest script to /home/yusuf/ros2_ws/install/robot_python/lib/robot_python
[5.965s] Installing test_node script to /home/yusuf/ros2_ws/install/robot_python/lib/robot_python
[5.966s] Installing turtlesim_go script to /home/yusuf/ros2_ws/install/robot_python/lib/robot_python
[5.967s] writing list of installed files to '/home/yusuf/ros2_ws/build/robot_python/install.log'
[6.065s] Invoked command in '/home/yusuf/ros2_ws/src/robot_python' returned '0': PYTHONPATH=/home/yusuf/ros2_ws/build/robot_python/prefix_override:/home/yusuf/ros2_ws/install/robot_python/lib/python3.10/site-packages:${PYTHONPATH} /usr/bin/python3 setup.py egg_info --egg-base ../../build/robot_python build --build-base /home/yusuf/ros2_ws/build/robot_python/build install --record /home/yusuf/ros2_ws/build/robot_python/install.log --single-version-externally-managed
