[0.157s] Invoking command in '/home/yusuf/ros2_ws/build/ros2_control_demo_example_9': CMAKE_PREFIX_PATH=/home/yusuf/ros2_ws/install/ros2_control_demo_description:/home/yusuf/ros2_ws/install/turtlebot3:/home/yusuf/ros2_ws/install/turtlebot3_simulations:/home/yusuf/ros2_ws/install/turtlebot3_bringup:/home/yusuf/ros2_ws/install/turtlebot3_node:/home/yusuf/ros2_ws/install/turtlebot3_navigation2:/home/yusuf/ros2_ws/install/turtlebot3_gazebo:/home/yusuf/ros2_ws/install/turtlebot3_description:/home/yusuf/ros2_ws/install/turtlebot3_cartographer:/home/yusuf/ros2_ws/install/ros_fundamental:/home/yusuf/ros2_ws/install/ros2_control_demo_example_14:/home/yusuf/ros2_ws/install/robot_test:/home/yusuf/ros2_ws/install/robot_sensing:/home/yusuf/ros2_ws/install/robot_cpp:/home/yusuf/ros2_ws/install/robot_control:/home/yusuf/ros2_ws/install/point_cloud_processing:/home/yusuf/ros2_ws/install/navigation_tb3:/home/yusuf/ros2_ws/install/navigation_1:/home/yusuf/ros2_ws/install/navigation_:/home/yusuf/ros2_ws/install/my_cpp_py_pkg:/home/yusuf/ros2_ws/install/drive_turtle:/home/yusuf/ros2_ws/install/drive_tb3:/home/yusuf/assignment_ws/install/module_9_assignment:/home/yusuf/assignment_ws/install/module_8_assignment:/home/yusuf/assignment_ws/install/module_7_assignment:/home/yusuf/assignment_ws/install/module_6_assignment:/home/yusuf/assignment_ws/install/module_5_assignment:/home/yusuf/assignment_ws/install/module_4_assignment:/home/yusuf/assignment_ws/install/module_3_assignment:/home/yusuf/assignment_ws/install/module_2_assignment:/home/yusuf/assignment_ws/install/module_1_assignment:/home/yusuf/assignment_ws/install/module_10_assignment:/home/yusuf/mir_robot/install/ur:/home/yusuf/mir_robot/install/ur_calibration:/home/yusuf/mir_robot/install/ur_robot_driver:/home/yusuf/mir_robot/install/ur_moveit_config:/home/yusuf/mir_robot/install/ur_bringup:/home/yusuf/mir_robot/install/ur_description:/home/yusuf/mir_robot/install/ur_controllers:/home/yusuf/mir_robot/install/ur_dashboard_msgs:/home/yusuf/mir_robot/install/ros2_aruco_interfaces:/home/yusuf/mir_robot/install/robotiq_description:/home/yusuf/mir_robot/install/realsense_gazebo_plugin:/home/yusuf/mir_robot/install/realsense2_description:/home/yusuf/mir_robot/install/mir_robot:/home/yusuf/mir_robot/install/mir_navigation:/home/yusuf/mir_robot/install/mir_msgs:/home/yusuf/mir_robot/install/mir_gazebo:/home/yusuf/mir_robot/install/mir_description:/home/yusuf/mir_robot/install/ira_laser_tools:/home/yusuf/mir_robot/install/hello_moveit_ur:/home/yusuf/ros2_ws/install/urdf_tutorial_r2d2:/home/yusuf/ros2_ws/install/turtlebot3_teleop:/home/yusuf/ros2_ws/install/turtlebot3_fake_node:/home/yusuf/ros2_ws/install/turtlebot3_example:/home/yusuf/ros2_ws/install/robot_python:/home/yusuf/mir_robot/install/ros2_aruco:/home/yusuf/mir_robot/install/point_cloud_functions:/home/yusuf/mir_robot/install/mir_restapi:/home/yusuf/mir_robot/install/mir_driver:/opt/ros/humble /usr/bin/cmake /home/yusuf/ros2_ws/src/ros2_control_demos/example_9 -DCMAKE_INSTALL_PREFIX=/home/yusuf/ros2_ws/install/ros2_control_demo_example_9
[0.634s] -- The CXX compiler identification is GNU 11.4.0
[0.678s] -- Detecting CXX compiler ABI info
[1.187s] -- Detecting CXX compiler ABI info - done
[1.240s] -- Check for working CXX compiler: /usr/bin/c++ - skipped
[1.240s] -- Detecting CXX compile features
[1.248s] -- Detecting CXX compile features - done
[1.282s] -- Found ament_cmake: 1.3.9 (/opt/ros/humble/share/ament_cmake/cmake)
[2.083s] -- Found Python3: /usr/bin/python3 (found version "3.10.12") found components: Interpreter 
[2.764s] -- Found hardware_interface: 2.41.0 (/opt/ros/humble/share/hardware_interface/cmake)
[3.138s] -- Found rosidl_generator_c: 3.1.5 (/opt/ros/humble/share/rosidl_generator_c/cmake)
[3.192s] -- Found rosidl_adapter: 3.1.5 (/opt/ros/humble/share/rosidl_adapter/cmake)
[3.263s] -- Found rosidl_generator_cpp: 3.1.5 (/opt/ros/humble/share/rosidl_generator_cpp/cmake)
[3.369s] -- Using all available rosidl_typesupport_c: rosidl_typesupport_fastrtps_c;rosidl_typesupport_introspection_c
[3.528s] -- Using all available rosidl_typesupport_cpp: rosidl_typesupport_fastrtps_cpp;rosidl_typesupport_introspection_cpp
[6.785s] -- Found rmw_implementation_cmake: 6.1.2 (/opt/ros/humble/share/rmw_implementation_cmake/cmake)
[6.836s] -- Found rmw_fastrtps_cpp: 6.2.6 (/opt/ros/humble/share/rmw_fastrtps_cpp/cmake)
[7.292s] -- Found TinyXML2 via Config file: TinyXML2_DIR-NOTFOUND
[7.830s] -- Found OpenSSL: /usr/lib/x86_64-linux-gnu/libcrypto.so (found version "3.0.2")  
[7.842s] -- Found TinyXML2 via Config file: TinyXML2_DIR-NOTFOUND
[7.923s] -- Found FastRTPS: /opt/ros/humble/include  
[7.975s] -- Found TinyXML2 via Config file: TinyXML2_DIR-NOTFOUND
[8.031s] -- Found TinyXML2 via Config file: TinyXML2_DIR-NOTFOUND
[8.129s] -- Using RMW implementation 'rmw_fastrtps_cpp' as default
[8.275s] -- Looking for C++ include pthread.h
[8.931s] -- Looking for C++ include pthread.h - found
[8.932s] -- Performing Test CMAKE_HAVE_LIBC_PTHREAD
[9.689s] -- Performing Test CMAKE_HAVE_LIBC_PTHREAD - Success
[9.693s] -- Found Threads: TRUE  
[11.363s] -- Found ament_cmake_pytest: 1.3.9 (/opt/ros/humble/share/ament_cmake_pytest/cmake)
[15.248s] -- Configuring done
[15.423s] -- Generating done
[15.433s] -- Build files have been written to: /home/yusuf/ros2_ws/build/ros2_control_demo_example_9
