[2.869s] Invoking command in '/home/yusuf/ros2_ws/src/turtlebot3/turtlebot3_teleop': PYTHONPATH=/home/yusuf/ros2_ws/build/turtlebot3_teleop/prefix_override:/usr/lib/python3/dist-packages/colcon_core/task/python/colcon_distutils_commands:/home/yusuf/ros2_ws/install/turtlebot3_teleop/lib/python3.10/site-packages:${PYTHONPATH} /usr/bin/python3 -W ignore:setup.py install is deprecated setup.py egg_info --egg-base ../../../build/turtlebot3_teleop build --build-base /home/yusuf/ros2_ws/build/turtlebot3_teleop/build install --record /home/yusuf/ros2_ws/build/turtlebot3_teleop/install.log --single-version-externally-managed install_data
[3.613s] running egg_info
[3.613s] creating ../../../build/turtlebot3_teleop/turtlebot3_teleop.egg-info
[3.614s] writing ../../../build/turtlebot3_teleop/turtlebot3_teleop.egg-info/PKG-INFO
[3.614s] writing dependency_links to ../../../build/turtlebot3_teleop/turtlebot3_teleop.egg-info/dependency_links.txt
[3.614s] writing entry points to ../../../build/turtlebot3_teleop/turtlebot3_teleop.egg-info/entry_points.txt
[3.614s] writing requirements to ../../../build/turtlebot3_teleop/turtlebot3_teleop.egg-info/requires.txt
[3.614s] writing top-level names to ../../../build/turtlebot3_teleop/turtlebot3_teleop.egg-info/top_level.txt
[3.615s] writing manifest file '../../../build/turtlebot3_teleop/turtlebot3_teleop.egg-info/SOURCES.txt'
[3.615s] reading manifest file '../../../build/turtlebot3_teleop/turtlebot3_teleop.egg-info/SOURCES.txt'
[3.615s] writing manifest file '../../../build/turtlebot3_teleop/turtlebot3_teleop.egg-info/SOURCES.txt'
[3.615s] running build
[3.615s] running build_py
[3.616s] creating /home/yusuf/ros2_ws/build/turtlebot3_teleop/build
[3.616s] creating /home/yusuf/ros2_ws/build/turtlebot3_teleop/build/lib
[3.616s] creating /home/yusuf/ros2_ws/build/turtlebot3_teleop/build/lib/turtlebot3_teleop
[3.616s] copying turtlebot3_teleop/__init__.py -> /home/yusuf/ros2_ws/build/turtlebot3_teleop/build/lib/turtlebot3_teleop
[3.616s] creating /home/yusuf/ros2_ws/build/turtlebot3_teleop/build/lib/turtlebot3_teleop/script
[3.616s] copying turtlebot3_teleop/script/__init__.py -> /home/yusuf/ros2_ws/build/turtlebot3_teleop/build/lib/turtlebot3_teleop/script
[3.617s] copying turtlebot3_teleop/script/teleop_keyboard.py -> /home/yusuf/ros2_ws/build/turtlebot3_teleop/build/lib/turtlebot3_teleop/script
[3.617s] running install
[3.617s] running install_lib
[3.617s] creating /home/yusuf/ros2_ws/install/turtlebot3_teleop/lib/python3.10/site-packages/turtlebot3_teleop
[3.617s] creating /home/yusuf/ros2_ws/install/turtlebot3_teleop/lib/python3.10/site-packages/turtlebot3_teleop/script
[3.617s] copying /home/yusuf/ros2_ws/build/turtlebot3_teleop/build/lib/turtlebot3_teleop/script/__init__.py -> /home/yusuf/ros2_ws/install/turtlebot3_teleop/lib/python3.10/site-packages/turtlebot3_teleop/script
[3.618s] copying /home/yusuf/ros2_ws/build/turtlebot3_teleop/build/lib/turtlebot3_teleop/script/teleop_keyboard.py -> /home/yusuf/ros2_ws/install/turtlebot3_teleop/lib/python3.10/site-packages/turtlebot3_teleop/script
[3.618s] copying /home/yusuf/ros2_ws/build/turtlebot3_teleop/build/lib/turtlebot3_teleop/__init__.py -> /home/yusuf/ros2_ws/install/turtlebot3_teleop/lib/python3.10/site-packages/turtlebot3_teleop
[3.618s] byte-compiling /home/yusuf/ros2_ws/install/turtlebot3_teleop/lib/python3.10/site-packages/turtlebot3_teleop/script/__init__.py to __init__.cpython-310.pyc
[3.618s] byte-compiling /home/yusuf/ros2_ws/install/turtlebot3_teleop/lib/python3.10/site-packages/turtlebot3_teleop/script/teleop_keyboard.py to teleop_keyboard.cpython-310.pyc
[3.618s] byte-compiling /home/yusuf/ros2_ws/install/turtlebot3_teleop/lib/python3.10/site-packages/turtlebot3_teleop/__init__.py to __init__.cpython-310.pyc
[3.618s] running install_data
[3.619s] creating /home/yusuf/ros2_ws/install/turtlebot3_teleop/share/ament_index
[3.619s] creating /home/yusuf/ros2_ws/install/turtlebot3_teleop/share/ament_index/resource_index
[3.619s] creating /home/yusuf/ros2_ws/install/turtlebot3_teleop/share/ament_index/resource_index/packages
[3.619s] copying resource/turtlebot3_teleop -> /home/yusuf/ros2_ws/install/turtlebot3_teleop/share/ament_index/resource_index/packages
[3.619s] copying package.xml -> /home/yusuf/ros2_ws/install/turtlebot3_teleop/share/turtlebot3_teleop
[3.619s] running install_egg_info
[3.619s] Copying ../../../build/turtlebot3_teleop/turtlebot3_teleop.egg-info to /home/yusuf/ros2_ws/install/turtlebot3_teleop/lib/python3.10/site-packages/turtlebot3_teleop-2.1.5-py3.10.egg-info
[3.620s] running install_scripts
[3.640s] Installing teleop_keyboard script to /home/yusuf/ros2_ws/install/turtlebot3_teleop/lib/turtlebot3_teleop
[3.640s] writing list of installed files to '/home/yusuf/ros2_ws/build/turtlebot3_teleop/install.log'
[3.696s] Invoked command in '/home/yusuf/ros2_ws/src/turtlebot3/turtlebot3_teleop' returned '0': PYTHONPATH=/home/yusuf/ros2_ws/build/turtlebot3_teleop/prefix_override:/usr/lib/python3/dist-packages/colcon_core/task/python/colcon_distutils_commands:/home/yusuf/ros2_ws/install/turtlebot3_teleop/lib/python3.10/site-packages:${PYTHONPATH} /usr/bin/python3 -W ignore:setup.py install is deprecated setup.py egg_info --egg-base ../../../build/turtlebot3_teleop build --build-base /home/yusuf/ros2_ws/build/turtlebot3_teleop/build install --record /home/yusuf/ros2_ws/build/turtlebot3_teleop/install.log --single-version-externally-managed install_data
