[0.526s] Invoking command in '/home/yusuf/ros2_ws/build/turtlebot3_node': CMAKE_PREFIX_PATH=${CMAKE_PREFIX_PATH}:/home/yusuf/ros2_ws/install/turtlebot3_teleop:/home/yusuf/ros2_ws/install/turtlebot3_example:/home/yusuf/ros2_ws/install/robot_python:/opt/ros/humble /usr/bin/cmake --build /home/yusuf/ros2_ws/build/turtlebot3_node -- -j8 -l8
[0.899s] [ 85%] Built target turtlebot3_node_lib
[0.900s] [100%] Built target turtlebot3_ros
[1.255s] Invoked command in '/home/yusuf/ros2_ws/build/turtlebot3_node' returned '0': CMAKE_PREFIX_PATH=${CMAKE_PREFIX_PATH}:/home/yusuf/ros2_ws/install/turtlebot3_teleop:/home/yusuf/ros2_ws/install/turtlebot3_example:/home/yusuf/ros2_ws/install/robot_python:/opt/ros/humble /usr/bin/cmake --build /home/yusuf/ros2_ws/build/turtlebot3_node -- -j8 -l8
[1.633s] Invoking command in '/home/yusuf/ros2_ws/build/turtlebot3_node': CMAKE_PREFIX_PATH=${CMAKE_PREFIX_PATH}:/home/yusuf/ros2_ws/install/turtlebot3_teleop:/home/yusuf/ros2_ws/install/turtlebot3_example:/home/yusuf/ros2_ws/install/robot_python:/opt/ros/humble /usr/bin/cmake --install /home/yusuf/ros2_ws/build/turtlebot3_node
[1.715s] -- Install configuration: ""
[1.716s] -- Up-to-date: /home/yusuf/ros2_ws/install/turtlebot3_node/share/turtlebot3_node/param
[1.716s] -- Up-to-date: /home/yusuf/ros2_ws/install/turtlebot3_node/share/turtlebot3_node/param/waffle.yaml
[1.716s] -- Up-to-date: /home/yusuf/ros2_ws/install/turtlebot3_node/share/turtlebot3_node/param/waffle_pi.yaml
[1.716s] -- Up-to-date: /home/yusuf/ros2_ws/install/turtlebot3_node/share/turtlebot3_node/param/burger.yaml
[1.717s] -- Up-to-date: /home/yusuf/ros2_ws/install/turtlebot3_node/lib/turtlebot3_node/turtlebot3_ros
[1.717s] -- Up-to-date: /home/yusuf/ros2_ws/install/turtlebot3_node/share/ament_index/resource_index/package_run_dependencies/turtlebot3_node
[1.717s] -- Up-to-date: /home/yusuf/ros2_ws/install/turtlebot3_node/share/ament_index/resource_index/parent_prefix_path/turtlebot3_node
[1.718s] -- Up-to-date: /home/yusuf/ros2_ws/install/turtlebot3_node/share/turtlebot3_node/environment/ament_prefix_path.sh
[1.718s] -- Up-to-date: /home/yusuf/ros2_ws/install/turtlebot3_node/share/turtlebot3_node/environment/ament_prefix_path.dsv
[1.718s] -- Up-to-date: /home/yusuf/ros2_ws/install/turtlebot3_node/share/turtlebot3_node/environment/path.sh
[1.718s] -- Up-to-date: /home/yusuf/ros2_ws/install/turtlebot3_node/share/turtlebot3_node/environment/path.dsv
[1.719s] -- Up-to-date: /home/yusuf/ros2_ws/install/turtlebot3_node/share/turtlebot3_node/local_setup.bash
[1.719s] -- Up-to-date: /home/yusuf/ros2_ws/install/turtlebot3_node/share/turtlebot3_node/local_setup.sh
[1.719s] -- Up-to-date: /home/yusuf/ros2_ws/install/turtlebot3_node/share/turtlebot3_node/local_setup.zsh
[1.720s] -- Up-to-date: /home/yusuf/ros2_ws/install/turtlebot3_node/share/turtlebot3_node/local_setup.dsv
[1.720s] -- Installing: /home/yusuf/ros2_ws/install/turtlebot3_node/share/turtlebot3_node/package.dsv
[1.720s] -- Up-to-date: /home/yusuf/ros2_ws/install/turtlebot3_node/share/ament_index/resource_index/packages/turtlebot3_node
[1.720s] -- Up-to-date: /home/yusuf/ros2_ws/install/turtlebot3_node/share/turtlebot3_node/cmake/ament_cmake_export_include_directories-extras.cmake
[1.721s] -- Up-to-date: /home/yusuf/ros2_ws/install/turtlebot3_node/share/turtlebot3_node/cmake/turtlebot3_nodeConfig.cmake
[1.721s] -- Up-to-date: /home/yusuf/ros2_ws/install/turtlebot3_node/share/turtlebot3_node/cmake/turtlebot3_nodeConfig-version.cmake
[1.721s] -- Up-to-date: /home/yusuf/ros2_ws/install/turtlebot3_node/share/turtlebot3_node/package.xml
[2.014s] Invoked command in '/home/yusuf/ros2_ws/build/turtlebot3_node' returned '0': CMAKE_PREFIX_PATH=${CMAKE_PREFIX_PATH}:/home/yusuf/ros2_ws/install/turtlebot3_teleop:/home/yusuf/ros2_ws/install/turtlebot3_example:/home/yusuf/ros2_ws/install/robot_python:/opt/ros/humble /usr/bin/cmake --install /home/yusuf/ros2_ws/build/turtlebot3_node
