[0.609s] Invoking command in '/home/yusuf/ros2_ws/src/build/navigation_tb3': CMAKE_PREFIX_PATH=${CMAKE_PREFIX_PATH}:/home/yusuf/ros2_ws/install/turtlebot3_teleop:/home/yusuf/ros2_ws/install/turtlebot3_example:/home/yusuf/ros2_ws/install/robot_python:/opt/ros/humble /usr/bin/cmake /home/yusuf/ros2_ws/src/navigation_tb3 -DCMAKE_INSTALL_PREFIX=/home/yusuf/ros2_ws/src/install/navigation_tb3
[2.490s] -- The C compiler identification is GNU 11.4.0
[2.490s] -- The CXX compiler identification is GNU 11.4.0
[2.490s] -- Detecting C compiler ABI info
[2.490s] -- Detecting C compiler ABI info - done
[2.491s] -- Check for working C compiler: /usr/bin/cc - skipped
[2.491s] -- Detecting C compile features
[2.491s] -- Detecting C compile features - done
[2.491s] -- Detecting CXX compiler ABI info
[2.491s] -- Detecting CXX compiler ABI info - done
[2.491s] -- Check for working CXX compiler: /usr/bin/c++ - skipped
[2.492s] -- Detecting CXX compile features
[2.492s] -- Detecting CXX compile features - done
[2.492s] -- Found ament_cmake: 1.3.6 (/opt/ros/humble/share/ament_cmake/cmake)
[2.492s] -- Found Python3: /usr/bin/python3.10 (found version "3.10.12") found components: Interpreter 
[2.720s] -- Found rclcpp: 16.0.7 (/opt/ros/humble/share/rclcpp/cmake)
[2.869s] -- Found rosidl_generator_c: 3.1.5 (/opt/ros/humble/share/rosidl_generator_c/cmake)
[2.889s] -- Found rosidl_adapter: 3.1.5 (/opt/ros/humble/share/rosidl_adapter/cmake)
[2.921s] -- Found rosidl_generator_cpp: 3.1.5 (/opt/ros/humble/share/rosidl_generator_cpp/cmake)
[2.956s] -- Using all available rosidl_typesupport_c: rosidl_typesupport_fastrtps_c;rosidl_typesupport_introspection_c
[3.031s] -- Using all available rosidl_typesupport_cpp: rosidl_typesupport_fastrtps_cpp;rosidl_typesupport_introspection_cpp
[3.436s] -- Found rmw_implementation_cmake: 6.1.1 (/opt/ros/humble/share/rmw_implementation_cmake/cmake)
[3.461s] -- Found rmw_fastrtps_cpp: 6.2.5 (/opt/ros/humble/share/rmw_fastrtps_cpp/cmake)
[4.287s] -- Found OpenSSL: /usr/lib/x86_64-linux-gnu/libcrypto.so (found version "3.0.2")  
[4.520s] -- Found FastRTPS: /opt/ros/humble/include  
[5.010s] -- Using RMW implementation 'rmw_fastrtps_cpp' as default
[5.160s] -- Looking for pthread.h
[6.013s] -- Looking for pthread.h - found
[6.015s] -- Performing Test CMAKE_HAVE_LIBC_PTHREAD
[7.065s] -- Performing Test CMAKE_HAVE_LIBC_PTHREAD - Success
[7.074s] -- Found Threads: TRUE  
[9.989s] -- Found nav_msgs: 4.2.3 (/opt/ros/humble/share/nav_msgs/cmake)
[13.049s] -- Found rclpy: 3.3.11 (/opt/ros/humble/share/rclpy/cmake)
[15.029s] -- Configuring done
[15.244s] -- Generating done
[15.276s] -- Build files have been written to: /home/yusuf/ros2_ws/src/build/navigation_tb3
[15.404s] Invoked command in '/home/yusuf/ros2_ws/src/build/navigation_tb3' returned '0': CMAKE_PREFIX_PATH=${CMAKE_PREFIX_PATH}:/home/yusuf/ros2_ws/install/turtlebot3_teleop:/home/yusuf/ros2_ws/install/turtlebot3_example:/home/yusuf/ros2_ws/install/robot_python:/opt/ros/humble /usr/bin/cmake /home/yusuf/ros2_ws/src/navigation_tb3 -DCMAKE_INSTALL_PREFIX=/home/yusuf/ros2_ws/src/install/navigation_tb3
[15.433s] Invoking command in '/home/yusuf/ros2_ws/src/build/navigation_tb3': CMAKE_PREFIX_PATH=${CMAKE_PREFIX_PATH}:/home/yusuf/ros2_ws/install/turtlebot3_teleop:/home/yusuf/ros2_ws/install/turtlebot3_example:/home/yusuf/ros2_ws/install/robot_python:/opt/ros/humble /usr/bin/cmake --build /home/yusuf/ros2_ws/src/build/navigation_tb3 -- -j8 -l8
