[4.115s] Invoking command in '/home/yusuf/ros2_ws/build/turtlebot3_gazebo': CMAKE_PREFIX_PATH=${CMAKE_PREFIX_PATH}:/home/yusuf/ros2_learners/install/robot_math:/home/yusuf/ros2_ws/install/robot_python:/opt/ros/humble /usr/bin/cmake --build /home/yusuf/ros2_ws/build/turtlebot3_gazebo -- -j8 -l8
[7.148s] [ 25%] Built target turtlebot3_drive
[7.149s] [ 50%] Built target obstacle2
[7.150s] [ 75%] Built target obstacles
[7.151s] [100%] Built target obstacle1
[7.234s] Invoked command in '/home/yusuf/ros2_ws/build/turtlebot3_gazebo' returned '0': CMAKE_PREFIX_PATH=${CMAKE_PREFIX_PATH}:/home/yusuf/ros2_learners/install/robot_math:/home/yusuf/ros2_ws/install/robot_python:/opt/ros/humble /usr/bin/cmake --build /home/yusuf/ros2_ws/build/turtlebot3_gazebo -- -j8 -l8
[9.090s] Invoking command in '/home/yusuf/ros2_ws/build/turtlebot3_gazebo': CMAKE_PREFIX_PATH=${CMAKE_PREFIX_PATH}:/home/yusuf/ros2_learners/install/robot_math:/home/yusuf/ros2_ws/install/robot_python:/opt/ros/humble /usr/bin/cmake --install /home/yusuf/ros2_ws/build/turtlebot3_gazebo
[9.527s] -- Install configuration: ""
[9.529s] -- Up-to-date: /home/yusuf/ros2_ws/install/turtlebot3_gazebo/lib/turtlebot3_gazebo/turtlebot3_drive
[9.530s] -- Up-to-date: /home/yusuf/ros2_ws/install/turtlebot3_gazebo/share/turtlebot3_gazebo//launch
[9.531s] -- Up-to-date: /home/yusuf/ros2_ws/install/turtlebot3_gazebo/share/turtlebot3_gazebo//launch/turtlebot3_dqn_stage2.launch.py
[9.532s] -- Up-to-date: /home/yusuf/ros2_ws/install/turtlebot3_gazebo/share/turtlebot3_gazebo//launch/turtlebot3_dqn_stage3.launch.py
[9.533s] -- Up-to-date: /home/yusuf/ros2_ws/install/turtlebot3_gazebo/share/turtlebot3_gazebo//launch/robot_state_publisher.launch.py
[9.545s] -- Up-to-date: /home/yusuf/ros2_ws/install/turtlebot3_gazebo/share/turtlebot3_gazebo//launch/turtlebot3_world.launch.py
[9.545s] -- Up-to-date: /home/yusuf/ros2_ws/install/turtlebot3_gazebo/share/turtlebot3_gazebo//launch/spawn_turtlebot3.launch.py
[9.546s] -- Up-to-date: /home/yusuf/ros2_ws/install/turtlebot3_gazebo/share/turtlebot3_gazebo//launch/empty_world.launch.py
[9.546s] -- Up-to-date: /home/yusuf/ros2_ws/install/turtlebot3_gazebo/share/turtlebot3_gazebo//launch/turtlebot3_house.launch.py
[9.547s] -- Up-to-date: /home/yusuf/ros2_ws/install/turtlebot3_gazebo/share/turtlebot3_gazebo//launch/turtlebot3_dqn_stage4.launch.py
[9.548s] -- Up-to-date: /home/yusuf/ros2_ws/install/turtlebot3_gazebo/share/turtlebot3_gazebo//launch/turtlebot3_dqn_stage1.launch.py
[9.548s] -- Up-to-date: /home/yusuf/ros2_ws/install/turtlebot3_gazebo/share/turtlebot3_gazebo//models
[9.550s] -- Up-to-date: /home/yusuf/ros2_ws/install/turtlebot3_gazebo/share/turtlebot3_gazebo//models/turtlebot3_waffle
[9.551s] -- Up-to-date: /home/yusuf/ros2_ws/install/turtlebot3_gazebo/share/turtlebot3_gazebo//models/turtlebot3_waffle/model.sdf
[9.552s] -- Up-to-date: /home/yusuf/ros2_ws/install/turtlebot3_gazebo/share/turtlebot3_gazebo//models/turtlebot3_waffle/model.config
[9.552s] -- Up-to-date: /home/yusuf/ros2_ws/install/turtlebot3_gazebo/share/turtlebot3_gazebo//models/turtlebot3_waffle/model-1_4.sdf
[9.553s] -- Up-to-date: /home/yusuf/ros2_ws/install/turtlebot3_gazebo/share/turtlebot3_gazebo//models/turtlebot3_dqn_world
[9.554s] -- Up-to-date: /home/yusuf/ros2_ws/install/turtlebot3_gazebo/share/turtlebot3_gazebo//models/turtlebot3_dqn_world/model.sdf
[9.554s] -- Up-to-date: /home/yusuf/ros2_ws/install/turtlebot3_gazebo/share/turtlebot3_gazebo//models/turtlebot3_dqn_world/model.config
[9.555s] -- Up-to-date: /home/yusuf/ros2_ws/install/turtlebot3_gazebo/share/turtlebot3_gazebo//models/turtlebot3_dqn_world/obstacle_plugin
[9.555s] -- Up-to-date: /home/yusuf/ros2_ws/install/turtlebot3_gazebo/share/turtlebot3_gazebo//models/turtlebot3_dqn_world/obstacle_plugin/obstacle1.cc
[9.556s] -- Up-to-date: /home/yusuf/ros2_ws/install/turtlebot3_gazebo/share/turtlebot3_gazebo//models/turtlebot3_dqn_world/obstacle_plugin/obstacles.cc
[9.560s] -- Up-to-date: /home/yusuf/ros2_ws/install/turtlebot3_gazebo/share/turtlebot3_gazebo//models/turtlebot3_dqn_world/obstacle_plugin/CMakeLists.txt
[9.564s] -- Up-to-date: /home/yusuf/ros2_ws/install/turtlebot3_gazebo/share/turtlebot3_gazebo//models/turtlebot3_dqn_world/obstacle_plugin/obstacle2.cc
[9.565s] -- Up-to-date: /home/yusuf/ros2_ws/install/turtlebot3_gazebo/share/turtlebot3_gazebo//models/turtlebot3_dqn_world/obstacles
[9.566s] -- Up-to-date: /home/yusuf/ros2_ws/install/turtlebot3_gazebo/share/turtlebot3_gazebo//models/turtlebot3_dqn_world/obstacles/model.sdf
[9.567s] -- Up-to-date: /home/yusuf/ros2_ws/install/turtlebot3_gazebo/share/turtlebot3_gazebo//models/turtlebot3_dqn_world/obstacles/model.config
[9.568s] -- Up-to-date: /home/yusuf/ros2_ws/install/turtlebot3_gazebo/share/turtlebot3_gazebo//models/turtlebot3_dqn_world/goal_box
[9.568s] -- Up-to-date: /home/yusuf/ros2_ws/install/turtlebot3_gazebo/share/turtlebot3_gazebo//models/turtlebot3_dqn_world/goal_box/model.sdf
[9.569s] -- Up-to-date: /home/yusuf/ros2_ws/install/turtlebot3_gazebo/share/turtlebot3_gazebo//models/turtlebot3_dqn_world/goal_box/model.config
[9.569s] -- Up-to-date: /home/yusuf/ros2_ws/install/turtlebot3_gazebo/share/turtlebot3_gazebo//models/turtlebot3_dqn_world/inner_walls
[9.570s] -- Up-to-date: /home/yusuf/ros2_ws/install/turtlebot3_gazebo/share/turtlebot3_gazebo//models/turtlebot3_dqn_world/inner_walls/model.sdf
[9.585s] -- Up-to-date: /home/yusuf/ros2_ws/install/turtlebot3_gazebo/share/turtlebot3_gazebo//models/turtlebot3_dqn_world/inner_walls/model.config
[9.588s] -- Up-to-date: /home/yusuf/ros2_ws/install/turtlebot3_gazebo/share/turtlebot3_gazebo//models/turtlebot3_dqn_world/obstacle1
[9.589s] -- Up-to-date: /home/yusuf/ros2_ws/install/turtlebot3_gazebo/share/turtlebot3_gazebo//models/turtlebot3_dqn_world/obstacle1/model.sdf
[9.590s] -- Up-to-date: /home/yusuf/ros2_ws/install/turtlebot3_gazebo/share/turtlebot3_gazebo//models/turtlebot3_dqn_world/obstacle1/model.config
[9.590s] -- Up-to-date: /home/yusuf/ros2_ws/install/turtlebot3_gazebo/share/turtlebot3_gazebo//models/turtlebot3_dqn_world/obstacle2
[9.591s] -- Up-to-date: /home/yusuf/ros2_ws/install/turtlebot3_gazebo/share/turtlebot3_gazebo//models/turtlebot3_dqn_world/obstacle2/model.sdf
[9.592s] -- Up-to-date: /home/yusuf/ros2_ws/install/turtlebot3_gazebo/share/turtlebot3_gazebo//models/turtlebot3_dqn_world/obstacle2/model.config
[9.593s] -- Up-to-date: /home/yusuf/ros2_ws/install/turtlebot3_gazebo/share/turtlebot3_gazebo//models/turtlebot3_world
[9.593s] -- Up-to-date: /home/yusuf/ros2_ws/install/turtlebot3_gazebo/share/turtlebot3_gazebo//models/turtlebot3_world/model.sdf
[9.594s] -- Up-to-date: /home/yusuf/ros2_ws/install/turtlebot3_gazebo/share/turtlebot3_gazebo//models/turtlebot3_world/model.config
[9.595s] -- Up-to-date: /home/yusuf/ros2_ws/install/turtlebot3_gazebo/share/turtlebot3_gazebo//models/turtlebot3_world/meshes
[9.596s] -- Up-to-date: /home/yusuf/ros2_ws/install/turtlebot3_gazebo/share/turtlebot3_gazebo//models/turtlebot3_world/meshes/wall.dae
[9.597s] -- Up-to-date: /home/yusuf/ros2_ws/install/turtlebot3_gazebo/share/turtlebot3_gazebo//models/turtlebot3_world/meshes/hexagon.dae
[9.597s] -- Up-to-date: /home/yusuf/ros2_ws/install/turtlebot3_gazebo/share/turtlebot3_gazebo//models/turtlebot3_world/model-1_4.sdf
[9.598s] -- Up-to-date: /home/yusuf/ros2_ws/install/turtlebot3_gazebo/share/turtlebot3_gazebo//models/turtlebot3_common
[9.599s] -- Up-to-date: /home/yusuf/ros2_ws/install/turtlebot3_gazebo/share/turtlebot3_gazebo//models/turtlebot3_common/model.config
[9.600s] -- Up-to-date: /home/yusuf/ros2_ws/install/turtlebot3_gazebo/share/turtlebot3_gazebo//models/turtlebot3_common/meshes
[9.601s] -- Up-to-date: /home/yusuf/ros2_ws/install/turtlebot3_gazebo/share/turtlebot3_gazebo//models/turtlebot3_common/meshes/r200.dae
[9.602s] -- Up-to-date: /home/yusuf/ros2_ws/install/turtlebot3_gazebo/share/turtlebot3_gazebo//models/turtlebot3_common/meshes/lds.dae
[9.603s] -- Up-to-date: /home/yusuf/ros2_ws/install/turtlebot3_gazebo/share/turtlebot3_gazebo//models/turtlebot3_common/meshes/waffle_pi_base.dae
[9.603s] -- Up-to-date: /home/yusuf/ros2_ws/install/turtlebot3_gazebo/share/turtlebot3_gazebo//models/turtlebot3_common/meshes/waffle_base.dae
[9.604s] -- Up-to-date: /home/yusuf/ros2_ws/install/turtlebot3_gazebo/share/turtlebot3_gazebo//models/turtlebot3_common/meshes/burger_base.dae
[9.605s] -- Up-to-date: /home/yusuf/ros2_ws/install/turtlebot3_gazebo/share/turtlebot3_gazebo//models/turtlebot3_common/meshes/tire.dae
[9.605s] -- Up-to-date: /home/yusuf/ros2_ws/install/turtlebot3_gazebo/share/turtlebot3_gazebo//models/turtlebot3_waffle_pi
[9.606s] -- Up-to-date: /home/yusuf/ros2_ws/install/turtlebot3_gazebo/share/turtlebot3_gazebo//models/turtlebot3_waffle_pi/model.sdf
[9.628s] -- Up-to-date: /home/yusuf/ros2_ws/install/turtlebot3_gazebo/share/turtlebot3_gazebo//models/turtlebot3_waffle_pi/model.config
[9.629s] -- Up-to-date: /home/yusuf/ros2_ws/install/turtlebot3_gazebo/share/turtlebot3_gazebo//models/turtlebot3_waffle_pi/model-1_4_.sdf
[9.629s] -- Up-to-date: /home/yusuf/ros2_ws/install/turtlebot3_gazebo/share/turtlebot3_gazebo//models/turtlebot3_house
[9.630s] -- Up-to-date: /home/yusuf/ros2_ws/install/turtlebot3_gazebo/share/turtlebot3_gazebo//models/turtlebot3_house/model.sdf
[9.631s] -- Up-to-date: /home/yusuf/ros2_ws/install/turtlebot3_gazebo/share/turtlebot3_gazebo//models/turtlebot3_house/model.config
[9.631s] -- Up-to-date: /home/yusuf/ros2_ws/install/turtlebot3_gazebo/share/turtlebot3_gazebo//models/turtlebot3_burger
[9.632s] -- Up-to-date: /home/yusuf/ros2_ws/install/turtlebot3_gazebo/share/turtlebot3_gazebo//models/turtlebot3_burger/model.sdf
[9.633s] -- Up-to-date: /home/yusuf/ros2_ws/install/turtlebot3_gazebo/share/turtlebot3_gazebo//models/turtlebot3_burger/model.config
[9.634s] -- Up-to-date: /home/yusuf/ros2_ws/install/turtlebot3_gazebo/share/turtlebot3_gazebo//models/turtlebot3_burger/model-1_4.sdf
[9.634s] -- Up-to-date: /home/yusuf/ros2_ws/install/turtlebot3_gazebo/share/turtlebot3_gazebo//rviz
[9.635s] -- Up-to-date: /home/yusuf/ros2_ws/install/turtlebot3_gazebo/share/turtlebot3_gazebo//rviz/tb3_gazebo.rviz
[9.636s] -- Up-to-date: /home/yusuf/ros2_ws/install/turtlebot3_gazebo/share/turtlebot3_gazebo//urdf
[9.637s] -- Up-to-date: /home/yusuf/ros2_ws/install/turtlebot3_gazebo/share/turtlebot3_gazebo//urdf/turtlebot3_burger.urdf
[9.638s] -- Up-to-date: /home/yusuf/ros2_ws/install/turtlebot3_gazebo/share/turtlebot3_gazebo//urdf/turtlebot3_waffle.urdf
[9.639s] -- Up-to-date: /home/yusuf/ros2_ws/install/turtlebot3_gazebo/share/turtlebot3_gazebo//urdf/turtlebot3_waffle_pi.urdf
[9.639s] -- Up-to-date: /home/yusuf/ros2_ws/install/turtlebot3_gazebo/share/turtlebot3_gazebo//urdf/common_properties.urdf
[9.640s] -- Up-to-date: /home/yusuf/ros2_ws/install/turtlebot3_gazebo/share/turtlebot3_gazebo//worlds
[9.641s] -- Up-to-date: /home/yusuf/ros2_ws/install/turtlebot3_gazebo/share/turtlebot3_gazebo//worlds/turtlebot3_dqn_stage2.world
[9.642s] -- Up-to-date: /home/yusuf/ros2_ws/install/turtlebot3_gazebo/share/turtlebot3_gazebo//worlds/turtlebot3_house.world
[9.644s] -- Up-to-date: /home/yusuf/ros2_ws/install/turtlebot3_gazebo/share/turtlebot3_gazebo//worlds/turtlebot3_world.world
[9.645s] -- Up-to-date: /home/yusuf/ros2_ws/install/turtlebot3_gazebo/share/turtlebot3_gazebo//worlds/turtlebot3_dqn_stage4.world
[9.645s] -- Up-to-date: /home/yusuf/ros2_ws/install/turtlebot3_gazebo/share/turtlebot3_gazebo//worlds/turtlebot3_dqn_stage3.world
[9.646s] -- Up-to-date: /home/yusuf/ros2_ws/install/turtlebot3_gazebo/share/turtlebot3_gazebo//worlds/empty_world.world
[9.646s] -- Up-to-date: /home/yusuf/ros2_ws/install/turtlebot3_gazebo/share/turtlebot3_gazebo//worlds/turtlebot3_dqn_stage1.world
[9.647s] -- Up-to-date: /home/yusuf/ros2_ws/install/turtlebot3_gazebo/include/
[9.647s] -- Up-to-date: /home/yusuf/ros2_ws/install/turtlebot3_gazebo/include//turtlebot3_gazebo
[9.648s] -- Up-to-date: /home/yusuf/ros2_ws/install/turtlebot3_gazebo/include//turtlebot3_gazebo/turtlebot3_drive.hpp
[9.652s] -- Up-to-date: /home/yusuf/ros2_ws/install/turtlebot3_gazebo/share/ament_index/resource_index/package_run_dependencies/turtlebot3_gazebo
[9.653s] -- Up-to-date: /home/yusuf/ros2_ws/install/turtlebot3_gazebo/share/ament_index/resource_index/parent_prefix_path/turtlebot3_gazebo
[9.654s] -- Up-to-date: /home/yusuf/ros2_ws/install/turtlebot3_gazebo/share/turtlebot3_gazebo/environment/ament_prefix_path.sh
[9.655s] -- Up-to-date: /home/yusuf/ros2_ws/install/turtlebot3_gazebo/share/turtlebot3_gazebo/environment/ament_prefix_path.dsv
[9.660s] -- Up-to-date: /home/yusuf/ros2_ws/install/turtlebot3_gazebo/share/turtlebot3_gazebo/environment/path.sh
[9.662s] -- Up-to-date: /home/yusuf/ros2_ws/install/turtlebot3_gazebo/share/turtlebot3_gazebo/environment/path.dsv
[9.664s] -- Up-to-date: /home/yusuf/ros2_ws/install/turtlebot3_gazebo/share/turtlebot3_gazebo/local_setup.bash
[9.693s] -- Up-to-date: /home/yusuf/ros2_ws/install/turtlebot3_gazebo/share/turtlebot3_gazebo/local_setup.sh
[9.694s] -- Up-to-date: /home/yusuf/ros2_ws/install/turtlebot3_gazebo/share/turtlebot3_gazebo/local_setup.zsh
[9.695s] -- Up-to-date: /home/yusuf/ros2_ws/install/turtlebot3_gazebo/share/turtlebot3_gazebo/local_setup.dsv
[9.696s] -- Installing: /home/yusuf/ros2_ws/install/turtlebot3_gazebo/share/turtlebot3_gazebo/package.dsv
[9.706s] -- Up-to-date: /home/yusuf/ros2_ws/install/turtlebot3_gazebo/share/ament_index/resource_index/packages/turtlebot3_gazebo
[9.707s] -- Up-to-date: /home/yusuf/ros2_ws/install/turtlebot3_gazebo/share/turtlebot3_gazebo/cmake/ament_cmake_export_include_directories-extras.cmake
[9.719s] -- Up-to-date: /home/yusuf/ros2_ws/install/turtlebot3_gazebo/share/turtlebot3_gazebo/cmake/ament_cmake_export_dependencies-extras.cmake
[9.720s] -- Up-to-date: /home/yusuf/ros2_ws/install/turtlebot3_gazebo/share/turtlebot3_gazebo/cmake/turtlebot3_gazeboConfig.cmake
[9.721s] -- Up-to-date: /home/yusuf/ros2_ws/install/turtlebot3_gazebo/share/turtlebot3_gazebo/cmake/turtlebot3_gazeboConfig-version.cmake
[9.722s] -- Up-to-date: /home/yusuf/ros2_ws/install/turtlebot3_gazebo/share/turtlebot3_gazebo/package.xml
[10.580s] Invoked command in '/home/yusuf/ros2_ws/build/turtlebot3_gazebo' returned '0': CMAKE_PREFIX_PATH=${CMAKE_PREFIX_PATH}:/home/yusuf/ros2_learners/install/robot_math:/home/yusuf/ros2_ws/install/robot_python:/opt/ros/humble /usr/bin/cmake --install /home/yusuf/ros2_ws/build/turtlebot3_gazebo
