[2.078s] DEBUG:colcon:Command line arguments: ['/usr/bin/colcon', 'list', '-p', '--base-paths', '/home/yusuf/ros2_ws']
[2.078s] DEBUG:colcon:Parsed command line arguments: Namespace(log_base=None, log_level=None, verb_name='list', build_base='build', ignore_user_meta=False, metas=['./colcon.meta'], base_paths=['/home/yusuf/ros2_ws'], packages_ignore=None, packages_ignore_regex=None, paths=None, packages_up_to=None, packages_up_to_regex=None, packages_above=None, packages_above_and_dependencies=None, packages_above_depth=None, packages_select_by_dep=None, packages_skip_by_dep=None, packages_skip_up_to=None, packages_select_build_failed=False, packages_skip_build_finished=False, packages_select_test_failures=False, packages_skip_test_passed=False, packages_select=None, packages_skip=None, packages_select_regex=None, packages_skip_regex=None, packages_start=None, packages_end=None, allow_overriding=[], topological_order=False, names_only=False, paths_only=True, topological_graph=False, topological_graph_dot=False, topological_graph_density=False, topological_graph_legend=False, topological_graph_dot_cluster=False, topological_graph_dot_include_skipped=False, verb_parser=<colcon_defaults.argument_parser.defaults.DefaultArgumentsDecorator object at 0x7f55a70ddfc0>, verb_extension=<colcon_package_information.verb.list.ListVerb object at 0x7f55a73e3580>, main=<bound method ListVerb.main of <colcon_package_information.verb.list.ListVerb object at 0x7f55a73e3580>>)
[2.197s] Level 1:colcon.colcon_core.package_discovery:discover_packages(colcon_meta) check parameters
[2.197s] Level 1:colcon.colcon_core.package_discovery:discover_packages(recursive) check parameters
[2.197s] Level 1:colcon.colcon_core.package_discovery:discover_packages(ignore) check parameters
[2.198s] Level 1:colcon.colcon_core.package_discovery:discover_packages(path) check parameters
[2.198s] Level 1:colcon.colcon_core.package_discovery:discover_packages(recursive) discover
[2.198s] INFO:colcon.colcon_core.package_discovery:Crawling recursively for packages in '/home/yusuf/ros2_ws'
[2.198s] Level 1:colcon.colcon_core.package_identification:_identify(/home/yusuf/ros2_ws) by extensions ['ignore', 'ignore_ament_install']
[2.198s] Level 1:colcon.colcon_core.package_identification:_identify(/home/yusuf/ros2_ws) by extension 'ignore'
[2.198s] Level 1:colcon.colcon_core.package_identification:_identify(/home/yusuf/ros2_ws) by extension 'ignore_ament_install'
[2.199s] Level 1:colcon.colcon_core.package_identification:_identify(/home/yusuf/ros2_ws) by extensions ['colcon_pkg']
[2.199s] Level 1:colcon.colcon_core.package_identification:_identify(/home/yusuf/ros2_ws) by extension 'colcon_pkg'
[2.199s] Level 1:colcon.colcon_core.package_identification:_identify(/home/yusuf/ros2_ws) by extensions ['colcon_meta']
[2.199s] Level 1:colcon.colcon_core.package_identification:_identify(/home/yusuf/ros2_ws) by extension 'colcon_meta'
[2.199s] Level 1:colcon.colcon_core.package_identification:_identify(/home/yusuf/ros2_ws) by extensions ['ros']
[2.199s] Level 1:colcon.colcon_core.package_identification:_identify(/home/yusuf/ros2_ws) by extension 'ros'
[2.224s] Level 1:colcon.colcon_core.package_identification:_identify(/home/yusuf/ros2_ws) by extensions ['cmake', 'python']
[2.224s] Level 1:colcon.colcon_core.package_identification:_identify(/home/yusuf/ros2_ws) by extension 'cmake'
[2.224s] Level 1:colcon.colcon_core.package_identification:_identify(/home/yusuf/ros2_ws) by extension 'python'
[2.224s] Level 1:colcon.colcon_core.package_identification:_identify(/home/yusuf/ros2_ws) by extensions ['python_setup_py']
[2.224s] Level 1:colcon.colcon_core.package_identification:_identify(/home/yusuf/ros2_ws) by extension 'python_setup_py'
[2.225s] Level 1:colcon.colcon_core.package_identification:_identify(/home/yusuf/ros2_ws/build) by extensions ['ignore', 'ignore_ament_install']
[2.225s] Level 1:colcon.colcon_core.package_identification:_identify(/home/yusuf/ros2_ws/build) by extension 'ignore'
[2.225s] Level 1:colcon.colcon_core.package_identification:_identify(/home/yusuf/ros2_ws/build) ignored
[2.225s] Level 1:colcon.colcon_core.package_identification:_identify(/home/yusuf/ros2_ws/install) by extensions ['ignore', 'ignore_ament_install']
[2.226s] Level 1:colcon.colcon_core.package_identification:_identify(/home/yusuf/ros2_ws/install) by extension 'ignore'
[2.226s] Level 1:colcon.colcon_core.package_identification:_identify(/home/yusuf/ros2_ws/install) ignored
[2.226s] Level 1:colcon.colcon_core.package_identification:_identify(/home/yusuf/ros2_ws/log) by extensions ['ignore', 'ignore_ament_install']
[2.226s] Level 1:colcon.colcon_core.package_identification:_identify(/home/yusuf/ros2_ws/log) by extension 'ignore'
[2.227s] Level 1:colcon.colcon_core.package_identification:_identify(/home/yusuf/ros2_ws/log) ignored
[2.227s] Level 1:colcon.colcon_core.package_identification:_identify(/home/yusuf/ros2_ws/src) by extensions ['ignore', 'ignore_ament_install']
[2.227s] Level 1:colcon.colcon_core.package_identification:_identify(/home/yusuf/ros2_ws/src) by extension 'ignore'
[2.227s] Level 1:colcon.colcon_core.package_identification:_identify(/home/yusuf/ros2_ws/src) by extension 'ignore_ament_install'
[2.227s] Level 1:colcon.colcon_core.package_identification:_identify(/home/yusuf/ros2_ws/src) by extensions ['colcon_pkg']
[2.227s] Level 1:colcon.colcon_core.package_identification:_identify(/home/yusuf/ros2_ws/src) by extension 'colcon_pkg'
[2.227s] Level 1:colcon.colcon_core.package_identification:_identify(/home/yusuf/ros2_ws/src) by extensions ['colcon_meta']
[2.227s] Level 1:colcon.colcon_core.package_identification:_identify(/home/yusuf/ros2_ws/src) by extension 'colcon_meta'
[2.228s] Level 1:colcon.colcon_core.package_identification:_identify(/home/yusuf/ros2_ws/src) by extensions ['ros']
[2.228s] Level 1:colcon.colcon_core.package_identification:_identify(/home/yusuf/ros2_ws/src) by extension 'ros'
[2.228s] Level 1:colcon.colcon_core.package_identification:_identify(/home/yusuf/ros2_ws/src) by extensions ['cmake', 'python']
[2.228s] Level 1:colcon.colcon_core.package_identification:_identify(/home/yusuf/ros2_ws/src) by extension 'cmake'
[2.228s] Level 1:colcon.colcon_core.package_identification:_identify(/home/yusuf/ros2_ws/src) by extension 'python'
[2.228s] Level 1:colcon.colcon_core.package_identification:_identify(/home/yusuf/ros2_ws/src) by extensions ['python_setup_py']
[2.228s] Level 1:colcon.colcon_core.package_identification:_identify(/home/yusuf/ros2_ws/src) by extension 'python_setup_py'
[2.229s] Level 1:colcon.colcon_core.package_identification:_identify(/home/yusuf/ros2_ws/src/my_cpp_py_pkg) by extensions ['ignore', 'ignore_ament_install']
[2.229s] Level 1:colcon.colcon_core.package_identification:_identify(/home/yusuf/ros2_ws/src/my_cpp_py_pkg) by extension 'ignore'
[2.229s] Level 1:colcon.colcon_core.package_identification:_identify(/home/yusuf/ros2_ws/src/my_cpp_py_pkg) by extension 'ignore_ament_install'
[2.229s] Level 1:colcon.colcon_core.package_identification:_identify(/home/yusuf/ros2_ws/src/my_cpp_py_pkg) by extensions ['colcon_pkg']
[2.229s] Level 1:colcon.colcon_core.package_identification:_identify(/home/yusuf/ros2_ws/src/my_cpp_py_pkg) by extension 'colcon_pkg'
[2.229s] Level 1:colcon.colcon_core.package_identification:_identify(/home/yusuf/ros2_ws/src/my_cpp_py_pkg) by extensions ['colcon_meta']
[2.229s] Level 1:colcon.colcon_core.package_identification:_identify(/home/yusuf/ros2_ws/src/my_cpp_py_pkg) by extension 'colcon_meta'
[2.229s] Level 1:colcon.colcon_core.package_identification:_identify(/home/yusuf/ros2_ws/src/my_cpp_py_pkg) by extensions ['ros']
[2.230s] Level 1:colcon.colcon_core.package_identification:_identify(/home/yusuf/ros2_ws/src/my_cpp_py_pkg) by extension 'ros'
[2.235s] DEBUG:colcon.colcon_core.package_identification:Package '/home/yusuf/ros2_ws/src/my_cpp_py_pkg' with type 'ros.ament_cmake' and name 'my_cpp_py_pkg'
[2.235s] Level 1:colcon.colcon_core.package_identification:_identify(/home/yusuf/ros2_ws/src/robot_control) by extensions ['ignore', 'ignore_ament_install']
[2.235s] Level 1:colcon.colcon_core.package_identification:_identify(/home/yusuf/ros2_ws/src/robot_control) by extension 'ignore'
[2.235s] Level 1:colcon.colcon_core.package_identification:_identify(/home/yusuf/ros2_ws/src/robot_control) by extension 'ignore_ament_install'
[2.236s] Level 1:colcon.colcon_core.package_identification:_identify(/home/yusuf/ros2_ws/src/robot_control) by extensions ['colcon_pkg']
[2.236s] Level 1:colcon.colcon_core.package_identification:_identify(/home/yusuf/ros2_ws/src/robot_control) by extension 'colcon_pkg'
[2.236s] Level 1:colcon.colcon_core.package_identification:_identify(/home/yusuf/ros2_ws/src/robot_control) by extensions ['colcon_meta']
[2.236s] Level 1:colcon.colcon_core.package_identification:_identify(/home/yusuf/ros2_ws/src/robot_control) by extension 'colcon_meta'
[2.236s] Level 1:colcon.colcon_core.package_identification:_identify(/home/yusuf/ros2_ws/src/robot_control) by extensions ['ros']
[2.236s] Level 1:colcon.colcon_core.package_identification:_identify(/home/yusuf/ros2_ws/src/robot_control) by extension 'ros'
[2.237s] DEBUG:colcon.colcon_core.package_identification:Package '/home/yusuf/ros2_ws/src/robot_control' with type 'ros.ament_cmake' and name 'robot_control'
[2.237s] Level 1:colcon.colcon_core.package_identification:_identify(/home/yusuf/ros2_ws/src/robot_cpp) by extensions ['ignore', 'ignore_ament_install']
[2.238s] Level 1:colcon.colcon_core.package_identification:_identify(/home/yusuf/ros2_ws/src/robot_cpp) by extension 'ignore'
[2.238s] Level 1:colcon.colcon_core.package_identification:_identify(/home/yusuf/ros2_ws/src/robot_cpp) by extension 'ignore_ament_install'
[2.238s] Level 1:colcon.colcon_core.package_identification:_identify(/home/yusuf/ros2_ws/src/robot_cpp) by extensions ['colcon_pkg']
[2.238s] Level 1:colcon.colcon_core.package_identification:_identify(/home/yusuf/ros2_ws/src/robot_cpp) by extension 'colcon_pkg'
[2.238s] Level 1:colcon.colcon_core.package_identification:_identify(/home/yusuf/ros2_ws/src/robot_cpp) by extensions ['colcon_meta']
[2.238s] Level 1:colcon.colcon_core.package_identification:_identify(/home/yusuf/ros2_ws/src/robot_cpp) by extension 'colcon_meta'
[2.238s] Level 1:colcon.colcon_core.package_identification:_identify(/home/yusuf/ros2_ws/src/robot_cpp) by extensions ['ros']
[2.238s] Level 1:colcon.colcon_core.package_identification:_identify(/home/yusuf/ros2_ws/src/robot_cpp) by extension 'ros'
[2.239s] DEBUG:colcon.colcon_core.package_identification:Package '/home/yusuf/ros2_ws/src/robot_cpp' with type 'ros.ament_cmake' and name 'robot_cpp'
[2.240s] Level 1:colcon.colcon_core.package_identification:_identify(/home/yusuf/ros2_ws/src/robot_python) by extensions ['ignore', 'ignore_ament_install']
[2.240s] Level 1:colcon.colcon_core.package_identification:_identify(/home/yusuf/ros2_ws/src/robot_python) by extension 'ignore'
[2.240s] Level 1:colcon.colcon_core.package_identification:_identify(/home/yusuf/ros2_ws/src/robot_python) by extension 'ignore_ament_install'
[2.240s] Level 1:colcon.colcon_core.package_identification:_identify(/home/yusuf/ros2_ws/src/robot_python) by extensions ['colcon_pkg']
[2.240s] Level 1:colcon.colcon_core.package_identification:_identify(/home/yusuf/ros2_ws/src/robot_python) by extension 'colcon_pkg'
[2.240s] Level 1:colcon.colcon_core.package_identification:_identify(/home/yusuf/ros2_ws/src/robot_python) by extensions ['colcon_meta']
[2.241s] Level 1:colcon.colcon_core.package_identification:_identify(/home/yusuf/ros2_ws/src/robot_python) by extension 'colcon_meta'
[2.241s] Level 1:colcon.colcon_core.package_identification:_identify(/home/yusuf/ros2_ws/src/robot_python) by extensions ['ros']
[2.241s] Level 1:colcon.colcon_core.package_identification:_identify(/home/yusuf/ros2_ws/src/robot_python) by extension 'ros'
[2.243s] DEBUG:colcon.colcon_core.package_identification:Package '/home/yusuf/ros2_ws/src/robot_python' with type 'ros.ament_python' and name 'robot_python'
[2.243s] Level 1:colcon.colcon_core.package_identification:_identify(/home/yusuf/ros2_ws/src/robot_test) by extensions ['ignore', 'ignore_ament_install']
[2.244s] Level 1:colcon.colcon_core.package_identification:_identify(/home/yusuf/ros2_ws/src/robot_test) by extension 'ignore'
[2.244s] Level 1:colcon.colcon_core.package_identification:_identify(/home/yusuf/ros2_ws/src/robot_test) by extension 'ignore_ament_install'
[2.244s] Level 1:colcon.colcon_core.package_identification:_identify(/home/yusuf/ros2_ws/src/robot_test) by extensions ['colcon_pkg']
[2.244s] Level 1:colcon.colcon_core.package_identification:_identify(/home/yusuf/ros2_ws/src/robot_test) by extension 'colcon_pkg'
[2.244s] Level 1:colcon.colcon_core.package_identification:_identify(/home/yusuf/ros2_ws/src/robot_test) by extensions ['colcon_meta']
[2.244s] Level 1:colcon.colcon_core.package_identification:_identify(/home/yusuf/ros2_ws/src/robot_test) by extension 'colcon_meta'
[2.244s] Level 1:colcon.colcon_core.package_identification:_identify(/home/yusuf/ros2_ws/src/robot_test) by extensions ['ros']
[2.244s] Level 1:colcon.colcon_core.package_identification:_identify(/home/yusuf/ros2_ws/src/robot_test) by extension 'ros'
[2.245s] DEBUG:colcon.colcon_core.package_identification:Package '/home/yusuf/ros2_ws/src/robot_test' with type 'ros.ament_cmake' and name 'robot_test'
[2.245s] Level 1:colcon.colcon_core.package_identification:_identify(/home/yusuf/ros2_ws/src/turtlebot3_gazebo) by extensions ['ignore', 'ignore_ament_install']
[2.246s] Level 1:colcon.colcon_core.package_identification:_identify(/home/yusuf/ros2_ws/src/turtlebot3_gazebo) by extension 'ignore'
[2.246s] Level 1:colcon.colcon_core.package_identification:_identify(/home/yusuf/ros2_ws/src/turtlebot3_gazebo) by extension 'ignore_ament_install'
[2.246s] Level 1:colcon.colcon_core.package_identification:_identify(/home/yusuf/ros2_ws/src/turtlebot3_gazebo) by extensions ['colcon_pkg']
[2.246s] Level 1:colcon.colcon_core.package_identification:_identify(/home/yusuf/ros2_ws/src/turtlebot3_gazebo) by extension 'colcon_pkg'
[2.246s] Level 1:colcon.colcon_core.package_identification:_identify(/home/yusuf/ros2_ws/src/turtlebot3_gazebo) by extensions ['colcon_meta']
[2.246s] Level 1:colcon.colcon_core.package_identification:_identify(/home/yusuf/ros2_ws/src/turtlebot3_gazebo) by extension 'colcon_meta'
[2.246s] Level 1:colcon.colcon_core.package_identification:_identify(/home/yusuf/ros2_ws/src/turtlebot3_gazebo) by extensions ['ros']
[2.246s] Level 1:colcon.colcon_core.package_identification:_identify(/home/yusuf/ros2_ws/src/turtlebot3_gazebo) by extension 'ros'
[2.249s] DEBUG:colcon.colcon_core.package_identification:Package '/home/yusuf/ros2_ws/src/turtlebot3_gazebo' with type 'ros.ament_cmake' and name 'turtlebot3_gazebo'
[2.249s] Level 1:colcon.colcon_core.package_identification:_identify(/home/yusuf/ros2_ws/src/turtlebot3_simulations) by extensions ['ignore', 'ignore_ament_install']
[2.249s] Level 1:colcon.colcon_core.package_identification:_identify(/home/yusuf/ros2_ws/src/turtlebot3_simulations) by extension 'ignore'
[2.250s] Level 1:colcon.colcon_core.package_identification:_identify(/home/yusuf/ros2_ws/src/turtlebot3_simulations) by extension 'ignore_ament_install'
[2.250s] Level 1:colcon.colcon_core.package_identification:_identify(/home/yusuf/ros2_ws/src/turtlebot3_simulations) by extensions ['colcon_pkg']
[2.250s] Level 1:colcon.colcon_core.package_identification:_identify(/home/yusuf/ros2_ws/src/turtlebot3_simulations) by extension 'colcon_pkg'
[2.250s] Level 1:colcon.colcon_core.package_identification:_identify(/home/yusuf/ros2_ws/src/turtlebot3_simulations) by extensions ['colcon_meta']
[2.250s] Level 1:colcon.colcon_core.package_identification:_identify(/home/yusuf/ros2_ws/src/turtlebot3_simulations) by extension 'colcon_meta'
[2.250s] Level 1:colcon.colcon_core.package_identification:_identify(/home/yusuf/ros2_ws/src/turtlebot3_simulations) by extensions ['ros']
[2.250s] Level 1:colcon.colcon_core.package_identification:_identify(/home/yusuf/ros2_ws/src/turtlebot3_simulations) by extension 'ros'
[2.250s] Level 1:colcon.colcon_core.package_identification:_identify(/home/yusuf/ros2_ws/src/turtlebot3_simulations) by extensions ['cmake', 'python']
[2.251s] Level 1:colcon.colcon_core.package_identification:_identify(/home/yusuf/ros2_ws/src/turtlebot3_simulations) by extension 'cmake'
[2.251s] Level 1:colcon.colcon_core.package_identification:_identify(/home/yusuf/ros2_ws/src/turtlebot3_simulations) by extension 'python'
[2.251s] Level 1:colcon.colcon_core.package_identification:_identify(/home/yusuf/ros2_ws/src/turtlebot3_simulations) by extensions ['python_setup_py']
[2.251s] Level 1:colcon.colcon_core.package_identification:_identify(/home/yusuf/ros2_ws/src/turtlebot3_simulations) by extension 'python_setup_py'
[2.251s] Level 1:colcon.colcon_core.package_identification:_identify(/home/yusuf/ros2_ws/src/turtlebot3_simulations/turtlebot3_fake_node) by extensions ['ignore', 'ignore_ament_install']
[2.251s] Level 1:colcon.colcon_core.package_identification:_identify(/home/yusuf/ros2_ws/src/turtlebot3_simulations/turtlebot3_fake_node) by extension 'ignore'
[2.252s] Level 1:colcon.colcon_core.package_identification:_identify(/home/yusuf/ros2_ws/src/turtlebot3_simulations/turtlebot3_fake_node) by extension 'ignore_ament_install'
[2.252s] Level 1:colcon.colcon_core.package_identification:_identify(/home/yusuf/ros2_ws/src/turtlebot3_simulations/turtlebot3_fake_node) by extensions ['colcon_pkg']
[2.252s] Level 1:colcon.colcon_core.package_identification:_identify(/home/yusuf/ros2_ws/src/turtlebot3_simulations/turtlebot3_fake_node) by extension 'colcon_pkg'
[2.252s] Level 1:colcon.colcon_core.package_identification:_identify(/home/yusuf/ros2_ws/src/turtlebot3_simulations/turtlebot3_fake_node) by extensions ['colcon_meta']
[2.252s] Level 1:colcon.colcon_core.package_identification:_identify(/home/yusuf/ros2_ws/src/turtlebot3_simulations/turtlebot3_fake_node) by extension 'colcon_meta'
[2.252s] Level 1:colcon.colcon_core.package_identification:_identify(/home/yusuf/ros2_ws/src/turtlebot3_simulations/turtlebot3_fake_node) by extensions ['ros']
[2.252s] Level 1:colcon.colcon_core.package_identification:_identify(/home/yusuf/ros2_ws/src/turtlebot3_simulations/turtlebot3_fake_node) by extension 'ros'
[2.255s] DEBUG:colcon.colcon_core.package_identification:Package '/home/yusuf/ros2_ws/src/turtlebot3_simulations/turtlebot3_fake_node' with type 'ros.ament_cmake' and name 'turtlebot3_fake_node'
[2.255s] Level 1:colcon.colcon_core.package_identification:_identify(/home/yusuf/ros2_ws/src/turtlebot3_simulations/turtlebot3_gazebo) by extensions ['ignore', 'ignore_ament_install']
[2.255s] Level 1:colcon.colcon_core.package_identification:_identify(/home/yusuf/ros2_ws/src/turtlebot3_simulations/turtlebot3_gazebo) by extension 'ignore'
[2.255s] Level 1:colcon.colcon_core.package_identification:_identify(/home/yusuf/ros2_ws/src/turtlebot3_simulations/turtlebot3_gazebo) by extension 'ignore_ament_install'
[2.255s] Level 1:colcon.colcon_core.package_identification:_identify(/home/yusuf/ros2_ws/src/turtlebot3_simulations/turtlebot3_gazebo) by extensions ['colcon_pkg']
[2.255s] Level 1:colcon.colcon_core.package_identification:_identify(/home/yusuf/ros2_ws/src/turtlebot3_simulations/turtlebot3_gazebo) by extension 'colcon_pkg'
[2.256s] Level 1:colcon.colcon_core.package_identification:_identify(/home/yusuf/ros2_ws/src/turtlebot3_simulations/turtlebot3_gazebo) by extensions ['colcon_meta']
[2.256s] Level 1:colcon.colcon_core.package_identification:_identify(/home/yusuf/ros2_ws/src/turtlebot3_simulations/turtlebot3_gazebo) by extension 'colcon_meta'
[2.256s] Level 1:colcon.colcon_core.package_identification:_identify(/home/yusuf/ros2_ws/src/turtlebot3_simulations/turtlebot3_gazebo) by extensions ['ros']
[2.256s] Level 1:colcon.colcon_core.package_identification:_identify(/home/yusuf/ros2_ws/src/turtlebot3_simulations/turtlebot3_gazebo) by extension 'ros'
[2.258s] DEBUG:colcon.colcon_core.package_identification:Package '/home/yusuf/ros2_ws/src/turtlebot3_simulations/turtlebot3_gazebo' with type 'ros.ament_cmake' and name 'turtlebot3_gazebo'
[2.259s] Level 1:colcon.colcon_core.package_identification:_identify(/home/yusuf/ros2_ws/src/turtlebot3_simulations/turtlebot3_simulations) by extensions ['ignore', 'ignore_ament_install']
[2.259s] Level 1:colcon.colcon_core.package_identification:_identify(/home/yusuf/ros2_ws/src/turtlebot3_simulations/turtlebot3_simulations) by extension 'ignore'
[2.259s] Level 1:colcon.colcon_core.package_identification:_identify(/home/yusuf/ros2_ws/src/turtlebot3_simulations/turtlebot3_simulations) by extension 'ignore_ament_install'
[2.259s] Level 1:colcon.colcon_core.package_identification:_identify(/home/yusuf/ros2_ws/src/turtlebot3_simulations/turtlebot3_simulations) by extensions ['colcon_pkg']
[2.259s] Level 1:colcon.colcon_core.package_identification:_identify(/home/yusuf/ros2_ws/src/turtlebot3_simulations/turtlebot3_simulations) by extension 'colcon_pkg'
[2.259s] Level 1:colcon.colcon_core.package_identification:_identify(/home/yusuf/ros2_ws/src/turtlebot3_simulations/turtlebot3_simulations) by extensions ['colcon_meta']
[2.259s] Level 1:colcon.colcon_core.package_identification:_identify(/home/yusuf/ros2_ws/src/turtlebot3_simulations/turtlebot3_simulations) by extension 'colcon_meta'
[2.259s] Level 1:colcon.colcon_core.package_identification:_identify(/home/yusuf/ros2_ws/src/turtlebot3_simulations/turtlebot3_simulations) by extensions ['ros']
[2.259s] Level 1:colcon.colcon_core.package_identification:_identify(/home/yusuf/ros2_ws/src/turtlebot3_simulations/turtlebot3_simulations) by extension 'ros'
[2.260s] DEBUG:colcon.colcon_core.package_identification:Package '/home/yusuf/ros2_ws/src/turtlebot3_simulations/turtlebot3_simulations' with type 'ros.ament_cmake' and name 'turtlebot3_simulations'
[2.261s] Level 1:colcon.colcon_core.package_discovery:discover_packages(recursive) using defaults
