[0.921s] Invoking command in '/home/yusuf/ros2_ws/build/drive_tb3': CMAKE_PREFIX_PATH=${CMAKE_PREFIX_PATH}:/home/yusuf/ros2_ws/install/turtlebot3_teleop:/home/yusuf/ros2_ws/install/turtlebot3_example:/home/yusuf/ros2_ws/install/robot_python:/opt/ros/humble /usr/bin/cmake --build /home/yusuf/ros2_ws/build/drive_tb3 -- -j8 -l8
[1.350s] [  4%] [32mBuilding CXX object CMakeFiles/p2_multi_tb3_sqaure_drive.dir/src/p2_multi_tb3_sqaure_drive.cpp.o[0m
[1.350s] [ 13%] Built target p3_b_angular_velocity
[1.350s] [ 22%] Built target p3_a_acceleration
[1.351s] [ 31%] Built target p3_d_xy_goal
[1.351s] [ 40%] Built target p3_c_linear_goal
[1.351s] [ 50%] Built target p5_b_maze_solving
[1.351s] [ 59%] Built target p5_a_lidar_data_sub
[1.351s] [ 68%] Built target p5_c_camera_data_sub
[1.351s] [ 77%] Built target p5_d_line_following
[1.352s] [ 86%] Built target p6_a_occupancy_grid
[1.352s] [ 95%] Built target p6_b_sdf_spawner
[8.081s] [100%] [32m[1mLinking CXX executable p2_multi_tb3_sqaure_drive[0m
[8.326s] [100%] Built target p2_multi_tb3_sqaure_drive
[8.340s] Invoked command in '/home/yusuf/ros2_ws/build/drive_tb3' returned '0': CMAKE_PREFIX_PATH=${CMAKE_PREFIX_PATH}:/home/yusuf/ros2_ws/install/turtlebot3_teleop:/home/yusuf/ros2_ws/install/turtlebot3_example:/home/yusuf/ros2_ws/install/robot_python:/opt/ros/humble /usr/bin/cmake --build /home/yusuf/ros2_ws/build/drive_tb3 -- -j8 -l8
[8.415s] Invoking command in '/home/yusuf/ros2_ws/build/drive_tb3': CMAKE_PREFIX_PATH=${CMAKE_PREFIX_PATH}:/home/yusuf/ros2_ws/install/turtlebot3_teleop:/home/yusuf/ros2_ws/install/turtlebot3_example:/home/yusuf/ros2_ws/install/robot_python:/opt/ros/humble /usr/bin/cmake --install /home/yusuf/ros2_ws/build/drive_tb3
[8.424s] -- Install configuration: ""
[8.425s] -- Installing: /home/yusuf/ros2_ws/install/drive_tb3/lib/drive_tb3/p2_multi_tb3_sqaure_drive
[8.427s] -- Set runtime path of "/home/yusuf/ros2_ws/install/drive_tb3/lib/drive_tb3/p2_multi_tb3_sqaure_drive" to ""
[8.427s] -- Up-to-date: /home/yusuf/ros2_ws/install/drive_tb3/lib/drive_tb3/p3_a_acceleration
[8.428s] -- Up-to-date: /home/yusuf/ros2_ws/install/drive_tb3/lib/drive_tb3/p3_b_angular_velocity
[8.428s] -- Up-to-date: /home/yusuf/ros2_ws/install/drive_tb3/lib/drive_tb3/p3_c_linear_goal
[8.429s] -- Up-to-date: /home/yusuf/ros2_ws/install/drive_tb3/lib/drive_tb3/p3_d_xy_goal
[8.429s] -- Up-to-date: /home/yusuf/ros2_ws/install/drive_tb3/lib/drive_tb3/p5_a_lidar_data_sub
[8.430s] -- Up-to-date: /home/yusuf/ros2_ws/install/drive_tb3/lib/drive_tb3/p5_b_maze_solving
[8.431s] -- Up-to-date: /home/yusuf/ros2_ws/install/drive_tb3/lib/drive_tb3/p5_c_camera_data_sub
[8.431s] -- Up-to-date: /home/yusuf/ros2_ws/install/drive_tb3/lib/drive_tb3/p5_d_line_following
[8.432s] -- Up-to-date: /home/yusuf/ros2_ws/install/drive_tb3/lib/drive_tb3/p6_a_occupancy_grid
[8.432s] -- Up-to-date: /home/yusuf/ros2_ws/install/drive_tb3/lib/drive_tb3/p6_b_sdf_spawner
[8.433s] -- Up-to-date: /home/yusuf/ros2_ws/install/drive_tb3/lib/drive_tb3/p6_c_commander_api_go_to_pose.py
[8.433s] -- Up-to-date: /home/yusuf/ros2_ws/install/drive_tb3/share/drive_tb3//launch
[8.433s] -- Up-to-date: /home/yusuf/ros2_ws/install/drive_tb3/share/drive_tb3//launch/p5_a_maze_solve.launch.py
[8.434s] -- Up-to-date: /home/yusuf/ros2_ws/install/drive_tb3/share/drive_tb3//launch/p6_a_maze_mapping.launch.py
[8.434s] -- Up-to-date: /home/yusuf/ros2_ws/install/drive_tb3/share/drive_tb3//launch/test_a.launch.py
[8.434s] -- Up-to-date: /home/yusuf/ros2_ws/install/drive_tb3/share/drive_tb3//launch/p2_c_drive_sqaure_multi_tb3.launch.py
[8.434s] -- Up-to-date: /home/yusuf/ros2_ws/install/drive_tb3/share/drive_tb3//launch/p2_a_spawn_tb3.launch.py
[8.435s] -- Up-to-date: /home/yusuf/ros2_ws/install/drive_tb3/share/drive_tb3//launch/p6_b_maze_navigation.launch.py
[8.435s] -- Up-to-date: /home/yusuf/ros2_ws/install/drive_tb3/share/drive_tb3//launch/p2_b_multi_tb3.launch.py
[8.435s] -- Up-to-date: /home/yusuf/ros2_ws/install/drive_tb3/share/drive_tb3//launch/p3_a_maths.launch.py
[8.435s] -- Up-to-date: /home/yusuf/ros2_ws/install/drive_tb3/share/drive_tb3//launch/p5_b_line_following.launch.py
[8.436s] -- Up-to-date: /home/yusuf/ros2_ws/install/drive_tb3/share/drive_tb3//worlds
[8.436s] -- Up-to-date: /home/yusuf/ros2_ws/install/drive_tb3/share/drive_tb3//worlds/maze.world
[8.436s] -- Up-to-date: /home/yusuf/ros2_ws/install/drive_tb3/share/drive_tb3//worlds/line_following.world
[8.436s] -- Up-to-date: /home/yusuf/ros2_ws/install/drive_tb3/share/drive_tb3//models
[8.436s] -- Up-to-date: /home/yusuf/ros2_ws/install/drive_tb3/share/drive_tb3//models/maze
[8.436s] -- Up-to-date: /home/yusuf/ros2_ws/install/drive_tb3/share/drive_tb3//models/maze/model.sdf
[8.437s] -- Up-to-date: /home/yusuf/ros2_ws/install/drive_tb3/share/drive_tb3//models/maze/model.config
[8.437s] -- Up-to-date: /home/yusuf/ros2_ws/install/drive_tb3/share/drive_tb3//models/line_track
[8.437s] -- Up-to-date: /home/yusuf/ros2_ws/install/drive_tb3/share/drive_tb3//models/line_track/model.sdf
[8.437s] -- Up-to-date: /home/yusuf/ros2_ws/install/drive_tb3/share/drive_tb3//models/line_track/model.config
[8.437s] -- Up-to-date: /home/yusuf/ros2_ws/install/drive_tb3/share/drive_tb3//models/meshes
[8.437s] -- Up-to-date: /home/yusuf/ros2_ws/install/drive_tb3/share/drive_tb3//models/meshes/base.dae
[8.438s] -- Up-to-date: /home/yusuf/ros2_ws/install/drive_tb3/share/drive_tb3//models/meshes/line.dae
[8.438s] -- Up-to-date: /home/yusuf/ros2_ws/install/drive_tb3/share/drive_tb3//map
[8.438s] -- Up-to-date: /home/yusuf/ros2_ws/install/drive_tb3/share/drive_tb3//map/maze_map.pgm
[8.438s] -- Up-to-date: /home/yusuf/ros2_ws/install/drive_tb3/share/drive_tb3//map/maze_map.yaml
[8.438s] -- Up-to-date: /home/yusuf/ros2_ws/install/drive_tb3/share/drive_tb3//config
[8.438s] -- Up-to-date: /home/yusuf/ros2_ws/install/drive_tb3/share/drive_tb3//config/waffle_pi.yaml
[8.439s] -- Up-to-date: /home/yusuf/ros2_ws/install/drive_tb3/share/drive_tb3//config/nav2.rviz
[8.440s] -- Up-to-date: /home/yusuf/ros2_ws/install/drive_tb3/share/ament_index/resource_index/package_run_dependencies/drive_tb3
[8.440s] -- Up-to-date: /home/yusuf/ros2_ws/install/drive_tb3/share/ament_index/resource_index/parent_prefix_path/drive_tb3
[8.440s] -- Up-to-date: /home/yusuf/ros2_ws/install/drive_tb3/share/drive_tb3/environment/ament_prefix_path.sh
[8.441s] -- Up-to-date: /home/yusuf/ros2_ws/install/drive_tb3/share/drive_tb3/environment/ament_prefix_path.dsv
[8.441s] -- Up-to-date: /home/yusuf/ros2_ws/install/drive_tb3/share/drive_tb3/environment/path.sh
[8.441s] -- Up-to-date: /home/yusuf/ros2_ws/install/drive_tb3/share/drive_tb3/environment/path.dsv
[8.442s] -- Up-to-date: /home/yusuf/ros2_ws/install/drive_tb3/share/drive_tb3/local_setup.bash
[8.442s] -- Up-to-date: /home/yusuf/ros2_ws/install/drive_tb3/share/drive_tb3/local_setup.sh
[8.442s] -- Up-to-date: /home/yusuf/ros2_ws/install/drive_tb3/share/drive_tb3/local_setup.zsh
[8.442s] -- Up-to-date: /home/yusuf/ros2_ws/install/drive_tb3/share/drive_tb3/local_setup.dsv
[8.443s] -- Installing: /home/yusuf/ros2_ws/install/drive_tb3/share/drive_tb3/package.dsv
[8.443s] -- Up-to-date: /home/yusuf/ros2_ws/install/drive_tb3/share/ament_index/resource_index/packages/drive_tb3
[8.443s] -- Up-to-date: /home/yusuf/ros2_ws/install/drive_tb3/share/drive_tb3/cmake/drive_tb3Config.cmake
[8.444s] -- Up-to-date: /home/yusuf/ros2_ws/install/drive_tb3/share/drive_tb3/cmake/drive_tb3Config-version.cmake
[8.444s] -- Up-to-date: /home/yusuf/ros2_ws/install/drive_tb3/share/drive_tb3/package.xml
[8.445s] Invoked command in '/home/yusuf/ros2_ws/build/drive_tb3' returned '0': CMAKE_PREFIX_PATH=${CMAKE_PREFIX_PATH}:/home/yusuf/ros2_ws/install/turtlebot3_teleop:/home/yusuf/ros2_ws/install/turtlebot3_example:/home/yusuf/ros2_ws/install/robot_python:/opt/ros/humble /usr/bin/cmake --install /home/yusuf/ros2_ws/build/drive_tb3
