[3.657s] DEBUG:colcon:Command line arguments: ['/usr/bin/colcon', 'list', '-p', '--base-paths', '/home/yusuf/ros2_ws']
[3.657s] DEBUG:colcon:Parsed command line arguments: Namespace(log_base=None, log_level=None, verb_name='list', build_base='build', ignore_user_meta=False, metas=['./colcon.meta'], base_paths=['/home/yusuf/ros2_ws'], packages_ignore=None, packages_ignore_regex=None, paths=None, packages_up_to=None, packages_up_to_regex=None, packages_above=None, packages_above_and_dependencies=None, packages_above_depth=None, packages_select_by_dep=None, packages_skip_by_dep=None, packages_skip_up_to=None, packages_select_build_failed=False, packages_skip_build_finished=False, packages_select_test_failures=False, packages_skip_test_passed=False, packages_select=None, packages_skip=None, packages_select_regex=None, packages_skip_regex=None, packages_start=None, packages_end=None, allow_overriding=[], topological_order=False, names_only=False, paths_only=True, topological_graph=False, topological_graph_dot=False, topological_graph_density=False, topological_graph_legend=False, topological_graph_dot_cluster=False, topological_graph_dot_include_skipped=False, verb_parser=<colcon_defaults.argument_parser.defaults.DefaultArgumentsDecorator object at 0x7ff9d8db25f0>, verb_extension=<colcon_package_information.verb.list.ListVerb object at 0x7ff9d905f4c0>, main=<bound method ListVerb.main of <colcon_package_information.verb.list.ListVerb object at 0x7ff9d905f4c0>>)
[3.884s] Level 1:colcon.colcon_core.package_discovery:discover_packages(colcon_meta) check parameters
[3.884s] Level 1:colcon.colcon_core.package_discovery:discover_packages(recursive) check parameters
[3.885s] Level 1:colcon.colcon_core.package_discovery:discover_packages(ignore) check parameters
[3.885s] Level 1:colcon.colcon_core.package_discovery:discover_packages(path) check parameters
[3.886s] Level 1:colcon.colcon_core.package_discovery:discover_packages(recursive) discover
[3.887s] INFO:colcon.colcon_core.package_discovery:Crawling recursively for packages in '/home/yusuf/ros2_ws'
[3.887s] Level 1:colcon.colcon_core.package_identification:_identify(/home/yusuf/ros2_ws) by extensions ['ignore', 'ignore_ament_install']
[3.888s] Level 1:colcon.colcon_core.package_identification:_identify(/home/yusuf/ros2_ws) by extension 'ignore'
[3.889s] Level 1:colcon.colcon_core.package_identification:_identify(/home/yusuf/ros2_ws) by extension 'ignore_ament_install'
[3.889s] Level 1:colcon.colcon_core.package_identification:_identify(/home/yusuf/ros2_ws) by extensions ['colcon_pkg']
[3.890s] Level 1:colcon.colcon_core.package_identification:_identify(/home/yusuf/ros2_ws) by extension 'colcon_pkg'
[3.890s] Level 1:colcon.colcon_core.package_identification:_identify(/home/yusuf/ros2_ws) by extensions ['colcon_meta']
[3.891s] Level 1:colcon.colcon_core.package_identification:_identify(/home/yusuf/ros2_ws) by extension 'colcon_meta'
[3.891s] Level 1:colcon.colcon_core.package_identification:_identify(/home/yusuf/ros2_ws) by extensions ['ros']
[3.892s] Level 1:colcon.colcon_core.package_identification:_identify(/home/yusuf/ros2_ws) by extension 'ros'
[3.947s] Level 1:colcon.colcon_core.package_identification:_identify(/home/yusuf/ros2_ws) by extensions ['cmake', 'python']
[3.947s] Level 1:colcon.colcon_core.package_identification:_identify(/home/yusuf/ros2_ws) by extension 'cmake'
[3.948s] Level 1:colcon.colcon_core.package_identification:_identify(/home/yusuf/ros2_ws) by extension 'python'
[3.949s] Level 1:colcon.colcon_core.package_identification:_identify(/home/yusuf/ros2_ws) by extensions ['python_setup_py']
[3.949s] Level 1:colcon.colcon_core.package_identification:_identify(/home/yusuf/ros2_ws) by extension 'python_setup_py'
[3.950s] Level 1:colcon.colcon_core.package_identification:_identify(/home/yusuf/ros2_ws/build) by extensions ['ignore', 'ignore_ament_install']
[3.951s] Level 1:colcon.colcon_core.package_identification:_identify(/home/yusuf/ros2_ws/build) by extension 'ignore'
[3.952s] Level 1:colcon.colcon_core.package_identification:_identify(/home/yusuf/ros2_ws/build) ignored
[3.953s] Level 1:colcon.colcon_core.package_identification:_identify(/home/yusuf/ros2_ws/install) by extensions ['ignore', 'ignore_ament_install']
[3.953s] Level 1:colcon.colcon_core.package_identification:_identify(/home/yusuf/ros2_ws/install) by extension 'ignore'
[3.954s] Level 1:colcon.colcon_core.package_identification:_identify(/home/yusuf/ros2_ws/install) ignored
[3.955s] Level 1:colcon.colcon_core.package_identification:_identify(/home/yusuf/ros2_ws/log) by extensions ['ignore', 'ignore_ament_install']
[3.956s] Level 1:colcon.colcon_core.package_identification:_identify(/home/yusuf/ros2_ws/log) by extension 'ignore'
[3.956s] Level 1:colcon.colcon_core.package_identification:_identify(/home/yusuf/ros2_ws/log) ignored
[3.957s] Level 1:colcon.colcon_core.package_identification:_identify(/home/yusuf/ros2_ws/src) by extensions ['ignore', 'ignore_ament_install']
[3.958s] Level 1:colcon.colcon_core.package_identification:_identify(/home/yusuf/ros2_ws/src) by extension 'ignore'
[3.959s] Level 1:colcon.colcon_core.package_identification:_identify(/home/yusuf/ros2_ws/src) by extension 'ignore_ament_install'
[3.960s] Level 1:colcon.colcon_core.package_identification:_identify(/home/yusuf/ros2_ws/src) by extensions ['colcon_pkg']
[3.960s] Level 1:colcon.colcon_core.package_identification:_identify(/home/yusuf/ros2_ws/src) by extension 'colcon_pkg'
[3.961s] Level 1:colcon.colcon_core.package_identification:_identify(/home/yusuf/ros2_ws/src) by extensions ['colcon_meta']
[3.961s] Level 1:colcon.colcon_core.package_identification:_identify(/home/yusuf/ros2_ws/src) by extension 'colcon_meta'
[3.962s] Level 1:colcon.colcon_core.package_identification:_identify(/home/yusuf/ros2_ws/src) by extensions ['ros']
[3.963s] Level 1:colcon.colcon_core.package_identification:_identify(/home/yusuf/ros2_ws/src) by extension 'ros'
[3.964s] Level 1:colcon.colcon_core.package_identification:_identify(/home/yusuf/ros2_ws/src) by extensions ['cmake', 'python']
[3.965s] Level 1:colcon.colcon_core.package_identification:_identify(/home/yusuf/ros2_ws/src) by extension 'cmake'
[3.965s] Level 1:colcon.colcon_core.package_identification:_identify(/home/yusuf/ros2_ws/src) by extension 'python'
[3.966s] Level 1:colcon.colcon_core.package_identification:_identify(/home/yusuf/ros2_ws/src) by extensions ['python_setup_py']
[3.966s] Level 1:colcon.colcon_core.package_identification:_identify(/home/yusuf/ros2_ws/src) by extension 'python_setup_py'
[3.967s] Level 1:colcon.colcon_core.package_identification:_identify(/home/yusuf/ros2_ws/src/mobile_robotics_ROS2) by extensions ['ignore', 'ignore_ament_install']
[3.968s] Level 1:colcon.colcon_core.package_identification:_identify(/home/yusuf/ros2_ws/src/mobile_robotics_ROS2) by extension 'ignore'
[3.969s] Level 1:colcon.colcon_core.package_identification:_identify(/home/yusuf/ros2_ws/src/mobile_robotics_ROS2) by extension 'ignore_ament_install'
[3.969s] Level 1:colcon.colcon_core.package_identification:_identify(/home/yusuf/ros2_ws/src/mobile_robotics_ROS2) by extensions ['colcon_pkg']
[3.970s] Level 1:colcon.colcon_core.package_identification:_identify(/home/yusuf/ros2_ws/src/mobile_robotics_ROS2) by extension 'colcon_pkg'
[3.971s] Level 1:colcon.colcon_core.package_identification:_identify(/home/yusuf/ros2_ws/src/mobile_robotics_ROS2) by extensions ['colcon_meta']
[3.971s] Level 1:colcon.colcon_core.package_identification:_identify(/home/yusuf/ros2_ws/src/mobile_robotics_ROS2) by extension 'colcon_meta'
[3.972s] Level 1:colcon.colcon_core.package_identification:_identify(/home/yusuf/ros2_ws/src/mobile_robotics_ROS2) by extensions ['ros']
[3.972s] Level 1:colcon.colcon_core.package_identification:_identify(/home/yusuf/ros2_ws/src/mobile_robotics_ROS2) by extension 'ros'
[3.973s] Level 1:colcon.colcon_core.package_identification:_identify(/home/yusuf/ros2_ws/src/mobile_robotics_ROS2) by extensions ['cmake', 'python']
[3.974s] Level 1:colcon.colcon_core.package_identification:_identify(/home/yusuf/ros2_ws/src/mobile_robotics_ROS2) by extension 'cmake'
[3.974s] Level 1:colcon.colcon_core.package_identification:_identify(/home/yusuf/ros2_ws/src/mobile_robotics_ROS2) by extension 'python'
[3.975s] Level 1:colcon.colcon_core.package_identification:_identify(/home/yusuf/ros2_ws/src/mobile_robotics_ROS2) by extensions ['python_setup_py']
[3.976s] Level 1:colcon.colcon_core.package_identification:_identify(/home/yusuf/ros2_ws/src/mobile_robotics_ROS2) by extension 'python_setup_py'
[3.977s] Level 1:colcon.colcon_core.package_identification:_identify(/home/yusuf/ros2_ws/src/mobile_robotics_ROS2/drive_tb3) by extensions ['ignore', 'ignore_ament_install']
[3.978s] Level 1:colcon.colcon_core.package_identification:_identify(/home/yusuf/ros2_ws/src/mobile_robotics_ROS2/drive_tb3) by extension 'ignore'
[3.978s] Level 1:colcon.colcon_core.package_identification:_identify(/home/yusuf/ros2_ws/src/mobile_robotics_ROS2/drive_tb3) by extension 'ignore_ament_install'
[3.979s] Level 1:colcon.colcon_core.package_identification:_identify(/home/yusuf/ros2_ws/src/mobile_robotics_ROS2/drive_tb3) by extensions ['colcon_pkg']
[3.980s] Level 1:colcon.colcon_core.package_identification:_identify(/home/yusuf/ros2_ws/src/mobile_robotics_ROS2/drive_tb3) by extension 'colcon_pkg'
[3.980s] Level 1:colcon.colcon_core.package_identification:_identify(/home/yusuf/ros2_ws/src/mobile_robotics_ROS2/drive_tb3) by extensions ['colcon_meta']
[3.981s] Level 1:colcon.colcon_core.package_identification:_identify(/home/yusuf/ros2_ws/src/mobile_robotics_ROS2/drive_tb3) by extension 'colcon_meta'
[3.982s] Level 1:colcon.colcon_core.package_identification:_identify(/home/yusuf/ros2_ws/src/mobile_robotics_ROS2/drive_tb3) by extensions ['ros']
[3.982s] Level 1:colcon.colcon_core.package_identification:_identify(/home/yusuf/ros2_ws/src/mobile_robotics_ROS2/drive_tb3) by extension 'ros'
[3.994s] DEBUG:colcon.colcon_core.package_identification:Package '/home/yusuf/ros2_ws/src/mobile_robotics_ROS2/drive_tb3' with type 'ros.ament_cmake' and name 'drive_tb3'
[3.996s] Level 1:colcon.colcon_core.package_identification:_identify(/home/yusuf/ros2_ws/src/mobile_robotics_ROS2/drive_turtle) by extensions ['ignore', 'ignore_ament_install']
[3.997s] Level 1:colcon.colcon_core.package_identification:_identify(/home/yusuf/ros2_ws/src/mobile_robotics_ROS2/drive_turtle) by extension 'ignore'
[3.998s] Level 1:colcon.colcon_core.package_identification:_identify(/home/yusuf/ros2_ws/src/mobile_robotics_ROS2/drive_turtle) by extension 'ignore_ament_install'
[3.998s] Level 1:colcon.colcon_core.package_identification:_identify(/home/yusuf/ros2_ws/src/mobile_robotics_ROS2/drive_turtle) by extensions ['colcon_pkg']
[3.999s] Level 1:colcon.colcon_core.package_identification:_identify(/home/yusuf/ros2_ws/src/mobile_robotics_ROS2/drive_turtle) by extension 'colcon_pkg'
[3.999s] Level 1:colcon.colcon_core.package_identification:_identify(/home/yusuf/ros2_ws/src/mobile_robotics_ROS2/drive_turtle) by extensions ['colcon_meta']
[4.000s] Level 1:colcon.colcon_core.package_identification:_identify(/home/yusuf/ros2_ws/src/mobile_robotics_ROS2/drive_turtle) by extension 'colcon_meta'
[4.001s] Level 1:colcon.colcon_core.package_identification:_identify(/home/yusuf/ros2_ws/src/mobile_robotics_ROS2/drive_turtle) by extensions ['ros']
[4.001s] Level 1:colcon.colcon_core.package_identification:_identify(/home/yusuf/ros2_ws/src/mobile_robotics_ROS2/drive_turtle) by extension 'ros'
[4.004s] DEBUG:colcon.colcon_core.package_identification:Package '/home/yusuf/ros2_ws/src/mobile_robotics_ROS2/drive_turtle' with type 'ros.ament_cmake' and name 'drive_turtle'
[4.005s] Level 1:colcon.colcon_core.package_identification:_identify(/home/yusuf/ros2_ws/src/mobile_robotics_ROS2/microROS_bot) by extensions ['ignore', 'ignore_ament_install']
[4.006s] Level 1:colcon.colcon_core.package_identification:_identify(/home/yusuf/ros2_ws/src/mobile_robotics_ROS2/microROS_bot) by extension 'ignore'
[4.006s] Level 1:colcon.colcon_core.package_identification:_identify(/home/yusuf/ros2_ws/src/mobile_robotics_ROS2/microROS_bot) by extension 'ignore_ament_install'
[4.007s] Level 1:colcon.colcon_core.package_identification:_identify(/home/yusuf/ros2_ws/src/mobile_robotics_ROS2/microROS_bot) by extensions ['colcon_pkg']
[4.008s] Level 1:colcon.colcon_core.package_identification:_identify(/home/yusuf/ros2_ws/src/mobile_robotics_ROS2/microROS_bot) by extension 'colcon_pkg'
[4.009s] Level 1:colcon.colcon_core.package_identification:_identify(/home/yusuf/ros2_ws/src/mobile_robotics_ROS2/microROS_bot) by extensions ['colcon_meta']
[4.009s] Level 1:colcon.colcon_core.package_identification:_identify(/home/yusuf/ros2_ws/src/mobile_robotics_ROS2/microROS_bot) by extension 'colcon_meta'
[4.010s] Level 1:colcon.colcon_core.package_identification:_identify(/home/yusuf/ros2_ws/src/mobile_robotics_ROS2/microROS_bot) by extensions ['ros']
[4.011s] Level 1:colcon.colcon_core.package_identification:_identify(/home/yusuf/ros2_ws/src/mobile_robotics_ROS2/microROS_bot) by extension 'ros'
[4.012s] Level 1:colcon.colcon_core.package_identification:_identify(/home/yusuf/ros2_ws/src/mobile_robotics_ROS2/microROS_bot) by extensions ['cmake', 'python']
[4.012s] Level 1:colcon.colcon_core.package_identification:_identify(/home/yusuf/ros2_ws/src/mobile_robotics_ROS2/microROS_bot) by extension 'cmake'
[4.013s] Level 1:colcon.colcon_core.package_identification:_identify(/home/yusuf/ros2_ws/src/mobile_robotics_ROS2/microROS_bot) by extension 'python'
[4.014s] Level 1:colcon.colcon_core.package_identification:_identify(/home/yusuf/ros2_ws/src/mobile_robotics_ROS2/microROS_bot) by extensions ['python_setup_py']
[4.014s] Level 1:colcon.colcon_core.package_identification:_identify(/home/yusuf/ros2_ws/src/mobile_robotics_ROS2/microROS_bot) by extension 'python_setup_py'
[4.015s] Level 1:colcon.colcon_core.package_identification:_identify(/home/yusuf/ros2_ws/src/mobile_robotics_ROS2/microROS_bot/include) by extensions ['ignore', 'ignore_ament_install']
[4.016s] Level 1:colcon.colcon_core.package_identification:_identify(/home/yusuf/ros2_ws/src/mobile_robotics_ROS2/microROS_bot/include) by extension 'ignore'
[4.017s] Level 1:colcon.colcon_core.package_identification:_identify(/home/yusuf/ros2_ws/src/mobile_robotics_ROS2/microROS_bot/include) by extension 'ignore_ament_install'
[4.018s] Level 1:colcon.colcon_core.package_identification:_identify(/home/yusuf/ros2_ws/src/mobile_robotics_ROS2/microROS_bot/include) by extensions ['colcon_pkg']
[4.019s] Level 1:colcon.colcon_core.package_identification:_identify(/home/yusuf/ros2_ws/src/mobile_robotics_ROS2/microROS_bot/include) by extension 'colcon_pkg'
[4.020s] Level 1:colcon.colcon_core.package_identification:_identify(/home/yusuf/ros2_ws/src/mobile_robotics_ROS2/microROS_bot/include) by extensions ['colcon_meta']
[4.020s] Level 1:colcon.colcon_core.package_identification:_identify(/home/yusuf/ros2_ws/src/mobile_robotics_ROS2/microROS_bot/include) by extension 'colcon_meta'
[4.021s] Level 1:colcon.colcon_core.package_identification:_identify(/home/yusuf/ros2_ws/src/mobile_robotics_ROS2/microROS_bot/include) by extensions ['ros']
[4.022s] Level 1:colcon.colcon_core.package_identification:_identify(/home/yusuf/ros2_ws/src/mobile_robotics_ROS2/microROS_bot/include) by extension 'ros'
[4.023s] Level 1:colcon.colcon_core.package_identification:_identify(/home/yusuf/ros2_ws/src/mobile_robotics_ROS2/microROS_bot/include) by extensions ['cmake', 'python']
[4.023s] Level 1:colcon.colcon_core.package_identification:_identify(/home/yusuf/ros2_ws/src/mobile_robotics_ROS2/microROS_bot/include) by extension 'cmake'
[4.024s] Level 1:colcon.colcon_core.package_identification:_identify(/home/yusuf/ros2_ws/src/mobile_robotics_ROS2/microROS_bot/include) by extension 'python'
[4.024s] Level 1:colcon.colcon_core.package_identification:_identify(/home/yusuf/ros2_ws/src/mobile_robotics_ROS2/microROS_bot/include) by extensions ['python_setup_py']
[4.025s] Level 1:colcon.colcon_core.package_identification:_identify(/home/yusuf/ros2_ws/src/mobile_robotics_ROS2/microROS_bot/include) by extension 'python_setup_py'
[4.026s] Level 1:colcon.colcon_core.package_identification:_identify(/home/yusuf/ros2_ws/src/mobile_robotics_ROS2/microROS_bot/lib) by extensions ['ignore', 'ignore_ament_install']
[4.027s] Level 1:colcon.colcon_core.package_identification:_identify(/home/yusuf/ros2_ws/src/mobile_robotics_ROS2/microROS_bot/lib) by extension 'ignore'
[4.028s] Level 1:colcon.colcon_core.package_identification:_identify(/home/yusuf/ros2_ws/src/mobile_robotics_ROS2/microROS_bot/lib) by extension 'ignore_ament_install'
[4.029s] Level 1:colcon.colcon_core.package_identification:_identify(/home/yusuf/ros2_ws/src/mobile_robotics_ROS2/microROS_bot/lib) by extensions ['colcon_pkg']
[4.029s] Level 1:colcon.colcon_core.package_identification:_identify(/home/yusuf/ros2_ws/src/mobile_robotics_ROS2/microROS_bot/lib) by extension 'colcon_pkg'
[4.030s] Level 1:colcon.colcon_core.package_identification:_identify(/home/yusuf/ros2_ws/src/mobile_robotics_ROS2/microROS_bot/lib) by extensions ['colcon_meta']
[4.031s] Level 1:colcon.colcon_core.package_identification:_identify(/home/yusuf/ros2_ws/src/mobile_robotics_ROS2/microROS_bot/lib) by extension 'colcon_meta'
[4.032s] Level 1:colcon.colcon_core.package_identification:_identify(/home/yusuf/ros2_ws/src/mobile_robotics_ROS2/microROS_bot/lib) by extensions ['ros']
[4.032s] Level 1:colcon.colcon_core.package_identification:_identify(/home/yusuf/ros2_ws/src/mobile_robotics_ROS2/microROS_bot/lib) by extension 'ros'
[4.033s] Level 1:colcon.colcon_core.package_identification:_identify(/home/yusuf/ros2_ws/src/mobile_robotics_ROS2/microROS_bot/lib) by extensions ['cmake', 'python']
[4.034s] Level 1:colcon.colcon_core.package_identification:_identify(/home/yusuf/ros2_ws/src/mobile_robotics_ROS2/microROS_bot/lib) by extension 'cmake'
[4.034s] Level 1:colcon.colcon_core.package_identification:_identify(/home/yusuf/ros2_ws/src/mobile_robotics_ROS2/microROS_bot/lib) by extension 'python'
[4.035s] Level 1:colcon.colcon_core.package_identification:_identify(/home/yusuf/ros2_ws/src/mobile_robotics_ROS2/microROS_bot/lib) by extensions ['python_setup_py']
[4.035s] Level 1:colcon.colcon_core.package_identification:_identify(/home/yusuf/ros2_ws/src/mobile_robotics_ROS2/microROS_bot/lib) by extension 'python_setup_py'
[4.037s] Level 1:colcon.colcon_core.package_identification:_identify(/home/yusuf/ros2_ws/src/mobile_robotics_ROS2/microROS_bot/lib/motor_control) by extensions ['ignore', 'ignore_ament_install']
[4.038s] Level 1:colcon.colcon_core.package_identification:_identify(/home/yusuf/ros2_ws/src/mobile_robotics_ROS2/microROS_bot/lib/motor_control) by extension 'ignore'
[4.038s] Level 1:colcon.colcon_core.package_identification:_identify(/home/yusuf/ros2_ws/src/mobile_robotics_ROS2/microROS_bot/lib/motor_control) by extension 'ignore_ament_install'
[4.039s] Level 1:colcon.colcon_core.package_identification:_identify(/home/yusuf/ros2_ws/src/mobile_robotics_ROS2/microROS_bot/lib/motor_control) by extensions ['colcon_pkg']
[4.039s] Level 1:colcon.colcon_core.package_identification:_identify(/home/yusuf/ros2_ws/src/mobile_robotics_ROS2/microROS_bot/lib/motor_control) by extension 'colcon_pkg'
[4.040s] Level 1:colcon.colcon_core.package_identification:_identify(/home/yusuf/ros2_ws/src/mobile_robotics_ROS2/microROS_bot/lib/motor_control) by extensions ['colcon_meta']
[4.041s] Level 1:colcon.colcon_core.package_identification:_identify(/home/yusuf/ros2_ws/src/mobile_robotics_ROS2/microROS_bot/lib/motor_control) by extension 'colcon_meta'
[4.041s] Level 1:colcon.colcon_core.package_identification:_identify(/home/yusuf/ros2_ws/src/mobile_robotics_ROS2/microROS_bot/lib/motor_control) by extensions ['ros']
[4.042s] Level 1:colcon.colcon_core.package_identification:_identify(/home/yusuf/ros2_ws/src/mobile_robotics_ROS2/microROS_bot/lib/motor_control) by extension 'ros'
[4.043s] Level 1:colcon.colcon_core.package_identification:_identify(/home/yusuf/ros2_ws/src/mobile_robotics_ROS2/microROS_bot/lib/motor_control) by extensions ['cmake', 'python']
[4.044s] Level 1:colcon.colcon_core.package_identification:_identify(/home/yusuf/ros2_ws/src/mobile_robotics_ROS2/microROS_bot/lib/motor_control) by extension 'cmake'
[4.045s] Level 1:colcon.colcon_core.package_identification:_identify(/home/yusuf/ros2_ws/src/mobile_robotics_ROS2/microROS_bot/lib/motor_control) by extension 'python'
[4.046s] Level 1:colcon.colcon_core.package_identification:_identify(/home/yusuf/ros2_ws/src/mobile_robotics_ROS2/microROS_bot/lib/motor_control) by extensions ['python_setup_py']
[4.047s] Level 1:colcon.colcon_core.package_identification:_identify(/home/yusuf/ros2_ws/src/mobile_robotics_ROS2/microROS_bot/lib/motor_control) by extension 'python_setup_py'
[4.048s] Level 1:colcon.colcon_core.package_identification:_identify(/home/yusuf/ros2_ws/src/mobile_robotics_ROS2/microROS_bot/lib/oled_display) by extensions ['ignore', 'ignore_ament_install']
[4.049s] Level 1:colcon.colcon_core.package_identification:_identify(/home/yusuf/ros2_ws/src/mobile_robotics_ROS2/microROS_bot/lib/oled_display) by extension 'ignore'
[4.050s] Level 1:colcon.colcon_core.package_identification:_identify(/home/yusuf/ros2_ws/src/mobile_robotics_ROS2/microROS_bot/lib/oled_display) by extension 'ignore_ament_install'
[4.050s] Level 1:colcon.colcon_core.package_identification:_identify(/home/yusuf/ros2_ws/src/mobile_robotics_ROS2/microROS_bot/lib/oled_display) by extensions ['colcon_pkg']
[4.051s] Level 1:colcon.colcon_core.package_identification:_identify(/home/yusuf/ros2_ws/src/mobile_robotics_ROS2/microROS_bot/lib/oled_display) by extension 'colcon_pkg'
[4.052s] Level 1:colcon.colcon_core.package_identification:_identify(/home/yusuf/ros2_ws/src/mobile_robotics_ROS2/microROS_bot/lib/oled_display) by extensions ['colcon_meta']
[4.053s] Level 1:colcon.colcon_core.package_identification:_identify(/home/yusuf/ros2_ws/src/mobile_robotics_ROS2/microROS_bot/lib/oled_display) by extension 'colcon_meta'
[4.053s] Level 1:colcon.colcon_core.package_identification:_identify(/home/yusuf/ros2_ws/src/mobile_robotics_ROS2/microROS_bot/lib/oled_display) by extensions ['ros']
[4.054s] Level 1:colcon.colcon_core.package_identification:_identify(/home/yusuf/ros2_ws/src/mobile_robotics_ROS2/microROS_bot/lib/oled_display) by extension 'ros'
[4.054s] Level 1:colcon.colcon_core.package_identification:_identify(/home/yusuf/ros2_ws/src/mobile_robotics_ROS2/microROS_bot/lib/oled_display) by extensions ['cmake', 'python']
[4.054s] Level 1:colcon.colcon_core.package_identification:_identify(/home/yusuf/ros2_ws/src/mobile_robotics_ROS2/microROS_bot/lib/oled_display) by extension 'cmake'
[4.055s] Level 1:colcon.colcon_core.package_identification:_identify(/home/yusuf/ros2_ws/src/mobile_robotics_ROS2/microROS_bot/lib/oled_display) by extension 'python'
[4.055s] Level 1:colcon.colcon_core.package_identification:_identify(/home/yusuf/ros2_ws/src/mobile_robotics_ROS2/microROS_bot/lib/oled_display) by extensions ['python_setup_py']
[4.055s] Level 1:colcon.colcon_core.package_identification:_identify(/home/yusuf/ros2_ws/src/mobile_robotics_ROS2/microROS_bot/lib/oled_display) by extension 'python_setup_py'
[4.056s] Level 1:colcon.colcon_core.package_identification:_identify(/home/yusuf/ros2_ws/src/mobile_robotics_ROS2/microROS_bot/lib/ros_communication) by extensions ['ignore', 'ignore_ament_install']
[4.057s] Level 1:colcon.colcon_core.package_identification:_identify(/home/yusuf/ros2_ws/src/mobile_robotics_ROS2/microROS_bot/lib/ros_communication) by extension 'ignore'
[4.057s] Level 1:colcon.colcon_core.package_identification:_identify(/home/yusuf/ros2_ws/src/mobile_robotics_ROS2/microROS_bot/lib/ros_communication) by extension 'ignore_ament_install'
[4.058s] Level 1:colcon.colcon_core.package_identification:_identify(/home/yusuf/ros2_ws/src/mobile_robotics_ROS2/microROS_bot/lib/ros_communication) by extensions ['colcon_pkg']
[4.059s] Level 1:colcon.colcon_core.package_identification:_identify(/home/yusuf/ros2_ws/src/mobile_robotics_ROS2/microROS_bot/lib/ros_communication) by extension 'colcon_pkg'
[4.060s] Level 1:colcon.colcon_core.package_identification:_identify(/home/yusuf/ros2_ws/src/mobile_robotics_ROS2/microROS_bot/lib/ros_communication) by extensions ['colcon_meta']
[4.061s] Level 1:colcon.colcon_core.package_identification:_identify(/home/yusuf/ros2_ws/src/mobile_robotics_ROS2/microROS_bot/lib/ros_communication) by extension 'colcon_meta'
[4.062s] Level 1:colcon.colcon_core.package_identification:_identify(/home/yusuf/ros2_ws/src/mobile_robotics_ROS2/microROS_bot/lib/ros_communication) by extensions ['ros']
[4.062s] Level 1:colcon.colcon_core.package_identification:_identify(/home/yusuf/ros2_ws/src/mobile_robotics_ROS2/microROS_bot/lib/ros_communication) by extension 'ros'
[4.064s] Level 1:colcon.colcon_core.package_identification:_identify(/home/yusuf/ros2_ws/src/mobile_robotics_ROS2/microROS_bot/lib/ros_communication) by extensions ['cmake', 'python']
[4.064s] Level 1:colcon.colcon_core.package_identification:_identify(/home/yusuf/ros2_ws/src/mobile_robotics_ROS2/microROS_bot/lib/ros_communication) by extension 'cmake'
[4.065s] Level 1:colcon.colcon_core.package_identification:_identify(/home/yusuf/ros2_ws/src/mobile_robotics_ROS2/microROS_bot/lib/ros_communication) by extension 'python'
[4.066s] Level 1:colcon.colcon_core.package_identification:_identify(/home/yusuf/ros2_ws/src/mobile_robotics_ROS2/microROS_bot/lib/ros_communication) by extensions ['python_setup_py']
[4.066s] Level 1:colcon.colcon_core.package_identification:_identify(/home/yusuf/ros2_ws/src/mobile_robotics_ROS2/microROS_bot/lib/ros_communication) by extension 'python_setup_py'
[4.067s] Level 1:colcon.colcon_core.package_identification:_identify(/home/yusuf/ros2_ws/src/mobile_robotics_ROS2/microROS_bot/src) by extensions ['ignore', 'ignore_ament_install']
[4.068s] Level 1:colcon.colcon_core.package_identification:_identify(/home/yusuf/ros2_ws/src/mobile_robotics_ROS2/microROS_bot/src) by extension 'ignore'
[4.069s] Level 1:colcon.colcon_core.package_identification:_identify(/home/yusuf/ros2_ws/src/mobile_robotics_ROS2/microROS_bot/src) by extension 'ignore_ament_install'
[4.070s] Level 1:colcon.colcon_core.package_identification:_identify(/home/yusuf/ros2_ws/src/mobile_robotics_ROS2/microROS_bot/src) by extensions ['colcon_pkg']
[4.070s] Level 1:colcon.colcon_core.package_identification:_identify(/home/yusuf/ros2_ws/src/mobile_robotics_ROS2/microROS_bot/src) by extension 'colcon_pkg'
[4.071s] Level 1:colcon.colcon_core.package_identification:_identify(/home/yusuf/ros2_ws/src/mobile_robotics_ROS2/microROS_bot/src) by extensions ['colcon_meta']
[4.072s] Level 1:colcon.colcon_core.package_identification:_identify(/home/yusuf/ros2_ws/src/mobile_robotics_ROS2/microROS_bot/src) by extension 'colcon_meta'
[4.072s] Level 1:colcon.colcon_core.package_identification:_identify(/home/yusuf/ros2_ws/src/mobile_robotics_ROS2/microROS_bot/src) by extensions ['ros']
[4.073s] Level 1:colcon.colcon_core.package_identification:_identify(/home/yusuf/ros2_ws/src/mobile_robotics_ROS2/microROS_bot/src) by extension 'ros'
[4.074s] Level 1:colcon.colcon_core.package_identification:_identify(/home/yusuf/ros2_ws/src/mobile_robotics_ROS2/microROS_bot/src) by extensions ['cmake', 'python']
[4.074s] Level 1:colcon.colcon_core.package_identification:_identify(/home/yusuf/ros2_ws/src/mobile_robotics_ROS2/microROS_bot/src) by extension 'cmake'
[4.075s] Level 1:colcon.colcon_core.package_identification:_identify(/home/yusuf/ros2_ws/src/mobile_robotics_ROS2/microROS_bot/src) by extension 'python'
[4.076s] Level 1:colcon.colcon_core.package_identification:_identify(/home/yusuf/ros2_ws/src/mobile_robotics_ROS2/microROS_bot/src) by extensions ['python_setup_py']
[4.076s] Level 1:colcon.colcon_core.package_identification:_identify(/home/yusuf/ros2_ws/src/mobile_robotics_ROS2/microROS_bot/src) by extension 'python_setup_py'
[4.077s] Level 1:colcon.colcon_core.package_identification:_identify(/home/yusuf/ros2_ws/src/mobile_robotics_ROS2/microROS_bot/test) by extensions ['ignore', 'ignore_ament_install']
[4.078s] Level 1:colcon.colcon_core.package_identification:_identify(/home/yusuf/ros2_ws/src/mobile_robotics_ROS2/microROS_bot/test) by extension 'ignore'
[4.079s] Level 1:colcon.colcon_core.package_identification:_identify(/home/yusuf/ros2_ws/src/mobile_robotics_ROS2/microROS_bot/test) by extension 'ignore_ament_install'
[4.080s] Level 1:colcon.colcon_core.package_identification:_identify(/home/yusuf/ros2_ws/src/mobile_robotics_ROS2/microROS_bot/test) by extensions ['colcon_pkg']
[4.081s] Level 1:colcon.colcon_core.package_identification:_identify(/home/yusuf/ros2_ws/src/mobile_robotics_ROS2/microROS_bot/test) by extension 'colcon_pkg'
[4.082s] Level 1:colcon.colcon_core.package_identification:_identify(/home/yusuf/ros2_ws/src/mobile_robotics_ROS2/microROS_bot/test) by extensions ['colcon_meta']
[4.082s] Level 1:colcon.colcon_core.package_identification:_identify(/home/yusuf/ros2_ws/src/mobile_robotics_ROS2/microROS_bot/test) by extension 'colcon_meta'
[4.083s] Level 1:colcon.colcon_core.package_identification:_identify(/home/yusuf/ros2_ws/src/mobile_robotics_ROS2/microROS_bot/test) by extensions ['ros']
[4.084s] Level 1:colcon.colcon_core.package_identification:_identify(/home/yusuf/ros2_ws/src/mobile_robotics_ROS2/microROS_bot/test) by extension 'ros'
[4.085s] Level 1:colcon.colcon_core.package_identification:_identify(/home/yusuf/ros2_ws/src/mobile_robotics_ROS2/microROS_bot/test) by extensions ['cmake', 'python']
[4.086s] Level 1:colcon.colcon_core.package_identification:_identify(/home/yusuf/ros2_ws/src/mobile_robotics_ROS2/microROS_bot/test) by extension 'cmake'
[4.086s] Level 1:colcon.colcon_core.package_identification:_identify(/home/yusuf/ros2_ws/src/mobile_robotics_ROS2/microROS_bot/test) by extension 'python'
[4.087s] Level 1:colcon.colcon_core.package_identification:_identify(/home/yusuf/ros2_ws/src/mobile_robotics_ROS2/microROS_bot/test) by extensions ['python_setup_py']
[4.088s] Level 1:colcon.colcon_core.package_identification:_identify(/home/yusuf/ros2_ws/src/mobile_robotics_ROS2/microROS_bot/test) by extension 'python_setup_py'
[4.089s] Level 1:colcon.colcon_core.package_identification:_identify(/home/yusuf/ros2_ws/src/mobile_robotics_ROS2/point_cloud_processing) by extensions ['ignore', 'ignore_ament_install']
[4.090s] Level 1:colcon.colcon_core.package_identification:_identify(/home/yusuf/ros2_ws/src/mobile_robotics_ROS2/point_cloud_processing) by extension 'ignore'
[4.090s] Level 1:colcon.colcon_core.package_identification:_identify(/home/yusuf/ros2_ws/src/mobile_robotics_ROS2/point_cloud_processing) by extension 'ignore_ament_install'
[4.091s] Level 1:colcon.colcon_core.package_identification:_identify(/home/yusuf/ros2_ws/src/mobile_robotics_ROS2/point_cloud_processing) by extensions ['colcon_pkg']
[4.092s] Level 1:colcon.colcon_core.package_identification:_identify(/home/yusuf/ros2_ws/src/mobile_robotics_ROS2/point_cloud_processing) by extension 'colcon_pkg'
[4.093s] Level 1:colcon.colcon_core.package_identification:_identify(/home/yusuf/ros2_ws/src/mobile_robotics_ROS2/point_cloud_processing) by extensions ['colcon_meta']
[4.094s] Level 1:colcon.colcon_core.package_identification:_identify(/home/yusuf/ros2_ws/src/mobile_robotics_ROS2/point_cloud_processing) by extension 'colcon_meta'
[4.094s] Level 1:colcon.colcon_core.package_identification:_identify(/home/yusuf/ros2_ws/src/mobile_robotics_ROS2/point_cloud_processing) by extensions ['ros']
[4.095s] Level 1:colcon.colcon_core.package_identification:_identify(/home/yusuf/ros2_ws/src/mobile_robotics_ROS2/point_cloud_processing) by extension 'ros'
[4.098s] DEBUG:colcon.colcon_core.package_identification:Package '/home/yusuf/ros2_ws/src/mobile_robotics_ROS2/point_cloud_processing' with type 'ros.ament_cmake' and name 'point_cloud_processing'
[4.099s] Level 1:colcon.colcon_core.package_identification:_identify(/home/yusuf/ros2_ws/src/mobile_robotics_ROS2/turtlebot3_simulations) by extensions ['ignore', 'ignore_ament_install']
[4.100s] Level 1:colcon.colcon_core.package_identification:_identify(/home/yusuf/ros2_ws/src/mobile_robotics_ROS2/turtlebot3_simulations) by extension 'ignore'
[4.100s] Level 1:colcon.colcon_core.package_identification:_identify(/home/yusuf/ros2_ws/src/mobile_robotics_ROS2/turtlebot3_simulations) by extension 'ignore_ament_install'
[4.101s] Level 1:colcon.colcon_core.package_identification:_identify(/home/yusuf/ros2_ws/src/mobile_robotics_ROS2/turtlebot3_simulations) by extensions ['colcon_pkg']
[4.102s] Level 1:colcon.colcon_core.package_identification:_identify(/home/yusuf/ros2_ws/src/mobile_robotics_ROS2/turtlebot3_simulations) by extension 'colcon_pkg'
[4.102s] Level 1:colcon.colcon_core.package_identification:_identify(/home/yusuf/ros2_ws/src/mobile_robotics_ROS2/turtlebot3_simulations) by extensions ['colcon_meta']
[4.103s] Level 1:colcon.colcon_core.package_identification:_identify(/home/yusuf/ros2_ws/src/mobile_robotics_ROS2/turtlebot3_simulations) by extension 'colcon_meta'
[4.104s] Level 1:colcon.colcon_core.package_identification:_identify(/home/yusuf/ros2_ws/src/mobile_robotics_ROS2/turtlebot3_simulations) by extensions ['ros']
[4.104s] Level 1:colcon.colcon_core.package_identification:_identify(/home/yusuf/ros2_ws/src/mobile_robotics_ROS2/turtlebot3_simulations) by extension 'ros'
[4.105s] Level 1:colcon.colcon_core.package_identification:_identify(/home/yusuf/ros2_ws/src/mobile_robotics_ROS2/turtlebot3_simulations) by extensions ['cmake', 'python']
[4.106s] Level 1:colcon.colcon_core.package_identification:_identify(/home/yusuf/ros2_ws/src/mobile_robotics_ROS2/turtlebot3_simulations) by extension 'cmake'
[4.107s] Level 1:colcon.colcon_core.package_identification:_identify(/home/yusuf/ros2_ws/src/mobile_robotics_ROS2/turtlebot3_simulations) by extension 'python'
[4.108s] Level 1:colcon.colcon_core.package_identification:_identify(/home/yusuf/ros2_ws/src/mobile_robotics_ROS2/turtlebot3_simulations) by extensions ['python_setup_py']
[4.108s] Level 1:colcon.colcon_core.package_identification:_identify(/home/yusuf/ros2_ws/src/mobile_robotics_ROS2/turtlebot3_simulations) by extension 'python_setup_py'
[4.110s] Level 1:colcon.colcon_core.package_identification:_identify(/home/yusuf/ros2_ws/src/my_cpp_py_pkg) by extensions ['ignore', 'ignore_ament_install']
[4.111s] Level 1:colcon.colcon_core.package_identification:_identify(/home/yusuf/ros2_ws/src/my_cpp_py_pkg) by extension 'ignore'
[4.112s] Level 1:colcon.colcon_core.package_identification:_identify(/home/yusuf/ros2_ws/src/my_cpp_py_pkg) by extension 'ignore_ament_install'
[4.113s] Level 1:colcon.colcon_core.package_identification:_identify(/home/yusuf/ros2_ws/src/my_cpp_py_pkg) by extensions ['colcon_pkg']
[4.114s] Level 1:colcon.colcon_core.package_identification:_identify(/home/yusuf/ros2_ws/src/my_cpp_py_pkg) by extension 'colcon_pkg'
[4.115s] Level 1:colcon.colcon_core.package_identification:_identify(/home/yusuf/ros2_ws/src/my_cpp_py_pkg) by extensions ['colcon_meta']
[4.115s] Level 1:colcon.colcon_core.package_identification:_identify(/home/yusuf/ros2_ws/src/my_cpp_py_pkg) by extension 'colcon_meta'
[4.116s] Level 1:colcon.colcon_core.package_identification:_identify(/home/yusuf/ros2_ws/src/my_cpp_py_pkg) by extensions ['ros']
[4.117s] Level 1:colcon.colcon_core.package_identification:_identify(/home/yusuf/ros2_ws/src/my_cpp_py_pkg) by extension 'ros'
[4.120s] DEBUG:colcon.colcon_core.package_identification:Package '/home/yusuf/ros2_ws/src/my_cpp_py_pkg' with type 'ros.ament_cmake' and name 'my_cpp_py_pkg'
[4.121s] Level 1:colcon.colcon_core.package_identification:_identify(/home/yusuf/ros2_ws/src/navigation_tb3) by extensions ['ignore', 'ignore_ament_install']
[4.121s] Level 1:colcon.colcon_core.package_identification:_identify(/home/yusuf/ros2_ws/src/navigation_tb3) by extension 'ignore'
[4.122s] Level 1:colcon.colcon_core.package_identification:_identify(/home/yusuf/ros2_ws/src/navigation_tb3) by extension 'ignore_ament_install'
[4.123s] Level 1:colcon.colcon_core.package_identification:_identify(/home/yusuf/ros2_ws/src/navigation_tb3) by extensions ['colcon_pkg']
[4.124s] Level 1:colcon.colcon_core.package_identification:_identify(/home/yusuf/ros2_ws/src/navigation_tb3) by extension 'colcon_pkg'
[4.125s] Level 1:colcon.colcon_core.package_identification:_identify(/home/yusuf/ros2_ws/src/navigation_tb3) by extensions ['colcon_meta']
[4.125s] Level 1:colcon.colcon_core.package_identification:_identify(/home/yusuf/ros2_ws/src/navigation_tb3) by extension 'colcon_meta'
[4.126s] Level 1:colcon.colcon_core.package_identification:_identify(/home/yusuf/ros2_ws/src/navigation_tb3) by extensions ['ros']
[4.127s] Level 1:colcon.colcon_core.package_identification:_identify(/home/yusuf/ros2_ws/src/navigation_tb3) by extension 'ros'
[4.132s] DEBUG:colcon.colcon_core.package_identification:Package '/home/yusuf/ros2_ws/src/navigation_tb3' with type 'ros.ament_cmake' and name 'navigation_tb3'
[4.133s] Level 1:colcon.colcon_core.package_identification:_identify(/home/yusuf/ros2_ws/src/robot_control) by extensions ['ignore', 'ignore_ament_install']
[4.134s] Level 1:colcon.colcon_core.package_identification:_identify(/home/yusuf/ros2_ws/src/robot_control) by extension 'ignore'
[4.134s] Level 1:colcon.colcon_core.package_identification:_identify(/home/yusuf/ros2_ws/src/robot_control) by extension 'ignore_ament_install'
[4.135s] Level 1:colcon.colcon_core.package_identification:_identify(/home/yusuf/ros2_ws/src/robot_control) by extensions ['colcon_pkg']
[4.135s] Level 1:colcon.colcon_core.package_identification:_identify(/home/yusuf/ros2_ws/src/robot_control) by extension 'colcon_pkg'
[4.135s] Level 1:colcon.colcon_core.package_identification:_identify(/home/yusuf/ros2_ws/src/robot_control) by extensions ['colcon_meta']
[4.135s] Level 1:colcon.colcon_core.package_identification:_identify(/home/yusuf/ros2_ws/src/robot_control) by extension 'colcon_meta'
[4.136s] Level 1:colcon.colcon_core.package_identification:_identify(/home/yusuf/ros2_ws/src/robot_control) by extensions ['ros']
[4.136s] Level 1:colcon.colcon_core.package_identification:_identify(/home/yusuf/ros2_ws/src/robot_control) by extension 'ros'
[4.138s] DEBUG:colcon.colcon_core.package_identification:Package '/home/yusuf/ros2_ws/src/robot_control' with type 'ros.ament_cmake' and name 'robot_control'
[4.138s] Level 1:colcon.colcon_core.package_identification:_identify(/home/yusuf/ros2_ws/src/robot_cpp) by extensions ['ignore', 'ignore_ament_install']
[4.139s] Level 1:colcon.colcon_core.package_identification:_identify(/home/yusuf/ros2_ws/src/robot_cpp) by extension 'ignore'
[4.139s] Level 1:colcon.colcon_core.package_identification:_identify(/home/yusuf/ros2_ws/src/robot_cpp) by extension 'ignore_ament_install'
[4.140s] Level 1:colcon.colcon_core.package_identification:_identify(/home/yusuf/ros2_ws/src/robot_cpp) by extensions ['colcon_pkg']
[4.140s] Level 1:colcon.colcon_core.package_identification:_identify(/home/yusuf/ros2_ws/src/robot_cpp) by extension 'colcon_pkg'
[4.140s] Level 1:colcon.colcon_core.package_identification:_identify(/home/yusuf/ros2_ws/src/robot_cpp) by extensions ['colcon_meta']
[4.140s] Level 1:colcon.colcon_core.package_identification:_identify(/home/yusuf/ros2_ws/src/robot_cpp) by extension 'colcon_meta'
[4.141s] Level 1:colcon.colcon_core.package_identification:_identify(/home/yusuf/ros2_ws/src/robot_cpp) by extensions ['ros']
[4.141s] Level 1:colcon.colcon_core.package_identification:_identify(/home/yusuf/ros2_ws/src/robot_cpp) by extension 'ros'
[4.144s] DEBUG:colcon.colcon_core.package_identification:Package '/home/yusuf/ros2_ws/src/robot_cpp' with type 'ros.ament_cmake' and name 'robot_cpp'
[4.145s] Level 1:colcon.colcon_core.package_identification:_identify(/home/yusuf/ros2_ws/src/robot_python) by extensions ['ignore', 'ignore_ament_install']
[4.146s] Level 1:colcon.colcon_core.package_identification:_identify(/home/yusuf/ros2_ws/src/robot_python) by extension 'ignore'
[4.147s] Level 1:colcon.colcon_core.package_identification:_identify(/home/yusuf/ros2_ws/src/robot_python) by extension 'ignore_ament_install'
[4.148s] Level 1:colcon.colcon_core.package_identification:_identify(/home/yusuf/ros2_ws/src/robot_python) by extensions ['colcon_pkg']
[4.148s] Level 1:colcon.colcon_core.package_identification:_identify(/home/yusuf/ros2_ws/src/robot_python) by extension 'colcon_pkg'
[4.149s] Level 1:colcon.colcon_core.package_identification:_identify(/home/yusuf/ros2_ws/src/robot_python) by extensions ['colcon_meta']
[4.149s] Level 1:colcon.colcon_core.package_identification:_identify(/home/yusuf/ros2_ws/src/robot_python) by extension 'colcon_meta'
[4.150s] Level 1:colcon.colcon_core.package_identification:_identify(/home/yusuf/ros2_ws/src/robot_python) by extensions ['ros']
[4.151s] Level 1:colcon.colcon_core.package_identification:_identify(/home/yusuf/ros2_ws/src/robot_python) by extension 'ros'
[4.155s] DEBUG:colcon.colcon_core.package_identification:Package '/home/yusuf/ros2_ws/src/robot_python' with type 'ros.ament_python' and name 'robot_python'
[4.156s] Level 1:colcon.colcon_core.package_identification:_identify(/home/yusuf/ros2_ws/src/robot_test) by extensions ['ignore', 'ignore_ament_install']
[4.157s] Level 1:colcon.colcon_core.package_identification:_identify(/home/yusuf/ros2_ws/src/robot_test) by extension 'ignore'
[4.157s] Level 1:colcon.colcon_core.package_identification:_identify(/home/yusuf/ros2_ws/src/robot_test) by extension 'ignore_ament_install'
[4.158s] Level 1:colcon.colcon_core.package_identification:_identify(/home/yusuf/ros2_ws/src/robot_test) by extensions ['colcon_pkg']
[4.158s] Level 1:colcon.colcon_core.package_identification:_identify(/home/yusuf/ros2_ws/src/robot_test) by extension 'colcon_pkg'
[4.158s] Level 1:colcon.colcon_core.package_identification:_identify(/home/yusuf/ros2_ws/src/robot_test) by extensions ['colcon_meta']
[4.158s] Level 1:colcon.colcon_core.package_identification:_identify(/home/yusuf/ros2_ws/src/robot_test) by extension 'colcon_meta'
[4.159s] Level 1:colcon.colcon_core.package_identification:_identify(/home/yusuf/ros2_ws/src/robot_test) by extensions ['ros']
[4.159s] Level 1:colcon.colcon_core.package_identification:_identify(/home/yusuf/ros2_ws/src/robot_test) by extension 'ros'
[4.161s] DEBUG:colcon.colcon_core.package_identification:Package '/home/yusuf/ros2_ws/src/robot_test' with type 'ros.ament_cmake' and name 'robot_test'
[4.161s] Level 1:colcon.colcon_core.package_identification:_identify(/home/yusuf/ros2_ws/src/turtlebot3_simulations) by extensions ['ignore', 'ignore_ament_install']
[4.162s] Level 1:colcon.colcon_core.package_identification:_identify(/home/yusuf/ros2_ws/src/turtlebot3_simulations) by extension 'ignore'
[4.162s] Level 1:colcon.colcon_core.package_identification:_identify(/home/yusuf/ros2_ws/src/turtlebot3_simulations) by extension 'ignore_ament_install'
[4.163s] Level 1:colcon.colcon_core.package_identification:_identify(/home/yusuf/ros2_ws/src/turtlebot3_simulations) by extensions ['colcon_pkg']
[4.163s] Level 1:colcon.colcon_core.package_identification:_identify(/home/yusuf/ros2_ws/src/turtlebot3_simulations) by extension 'colcon_pkg'
[4.163s] Level 1:colcon.colcon_core.package_identification:_identify(/home/yusuf/ros2_ws/src/turtlebot3_simulations) by extensions ['colcon_meta']
[4.163s] Level 1:colcon.colcon_core.package_identification:_identify(/home/yusuf/ros2_ws/src/turtlebot3_simulations) by extension 'colcon_meta'
[4.164s] Level 1:colcon.colcon_core.package_identification:_identify(/home/yusuf/ros2_ws/src/turtlebot3_simulations) by extensions ['ros']
[4.164s] Level 1:colcon.colcon_core.package_identification:_identify(/home/yusuf/ros2_ws/src/turtlebot3_simulations) by extension 'ros'
[4.164s] Level 1:colcon.colcon_core.package_identification:_identify(/home/yusuf/ros2_ws/src/turtlebot3_simulations) by extensions ['cmake', 'python']
[4.165s] Level 1:colcon.colcon_core.package_identification:_identify(/home/yusuf/ros2_ws/src/turtlebot3_simulations) by extension 'cmake'
[4.165s] Level 1:colcon.colcon_core.package_identification:_identify(/home/yusuf/ros2_ws/src/turtlebot3_simulations) by extension 'python'
[4.165s] Level 1:colcon.colcon_core.package_identification:_identify(/home/yusuf/ros2_ws/src/turtlebot3_simulations) by extensions ['python_setup_py']
[4.165s] Level 1:colcon.colcon_core.package_identification:_identify(/home/yusuf/ros2_ws/src/turtlebot3_simulations) by extension 'python_setup_py'
[4.166s] Level 1:colcon.colcon_core.package_identification:_identify(/home/yusuf/ros2_ws/src/turtlebot3_simulations/turtlebot3_fake_node) by extensions ['ignore', 'ignore_ament_install']
[4.166s] Level 1:colcon.colcon_core.package_identification:_identify(/home/yusuf/ros2_ws/src/turtlebot3_simulations/turtlebot3_fake_node) by extension 'ignore'
[4.167s] Level 1:colcon.colcon_core.package_identification:_identify(/home/yusuf/ros2_ws/src/turtlebot3_simulations/turtlebot3_fake_node) by extension 'ignore_ament_install'
[4.167s] Level 1:colcon.colcon_core.package_identification:_identify(/home/yusuf/ros2_ws/src/turtlebot3_simulations/turtlebot3_fake_node) by extensions ['colcon_pkg']
[4.167s] Level 1:colcon.colcon_core.package_identification:_identify(/home/yusuf/ros2_ws/src/turtlebot3_simulations/turtlebot3_fake_node) by extension 'colcon_pkg'
[4.167s] Level 1:colcon.colcon_core.package_identification:_identify(/home/yusuf/ros2_ws/src/turtlebot3_simulations/turtlebot3_fake_node) by extensions ['colcon_meta']
[4.168s] Level 1:colcon.colcon_core.package_identification:_identify(/home/yusuf/ros2_ws/src/turtlebot3_simulations/turtlebot3_fake_node) by extension 'colcon_meta'
[4.168s] Level 1:colcon.colcon_core.package_identification:_identify(/home/yusuf/ros2_ws/src/turtlebot3_simulations/turtlebot3_fake_node) by extensions ['ros']
[4.168s] Level 1:colcon.colcon_core.package_identification:_identify(/home/yusuf/ros2_ws/src/turtlebot3_simulations/turtlebot3_fake_node) by extension 'ros'
[4.173s] DEBUG:colcon.colcon_core.package_identification:Package '/home/yusuf/ros2_ws/src/turtlebot3_simulations/turtlebot3_fake_node' with type 'ros.ament_cmake' and name 'turtlebot3_fake_node'
[4.174s] Level 1:colcon.colcon_core.package_identification:_identify(/home/yusuf/ros2_ws/src/turtlebot3_simulations/turtlebot3_gazebo) by extensions ['ignore', 'ignore_ament_install']
[4.175s] Level 1:colcon.colcon_core.package_identification:_identify(/home/yusuf/ros2_ws/src/turtlebot3_simulations/turtlebot3_gazebo) by extension 'ignore'
[4.175s] Level 1:colcon.colcon_core.package_identification:_identify(/home/yusuf/ros2_ws/src/turtlebot3_simulations/turtlebot3_gazebo) by extension 'ignore_ament_install'
[4.175s] Level 1:colcon.colcon_core.package_identification:_identify(/home/yusuf/ros2_ws/src/turtlebot3_simulations/turtlebot3_gazebo) by extensions ['colcon_pkg']
[4.175s] Level 1:colcon.colcon_core.package_identification:_identify(/home/yusuf/ros2_ws/src/turtlebot3_simulations/turtlebot3_gazebo) by extension 'colcon_pkg'
[4.176s] Level 1:colcon.colcon_core.package_identification:_identify(/home/yusuf/ros2_ws/src/turtlebot3_simulations/turtlebot3_gazebo) by extensions ['colcon_meta']
[4.176s] Level 1:colcon.colcon_core.package_identification:_identify(/home/yusuf/ros2_ws/src/turtlebot3_simulations/turtlebot3_gazebo) by extension 'colcon_meta'
[4.176s] Level 1:colcon.colcon_core.package_identification:_identify(/home/yusuf/ros2_ws/src/turtlebot3_simulations/turtlebot3_gazebo) by extensions ['ros']
[4.176s] Level 1:colcon.colcon_core.package_identification:_identify(/home/yusuf/ros2_ws/src/turtlebot3_simulations/turtlebot3_gazebo) by extension 'ros'
[4.182s] DEBUG:colcon.colcon_core.package_identification:Package '/home/yusuf/ros2_ws/src/turtlebot3_simulations/turtlebot3_gazebo' with type 'ros.ament_cmake' and name 'turtlebot3_gazebo'
[4.183s] Level 1:colcon.colcon_core.package_identification:_identify(/home/yusuf/ros2_ws/src/turtlebot3_simulations/turtlebot3_simulations) by extensions ['ignore', 'ignore_ament_install']
[4.184s] Level 1:colcon.colcon_core.package_identification:_identify(/home/yusuf/ros2_ws/src/turtlebot3_simulations/turtlebot3_simulations) by extension 'ignore'
[4.184s] Level 1:colcon.colcon_core.package_identification:_identify(/home/yusuf/ros2_ws/src/turtlebot3_simulations/turtlebot3_simulations) by extension 'ignore_ament_install'
[4.184s] Level 1:colcon.colcon_core.package_identification:_identify(/home/yusuf/ros2_ws/src/turtlebot3_simulations/turtlebot3_simulations) by extensions ['colcon_pkg']
[4.184s] Level 1:colcon.colcon_core.package_identification:_identify(/home/yusuf/ros2_ws/src/turtlebot3_simulations/turtlebot3_simulations) by extension 'colcon_pkg'
[4.185s] Level 1:colcon.colcon_core.package_identification:_identify(/home/yusuf/ros2_ws/src/turtlebot3_simulations/turtlebot3_simulations) by extensions ['colcon_meta']
[4.185s] Level 1:colcon.colcon_core.package_identification:_identify(/home/yusuf/ros2_ws/src/turtlebot3_simulations/turtlebot3_simulations) by extension 'colcon_meta'
[4.185s] Level 1:colcon.colcon_core.package_identification:_identify(/home/yusuf/ros2_ws/src/turtlebot3_simulations/turtlebot3_simulations) by extensions ['ros']
[4.185s] Level 1:colcon.colcon_core.package_identification:_identify(/home/yusuf/ros2_ws/src/turtlebot3_simulations/turtlebot3_simulations) by extension 'ros'
[4.188s] DEBUG:colcon.colcon_core.package_identification:Package '/home/yusuf/ros2_ws/src/turtlebot3_simulations/turtlebot3_simulations' with type 'ros.ament_cmake' and name 'turtlebot3_simulations'
[4.188s] Level 1:colcon.colcon_core.package_discovery:discover_packages(recursive) using defaults
