[0.000000] (-) TimerEvent: {}
[0.000279] (-) JobUnselected: {'identifier': 'drive_tb3'}
[0.000342] (-) JobUnselected: {'identifier': 'drive_turtle'}
[0.000391] (-) JobUnselected: {'identifier': 'my_cpp_py_pkg'}
[0.000419] (-) JobUnselected: {'identifier': 'navigation_tb3'}
[0.000444] (-) JobUnselected: {'identifier': 'point_cloud_processing'}
[0.000484] (-) JobUnselected: {'identifier': 'robot_control'}
[0.000527] (-) JobUnselected: {'identifier': 'robot_cpp'}
[0.000553] (-) JobUnselected: {'identifier': 'robot_test'}
[0.000576] (-) JobUnselected: {'identifier': 'turtlebot3'}
[0.000613] (-) JobUnselected: {'identifier': 'turtlebot3_bringup'}
[0.000658] (-) JobUnselected: {'identifier': 'turtlebot3_cartographer'}
[0.000683] (-) JobUnselected: {'identifier': 'turtlebot3_description'}
[0.000707] (-) JobUnselected: {'identifier': 'turtlebot3_example'}
[0.000767] (-) JobUnselected: {'identifier': 'turtlebot3_fake_node'}
[0.000791] (-) JobUnselected: {'identifier': 'turtlebot3_gazebo'}
[0.000815] (-) JobUnselected: {'identifier': 'turtlebot3_navigation2'}
[0.000839] (-) JobUnselected: {'identifier': 'turtlebot3_node'}
[0.000876] (-) JobUnselected: {'identifier': 'turtlebot3_simulations'}
[0.000917] (-) JobUnselected: {'identifier': 'turtlebot3_teleop'}
[0.001297] (-) EventReactorShutdown: {}
