[0.016s] Invoking command in '/home/yusuf/ros2_ws/build/robot_sensing': CMAKE_PREFIX_PATH=/opt/ros/humble /usr/bin/cmake --build /home/yusuf/ros2_ws/build/robot_sensing -- -j8 -l8
[0.070s] [35m[1mConsolidate compiler generated dependencies of target maze_lidar[0m
[0.087s] [ 50%] Built target odom_kinematic
[0.096s] [100%] Built target maze_lidar
[0.110s] Invoked command in '/home/yusuf/ros2_ws/build/robot_sensing' returned '0': CMAKE_PREFIX_PATH=/opt/ros/humble /usr/bin/cmake --build /home/yusuf/ros2_ws/build/robot_sensing -- -j8 -l8
[0.163s] Invoking command in '/home/yusuf/ros2_ws/build/robot_sensing': CMAKE_PREFIX_PATH=/opt/ros/humble /usr/bin/cmake --install /home/yusuf/ros2_ws/build/robot_sensing
[0.174s] -- Install configuration: ""
[0.174s] -- Up-to-date: /home/yusuf/ros2_ws/install/robot_sensing/lib/robot_sensing/maze_lidar
[0.175s] -- Up-to-date: /home/yusuf/ros2_ws/install/robot_sensing/lib/robot_sensing/odom_kinematic
[0.176s] -- Up-to-date: /home/yusuf/ros2_ws/install/robot_sensing/share/robot_sensing/launch
[0.176s] -- Up-to-date: /home/yusuf/ros2_ws/install/robot_sensing/share/robot_sensing/launch/maze_world.launch.py
[0.176s] -- Up-to-date: /home/yusuf/ros2_ws/install/robot_sensing/share/robot_sensing/world
[0.176s] -- Up-to-date: /home/yusuf/ros2_ws/install/robot_sensing/share/robot_sensing/world/maze.world
[0.177s] -- Up-to-date: /home/yusuf/ros2_ws/install/robot_sensing/share/ament_index/resource_index/package_run_dependencies/robot_sensing
[0.177s] -- Up-to-date: /home/yusuf/ros2_ws/install/robot_sensing/share/ament_index/resource_index/parent_prefix_path/robot_sensing
[0.177s] -- Up-to-date: /home/yusuf/ros2_ws/install/robot_sensing/share/robot_sensing/environment/ament_prefix_path.sh
[0.177s] -- Up-to-date: /home/yusuf/ros2_ws/install/robot_sensing/share/robot_sensing/environment/ament_prefix_path.dsv
[0.177s] -- Up-to-date: /home/yusuf/ros2_ws/install/robot_sensing/share/robot_sensing/environment/path.sh
[0.177s] -- Up-to-date: /home/yusuf/ros2_ws/install/robot_sensing/share/robot_sensing/environment/path.dsv
[0.177s] -- Up-to-date: /home/yusuf/ros2_ws/install/robot_sensing/share/robot_sensing/local_setup.bash
[0.177s] -- Up-to-date: /home/yusuf/ros2_ws/install/robot_sensing/share/robot_sensing/local_setup.sh
[0.178s] -- Up-to-date: /home/yusuf/ros2_ws/install/robot_sensing/share/robot_sensing/local_setup.zsh
[0.178s] -- Up-to-date: /home/yusuf/ros2_ws/install/robot_sensing/share/robot_sensing/local_setup.dsv
[0.178s] -- Installing: /home/yusuf/ros2_ws/install/robot_sensing/share/robot_sensing/package.dsv
[0.178s] -- Up-to-date: /home/yusuf/ros2_ws/install/robot_sensing/share/ament_index/resource_index/packages/robot_sensing
[0.178s] -- Up-to-date: /home/yusuf/ros2_ws/install/robot_sensing/share/robot_sensing/cmake/robot_sensingConfig.cmake
[0.179s] -- Up-to-date: /home/yusuf/ros2_ws/install/robot_sensing/share/robot_sensing/cmake/robot_sensingConfig-version.cmake
[0.179s] -- Up-to-date: /home/yusuf/ros2_ws/install/robot_sensing/share/robot_sensing/package.xml
[0.181s] Invoked command in '/home/yusuf/ros2_ws/build/robot_sensing' returned '0': CMAKE_PREFIX_PATH=/opt/ros/humble /usr/bin/cmake --install /home/yusuf/ros2_ws/build/robot_sensing
