[0.461s] DEBUG:colcon:Command line arguments: ['/usr/bin/colcon', 'build', '--packages-select', 'robot_sensing']
[0.462s] DEBUG:colcon:Parsed command line arguments: Namespace(log_base=None, log_level=None, verb_name='build', build_base='build', install_base='install', merge_install=False, symlink_install=False, test_result_base=None, continue_on_error=False, executor='parallel', parallel_workers=8, event_handlers=None, ignore_user_meta=False, metas=['./colcon.meta'], base_paths=['.'], packages_ignore=None, packages_ignore_regex=None, paths=None, packages_up_to=None, packages_up_to_regex=None, packages_above=None, packages_above_and_dependencies=None, packages_above_depth=None, packages_select_by_dep=None, packages_skip_by_dep=None, packages_skip_up_to=None, packages_select_build_failed=False, packages_skip_build_finished=False, packages_select_test_failures=False, packages_skip_test_passed=False, packages_select=['robot_sensing'], packages_skip=None, packages_select_regex=None, packages_skip_regex=None, packages_start=None, packages_end=None, allow_overriding=[], cmake_args=None, cmake_target=None, cmake_target_skip_unavailable=False, cmake_clean_cache=False, cmake_clean_first=False, cmake_force_configure=False, ament_cmake_args=None, catkin_cmake_args=None, catkin_skip_building_tests=False, verb_parser=<colcon_defaults.argument_parser.defaults.DefaultArgumentsDecorator object at 0x735a37cd6d10>, verb_extension=<colcon_core.verb.build.BuildVerb object at 0x735a37cd6650>, main=<bound method BuildVerb.main of <colcon_core.verb.build.BuildVerb object at 0x735a37cd6650>>)
[1.316s] Level 1:colcon.colcon_core.package_discovery:discover_packages(colcon_meta) check parameters
[1.317s] Level 1:colcon.colcon_core.package_discovery:discover_packages(recursive) check parameters
[1.317s] Level 1:colcon.colcon_core.package_discovery:discover_packages(ignore) check parameters
[1.317s] Level 1:colcon.colcon_core.package_discovery:discover_packages(path) check parameters
[1.318s] Level 1:colcon.colcon_core.package_discovery:discover_packages(colcon_meta) discover
[1.318s] Level 1:colcon.colcon_core.package_discovery:discover_packages(recursive) discover
[1.318s] INFO:colcon.colcon_core.package_discovery:Crawling recursively for packages in '/home/yusuf/ros2_ws'
[1.319s] Level 1:colcon.colcon_core.package_identification:_identify(.) by extensions ['ignore', 'ignore_ament_install']
[1.320s] Level 1:colcon.colcon_core.package_identification:_identify(.) by extension 'ignore'
[1.321s] Level 1:colcon.colcon_core.package_identification:_identify(.) by extension 'ignore_ament_install'
[1.322s] Level 1:colcon.colcon_core.package_identification:_identify(.) by extensions ['colcon_pkg']
[1.323s] Level 1:colcon.colcon_core.package_identification:_identify(.) by extension 'colcon_pkg'
[1.324s] Level 1:colcon.colcon_core.package_identification:_identify(.) by extensions ['colcon_meta']
[1.324s] Level 1:colcon.colcon_core.package_identification:_identify(.) by extension 'colcon_meta'
[1.324s] Level 1:colcon.colcon_core.package_identification:_identify(.) by extensions ['ros']
[1.325s] Level 1:colcon.colcon_core.package_identification:_identify(.) by extension 'ros'
[1.382s] Level 1:colcon.colcon_core.package_identification:_identify(.) by extensions ['cmake', 'python']
[1.382s] Level 1:colcon.colcon_core.package_identification:_identify(.) by extension 'cmake'
[1.383s] Level 1:colcon.colcon_core.package_identification:_identify(.) by extension 'python'
[1.383s] Level 1:colcon.colcon_core.package_identification:_identify(.) by extensions ['python_setup_py']
[1.383s] Level 1:colcon.colcon_core.package_identification:_identify(.) by extension 'python_setup_py'
[1.384s] Level 1:colcon.colcon_core.package_identification:_identify(build) by extensions ['ignore', 'ignore_ament_install']
[1.384s] Level 1:colcon.colcon_core.package_identification:_identify(build) by extension 'ignore'
[1.385s] Level 1:colcon.colcon_core.package_identification:_identify(build) ignored
[1.385s] Level 1:colcon.colcon_core.package_identification:_identify(install) by extensions ['ignore', 'ignore_ament_install']
[1.386s] Level 1:colcon.colcon_core.package_identification:_identify(install) by extension 'ignore'
[1.387s] Level 1:colcon.colcon_core.package_identification:_identify(install) ignored
[1.388s] Level 1:colcon.colcon_core.package_identification:_identify(log) by extensions ['ignore', 'ignore_ament_install']
[1.388s] Level 1:colcon.colcon_core.package_identification:_identify(log) by extension 'ignore'
[1.389s] Level 1:colcon.colcon_core.package_identification:_identify(log) ignored
[1.390s] Level 1:colcon.colcon_core.package_identification:_identify(src) by extensions ['ignore', 'ignore_ament_install']
[1.392s] Level 1:colcon.colcon_core.package_identification:_identify(src) by extension 'ignore'
[1.393s] Level 1:colcon.colcon_core.package_identification:_identify(src) by extension 'ignore_ament_install'
[1.393s] Level 1:colcon.colcon_core.package_identification:_identify(src) by extensions ['colcon_pkg']
[1.394s] Level 1:colcon.colcon_core.package_identification:_identify(src) by extension 'colcon_pkg'
[1.395s] Level 1:colcon.colcon_core.package_identification:_identify(src) by extensions ['colcon_meta']
[1.395s] Level 1:colcon.colcon_core.package_identification:_identify(src) by extension 'colcon_meta'
[1.396s] Level 1:colcon.colcon_core.package_identification:_identify(src) by extensions ['ros']
[1.397s] Level 1:colcon.colcon_core.package_identification:_identify(src) by extension 'ros'
[1.398s] Level 1:colcon.colcon_core.package_identification:_identify(src) by extensions ['cmake', 'python']
[1.398s] Level 1:colcon.colcon_core.package_identification:_identify(src) by extension 'cmake'
[1.399s] Level 1:colcon.colcon_core.package_identification:_identify(src) by extension 'python'
[1.399s] Level 1:colcon.colcon_core.package_identification:_identify(src) by extensions ['python_setup_py']
[1.400s] Level 1:colcon.colcon_core.package_identification:_identify(src) by extension 'python_setup_py'
[1.400s] Level 1:colcon.colcon_core.package_identification:_identify(src/build) by extensions ['ignore', 'ignore_ament_install']
[1.401s] Level 1:colcon.colcon_core.package_identification:_identify(src/build) by extension 'ignore'
[1.402s] Level 1:colcon.colcon_core.package_identification:_identify(src/build) ignored
[1.402s] Level 1:colcon.colcon_core.package_identification:_identify(src/c++_source) by extensions ['ignore', 'ignore_ament_install']
[1.403s] Level 1:colcon.colcon_core.package_identification:_identify(src/c++_source) by extension 'ignore'
[1.403s] Level 1:colcon.colcon_core.package_identification:_identify(src/c++_source) by extension 'ignore_ament_install'
[1.403s] Level 1:colcon.colcon_core.package_identification:_identify(src/c++_source) by extensions ['colcon_pkg']
[1.404s] Level 1:colcon.colcon_core.package_identification:_identify(src/c++_source) by extension 'colcon_pkg'
[1.404s] Level 1:colcon.colcon_core.package_identification:_identify(src/c++_source) by extensions ['colcon_meta']
[1.404s] Level 1:colcon.colcon_core.package_identification:_identify(src/c++_source) by extension 'colcon_meta'
[1.404s] Level 1:colcon.colcon_core.package_identification:_identify(src/c++_source) by extensions ['ros']
[1.405s] Level 1:colcon.colcon_core.package_identification:_identify(src/c++_source) by extension 'ros'
[1.405s] Level 1:colcon.colcon_core.package_identification:_identify(src/c++_source) by extensions ['cmake', 'python']
[1.405s] Level 1:colcon.colcon_core.package_identification:_identify(src/c++_source) by extension 'cmake'
[1.418s] Level 1:colcon.colcon_core.package_identification:_identify(src/c++_source) by extension 'python'
[1.419s] DEBUG:colcon.colcon_core.package_identification:Package 'src/c++_source' with type 'cmake' and name 'LineFollower'
[1.420s] Level 1:colcon.colcon_core.package_identification:_identify(src/install) by extensions ['ignore', 'ignore_ament_install']
[1.421s] Level 1:colcon.colcon_core.package_identification:_identify(src/install) by extension 'ignore'
[1.422s] Level 1:colcon.colcon_core.package_identification:_identify(src/install) ignored
[1.422s] Level 1:colcon.colcon_core.package_identification:_identify(src/log) by extensions ['ignore', 'ignore_ament_install']
[1.423s] Level 1:colcon.colcon_core.package_identification:_identify(src/log) by extension 'ignore'
[1.423s] Level 1:colcon.colcon_core.package_identification:_identify(src/log) ignored
[1.424s] Level 1:colcon.colcon_core.package_identification:_identify(src/mobile_robotics_ROS2) by extensions ['ignore', 'ignore_ament_install']
[1.424s] Level 1:colcon.colcon_core.package_identification:_identify(src/mobile_robotics_ROS2) by extension 'ignore'
[1.424s] Level 1:colcon.colcon_core.package_identification:_identify(src/mobile_robotics_ROS2) by extension 'ignore_ament_install'
[1.425s] Level 1:colcon.colcon_core.package_identification:_identify(src/mobile_robotics_ROS2) by extensions ['colcon_pkg']
[1.425s] Level 1:colcon.colcon_core.package_identification:_identify(src/mobile_robotics_ROS2) by extension 'colcon_pkg'
[1.425s] Level 1:colcon.colcon_core.package_identification:_identify(src/mobile_robotics_ROS2) by extensions ['colcon_meta']
[1.425s] Level 1:colcon.colcon_core.package_identification:_identify(src/mobile_robotics_ROS2) by extension 'colcon_meta'
[1.426s] Level 1:colcon.colcon_core.package_identification:_identify(src/mobile_robotics_ROS2) by extensions ['ros']
[1.426s] Level 1:colcon.colcon_core.package_identification:_identify(src/mobile_robotics_ROS2) by extension 'ros'
[1.426s] Level 1:colcon.colcon_core.package_identification:_identify(src/mobile_robotics_ROS2) by extensions ['cmake', 'python']
[1.426s] Level 1:colcon.colcon_core.package_identification:_identify(src/mobile_robotics_ROS2) by extension 'cmake'
[1.427s] Level 1:colcon.colcon_core.package_identification:_identify(src/mobile_robotics_ROS2) by extension 'python'
[1.427s] Level 1:colcon.colcon_core.package_identification:_identify(src/mobile_robotics_ROS2) by extensions ['python_setup_py']
[1.427s] Level 1:colcon.colcon_core.package_identification:_identify(src/mobile_robotics_ROS2) by extension 'python_setup_py'
[1.428s] Level 1:colcon.colcon_core.package_identification:_identify(src/mobile_robotics_ROS2/drive_tb3) by extensions ['ignore', 'ignore_ament_install']
[1.428s] Level 1:colcon.colcon_core.package_identification:_identify(src/mobile_robotics_ROS2/drive_tb3) by extension 'ignore'
[1.428s] Level 1:colcon.colcon_core.package_identification:_identify(src/mobile_robotics_ROS2/drive_tb3) by extension 'ignore_ament_install'
[1.429s] Level 1:colcon.colcon_core.package_identification:_identify(src/mobile_robotics_ROS2/drive_tb3) by extensions ['colcon_pkg']
[1.429s] Level 1:colcon.colcon_core.package_identification:_identify(src/mobile_robotics_ROS2/drive_tb3) by extension 'colcon_pkg'
[1.429s] Level 1:colcon.colcon_core.package_identification:_identify(src/mobile_robotics_ROS2/drive_tb3) by extensions ['colcon_meta']
[1.429s] Level 1:colcon.colcon_core.package_identification:_identify(src/mobile_robotics_ROS2/drive_tb3) by extension 'colcon_meta'
[1.430s] Level 1:colcon.colcon_core.package_identification:_identify(src/mobile_robotics_ROS2/drive_tb3) by extensions ['ros']
[1.430s] Level 1:colcon.colcon_core.package_identification:_identify(src/mobile_robotics_ROS2/drive_tb3) by extension 'ros'
[1.441s] DEBUG:colcon.colcon_core.package_identification:Package 'src/mobile_robotics_ROS2/drive_tb3' with type 'ros.ament_cmake' and name 'drive_tb3'
[1.442s] Level 1:colcon.colcon_core.package_identification:_identify(src/mobile_robotics_ROS2/drive_turtle) by extensions ['ignore', 'ignore_ament_install']
[1.442s] Level 1:colcon.colcon_core.package_identification:_identify(src/mobile_robotics_ROS2/drive_turtle) by extension 'ignore'
[1.443s] Level 1:colcon.colcon_core.package_identification:_identify(src/mobile_robotics_ROS2/drive_turtle) by extension 'ignore_ament_install'
[1.443s] Level 1:colcon.colcon_core.package_identification:_identify(src/mobile_robotics_ROS2/drive_turtle) by extensions ['colcon_pkg']
[1.443s] Level 1:colcon.colcon_core.package_identification:_identify(src/mobile_robotics_ROS2/drive_turtle) by extension 'colcon_pkg'
[1.444s] Level 1:colcon.colcon_core.package_identification:_identify(src/mobile_robotics_ROS2/drive_turtle) by extensions ['colcon_meta']
[1.444s] Level 1:colcon.colcon_core.package_identification:_identify(src/mobile_robotics_ROS2/drive_turtle) by extension 'colcon_meta'
[1.444s] Level 1:colcon.colcon_core.package_identification:_identify(src/mobile_robotics_ROS2/drive_turtle) by extensions ['ros']
[1.444s] Level 1:colcon.colcon_core.package_identification:_identify(src/mobile_robotics_ROS2/drive_turtle) by extension 'ros'
[1.447s] DEBUG:colcon.colcon_core.package_identification:Package 'src/mobile_robotics_ROS2/drive_turtle' with type 'ros.ament_cmake' and name 'drive_turtle'
[1.448s] Level 1:colcon.colcon_core.package_identification:_identify(src/mobile_robotics_ROS2/microROS_bot) by extensions ['ignore', 'ignore_ament_install']
[1.448s] Level 1:colcon.colcon_core.package_identification:_identify(src/mobile_robotics_ROS2/microROS_bot) by extension 'ignore'
[1.449s] Level 1:colcon.colcon_core.package_identification:_identify(src/mobile_robotics_ROS2/microROS_bot) by extension 'ignore_ament_install'
[1.449s] Level 1:colcon.colcon_core.package_identification:_identify(src/mobile_robotics_ROS2/microROS_bot) by extensions ['colcon_pkg']
[1.450s] Level 1:colcon.colcon_core.package_identification:_identify(src/mobile_robotics_ROS2/microROS_bot) by extension 'colcon_pkg'
[1.450s] Level 1:colcon.colcon_core.package_identification:_identify(src/mobile_robotics_ROS2/microROS_bot) by extensions ['colcon_meta']
[1.450s] Level 1:colcon.colcon_core.package_identification:_identify(src/mobile_robotics_ROS2/microROS_bot) by extension 'colcon_meta'
[1.450s] Level 1:colcon.colcon_core.package_identification:_identify(src/mobile_robotics_ROS2/microROS_bot) by extensions ['ros']
[1.450s] Level 1:colcon.colcon_core.package_identification:_identify(src/mobile_robotics_ROS2/microROS_bot) by extension 'ros'
[1.451s] Level 1:colcon.colcon_core.package_identification:_identify(src/mobile_robotics_ROS2/microROS_bot) by extensions ['cmake', 'python']
[1.451s] Level 1:colcon.colcon_core.package_identification:_identify(src/mobile_robotics_ROS2/microROS_bot) by extension 'cmake'
[1.451s] Level 1:colcon.colcon_core.package_identification:_identify(src/mobile_robotics_ROS2/microROS_bot) by extension 'python'
[1.451s] Level 1:colcon.colcon_core.package_identification:_identify(src/mobile_robotics_ROS2/microROS_bot) by extensions ['python_setup_py']
[1.452s] Level 1:colcon.colcon_core.package_identification:_identify(src/mobile_robotics_ROS2/microROS_bot) by extension 'python_setup_py'
[1.453s] Level 1:colcon.colcon_core.package_identification:_identify(src/mobile_robotics_ROS2/microROS_bot/include) by extensions ['ignore', 'ignore_ament_install']
[1.453s] Level 1:colcon.colcon_core.package_identification:_identify(src/mobile_robotics_ROS2/microROS_bot/include) by extension 'ignore'
[1.454s] Level 1:colcon.colcon_core.package_identification:_identify(src/mobile_robotics_ROS2/microROS_bot/include) by extension 'ignore_ament_install'
[1.454s] Level 1:colcon.colcon_core.package_identification:_identify(src/mobile_robotics_ROS2/microROS_bot/include) by extensions ['colcon_pkg']
[1.454s] Level 1:colcon.colcon_core.package_identification:_identify(src/mobile_robotics_ROS2/microROS_bot/include) by extension 'colcon_pkg'
[1.455s] Level 1:colcon.colcon_core.package_identification:_identify(src/mobile_robotics_ROS2/microROS_bot/include) by extensions ['colcon_meta']
[1.455s] Level 1:colcon.colcon_core.package_identification:_identify(src/mobile_robotics_ROS2/microROS_bot/include) by extension 'colcon_meta'
[1.455s] Level 1:colcon.colcon_core.package_identification:_identify(src/mobile_robotics_ROS2/microROS_bot/include) by extensions ['ros']
[1.455s] Level 1:colcon.colcon_core.package_identification:_identify(src/mobile_robotics_ROS2/microROS_bot/include) by extension 'ros'
[1.456s] Level 1:colcon.colcon_core.package_identification:_identify(src/mobile_robotics_ROS2/microROS_bot/include) by extensions ['cmake', 'python']
[1.456s] Level 1:colcon.colcon_core.package_identification:_identify(src/mobile_robotics_ROS2/microROS_bot/include) by extension 'cmake'
[1.456s] Level 1:colcon.colcon_core.package_identification:_identify(src/mobile_robotics_ROS2/microROS_bot/include) by extension 'python'
[1.456s] Level 1:colcon.colcon_core.package_identification:_identify(src/mobile_robotics_ROS2/microROS_bot/include) by extensions ['python_setup_py']
[1.457s] Level 1:colcon.colcon_core.package_identification:_identify(src/mobile_robotics_ROS2/microROS_bot/include) by extension 'python_setup_py'
[1.457s] Level 1:colcon.colcon_core.package_identification:_identify(src/mobile_robotics_ROS2/microROS_bot/lib) by extensions ['ignore', 'ignore_ament_install']
[1.458s] Level 1:colcon.colcon_core.package_identification:_identify(src/mobile_robotics_ROS2/microROS_bot/lib) by extension 'ignore'
[1.458s] Level 1:colcon.colcon_core.package_identification:_identify(src/mobile_robotics_ROS2/microROS_bot/lib) by extension 'ignore_ament_install'
[1.458s] Level 1:colcon.colcon_core.package_identification:_identify(src/mobile_robotics_ROS2/microROS_bot/lib) by extensions ['colcon_pkg']
[1.459s] Level 1:colcon.colcon_core.package_identification:_identify(src/mobile_robotics_ROS2/microROS_bot/lib) by extension 'colcon_pkg'
[1.459s] Level 1:colcon.colcon_core.package_identification:_identify(src/mobile_robotics_ROS2/microROS_bot/lib) by extensions ['colcon_meta']
[1.459s] Level 1:colcon.colcon_core.package_identification:_identify(src/mobile_robotics_ROS2/microROS_bot/lib) by extension 'colcon_meta'
[1.459s] Level 1:colcon.colcon_core.package_identification:_identify(src/mobile_robotics_ROS2/microROS_bot/lib) by extensions ['ros']
[1.459s] Level 1:colcon.colcon_core.package_identification:_identify(src/mobile_robotics_ROS2/microROS_bot/lib) by extension 'ros'
[1.460s] Level 1:colcon.colcon_core.package_identification:_identify(src/mobile_robotics_ROS2/microROS_bot/lib) by extensions ['cmake', 'python']
[1.460s] Level 1:colcon.colcon_core.package_identification:_identify(src/mobile_robotics_ROS2/microROS_bot/lib) by extension 'cmake'
[1.460s] Level 1:colcon.colcon_core.package_identification:_identify(src/mobile_robotics_ROS2/microROS_bot/lib) by extension 'python'
[1.460s] Level 1:colcon.colcon_core.package_identification:_identify(src/mobile_robotics_ROS2/microROS_bot/lib) by extensions ['python_setup_py']
[1.461s] Level 1:colcon.colcon_core.package_identification:_identify(src/mobile_robotics_ROS2/microROS_bot/lib) by extension 'python_setup_py'
[1.461s] Level 1:colcon.colcon_core.package_identification:_identify(src/mobile_robotics_ROS2/microROS_bot/lib/motor_control) by extensions ['ignore', 'ignore_ament_install']
[1.462s] Level 1:colcon.colcon_core.package_identification:_identify(src/mobile_robotics_ROS2/microROS_bot/lib/motor_control) by extension 'ignore'
[1.462s] Level 1:colcon.colcon_core.package_identification:_identify(src/mobile_robotics_ROS2/microROS_bot/lib/motor_control) by extension 'ignore_ament_install'
[1.462s] Level 1:colcon.colcon_core.package_identification:_identify(src/mobile_robotics_ROS2/microROS_bot/lib/motor_control) by extensions ['colcon_pkg']
[1.462s] Level 1:colcon.colcon_core.package_identification:_identify(src/mobile_robotics_ROS2/microROS_bot/lib/motor_control) by extension 'colcon_pkg'
[1.463s] Level 1:colcon.colcon_core.package_identification:_identify(src/mobile_robotics_ROS2/microROS_bot/lib/motor_control) by extensions ['colcon_meta']
[1.463s] Level 1:colcon.colcon_core.package_identification:_identify(src/mobile_robotics_ROS2/microROS_bot/lib/motor_control) by extension 'colcon_meta'
[1.463s] Level 1:colcon.colcon_core.package_identification:_identify(src/mobile_robotics_ROS2/microROS_bot/lib/motor_control) by extensions ['ros']
[1.463s] Level 1:colcon.colcon_core.package_identification:_identify(src/mobile_robotics_ROS2/microROS_bot/lib/motor_control) by extension 'ros'
[1.464s] Level 1:colcon.colcon_core.package_identification:_identify(src/mobile_robotics_ROS2/microROS_bot/lib/motor_control) by extensions ['cmake', 'python']
[1.464s] Level 1:colcon.colcon_core.package_identification:_identify(src/mobile_robotics_ROS2/microROS_bot/lib/motor_control) by extension 'cmake'
[1.464s] Level 1:colcon.colcon_core.package_identification:_identify(src/mobile_robotics_ROS2/microROS_bot/lib/motor_control) by extension 'python'
[1.465s] Level 1:colcon.colcon_core.package_identification:_identify(src/mobile_robotics_ROS2/microROS_bot/lib/motor_control) by extensions ['python_setup_py']
[1.465s] Level 1:colcon.colcon_core.package_identification:_identify(src/mobile_robotics_ROS2/microROS_bot/lib/motor_control) by extension 'python_setup_py'
[1.465s] Level 1:colcon.colcon_core.package_identification:_identify(src/mobile_robotics_ROS2/microROS_bot/lib/oled_display) by extensions ['ignore', 'ignore_ament_install']
[1.466s] Level 1:colcon.colcon_core.package_identification:_identify(src/mobile_robotics_ROS2/microROS_bot/lib/oled_display) by extension 'ignore'
[1.466s] Level 1:colcon.colcon_core.package_identification:_identify(src/mobile_robotics_ROS2/microROS_bot/lib/oled_display) by extension 'ignore_ament_install'
[1.467s] Level 1:colcon.colcon_core.package_identification:_identify(src/mobile_robotics_ROS2/microROS_bot/lib/oled_display) by extensions ['colcon_pkg']
[1.467s] Level 1:colcon.colcon_core.package_identification:_identify(src/mobile_robotics_ROS2/microROS_bot/lib/oled_display) by extension 'colcon_pkg'
[1.467s] Level 1:colcon.colcon_core.package_identification:_identify(src/mobile_robotics_ROS2/microROS_bot/lib/oled_display) by extensions ['colcon_meta']
[1.467s] Level 1:colcon.colcon_core.package_identification:_identify(src/mobile_robotics_ROS2/microROS_bot/lib/oled_display) by extension 'colcon_meta'
[1.468s] Level 1:colcon.colcon_core.package_identification:_identify(src/mobile_robotics_ROS2/microROS_bot/lib/oled_display) by extensions ['ros']
[1.468s] Level 1:colcon.colcon_core.package_identification:_identify(src/mobile_robotics_ROS2/microROS_bot/lib/oled_display) by extension 'ros'
[1.469s] Level 1:colcon.colcon_core.package_identification:_identify(src/mobile_robotics_ROS2/microROS_bot/lib/oled_display) by extensions ['cmake', 'python']
[1.469s] Level 1:colcon.colcon_core.package_identification:_identify(src/mobile_robotics_ROS2/microROS_bot/lib/oled_display) by extension 'cmake'
[1.469s] Level 1:colcon.colcon_core.package_identification:_identify(src/mobile_robotics_ROS2/microROS_bot/lib/oled_display) by extension 'python'
[1.469s] Level 1:colcon.colcon_core.package_identification:_identify(src/mobile_robotics_ROS2/microROS_bot/lib/oled_display) by extensions ['python_setup_py']
[1.470s] Level 1:colcon.colcon_core.package_identification:_identify(src/mobile_robotics_ROS2/microROS_bot/lib/oled_display) by extension 'python_setup_py'
[1.470s] Level 1:colcon.colcon_core.package_identification:_identify(src/mobile_robotics_ROS2/microROS_bot/lib/ros_communication) by extensions ['ignore', 'ignore_ament_install']
[1.471s] Level 1:colcon.colcon_core.package_identification:_identify(src/mobile_robotics_ROS2/microROS_bot/lib/ros_communication) by extension 'ignore'
[1.472s] Level 1:colcon.colcon_core.package_identification:_identify(src/mobile_robotics_ROS2/microROS_bot/lib/ros_communication) by extension 'ignore_ament_install'
[1.472s] Level 1:colcon.colcon_core.package_identification:_identify(src/mobile_robotics_ROS2/microROS_bot/lib/ros_communication) by extensions ['colcon_pkg']
[1.472s] Level 1:colcon.colcon_core.package_identification:_identify(src/mobile_robotics_ROS2/microROS_bot/lib/ros_communication) by extension 'colcon_pkg'
[1.472s] Level 1:colcon.colcon_core.package_identification:_identify(src/mobile_robotics_ROS2/microROS_bot/lib/ros_communication) by extensions ['colcon_meta']
[1.472s] Level 1:colcon.colcon_core.package_identification:_identify(src/mobile_robotics_ROS2/microROS_bot/lib/ros_communication) by extension 'colcon_meta'
[1.473s] Level 1:colcon.colcon_core.package_identification:_identify(src/mobile_robotics_ROS2/microROS_bot/lib/ros_communication) by extensions ['ros']
[1.473s] Level 1:colcon.colcon_core.package_identification:_identify(src/mobile_robotics_ROS2/microROS_bot/lib/ros_communication) by extension 'ros'
[1.473s] Level 1:colcon.colcon_core.package_identification:_identify(src/mobile_robotics_ROS2/microROS_bot/lib/ros_communication) by extensions ['cmake', 'python']
[1.474s] Level 1:colcon.colcon_core.package_identification:_identify(src/mobile_robotics_ROS2/microROS_bot/lib/ros_communication) by extension 'cmake'
[1.474s] Level 1:colcon.colcon_core.package_identification:_identify(src/mobile_robotics_ROS2/microROS_bot/lib/ros_communication) by extension 'python'
[1.474s] Level 1:colcon.colcon_core.package_identification:_identify(src/mobile_robotics_ROS2/microROS_bot/lib/ros_communication) by extensions ['python_setup_py']
[1.474s] Level 1:colcon.colcon_core.package_identification:_identify(src/mobile_robotics_ROS2/microROS_bot/lib/ros_communication) by extension 'python_setup_py'
[1.475s] Level 1:colcon.colcon_core.package_identification:_identify(src/mobile_robotics_ROS2/microROS_bot/src) by extensions ['ignore', 'ignore_ament_install']
[1.476s] Level 1:colcon.colcon_core.package_identification:_identify(src/mobile_robotics_ROS2/microROS_bot/src) by extension 'ignore'
[1.476s] Level 1:colcon.colcon_core.package_identification:_identify(src/mobile_robotics_ROS2/microROS_bot/src) by extension 'ignore_ament_install'
[1.476s] Level 1:colcon.colcon_core.package_identification:_identify(src/mobile_robotics_ROS2/microROS_bot/src) by extensions ['colcon_pkg']
[1.477s] Level 1:colcon.colcon_core.package_identification:_identify(src/mobile_robotics_ROS2/microROS_bot/src) by extension 'colcon_pkg'
[1.477s] Level 1:colcon.colcon_core.package_identification:_identify(src/mobile_robotics_ROS2/microROS_bot/src) by extensions ['colcon_meta']
[1.477s] Level 1:colcon.colcon_core.package_identification:_identify(src/mobile_robotics_ROS2/microROS_bot/src) by extension 'colcon_meta'
[1.477s] Level 1:colcon.colcon_core.package_identification:_identify(src/mobile_robotics_ROS2/microROS_bot/src) by extensions ['ros']
[1.478s] Level 1:colcon.colcon_core.package_identification:_identify(src/mobile_robotics_ROS2/microROS_bot/src) by extension 'ros'
[1.478s] Level 1:colcon.colcon_core.package_identification:_identify(src/mobile_robotics_ROS2/microROS_bot/src) by extensions ['cmake', 'python']
[1.478s] Level 1:colcon.colcon_core.package_identification:_identify(src/mobile_robotics_ROS2/microROS_bot/src) by extension 'cmake'
[1.479s] Level 1:colcon.colcon_core.package_identification:_identify(src/mobile_robotics_ROS2/microROS_bot/src) by extension 'python'
[1.479s] Level 1:colcon.colcon_core.package_identification:_identify(src/mobile_robotics_ROS2/microROS_bot/src) by extensions ['python_setup_py']
[1.479s] Level 1:colcon.colcon_core.package_identification:_identify(src/mobile_robotics_ROS2/microROS_bot/src) by extension 'python_setup_py'
[1.480s] Level 1:colcon.colcon_core.package_identification:_identify(src/mobile_robotics_ROS2/microROS_bot/test) by extensions ['ignore', 'ignore_ament_install']
[1.481s] Level 1:colcon.colcon_core.package_identification:_identify(src/mobile_robotics_ROS2/microROS_bot/test) by extension 'ignore'
[1.481s] Level 1:colcon.colcon_core.package_identification:_identify(src/mobile_robotics_ROS2/microROS_bot/test) by extension 'ignore_ament_install'
[1.481s] Level 1:colcon.colcon_core.package_identification:_identify(src/mobile_robotics_ROS2/microROS_bot/test) by extensions ['colcon_pkg']
[1.482s] Level 1:colcon.colcon_core.package_identification:_identify(src/mobile_robotics_ROS2/microROS_bot/test) by extension 'colcon_pkg'
[1.482s] Level 1:colcon.colcon_core.package_identification:_identify(src/mobile_robotics_ROS2/microROS_bot/test) by extensions ['colcon_meta']
[1.482s] Level 1:colcon.colcon_core.package_identification:_identify(src/mobile_robotics_ROS2/microROS_bot/test) by extension 'colcon_meta'
[1.483s] Level 1:colcon.colcon_core.package_identification:_identify(src/mobile_robotics_ROS2/microROS_bot/test) by extensions ['ros']
[1.483s] Level 1:colcon.colcon_core.package_identification:_identify(src/mobile_robotics_ROS2/microROS_bot/test) by extension 'ros'
[1.483s] Level 1:colcon.colcon_core.package_identification:_identify(src/mobile_robotics_ROS2/microROS_bot/test) by extensions ['cmake', 'python']
[1.483s] Level 1:colcon.colcon_core.package_identification:_identify(src/mobile_robotics_ROS2/microROS_bot/test) by extension 'cmake'
[1.484s] Level 1:colcon.colcon_core.package_identification:_identify(src/mobile_robotics_ROS2/microROS_bot/test) by extension 'python'
[1.484s] Level 1:colcon.colcon_core.package_identification:_identify(src/mobile_robotics_ROS2/microROS_bot/test) by extensions ['python_setup_py']
[1.484s] Level 1:colcon.colcon_core.package_identification:_identify(src/mobile_robotics_ROS2/microROS_bot/test) by extension 'python_setup_py'
[1.485s] Level 1:colcon.colcon_core.package_identification:_identify(src/mobile_robotics_ROS2/point_cloud_processing) by extensions ['ignore', 'ignore_ament_install']
[1.485s] Level 1:colcon.colcon_core.package_identification:_identify(src/mobile_robotics_ROS2/point_cloud_processing) by extension 'ignore'
[1.485s] Level 1:colcon.colcon_core.package_identification:_identify(src/mobile_robotics_ROS2/point_cloud_processing) by extension 'ignore_ament_install'
[1.486s] Level 1:colcon.colcon_core.package_identification:_identify(src/mobile_robotics_ROS2/point_cloud_processing) by extensions ['colcon_pkg']
[1.486s] Level 1:colcon.colcon_core.package_identification:_identify(src/mobile_robotics_ROS2/point_cloud_processing) by extension 'colcon_pkg'
[1.486s] Level 1:colcon.colcon_core.package_identification:_identify(src/mobile_robotics_ROS2/point_cloud_processing) by extensions ['colcon_meta']
[1.486s] Level 1:colcon.colcon_core.package_identification:_identify(src/mobile_robotics_ROS2/point_cloud_processing) by extension 'colcon_meta'
[1.486s] Level 1:colcon.colcon_core.package_identification:_identify(src/mobile_robotics_ROS2/point_cloud_processing) by extensions ['ros']
[1.487s] Level 1:colcon.colcon_core.package_identification:_identify(src/mobile_robotics_ROS2/point_cloud_processing) by extension 'ros'
[1.489s] DEBUG:colcon.colcon_core.package_identification:Package 'src/mobile_robotics_ROS2/point_cloud_processing' with type 'ros.ament_cmake' and name 'point_cloud_processing'
[1.490s] Level 1:colcon.colcon_core.package_identification:_identify(src/mobile_robotics_ROS2/turtlebot3_simulations) by extensions ['ignore', 'ignore_ament_install']
[1.491s] Level 1:colcon.colcon_core.package_identification:_identify(src/mobile_robotics_ROS2/turtlebot3_simulations) by extension 'ignore'
[1.491s] Level 1:colcon.colcon_core.package_identification:_identify(src/mobile_robotics_ROS2/turtlebot3_simulations) by extension 'ignore_ament_install'
[1.492s] Level 1:colcon.colcon_core.package_identification:_identify(src/mobile_robotics_ROS2/turtlebot3_simulations) by extensions ['colcon_pkg']
[1.492s] Level 1:colcon.colcon_core.package_identification:_identify(src/mobile_robotics_ROS2/turtlebot3_simulations) by extension 'colcon_pkg'
[1.492s] Level 1:colcon.colcon_core.package_identification:_identify(src/mobile_robotics_ROS2/turtlebot3_simulations) by extensions ['colcon_meta']
[1.493s] Level 1:colcon.colcon_core.package_identification:_identify(src/mobile_robotics_ROS2/turtlebot3_simulations) by extension 'colcon_meta'
[1.493s] Level 1:colcon.colcon_core.package_identification:_identify(src/mobile_robotics_ROS2/turtlebot3_simulations) by extensions ['ros']
[1.493s] Level 1:colcon.colcon_core.package_identification:_identify(src/mobile_robotics_ROS2/turtlebot3_simulations) by extension 'ros'
[1.494s] Level 1:colcon.colcon_core.package_identification:_identify(src/mobile_robotics_ROS2/turtlebot3_simulations) by extensions ['cmake', 'python']
[1.494s] Level 1:colcon.colcon_core.package_identification:_identify(src/mobile_robotics_ROS2/turtlebot3_simulations) by extension 'cmake'
[1.494s] Level 1:colcon.colcon_core.package_identification:_identify(src/mobile_robotics_ROS2/turtlebot3_simulations) by extension 'python'
[1.495s] Level 1:colcon.colcon_core.package_identification:_identify(src/mobile_robotics_ROS2/turtlebot3_simulations) by extensions ['python_setup_py']
[1.495s] Level 1:colcon.colcon_core.package_identification:_identify(src/mobile_robotics_ROS2/turtlebot3_simulations) by extension 'python_setup_py'
[1.496s] Level 1:colcon.colcon_core.package_identification:_identify(src/my_cpp_py_pkg) by extensions ['ignore', 'ignore_ament_install']
[1.496s] Level 1:colcon.colcon_core.package_identification:_identify(src/my_cpp_py_pkg) by extension 'ignore'
[1.497s] Level 1:colcon.colcon_core.package_identification:_identify(src/my_cpp_py_pkg) by extension 'ignore_ament_install'
[1.497s] Level 1:colcon.colcon_core.package_identification:_identify(src/my_cpp_py_pkg) by extensions ['colcon_pkg']
[1.497s] Level 1:colcon.colcon_core.package_identification:_identify(src/my_cpp_py_pkg) by extension 'colcon_pkg'
[1.498s] Level 1:colcon.colcon_core.package_identification:_identify(src/my_cpp_py_pkg) by extensions ['colcon_meta']
[1.498s] Level 1:colcon.colcon_core.package_identification:_identify(src/my_cpp_py_pkg) by extension 'colcon_meta'
[1.498s] Level 1:colcon.colcon_core.package_identification:_identify(src/my_cpp_py_pkg) by extensions ['ros']
[1.498s] Level 1:colcon.colcon_core.package_identification:_identify(src/my_cpp_py_pkg) by extension 'ros'
[1.501s] DEBUG:colcon.colcon_core.package_identification:Package 'src/my_cpp_py_pkg' with type 'ros.ament_cmake' and name 'my_cpp_py_pkg'
[1.502s] Level 1:colcon.colcon_core.package_identification:_identify(src/navigation_tb3) by extensions ['ignore', 'ignore_ament_install']
[1.503s] Level 1:colcon.colcon_core.package_identification:_identify(src/navigation_tb3) by extension 'ignore'
[1.503s] Level 1:colcon.colcon_core.package_identification:_identify(src/navigation_tb3) by extension 'ignore_ament_install'
[1.503s] Level 1:colcon.colcon_core.package_identification:_identify(src/navigation_tb3) by extensions ['colcon_pkg']
[1.503s] Level 1:colcon.colcon_core.package_identification:_identify(src/navigation_tb3) by extension 'colcon_pkg'
[1.504s] Level 1:colcon.colcon_core.package_identification:_identify(src/navigation_tb3) by extensions ['colcon_meta']
[1.504s] Level 1:colcon.colcon_core.package_identification:_identify(src/navigation_tb3) by extension 'colcon_meta'
[1.504s] Level 1:colcon.colcon_core.package_identification:_identify(src/navigation_tb3) by extensions ['ros']
[1.504s] Level 1:colcon.colcon_core.package_identification:_identify(src/navigation_tb3) by extension 'ros'
[1.510s] DEBUG:colcon.colcon_core.package_identification:Package 'src/navigation_tb3' with type 'ros.ament_cmake' and name 'navigation_tb3'
[1.510s] Level 1:colcon.colcon_core.package_identification:_identify(src/robot_control) by extensions ['ignore', 'ignore_ament_install']
[1.511s] Level 1:colcon.colcon_core.package_identification:_identify(src/robot_control) by extension 'ignore'
[1.511s] Level 1:colcon.colcon_core.package_identification:_identify(src/robot_control) by extension 'ignore_ament_install'
[1.511s] Level 1:colcon.colcon_core.package_identification:_identify(src/robot_control) by extensions ['colcon_pkg']
[1.512s] Level 1:colcon.colcon_core.package_identification:_identify(src/robot_control) by extension 'colcon_pkg'
[1.512s] Level 1:colcon.colcon_core.package_identification:_identify(src/robot_control) by extensions ['colcon_meta']
[1.512s] Level 1:colcon.colcon_core.package_identification:_identify(src/robot_control) by extension 'colcon_meta'
[1.512s] Level 1:colcon.colcon_core.package_identification:_identify(src/robot_control) by extensions ['ros']
[1.513s] Level 1:colcon.colcon_core.package_identification:_identify(src/robot_control) by extension 'ros'
[1.515s] DEBUG:colcon.colcon_core.package_identification:Package 'src/robot_control' with type 'ros.ament_cmake' and name 'robot_control'
[1.516s] Level 1:colcon.colcon_core.package_identification:_identify(src/robot_cpp) by extensions ['ignore', 'ignore_ament_install']
[1.516s] Level 1:colcon.colcon_core.package_identification:_identify(src/robot_cpp) by extension 'ignore'
[1.516s] Level 1:colcon.colcon_core.package_identification:_identify(src/robot_cpp) by extension 'ignore_ament_install'
[1.517s] Level 1:colcon.colcon_core.package_identification:_identify(src/robot_cpp) by extensions ['colcon_pkg']
[1.517s] Level 1:colcon.colcon_core.package_identification:_identify(src/robot_cpp) by extension 'colcon_pkg'
[1.517s] Level 1:colcon.colcon_core.package_identification:_identify(src/robot_cpp) by extensions ['colcon_meta']
[1.517s] Level 1:colcon.colcon_core.package_identification:_identify(src/robot_cpp) by extension 'colcon_meta'
[1.518s] Level 1:colcon.colcon_core.package_identification:_identify(src/robot_cpp) by extensions ['ros']
[1.518s] Level 1:colcon.colcon_core.package_identification:_identify(src/robot_cpp) by extension 'ros'
[1.520s] DEBUG:colcon.colcon_core.package_identification:Package 'src/robot_cpp' with type 'ros.ament_cmake' and name 'robot_cpp'
[1.520s] Level 1:colcon.colcon_core.package_identification:_identify(src/robot_python) by extensions ['ignore', 'ignore_ament_install']
[1.520s] Level 1:colcon.colcon_core.package_identification:_identify(src/robot_python) by extension 'ignore'
[1.521s] Level 1:colcon.colcon_core.package_identification:_identify(src/robot_python) by extension 'ignore_ament_install'
[1.521s] Level 1:colcon.colcon_core.package_identification:_identify(src/robot_python) by extensions ['colcon_pkg']
[1.521s] Level 1:colcon.colcon_core.package_identification:_identify(src/robot_python) by extension 'colcon_pkg'
[1.521s] Level 1:colcon.colcon_core.package_identification:_identify(src/robot_python) by extensions ['colcon_meta']
[1.522s] Level 1:colcon.colcon_core.package_identification:_identify(src/robot_python) by extension 'colcon_meta'
[1.522s] Level 1:colcon.colcon_core.package_identification:_identify(src/robot_python) by extensions ['ros']
[1.522s] Level 1:colcon.colcon_core.package_identification:_identify(src/robot_python) by extension 'ros'
[1.526s] DEBUG:colcon.colcon_core.package_identification:Package 'src/robot_python' with type 'ros.ament_python' and name 'robot_python'
[1.527s] Level 1:colcon.colcon_core.package_identification:_identify(src/robot_sensing) by extensions ['ignore', 'ignore_ament_install']
[1.528s] Level 1:colcon.colcon_core.package_identification:_identify(src/robot_sensing) by extension 'ignore'
[1.528s] Level 1:colcon.colcon_core.package_identification:_identify(src/robot_sensing) by extension 'ignore_ament_install'
[1.529s] Level 1:colcon.colcon_core.package_identification:_identify(src/robot_sensing) by extensions ['colcon_pkg']
[1.529s] Level 1:colcon.colcon_core.package_identification:_identify(src/robot_sensing) by extension 'colcon_pkg'
[1.529s] Level 1:colcon.colcon_core.package_identification:_identify(src/robot_sensing) by extensions ['colcon_meta']
[1.530s] Level 1:colcon.colcon_core.package_identification:_identify(src/robot_sensing) by extension 'colcon_meta'
[1.530s] Level 1:colcon.colcon_core.package_identification:_identify(src/robot_sensing) by extensions ['ros']
[1.530s] Level 1:colcon.colcon_core.package_identification:_identify(src/robot_sensing) by extension 'ros'
[1.533s] DEBUG:colcon.colcon_core.package_identification:Package 'src/robot_sensing' with type 'ros.ament_cmake' and name 'robot_sensing'
[1.533s] Level 1:colcon.colcon_core.package_identification:_identify(src/robot_test) by extensions ['ignore', 'ignore_ament_install']
[1.534s] Level 1:colcon.colcon_core.package_identification:_identify(src/robot_test) by extension 'ignore'
[1.534s] Level 1:colcon.colcon_core.package_identification:_identify(src/robot_test) by extension 'ignore_ament_install'
[1.534s] Level 1:colcon.colcon_core.package_identification:_identify(src/robot_test) by extensions ['colcon_pkg']
[1.534s] Level 1:colcon.colcon_core.package_identification:_identify(src/robot_test) by extension 'colcon_pkg'
[1.534s] Level 1:colcon.colcon_core.package_identification:_identify(src/robot_test) by extensions ['colcon_meta']
[1.535s] Level 1:colcon.colcon_core.package_identification:_identify(src/robot_test) by extension 'colcon_meta'
[1.535s] Level 1:colcon.colcon_core.package_identification:_identify(src/robot_test) by extensions ['ros']
[1.535s] Level 1:colcon.colcon_core.package_identification:_identify(src/robot_test) by extension 'ros'
[1.537s] DEBUG:colcon.colcon_core.package_identification:Package 'src/robot_test' with type 'ros.ament_cmake' and name 'robot_test'
[1.538s] Level 1:colcon.colcon_core.package_identification:_identify(src/ros_fundamental) by extensions ['ignore', 'ignore_ament_install']
[1.538s] Level 1:colcon.colcon_core.package_identification:_identify(src/ros_fundamental) by extension 'ignore'
[1.539s] Level 1:colcon.colcon_core.package_identification:_identify(src/ros_fundamental) by extension 'ignore_ament_install'
[1.540s] Level 1:colcon.colcon_core.package_identification:_identify(src/ros_fundamental) by extensions ['colcon_pkg']
[1.540s] Level 1:colcon.colcon_core.package_identification:_identify(src/ros_fundamental) by extension 'colcon_pkg'
[1.540s] Level 1:colcon.colcon_core.package_identification:_identify(src/ros_fundamental) by extensions ['colcon_meta']
[1.540s] Level 1:colcon.colcon_core.package_identification:_identify(src/ros_fundamental) by extension 'colcon_meta'
[1.541s] Level 1:colcon.colcon_core.package_identification:_identify(src/ros_fundamental) by extensions ['ros']
[1.541s] Level 1:colcon.colcon_core.package_identification:_identify(src/ros_fundamental) by extension 'ros'
[1.543s] DEBUG:colcon.colcon_core.package_identification:Package 'src/ros_fundamental' with type 'ros.ament_cmake' and name 'ros_fundamental'
[1.544s] Level 1:colcon.colcon_core.package_identification:_identify(src/turtlebot3) by extensions ['ignore', 'ignore_ament_install']
[1.545s] Level 1:colcon.colcon_core.package_identification:_identify(src/turtlebot3) by extension 'ignore'
[1.546s] Level 1:colcon.colcon_core.package_identification:_identify(src/turtlebot3) by extension 'ignore_ament_install'
[1.546s] Level 1:colcon.colcon_core.package_identification:_identify(src/turtlebot3) by extensions ['colcon_pkg']
[1.546s] Level 1:colcon.colcon_core.package_identification:_identify(src/turtlebot3) by extension 'colcon_pkg'
[1.547s] Level 1:colcon.colcon_core.package_identification:_identify(src/turtlebot3) by extensions ['colcon_meta']
[1.547s] Level 1:colcon.colcon_core.package_identification:_identify(src/turtlebot3) by extension 'colcon_meta'
[1.547s] Level 1:colcon.colcon_core.package_identification:_identify(src/turtlebot3) by extensions ['ros']
[1.548s] Level 1:colcon.colcon_core.package_identification:_identify(src/turtlebot3) by extension 'ros'
[1.548s] Level 1:colcon.colcon_core.package_identification:_identify(src/turtlebot3) by extensions ['cmake', 'python']
[1.548s] Level 1:colcon.colcon_core.package_identification:_identify(src/turtlebot3) by extension 'cmake'
[1.549s] Level 1:colcon.colcon_core.package_identification:_identify(src/turtlebot3) by extension 'python'
[1.549s] Level 1:colcon.colcon_core.package_identification:_identify(src/turtlebot3) by extensions ['python_setup_py']
[1.549s] Level 1:colcon.colcon_core.package_identification:_identify(src/turtlebot3) by extension 'python_setup_py'
[1.550s] Level 1:colcon.colcon_core.package_identification:_identify(src/turtlebot3/turtlebot3) by extensions ['ignore', 'ignore_ament_install']
[1.550s] Level 1:colcon.colcon_core.package_identification:_identify(src/turtlebot3/turtlebot3) by extension 'ignore'
[1.551s] Level 1:colcon.colcon_core.package_identification:_identify(src/turtlebot3/turtlebot3) by extension 'ignore_ament_install'
[1.551s] Level 1:colcon.colcon_core.package_identification:_identify(src/turtlebot3/turtlebot3) by extensions ['colcon_pkg']
[1.552s] Level 1:colcon.colcon_core.package_identification:_identify(src/turtlebot3/turtlebot3) by extension 'colcon_pkg'
[1.552s] Level 1:colcon.colcon_core.package_identification:_identify(src/turtlebot3/turtlebot3) by extensions ['colcon_meta']
[1.552s] Level 1:colcon.colcon_core.package_identification:_identify(src/turtlebot3/turtlebot3) by extension 'colcon_meta'
[1.552s] Level 1:colcon.colcon_core.package_identification:_identify(src/turtlebot3/turtlebot3) by extensions ['ros']
[1.553s] Level 1:colcon.colcon_core.package_identification:_identify(src/turtlebot3/turtlebot3) by extension 'ros'
[1.555s] DEBUG:colcon.colcon_core.package_identification:Package 'src/turtlebot3/turtlebot3' with type 'ros.ament_cmake' and name 'turtlebot3'
[1.556s] Level 1:colcon.colcon_core.package_identification:_identify(src/turtlebot3/turtlebot3_bringup) by extensions ['ignore', 'ignore_ament_install']
[1.556s] Level 1:colcon.colcon_core.package_identification:_identify(src/turtlebot3/turtlebot3_bringup) by extension 'ignore'
[1.557s] Level 1:colcon.colcon_core.package_identification:_identify(src/turtlebot3/turtlebot3_bringup) by extension 'ignore_ament_install'
[1.557s] Level 1:colcon.colcon_core.package_identification:_identify(src/turtlebot3/turtlebot3_bringup) by extensions ['colcon_pkg']
[1.557s] Level 1:colcon.colcon_core.package_identification:_identify(src/turtlebot3/turtlebot3_bringup) by extension 'colcon_pkg'
[1.558s] Level 1:colcon.colcon_core.package_identification:_identify(src/turtlebot3/turtlebot3_bringup) by extensions ['colcon_meta']
[1.558s] Level 1:colcon.colcon_core.package_identification:_identify(src/turtlebot3/turtlebot3_bringup) by extension 'colcon_meta'
[1.558s] Level 1:colcon.colcon_core.package_identification:_identify(src/turtlebot3/turtlebot3_bringup) by extensions ['ros']
[1.558s] Level 1:colcon.colcon_core.package_identification:_identify(src/turtlebot3/turtlebot3_bringup) by extension 'ros'
[1.561s] DEBUG:colcon.colcon_core.package_identification:Package 'src/turtlebot3/turtlebot3_bringup' with type 'ros.ament_cmake' and name 'turtlebot3_bringup'
[1.561s] Level 1:colcon.colcon_core.package_identification:_identify(src/turtlebot3/turtlebot3_cartographer) by extensions ['ignore', 'ignore_ament_install']
[1.562s] Level 1:colcon.colcon_core.package_identification:_identify(src/turtlebot3/turtlebot3_cartographer) by extension 'ignore'
[1.563s] Level 1:colcon.colcon_core.package_identification:_identify(src/turtlebot3/turtlebot3_cartographer) by extension 'ignore_ament_install'
[1.563s] Level 1:colcon.colcon_core.package_identification:_identify(src/turtlebot3/turtlebot3_cartographer) by extensions ['colcon_pkg']
[1.563s] Level 1:colcon.colcon_core.package_identification:_identify(src/turtlebot3/turtlebot3_cartographer) by extension 'colcon_pkg'
[1.564s] Level 1:colcon.colcon_core.package_identification:_identify(src/turtlebot3/turtlebot3_cartographer) by extensions ['colcon_meta']
[1.564s] Level 1:colcon.colcon_core.package_identification:_identify(src/turtlebot3/turtlebot3_cartographer) by extension 'colcon_meta'
[1.564s] Level 1:colcon.colcon_core.package_identification:_identify(src/turtlebot3/turtlebot3_cartographer) by extensions ['ros']
[1.564s] Level 1:colcon.colcon_core.package_identification:_identify(src/turtlebot3/turtlebot3_cartographer) by extension 'ros'
[1.566s] DEBUG:colcon.colcon_core.package_identification:Package 'src/turtlebot3/turtlebot3_cartographer' with type 'ros.ament_cmake' and name 'turtlebot3_cartographer'
[1.567s] Level 1:colcon.colcon_core.package_identification:_identify(src/turtlebot3/turtlebot3_description) by extensions ['ignore', 'ignore_ament_install']
[1.567s] Level 1:colcon.colcon_core.package_identification:_identify(src/turtlebot3/turtlebot3_description) by extension 'ignore'
[1.567s] Level 1:colcon.colcon_core.package_identification:_identify(src/turtlebot3/turtlebot3_description) by extension 'ignore_ament_install'
[1.568s] Level 1:colcon.colcon_core.package_identification:_identify(src/turtlebot3/turtlebot3_description) by extensions ['colcon_pkg']
[1.568s] Level 1:colcon.colcon_core.package_identification:_identify(src/turtlebot3/turtlebot3_description) by extension 'colcon_pkg'
[1.568s] Level 1:colcon.colcon_core.package_identification:_identify(src/turtlebot3/turtlebot3_description) by extensions ['colcon_meta']
[1.568s] Level 1:colcon.colcon_core.package_identification:_identify(src/turtlebot3/turtlebot3_description) by extension 'colcon_meta'
[1.568s] Level 1:colcon.colcon_core.package_identification:_identify(src/turtlebot3/turtlebot3_description) by extensions ['ros']
[1.568s] Level 1:colcon.colcon_core.package_identification:_identify(src/turtlebot3/turtlebot3_description) by extension 'ros'
[1.570s] DEBUG:colcon.colcon_core.package_identification:Package 'src/turtlebot3/turtlebot3_description' with type 'ros.ament_cmake' and name 'turtlebot3_description'
[1.571s] Level 1:colcon.colcon_core.package_identification:_identify(src/turtlebot3/turtlebot3_example) by extensions ['ignore', 'ignore_ament_install']
[1.571s] Level 1:colcon.colcon_core.package_identification:_identify(src/turtlebot3/turtlebot3_example) by extension 'ignore'
[1.571s] Level 1:colcon.colcon_core.package_identification:_identify(src/turtlebot3/turtlebot3_example) by extension 'ignore_ament_install'
[1.572s] Level 1:colcon.colcon_core.package_identification:_identify(src/turtlebot3/turtlebot3_example) by extensions ['colcon_pkg']
[1.572s] Level 1:colcon.colcon_core.package_identification:_identify(src/turtlebot3/turtlebot3_example) by extension 'colcon_pkg'
[1.572s] Level 1:colcon.colcon_core.package_identification:_identify(src/turtlebot3/turtlebot3_example) by extensions ['colcon_meta']
[1.572s] Level 1:colcon.colcon_core.package_identification:_identify(src/turtlebot3/turtlebot3_example) by extension 'colcon_meta'
[1.573s] Level 1:colcon.colcon_core.package_identification:_identify(src/turtlebot3/turtlebot3_example) by extensions ['ros']
[1.573s] Level 1:colcon.colcon_core.package_identification:_identify(src/turtlebot3/turtlebot3_example) by extension 'ros'
[1.578s] DEBUG:colcon.colcon_core.package_identification:Package 'src/turtlebot3/turtlebot3_example' with type 'ros.ament_python' and name 'turtlebot3_example'
[1.579s] Level 1:colcon.colcon_core.package_identification:_identify(src/turtlebot3/turtlebot3_navigation2) by extensions ['ignore', 'ignore_ament_install']
[1.580s] Level 1:colcon.colcon_core.package_identification:_identify(src/turtlebot3/turtlebot3_navigation2) by extension 'ignore'
[1.580s] Level 1:colcon.colcon_core.package_identification:_identify(src/turtlebot3/turtlebot3_navigation2) by extension 'ignore_ament_install'
[1.581s] Level 1:colcon.colcon_core.package_identification:_identify(src/turtlebot3/turtlebot3_navigation2) by extensions ['colcon_pkg']
[1.581s] Level 1:colcon.colcon_core.package_identification:_identify(src/turtlebot3/turtlebot3_navigation2) by extension 'colcon_pkg'
[1.581s] Level 1:colcon.colcon_core.package_identification:_identify(src/turtlebot3/turtlebot3_navigation2) by extensions ['colcon_meta']
[1.582s] Level 1:colcon.colcon_core.package_identification:_identify(src/turtlebot3/turtlebot3_navigation2) by extension 'colcon_meta'
[1.582s] Level 1:colcon.colcon_core.package_identification:_identify(src/turtlebot3/turtlebot3_navigation2) by extensions ['ros']
[1.582s] Level 1:colcon.colcon_core.package_identification:_identify(src/turtlebot3/turtlebot3_navigation2) by extension 'ros'
[1.585s] DEBUG:colcon.colcon_core.package_identification:Package 'src/turtlebot3/turtlebot3_navigation2' with type 'ros.ament_cmake' and name 'turtlebot3_navigation2'
[1.586s] Level 1:colcon.colcon_core.package_identification:_identify(src/turtlebot3/turtlebot3_node) by extensions ['ignore', 'ignore_ament_install']
[1.587s] Level 1:colcon.colcon_core.package_identification:_identify(src/turtlebot3/turtlebot3_node) by extension 'ignore'
[1.587s] Level 1:colcon.colcon_core.package_identification:_identify(src/turtlebot3/turtlebot3_node) by extension 'ignore_ament_install'
[1.587s] Level 1:colcon.colcon_core.package_identification:_identify(src/turtlebot3/turtlebot3_node) by extensions ['colcon_pkg']
[1.588s] Level 1:colcon.colcon_core.package_identification:_identify(src/turtlebot3/turtlebot3_node) by extension 'colcon_pkg'
[1.588s] Level 1:colcon.colcon_core.package_identification:_identify(src/turtlebot3/turtlebot3_node) by extensions ['colcon_meta']
[1.588s] Level 1:colcon.colcon_core.package_identification:_identify(src/turtlebot3/turtlebot3_node) by extension 'colcon_meta'
[1.589s] Level 1:colcon.colcon_core.package_identification:_identify(src/turtlebot3/turtlebot3_node) by extensions ['ros']
[1.589s] Level 1:colcon.colcon_core.package_identification:_identify(src/turtlebot3/turtlebot3_node) by extension 'ros'
[1.599s] DEBUG:colcon.colcon_core.package_identification:Package 'src/turtlebot3/turtlebot3_node' with type 'ros.ament_cmake' and name 'turtlebot3_node'
[1.600s] Level 1:colcon.colcon_core.package_identification:_identify(src/turtlebot3/turtlebot3_teleop) by extensions ['ignore', 'ignore_ament_install']
[1.600s] Level 1:colcon.colcon_core.package_identification:_identify(src/turtlebot3/turtlebot3_teleop) by extension 'ignore'
[1.601s] Level 1:colcon.colcon_core.package_identification:_identify(src/turtlebot3/turtlebot3_teleop) by extension 'ignore_ament_install'
[1.601s] Level 1:colcon.colcon_core.package_identification:_identify(src/turtlebot3/turtlebot3_teleop) by extensions ['colcon_pkg']
[1.601s] Level 1:colcon.colcon_core.package_identification:_identify(src/turtlebot3/turtlebot3_teleop) by extension 'colcon_pkg'
[1.602s] Level 1:colcon.colcon_core.package_identification:_identify(src/turtlebot3/turtlebot3_teleop) by extensions ['colcon_meta']
[1.602s] Level 1:colcon.colcon_core.package_identification:_identify(src/turtlebot3/turtlebot3_teleop) by extension 'colcon_meta'
[1.602s] Level 1:colcon.colcon_core.package_identification:_identify(src/turtlebot3/turtlebot3_teleop) by extensions ['ros']
[1.602s] Level 1:colcon.colcon_core.package_identification:_identify(src/turtlebot3/turtlebot3_teleop) by extension 'ros'
[1.606s] DEBUG:colcon.colcon_core.package_identification:Package 'src/turtlebot3/turtlebot3_teleop' with type 'ros.ament_python' and name 'turtlebot3_teleop'
[1.607s] Level 1:colcon.colcon_core.package_identification:_identify(src/urdf_tutorial_r2d2) by extensions ['ignore', 'ignore_ament_install']
[1.607s] Level 1:colcon.colcon_core.package_identification:_identify(src/urdf_tutorial_r2d2) by extension 'ignore'
[1.608s] Level 1:colcon.colcon_core.package_identification:_identify(src/urdf_tutorial_r2d2) by extension 'ignore_ament_install'
[1.608s] Level 1:colcon.colcon_core.package_identification:_identify(src/urdf_tutorial_r2d2) by extensions ['colcon_pkg']
[1.609s] Level 1:colcon.colcon_core.package_identification:_identify(src/urdf_tutorial_r2d2) by extension 'colcon_pkg'
[1.609s] Level 1:colcon.colcon_core.package_identification:_identify(src/urdf_tutorial_r2d2) by extensions ['colcon_meta']
[1.609s] Level 1:colcon.colcon_core.package_identification:_identify(src/urdf_tutorial_r2d2) by extension 'colcon_meta'
[1.610s] Level 1:colcon.colcon_core.package_identification:_identify(src/urdf_tutorial_r2d2) by extensions ['ros']
[1.610s] Level 1:colcon.colcon_core.package_identification:_identify(src/urdf_tutorial_r2d2) by extension 'ros'
[1.614s] DEBUG:colcon.colcon_core.package_identification:Package 'src/urdf_tutorial_r2d2' with type 'ros.ament_python' and name 'urdf_tutorial_r2d2'
[1.614s] Level 1:colcon.colcon_core.package_discovery:discover_packages(recursive) using defaults
[1.615s] Level 1:colcon.colcon_core.package_discovery:discover_packages(ignore) discover
[1.616s] Level 1:colcon.colcon_core.package_discovery:discover_packages(ignore) using defaults
[1.617s] Level 1:colcon.colcon_core.package_discovery:discover_packages(path) discover
[1.617s] Level 1:colcon.colcon_core.package_discovery:discover_packages(path) using defaults
[1.771s] INFO:colcon.colcon_core.package_selection:Skipping not selected package 'LineFollower' in 'src/c++_source'
[1.772s] INFO:colcon.colcon_core.package_selection:Skipping not selected package 'drive_tb3' in 'src/mobile_robotics_ROS2/drive_tb3'
[1.772s] INFO:colcon.colcon_core.package_selection:Skipping not selected package 'drive_turtle' in 'src/mobile_robotics_ROS2/drive_turtle'
[1.772s] INFO:colcon.colcon_core.package_selection:Skipping not selected package 'my_cpp_py_pkg' in 'src/my_cpp_py_pkg'
[1.772s] INFO:colcon.colcon_core.package_selection:Skipping not selected package 'navigation_tb3' in 'src/navigation_tb3'
[1.773s] INFO:colcon.colcon_core.package_selection:Skipping not selected package 'point_cloud_processing' in 'src/mobile_robotics_ROS2/point_cloud_processing'
[1.773s] INFO:colcon.colcon_core.package_selection:Skipping not selected package 'robot_control' in 'src/robot_control'
[1.773s] INFO:colcon.colcon_core.package_selection:Skipping not selected package 'robot_cpp' in 'src/robot_cpp'
[1.773s] INFO:colcon.colcon_core.package_selection:Skipping not selected package 'robot_python' in 'src/robot_python'
[1.773s] INFO:colcon.colcon_core.package_selection:Skipping not selected package 'robot_test' in 'src/robot_test'
[1.774s] INFO:colcon.colcon_core.package_selection:Skipping not selected package 'ros_fundamental' in 'src/ros_fundamental'
[1.774s] INFO:colcon.colcon_core.package_selection:Skipping not selected package 'turtlebot3_cartographer' in 'src/turtlebot3/turtlebot3_cartographer'
[1.774s] INFO:colcon.colcon_core.package_selection:Skipping not selected package 'turtlebot3_description' in 'src/turtlebot3/turtlebot3_description'
[1.774s] INFO:colcon.colcon_core.package_selection:Skipping not selected package 'turtlebot3_example' in 'src/turtlebot3/turtlebot3_example'
[1.774s] INFO:colcon.colcon_core.package_selection:Skipping not selected package 'turtlebot3_navigation2' in 'src/turtlebot3/turtlebot3_navigation2'
[1.774s] INFO:colcon.colcon_core.package_selection:Skipping not selected package 'turtlebot3_node' in 'src/turtlebot3/turtlebot3_node'
[1.774s] INFO:colcon.colcon_core.package_selection:Skipping not selected package 'turtlebot3_teleop' in 'src/turtlebot3/turtlebot3_teleop'
[1.775s] INFO:colcon.colcon_core.package_selection:Skipping not selected package 'urdf_tutorial_r2d2' in 'src/urdf_tutorial_r2d2'
[1.775s] INFO:colcon.colcon_core.package_selection:Skipping not selected package 'turtlebot3_bringup' in 'src/turtlebot3/turtlebot3_bringup'
[1.775s] INFO:colcon.colcon_core.package_selection:Skipping not selected package 'turtlebot3' in 'src/turtlebot3/turtlebot3'
[1.777s] Level 1:colcon.colcon_core.package_discovery:discover_packages(prefix_path) check parameters
[1.777s] Level 1:colcon.colcon_core.package_discovery:discover_packages(prefix_path) discover
[1.797s] DEBUG:colcon.colcon_installed_package_information.package_discovery:Found 32 installed packages in /home/yusuf/ros2_ws/install
[1.810s] DEBUG:colcon.colcon_installed_package_information.package_discovery:Found 421 installed packages in /opt/ros/humble
[1.824s] Level 1:colcon.colcon_core.package_discovery:discover_packages(prefix_path) using defaults
[2.155s] Level 5:colcon.colcon_core.verb:set package 'robot_sensing' build argument 'cmake_args' from command line to 'None'
[2.156s] Level 5:colcon.colcon_core.verb:set package 'robot_sensing' build argument 'cmake_target' from command line to 'None'
[2.156s] Level 5:colcon.colcon_core.verb:set package 'robot_sensing' build argument 'cmake_target_skip_unavailable' from command line to 'False'
[2.157s] Level 5:colcon.colcon_core.verb:set package 'robot_sensing' build argument 'cmake_clean_cache' from command line to 'False'
[2.157s] Level 5:colcon.colcon_core.verb:set package 'robot_sensing' build argument 'cmake_clean_first' from command line to 'False'
[2.158s] Level 5:colcon.colcon_core.verb:set package 'robot_sensing' build argument 'cmake_force_configure' from command line to 'False'
[2.159s] Level 5:colcon.colcon_core.verb:set package 'robot_sensing' build argument 'ament_cmake_args' from command line to 'None'
[2.159s] Level 5:colcon.colcon_core.verb:set package 'robot_sensing' build argument 'catkin_cmake_args' from command line to 'None'
[2.160s] Level 5:colcon.colcon_core.verb:set package 'robot_sensing' build argument 'catkin_skip_building_tests' from command line to 'False'
[2.160s] DEBUG:colcon.colcon_core.verb:Building package 'robot_sensing' with the following arguments: {'ament_cmake_args': None, 'build_base': '/home/yusuf/ros2_ws/build/robot_sensing', 'catkin_cmake_args': None, 'catkin_skip_building_tests': False, 'cmake_args': None, 'cmake_clean_cache': False, 'cmake_clean_first': False, 'cmake_force_configure': False, 'cmake_target': None, 'cmake_target_skip_unavailable': False, 'install_base': '/home/yusuf/ros2_ws/install/robot_sensing', 'merge_install': False, 'path': '/home/yusuf/ros2_ws/src/robot_sensing', 'symlink_install': False, 'test_result_base': None}
[2.162s] INFO:colcon.colcon_core.executor:Executing jobs using 'parallel' executor
[2.167s] DEBUG:colcon.colcon_parallel_executor.executor.parallel:run_until_complete
[2.168s] INFO:colcon.colcon_ros.task.ament_cmake.build:Building ROS package in '/home/yusuf/ros2_ws/src/robot_sensing' with build type 'ament_cmake'
[2.168s] INFO:colcon.colcon_cmake.task.cmake.build:Building CMake package in '/home/yusuf/ros2_ws/src/robot_sensing'
[2.184s] INFO:colcon.colcon_core.plugin_system:Skipping extension 'colcon_core.shell.bat': Not used on non-Windows systems
[2.185s] INFO:colcon.colcon_core.shell:Skip shell extension 'powershell' for command environment: Not usable outside of PowerShell
[2.185s] DEBUG:colcon.colcon_core.shell:Skip shell extension 'dsv' for command environment
[2.261s] DEBUG:colcon.colcon_core.event_handler.log_command:Invoking command in '/home/yusuf/ros2_ws/build/robot_sensing': CMAKE_PREFIX_PATH=${CMAKE_PREFIX_PATH}:/home/yusuf/ros2_ws/install/urdf_tutorial_r2d2:/home/yusuf/ros2_ws/install/turtlebot3_teleop:/home/yusuf/ros2_ws/install/turtlebot3_example:/home/yusuf/ros2_ws/install/robot_python:/opt/ros/humble /usr/bin/cmake --build /home/yusuf/ros2_ws/build/robot_sensing -- -j8 -l8
[45.166s] DEBUG:colcon.colcon_core.event_handler.log_command:Invoked command in '/home/yusuf/ros2_ws/build/robot_sensing' returned '0': CMAKE_PREFIX_PATH=${CMAKE_PREFIX_PATH}:/home/yusuf/ros2_ws/install/urdf_tutorial_r2d2:/home/yusuf/ros2_ws/install/turtlebot3_teleop:/home/yusuf/ros2_ws/install/turtlebot3_example:/home/yusuf/ros2_ws/install/robot_python:/opt/ros/humble /usr/bin/cmake --build /home/yusuf/ros2_ws/build/robot_sensing -- -j8 -l8
[45.463s] DEBUG:colcon.colcon_core.event_handler.log_command:Invoking command in '/home/yusuf/ros2_ws/build/robot_sensing': CMAKE_PREFIX_PATH=${CMAKE_PREFIX_PATH}:/home/yusuf/ros2_ws/install/urdf_tutorial_r2d2:/home/yusuf/ros2_ws/install/turtlebot3_teleop:/home/yusuf/ros2_ws/install/turtlebot3_example:/home/yusuf/ros2_ws/install/robot_python:/opt/ros/humble /usr/bin/cmake --install /home/yusuf/ros2_ws/build/robot_sensing
[45.619s] Level 1:colcon.colcon_core.environment:create_environment_scripts_only(robot_sensing)
[45.636s] Level 1:colcon.colcon_core.environment:checking '/home/yusuf/ros2_ws/install/robot_sensing' for CMake module files
[45.643s] Level 1:colcon.colcon_core.environment:checking '/home/yusuf/ros2_ws/install/robot_sensing' for CMake config files
[45.650s] DEBUG:colcon.colcon_core.event_handler.log_command:Invoked command in '/home/yusuf/ros2_ws/build/robot_sensing' returned '0': CMAKE_PREFIX_PATH=${CMAKE_PREFIX_PATH}:/home/yusuf/ros2_ws/install/urdf_tutorial_r2d2:/home/yusuf/ros2_ws/install/turtlebot3_teleop:/home/yusuf/ros2_ws/install/turtlebot3_example:/home/yusuf/ros2_ws/install/robot_python:/opt/ros/humble /usr/bin/cmake --install /home/yusuf/ros2_ws/build/robot_sensing
[45.657s] Level 1:colcon.colcon_core.shell:create_environment_hook('robot_sensing', 'cmake_prefix_path')
[45.658s] INFO:colcon.colcon_core.shell:Creating environment hook '/home/yusuf/ros2_ws/install/robot_sensing/share/robot_sensing/hook/cmake_prefix_path.ps1'
[45.661s] INFO:colcon.colcon_core.shell:Creating environment descriptor '/home/yusuf/ros2_ws/install/robot_sensing/share/robot_sensing/hook/cmake_prefix_path.dsv'
[45.679s] INFO:colcon.colcon_core.shell:Creating environment hook '/home/yusuf/ros2_ws/install/robot_sensing/share/robot_sensing/hook/cmake_prefix_path.sh'
[45.695s] Level 1:colcon.colcon_core.environment:checking '/home/yusuf/ros2_ws/install/robot_sensing/lib'
[45.696s] Level 1:colcon.colcon_core.environment:checking '/home/yusuf/ros2_ws/install/robot_sensing/bin'
[45.696s] Level 1:colcon.colcon_core.environment:checking '/home/yusuf/ros2_ws/install/robot_sensing/lib/pkgconfig/robot_sensing.pc'
[45.706s] Level 1:colcon.colcon_core.environment:checking '/home/yusuf/ros2_ws/install/robot_sensing/lib/python3.10/site-packages'
[45.707s] Level 1:colcon.colcon_core.environment:checking '/home/yusuf/ros2_ws/install/robot_sensing/bin'
[45.715s] INFO:colcon.colcon_core.shell:Creating package script '/home/yusuf/ros2_ws/install/robot_sensing/share/robot_sensing/package.ps1'
[45.722s] INFO:colcon.colcon_core.shell:Creating package descriptor '/home/yusuf/ros2_ws/install/robot_sensing/share/robot_sensing/package.dsv'
[45.750s] INFO:colcon.colcon_core.shell:Creating package script '/home/yusuf/ros2_ws/install/robot_sensing/share/robot_sensing/package.sh'
[45.773s] INFO:colcon.colcon_core.shell:Creating package script '/home/yusuf/ros2_ws/install/robot_sensing/share/robot_sensing/package.bash'
[45.789s] INFO:colcon.colcon_core.shell:Creating package script '/home/yusuf/ros2_ws/install/robot_sensing/share/robot_sensing/package.zsh'
[45.799s] Level 1:colcon.colcon_core.environment:create_file_with_runtime_dependencies(/home/yusuf/ros2_ws/install/robot_sensing/share/colcon-core/packages/robot_sensing)
[46.016s] Level 1:colcon.colcon_core.environment:create_environment_scripts_only(robot_sensing)
[46.017s] Level 1:colcon.colcon_core.environment:checking '/home/yusuf/ros2_ws/install/robot_sensing' for CMake module files
[46.020s] Level 1:colcon.colcon_core.environment:checking '/home/yusuf/ros2_ws/install/robot_sensing' for CMake config files
[46.022s] Level 1:colcon.colcon_core.shell:create_environment_hook('robot_sensing', 'cmake_prefix_path')
[46.024s] INFO:colcon.colcon_core.shell:Creating environment hook '/home/yusuf/ros2_ws/install/robot_sensing/share/robot_sensing/hook/cmake_prefix_path.ps1'
[46.030s] INFO:colcon.colcon_core.shell:Creating environment descriptor '/home/yusuf/ros2_ws/install/robot_sensing/share/robot_sensing/hook/cmake_prefix_path.dsv'
[46.034s] INFO:colcon.colcon_core.shell:Creating environment hook '/home/yusuf/ros2_ws/install/robot_sensing/share/robot_sensing/hook/cmake_prefix_path.sh'
[46.038s] Level 1:colcon.colcon_core.environment:checking '/home/yusuf/ros2_ws/install/robot_sensing/lib'
[46.039s] Level 1:colcon.colcon_core.environment:checking '/home/yusuf/ros2_ws/install/robot_sensing/bin'
[46.040s] Level 1:colcon.colcon_core.environment:checking '/home/yusuf/ros2_ws/install/robot_sensing/lib/pkgconfig/robot_sensing.pc'
[46.041s] Level 1:colcon.colcon_core.environment:checking '/home/yusuf/ros2_ws/install/robot_sensing/lib/python3.10/site-packages'
[46.044s] Level 1:colcon.colcon_core.environment:checking '/home/yusuf/ros2_ws/install/robot_sensing/bin'
[46.047s] INFO:colcon.colcon_core.shell:Creating package script '/home/yusuf/ros2_ws/install/robot_sensing/share/robot_sensing/package.ps1'
[46.054s] INFO:colcon.colcon_core.shell:Creating package descriptor '/home/yusuf/ros2_ws/install/robot_sensing/share/robot_sensing/package.dsv'
[46.060s] INFO:colcon.colcon_core.shell:Creating package script '/home/yusuf/ros2_ws/install/robot_sensing/share/robot_sensing/package.sh'
[46.065s] INFO:colcon.colcon_core.shell:Creating package script '/home/yusuf/ros2_ws/install/robot_sensing/share/robot_sensing/package.bash'
[46.068s] INFO:colcon.colcon_core.shell:Creating package script '/home/yusuf/ros2_ws/install/robot_sensing/share/robot_sensing/package.zsh'
[46.070s] Level 1:colcon.colcon_core.environment:create_file_with_runtime_dependencies(/home/yusuf/ros2_ws/install/robot_sensing/share/colcon-core/packages/robot_sensing)
[46.071s] DEBUG:colcon.colcon_parallel_executor.executor.parallel:closing loop
[46.073s] DEBUG:colcon.colcon_parallel_executor.executor.parallel:loop closed
[46.073s] DEBUG:colcon.colcon_parallel_executor.executor.parallel:run_until_complete finished with '0'
[46.073s] DEBUG:colcon.colcon_core.event_reactor:joining thread
[46.135s] INFO:colcon.colcon_core.plugin_system:Skipping extension 'colcon_notification.desktop_notification.notify_send': Could not find 'notify-send'
[46.136s] INFO:colcon.colcon_core.plugin_system:Skipping extension 'colcon_notification.desktop_notification.terminal_notifier': Not used on non-Darwin systems
[46.137s] INFO:colcon.colcon_core.plugin_system:Skipping extension 'colcon_notification.desktop_notification.win32': Not used on non-Windows systems
[46.137s] INFO:colcon.colcon_notification.desktop_notification:Sending desktop notification using 'notify2'
[46.144s] DEBUG:colcon.colcon_notification.desktop_notification.notify2:Failed to initialize notify2: org.freedesktop.DBus.Error.ServiceUnknown: The name org.freedesktop.Notifications was not provided by any .service files
[46.144s] DEBUG:colcon.colcon_core.event_reactor:joined thread
[46.146s] INFO:colcon.colcon_core.shell:Creating prefix script '/home/yusuf/ros2_ws/install/local_setup.ps1'
[46.154s] INFO:colcon.colcon_core.shell:Creating prefix util module '/home/yusuf/ros2_ws/install/_local_setup_util_ps1.py'
[46.164s] INFO:colcon.colcon_core.shell:Creating prefix chain script '/home/yusuf/ros2_ws/install/setup.ps1'
[46.182s] INFO:colcon.colcon_core.shell:Creating prefix script '/home/yusuf/ros2_ws/install/local_setup.sh'
[46.191s] INFO:colcon.colcon_core.shell:Creating prefix util module '/home/yusuf/ros2_ws/install/_local_setup_util_sh.py'
[46.194s] INFO:colcon.colcon_core.shell:Creating prefix chain script '/home/yusuf/ros2_ws/install/setup.sh'
[46.230s] INFO:colcon.colcon_core.shell:Creating prefix script '/home/yusuf/ros2_ws/install/local_setup.bash'
[46.234s] INFO:colcon.colcon_core.shell:Creating prefix chain script '/home/yusuf/ros2_ws/install/setup.bash'
[46.251s] INFO:colcon.colcon_core.shell:Creating prefix script '/home/yusuf/ros2_ws/install/local_setup.zsh'
[46.255s] INFO:colcon.colcon_core.shell:Creating prefix chain script '/home/yusuf/ros2_ws/install/setup.zsh'
