[0.369s] Invoking command in '/home/yusuf/ros2_ws/build/turtlebot3_bringup': AMENT_PREFIX_PATH=/home/yusuf/ros2_ws/install/turtlebot3_node:/home/yusuf/ros2_ws/install/turtlebot3_description:${AMENT_PREFIX_PATH} CMAKE_PREFIX_PATH=/home/yusuf/ros2_ws/install/turtlebot3_node:/home/yusuf/ros2_ws/install/turtlebot3_description:/opt/ros/humble /usr/bin/cmake --build /home/yusuf/ros2_ws/build/turtlebot3_bringup -- -j8 -l8
[0.559s] Invoked command in '/home/yusuf/ros2_ws/build/turtlebot3_bringup' returned '0': AMENT_PREFIX_PATH=/home/yusuf/ros2_ws/install/turtlebot3_node:/home/yusuf/ros2_ws/install/turtlebot3_description:${AMENT_PREFIX_PATH} CMAKE_PREFIX_PATH=/home/yusuf/ros2_ws/install/turtlebot3_node:/home/yusuf/ros2_ws/install/turtlebot3_description:/opt/ros/humble /usr/bin/cmake --build /home/yusuf/ros2_ws/build/turtlebot3_bringup -- -j8 -l8
[0.690s] Invoking command in '/home/yusuf/ros2_ws/build/turtlebot3_bringup': AMENT_PREFIX_PATH=/home/yusuf/ros2_ws/install/turtlebot3_node:/home/yusuf/ros2_ws/install/turtlebot3_description:${AMENT_PREFIX_PATH} CMAKE_PREFIX_PATH=/home/yusuf/ros2_ws/install/turtlebot3_node:/home/yusuf/ros2_ws/install/turtlebot3_description:/opt/ros/humble /usr/bin/cmake --install /home/yusuf/ros2_ws/build/turtlebot3_bringup
[0.705s] -- Install configuration: ""
[0.705s] -- Up-to-date: /home/yusuf/ros2_ws/install/turtlebot3_bringup/share/turtlebot3_bringup/launch
[0.706s] -- Up-to-date: /home/yusuf/ros2_ws/install/turtlebot3_bringup/share/turtlebot3_bringup/launch/rviz2.launch.py
[0.706s] -- Up-to-date: /home/yusuf/ros2_ws/install/turtlebot3_bringup/share/turtlebot3_bringup/launch/turtlebot3_state_publisher.launch.py
[0.706s] -- Up-to-date: /home/yusuf/ros2_ws/install/turtlebot3_bringup/share/turtlebot3_bringup/launch/robot.launch.py
[0.706s] -- Up-to-date: /home/yusuf/ros2_ws/install/turtlebot3_bringup/share/turtlebot3_bringup/param
[0.707s] -- Up-to-date: /home/yusuf/ros2_ws/install/turtlebot3_bringup/share/turtlebot3_bringup/param/waffle.yaml
[0.708s] -- Up-to-date: /home/yusuf/ros2_ws/install/turtlebot3_bringup/share/turtlebot3_bringup/param/waffle_pi.yaml
[0.708s] -- Up-to-date: /home/yusuf/ros2_ws/install/turtlebot3_bringup/share/turtlebot3_bringup/param/burger.yaml
[0.708s] -- Up-to-date: /home/yusuf/ros2_ws/install/turtlebot3_bringup/share/turtlebot3_bringup/script
[0.709s] -- Up-to-date: /home/yusuf/ros2_ws/install/turtlebot3_bringup/share/turtlebot3_bringup/script/create_udev_rules
[0.709s] -- Up-to-date: /home/yusuf/ros2_ws/install/turtlebot3_bringup/share/turtlebot3_bringup/script/99-turtlebot3-cdc.rules
[0.710s] -- Up-to-date: /home/yusuf/ros2_ws/install/turtlebot3_bringup/share/ament_index/resource_index/package_run_dependencies/turtlebot3_bringup
[0.710s] -- Up-to-date: /home/yusuf/ros2_ws/install/turtlebot3_bringup/share/ament_index/resource_index/parent_prefix_path/turtlebot3_bringup
[0.710s] -- Up-to-date: /home/yusuf/ros2_ws/install/turtlebot3_bringup/share/turtlebot3_bringup/environment/ament_prefix_path.sh
[0.710s] -- Up-to-date: /home/yusuf/ros2_ws/install/turtlebot3_bringup/share/turtlebot3_bringup/environment/ament_prefix_path.dsv
[0.711s] -- Up-to-date: /home/yusuf/ros2_ws/install/turtlebot3_bringup/share/turtlebot3_bringup/environment/path.sh
[0.712s] -- Up-to-date: /home/yusuf/ros2_ws/install/turtlebot3_bringup/share/turtlebot3_bringup/environment/path.dsv
[0.716s] -- Up-to-date: /home/yusuf/ros2_ws/install/turtlebot3_bringup/share/turtlebot3_bringup/local_setup.bash
[0.716s] -- Up-to-date: /home/yusuf/ros2_ws/install/turtlebot3_bringup/share/turtlebot3_bringup/local_setup.sh
[0.718s] -- Up-to-date: /home/yusuf/ros2_ws/install/turtlebot3_bringup/share/turtlebot3_bringup/local_setup.zsh
[0.719s] -- Up-to-date: /home/yusuf/ros2_ws/install/turtlebot3_bringup/share/turtlebot3_bringup/local_setup.dsv
[0.720s] -- Installing: /home/yusuf/ros2_ws/install/turtlebot3_bringup/share/turtlebot3_bringup/package.dsv
[0.720s] -- Up-to-date: /home/yusuf/ros2_ws/install/turtlebot3_bringup/share/ament_index/resource_index/packages/turtlebot3_bringup
[0.721s] -- Up-to-date: /home/yusuf/ros2_ws/install/turtlebot3_bringup/share/turtlebot3_bringup/cmake/turtlebot3_bringupConfig.cmake
[0.721s] -- Up-to-date: /home/yusuf/ros2_ws/install/turtlebot3_bringup/share/turtlebot3_bringup/cmake/turtlebot3_bringupConfig-version.cmake
[0.721s] -- Up-to-date: /home/yusuf/ros2_ws/install/turtlebot3_bringup/share/turtlebot3_bringup/package.xml
[0.724s] Invoked command in '/home/yusuf/ros2_ws/build/turtlebot3_bringup' returned '0': AMENT_PREFIX_PATH=/home/yusuf/ros2_ws/install/turtlebot3_node:/home/yusuf/ros2_ws/install/turtlebot3_description:${AMENT_PREFIX_PATH} CMAKE_PREFIX_PATH=/home/yusuf/ros2_ws/install/turtlebot3_node:/home/yusuf/ros2_ws/install/turtlebot3_description:/opt/ros/humble /usr/bin/cmake --install /home/yusuf/ros2_ws/build/turtlebot3_bringup
