[0.169s] Invoking command in '/home/yusuf/ros2_ws/build/robot_cpp': CMAKE_PREFIX_PATH=${CMAKE_PREFIX_PATH}:/home/yusuf/ros2_ws/install/urdf_tutorial_r2d2:/home/yusuf/ros2_ws/install/turtlebot3_teleop:/home/yusuf/ros2_ws/install/turtlebot3_fake_node:/home/yusuf/ros2_ws/install/turtlebot3_example:/home/yusuf/ros2_ws/install/robot_python:/home/yusuf/mir_robot/install/ros2_aruco:/home/yusuf/mir_robot/install/point_cloud_functions:/home/yusuf/mir_robot/install/mir_restapi:/home/yusuf/mir_robot/install/mir_driver:/opt/ros/humble /usr/bin/cmake /home/yusuf/ros2_ws/src/robot_cpp -DCMAKE_INSTALL_PREFIX=/home/yusuf/ros2_ws/install/robot_cpp
[2.806s] -- The C compiler identification is GNU 11.4.0
[2.806s] -- The CXX compiler identification is GNU 11.4.0
[2.807s] -- Detecting C compiler ABI info
[2.807s] -- Detecting C compiler ABI info - done
[2.808s] -- Check for working C compiler: /usr/bin/cc - skipped
[2.808s] -- Detecting C compile features
[2.809s] -- Detecting C compile features - done
[2.809s] -- Detecting CXX compiler ABI info
[2.810s] -- Detecting CXX compiler ABI info - done
[2.810s] -- Check for working CXX compiler: /usr/bin/c++ - skipped
[2.810s] -- Detecting CXX compile features
[2.811s] -- Detecting CXX compile features - done
[2.825s] -- Found ament_cmake: 1.3.9 (/opt/ros/humble/share/ament_cmake/cmake)
[4.140s] -- Found Python3: /usr/bin/python3 (found version "3.10.12") found components: Interpreter 
[5.390s] -- Found ament_lint_auto: 0.12.11 (/opt/ros/humble/share/ament_lint_auto/cmake)
[6.157s] -- Added test 'lint_cmake' to check CMake code style
[6.169s] -- Added test 'xmllint' to check XML markup files
[6.198s] -- Configuring done
[6.199s] -- Generating done
[6.206s] -- Build files have been written to: /home/yusuf/ros2_ws/build/robot_cpp
[6.264s] Invoked command in '/home/yusuf/ros2_ws/build/robot_cpp' returned '0': CMAKE_PREFIX_PATH=${CMAKE_PREFIX_PATH}:/home/yusuf/ros2_ws/install/urdf_tutorial_r2d2:/home/yusuf/ros2_ws/install/turtlebot3_teleop:/home/yusuf/ros2_ws/install/turtlebot3_fake_node:/home/yusuf/ros2_ws/install/turtlebot3_example:/home/yusuf/ros2_ws/install/robot_python:/home/yusuf/mir_robot/install/ros2_aruco:/home/yusuf/mir_robot/install/point_cloud_functions:/home/yusuf/mir_robot/install/mir_restapi:/home/yusuf/mir_robot/install/mir_driver:/opt/ros/humble /usr/bin/cmake /home/yusuf/ros2_ws/src/robot_cpp -DCMAKE_INSTALL_PREFIX=/home/yusuf/ros2_ws/install/robot_cpp
[6.267s] Invoking command in '/home/yusuf/ros2_ws/build/robot_cpp': CMAKE_PREFIX_PATH=${CMAKE_PREFIX_PATH}:/home/yusuf/ros2_ws/install/urdf_tutorial_r2d2:/home/yusuf/ros2_ws/install/turtlebot3_teleop:/home/yusuf/ros2_ws/install/turtlebot3_fake_node:/home/yusuf/ros2_ws/install/turtlebot3_example:/home/yusuf/ros2_ws/install/robot_python:/home/yusuf/mir_robot/install/ros2_aruco:/home/yusuf/mir_robot/install/point_cloud_functions:/home/yusuf/mir_robot/install/mir_restapi:/home/yusuf/mir_robot/install/mir_driver:/opt/ros/humble /usr/bin/cmake --build /home/yusuf/ros2_ws/build/robot_cpp -- -j8 -l8
[6.598s] Invoked command in '/home/yusuf/ros2_ws/build/robot_cpp' returned '0': CMAKE_PREFIX_PATH=${CMAKE_PREFIX_PATH}:/home/yusuf/ros2_ws/install/urdf_tutorial_r2d2:/home/yusuf/ros2_ws/install/turtlebot3_teleop:/home/yusuf/ros2_ws/install/turtlebot3_fake_node:/home/yusuf/ros2_ws/install/turtlebot3_example:/home/yusuf/ros2_ws/install/robot_python:/home/yusuf/mir_robot/install/ros2_aruco:/home/yusuf/mir_robot/install/point_cloud_functions:/home/yusuf/mir_robot/install/mir_restapi:/home/yusuf/mir_robot/install/mir_driver:/opt/ros/humble /usr/bin/cmake --build /home/yusuf/ros2_ws/build/robot_cpp -- -j8 -l8
[7.201s] Invoking command in '/home/yusuf/ros2_ws/build/robot_cpp': CMAKE_PREFIX_PATH=${CMAKE_PREFIX_PATH}:/home/yusuf/ros2_ws/install/urdf_tutorial_r2d2:/home/yusuf/ros2_ws/install/turtlebot3_teleop:/home/yusuf/ros2_ws/install/turtlebot3_fake_node:/home/yusuf/ros2_ws/install/turtlebot3_example:/home/yusuf/ros2_ws/install/robot_python:/home/yusuf/mir_robot/install/ros2_aruco:/home/yusuf/mir_robot/install/point_cloud_functions:/home/yusuf/mir_robot/install/mir_restapi:/home/yusuf/mir_robot/install/mir_driver:/opt/ros/humble /usr/bin/cmake --install /home/yusuf/ros2_ws/build/robot_cpp
[7.255s] -- Install configuration: ""
[7.260s] -- Installing: /home/yusuf/ros2_ws/install/robot_cpp/share/ament_index/resource_index/package_run_dependencies/robot_cpp
[7.270s] -- Installing: /home/yusuf/ros2_ws/install/robot_cpp/share/ament_index/resource_index/parent_prefix_path/robot_cpp
[7.280s] -- Installing: /home/yusuf/ros2_ws/install/robot_cpp/share/robot_cpp/environment/ament_prefix_path.sh
[7.281s] -- Installing: /home/yusuf/ros2_ws/install/robot_cpp/share/robot_cpp/environment/ament_prefix_path.dsv
[7.282s] -- Installing: /home/yusuf/ros2_ws/install/robot_cpp/share/robot_cpp/environment/path.sh
[7.284s] -- Installing: /home/yusuf/ros2_ws/install/robot_cpp/share/robot_cpp/environment/path.dsv
[7.285s] -- Installing: /home/yusuf/ros2_ws/install/robot_cpp/share/robot_cpp/local_setup.bash
[7.292s] -- Installing: /home/yusuf/ros2_ws/install/robot_cpp/share/robot_cpp/local_setup.sh
[7.294s] -- Installing: /home/yusuf/ros2_ws/install/robot_cpp/share/robot_cpp/local_setup.zsh
[7.296s] -- Installing: /home/yusuf/ros2_ws/install/robot_cpp/share/robot_cpp/local_setup.dsv
[7.297s] -- Installing: /home/yusuf/ros2_ws/install/robot_cpp/share/robot_cpp/package.dsv
[7.299s] -- Installing: /home/yusuf/ros2_ws/install/robot_cpp/share/ament_index/resource_index/packages/robot_cpp
[7.301s] -- Installing: /home/yusuf/ros2_ws/install/robot_cpp/share/robot_cpp/cmake/robot_cppConfig.cmake
[7.302s] -- Installing: /home/yusuf/ros2_ws/install/robot_cpp/share/robot_cpp/cmake/robot_cppConfig-version.cmake
[7.304s] -- Installing: /home/yusuf/ros2_ws/install/robot_cpp/share/robot_cpp/package.xml
[7.312s] Invoked command in '/home/yusuf/ros2_ws/build/robot_cpp' returned '0': CMAKE_PREFIX_PATH=${CMAKE_PREFIX_PATH}:/home/yusuf/ros2_ws/install/urdf_tutorial_r2d2:/home/yusuf/ros2_ws/install/turtlebot3_teleop:/home/yusuf/ros2_ws/install/turtlebot3_fake_node:/home/yusuf/ros2_ws/install/turtlebot3_example:/home/yusuf/ros2_ws/install/robot_python:/home/yusuf/mir_robot/install/ros2_aruco:/home/yusuf/mir_robot/install/point_cloud_functions:/home/yusuf/mir_robot/install/mir_restapi:/home/yusuf/mir_robot/install/mir_driver:/opt/ros/humble /usr/bin/cmake --install /home/yusuf/ros2_ws/build/robot_cpp
