-- Found ament_cmake: 1.3.8 (/opt/ros/humble/share/ament_cmake/cmake)
-- Found Python3: /usr/bin/python3 (found version "3.10.12") found components: Interpreter 
-- Found rclcpp: 16.0.8 (/opt/ros/humble/share/rclcpp/cmake)
-- Found rosidl_generator_c: 3.1.5 (/opt/ros/humble/share/rosidl_generator_c/cmake)
-- Found rosidl_adapter: 3.1.5 (/opt/ros/humble/share/rosidl_adapter/cmake)
-- Found rosidl_generator_cpp: 3.1.5 (/opt/ros/humble/share/rosidl_generator_cpp/cmake)
-- Using all available rosidl_typesupport_c: rosidl_typesupport_fastrtps_c;rosidl_typesupport_introspection_c
-- Using all available rosidl_typesupport_cpp: rosidl_typesupport_fastrtps_cpp;rosidl_typesupport_introspection_cpp
-- Found rmw_implementation_cmake: 6.1.1 (/opt/ros/humble/share/rmw_implementation_cmake/cmake)
-- Found rmw_fastrtps_cpp: 6.2.6 (/opt/ros/humble/share/rmw_fastrtps_cpp/cmake)
-- Using RMW implementation 'rmw_fastrtps_cpp' as default
-- Found geometry_msgs: 4.2.3 (/opt/ros/humble/share/geometry_msgs/cmake)
-- Found nav_msgs: 4.2.3 (/opt/ros/humble/share/nav_msgs/cmake)
-- Found tf2: 0.25.6 (/opt/ros/humble/share/tf2/cmake)
-- Found sensor_msgs: 4.2.3 (/opt/ros/humble/share/sensor_msgs/cmake)
-- Found cv_bridge: 3.2.1 (/opt/ros/humble/share/cv_bridge/cmake)
-- Found gazebo_msgs: 3.7.0 (/opt/ros/humble/share/gazebo_msgs/cmake)
-- Configuring done
-- Generating done
-- Build files have been written to: /home/yusuf/ros2_ws/build/drive_tb3
[35m[1mConsolidate compiler generated dependencies of target p2_multi_tb3_sqaure_drive[0m
[35m[1mConsolidate compiler generated dependencies of target p3_c_linear_goal[0m
[35m[1mConsolidate compiler generated dependencies of target p3_a_acceleration[0m
[35m[1mConsolidate compiler generated dependencies of target p3_b_angular_velocity[0m
[35m[1mConsolidate compiler generated dependencies of target p5_b_maze_solving[0m
[35m[1mConsolidate compiler generated dependencies of target p5_a_lidar_data_sub[0m
[35m[1mConsolidate compiler generated dependencies of target p3_d_xy_goal[0m
[35m[1mConsolidate compiler generated dependencies of target p5_c_camera_data_sub[0m
[  4%] [32mBuilding CXX object CMakeFiles/p3_c_linear_goal.dir/src/p3_c_linear_goal.cpp.o[0m
[  9%] [32mBuilding CXX object CMakeFiles/p5_a_lidar_data_sub.dir/src/p5_a_lidar_data_sub.cpp.o[0m
[ 13%] [32mBuilding CXX object CMakeFiles/p3_a_acceleration.dir/src/p3_a_acceleration.cpp.o[0m
[ 22%] [32mBuilding CXX object CMakeFiles/p2_multi_tb3_sqaure_drive.dir/src/p2_multi_tb3_sqaure_drive.cpp.o[0m
[ 22%] [32mBuilding CXX object CMakeFiles/p3_b_angular_velocity.dir/src/p3_b_angular_velocity.cpp.o[0m
[ 31%] [32mBuilding CXX object CMakeFiles/p3_d_xy_goal.dir/src/p3_d_xy_goal.cpp.o[0m
[ 27%] [32mBuilding CXX object CMakeFiles/p5_c_camera_data_sub.dir/src/p5_c_camera_data_sub.cpp.o[0m
[ 36%] [32mBuilding CXX object CMakeFiles/p5_b_maze_solving.dir/src/p5_b_maze_solving.cpp.o[0m
[01m[K/home/yusuf/ros2_ws/src/mobile_robotics_ROS2/drive_tb3/src/p5_b_maze_solving.cpp:[m[K In member function ‘[01m[Kvoid lidar_subscriber::lidar_callback(sensor_msgs::msg::LaserScan_<std::allocator<void> >::SharedPtr)[m[K’:
[01m[K/home/yusuf/ros2_ws/src/mobile_robotics_ROS2/drive_tb3/src/p5_b_maze_solving.cpp:51:16:[m[K [01;35m[Kwarning: [m[Kenumeration value ‘[01m[KOUT_OF_MAZE[m[K’ not handled in switch [[01;35m[K]8;;https://gcc.gnu.org/onlinedocs/gcc/Warning-Options.html#index-Wswitch-Wswitch]8;;[m[K]
   51 |         switch [01;35m[K([m[Kstate_)
      |                [01;35m[K^[m[K
[ 40%] [32m[1mLinking CXX executable p2_multi_tb3_sqaure_drive[0m
[ 45%] [32m[1mLinking CXX executable p3_a_acceleration[0m
[ 45%] Built target p2_multi_tb3_sqaure_drive
[ 50%] [32m[1mLinking CXX executable p3_b_angular_velocity[0m
[ 50%] Built target p3_a_acceleration
[ 50%] Built target p3_b_angular_velocity
[ 54%] [32m[1mLinking CXX executable p5_c_camera_data_sub[0m
[ 59%] [32m[1mLinking CXX executable p3_d_xy_goal[0m
[ 63%] [32m[1mLinking CXX executable p5_a_lidar_data_sub[0m
[ 68%] [32m[1mLinking CXX executable p3_c_linear_goal[0m
[ 68%] Built target p3_d_xy_goal
[ 68%] Built target p5_a_lidar_data_sub
[ 72%] [32m[1mLinking CXX executable p5_b_maze_solving[0m
[ 72%] Built target p3_c_linear_goal
[ 72%] Built target p5_c_camera_data_sub
[ 72%] Built target p5_b_maze_solving
[35m[1mConsolidate compiler generated dependencies of target p6_b_sdf_spawner[0m
[ 77%] [32mBuilding CXX object CMakeFiles/p6_b_sdf_spawner.dir/src/p6_b_sdf_spawner.cpp.o[0m
[ 81%] [32m[1mLinking CXX executable p6_b_sdf_spawner[0m
[ 81%] Built target p6_b_sdf_spawner
[35m[1mConsolidate compiler generated dependencies of target p6_a_occupancy_grid[0m
[ 86%] [32mBuilding CXX object CMakeFiles/p6_a_occupancy_grid.dir/src/p6_a_occupancy_grid.cpp.o[0m
[ 90%] [32m[1mLinking CXX executable p6_a_occupancy_grid[0m
[ 90%] Built target p6_a_occupancy_grid
[35m[1mConsolidate compiler generated dependencies of target p5_d_line_following[0m
[ 95%] [32mBuilding CXX object CMakeFiles/p5_d_line_following.dir/src/p5_d_line_following.cpp.o[0m
[100%] [32m[1mLinking CXX executable p5_d_line_following[0m
[100%] Built target p5_d_line_following
