[0.190s] Invoking command in '/home/yusuf/ros2_ws/build/LineFollower': /usr/bin/cmake /home/yusuf/ros2_ws/src/c++_source -DCMAKE_INSTALL_PREFIX=/home/yusuf/ros2_ws/install/LineFollower
[0.407s] -- The C compiler identification is GNU 11.4.0
[0.572s] -- The CXX compiler identification is GNU 11.4.0
[0.592s] -- Detecting C compiler ABI info
[0.964s] -- Detecting C compiler ABI info - done
[0.999s] -- Check for working C compiler: /usr/bin/cc - skipped
[1.002s] -- Detecting C compile features
[1.004s] -- Detecting C compile features - done
[1.022s] -- Detecting CXX compiler ABI info
[1.229s] -- Detecting CXX compiler ABI info - done
[1.254s] -- Check for working CXX compiler: /usr/bin/c++ - skipped
[1.256s] -- Detecting CXX compile features
[1.259s] -- Detecting CXX compile features - done
[1.265s] -- Configuring done
[1.271s] -- Generating done
[1.273s] -- Build files have been written to: /home/yusuf/ros2_ws/build/LineFollower
[1.525s] Invoked command in '/home/yusuf/ros2_ws/build/LineFollower' returned '0': /usr/bin/cmake /home/yusuf/ros2_ws/src/c++_source -DCMAKE_INSTALL_PREFIX=/home/yusuf/ros2_ws/install/LineFollower
[1.547s] Invoking command in '/home/yusuf/ros2_ws/build/LineFollower': /usr/bin/cmake --build /home/yusuf/ros2_ws/build/LineFollower -- -j8 -l8
[3.376s] [ 20%] [32mBuilding CXX object CMakeFiles/LFH.dir/LF_main.cpp.o[0m
[3.377s] [ 40%] [32mBuilding CXX object CMakeFiles/LFH.dir/linefollowing.cpp.o[0m
[3.377s] [ 60%] [32mBuilding CXX object CMakeFiles/PRL.dir/pointer_robot_location.cpp.o[0m
[3.666s] [01m[K/home/yusuf/ros2_ws/src/c++_source/pointer_robot_location.cpp:[m[K In function ‘[01m[Kint main()[m[K’:
[3.667s] [01m[K/home/yusuf/ros2_ws/src/c++_source/pointer_robot_location.cpp:21:16:[m[K [01;31m[Kerror: [m[Kredeclaration of ‘[01m[Kstd::vector<int>* inputdatap[m[K’
[3.667s]    21 |   vector<int>* [01;31m[Kinputdatap[m[K = new vector<int>{20, 34, 67};
[3.667s]       |                [01;31m[K^~~~~~~~~~[m[K
[3.676s] [01m[K/home/yusuf/ros2_ws/src/c++_source/pointer_robot_location.cpp:16:16:[m[K [01;36m[Knote: [m[K‘[01m[Kstd::vector<int>* inputdatap[m[K’ previously declared here
[3.677s]    16 |   vector<int>* [01;36m[Kinputdatap[m[K = &inputdata; // variable pointer harus pakai
[3.677s]       |                [01;36m[K^~~~~~~~~~[m[K
[3.939s] gmake[2]: *** [CMakeFiles/PRL.dir/build.make:76: CMakeFiles/PRL.dir/pointer_robot_location.cpp.o] Error 1
[3.940s] gmake[1]: *** [CMakeFiles/Makefile2:111: CMakeFiles/PRL.dir/all] Error 2
[3.940s] gmake[1]: *** Waiting for unfinished jobs....
[4.365s] [ 80%] [32m[1mLinking CXX executable LFH[0m
[5.137s] [ 80%] Built target LFH
[5.140s] gmake: *** [Makefile:91: all] Error 2
[5.145s] Invoked command in '/home/yusuf/ros2_ws/build/LineFollower' returned '2': /usr/bin/cmake --build /home/yusuf/ros2_ws/build/LineFollower -- -j8 -l8
