[1.580s] Invoking command in '/home/yusuf/ros2_ws/build/turtlebot3_simulations': CMAKE_PREFIX_PATH=/home/yusuf/ros2_ws/install/turtlebot3_gazebo:/home/yusuf/ros2_ws/install/turtlebot3_fake_node:/home/yusuf/ros2_ws/install/navigation_tb3:/home/yusuf/ros2_ws/install/navigation_1:/home/yusuf/ros2_learners/install/turtlebot3_gazebo:/home/yusuf/ros2_learners/install/point_cloud_perception:/home/yusuf/ros2_learners/install/nodes:/home/yusuf/ros2_learners/install/navigation_tb3:/home/yusuf/ros2_ws/install/turtlebot3_simulations:/home/yusuf/ros2_ws/install/robot_test:/home/yusuf/ros2_ws/install/robot_cpp:/home/yusuf/ros2_ws/install/robot_control:/home/yusuf/ros2_ws/install/navigation_:/home/yusuf/ros2_ws/install/my_cpp_py_pkg:/home/yusuf/ros2_learners/install/robot_math:/home/yusuf/ros2_ws/install/robot_python:/opt/ros/humble /usr/bin/cmake --build /home/yusuf/ros2_ws/build/turtlebot3_simulations -- -j8 -l8
[1.775s] Invoked command in '/home/yusuf/ros2_ws/build/turtlebot3_simulations' returned '0': CMAKE_PREFIX_PATH=/home/yusuf/ros2_ws/install/turtlebot3_gazebo:/home/yusuf/ros2_ws/install/turtlebot3_fake_node:/home/yusuf/ros2_ws/install/navigation_tb3:/home/yusuf/ros2_ws/install/navigation_1:/home/yusuf/ros2_learners/install/turtlebot3_gazebo:/home/yusuf/ros2_learners/install/point_cloud_perception:/home/yusuf/ros2_learners/install/nodes:/home/yusuf/ros2_learners/install/navigation_tb3:/home/yusuf/ros2_ws/install/turtlebot3_simulations:/home/yusuf/ros2_ws/install/robot_test:/home/yusuf/ros2_ws/install/robot_cpp:/home/yusuf/ros2_ws/install/robot_control:/home/yusuf/ros2_ws/install/navigation_:/home/yusuf/ros2_ws/install/my_cpp_py_pkg:/home/yusuf/ros2_learners/install/robot_math:/home/yusuf/ros2_ws/install/robot_python:/opt/ros/humble /usr/bin/cmake --build /home/yusuf/ros2_ws/build/turtlebot3_simulations -- -j8 -l8
[1.900s] Invoking command in '/home/yusuf/ros2_ws/build/turtlebot3_simulations': CMAKE_PREFIX_PATH=/home/yusuf/ros2_ws/install/turtlebot3_gazebo:/home/yusuf/ros2_ws/install/turtlebot3_fake_node:/home/yusuf/ros2_ws/install/navigation_tb3:/home/yusuf/ros2_ws/install/navigation_1:/home/yusuf/ros2_learners/install/turtlebot3_gazebo:/home/yusuf/ros2_learners/install/point_cloud_perception:/home/yusuf/ros2_learners/install/nodes:/home/yusuf/ros2_learners/install/navigation_tb3:/home/yusuf/ros2_ws/install/turtlebot3_simulations:/home/yusuf/ros2_ws/install/robot_test:/home/yusuf/ros2_ws/install/robot_cpp:/home/yusuf/ros2_ws/install/robot_control:/home/yusuf/ros2_ws/install/navigation_:/home/yusuf/ros2_ws/install/my_cpp_py_pkg:/home/yusuf/ros2_learners/install/robot_math:/home/yusuf/ros2_ws/install/robot_python:/opt/ros/humble /usr/bin/cmake --install /home/yusuf/ros2_ws/build/turtlebot3_simulations
[1.944s] -- Install configuration: ""
[1.945s] -- Up-to-date: /home/yusuf/ros2_ws/install/turtlebot3_simulations/share/ament_index/resource_index/package_run_dependencies/turtlebot3_simulations
[1.946s] -- Up-to-date: /home/yusuf/ros2_ws/install/turtlebot3_simulations/share/ament_index/resource_index/parent_prefix_path/turtlebot3_simulations
[1.947s] -- Up-to-date: /home/yusuf/ros2_ws/install/turtlebot3_simulations/share/turtlebot3_simulations/environment/ament_prefix_path.sh
[1.947s] -- Up-to-date: /home/yusuf/ros2_ws/install/turtlebot3_simulations/share/turtlebot3_simulations/environment/ament_prefix_path.dsv
[1.948s] -- Up-to-date: /home/yusuf/ros2_ws/install/turtlebot3_simulations/share/turtlebot3_simulations/environment/path.sh
[1.948s] -- Up-to-date: /home/yusuf/ros2_ws/install/turtlebot3_simulations/share/turtlebot3_simulations/environment/path.dsv
[1.949s] -- Up-to-date: /home/yusuf/ros2_ws/install/turtlebot3_simulations/share/turtlebot3_simulations/local_setup.bash
[1.949s] -- Up-to-date: /home/yusuf/ros2_ws/install/turtlebot3_simulations/share/turtlebot3_simulations/local_setup.sh
[1.951s] -- Up-to-date: /home/yusuf/ros2_ws/install/turtlebot3_simulations/share/turtlebot3_simulations/local_setup.zsh
[1.953s] -- Up-to-date: /home/yusuf/ros2_ws/install/turtlebot3_simulations/share/turtlebot3_simulations/local_setup.dsv
[1.954s] -- Installing: /home/yusuf/ros2_ws/install/turtlebot3_simulations/share/turtlebot3_simulations/package.dsv
[1.955s] -- Up-to-date: /home/yusuf/ros2_ws/install/turtlebot3_simulations/share/ament_index/resource_index/packages/turtlebot3_simulations
[1.957s] -- Up-to-date: /home/yusuf/ros2_ws/install/turtlebot3_simulations/share/turtlebot3_simulations/cmake/turtlebot3_simulationsConfig.cmake
[1.957s] -- Up-to-date: /home/yusuf/ros2_ws/install/turtlebot3_simulations/share/turtlebot3_simulations/cmake/turtlebot3_simulationsConfig-version.cmake
[1.957s] -- Up-to-date: /home/yusuf/ros2_ws/install/turtlebot3_simulations/share/turtlebot3_simulations/package.xml
[1.965s] Invoked command in '/home/yusuf/ros2_ws/build/turtlebot3_simulations' returned '0': CMAKE_PREFIX_PATH=/home/yusuf/ros2_ws/install/turtlebot3_gazebo:/home/yusuf/ros2_ws/install/turtlebot3_fake_node:/home/yusuf/ros2_ws/install/navigation_tb3:/home/yusuf/ros2_ws/install/navigation_1:/home/yusuf/ros2_learners/install/turtlebot3_gazebo:/home/yusuf/ros2_learners/install/point_cloud_perception:/home/yusuf/ros2_learners/install/nodes:/home/yusuf/ros2_learners/install/navigation_tb3:/home/yusuf/ros2_ws/install/turtlebot3_simulations:/home/yusuf/ros2_ws/install/robot_test:/home/yusuf/ros2_ws/install/robot_cpp:/home/yusuf/ros2_ws/install/robot_control:/home/yusuf/ros2_ws/install/navigation_:/home/yusuf/ros2_ws/install/my_cpp_py_pkg:/home/yusuf/ros2_learners/install/robot_math:/home/yusuf/ros2_ws/install/robot_python:/opt/ros/humble /usr/bin/cmake --install /home/yusuf/ros2_ws/build/turtlebot3_simulations
