[1.721s] Invoking command in '/home/yusuf/ros2_ws/src/robot_python': PYTHONPATH=/home/yusuf/ros2_ws/build/robot_python/prefix_override:/home/yusuf/ros2_ws/install/robot_python/lib/python3.10/site-packages:${PYTHONPATH} /usr/bin/python3 setup.py egg_info --egg-base ../../build/robot_python build --build-base /home/yusuf/ros2_ws/build/robot_python/build install --record /home/yusuf/ros2_ws/build/robot_python/install.log --single-version-externally-managed
[1.990s] running egg_info
[1.991s] writing ../../build/robot_python/robot_python.egg-info/PKG-INFO
[1.991s] writing dependency_links to ../../build/robot_python/robot_python.egg-info/dependency_links.txt
[1.992s] writing entry points to ../../build/robot_python/robot_python.egg-info/entry_points.txt
[1.992s] writing requirements to ../../build/robot_python/robot_python.egg-info/requires.txt
[1.992s] writing top-level names to ../../build/robot_python/robot_python.egg-info/top_level.txt
[1.994s] reading manifest file '../../build/robot_python/robot_python.egg-info/SOURCES.txt'
[1.995s] writing manifest file '../../build/robot_python/robot_python.egg-info/SOURCES.txt'
[1.995s] running build
[1.995s] running build_py
[1.996s] running install
[1.996s] /usr/lib/python3/dist-packages/setuptools/command/install.py:34: SetuptoolsDeprecationWarning: setup.py install is deprecated. Use build and pip and other standards-based tools.
[1.997s]   warnings.warn(
[1.997s] running install_lib
[1.998s] running install_data
[1.999s] copying launch/tf2.launch.py -> /home/yusuf/ros2_ws/install/robot_python/share/robot_python/launch
[1.999s] running install_egg_info
[2.001s] removing '/home/yusuf/ros2_ws/install/robot_python/lib/python3.10/site-packages/robot_python-0.0.0-py3.10.egg-info' (and everything under it)
[2.001s] Copying ../../build/robot_python/robot_python.egg-info to /home/yusuf/ros2_ws/install/robot_python/lib/python3.10/site-packages/robot_python-0.0.0-py3.10.egg-info
[2.002s] running install_scripts
[2.024s] Installing my_publisher script to /home/yusuf/ros2_ws/install/robot_python/lib/robot_python
[2.024s] Installing my_service script to /home/yusuf/ros2_ws/install/robot_python/lib/robot_python
[2.024s] Installing my_subscriber script to /home/yusuf/ros2_ws/install/robot_python/lib/robot_python
[2.025s] Installing my_subtest script to /home/yusuf/ros2_ws/install/robot_python/lib/robot_python
[2.025s] Installing test_node script to /home/yusuf/ros2_ws/install/robot_python/lib/robot_python
[2.025s] Installing turtlesim_go = robot_python.turtlesim_go:maintest_tf script to /home/yusuf/ros2_ws/install/robot_python/lib/robot_python
[2.025s] writing list of installed files to '/home/yusuf/ros2_ws/build/robot_python/install.log'
[2.052s] Invoked command in '/home/yusuf/ros2_ws/src/robot_python' returned '0': PYTHONPATH=/home/yusuf/ros2_ws/build/robot_python/prefix_override:/home/yusuf/ros2_ws/install/robot_python/lib/python3.10/site-packages:${PYTHONPATH} /usr/bin/python3 setup.py egg_info --egg-base ../../build/robot_python build --build-base /home/yusuf/ros2_ws/build/robot_python/build install --record /home/yusuf/ros2_ws/build/robot_python/install.log --single-version-externally-managed
