[0.017s] Invoking command in '/home/yusuf/ros2_ws/build/robot_sensing': CMAKE_PREFIX_PATH=${CMAKE_PREFIX_PATH}:/home/yusuf/ros2_ws/install/urdf_tutorial_r2d2:/home/yusuf/ros2_ws/install/turtlebot3_teleop:/home/yusuf/ros2_ws/install/turtlebot3_example:/home/yusuf/ros2_ws/install/robot_python:/opt/ros/humble /usr/bin/cmake --build /home/yusuf/ros2_ws/build/robot_sensing -- -j8 -l8
[0.106s] [ 66%] Built target odom_kinematic
[0.107s] [ 66%] Built target maze_lidar
[0.107s] [100%] Built target line_following
[0.127s] Invoked command in '/home/yusuf/ros2_ws/build/robot_sensing' returned '0': CMAKE_PREFIX_PATH=${CMAKE_PREFIX_PATH}:/home/yusuf/ros2_ws/install/urdf_tutorial_r2d2:/home/yusuf/ros2_ws/install/turtlebot3_teleop:/home/yusuf/ros2_ws/install/turtlebot3_example:/home/yusuf/ros2_ws/install/robot_python:/opt/ros/humble /usr/bin/cmake --build /home/yusuf/ros2_ws/build/robot_sensing -- -j8 -l8
[0.187s] Invoking command in '/home/yusuf/ros2_ws/build/robot_sensing': CMAKE_PREFIX_PATH=${CMAKE_PREFIX_PATH}:/home/yusuf/ros2_ws/install/urdf_tutorial_r2d2:/home/yusuf/ros2_ws/install/turtlebot3_teleop:/home/yusuf/ros2_ws/install/turtlebot3_example:/home/yusuf/ros2_ws/install/robot_python:/opt/ros/humble /usr/bin/cmake --install /home/yusuf/ros2_ws/build/robot_sensing
[0.196s] -- Install configuration: ""
[0.196s] -- Up-to-date: /home/yusuf/ros2_ws/install/robot_sensing/lib/robot_sensing/maze_lidar
[0.196s] -- Up-to-date: /home/yusuf/ros2_ws/install/robot_sensing/lib/robot_sensing/odom_kinematic
[0.197s] -- Up-to-date: /home/yusuf/ros2_ws/install/robot_sensing/lib/robot_sensing/line_following
[0.198s] -- Up-to-date: /home/yusuf/ros2_ws/install/robot_sensing/share/robot_sensing/launch
[0.198s] -- Up-to-date: /home/yusuf/ros2_ws/install/robot_sensing/share/robot_sensing/launch/maze_world.launch.py
[0.198s] -- Up-to-date: /home/yusuf/ros2_ws/install/robot_sensing/share/robot_sensing/launch/line_world.launch.py
[0.198s] -- Up-to-date: /home/yusuf/ros2_ws/install/robot_sensing/share/robot_sensing/world
[0.199s] -- Up-to-date: /home/yusuf/ros2_ws/install/robot_sensing/share/robot_sensing/world/maze.world
[0.199s] -- Installing: /home/yusuf/ros2_ws/install/robot_sensing/share/robot_sensing/world/linefollowing.world
[0.199s] -- Up-to-date: /home/yusuf/ros2_ws/install/robot_sensing/share/ament_index/resource_index/package_run_dependencies/robot_sensing
[0.199s] -- Up-to-date: /home/yusuf/ros2_ws/install/robot_sensing/share/ament_index/resource_index/parent_prefix_path/robot_sensing
[0.199s] -- Up-to-date: /home/yusuf/ros2_ws/install/robot_sensing/share/robot_sensing/environment/ament_prefix_path.sh
[0.199s] -- Up-to-date: /home/yusuf/ros2_ws/install/robot_sensing/share/robot_sensing/environment/ament_prefix_path.dsv
[0.199s] -- Up-to-date: /home/yusuf/ros2_ws/install/robot_sensing/share/robot_sensing/environment/path.sh
[0.199s] -- Up-to-date: /home/yusuf/ros2_ws/install/robot_sensing/share/robot_sensing/environment/path.dsv
[0.199s] -- Up-to-date: /home/yusuf/ros2_ws/install/robot_sensing/share/robot_sensing/local_setup.bash
[0.200s] -- Up-to-date: /home/yusuf/ros2_ws/install/robot_sensing/share/robot_sensing/local_setup.sh
[0.200s] -- Up-to-date: /home/yusuf/ros2_ws/install/robot_sensing/share/robot_sensing/local_setup.zsh
[0.200s] -- Up-to-date: /home/yusuf/ros2_ws/install/robot_sensing/share/robot_sensing/local_setup.dsv
[0.200s] -- Installing: /home/yusuf/ros2_ws/install/robot_sensing/share/robot_sensing/package.dsv
[0.200s] -- Up-to-date: /home/yusuf/ros2_ws/install/robot_sensing/share/ament_index/resource_index/packages/robot_sensing
[0.200s] -- Up-to-date: /home/yusuf/ros2_ws/install/robot_sensing/share/robot_sensing/cmake/robot_sensingConfig.cmake
[0.200s] -- Up-to-date: /home/yusuf/ros2_ws/install/robot_sensing/share/robot_sensing/cmake/robot_sensingConfig-version.cmake
[0.200s] -- Up-to-date: /home/yusuf/ros2_ws/install/robot_sensing/share/robot_sensing/package.xml
[0.202s] Invoked command in '/home/yusuf/ros2_ws/build/robot_sensing' returned '0': CMAKE_PREFIX_PATH=${CMAKE_PREFIX_PATH}:/home/yusuf/ros2_ws/install/urdf_tutorial_r2d2:/home/yusuf/ros2_ws/install/turtlebot3_teleop:/home/yusuf/ros2_ws/install/turtlebot3_example:/home/yusuf/ros2_ws/install/robot_python:/opt/ros/humble /usr/bin/cmake --install /home/yusuf/ros2_ws/build/robot_sensing
