[2.110s] Invoking command in '/home/yusuf/ros2_ws/src/turtlebot3/turtlebot3_example': PYTHONPATH=/home/yusuf/ros2_ws/build/turtlebot3_example/prefix_override:/home/yusuf/ros2_ws/install/turtlebot3_example/lib/python3.10/site-packages:${PYTHONPATH} /usr/bin/python3 setup.py egg_info --egg-base ../../../build/turtlebot3_example build --build-base /home/yusuf/ros2_ws/build/turtlebot3_example/build install --record /home/yusuf/ros2_ws/build/turtlebot3_example/install.log --single-version-externally-managed
[2.454s] running egg_info
[2.456s] writing ../../../build/turtlebot3_example/turtlebot3_example.egg-info/PKG-INFO
[2.456s] writing dependency_links to ../../../build/turtlebot3_example/turtlebot3_example.egg-info/dependency_links.txt
[2.456s] writing entry points to ../../../build/turtlebot3_example/turtlebot3_example.egg-info/entry_points.txt
[2.457s] writing requirements to ../../../build/turtlebot3_example/turtlebot3_example.egg-info/requires.txt
[2.457s] writing top-level names to ../../../build/turtlebot3_example/turtlebot3_example.egg-info/top_level.txt
[2.461s] reading manifest file '../../../build/turtlebot3_example/turtlebot3_example.egg-info/SOURCES.txt'
[2.464s] writing manifest file '../../../build/turtlebot3_example/turtlebot3_example.egg-info/SOURCES.txt'
[2.464s] running build
[2.464s] running build_py
[2.467s] running install
[2.468s] /usr/lib/python3/dist-packages/setuptools/command/install.py:34: SetuptoolsDeprecationWarning: setup.py install is deprecated. Use build and pip and other standards-based tools.
[2.468s]   warnings.warn(
[2.468s] running install_lib
[2.472s] running install_data
[2.473s] running install_egg_info
[2.476s] removing '/home/yusuf/ros2_ws/install/turtlebot3_example/lib/python3.10/site-packages/turtlebot3_example-2.1.5-py3.10.egg-info' (and everything under it)
[2.477s] Copying ../../../build/turtlebot3_example/turtlebot3_example.egg-info to /home/yusuf/ros2_ws/install/turtlebot3_example/lib/python3.10/site-packages/turtlebot3_example-2.1.5-py3.10.egg-info
[2.478s] running install_scripts
[2.522s] Installing turtlebot3_obstacle_detection script to /home/yusuf/ros2_ws/install/turtlebot3_example/lib/turtlebot3_example
[2.523s] Installing turtlebot3_patrol_client script to /home/yusuf/ros2_ws/install/turtlebot3_example/lib/turtlebot3_example
[2.523s] Installing turtlebot3_patrol_server script to /home/yusuf/ros2_ws/install/turtlebot3_example/lib/turtlebot3_example
[2.526s] Installing turtlebot3_position_control script to /home/yusuf/ros2_ws/install/turtlebot3_example/lib/turtlebot3_example
[2.526s] writing list of installed files to '/home/yusuf/ros2_ws/build/turtlebot3_example/install.log'
[2.843s] Invoked command in '/home/yusuf/ros2_ws/src/turtlebot3/turtlebot3_example' returned '0': PYTHONPATH=/home/yusuf/ros2_ws/build/turtlebot3_example/prefix_override:/home/yusuf/ros2_ws/install/turtlebot3_example/lib/python3.10/site-packages:${PYTHONPATH} /usr/bin/python3 setup.py egg_info --egg-base ../../../build/turtlebot3_example build --build-base /home/yusuf/ros2_ws/build/turtlebot3_example/build install --record /home/yusuf/ros2_ws/build/turtlebot3_example/install.log --single-version-externally-managed
