[0.019s] Invoking command in '/home/yusuf/ros2_ws/build/ros_fundamental': CMAKE_PREFIX_PATH=${CMAKE_PREFIX_PATH}:/home/yusuf/ros2_ws/install/urdf_tutorial_r2d2:/home/yusuf/ros2_ws/install/turtlebot3_teleop:/home/yusuf/ros2_ws/install/turtlebot3_example:/home/yusuf/ros2_ws/install/robot_python:/opt/ros/humble /usr/bin/cmake --build /home/yusuf/ros2_ws/build/ros_fundamental -- -j8 -l8
[0.077s] [35m[1mConsolidate compiler generated dependencies of target talker[0m
[0.077s] [35m[1mConsolidate compiler generated dependencies of target listener[0m
[0.078s] [35m[1mConsolidate compiler generated dependencies of target tf_static[0m
[0.078s] [35m[1mConsolidate compiler generated dependencies of target drive_turtle[0m
[0.107s] [ 25%] Built target talker
[0.107s] [ 50%] Built target tf_static
[0.112s] [ 75%] Built target listener
[0.115s] [100%] Built target drive_turtle
[0.133s] Invoked command in '/home/yusuf/ros2_ws/build/ros_fundamental' returned '0': CMAKE_PREFIX_PATH=${CMAKE_PREFIX_PATH}:/home/yusuf/ros2_ws/install/urdf_tutorial_r2d2:/home/yusuf/ros2_ws/install/turtlebot3_teleop:/home/yusuf/ros2_ws/install/turtlebot3_example:/home/yusuf/ros2_ws/install/robot_python:/opt/ros/humble /usr/bin/cmake --build /home/yusuf/ros2_ws/build/ros_fundamental -- -j8 -l8
[0.208s] Invoking command in '/home/yusuf/ros2_ws/build/ros_fundamental': CMAKE_PREFIX_PATH=${CMAKE_PREFIX_PATH}:/home/yusuf/ros2_ws/install/urdf_tutorial_r2d2:/home/yusuf/ros2_ws/install/turtlebot3_teleop:/home/yusuf/ros2_ws/install/turtlebot3_example:/home/yusuf/ros2_ws/install/robot_python:/opt/ros/humble /usr/bin/cmake --install /home/yusuf/ros2_ws/build/ros_fundamental
[0.219s] -- Install configuration: ""
[0.220s] -- Up-to-date: /home/yusuf/ros2_ws/install/ros_fundamental/lib/ros_fundamental/talker
[0.221s] -- Up-to-date: /home/yusuf/ros2_ws/install/ros_fundamental/lib/ros_fundamental/listener
[0.222s] -- Up-to-date: /home/yusuf/ros2_ws/install/ros_fundamental/lib/ros_fundamental/drive_turtle
[0.223s] -- Up-to-date: /home/yusuf/ros2_ws/install/ros_fundamental/lib/ros_fundamental/tf_static
[0.223s] -- Up-to-date: /home/yusuf/ros2_ws/install/ros_fundamental/share/ros_fundamental/launch
[0.224s] -- Up-to-date: /home/yusuf/ros2_ws/install/ros_fundamental/share/ros_fundamental/launch/gazebo.launch.py
[0.224s] -- Up-to-date: /home/yusuf/ros2_ws/install/ros_fundamental/share/ros_fundamental/launch/turtletest.launch.py
[0.224s] -- Installing: /home/yusuf/ros2_ws/install/ros_fundamental/share/ros_fundamental/launch/custom_sensor.launch.py
[0.225s] -- Up-to-date: /home/yusuf/ros2_ws/install/ros_fundamental/share/ros_fundamental/launch/rviz.launch.py
[0.225s] -- Up-to-date: /home/yusuf/ros2_ws/install/ros_fundamental/share/ros_fundamental/urdf
[0.225s] -- Up-to-date: /home/yusuf/ros2_ws/install/ros_fundamental/share/ros_fundamental/urdf/diff_4.urdf
[0.225s] -- Installing: /home/yusuf/ros2_ws/install/ros_fundamental/share/ros_fundamental/urdf/diff_sens.urdf
[0.226s] -- Up-to-date: /home/yusuf/ros2_ws/install/ros_fundamental/share/ros_fundamental/urdf/diff_2.urdf
[0.226s] -- Up-to-date: /home/yusuf/ros2_ws/install/ros_fundamental/share/ros_fundamental/urdf/manipulator.urdf
[0.227s] -- Up-to-date: /home/yusuf/ros2_ws/install/ros_fundamental/share/ros_fundamental/urdf/diff_drive.urdf
[0.227s] -- Up-to-date: /home/yusuf/ros2_ws/install/ros_fundamental/share/ament_index/resource_index/package_run_dependencies/ros_fundamental
[0.227s] -- Up-to-date: /home/yusuf/ros2_ws/install/ros_fundamental/share/ament_index/resource_index/parent_prefix_path/ros_fundamental
[0.227s] -- Up-to-date: /home/yusuf/ros2_ws/install/ros_fundamental/share/ros_fundamental/environment/ament_prefix_path.sh
[0.227s] -- Up-to-date: /home/yusuf/ros2_ws/install/ros_fundamental/share/ros_fundamental/environment/ament_prefix_path.dsv
[0.227s] -- Up-to-date: /home/yusuf/ros2_ws/install/ros_fundamental/share/ros_fundamental/environment/path.sh
[0.228s] -- Up-to-date: /home/yusuf/ros2_ws/install/ros_fundamental/share/ros_fundamental/environment/path.dsv
[0.228s] -- Up-to-date: /home/yusuf/ros2_ws/install/ros_fundamental/share/ros_fundamental/local_setup.bash
[0.228s] -- Up-to-date: /home/yusuf/ros2_ws/install/ros_fundamental/share/ros_fundamental/local_setup.sh
[0.229s] -- Up-to-date: /home/yusuf/ros2_ws/install/ros_fundamental/share/ros_fundamental/local_setup.zsh
[0.230s] -- Up-to-date: /home/yusuf/ros2_ws/install/ros_fundamental/share/ros_fundamental/local_setup.dsv
[0.230s] -- Installing: /home/yusuf/ros2_ws/install/ros_fundamental/share/ros_fundamental/package.dsv
[0.231s] -- Up-to-date: /home/yusuf/ros2_ws/install/ros_fundamental/share/ament_index/resource_index/packages/ros_fundamental
[0.231s] -- Up-to-date: /home/yusuf/ros2_ws/install/ros_fundamental/share/ros_fundamental/cmake/ros_fundamentalConfig.cmake
[0.231s] -- Up-to-date: /home/yusuf/ros2_ws/install/ros_fundamental/share/ros_fundamental/cmake/ros_fundamentalConfig-version.cmake
[0.231s] -- Up-to-date: /home/yusuf/ros2_ws/install/ros_fundamental/share/ros_fundamental/package.xml
[0.232s] Invoked command in '/home/yusuf/ros2_ws/build/ros_fundamental' returned '0': CMAKE_PREFIX_PATH=${CMAKE_PREFIX_PATH}:/home/yusuf/ros2_ws/install/urdf_tutorial_r2d2:/home/yusuf/ros2_ws/install/turtlebot3_teleop:/home/yusuf/ros2_ws/install/turtlebot3_example:/home/yusuf/ros2_ws/install/robot_python:/opt/ros/humble /usr/bin/cmake --install /home/yusuf/ros2_ws/build/ros_fundamental
