-- Found ament_cmake: 1.3.6 (/opt/ros/humble/share/ament_cmake/cmake)
-- Found Python3: /usr/bin/python3.10 (found version "3.10.12") found components: Interpreter 
-- Found ament_lint_auto: 0.12.9 (/opt/ros/humble/share/ament_lint_auto/cmake)
-- Added test 'lint_cmake' to check CMake code style
-- Added test 'xmllint' to check XML markup files
-- Configuring done
-- Generating done
-- Build files have been written to: /home/yusuf/ros2_ws/build/robot_cpp
-- Install configuration: ""
-- Installing: /home/yusuf/ros2_ws/install/robot_cpp/share/ament_index/resource_index/package_run_dependencies/robot_cpp
-- Installing: /home/yusuf/ros2_ws/install/robot_cpp/share/ament_index/resource_index/parent_prefix_path/robot_cpp
-- Installing: /home/yusuf/ros2_ws/install/robot_cpp/share/robot_cpp/environment/ament_prefix_path.sh
-- Installing: /home/yusuf/ros2_ws/install/robot_cpp/share/robot_cpp/environment/ament_prefix_path.dsv
-- Installing: /home/yusuf/ros2_ws/install/robot_cpp/share/robot_cpp/environment/path.sh
-- Installing: /home/yusuf/ros2_ws/install/robot_cpp/share/robot_cpp/environment/path.dsv
-- Installing: /home/yusuf/ros2_ws/install/robot_cpp/share/robot_cpp/local_setup.bash
-- Installing: /home/yusuf/ros2_ws/install/robot_cpp/share/robot_cpp/local_setup.sh
-- Installing: /home/yusuf/ros2_ws/install/robot_cpp/share/robot_cpp/local_setup.zsh
-- Installing: /home/yusuf/ros2_ws/install/robot_cpp/share/robot_cpp/local_setup.dsv
-- Installing: /home/yusuf/ros2_ws/install/robot_cpp/share/robot_cpp/package.dsv
-- Installing: /home/yusuf/ros2_ws/install/robot_cpp/share/ament_index/resource_index/packages/robot_cpp
-- Installing: /home/yusuf/ros2_ws/install/robot_cpp/share/robot_cpp/cmake/robot_cppConfig.cmake
-- Installing: /home/yusuf/ros2_ws/install/robot_cpp/share/robot_cpp/cmake/robot_cppConfig-version.cmake
-- Installing: /home/yusuf/ros2_ws/install/robot_cpp/share/robot_cpp/package.xml
