[0.527s] Invoking command in '/home/yusuf/ros2_ws/build/ros2_control_demo_example_14': CMAKE_PREFIX_PATH=${CMAKE_PREFIX_PATH}:/home/yusuf/ros2_ws/install/urdf_tutorial_r2d2:/home/yusuf/ros2_ws/install/turtlebot3_teleop:/home/yusuf/ros2_ws/install/turtlebot3_example:/home/yusuf/ros2_ws/install/robot_python:/opt/ros/humble /usr/bin/cmake --build /home/yusuf/ros2_ws/build/ros2_control_demo_example_14 -- -j8 -l8
[0.980s] [35m[1mConsolidate compiler generated dependencies of target ros2_control_demo_example_14[0m
[0.981s] [100%] Built target ros2_control_demo_example_14
[1.010s] Invoked command in '/home/yusuf/ros2_ws/build/ros2_control_demo_example_14' returned '0': CMAKE_PREFIX_PATH=${CMAKE_PREFIX_PATH}:/home/yusuf/ros2_ws/install/urdf_tutorial_r2d2:/home/yusuf/ros2_ws/install/turtlebot3_teleop:/home/yusuf/ros2_ws/install/turtlebot3_example:/home/yusuf/ros2_ws/install/robot_python:/opt/ros/humble /usr/bin/cmake --build /home/yusuf/ros2_ws/build/ros2_control_demo_example_14 -- -j8 -l8
[1.403s] Invoking command in '/home/yusuf/ros2_ws/build/ros2_control_demo_example_14': CMAKE_PREFIX_PATH=${CMAKE_PREFIX_PATH}:/home/yusuf/ros2_ws/install/urdf_tutorial_r2d2:/home/yusuf/ros2_ws/install/turtlebot3_teleop:/home/yusuf/ros2_ws/install/turtlebot3_example:/home/yusuf/ros2_ws/install/robot_python:/opt/ros/humble /usr/bin/cmake --install /home/yusuf/ros2_ws/build/ros2_control_demo_example_14
[1.417s] -- Install configuration: ""
[1.418s] -- Installing: /home/yusuf/ros2_ws/install/ros2_control_demo_example_14/share/ros2_control_demo_example_14/ros2_control_demo_example_14.xml
[1.419s] -- Installing: /home/yusuf/ros2_ws/install/ros2_control_demo_example_14/include/ros2_control_demo_example_14
[1.419s] -- Installing: /home/yusuf/ros2_ws/install/ros2_control_demo_example_14/include/ros2_control_demo_example_14/ros2_control_demo_example_14
[1.419s] -- Installing: /home/yusuf/ros2_ws/install/ros2_control_demo_example_14/include/ros2_control_demo_example_14/ros2_control_demo_example_14/rrbot_actuator_without_feedback.hpp
[1.420s] -- Installing: /home/yusuf/ros2_ws/install/ros2_control_demo_example_14/include/ros2_control_demo_example_14/ros2_control_demo_example_14/rrbot_sensor_for_position_feedback.hpp
[1.420s] -- Installing: /home/yusuf/ros2_ws/install/ros2_control_demo_example_14/include/ros2_control_demo_example_14/ros2_control_demo_example_14/visibility_control.h
[1.421s] -- Installing: /home/yusuf/ros2_ws/install/ros2_control_demo_example_14/share/ros2_control_demo_example_14/launch
[1.422s] -- Installing: /home/yusuf/ros2_ws/install/ros2_control_demo_example_14/share/ros2_control_demo_example_14/launch/view_robot.launch.py
[1.422s] -- Installing: /home/yusuf/ros2_ws/install/ros2_control_demo_example_14/share/ros2_control_demo_example_14/ros2_control
[1.422s] -- Installing: /home/yusuf/ros2_ws/install/ros2_control_demo_example_14/share/ros2_control_demo_example_14/ros2_control/rrbot_modular_actuators_without_feedback_sensors_for_position_feedback.ros2_control.xacro
[1.422s] -- Installing: /home/yusuf/ros2_ws/install/ros2_control_demo_example_14/share/ros2_control_demo_example_14/urdf
[1.422s] -- Installing: /home/yusuf/ros2_ws/install/ros2_control_demo_example_14/share/ros2_control_demo_example_14/urdf/rrbot_modular_actuators_without_feedback_sensors_for_position_feedback.urdf.xacro
[1.423s] -- Up-to-date: /home/yusuf/ros2_ws/install/ros2_control_demo_example_14/share/ros2_control_demo_example_14/launch
[1.423s] -- Installing: /home/yusuf/ros2_ws/install/ros2_control_demo_example_14/share/ros2_control_demo_example_14/launch/rrbot_modular_actuators_without_feedback_sensors_for_position_feedback.launch.py
[1.423s] -- Installing: /home/yusuf/ros2_ws/install/ros2_control_demo_example_14/share/ros2_control_demo_example_14/config
[1.423s] -- Installing: /home/yusuf/ros2_ws/install/ros2_control_demo_example_14/share/ros2_control_demo_example_14/config/rrbot_modular_actuators_without_feedback_sensors_for_position_feedback.yaml
[1.429s] -- Installing: /home/yusuf/ros2_ws/install/ros2_control_demo_example_14/lib/libros2_control_demo_example_14.so
[1.430s] -- Set runtime path of "/home/yusuf/ros2_ws/install/ros2_control_demo_example_14/lib/libros2_control_demo_example_14.so" to ""
[1.432s] -- Installing: /home/yusuf/ros2_ws/install/ros2_control_demo_example_14/share/ros2_control_demo_example_14/environment/library_path.sh
[1.432s] -- Installing: /home/yusuf/ros2_ws/install/ros2_control_demo_example_14/share/ros2_control_demo_example_14/environment/library_path.dsv
[1.432s] -- Installing: /home/yusuf/ros2_ws/install/ros2_control_demo_example_14/share/ament_index/resource_index/package_run_dependencies/ros2_control_demo_example_14
[1.432s] -- Installing: /home/yusuf/ros2_ws/install/ros2_control_demo_example_14/share/ament_index/resource_index/parent_prefix_path/ros2_control_demo_example_14
[1.433s] -- Installing: /home/yusuf/ros2_ws/install/ros2_control_demo_example_14/share/ros2_control_demo_example_14/environment/ament_prefix_path.sh
[1.433s] -- Installing: /home/yusuf/ros2_ws/install/ros2_control_demo_example_14/share/ros2_control_demo_example_14/environment/ament_prefix_path.dsv
[1.433s] -- Installing: /home/yusuf/ros2_ws/install/ros2_control_demo_example_14/share/ros2_control_demo_example_14/environment/path.sh
[1.433s] -- Installing: /home/yusuf/ros2_ws/install/ros2_control_demo_example_14/share/ros2_control_demo_example_14/environment/path.dsv
[1.433s] -- Installing: /home/yusuf/ros2_ws/install/ros2_control_demo_example_14/share/ros2_control_demo_example_14/local_setup.bash
[1.434s] -- Installing: /home/yusuf/ros2_ws/install/ros2_control_demo_example_14/share/ros2_control_demo_example_14/local_setup.sh
[1.434s] -- Installing: /home/yusuf/ros2_ws/install/ros2_control_demo_example_14/share/ros2_control_demo_example_14/local_setup.zsh
[1.434s] -- Installing: /home/yusuf/ros2_ws/install/ros2_control_demo_example_14/share/ros2_control_demo_example_14/local_setup.dsv
[1.434s] -- Installing: /home/yusuf/ros2_ws/install/ros2_control_demo_example_14/share/ros2_control_demo_example_14/package.dsv
[1.434s] -- Installing: /home/yusuf/ros2_ws/install/ros2_control_demo_example_14/share/ament_index/resource_index/packages/ros2_control_demo_example_14
[1.434s] -- Installing: /home/yusuf/ros2_ws/install/ros2_control_demo_example_14/share/ament_index/resource_index/hardware_interface__pluginlib__plugin/ros2_control_demo_example_14
[1.435s] -- Installing: /home/yusuf/ros2_ws/install/ros2_control_demo_example_14/share/ros2_control_demo_example_14/cmake/export_ros2_control_demo_example_14Export.cmake
[1.435s] -- Installing: /home/yusuf/ros2_ws/install/ros2_control_demo_example_14/share/ros2_control_demo_example_14/cmake/export_ros2_control_demo_example_14Export-noconfig.cmake
[1.435s] -- Installing: /home/yusuf/ros2_ws/install/ros2_control_demo_example_14/share/ros2_control_demo_example_14/cmake/ament_cmake_export_targets-extras.cmake
[1.435s] -- Installing: /home/yusuf/ros2_ws/install/ros2_control_demo_example_14/share/ros2_control_demo_example_14/cmake/ament_cmake_export_dependencies-extras.cmake
[1.436s] -- Installing: /home/yusuf/ros2_ws/install/ros2_control_demo_example_14/share/ros2_control_demo_example_14/cmake/ros2_control_demo_example_14Config.cmake
[1.436s] -- Installing: /home/yusuf/ros2_ws/install/ros2_control_demo_example_14/share/ros2_control_demo_example_14/cmake/ros2_control_demo_example_14Config-version.cmake
[1.436s] -- Installing: /home/yusuf/ros2_ws/install/ros2_control_demo_example_14/share/ros2_control_demo_example_14/package.xml
[1.938s] Invoked command in '/home/yusuf/ros2_ws/build/ros2_control_demo_example_14' returned '0': CMAKE_PREFIX_PATH=${CMAKE_PREFIX_PATH}:/home/yusuf/ros2_ws/install/urdf_tutorial_r2d2:/home/yusuf/ros2_ws/install/turtlebot3_teleop:/home/yusuf/ros2_ws/install/turtlebot3_example:/home/yusuf/ros2_ws/install/robot_python:/opt/ros/humble /usr/bin/cmake --install /home/yusuf/ros2_ws/build/ros2_control_demo_example_14
