[0.526s] Invoking command in '/home/yusuf/ros2_ws/build/turtlebot3_navigation2': CMAKE_PREFIX_PATH=${CMAKE_PREFIX_PATH}:/home/yusuf/ros2_ws/install/turtlebot3_teleop:/home/yusuf/ros2_ws/install/turtlebot3_example:/home/yusuf/ros2_ws/install/robot_python:/opt/ros/humble /usr/bin/cmake --build /home/yusuf/ros2_ws/build/turtlebot3_navigation2 -- -j8 -l8
[0.895s] Invoked command in '/home/yusuf/ros2_ws/build/turtlebot3_navigation2' returned '0': CMAKE_PREFIX_PATH=${CMAKE_PREFIX_PATH}:/home/yusuf/ros2_ws/install/turtlebot3_teleop:/home/yusuf/ros2_ws/install/turtlebot3_example:/home/yusuf/ros2_ws/install/robot_python:/opt/ros/humble /usr/bin/cmake --build /home/yusuf/ros2_ws/build/turtlebot3_navigation2 -- -j8 -l8
[0.947s] Invoking command in '/home/yusuf/ros2_ws/build/turtlebot3_navigation2': CMAKE_PREFIX_PATH=${CMAKE_PREFIX_PATH}:/home/yusuf/ros2_ws/install/turtlebot3_teleop:/home/yusuf/ros2_ws/install/turtlebot3_example:/home/yusuf/ros2_ws/install/robot_python:/opt/ros/humble /usr/bin/cmake --install /home/yusuf/ros2_ws/build/turtlebot3_navigation2
[0.960s] -- Install configuration: ""
[0.960s] -- Up-to-date: /home/yusuf/ros2_ws/install/turtlebot3_navigation2/share/turtlebot3_navigation2/launch
[0.960s] -- Up-to-date: /home/yusuf/ros2_ws/install/turtlebot3_navigation2/share/turtlebot3_navigation2/launch/navigation2.launch.py
[0.961s] -- Up-to-date: /home/yusuf/ros2_ws/install/turtlebot3_navigation2/share/turtlebot3_navigation2/map
[0.961s] -- Up-to-date: /home/yusuf/ros2_ws/install/turtlebot3_navigation2/share/turtlebot3_navigation2/map/map.yaml
[0.961s] -- Up-to-date: /home/yusuf/ros2_ws/install/turtlebot3_navigation2/share/turtlebot3_navigation2/map/map.pgm
[0.962s] -- Up-to-date: /home/yusuf/ros2_ws/install/turtlebot3_navigation2/share/turtlebot3_navigation2/param
[0.962s] -- Up-to-date: /home/yusuf/ros2_ws/install/turtlebot3_navigation2/share/turtlebot3_navigation2/param/waffle.yaml
[0.962s] -- Up-to-date: /home/yusuf/ros2_ws/install/turtlebot3_navigation2/share/turtlebot3_navigation2/param/waffle_pi.yaml
[0.962s] -- Up-to-date: /home/yusuf/ros2_ws/install/turtlebot3_navigation2/share/turtlebot3_navigation2/param/burger.yaml
[0.962s] -- Up-to-date: /home/yusuf/ros2_ws/install/turtlebot3_navigation2/share/turtlebot3_navigation2/rviz
[0.963s] -- Up-to-date: /home/yusuf/ros2_ws/install/turtlebot3_navigation2/share/turtlebot3_navigation2/rviz/tb3_navigation2.rviz
[0.963s] -- Up-to-date: /home/yusuf/ros2_ws/install/turtlebot3_navigation2/share/ament_index/resource_index/package_run_dependencies/turtlebot3_navigation2
[0.963s] -- Up-to-date: /home/yusuf/ros2_ws/install/turtlebot3_navigation2/share/ament_index/resource_index/parent_prefix_path/turtlebot3_navigation2
[0.963s] -- Up-to-date: /home/yusuf/ros2_ws/install/turtlebot3_navigation2/share/turtlebot3_navigation2/environment/ament_prefix_path.sh
[0.964s] -- Up-to-date: /home/yusuf/ros2_ws/install/turtlebot3_navigation2/share/turtlebot3_navigation2/environment/ament_prefix_path.dsv
[0.973s] -- Up-to-date: /home/yusuf/ros2_ws/install/turtlebot3_navigation2/share/turtlebot3_navigation2/environment/path.sh
[0.973s] -- Up-to-date: /home/yusuf/ros2_ws/install/turtlebot3_navigation2/share/turtlebot3_navigation2/environment/path.dsv
[0.976s] -- Up-to-date: /home/yusuf/ros2_ws/install/turtlebot3_navigation2/share/turtlebot3_navigation2/local_setup.bash
[0.979s] -- Up-to-date: /home/yusuf/ros2_ws/install/turtlebot3_navigation2/share/turtlebot3_navigation2/local_setup.sh
[0.981s] -- Up-to-date: /home/yusuf/ros2_ws/install/turtlebot3_navigation2/share/turtlebot3_navigation2/local_setup.zsh
[0.982s] -- Up-to-date: /home/yusuf/ros2_ws/install/turtlebot3_navigation2/share/turtlebot3_navigation2/local_setup.dsv
[0.983s] -- Installing: /home/yusuf/ros2_ws/install/turtlebot3_navigation2/share/turtlebot3_navigation2/package.dsv
[0.984s] -- Up-to-date: /home/yusuf/ros2_ws/install/turtlebot3_navigation2/share/ament_index/resource_index/packages/turtlebot3_navigation2
[0.985s] -- Up-to-date: /home/yusuf/ros2_ws/install/turtlebot3_navigation2/share/turtlebot3_navigation2/cmake/turtlebot3_navigation2Config.cmake
[0.985s] -- Up-to-date: /home/yusuf/ros2_ws/install/turtlebot3_navigation2/share/turtlebot3_navigation2/cmake/turtlebot3_navigation2Config-version.cmake
[0.986s] -- Up-to-date: /home/yusuf/ros2_ws/install/turtlebot3_navigation2/share/turtlebot3_navigation2/package.xml
[1.092s] Invoked command in '/home/yusuf/ros2_ws/build/turtlebot3_navigation2' returned '0': CMAKE_PREFIX_PATH=${CMAKE_PREFIX_PATH}:/home/yusuf/ros2_ws/install/turtlebot3_teleop:/home/yusuf/ros2_ws/install/turtlebot3_example:/home/yusuf/ros2_ws/install/robot_python:/opt/ros/humble /usr/bin/cmake --install /home/yusuf/ros2_ws/build/turtlebot3_navigation2
