[0.099s] Invoking command in '/home/yusuf/ros2_ws/build/ros2_control_demo_example_7': CMAKE_PREFIX_PATH=/home/yusuf/ros2_ws/install/ros2_control_demo_description:/home/yusuf/ros2_ws/install/turtlebot3:/home/yusuf/ros2_ws/install/turtlebot3_simulations:/home/yusuf/ros2_ws/install/turtlebot3_bringup:/home/yusuf/ros2_ws/install/turtlebot3_node:/home/yusuf/ros2_ws/install/turtlebot3_navigation2:/home/yusuf/ros2_ws/install/turtlebot3_gazebo:/home/yusuf/ros2_ws/install/turtlebot3_description:/home/yusuf/ros2_ws/install/turtlebot3_cartographer:/home/yusuf/ros2_ws/install/ros_fundamental:/home/yusuf/ros2_ws/install/ros2_control_demo_example_14:/home/yusuf/ros2_ws/install/robot_test:/home/yusuf/ros2_ws/install/robot_sensing:/home/yusuf/ros2_ws/install/robot_cpp:/home/yusuf/ros2_ws/install/robot_control:/home/yusuf/ros2_ws/install/point_cloud_processing:/home/yusuf/ros2_ws/install/navigation_tb3:/home/yusuf/ros2_ws/install/navigation_1:/home/yusuf/ros2_ws/install/navigation_:/home/yusuf/ros2_ws/install/my_cpp_py_pkg:/home/yusuf/ros2_ws/install/drive_turtle:/home/yusuf/ros2_ws/install/drive_tb3:/home/yusuf/assignment_ws/install/module_9_assignment:/home/yusuf/assignment_ws/install/module_8_assignment:/home/yusuf/assignment_ws/install/module_7_assignment:/home/yusuf/assignment_ws/install/module_6_assignment:/home/yusuf/assignment_ws/install/module_5_assignment:/home/yusuf/assignment_ws/install/module_4_assignment:/home/yusuf/assignment_ws/install/module_3_assignment:/home/yusuf/assignment_ws/install/module_2_assignment:/home/yusuf/assignment_ws/install/module_1_assignment:/home/yusuf/assignment_ws/install/module_10_assignment:/home/yusuf/mir_robot/install/ur:/home/yusuf/mir_robot/install/ur_calibration:/home/yusuf/mir_robot/install/ur_robot_driver:/home/yusuf/mir_robot/install/ur_moveit_config:/home/yusuf/mir_robot/install/ur_bringup:/home/yusuf/mir_robot/install/ur_description:/home/yusuf/mir_robot/install/ur_controllers:/home/yusuf/mir_robot/install/ur_dashboard_msgs:/home/yusuf/mir_robot/install/ros2_aruco_interfaces:/home/yusuf/mir_robot/install/robotiq_description:/home/yusuf/mir_robot/install/realsense_gazebo_plugin:/home/yusuf/mir_robot/install/realsense2_description:/home/yusuf/mir_robot/install/mir_robot:/home/yusuf/mir_robot/install/mir_navigation:/home/yusuf/mir_robot/install/mir_msgs:/home/yusuf/mir_robot/install/mir_gazebo:/home/yusuf/mir_robot/install/mir_description:/home/yusuf/mir_robot/install/ira_laser_tools:/home/yusuf/mir_robot/install/hello_moveit_ur:/home/yusuf/ros2_ws/install/urdf_tutorial_r2d2:/home/yusuf/ros2_ws/install/turtlebot3_teleop:/home/yusuf/ros2_ws/install/turtlebot3_fake_node:/home/yusuf/ros2_ws/install/turtlebot3_example:/home/yusuf/ros2_ws/install/robot_python:/home/yusuf/mir_robot/install/ros2_aruco:/home/yusuf/mir_robot/install/point_cloud_functions:/home/yusuf/mir_robot/install/mir_restapi:/home/yusuf/mir_robot/install/mir_driver:/opt/ros/humble /usr/bin/cmake /home/yusuf/ros2_ws/src/ros2_control_demos/example_7 -DCMAKE_INSTALL_PREFIX=/home/yusuf/ros2_ws/install/ros2_control_demo_example_7
[0.725s] -- The CXX compiler identification is GNU 11.4.0
[0.798s] -- Detecting CXX compiler ABI info
[1.616s] -- Detecting CXX compiler ABI info - done
[1.698s] -- Check for working CXX compiler: /usr/bin/c++ - skipped
[1.701s] -- Detecting CXX compile features
[1.702s] -- Detecting CXX compile features - done
[1.752s] -- Found ament_cmake: 1.3.9 (/opt/ros/humble/share/ament_cmake/cmake)
[3.302s] -- Found Python3: /usr/bin/python3 (found version "3.10.12") found components: Interpreter 
[4.076s] -- Found pluginlib: 5.1.0 (/opt/ros/humble/share/pluginlib/cmake)
[4.580s] -- Found hardware_interface: 2.41.0 (/opt/ros/humble/share/hardware_interface/cmake)
[4.973s] -- Found rosidl_generator_c: 3.1.5 (/opt/ros/humble/share/rosidl_generator_c/cmake)
[5.118s] -- Found rosidl_adapter: 3.1.5 (/opt/ros/humble/share/rosidl_adapter/cmake)
[5.308s] -- Found rosidl_generator_cpp: 3.1.5 (/opt/ros/humble/share/rosidl_generator_cpp/cmake)
[5.547s] -- Using all available rosidl_typesupport_c: rosidl_typesupport_fastrtps_c;rosidl_typesupport_introspection_c
[5.772s] -- Using all available rosidl_typesupport_cpp: rosidl_typesupport_fastrtps_cpp;rosidl_typesupport_introspection_cpp
[10.788s] -- Found rmw_implementation_cmake: 6.1.2 (/opt/ros/humble/share/rmw_implementation_cmake/cmake)
[10.818s] -- Found rmw_fastrtps_cpp: 6.2.6 (/opt/ros/humble/share/rmw_fastrtps_cpp/cmake)
[11.116s] -- Found TinyXML2 via Config file: TinyXML2_DIR-NOTFOUND
[11.719s] -- Found OpenSSL: /usr/lib/x86_64-linux-gnu/libcrypto.so (found version "3.0.2")  
[11.756s] -- Found TinyXML2 via Config file: TinyXML2_DIR-NOTFOUND
[11.900s] -- Found FastRTPS: /opt/ros/humble/include  
[11.953s] -- Found TinyXML2 via Config file: TinyXML2_DIR-NOTFOUND
[12.000s] -- Found TinyXML2 via Config file: TinyXML2_DIR-NOTFOUND
[12.057s] -- Using RMW implementation 'rmw_fastrtps_cpp' as default
[12.162s] -- Looking for C++ include pthread.h
[12.733s] -- Looking for C++ include pthread.h - found
[12.734s] -- Performing Test CMAKE_HAVE_LIBC_PTHREAD
[13.657s] -- Performing Test CMAKE_HAVE_LIBC_PTHREAD - Success
[13.663s] -- Found Threads: TRUE  
[15.115s] -- Found kdl_parser: 2.6.4 (/opt/ros/humble/share/kdl_parser/cmake)
[15.381s] -- Found eigen3_cmake_module: 0.1.1 (/opt/ros/humble/share/eigen3_cmake_module/cmake)
[15.387s] -- Found Eigen3: TRUE (found version "3.4.0") 
[15.388s] -- Ensuring Eigen3 include directory is part of orocos-kdl CMake target
[15.508s] -- Found controller_interface: 2.41.0 (/opt/ros/humble/share/controller_interface/cmake)
[16.239s] -- Found realtime_tools: 2.5.0 (/opt/ros/humble/share/realtime_tools/cmake)
[18.058s] -- Found ament_cmake_pytest: 1.3.9 (/opt/ros/humble/share/ament_cmake_pytest/cmake)
[21.358s] -- Configuring done
[21.541s] -- Generating done
[21.562s] -- Build files have been written to: /home/yusuf/ros2_ws/build/ros2_control_demo_example_7
[21.610s] Invoked command in '/home/yusuf/ros2_ws/build/ros2_control_demo_example_7' returned '0': CMAKE_PREFIX_PATH=/home/yusuf/ros2_ws/install/ros2_control_demo_description:/home/yusuf/ros2_ws/install/turtlebot3:/home/yusuf/ros2_ws/install/turtlebot3_simulations:/home/yusuf/ros2_ws/install/turtlebot3_bringup:/home/yusuf/ros2_ws/install/turtlebot3_node:/home/yusuf/ros2_ws/install/turtlebot3_navigation2:/home/yusuf/ros2_ws/install/turtlebot3_gazebo:/home/yusuf/ros2_ws/install/turtlebot3_description:/home/yusuf/ros2_ws/install/turtlebot3_cartographer:/home/yusuf/ros2_ws/install/ros_fundamental:/home/yusuf/ros2_ws/install/ros2_control_demo_example_14:/home/yusuf/ros2_ws/install/robot_test:/home/yusuf/ros2_ws/install/robot_sensing:/home/yusuf/ros2_ws/install/robot_cpp:/home/yusuf/ros2_ws/install/robot_control:/home/yusuf/ros2_ws/install/point_cloud_processing:/home/yusuf/ros2_ws/install/navigation_tb3:/home/yusuf/ros2_ws/install/navigation_1:/home/yusuf/ros2_ws/install/navigation_:/home/yusuf/ros2_ws/install/my_cpp_py_pkg:/home/yusuf/ros2_ws/install/drive_turtle:/home/yusuf/ros2_ws/install/drive_tb3:/home/yusuf/assignment_ws/install/module_9_assignment:/home/yusuf/assignment_ws/install/module_8_assignment:/home/yusuf/assignment_ws/install/module_7_assignment:/home/yusuf/assignment_ws/install/module_6_assignment:/home/yusuf/assignment_ws/install/module_5_assignment:/home/yusuf/assignment_ws/install/module_4_assignment:/home/yusuf/assignment_ws/install/module_3_assignment:/home/yusuf/assignment_ws/install/module_2_assignment:/home/yusuf/assignment_ws/install/module_1_assignment:/home/yusuf/assignment_ws/install/module_10_assignment:/home/yusuf/mir_robot/install/ur:/home/yusuf/mir_robot/install/ur_calibration:/home/yusuf/mir_robot/install/ur_robot_driver:/home/yusuf/mir_robot/install/ur_moveit_config:/home/yusuf/mir_robot/install/ur_bringup:/home/yusuf/mir_robot/install/ur_description:/home/yusuf/mir_robot/install/ur_controllers:/home/yusuf/mir_robot/install/ur_dashboard_msgs:/home/yusuf/mir_robot/install/ros2_aruco_interfaces:/home/yusuf/mir_robot/install/robotiq_description:/home/yusuf/mir_robot/install/realsense_gazebo_plugin:/home/yusuf/mir_robot/install/realsense2_description:/home/yusuf/mir_robot/install/mir_robot:/home/yusuf/mir_robot/install/mir_navigation:/home/yusuf/mir_robot/install/mir_msgs:/home/yusuf/mir_robot/install/mir_gazebo:/home/yusuf/mir_robot/install/mir_description:/home/yusuf/mir_robot/install/ira_laser_tools:/home/yusuf/mir_robot/install/hello_moveit_ur:/home/yusuf/ros2_ws/install/urdf_tutorial_r2d2:/home/yusuf/ros2_ws/install/turtlebot3_teleop:/home/yusuf/ros2_ws/install/turtlebot3_fake_node:/home/yusuf/ros2_ws/install/turtlebot3_example:/home/yusuf/ros2_ws/install/robot_python:/home/yusuf/mir_robot/install/ros2_aruco:/home/yusuf/mir_robot/install/point_cloud_functions:/home/yusuf/mir_robot/install/mir_restapi:/home/yusuf/mir_robot/install/mir_driver:/opt/ros/humble /usr/bin/cmake /home/yusuf/ros2_ws/src/ros2_control_demos/example_7 -DCMAKE_INSTALL_PREFIX=/home/yusuf/ros2_ws/install/ros2_control_demo_example_7
[21.612s] Invoking command in '/home/yusuf/ros2_ws/build/ros2_control_demo_example_7': CMAKE_PREFIX_PATH=/home/yusuf/ros2_ws/install/ros2_control_demo_description:/home/yusuf/ros2_ws/install/turtlebot3:/home/yusuf/ros2_ws/install/turtlebot3_simulations:/home/yusuf/ros2_ws/install/turtlebot3_bringup:/home/yusuf/ros2_ws/install/turtlebot3_node:/home/yusuf/ros2_ws/install/turtlebot3_navigation2:/home/yusuf/ros2_ws/install/turtlebot3_gazebo:/home/yusuf/ros2_ws/install/turtlebot3_description:/home/yusuf/ros2_ws/install/turtlebot3_cartographer:/home/yusuf/ros2_ws/install/ros_fundamental:/home/yusuf/ros2_ws/install/ros2_control_demo_example_14:/home/yusuf/ros2_ws/install/robot_test:/home/yusuf/ros2_ws/install/robot_sensing:/home/yusuf/ros2_ws/install/robot_cpp:/home/yusuf/ros2_ws/install/robot_control:/home/yusuf/ros2_ws/install/point_cloud_processing:/home/yusuf/ros2_ws/install/navigation_tb3:/home/yusuf/ros2_ws/install/navigation_1:/home/yusuf/ros2_ws/install/navigation_:/home/yusuf/ros2_ws/install/my_cpp_py_pkg:/home/yusuf/ros2_ws/install/drive_turtle:/home/yusuf/ros2_ws/install/drive_tb3:/home/yusuf/assignment_ws/install/module_9_assignment:/home/yusuf/assignment_ws/install/module_8_assignment:/home/yusuf/assignment_ws/install/module_7_assignment:/home/yusuf/assignment_ws/install/module_6_assignment:/home/yusuf/assignment_ws/install/module_5_assignment:/home/yusuf/assignment_ws/install/module_4_assignment:/home/yusuf/assignment_ws/install/module_3_assignment:/home/yusuf/assignment_ws/install/module_2_assignment:/home/yusuf/assignment_ws/install/module_1_assignment:/home/yusuf/assignment_ws/install/module_10_assignment:/home/yusuf/mir_robot/install/ur:/home/yusuf/mir_robot/install/ur_calibration:/home/yusuf/mir_robot/install/ur_robot_driver:/home/yusuf/mir_robot/install/ur_moveit_config:/home/yusuf/mir_robot/install/ur_bringup:/home/yusuf/mir_robot/install/ur_description:/home/yusuf/mir_robot/install/ur_controllers:/home/yusuf/mir_robot/install/ur_dashboard_msgs:/home/yusuf/mir_robot/install/ros2_aruco_interfaces:/home/yusuf/mir_robot/install/robotiq_description:/home/yusuf/mir_robot/install/realsense_gazebo_plugin:/home/yusuf/mir_robot/install/realsense2_description:/home/yusuf/mir_robot/install/mir_robot:/home/yusuf/mir_robot/install/mir_navigation:/home/yusuf/mir_robot/install/mir_msgs:/home/yusuf/mir_robot/install/mir_gazebo:/home/yusuf/mir_robot/install/mir_description:/home/yusuf/mir_robot/install/ira_laser_tools:/home/yusuf/mir_robot/install/hello_moveit_ur:/home/yusuf/ros2_ws/install/urdf_tutorial_r2d2:/home/yusuf/ros2_ws/install/turtlebot3_teleop:/home/yusuf/ros2_ws/install/turtlebot3_fake_node:/home/yusuf/ros2_ws/install/turtlebot3_example:/home/yusuf/ros2_ws/install/robot_python:/home/yusuf/mir_robot/install/ros2_aruco:/home/yusuf/mir_robot/install/point_cloud_functions:/home/yusuf/mir_robot/install/mir_restapi:/home/yusuf/mir_robot/install/mir_driver:/opt/ros/humble /usr/bin/cmake --build /home/yusuf/ros2_ws/build/ros2_control_demo_example_7 -- -j8 -l8
[22.419s] [ 20%] [32mBuilding CXX object CMakeFiles/send_trajectory.dir/reference_generator/send_trajectory.cpp.o[0m
[42.369s] [ 40%] [32m[1mLinking CXX executable send_trajectory[0m
[42.779s] [ 40%] Built target send_trajectory
[42.827s] [ 60%] [32mBuilding CXX object CMakeFiles/ros2_control_demo_example_7.dir/hardware/r6bot_hardware.cpp.o[0m
[45.516s] [ 80%] [32mBuilding CXX object CMakeFiles/ros2_control_demo_example_7.dir/controller/r6bot_controller.cpp.o[0m
[58.539s] [100%] [32m[1mLinking CXX shared library libros2_control_demo_example_7.so[0m
[59.252s] [100%] Built target ros2_control_demo_example_7
