-- Found ament_cmake: 1.3.6 (/opt/ros/humble/share/ament_cmake/cmake)
-- Found rclcpp: 16.0.7 (/opt/ros/humble/share/rclcpp/cmake)
-- Found rosidl_generator_c: 3.1.5 (/opt/ros/humble/share/rosidl_generator_c/cmake)
-- Found rosidl_adapter: 3.1.5 (/opt/ros/humble/share/rosidl_adapter/cmake)
-- Found rosidl_generator_cpp: 3.1.5 (/opt/ros/humble/share/rosidl_generator_cpp/cmake)
-- Using all available rosidl_typesupport_c: rosidl_typesupport_fastrtps_c;rosidl_typesupport_introspection_c
-- Using all available rosidl_typesupport_cpp: rosidl_typesupport_fastrtps_cpp;rosidl_typesupport_introspection_cpp
-- Found rmw_implementation_cmake: 6.1.1 (/opt/ros/humble/share/rmw_implementation_cmake/cmake)
-- Found rmw_fastrtps_cpp: 6.2.5 (/opt/ros/humble/share/rmw_fastrtps_cpp/cmake)
-- Using RMW implementation 'rmw_fastrtps_cpp' as default
-- Found geometry_msgs: 4.2.3 (/opt/ros/humble/share/geometry_msgs/cmake)
-- Found nav_msgs: 4.2.3 (/opt/ros/humble/share/nav_msgs/cmake)
-- Found tf2: 0.25.5 (/opt/ros/humble/share/tf2/cmake)
-- Found sensor_msgs: 4.2.3 (/opt/ros/humble/share/sensor_msgs/cmake)
-- Found cv_bridge: 3.2.1 (/opt/ros/humble/share/cv_bridge/cmake)
-- Found gazebo_msgs: 3.7.0 (/opt/ros/humble/share/gazebo_msgs/cmake)
-- Configuring done
-- Generating done
-- Build files have been written to: /home/yusuf/ros2_ws/build/drive_tb3
[35m[1mConsolidate compiler generated dependencies of target p3_a_acceleration[0m
[35m[1mConsolidate compiler generated dependencies of target p2_multi_tb3_sqaure_drive[0m
[35m[1mConsolidate compiler generated dependencies of target p3_b_angular_velocity[0m
[35m[1mConsolidate compiler generated dependencies of target p3_d_xy_goal[0m
[35m[1mConsolidate compiler generated dependencies of target p5_b_maze_solving[0m
[35m[1mConsolidate compiler generated dependencies of target p3_c_linear_goal[0m
[35m[1mConsolidate compiler generated dependencies of target p5_a_lidar_data_sub[0m
[35m[1mConsolidate compiler generated dependencies of target p5_c_camera_data_sub[0m
[  9%] Built target p3_a_acceleration
[ 18%] Built target p3_d_xy_goal
[ 27%] Built target p3_c_linear_goal
[ 36%] Built target p3_b_angular_velocity
[ 45%] Built target p2_multi_tb3_sqaure_drive
[ 54%] Built target p5_b_maze_solving
[ 63%] Built target p5_a_lidar_data_sub
[ 72%] Built target p5_c_camera_data_sub
[35m[1mConsolidate compiler generated dependencies of target p5_d_line_following[0m
[35m[1mConsolidate compiler generated dependencies of target p6_a_occupancy_grid[0m
[35m[1mConsolidate compiler generated dependencies of target p6_b_sdf_spawner[0m
[ 81%] Built target p5_d_line_following
[ 90%] Built target p6_b_sdf_spawner
[100%] Built target p6_a_occupancy_grid
-- Install configuration: ""
-- Up-to-date: /home/yusuf/ros2_ws/install/drive_tb3/lib/drive_tb3/p2_multi_tb3_sqaure_drive
-- Up-to-date: /home/yusuf/ros2_ws/install/drive_tb3/lib/drive_tb3/p3_a_acceleration
-- Up-to-date: /home/yusuf/ros2_ws/install/drive_tb3/lib/drive_tb3/p3_b_angular_velocity
-- Up-to-date: /home/yusuf/ros2_ws/install/drive_tb3/lib/drive_tb3/p3_c_linear_goal
-- Up-to-date: /home/yusuf/ros2_ws/install/drive_tb3/lib/drive_tb3/p3_d_xy_goal
-- Up-to-date: /home/yusuf/ros2_ws/install/drive_tb3/lib/drive_tb3/p5_a_lidar_data_sub
-- Up-to-date: /home/yusuf/ros2_ws/install/drive_tb3/lib/drive_tb3/p5_b_maze_solving
-- Up-to-date: /home/yusuf/ros2_ws/install/drive_tb3/lib/drive_tb3/p5_c_camera_data_sub
-- Up-to-date: /home/yusuf/ros2_ws/install/drive_tb3/lib/drive_tb3/p5_d_line_following
-- Up-to-date: /home/yusuf/ros2_ws/install/drive_tb3/lib/drive_tb3/p6_a_occupancy_grid
-- Up-to-date: /home/yusuf/ros2_ws/install/drive_tb3/lib/drive_tb3/p6_b_sdf_spawner
-- Up-to-date: /home/yusuf/ros2_ws/install/drive_tb3/lib/drive_tb3/p6_c_commander_api_go_to_pose.py
-- Up-to-date: /home/yusuf/ros2_ws/install/drive_tb3/share/drive_tb3//launch
-- Up-to-date: /home/yusuf/ros2_ws/install/drive_tb3/share/drive_tb3//launch/p5_a_maze_solve.launch.py
-- Up-to-date: /home/yusuf/ros2_ws/install/drive_tb3/share/drive_tb3//launch/p6_a_maze_mapping.launch.py
-- Installing: /home/yusuf/ros2_ws/install/drive_tb3/share/drive_tb3//launch/test_a.launch.py
-- Up-to-date: /home/yusuf/ros2_ws/install/drive_tb3/share/drive_tb3//launch/p2_c_drive_sqaure_multi_tb3.launch.py
-- Installing: /home/yusuf/ros2_ws/install/drive_tb3/share/drive_tb3//launch/p2_a_spawn_tb3.launch.py
-- Up-to-date: /home/yusuf/ros2_ws/install/drive_tb3/share/drive_tb3//launch/p6_b_maze_navigation.launch.py
-- Up-to-date: /home/yusuf/ros2_ws/install/drive_tb3/share/drive_tb3//launch/p2_b_multi_tb3.launch.py
-- Up-to-date: /home/yusuf/ros2_ws/install/drive_tb3/share/drive_tb3//launch/p3_a_maths.launch.py
-- Up-to-date: /home/yusuf/ros2_ws/install/drive_tb3/share/drive_tb3//launch/p5_b_line_following.launch.py
-- Up-to-date: /home/yusuf/ros2_ws/install/drive_tb3/share/drive_tb3//worlds
-- Up-to-date: /home/yusuf/ros2_ws/install/drive_tb3/share/drive_tb3//worlds/maze.world
-- Up-to-date: /home/yusuf/ros2_ws/install/drive_tb3/share/drive_tb3//worlds/line_following.world
-- Up-to-date: /home/yusuf/ros2_ws/install/drive_tb3/share/drive_tb3//models
-- Up-to-date: /home/yusuf/ros2_ws/install/drive_tb3/share/drive_tb3//models/maze
-- Up-to-date: /home/yusuf/ros2_ws/install/drive_tb3/share/drive_tb3//models/maze/model.sdf
-- Up-to-date: /home/yusuf/ros2_ws/install/drive_tb3/share/drive_tb3//models/maze/model.config
-- Up-to-date: /home/yusuf/ros2_ws/install/drive_tb3/share/drive_tb3//models/line_track
-- Up-to-date: /home/yusuf/ros2_ws/install/drive_tb3/share/drive_tb3//models/line_track/model.sdf
-- Up-to-date: /home/yusuf/ros2_ws/install/drive_tb3/share/drive_tb3//models/line_track/model.config
-- Up-to-date: /home/yusuf/ros2_ws/install/drive_tb3/share/drive_tb3//models/meshes
-- Up-to-date: /home/yusuf/ros2_ws/install/drive_tb3/share/drive_tb3//models/meshes/base.dae
-- Up-to-date: /home/yusuf/ros2_ws/install/drive_tb3/share/drive_tb3//models/meshes/line.dae
-- Up-to-date: /home/yusuf/ros2_ws/install/drive_tb3/share/drive_tb3//map
-- Up-to-date: /home/yusuf/ros2_ws/install/drive_tb3/share/drive_tb3//map/maze_map.pgm
-- Up-to-date: /home/yusuf/ros2_ws/install/drive_tb3/share/drive_tb3//map/maze_map.yaml
-- Up-to-date: /home/yusuf/ros2_ws/install/drive_tb3/share/drive_tb3//config
-- Up-to-date: /home/yusuf/ros2_ws/install/drive_tb3/share/drive_tb3//config/waffle_pi.yaml
-- Up-to-date: /home/yusuf/ros2_ws/install/drive_tb3/share/drive_tb3//config/nav2.rviz
-- Up-to-date: /home/yusuf/ros2_ws/install/drive_tb3/share/ament_index/resource_index/package_run_dependencies/drive_tb3
-- Installing: /home/yusuf/ros2_ws/install/drive_tb3/share/ament_index/resource_index/parent_prefix_path/drive_tb3
-- Up-to-date: /home/yusuf/ros2_ws/install/drive_tb3/share/drive_tb3/environment/ament_prefix_path.sh
-- Installing: /home/yusuf/ros2_ws/install/drive_tb3/share/drive_tb3/environment/ament_prefix_path.dsv
-- Up-to-date: /home/yusuf/ros2_ws/install/drive_tb3/share/drive_tb3/environment/path.sh
-- Installing: /home/yusuf/ros2_ws/install/drive_tb3/share/drive_tb3/environment/path.dsv
-- Up-to-date: /home/yusuf/ros2_ws/install/drive_tb3/share/drive_tb3/local_setup.bash
-- Up-to-date: /home/yusuf/ros2_ws/install/drive_tb3/share/drive_tb3/local_setup.sh
-- Up-to-date: /home/yusuf/ros2_ws/install/drive_tb3/share/drive_tb3/local_setup.zsh
-- Installing: /home/yusuf/ros2_ws/install/drive_tb3/share/drive_tb3/local_setup.dsv
-- Installing: /home/yusuf/ros2_ws/install/drive_tb3/share/drive_tb3/package.dsv
-- Up-to-date: /home/yusuf/ros2_ws/install/drive_tb3/share/ament_index/resource_index/packages/drive_tb3
-- Up-to-date: /home/yusuf/ros2_ws/install/drive_tb3/share/drive_tb3/cmake/drive_tb3Config.cmake
-- Up-to-date: /home/yusuf/ros2_ws/install/drive_tb3/share/drive_tb3/cmake/drive_tb3Config-version.cmake
-- Up-to-date: /home/yusuf/ros2_ws/install/drive_tb3/share/drive_tb3/package.xml
