[0.369s] Invoking command in '/home/yusuf/ros2_ws/build/ros2_control_demo_example_1': AMENT_PREFIX_PATH=/home/yusuf/ros2_ws/install/ros2_control_demo_description:${AMENT_PREFIX_PATH} CMAKE_PREFIX_PATH=/home/yusuf/ros2_ws/install/ros2_control_demo_description:/home/yusuf/assignment_ws/install/module_9_assignment:/home/yusuf/assignment_ws/install/module_8_assignment:/home/yusuf/assignment_ws/install/module_7_assignment:/home/yusuf/assignment_ws/install/module_6_assignment:/home/yusuf/assignment_ws/install/module_5_assignment:/home/yusuf/assignment_ws/install/module_4_assignment:/home/yusuf/assignment_ws/install/module_3_assignment:/home/yusuf/assignment_ws/install/module_2_assignment:/home/yusuf/assignment_ws/install/module_1_assignment:/home/yusuf/assignment_ws/install/module_10_assignment:/opt/ros/humble /usr/bin/cmake /home/yusuf/ros2_ws/src/ros2_control_demos/example_1 -DCMAKE_INSTALL_PREFIX=/home/yusuf/ros2_ws/install/ros2_control_demo_example_1
[2.696s] -- The CXX compiler identification is GNU 11.4.0
[2.696s] -- Detecting CXX compiler ABI info
[2.696s] -- Detecting CXX compiler ABI info - done
[2.696s] -- Check for working CXX compiler: /usr/bin/c++ - skipped
[2.696s] -- Detecting CXX compile features
[2.697s] -- Detecting CXX compile features - done
[2.697s] -- Found ament_cmake: 1.3.8 (/opt/ros/humble/share/ament_cmake/cmake)
[2.873s] -- Found Python3: /usr/bin/python3 (found version "3.10.12") found components: Interpreter 
[3.573s] -- Found hardware_interface: 2.39.1 (/opt/ros/humble/share/hardware_interface/cmake)
[4.016s] -- Found rosidl_generator_c: 3.1.5 (/opt/ros/humble/share/rosidl_generator_c/cmake)
[4.071s] -- Found rosidl_adapter: 3.1.5 (/opt/ros/humble/share/rosidl_adapter/cmake)
[4.176s] -- Found rosidl_generator_cpp: 3.1.5 (/opt/ros/humble/share/rosidl_generator_cpp/cmake)
[4.405s] -- Using all available rosidl_typesupport_c: rosidl_typesupport_fastrtps_c;rosidl_typesupport_introspection_c
[4.751s] -- Using all available rosidl_typesupport_cpp: rosidl_typesupport_fastrtps_cpp;rosidl_typesupport_introspection_cpp
[19.754s] -- Found rmw_implementation_cmake: 6.1.1 (/opt/ros/humble/share/rmw_implementation_cmake/cmake)
[19.853s] -- Found rmw_fastrtps_cpp: 6.2.6 (/opt/ros/humble/share/rmw_fastrtps_cpp/cmake)
[21.104s] -- Found TinyXML2 via Config file: TinyXML2_DIR-NOTFOUND
[22.056s] -- Found OpenSSL: /usr/lib/x86_64-linux-gnu/libcrypto.so (found version "3.0.2")  
[22.112s] -- Found TinyXML2 via Config file: TinyXML2_DIR-NOTFOUND
[22.446s] -- Found FastRTPS: /opt/ros/humble/include  
[22.799s] -- Found TinyXML2 via Config file: TinyXML2_DIR-NOTFOUND
[22.932s] -- Found TinyXML2 via Config file: TinyXML2_DIR-NOTFOUND
[23.040s] -- Using RMW implementation 'rmw_fastrtps_cpp' as default
[23.264s] -- Looking for C++ include pthread.h
[24.528s] -- Looking for C++ include pthread.h - found
[24.530s] -- Performing Test CMAKE_HAVE_LIBC_PTHREAD
[25.792s] -- Performing Test CMAKE_HAVE_LIBC_PTHREAD - Success
[25.798s] -- Found Threads: TRUE  
[29.005s] -- Found ament_cmake_pytest: 1.3.8 (/opt/ros/humble/share/ament_cmake_pytest/cmake)
[37.157s] -- Configuring done
[37.745s] -- Generating done
[37.752s] -- Build files have been written to: /home/yusuf/ros2_ws/build/ros2_control_demo_example_1
