/usr/lib/python3/dist-packages/setuptools/command/install.py:34: SetuptoolsDeprecationWarning: setup.py install is deprecated. Use build and pip and other standards-based tools.
  warnings.warn(
running egg_info
writing ../../build/robot_python/robot_python.egg-info/PKG-INFO
writing dependency_links to ../../build/robot_python/robot_python.egg-info/dependency_links.txt
writing entry points to ../../build/robot_python/robot_python.egg-info/entry_points.txt
writing requirements to ../../build/robot_python/robot_python.egg-info/requires.txt
writing top-level names to ../../build/robot_python/robot_python.egg-info/top_level.txt
reading manifest file '../../build/robot_python/robot_python.egg-info/SOURCES.txt'
writing manifest file '../../build/robot_python/robot_python.egg-info/SOURCES.txt'
running build
running build_py
running install
running install_lib
running install_data
running install_egg_info
removing '/home/yusuf/ros2_ws/install/robot_python/lib/python3.10/site-packages/robot_python-0.0.0-py3.10.egg-info' (and everything under it)
Copying ../../build/robot_python/robot_python.egg-info to /home/yusuf/ros2_ws/install/robot_python/lib/python3.10/site-packages/robot_python-0.0.0-py3.10.egg-info
running install_scripts
Installing my_publisher script to /home/yusuf/ros2_ws/install/robot_python/lib/robot_python
Installing my_service script to /home/yusuf/ros2_ws/install/robot_python/lib/robot_python
Installing my_subscriber script to /home/yusuf/ros2_ws/install/robot_python/lib/robot_python
Installing my_subtest script to /home/yusuf/ros2_ws/install/robot_python/lib/robot_python
Installing test_node script to /home/yusuf/ros2_ws/install/robot_python/lib/robot_python
Installing turtlesim_go script to /home/yusuf/ros2_ws/install/robot_python/lib/robot_python
writing list of installed files to '/home/yusuf/ros2_ws/build/robot_python/install.log'
