[0.929s] DEBUG:colcon:Command line arguments: ['/usr/bin/colcon', 'build', '--packages-select', 'robot_python']
[0.929s] DEBUG:colcon:Parsed command line arguments: Namespace(log_base=None, log_level=None, verb_name='build', build_base='build', install_base='install', merge_install=False, symlink_install=False, test_result_base=None, continue_on_error=False, executor='parallel', parallel_workers=8, event_handlers=None, ignore_user_meta=False, metas=['./colcon.meta'], base_paths=['.'], packages_ignore=None, packages_ignore_regex=None, paths=None, packages_up_to=None, packages_up_to_regex=None, packages_above=None, packages_above_and_dependencies=None, packages_above_depth=None, packages_select_by_dep=None, packages_skip_by_dep=None, packages_skip_up_to=None, packages_select_build_failed=False, packages_skip_build_finished=False, packages_select_test_failures=False, packages_skip_test_passed=False, packages_select=['robot_python'], packages_skip=None, packages_select_regex=None, packages_skip_regex=None, packages_start=None, packages_end=None, allow_overriding=[], cmake_args=None, cmake_target=None, cmake_target_skip_unavailable=False, cmake_clean_cache=False, cmake_clean_first=False, cmake_force_configure=False, ament_cmake_args=None, catkin_cmake_args=None, catkin_skip_building_tests=False, verb_parser=<colcon_defaults.argument_parser.defaults.DefaultArgumentsDecorator object at 0x7f35f34447c0>, verb_extension=<colcon_core.verb.build.BuildVerb object at 0x7f35f38c78b0>, main=<bound method BuildVerb.main of <colcon_core.verb.build.BuildVerb object at 0x7f35f38c78b0>>)
[0.974s] Level 1:colcon.colcon_core.package_discovery:discover_packages(colcon_meta) check parameters
[0.974s] Level 1:colcon.colcon_core.package_discovery:discover_packages(recursive) check parameters
[0.974s] Level 1:colcon.colcon_core.package_discovery:discover_packages(ignore) check parameters
[0.974s] Level 1:colcon.colcon_core.package_discovery:discover_packages(path) check parameters
[0.974s] Level 1:colcon.colcon_core.package_discovery:discover_packages(colcon_meta) discover
[0.974s] Level 1:colcon.colcon_core.package_discovery:discover_packages(recursive) discover
[0.974s] INFO:colcon.colcon_core.package_discovery:Crawling recursively for packages in '/home/yusuf/ros2_ws'
[0.974s] Level 1:colcon.colcon_core.package_identification:_identify(.) by extensions ['ignore', 'ignore_ament_install']
[0.974s] Level 1:colcon.colcon_core.package_identification:_identify(.) by extension 'ignore'
[0.974s] Level 1:colcon.colcon_core.package_identification:_identify(.) by extension 'ignore_ament_install'
[0.974s] Level 1:colcon.colcon_core.package_identification:_identify(.) by extensions ['colcon_pkg']
[0.974s] Level 1:colcon.colcon_core.package_identification:_identify(.) by extension 'colcon_pkg'
[0.974s] Level 1:colcon.colcon_core.package_identification:_identify(.) by extensions ['colcon_meta']
[0.975s] Level 1:colcon.colcon_core.package_identification:_identify(.) by extension 'colcon_meta'
[0.975s] Level 1:colcon.colcon_core.package_identification:_identify(.) by extensions ['ros']
[0.975s] Level 1:colcon.colcon_core.package_identification:_identify(.) by extension 'ros'
[0.985s] Level 1:colcon.colcon_core.package_identification:_identify(.) by extensions ['cmake', 'python']
[0.985s] Level 1:colcon.colcon_core.package_identification:_identify(.) by extension 'cmake'
[0.985s] Level 1:colcon.colcon_core.package_identification:_identify(.) by extension 'python'
[0.985s] Level 1:colcon.colcon_core.package_identification:_identify(.) by extensions ['python_setup_py']
[0.985s] Level 1:colcon.colcon_core.package_identification:_identify(.) by extension 'python_setup_py'
[0.985s] Level 1:colcon.colcon_core.package_identification:_identify(build) by extensions ['ignore', 'ignore_ament_install']
[0.985s] Level 1:colcon.colcon_core.package_identification:_identify(build) by extension 'ignore'
[0.985s] Level 1:colcon.colcon_core.package_identification:_identify(build) ignored
[0.986s] Level 1:colcon.colcon_core.package_identification:_identify(install) by extensions ['ignore', 'ignore_ament_install']
[0.986s] Level 1:colcon.colcon_core.package_identification:_identify(install) by extension 'ignore'
[0.986s] Level 1:colcon.colcon_core.package_identification:_identify(install) ignored
[0.986s] Level 1:colcon.colcon_core.package_identification:_identify(log) by extensions ['ignore', 'ignore_ament_install']
[0.986s] Level 1:colcon.colcon_core.package_identification:_identify(log) by extension 'ignore'
[0.986s] Level 1:colcon.colcon_core.package_identification:_identify(log) ignored
[0.986s] Level 1:colcon.colcon_core.package_identification:_identify(src) by extensions ['ignore', 'ignore_ament_install']
[0.986s] Level 1:colcon.colcon_core.package_identification:_identify(src) by extension 'ignore'
[0.986s] Level 1:colcon.colcon_core.package_identification:_identify(src) by extension 'ignore_ament_install'
[0.986s] Level 1:colcon.colcon_core.package_identification:_identify(src) by extensions ['colcon_pkg']
[0.986s] Level 1:colcon.colcon_core.package_identification:_identify(src) by extension 'colcon_pkg'
[0.986s] Level 1:colcon.colcon_core.package_identification:_identify(src) by extensions ['colcon_meta']
[0.986s] Level 1:colcon.colcon_core.package_identification:_identify(src) by extension 'colcon_meta'
[0.987s] Level 1:colcon.colcon_core.package_identification:_identify(src) by extensions ['ros']
[0.987s] Level 1:colcon.colcon_core.package_identification:_identify(src) by extension 'ros'
[0.987s] Level 1:colcon.colcon_core.package_identification:_identify(src) by extensions ['cmake', 'python']
[0.987s] Level 1:colcon.colcon_core.package_identification:_identify(src) by extension 'cmake'
[0.987s] Level 1:colcon.colcon_core.package_identification:_identify(src) by extension 'python'
[0.987s] Level 1:colcon.colcon_core.package_identification:_identify(src) by extensions ['python_setup_py']
[0.987s] Level 1:colcon.colcon_core.package_identification:_identify(src) by extension 'python_setup_py'
[0.987s] Level 1:colcon.colcon_core.package_identification:_identify(src/mobile_robotics_ROS2) by extensions ['ignore', 'ignore_ament_install']
[0.987s] Level 1:colcon.colcon_core.package_identification:_identify(src/mobile_robotics_ROS2) by extension 'ignore'
[0.987s] Level 1:colcon.colcon_core.package_identification:_identify(src/mobile_robotics_ROS2) by extension 'ignore_ament_install'
[0.987s] Level 1:colcon.colcon_core.package_identification:_identify(src/mobile_robotics_ROS2) by extensions ['colcon_pkg']
[0.987s] Level 1:colcon.colcon_core.package_identification:_identify(src/mobile_robotics_ROS2) by extension 'colcon_pkg'
[0.987s] Level 1:colcon.colcon_core.package_identification:_identify(src/mobile_robotics_ROS2) by extensions ['colcon_meta']
[0.987s] Level 1:colcon.colcon_core.package_identification:_identify(src/mobile_robotics_ROS2) by extension 'colcon_meta'
[0.987s] Level 1:colcon.colcon_core.package_identification:_identify(src/mobile_robotics_ROS2) by extensions ['ros']
[0.987s] Level 1:colcon.colcon_core.package_identification:_identify(src/mobile_robotics_ROS2) by extension 'ros'
[0.987s] Level 1:colcon.colcon_core.package_identification:_identify(src/mobile_robotics_ROS2) by extensions ['cmake', 'python']
[0.987s] Level 1:colcon.colcon_core.package_identification:_identify(src/mobile_robotics_ROS2) by extension 'cmake'
[0.988s] Level 1:colcon.colcon_core.package_identification:_identify(src/mobile_robotics_ROS2) by extension 'python'
[0.988s] Level 1:colcon.colcon_core.package_identification:_identify(src/mobile_robotics_ROS2) by extensions ['python_setup_py']
[0.988s] Level 1:colcon.colcon_core.package_identification:_identify(src/mobile_robotics_ROS2) by extension 'python_setup_py'
[0.988s] Level 1:colcon.colcon_core.package_identification:_identify(src/mobile_robotics_ROS2/drive_tb3) by extensions ['ignore', 'ignore_ament_install']
[0.988s] Level 1:colcon.colcon_core.package_identification:_identify(src/mobile_robotics_ROS2/drive_tb3) by extension 'ignore'
[0.988s] Level 1:colcon.colcon_core.package_identification:_identify(src/mobile_robotics_ROS2/drive_tb3) by extension 'ignore_ament_install'
[0.988s] Level 1:colcon.colcon_core.package_identification:_identify(src/mobile_robotics_ROS2/drive_tb3) by extensions ['colcon_pkg']
[0.988s] Level 1:colcon.colcon_core.package_identification:_identify(src/mobile_robotics_ROS2/drive_tb3) by extension 'colcon_pkg'
[0.988s] Level 1:colcon.colcon_core.package_identification:_identify(src/mobile_robotics_ROS2/drive_tb3) by extensions ['colcon_meta']
[0.988s] Level 1:colcon.colcon_core.package_identification:_identify(src/mobile_robotics_ROS2/drive_tb3) by extension 'colcon_meta'
[0.988s] Level 1:colcon.colcon_core.package_identification:_identify(src/mobile_robotics_ROS2/drive_tb3) by extensions ['ros']
[0.988s] Level 1:colcon.colcon_core.package_identification:_identify(src/mobile_robotics_ROS2/drive_tb3) by extension 'ros'
[0.991s] DEBUG:colcon.colcon_core.package_identification:Package 'src/mobile_robotics_ROS2/drive_tb3' with type 'ros.ament_cmake' and name 'drive_tb3'
[0.991s] Level 1:colcon.colcon_core.package_identification:_identify(src/mobile_robotics_ROS2/drive_turtle) by extensions ['ignore', 'ignore_ament_install']
[0.991s] Level 1:colcon.colcon_core.package_identification:_identify(src/mobile_robotics_ROS2/drive_turtle) by extension 'ignore'
[0.991s] Level 1:colcon.colcon_core.package_identification:_identify(src/mobile_robotics_ROS2/drive_turtle) by extension 'ignore_ament_install'
[0.991s] Level 1:colcon.colcon_core.package_identification:_identify(src/mobile_robotics_ROS2/drive_turtle) by extensions ['colcon_pkg']
[0.991s] Level 1:colcon.colcon_core.package_identification:_identify(src/mobile_robotics_ROS2/drive_turtle) by extension 'colcon_pkg'
[0.991s] Level 1:colcon.colcon_core.package_identification:_identify(src/mobile_robotics_ROS2/drive_turtle) by extensions ['colcon_meta']
[0.991s] Level 1:colcon.colcon_core.package_identification:_identify(src/mobile_robotics_ROS2/drive_turtle) by extension 'colcon_meta'
[0.991s] Level 1:colcon.colcon_core.package_identification:_identify(src/mobile_robotics_ROS2/drive_turtle) by extensions ['ros']
[0.991s] Level 1:colcon.colcon_core.package_identification:_identify(src/mobile_robotics_ROS2/drive_turtle) by extension 'ros'
[0.991s] DEBUG:colcon.colcon_core.package_identification:Package 'src/mobile_robotics_ROS2/drive_turtle' with type 'ros.ament_cmake' and name 'drive_turtle'
[0.992s] Level 1:colcon.colcon_core.package_identification:_identify(src/mobile_robotics_ROS2/microROS_bot) by extensions ['ignore', 'ignore_ament_install']
[0.992s] Level 1:colcon.colcon_core.package_identification:_identify(src/mobile_robotics_ROS2/microROS_bot) by extension 'ignore'
[0.992s] Level 1:colcon.colcon_core.package_identification:_identify(src/mobile_robotics_ROS2/microROS_bot) by extension 'ignore_ament_install'
[0.992s] Level 1:colcon.colcon_core.package_identification:_identify(src/mobile_robotics_ROS2/microROS_bot) by extensions ['colcon_pkg']
[0.992s] Level 1:colcon.colcon_core.package_identification:_identify(src/mobile_robotics_ROS2/microROS_bot) by extension 'colcon_pkg'
[0.992s] Level 1:colcon.colcon_core.package_identification:_identify(src/mobile_robotics_ROS2/microROS_bot) by extensions ['colcon_meta']
[0.992s] Level 1:colcon.colcon_core.package_identification:_identify(src/mobile_robotics_ROS2/microROS_bot) by extension 'colcon_meta'
[0.992s] Level 1:colcon.colcon_core.package_identification:_identify(src/mobile_robotics_ROS2/microROS_bot) by extensions ['ros']
[0.992s] Level 1:colcon.colcon_core.package_identification:_identify(src/mobile_robotics_ROS2/microROS_bot) by extension 'ros'
[0.992s] Level 1:colcon.colcon_core.package_identification:_identify(src/mobile_robotics_ROS2/microROS_bot) by extensions ['cmake', 'python']
[0.992s] Level 1:colcon.colcon_core.package_identification:_identify(src/mobile_robotics_ROS2/microROS_bot) by extension 'cmake'
[0.992s] Level 1:colcon.colcon_core.package_identification:_identify(src/mobile_robotics_ROS2/microROS_bot) by extension 'python'
[0.992s] Level 1:colcon.colcon_core.package_identification:_identify(src/mobile_robotics_ROS2/microROS_bot) by extensions ['python_setup_py']
[0.992s] Level 1:colcon.colcon_core.package_identification:_identify(src/mobile_robotics_ROS2/microROS_bot) by extension 'python_setup_py'
[0.992s] Level 1:colcon.colcon_core.package_identification:_identify(src/mobile_robotics_ROS2/microROS_bot/include) by extensions ['ignore', 'ignore_ament_install']
[0.992s] Level 1:colcon.colcon_core.package_identification:_identify(src/mobile_robotics_ROS2/microROS_bot/include) by extension 'ignore'
[0.992s] Level 1:colcon.colcon_core.package_identification:_identify(src/mobile_robotics_ROS2/microROS_bot/include) by extension 'ignore_ament_install'
[0.993s] Level 1:colcon.colcon_core.package_identification:_identify(src/mobile_robotics_ROS2/microROS_bot/include) by extensions ['colcon_pkg']
[0.993s] Level 1:colcon.colcon_core.package_identification:_identify(src/mobile_robotics_ROS2/microROS_bot/include) by extension 'colcon_pkg'
[0.993s] Level 1:colcon.colcon_core.package_identification:_identify(src/mobile_robotics_ROS2/microROS_bot/include) by extensions ['colcon_meta']
[0.993s] Level 1:colcon.colcon_core.package_identification:_identify(src/mobile_robotics_ROS2/microROS_bot/include) by extension 'colcon_meta'
[0.993s] Level 1:colcon.colcon_core.package_identification:_identify(src/mobile_robotics_ROS2/microROS_bot/include) by extensions ['ros']
[0.993s] Level 1:colcon.colcon_core.package_identification:_identify(src/mobile_robotics_ROS2/microROS_bot/include) by extension 'ros'
[0.993s] Level 1:colcon.colcon_core.package_identification:_identify(src/mobile_robotics_ROS2/microROS_bot/include) by extensions ['cmake', 'python']
[0.993s] Level 1:colcon.colcon_core.package_identification:_identify(src/mobile_robotics_ROS2/microROS_bot/include) by extension 'cmake'
[0.993s] Level 1:colcon.colcon_core.package_identification:_identify(src/mobile_robotics_ROS2/microROS_bot/include) by extension 'python'
[0.993s] Level 1:colcon.colcon_core.package_identification:_identify(src/mobile_robotics_ROS2/microROS_bot/include) by extensions ['python_setup_py']
[0.993s] Level 1:colcon.colcon_core.package_identification:_identify(src/mobile_robotics_ROS2/microROS_bot/include) by extension 'python_setup_py'
[0.993s] Level 1:colcon.colcon_core.package_identification:_identify(src/mobile_robotics_ROS2/microROS_bot/lib) by extensions ['ignore', 'ignore_ament_install']
[0.993s] Level 1:colcon.colcon_core.package_identification:_identify(src/mobile_robotics_ROS2/microROS_bot/lib) by extension 'ignore'
[0.993s] Level 1:colcon.colcon_core.package_identification:_identify(src/mobile_robotics_ROS2/microROS_bot/lib) by extension 'ignore_ament_install'
[0.993s] Level 1:colcon.colcon_core.package_identification:_identify(src/mobile_robotics_ROS2/microROS_bot/lib) by extensions ['colcon_pkg']
[0.993s] Level 1:colcon.colcon_core.package_identification:_identify(src/mobile_robotics_ROS2/microROS_bot/lib) by extension 'colcon_pkg'
[0.993s] Level 1:colcon.colcon_core.package_identification:_identify(src/mobile_robotics_ROS2/microROS_bot/lib) by extensions ['colcon_meta']
[0.994s] Level 1:colcon.colcon_core.package_identification:_identify(src/mobile_robotics_ROS2/microROS_bot/lib) by extension 'colcon_meta'
[0.994s] Level 1:colcon.colcon_core.package_identification:_identify(src/mobile_robotics_ROS2/microROS_bot/lib) by extensions ['ros']
[0.994s] Level 1:colcon.colcon_core.package_identification:_identify(src/mobile_robotics_ROS2/microROS_bot/lib) by extension 'ros'
[0.994s] Level 1:colcon.colcon_core.package_identification:_identify(src/mobile_robotics_ROS2/microROS_bot/lib) by extensions ['cmake', 'python']
[0.994s] Level 1:colcon.colcon_core.package_identification:_identify(src/mobile_robotics_ROS2/microROS_bot/lib) by extension 'cmake'
[0.994s] Level 1:colcon.colcon_core.package_identification:_identify(src/mobile_robotics_ROS2/microROS_bot/lib) by extension 'python'
[0.994s] Level 1:colcon.colcon_core.package_identification:_identify(src/mobile_robotics_ROS2/microROS_bot/lib) by extensions ['python_setup_py']
[0.994s] Level 1:colcon.colcon_core.package_identification:_identify(src/mobile_robotics_ROS2/microROS_bot/lib) by extension 'python_setup_py'
[0.994s] Level 1:colcon.colcon_core.package_identification:_identify(src/mobile_robotics_ROS2/microROS_bot/lib/motor_control) by extensions ['ignore', 'ignore_ament_install']
[0.994s] Level 1:colcon.colcon_core.package_identification:_identify(src/mobile_robotics_ROS2/microROS_bot/lib/motor_control) by extension 'ignore'
[0.994s] Level 1:colcon.colcon_core.package_identification:_identify(src/mobile_robotics_ROS2/microROS_bot/lib/motor_control) by extension 'ignore_ament_install'
[0.994s] Level 1:colcon.colcon_core.package_identification:_identify(src/mobile_robotics_ROS2/microROS_bot/lib/motor_control) by extensions ['colcon_pkg']
[0.994s] Level 1:colcon.colcon_core.package_identification:_identify(src/mobile_robotics_ROS2/microROS_bot/lib/motor_control) by extension 'colcon_pkg'
[0.994s] Level 1:colcon.colcon_core.package_identification:_identify(src/mobile_robotics_ROS2/microROS_bot/lib/motor_control) by extensions ['colcon_meta']
[0.994s] Level 1:colcon.colcon_core.package_identification:_identify(src/mobile_robotics_ROS2/microROS_bot/lib/motor_control) by extension 'colcon_meta'
[0.994s] Level 1:colcon.colcon_core.package_identification:_identify(src/mobile_robotics_ROS2/microROS_bot/lib/motor_control) by extensions ['ros']
[0.994s] Level 1:colcon.colcon_core.package_identification:_identify(src/mobile_robotics_ROS2/microROS_bot/lib/motor_control) by extension 'ros'
[0.995s] Level 1:colcon.colcon_core.package_identification:_identify(src/mobile_robotics_ROS2/microROS_bot/lib/motor_control) by extensions ['cmake', 'python']
[0.995s] Level 1:colcon.colcon_core.package_identification:_identify(src/mobile_robotics_ROS2/microROS_bot/lib/motor_control) by extension 'cmake'
[0.995s] Level 1:colcon.colcon_core.package_identification:_identify(src/mobile_robotics_ROS2/microROS_bot/lib/motor_control) by extension 'python'
[0.995s] Level 1:colcon.colcon_core.package_identification:_identify(src/mobile_robotics_ROS2/microROS_bot/lib/motor_control) by extensions ['python_setup_py']
[0.995s] Level 1:colcon.colcon_core.package_identification:_identify(src/mobile_robotics_ROS2/microROS_bot/lib/motor_control) by extension 'python_setup_py'
[0.995s] Level 1:colcon.colcon_core.package_identification:_identify(src/mobile_robotics_ROS2/microROS_bot/lib/oled_display) by extensions ['ignore', 'ignore_ament_install']
[0.995s] Level 1:colcon.colcon_core.package_identification:_identify(src/mobile_robotics_ROS2/microROS_bot/lib/oled_display) by extension 'ignore'
[0.995s] Level 1:colcon.colcon_core.package_identification:_identify(src/mobile_robotics_ROS2/microROS_bot/lib/oled_display) by extension 'ignore_ament_install'
[0.995s] Level 1:colcon.colcon_core.package_identification:_identify(src/mobile_robotics_ROS2/microROS_bot/lib/oled_display) by extensions ['colcon_pkg']
[0.995s] Level 1:colcon.colcon_core.package_identification:_identify(src/mobile_robotics_ROS2/microROS_bot/lib/oled_display) by extension 'colcon_pkg'
[0.995s] Level 1:colcon.colcon_core.package_identification:_identify(src/mobile_robotics_ROS2/microROS_bot/lib/oled_display) by extensions ['colcon_meta']
[0.995s] Level 1:colcon.colcon_core.package_identification:_identify(src/mobile_robotics_ROS2/microROS_bot/lib/oled_display) by extension 'colcon_meta'
[0.995s] Level 1:colcon.colcon_core.package_identification:_identify(src/mobile_robotics_ROS2/microROS_bot/lib/oled_display) by extensions ['ros']
[0.995s] Level 1:colcon.colcon_core.package_identification:_identify(src/mobile_robotics_ROS2/microROS_bot/lib/oled_display) by extension 'ros'
[0.995s] Level 1:colcon.colcon_core.package_identification:_identify(src/mobile_robotics_ROS2/microROS_bot/lib/oled_display) by extensions ['cmake', 'python']
[0.995s] Level 1:colcon.colcon_core.package_identification:_identify(src/mobile_robotics_ROS2/microROS_bot/lib/oled_display) by extension 'cmake'
[0.995s] Level 1:colcon.colcon_core.package_identification:_identify(src/mobile_robotics_ROS2/microROS_bot/lib/oled_display) by extension 'python'
[0.995s] Level 1:colcon.colcon_core.package_identification:_identify(src/mobile_robotics_ROS2/microROS_bot/lib/oled_display) by extensions ['python_setup_py']
[0.995s] Level 1:colcon.colcon_core.package_identification:_identify(src/mobile_robotics_ROS2/microROS_bot/lib/oled_display) by extension 'python_setup_py'
[0.996s] Level 1:colcon.colcon_core.package_identification:_identify(src/mobile_robotics_ROS2/microROS_bot/lib/ros_communication) by extensions ['ignore', 'ignore_ament_install']
[0.996s] Level 1:colcon.colcon_core.package_identification:_identify(src/mobile_robotics_ROS2/microROS_bot/lib/ros_communication) by extension 'ignore'
[0.996s] Level 1:colcon.colcon_core.package_identification:_identify(src/mobile_robotics_ROS2/microROS_bot/lib/ros_communication) by extension 'ignore_ament_install'
[0.996s] Level 1:colcon.colcon_core.package_identification:_identify(src/mobile_robotics_ROS2/microROS_bot/lib/ros_communication) by extensions ['colcon_pkg']
[0.996s] Level 1:colcon.colcon_core.package_identification:_identify(src/mobile_robotics_ROS2/microROS_bot/lib/ros_communication) by extension 'colcon_pkg'
[0.996s] Level 1:colcon.colcon_core.package_identification:_identify(src/mobile_robotics_ROS2/microROS_bot/lib/ros_communication) by extensions ['colcon_meta']
[0.996s] Level 1:colcon.colcon_core.package_identification:_identify(src/mobile_robotics_ROS2/microROS_bot/lib/ros_communication) by extension 'colcon_meta'
[0.996s] Level 1:colcon.colcon_core.package_identification:_identify(src/mobile_robotics_ROS2/microROS_bot/lib/ros_communication) by extensions ['ros']
[0.996s] Level 1:colcon.colcon_core.package_identification:_identify(src/mobile_robotics_ROS2/microROS_bot/lib/ros_communication) by extension 'ros'
[0.996s] Level 1:colcon.colcon_core.package_identification:_identify(src/mobile_robotics_ROS2/microROS_bot/lib/ros_communication) by extensions ['cmake', 'python']
[0.996s] Level 1:colcon.colcon_core.package_identification:_identify(src/mobile_robotics_ROS2/microROS_bot/lib/ros_communication) by extension 'cmake'
[0.996s] Level 1:colcon.colcon_core.package_identification:_identify(src/mobile_robotics_ROS2/microROS_bot/lib/ros_communication) by extension 'python'
[0.996s] Level 1:colcon.colcon_core.package_identification:_identify(src/mobile_robotics_ROS2/microROS_bot/lib/ros_communication) by extensions ['python_setup_py']
[0.996s] Level 1:colcon.colcon_core.package_identification:_identify(src/mobile_robotics_ROS2/microROS_bot/lib/ros_communication) by extension 'python_setup_py'
[0.996s] Level 1:colcon.colcon_core.package_identification:_identify(src/mobile_robotics_ROS2/microROS_bot/src) by extensions ['ignore', 'ignore_ament_install']
[0.996s] Level 1:colcon.colcon_core.package_identification:_identify(src/mobile_robotics_ROS2/microROS_bot/src) by extension 'ignore'
[0.997s] Level 1:colcon.colcon_core.package_identification:_identify(src/mobile_robotics_ROS2/microROS_bot/src) by extension 'ignore_ament_install'
[0.997s] Level 1:colcon.colcon_core.package_identification:_identify(src/mobile_robotics_ROS2/microROS_bot/src) by extensions ['colcon_pkg']
[0.997s] Level 1:colcon.colcon_core.package_identification:_identify(src/mobile_robotics_ROS2/microROS_bot/src) by extension 'colcon_pkg'
[0.997s] Level 1:colcon.colcon_core.package_identification:_identify(src/mobile_robotics_ROS2/microROS_bot/src) by extensions ['colcon_meta']
[0.997s] Level 1:colcon.colcon_core.package_identification:_identify(src/mobile_robotics_ROS2/microROS_bot/src) by extension 'colcon_meta'
[0.997s] Level 1:colcon.colcon_core.package_identification:_identify(src/mobile_robotics_ROS2/microROS_bot/src) by extensions ['ros']
[0.997s] Level 1:colcon.colcon_core.package_identification:_identify(src/mobile_robotics_ROS2/microROS_bot/src) by extension 'ros'
[0.997s] Level 1:colcon.colcon_core.package_identification:_identify(src/mobile_robotics_ROS2/microROS_bot/src) by extensions ['cmake', 'python']
[0.997s] Level 1:colcon.colcon_core.package_identification:_identify(src/mobile_robotics_ROS2/microROS_bot/src) by extension 'cmake'
[0.997s] Level 1:colcon.colcon_core.package_identification:_identify(src/mobile_robotics_ROS2/microROS_bot/src) by extension 'python'
[0.997s] Level 1:colcon.colcon_core.package_identification:_identify(src/mobile_robotics_ROS2/microROS_bot/src) by extensions ['python_setup_py']
[0.997s] Level 1:colcon.colcon_core.package_identification:_identify(src/mobile_robotics_ROS2/microROS_bot/src) by extension 'python_setup_py'
[0.997s] Level 1:colcon.colcon_core.package_identification:_identify(src/mobile_robotics_ROS2/microROS_bot/test) by extensions ['ignore', 'ignore_ament_install']
[0.997s] Level 1:colcon.colcon_core.package_identification:_identify(src/mobile_robotics_ROS2/microROS_bot/test) by extension 'ignore'
[0.998s] Level 1:colcon.colcon_core.package_identification:_identify(src/mobile_robotics_ROS2/microROS_bot/test) by extension 'ignore_ament_install'
[0.998s] Level 1:colcon.colcon_core.package_identification:_identify(src/mobile_robotics_ROS2/microROS_bot/test) by extensions ['colcon_pkg']
[0.998s] Level 1:colcon.colcon_core.package_identification:_identify(src/mobile_robotics_ROS2/microROS_bot/test) by extension 'colcon_pkg'
[0.998s] Level 1:colcon.colcon_core.package_identification:_identify(src/mobile_robotics_ROS2/microROS_bot/test) by extensions ['colcon_meta']
[0.998s] Level 1:colcon.colcon_core.package_identification:_identify(src/mobile_robotics_ROS2/microROS_bot/test) by extension 'colcon_meta'
[0.998s] Level 1:colcon.colcon_core.package_identification:_identify(src/mobile_robotics_ROS2/microROS_bot/test) by extensions ['ros']
[0.998s] Level 1:colcon.colcon_core.package_identification:_identify(src/mobile_robotics_ROS2/microROS_bot/test) by extension 'ros'
[0.998s] Level 1:colcon.colcon_core.package_identification:_identify(src/mobile_robotics_ROS2/microROS_bot/test) by extensions ['cmake', 'python']
[0.998s] Level 1:colcon.colcon_core.package_identification:_identify(src/mobile_robotics_ROS2/microROS_bot/test) by extension 'cmake'
[0.998s] Level 1:colcon.colcon_core.package_identification:_identify(src/mobile_robotics_ROS2/microROS_bot/test) by extension 'python'
[0.998s] Level 1:colcon.colcon_core.package_identification:_identify(src/mobile_robotics_ROS2/microROS_bot/test) by extensions ['python_setup_py']
[0.998s] Level 1:colcon.colcon_core.package_identification:_identify(src/mobile_robotics_ROS2/microROS_bot/test) by extension 'python_setup_py'
[0.998s] Level 1:colcon.colcon_core.package_identification:_identify(src/mobile_robotics_ROS2/point_cloud_processing) by extensions ['ignore', 'ignore_ament_install']
[0.998s] Level 1:colcon.colcon_core.package_identification:_identify(src/mobile_robotics_ROS2/point_cloud_processing) by extension 'ignore'
[0.998s] Level 1:colcon.colcon_core.package_identification:_identify(src/mobile_robotics_ROS2/point_cloud_processing) by extension 'ignore_ament_install'
[0.998s] Level 1:colcon.colcon_core.package_identification:_identify(src/mobile_robotics_ROS2/point_cloud_processing) by extensions ['colcon_pkg']
[0.998s] Level 1:colcon.colcon_core.package_identification:_identify(src/mobile_robotics_ROS2/point_cloud_processing) by extension 'colcon_pkg'
[0.998s] Level 1:colcon.colcon_core.package_identification:_identify(src/mobile_robotics_ROS2/point_cloud_processing) by extensions ['colcon_meta']
[0.998s] Level 1:colcon.colcon_core.package_identification:_identify(src/mobile_robotics_ROS2/point_cloud_processing) by extension 'colcon_meta'
[0.999s] Level 1:colcon.colcon_core.package_identification:_identify(src/mobile_robotics_ROS2/point_cloud_processing) by extensions ['ros']
[0.999s] Level 1:colcon.colcon_core.package_identification:_identify(src/mobile_robotics_ROS2/point_cloud_processing) by extension 'ros'
[0.999s] DEBUG:colcon.colcon_core.package_identification:Package 'src/mobile_robotics_ROS2/point_cloud_processing' with type 'ros.ament_cmake' and name 'point_cloud_processing'
[0.999s] Level 1:colcon.colcon_core.package_identification:_identify(src/mobile_robotics_ROS2/turtlebot3_simulations) by extensions ['ignore', 'ignore_ament_install']
[0.999s] Level 1:colcon.colcon_core.package_identification:_identify(src/mobile_robotics_ROS2/turtlebot3_simulations) by extension 'ignore'
[0.999s] Level 1:colcon.colcon_core.package_identification:_identify(src/mobile_robotics_ROS2/turtlebot3_simulations) by extension 'ignore_ament_install'
[0.999s] Level 1:colcon.colcon_core.package_identification:_identify(src/mobile_robotics_ROS2/turtlebot3_simulations) by extensions ['colcon_pkg']
[0.999s] Level 1:colcon.colcon_core.package_identification:_identify(src/mobile_robotics_ROS2/turtlebot3_simulations) by extension 'colcon_pkg'
[0.999s] Level 1:colcon.colcon_core.package_identification:_identify(src/mobile_robotics_ROS2/turtlebot3_simulations) by extensions ['colcon_meta']
[0.999s] Level 1:colcon.colcon_core.package_identification:_identify(src/mobile_robotics_ROS2/turtlebot3_simulations) by extension 'colcon_meta'
[0.999s] Level 1:colcon.colcon_core.package_identification:_identify(src/mobile_robotics_ROS2/turtlebot3_simulations) by extensions ['ros']
[1.000s] Level 1:colcon.colcon_core.package_identification:_identify(src/mobile_robotics_ROS2/turtlebot3_simulations) by extension 'ros'
[1.000s] Level 1:colcon.colcon_core.package_identification:_identify(src/mobile_robotics_ROS2/turtlebot3_simulations) by extensions ['cmake', 'python']
[1.000s] Level 1:colcon.colcon_core.package_identification:_identify(src/mobile_robotics_ROS2/turtlebot3_simulations) by extension 'cmake'
[1.000s] Level 1:colcon.colcon_core.package_identification:_identify(src/mobile_robotics_ROS2/turtlebot3_simulations) by extension 'python'
[1.000s] Level 1:colcon.colcon_core.package_identification:_identify(src/mobile_robotics_ROS2/turtlebot3_simulations) by extensions ['python_setup_py']
[1.000s] Level 1:colcon.colcon_core.package_identification:_identify(src/mobile_robotics_ROS2/turtlebot3_simulations) by extension 'python_setup_py'
[1.000s] Level 1:colcon.colcon_core.package_identification:_identify(src/my_cpp_py_pkg) by extensions ['ignore', 'ignore_ament_install']
[1.000s] Level 1:colcon.colcon_core.package_identification:_identify(src/my_cpp_py_pkg) by extension 'ignore'
[1.000s] Level 1:colcon.colcon_core.package_identification:_identify(src/my_cpp_py_pkg) by extension 'ignore_ament_install'
[1.000s] Level 1:colcon.colcon_core.package_identification:_identify(src/my_cpp_py_pkg) by extensions ['colcon_pkg']
[1.000s] Level 1:colcon.colcon_core.package_identification:_identify(src/my_cpp_py_pkg) by extension 'colcon_pkg'
[1.000s] Level 1:colcon.colcon_core.package_identification:_identify(src/my_cpp_py_pkg) by extensions ['colcon_meta']
[1.000s] Level 1:colcon.colcon_core.package_identification:_identify(src/my_cpp_py_pkg) by extension 'colcon_meta'
[1.000s] Level 1:colcon.colcon_core.package_identification:_identify(src/my_cpp_py_pkg) by extensions ['ros']
[1.000s] Level 1:colcon.colcon_core.package_identification:_identify(src/my_cpp_py_pkg) by extension 'ros'
[1.001s] DEBUG:colcon.colcon_core.package_identification:Package 'src/my_cpp_py_pkg' with type 'ros.ament_cmake' and name 'my_cpp_py_pkg'
[1.001s] Level 1:colcon.colcon_core.package_identification:_identify(src/navigation_tb3) by extensions ['ignore', 'ignore_ament_install']
[1.001s] Level 1:colcon.colcon_core.package_identification:_identify(src/navigation_tb3) by extension 'ignore'
[1.001s] Level 1:colcon.colcon_core.package_identification:_identify(src/navigation_tb3) by extension 'ignore_ament_install'
[1.001s] Level 1:colcon.colcon_core.package_identification:_identify(src/navigation_tb3) by extensions ['colcon_pkg']
[1.001s] Level 1:colcon.colcon_core.package_identification:_identify(src/navigation_tb3) by extension 'colcon_pkg'
[1.001s] Level 1:colcon.colcon_core.package_identification:_identify(src/navigation_tb3) by extensions ['colcon_meta']
[1.001s] Level 1:colcon.colcon_core.package_identification:_identify(src/navigation_tb3) by extension 'colcon_meta'
[1.001s] Level 1:colcon.colcon_core.package_identification:_identify(src/navigation_tb3) by extensions ['ros']
[1.001s] Level 1:colcon.colcon_core.package_identification:_identify(src/navigation_tb3) by extension 'ros'
[1.002s] DEBUG:colcon.colcon_core.package_identification:Package 'src/navigation_tb3' with type 'ros.ament_cmake' and name 'navigation_tb3'
[1.002s] Level 1:colcon.colcon_core.package_identification:_identify(src/robot_control) by extensions ['ignore', 'ignore_ament_install']
[1.002s] Level 1:colcon.colcon_core.package_identification:_identify(src/robot_control) by extension 'ignore'
[1.002s] Level 1:colcon.colcon_core.package_identification:_identify(src/robot_control) by extension 'ignore_ament_install'
[1.002s] Level 1:colcon.colcon_core.package_identification:_identify(src/robot_control) by extensions ['colcon_pkg']
[1.002s] Level 1:colcon.colcon_core.package_identification:_identify(src/robot_control) by extension 'colcon_pkg'
[1.002s] Level 1:colcon.colcon_core.package_identification:_identify(src/robot_control) by extensions ['colcon_meta']
[1.002s] Level 1:colcon.colcon_core.package_identification:_identify(src/robot_control) by extension 'colcon_meta'
[1.002s] Level 1:colcon.colcon_core.package_identification:_identify(src/robot_control) by extensions ['ros']
[1.002s] Level 1:colcon.colcon_core.package_identification:_identify(src/robot_control) by extension 'ros'
[1.003s] DEBUG:colcon.colcon_core.package_identification:Package 'src/robot_control' with type 'ros.ament_cmake' and name 'robot_control'
[1.003s] Level 1:colcon.colcon_core.package_identification:_identify(src/robot_cpp) by extensions ['ignore', 'ignore_ament_install']
[1.003s] Level 1:colcon.colcon_core.package_identification:_identify(src/robot_cpp) by extension 'ignore'
[1.003s] Level 1:colcon.colcon_core.package_identification:_identify(src/robot_cpp) by extension 'ignore_ament_install'
[1.003s] Level 1:colcon.colcon_core.package_identification:_identify(src/robot_cpp) by extensions ['colcon_pkg']
[1.003s] Level 1:colcon.colcon_core.package_identification:_identify(src/robot_cpp) by extension 'colcon_pkg'
[1.003s] Level 1:colcon.colcon_core.package_identification:_identify(src/robot_cpp) by extensions ['colcon_meta']
[1.003s] Level 1:colcon.colcon_core.package_identification:_identify(src/robot_cpp) by extension 'colcon_meta'
[1.004s] Level 1:colcon.colcon_core.package_identification:_identify(src/robot_cpp) by extensions ['ros']
[1.004s] Level 1:colcon.colcon_core.package_identification:_identify(src/robot_cpp) by extension 'ros'
[1.004s] DEBUG:colcon.colcon_core.package_identification:Package 'src/robot_cpp' with type 'ros.ament_cmake' and name 'robot_cpp'
[1.004s] Level 1:colcon.colcon_core.package_identification:_identify(src/robot_python) by extensions ['ignore', 'ignore_ament_install']
[1.004s] Level 1:colcon.colcon_core.package_identification:_identify(src/robot_python) by extension 'ignore'
[1.005s] Level 1:colcon.colcon_core.package_identification:_identify(src/robot_python) by extension 'ignore_ament_install'
[1.005s] Level 1:colcon.colcon_core.package_identification:_identify(src/robot_python) by extensions ['colcon_pkg']
[1.005s] Level 1:colcon.colcon_core.package_identification:_identify(src/robot_python) by extension 'colcon_pkg'
[1.005s] Level 1:colcon.colcon_core.package_identification:_identify(src/robot_python) by extensions ['colcon_meta']
[1.005s] Level 1:colcon.colcon_core.package_identification:_identify(src/robot_python) by extension 'colcon_meta'
[1.005s] Level 1:colcon.colcon_core.package_identification:_identify(src/robot_python) by extensions ['ros']
[1.005s] Level 1:colcon.colcon_core.package_identification:_identify(src/robot_python) by extension 'ros'
[1.006s] DEBUG:colcon.colcon_core.package_identification:Package 'src/robot_python' with type 'ros.ament_python' and name 'robot_python'
[1.006s] Level 1:colcon.colcon_core.package_identification:_identify(src/robot_test) by extensions ['ignore', 'ignore_ament_install']
[1.006s] Level 1:colcon.colcon_core.package_identification:_identify(src/robot_test) by extension 'ignore'
[1.006s] Level 1:colcon.colcon_core.package_identification:_identify(src/robot_test) by extension 'ignore_ament_install'
[1.006s] Level 1:colcon.colcon_core.package_identification:_identify(src/robot_test) by extensions ['colcon_pkg']
[1.006s] Level 1:colcon.colcon_core.package_identification:_identify(src/robot_test) by extension 'colcon_pkg'
[1.006s] Level 1:colcon.colcon_core.package_identification:_identify(src/robot_test) by extensions ['colcon_meta']
[1.007s] Level 1:colcon.colcon_core.package_identification:_identify(src/robot_test) by extension 'colcon_meta'
[1.007s] Level 1:colcon.colcon_core.package_identification:_identify(src/robot_test) by extensions ['ros']
[1.007s] Level 1:colcon.colcon_core.package_identification:_identify(src/robot_test) by extension 'ros'
[1.007s] DEBUG:colcon.colcon_core.package_identification:Package 'src/robot_test' with type 'ros.ament_cmake' and name 'robot_test'
[1.007s] Level 1:colcon.colcon_core.package_identification:_identify(src/turtlebot3) by extensions ['ignore', 'ignore_ament_install']
[1.007s] Level 1:colcon.colcon_core.package_identification:_identify(src/turtlebot3) by extension 'ignore'
[1.007s] Level 1:colcon.colcon_core.package_identification:_identify(src/turtlebot3) by extension 'ignore_ament_install'
[1.007s] Level 1:colcon.colcon_core.package_identification:_identify(src/turtlebot3) by extensions ['colcon_pkg']
[1.008s] Level 1:colcon.colcon_core.package_identification:_identify(src/turtlebot3) by extension 'colcon_pkg'
[1.008s] Level 1:colcon.colcon_core.package_identification:_identify(src/turtlebot3) by extensions ['colcon_meta']
[1.008s] Level 1:colcon.colcon_core.package_identification:_identify(src/turtlebot3) by extension 'colcon_meta'
[1.008s] Level 1:colcon.colcon_core.package_identification:_identify(src/turtlebot3) by extensions ['ros']
[1.008s] Level 1:colcon.colcon_core.package_identification:_identify(src/turtlebot3) by extension 'ros'
[1.008s] Level 1:colcon.colcon_core.package_identification:_identify(src/turtlebot3) by extensions ['cmake', 'python']
[1.008s] Level 1:colcon.colcon_core.package_identification:_identify(src/turtlebot3) by extension 'cmake'
[1.008s] Level 1:colcon.colcon_core.package_identification:_identify(src/turtlebot3) by extension 'python'
[1.008s] Level 1:colcon.colcon_core.package_identification:_identify(src/turtlebot3) by extensions ['python_setup_py']
[1.008s] Level 1:colcon.colcon_core.package_identification:_identify(src/turtlebot3) by extension 'python_setup_py'
[1.008s] Level 1:colcon.colcon_core.package_identification:_identify(src/turtlebot3/turtlebot3) by extensions ['ignore', 'ignore_ament_install']
[1.008s] Level 1:colcon.colcon_core.package_identification:_identify(src/turtlebot3/turtlebot3) by extension 'ignore'
[1.008s] Level 1:colcon.colcon_core.package_identification:_identify(src/turtlebot3/turtlebot3) by extension 'ignore_ament_install'
[1.008s] Level 1:colcon.colcon_core.package_identification:_identify(src/turtlebot3/turtlebot3) by extensions ['colcon_pkg']
[1.008s] Level 1:colcon.colcon_core.package_identification:_identify(src/turtlebot3/turtlebot3) by extension 'colcon_pkg'
[1.008s] Level 1:colcon.colcon_core.package_identification:_identify(src/turtlebot3/turtlebot3) by extensions ['colcon_meta']
[1.009s] Level 1:colcon.colcon_core.package_identification:_identify(src/turtlebot3/turtlebot3) by extension 'colcon_meta'
[1.009s] Level 1:colcon.colcon_core.package_identification:_identify(src/turtlebot3/turtlebot3) by extensions ['ros']
[1.009s] Level 1:colcon.colcon_core.package_identification:_identify(src/turtlebot3/turtlebot3) by extension 'ros'
[1.009s] DEBUG:colcon.colcon_core.package_identification:Package 'src/turtlebot3/turtlebot3' with type 'ros.ament_cmake' and name 'turtlebot3'
[1.009s] Level 1:colcon.colcon_core.package_identification:_identify(src/turtlebot3/turtlebot3_bringup) by extensions ['ignore', 'ignore_ament_install']
[1.009s] Level 1:colcon.colcon_core.package_identification:_identify(src/turtlebot3/turtlebot3_bringup) by extension 'ignore'
[1.009s] Level 1:colcon.colcon_core.package_identification:_identify(src/turtlebot3/turtlebot3_bringup) by extension 'ignore_ament_install'
[1.010s] Level 1:colcon.colcon_core.package_identification:_identify(src/turtlebot3/turtlebot3_bringup) by extensions ['colcon_pkg']
[1.010s] Level 1:colcon.colcon_core.package_identification:_identify(src/turtlebot3/turtlebot3_bringup) by extension 'colcon_pkg'
[1.010s] Level 1:colcon.colcon_core.package_identification:_identify(src/turtlebot3/turtlebot3_bringup) by extensions ['colcon_meta']
[1.010s] Level 1:colcon.colcon_core.package_identification:_identify(src/turtlebot3/turtlebot3_bringup) by extension 'colcon_meta'
[1.010s] Level 1:colcon.colcon_core.package_identification:_identify(src/turtlebot3/turtlebot3_bringup) by extensions ['ros']
[1.010s] Level 1:colcon.colcon_core.package_identification:_identify(src/turtlebot3/turtlebot3_bringup) by extension 'ros'
[1.010s] DEBUG:colcon.colcon_core.package_identification:Package 'src/turtlebot3/turtlebot3_bringup' with type 'ros.ament_cmake' and name 'turtlebot3_bringup'
[1.011s] Level 1:colcon.colcon_core.package_identification:_identify(src/turtlebot3/turtlebot3_cartographer) by extensions ['ignore', 'ignore_ament_install']
[1.011s] Level 1:colcon.colcon_core.package_identification:_identify(src/turtlebot3/turtlebot3_cartographer) by extension 'ignore'
[1.011s] Level 1:colcon.colcon_core.package_identification:_identify(src/turtlebot3/turtlebot3_cartographer) by extension 'ignore_ament_install'
[1.011s] Level 1:colcon.colcon_core.package_identification:_identify(src/turtlebot3/turtlebot3_cartographer) by extensions ['colcon_pkg']
[1.011s] Level 1:colcon.colcon_core.package_identification:_identify(src/turtlebot3/turtlebot3_cartographer) by extension 'colcon_pkg'
[1.011s] Level 1:colcon.colcon_core.package_identification:_identify(src/turtlebot3/turtlebot3_cartographer) by extensions ['colcon_meta']
[1.011s] Level 1:colcon.colcon_core.package_identification:_identify(src/turtlebot3/turtlebot3_cartographer) by extension 'colcon_meta'
[1.011s] Level 1:colcon.colcon_core.package_identification:_identify(src/turtlebot3/turtlebot3_cartographer) by extensions ['ros']
[1.011s] Level 1:colcon.colcon_core.package_identification:_identify(src/turtlebot3/turtlebot3_cartographer) by extension 'ros'
[1.012s] DEBUG:colcon.colcon_core.package_identification:Package 'src/turtlebot3/turtlebot3_cartographer' with type 'ros.ament_cmake' and name 'turtlebot3_cartographer'
[1.012s] Level 1:colcon.colcon_core.package_identification:_identify(src/turtlebot3/turtlebot3_description) by extensions ['ignore', 'ignore_ament_install']
[1.012s] Level 1:colcon.colcon_core.package_identification:_identify(src/turtlebot3/turtlebot3_description) by extension 'ignore'
[1.012s] Level 1:colcon.colcon_core.package_identification:_identify(src/turtlebot3/turtlebot3_description) by extension 'ignore_ament_install'
[1.012s] Level 1:colcon.colcon_core.package_identification:_identify(src/turtlebot3/turtlebot3_description) by extensions ['colcon_pkg']
[1.012s] Level 1:colcon.colcon_core.package_identification:_identify(src/turtlebot3/turtlebot3_description) by extension 'colcon_pkg'
[1.012s] Level 1:colcon.colcon_core.package_identification:_identify(src/turtlebot3/turtlebot3_description) by extensions ['colcon_meta']
[1.012s] Level 1:colcon.colcon_core.package_identification:_identify(src/turtlebot3/turtlebot3_description) by extension 'colcon_meta'
[1.012s] Level 1:colcon.colcon_core.package_identification:_identify(src/turtlebot3/turtlebot3_description) by extensions ['ros']
[1.012s] Level 1:colcon.colcon_core.package_identification:_identify(src/turtlebot3/turtlebot3_description) by extension 'ros'
[1.013s] DEBUG:colcon.colcon_core.package_identification:Package 'src/turtlebot3/turtlebot3_description' with type 'ros.ament_cmake' and name 'turtlebot3_description'
[1.013s] Level 1:colcon.colcon_core.package_identification:_identify(src/turtlebot3/turtlebot3_example) by extensions ['ignore', 'ignore_ament_install']
[1.013s] Level 1:colcon.colcon_core.package_identification:_identify(src/turtlebot3/turtlebot3_example) by extension 'ignore'
[1.013s] Level 1:colcon.colcon_core.package_identification:_identify(src/turtlebot3/turtlebot3_example) by extension 'ignore_ament_install'
[1.013s] Level 1:colcon.colcon_core.package_identification:_identify(src/turtlebot3/turtlebot3_example) by extensions ['colcon_pkg']
[1.013s] Level 1:colcon.colcon_core.package_identification:_identify(src/turtlebot3/turtlebot3_example) by extension 'colcon_pkg'
[1.013s] Level 1:colcon.colcon_core.package_identification:_identify(src/turtlebot3/turtlebot3_example) by extensions ['colcon_meta']
[1.013s] Level 1:colcon.colcon_core.package_identification:_identify(src/turtlebot3/turtlebot3_example) by extension 'colcon_meta'
[1.013s] Level 1:colcon.colcon_core.package_identification:_identify(src/turtlebot3/turtlebot3_example) by extensions ['ros']
[1.013s] Level 1:colcon.colcon_core.package_identification:_identify(src/turtlebot3/turtlebot3_example) by extension 'ros'
[1.014s] DEBUG:colcon.colcon_core.package_identification:Package 'src/turtlebot3/turtlebot3_example' with type 'ros.ament_python' and name 'turtlebot3_example'
[1.014s] Level 1:colcon.colcon_core.package_identification:_identify(src/turtlebot3/turtlebot3_navigation2) by extensions ['ignore', 'ignore_ament_install']
[1.014s] Level 1:colcon.colcon_core.package_identification:_identify(src/turtlebot3/turtlebot3_navigation2) by extension 'ignore'
[1.014s] Level 1:colcon.colcon_core.package_identification:_identify(src/turtlebot3/turtlebot3_navigation2) by extension 'ignore_ament_install'
[1.015s] Level 1:colcon.colcon_core.package_identification:_identify(src/turtlebot3/turtlebot3_navigation2) by extensions ['colcon_pkg']
[1.015s] Level 1:colcon.colcon_core.package_identification:_identify(src/turtlebot3/turtlebot3_navigation2) by extension 'colcon_pkg'
[1.015s] Level 1:colcon.colcon_core.package_identification:_identify(src/turtlebot3/turtlebot3_navigation2) by extensions ['colcon_meta']
[1.015s] Level 1:colcon.colcon_core.package_identification:_identify(src/turtlebot3/turtlebot3_navigation2) by extension 'colcon_meta'
[1.015s] Level 1:colcon.colcon_core.package_identification:_identify(src/turtlebot3/turtlebot3_navigation2) by extensions ['ros']
[1.015s] Level 1:colcon.colcon_core.package_identification:_identify(src/turtlebot3/turtlebot3_navigation2) by extension 'ros'
[1.015s] DEBUG:colcon.colcon_core.package_identification:Package 'src/turtlebot3/turtlebot3_navigation2' with type 'ros.ament_cmake' and name 'turtlebot3_navigation2'
[1.015s] Level 1:colcon.colcon_core.package_identification:_identify(src/turtlebot3/turtlebot3_node) by extensions ['ignore', 'ignore_ament_install']
[1.015s] Level 1:colcon.colcon_core.package_identification:_identify(src/turtlebot3/turtlebot3_node) by extension 'ignore'
[1.016s] Level 1:colcon.colcon_core.package_identification:_identify(src/turtlebot3/turtlebot3_node) by extension 'ignore_ament_install'
[1.016s] Level 1:colcon.colcon_core.package_identification:_identify(src/turtlebot3/turtlebot3_node) by extensions ['colcon_pkg']
[1.016s] Level 1:colcon.colcon_core.package_identification:_identify(src/turtlebot3/turtlebot3_node) by extension 'colcon_pkg'
[1.016s] Level 1:colcon.colcon_core.package_identification:_identify(src/turtlebot3/turtlebot3_node) by extensions ['colcon_meta']
[1.016s] Level 1:colcon.colcon_core.package_identification:_identify(src/turtlebot3/turtlebot3_node) by extension 'colcon_meta'
[1.016s] Level 1:colcon.colcon_core.package_identification:_identify(src/turtlebot3/turtlebot3_node) by extensions ['ros']
[1.016s] Level 1:colcon.colcon_core.package_identification:_identify(src/turtlebot3/turtlebot3_node) by extension 'ros'
[1.017s] DEBUG:colcon.colcon_core.package_identification:Package 'src/turtlebot3/turtlebot3_node' with type 'ros.ament_cmake' and name 'turtlebot3_node'
[1.017s] Level 1:colcon.colcon_core.package_identification:_identify(src/turtlebot3/turtlebot3_teleop) by extensions ['ignore', 'ignore_ament_install']
[1.018s] Level 1:colcon.colcon_core.package_identification:_identify(src/turtlebot3/turtlebot3_teleop) by extension 'ignore'
[1.018s] Level 1:colcon.colcon_core.package_identification:_identify(src/turtlebot3/turtlebot3_teleop) by extension 'ignore_ament_install'
[1.018s] Level 1:colcon.colcon_core.package_identification:_identify(src/turtlebot3/turtlebot3_teleop) by extensions ['colcon_pkg']
[1.018s] Level 1:colcon.colcon_core.package_identification:_identify(src/turtlebot3/turtlebot3_teleop) by extension 'colcon_pkg'
[1.018s] Level 1:colcon.colcon_core.package_identification:_identify(src/turtlebot3/turtlebot3_teleop) by extensions ['colcon_meta']
[1.018s] Level 1:colcon.colcon_core.package_identification:_identify(src/turtlebot3/turtlebot3_teleop) by extension 'colcon_meta'
[1.018s] Level 1:colcon.colcon_core.package_identification:_identify(src/turtlebot3/turtlebot3_teleop) by extensions ['ros']
[1.018s] Level 1:colcon.colcon_core.package_identification:_identify(src/turtlebot3/turtlebot3_teleop) by extension 'ros'
[1.018s] DEBUG:colcon.colcon_core.package_identification:Package 'src/turtlebot3/turtlebot3_teleop' with type 'ros.ament_python' and name 'turtlebot3_teleop'
[1.019s] Level 1:colcon.colcon_core.package_identification:_identify(src/turtlebot3_simulations) by extensions ['ignore', 'ignore_ament_install']
[1.019s] Level 1:colcon.colcon_core.package_identification:_identify(src/turtlebot3_simulations) by extension 'ignore'
[1.019s] Level 1:colcon.colcon_core.package_identification:_identify(src/turtlebot3_simulations) by extension 'ignore_ament_install'
[1.019s] Level 1:colcon.colcon_core.package_identification:_identify(src/turtlebot3_simulations) by extensions ['colcon_pkg']
[1.019s] Level 1:colcon.colcon_core.package_identification:_identify(src/turtlebot3_simulations) by extension 'colcon_pkg'
[1.019s] Level 1:colcon.colcon_core.package_identification:_identify(src/turtlebot3_simulations) by extensions ['colcon_meta']
[1.019s] Level 1:colcon.colcon_core.package_identification:_identify(src/turtlebot3_simulations) by extension 'colcon_meta'
[1.019s] Level 1:colcon.colcon_core.package_identification:_identify(src/turtlebot3_simulations) by extensions ['ros']
[1.019s] Level 1:colcon.colcon_core.package_identification:_identify(src/turtlebot3_simulations) by extension 'ros'
[1.019s] Level 1:colcon.colcon_core.package_identification:_identify(src/turtlebot3_simulations) by extensions ['cmake', 'python']
[1.019s] Level 1:colcon.colcon_core.package_identification:_identify(src/turtlebot3_simulations) by extension 'cmake'
[1.019s] Level 1:colcon.colcon_core.package_identification:_identify(src/turtlebot3_simulations) by extension 'python'
[1.019s] Level 1:colcon.colcon_core.package_identification:_identify(src/turtlebot3_simulations) by extensions ['python_setup_py']
[1.019s] Level 1:colcon.colcon_core.package_identification:_identify(src/turtlebot3_simulations) by extension 'python_setup_py'
[1.019s] Level 1:colcon.colcon_core.package_identification:_identify(src/turtlebot3_simulations/turtlebot3_fake_node) by extensions ['ignore', 'ignore_ament_install']
[1.020s] Level 1:colcon.colcon_core.package_identification:_identify(src/turtlebot3_simulations/turtlebot3_fake_node) by extension 'ignore'
[1.020s] Level 1:colcon.colcon_core.package_identification:_identify(src/turtlebot3_simulations/turtlebot3_fake_node) by extension 'ignore_ament_install'
[1.020s] Level 1:colcon.colcon_core.package_identification:_identify(src/turtlebot3_simulations/turtlebot3_fake_node) by extensions ['colcon_pkg']
[1.020s] Level 1:colcon.colcon_core.package_identification:_identify(src/turtlebot3_simulations/turtlebot3_fake_node) by extension 'colcon_pkg'
[1.020s] Level 1:colcon.colcon_core.package_identification:_identify(src/turtlebot3_simulations/turtlebot3_fake_node) by extensions ['colcon_meta']
[1.020s] Level 1:colcon.colcon_core.package_identification:_identify(src/turtlebot3_simulations/turtlebot3_fake_node) by extension 'colcon_meta'
[1.020s] Level 1:colcon.colcon_core.package_identification:_identify(src/turtlebot3_simulations/turtlebot3_fake_node) by extensions ['ros']
[1.020s] Level 1:colcon.colcon_core.package_identification:_identify(src/turtlebot3_simulations/turtlebot3_fake_node) by extension 'ros'
[1.021s] DEBUG:colcon.colcon_core.package_identification:Package 'src/turtlebot3_simulations/turtlebot3_fake_node' with type 'ros.ament_cmake' and name 'turtlebot3_fake_node'
[1.021s] Level 1:colcon.colcon_core.package_identification:_identify(src/turtlebot3_simulations/turtlebot3_gazebo) by extensions ['ignore', 'ignore_ament_install']
[1.021s] Level 1:colcon.colcon_core.package_identification:_identify(src/turtlebot3_simulations/turtlebot3_gazebo) by extension 'ignore'
[1.021s] Level 1:colcon.colcon_core.package_identification:_identify(src/turtlebot3_simulations/turtlebot3_gazebo) by extension 'ignore_ament_install'
[1.021s] Level 1:colcon.colcon_core.package_identification:_identify(src/turtlebot3_simulations/turtlebot3_gazebo) by extensions ['colcon_pkg']
[1.021s] Level 1:colcon.colcon_core.package_identification:_identify(src/turtlebot3_simulations/turtlebot3_gazebo) by extension 'colcon_pkg'
[1.021s] Level 1:colcon.colcon_core.package_identification:_identify(src/turtlebot3_simulations/turtlebot3_gazebo) by extensions ['colcon_meta']
[1.021s] Level 1:colcon.colcon_core.package_identification:_identify(src/turtlebot3_simulations/turtlebot3_gazebo) by extension 'colcon_meta'
[1.022s] Level 1:colcon.colcon_core.package_identification:_identify(src/turtlebot3_simulations/turtlebot3_gazebo) by extensions ['ros']
[1.022s] Level 1:colcon.colcon_core.package_identification:_identify(src/turtlebot3_simulations/turtlebot3_gazebo) by extension 'ros'
[1.023s] DEBUG:colcon.colcon_core.package_identification:Package 'src/turtlebot3_simulations/turtlebot3_gazebo' with type 'ros.ament_cmake' and name 'turtlebot3_gazebo'
[1.023s] Level 1:colcon.colcon_core.package_identification:_identify(src/turtlebot3_simulations/turtlebot3_simulations) by extensions ['ignore', 'ignore_ament_install']
[1.023s] Level 1:colcon.colcon_core.package_identification:_identify(src/turtlebot3_simulations/turtlebot3_simulations) by extension 'ignore'
[1.023s] Level 1:colcon.colcon_core.package_identification:_identify(src/turtlebot3_simulations/turtlebot3_simulations) by extension 'ignore_ament_install'
[1.023s] Level 1:colcon.colcon_core.package_identification:_identify(src/turtlebot3_simulations/turtlebot3_simulations) by extensions ['colcon_pkg']
[1.023s] Level 1:colcon.colcon_core.package_identification:_identify(src/turtlebot3_simulations/turtlebot3_simulations) by extension 'colcon_pkg'
[1.023s] Level 1:colcon.colcon_core.package_identification:_identify(src/turtlebot3_simulations/turtlebot3_simulations) by extensions ['colcon_meta']
[1.023s] Level 1:colcon.colcon_core.package_identification:_identify(src/turtlebot3_simulations/turtlebot3_simulations) by extension 'colcon_meta'
[1.023s] Level 1:colcon.colcon_core.package_identification:_identify(src/turtlebot3_simulations/turtlebot3_simulations) by extensions ['ros']
[1.023s] Level 1:colcon.colcon_core.package_identification:_identify(src/turtlebot3_simulations/turtlebot3_simulations) by extension 'ros'
[1.024s] DEBUG:colcon.colcon_core.package_identification:Package 'src/turtlebot3_simulations/turtlebot3_simulations' with type 'ros.ament_cmake' and name 'turtlebot3_simulations'
[1.024s] Level 1:colcon.colcon_core.package_discovery:discover_packages(recursive) using defaults
[1.024s] Level 1:colcon.colcon_core.package_discovery:discover_packages(ignore) discover
[1.024s] Level 1:colcon.colcon_core.package_discovery:discover_packages(ignore) using defaults
[1.024s] Level 1:colcon.colcon_core.package_discovery:discover_packages(path) discover
[1.024s] Level 1:colcon.colcon_core.package_discovery:discover_packages(path) using defaults
[1.085s] INFO:colcon.colcon_core.package_selection:Skipping not selected package 'drive_tb3' in 'src/mobile_robotics_ROS2/drive_tb3'
[1.085s] INFO:colcon.colcon_core.package_selection:Skipping not selected package 'drive_turtle' in 'src/mobile_robotics_ROS2/drive_turtle'
[1.085s] INFO:colcon.colcon_core.package_selection:Skipping not selected package 'my_cpp_py_pkg' in 'src/my_cpp_py_pkg'
[1.085s] INFO:colcon.colcon_core.package_selection:Skipping not selected package 'navigation_tb3' in 'src/navigation_tb3'
[1.085s] INFO:colcon.colcon_core.package_selection:Skipping not selected package 'point_cloud_processing' in 'src/mobile_robotics_ROS2/point_cloud_processing'
[1.085s] INFO:colcon.colcon_core.package_selection:Skipping not selected package 'robot_control' in 'src/robot_control'
[1.085s] INFO:colcon.colcon_core.package_selection:Skipping not selected package 'robot_cpp' in 'src/robot_cpp'
[1.085s] INFO:colcon.colcon_core.package_selection:Skipping not selected package 'robot_test' in 'src/robot_test'
[1.085s] INFO:colcon.colcon_core.package_selection:Skipping not selected package 'turtlebot3_cartographer' in 'src/turtlebot3/turtlebot3_cartographer'
[1.085s] INFO:colcon.colcon_core.package_selection:Skipping not selected package 'turtlebot3_description' in 'src/turtlebot3/turtlebot3_description'
[1.085s] INFO:colcon.colcon_core.package_selection:Skipping not selected package 'turtlebot3_example' in 'src/turtlebot3/turtlebot3_example'
[1.085s] INFO:colcon.colcon_core.package_selection:Skipping not selected package 'turtlebot3_fake_node' in 'src/turtlebot3_simulations/turtlebot3_fake_node'
[1.085s] INFO:colcon.colcon_core.package_selection:Skipping not selected package 'turtlebot3_gazebo' in 'src/turtlebot3_simulations/turtlebot3_gazebo'
[1.085s] INFO:colcon.colcon_core.package_selection:Skipping not selected package 'turtlebot3_navigation2' in 'src/turtlebot3/turtlebot3_navigation2'
[1.085s] INFO:colcon.colcon_core.package_selection:Skipping not selected package 'turtlebot3_node' in 'src/turtlebot3/turtlebot3_node'
[1.085s] INFO:colcon.colcon_core.package_selection:Skipping not selected package 'turtlebot3_teleop' in 'src/turtlebot3/turtlebot3_teleop'
[1.085s] INFO:colcon.colcon_core.package_selection:Skipping not selected package 'turtlebot3_bringup' in 'src/turtlebot3/turtlebot3_bringup'
[1.085s] INFO:colcon.colcon_core.package_selection:Skipping not selected package 'turtlebot3_simulations' in 'src/turtlebot3_simulations/turtlebot3_simulations'
[1.085s] INFO:colcon.colcon_core.package_selection:Skipping not selected package 'turtlebot3' in 'src/turtlebot3/turtlebot3'
[1.111s] Level 1:colcon.colcon_core.package_discovery:discover_packages(prefix_path) check parameters
[1.111s] Level 1:colcon.colcon_core.package_discovery:discover_packages(prefix_path) discover
[1.142s] DEBUG:colcon.colcon_installed_package_information.package_discovery:Found 22 installed packages in /home/yusuf/ros2_ws/install
[1.162s] DEBUG:colcon.colcon_installed_package_information.package_discovery:Found 326 installed packages in /opt/ros/humble
[1.163s] Level 1:colcon.colcon_core.package_discovery:discover_packages(prefix_path) using defaults
[1.256s] Level 5:colcon.colcon_core.verb:set package 'robot_python' build argument 'cmake_args' from command line to 'None'
[1.257s] Level 5:colcon.colcon_core.verb:set package 'robot_python' build argument 'cmake_target' from command line to 'None'
[1.257s] Level 5:colcon.colcon_core.verb:set package 'robot_python' build argument 'cmake_target_skip_unavailable' from command line to 'False'
[1.257s] Level 5:colcon.colcon_core.verb:set package 'robot_python' build argument 'cmake_clean_cache' from command line to 'False'
[1.257s] Level 5:colcon.colcon_core.verb:set package 'robot_python' build argument 'cmake_clean_first' from command line to 'False'
[1.257s] Level 5:colcon.colcon_core.verb:set package 'robot_python' build argument 'cmake_force_configure' from command line to 'False'
[1.257s] Level 5:colcon.colcon_core.verb:set package 'robot_python' build argument 'ament_cmake_args' from command line to 'None'
[1.257s] Level 5:colcon.colcon_core.verb:set package 'robot_python' build argument 'catkin_cmake_args' from command line to 'None'
[1.257s] Level 5:colcon.colcon_core.verb:set package 'robot_python' build argument 'catkin_skip_building_tests' from command line to 'False'
[1.257s] DEBUG:colcon.colcon_core.verb:Building package 'robot_python' with the following arguments: {'ament_cmake_args': None, 'build_base': '/home/yusuf/ros2_ws/build/robot_python', 'catkin_cmake_args': None, 'catkin_skip_building_tests': False, 'cmake_args': None, 'cmake_clean_cache': False, 'cmake_clean_first': False, 'cmake_force_configure': False, 'cmake_target': None, 'cmake_target_skip_unavailable': False, 'install_base': '/home/yusuf/ros2_ws/install/robot_python', 'merge_install': False, 'path': '/home/yusuf/ros2_ws/src/robot_python', 'symlink_install': False, 'test_result_base': None}
[1.270s] INFO:colcon.colcon_core.executor:Executing jobs using 'parallel' executor
[1.284s] DEBUG:colcon.colcon_parallel_executor.executor.parallel:run_until_complete
[1.284s] INFO:colcon.colcon_ros.task.ament_python.build:Building ROS package in '/home/yusuf/ros2_ws/src/robot_python' with build type 'ament_python'
[1.285s] Level 1:colcon.colcon_core.shell:create_environment_hook('robot_python', 'ament_prefix_path')
[1.303s] INFO:colcon.colcon_core.plugin_system:Skipping extension 'colcon_core.shell.bat': Not used on non-Windows systems
[1.304s] INFO:colcon.colcon_core.shell:Creating environment hook '/home/yusuf/ros2_ws/install/robot_python/share/robot_python/hook/ament_prefix_path.ps1'
[1.304s] INFO:colcon.colcon_core.shell:Creating environment descriptor '/home/yusuf/ros2_ws/install/robot_python/share/robot_python/hook/ament_prefix_path.dsv'
[1.305s] INFO:colcon.colcon_core.shell:Creating environment hook '/home/yusuf/ros2_ws/install/robot_python/share/robot_python/hook/ament_prefix_path.sh'
[1.322s] INFO:colcon.colcon_core.shell:Skip shell extension 'powershell' for command environment: Not usable outside of PowerShell
[1.322s] DEBUG:colcon.colcon_core.shell:Skip shell extension 'dsv' for command environment
[1.737s] DEBUG:colcon.colcon_parallel_executor.executor.parallel:closing loop
[1.737s] DEBUG:colcon.colcon_parallel_executor.executor.parallel:loop closed
[1.737s] DEBUG:colcon.colcon_parallel_executor.executor.parallel:run_until_complete finished with 'Command '['/usr/bin/python3', '-c', 'import sys;from contextlib import suppress;exec("with suppress(ImportError):    from setuptools.extern.packaging.specifiers    import SpecifierSet");exec("with suppress(ImportError):    from packaging.specifiers import SpecifierSet");from distutils.core import run_setup;dist = run_setup(    \'setup.py\', script_args=(\'--dry-run\',), stop_after=\'config\');skip_keys = (\'cmdclass\', \'distclass\', \'ext_modules\', \'metadata\');data = {    key: value for key, value in dist.__dict__.items()     if (        not key.startswith(\'_\') and         not callable(value) and         key not in skip_keys and         key not in dist.display_option_names    )};data[\'metadata\'] = {    k: v for k, v in dist.metadata.__dict__.items()     if k not in (\'license_files\', \'provides_extras\')};sys.stdout.buffer.write(repr(data).encode(\'utf-8\'))']' returned non-zero exit status 1.'
[1.737s] DEBUG:colcon.colcon_core.event_reactor:joining thread
[1.765s] INFO:colcon.colcon_core.plugin_system:Skipping extension 'colcon_notification.desktop_notification.terminal_notifier': Not used on non-Darwin systems
[1.765s] INFO:colcon.colcon_core.plugin_system:Skipping extension 'colcon_notification.desktop_notification.win32': Not used on non-Windows systems
[1.765s] INFO:colcon.colcon_notification.desktop_notification:Sending desktop notification using 'notify2'
[1.782s] DEBUG:colcon.colcon_core.event_reactor:joined thread
[1.805s] INFO:colcon.colcon_core.shell:Creating prefix script '/home/yusuf/ros2_ws/install/local_setup.ps1'
[1.806s] INFO:colcon.colcon_core.shell:Creating prefix util module '/home/yusuf/ros2_ws/install/_local_setup_util_ps1.py'
[1.808s] INFO:colcon.colcon_core.shell:Creating prefix chain script '/home/yusuf/ros2_ws/install/setup.ps1'
[1.839s] INFO:colcon.colcon_core.shell:Creating prefix script '/home/yusuf/ros2_ws/install/local_setup.sh'
[1.840s] INFO:colcon.colcon_core.shell:Creating prefix util module '/home/yusuf/ros2_ws/install/_local_setup_util_sh.py'
[1.840s] INFO:colcon.colcon_core.shell:Creating prefix chain script '/home/yusuf/ros2_ws/install/setup.sh'
[1.858s] INFO:colcon.colcon_core.shell:Creating prefix script '/home/yusuf/ros2_ws/install/local_setup.bash'
[1.858s] INFO:colcon.colcon_core.shell:Creating prefix chain script '/home/yusuf/ros2_ws/install/setup.bash'
[1.877s] INFO:colcon.colcon_core.shell:Creating prefix script '/home/yusuf/ros2_ws/install/local_setup.zsh'
[1.878s] INFO:colcon.colcon_core.shell:Creating prefix chain script '/home/yusuf/ros2_ws/install/setup.zsh'
