[0.504s] Invoking command in '/home/yusuf/ros2_ws/build/turtlebot3_node': CMAKE_PREFIX_PATH=${CMAKE_PREFIX_PATH}:/home/yusuf/ros2_ws/install/robot_python:/opt/ros/humble /usr/bin/cmake /home/yusuf/ros2_ws/src/turtlebot3/turtlebot3_node -DCMAKE_INSTALL_PREFIX=/home/yusuf/ros2_ws/install/turtlebot3_node
[1.009s] -- The C compiler identification is GNU 11.4.0
[1.009s] -- The CXX compiler identification is GNU 11.4.0
[1.010s] -- Detecting C compiler ABI info
[1.010s] -- Detecting C compiler ABI info - done
[1.010s] -- Check for working C compiler: /usr/bin/cc - skipped
[1.010s] -- Detecting C compile features
[1.010s] -- Detecting C compile features - done
[1.011s] -- Detecting CXX compiler ABI info
[1.011s] -- Detecting CXX compiler ABI info - done
[1.011s] -- Check for working CXX compiler: /usr/bin/c++ - skipped
[1.011s] -- Detecting CXX compile features
[1.011s] -- Detecting CXX compile features - done
[1.011s] -- Found ament_cmake: 1.3.6 (/opt/ros/humble/share/ament_cmake/cmake)
[1.336s] -- Found Python3: /usr/bin/python3.10 (found version "3.10.12") found components: Interpreter 
[1.524s] [31mCMake Error at CMakeLists.txt:19 (find_package):
[1.524s]   By not providing "Finddynamixel_sdk.cmake" in CMAKE_MODULE_PATH this
[1.524s]   project has asked CMake to find a package configuration file provided by
[1.524s]   "dynamixel_sdk", but CMake did not find one.
[1.525s] 
[1.525s]   Could not find a package configuration file provided by "dynamixel_sdk"
[1.525s]   with any of the following names:
[1.525s] 
[1.525s]     dynamixel_sdkConfig.cmake
[1.525s]     dynamixel_sdk-config.cmake
[1.526s] 
[1.526s]   Add the installation prefix of "dynamixel_sdk" to CMAKE_PREFIX_PATH or set
[1.526s]   "dynamixel_sdk_DIR" to a directory containing one of the above files.  If
[1.526s]   "dynamixel_sdk" provides a separate development package or SDK, be sure it
[1.526s]   has been installed.
[1.526s] 
[1.527s] [0m
[1.533s] -- Configuring incomplete, errors occurred!
[1.533s] See also "/home/yusuf/ros2_ws/build/turtlebot3_node/CMakeFiles/CMakeOutput.log".
[1.679s] Invoked command in '/home/yusuf/ros2_ws/build/turtlebot3_node' returned '1': CMAKE_PREFIX_PATH=${CMAKE_PREFIX_PATH}:/home/yusuf/ros2_ws/install/robot_python:/opt/ros/humble /usr/bin/cmake /home/yusuf/ros2_ws/src/turtlebot3/turtlebot3_node -DCMAKE_INSTALL_PREFIX=/home/yusuf/ros2_ws/install/turtlebot3_node
