[0.095s] Invoking command in '/home/yusuf/ros2_ws/build/turtlebot3_cartographer': CMAKE_PREFIX_PATH=${CMAKE_PREFIX_PATH}:/home/yusuf/ros2_ws/install/urdf_tutorial_r2d2:/home/yusuf/ros2_ws/install/turtlebot3_teleop:/home/yusuf/ros2_ws/install/turtlebot3_fake_node:/home/yusuf/ros2_ws/install/turtlebot3_example:/home/yusuf/ros2_ws/install/robot_python:/home/yusuf/mir_robot/install/ros2_aruco:/home/yusuf/mir_robot/install/point_cloud_functions:/home/yusuf/mir_robot/install/mir_restapi:/home/yusuf/mir_robot/install/mir_driver:/opt/ros/humble /usr/bin/cmake --build /home/yusuf/ros2_ws/build/turtlebot3_cartographer -- -j8 -l8
[0.847s] Invoked command in '/home/yusuf/ros2_ws/build/turtlebot3_cartographer' returned '0': CMAKE_PREFIX_PATH=${CMAKE_PREFIX_PATH}:/home/yusuf/ros2_ws/install/urdf_tutorial_r2d2:/home/yusuf/ros2_ws/install/turtlebot3_teleop:/home/yusuf/ros2_ws/install/turtlebot3_fake_node:/home/yusuf/ros2_ws/install/turtlebot3_example:/home/yusuf/ros2_ws/install/robot_python:/home/yusuf/mir_robot/install/ros2_aruco:/home/yusuf/mir_robot/install/point_cloud_functions:/home/yusuf/mir_robot/install/mir_restapi:/home/yusuf/mir_robot/install/mir_driver:/opt/ros/humble /usr/bin/cmake --build /home/yusuf/ros2_ws/build/turtlebot3_cartographer -- -j8 -l8
[0.943s] Invoking command in '/home/yusuf/ros2_ws/build/turtlebot3_cartographer': CMAKE_PREFIX_PATH=${CMAKE_PREFIX_PATH}:/home/yusuf/ros2_ws/install/urdf_tutorial_r2d2:/home/yusuf/ros2_ws/install/turtlebot3_teleop:/home/yusuf/ros2_ws/install/turtlebot3_fake_node:/home/yusuf/ros2_ws/install/turtlebot3_example:/home/yusuf/ros2_ws/install/robot_python:/home/yusuf/mir_robot/install/ros2_aruco:/home/yusuf/mir_robot/install/point_cloud_functions:/home/yusuf/mir_robot/install/mir_restapi:/home/yusuf/mir_robot/install/mir_driver:/opt/ros/humble /usr/bin/cmake --install /home/yusuf/ros2_ws/build/turtlebot3_cartographer
[0.976s] -- Install configuration: ""
[0.977s] -- Up-to-date: /home/yusuf/ros2_ws/install/turtlebot3_cartographer/share/turtlebot3_cartographer/config
[0.977s] -- Up-to-date: /home/yusuf/ros2_ws/install/turtlebot3_cartographer/share/turtlebot3_cartographer/config/turtlebot3_lds_2d.lua
[0.977s] -- Up-to-date: /home/yusuf/ros2_ws/install/turtlebot3_cartographer/share/turtlebot3_cartographer/launch
[0.977s] -- Up-to-date: /home/yusuf/ros2_ws/install/turtlebot3_cartographer/share/turtlebot3_cartographer/launch/cartographer.launch.py
[0.977s] -- Up-to-date: /home/yusuf/ros2_ws/install/turtlebot3_cartographer/share/turtlebot3_cartographer/launch/occupancy_grid.launch.py
[0.978s] -- Up-to-date: /home/yusuf/ros2_ws/install/turtlebot3_cartographer/share/turtlebot3_cartographer/rviz
[0.978s] -- Up-to-date: /home/yusuf/ros2_ws/install/turtlebot3_cartographer/share/turtlebot3_cartographer/rviz/tb3_cartographer.rviz
[0.978s] -- Up-to-date: /home/yusuf/ros2_ws/install/turtlebot3_cartographer/share/ament_index/resource_index/package_run_dependencies/turtlebot3_cartographer
[0.978s] -- Up-to-date: /home/yusuf/ros2_ws/install/turtlebot3_cartographer/share/ament_index/resource_index/parent_prefix_path/turtlebot3_cartographer
[0.978s] -- Up-to-date: /home/yusuf/ros2_ws/install/turtlebot3_cartographer/share/turtlebot3_cartographer/environment/ament_prefix_path.sh
[0.979s] -- Up-to-date: /home/yusuf/ros2_ws/install/turtlebot3_cartographer/share/turtlebot3_cartographer/environment/ament_prefix_path.dsv
[0.979s] -- Up-to-date: /home/yusuf/ros2_ws/install/turtlebot3_cartographer/share/turtlebot3_cartographer/environment/path.sh
[0.979s] -- Up-to-date: /home/yusuf/ros2_ws/install/turtlebot3_cartographer/share/turtlebot3_cartographer/environment/path.dsv
[0.979s] -- Up-to-date: /home/yusuf/ros2_ws/install/turtlebot3_cartographer/share/turtlebot3_cartographer/local_setup.bash
[0.980s] -- Up-to-date: /home/yusuf/ros2_ws/install/turtlebot3_cartographer/share/turtlebot3_cartographer/local_setup.sh
[0.981s] -- Up-to-date: /home/yusuf/ros2_ws/install/turtlebot3_cartographer/share/turtlebot3_cartographer/local_setup.zsh
[0.981s] -- Up-to-date: /home/yusuf/ros2_ws/install/turtlebot3_cartographer/share/turtlebot3_cartographer/local_setup.dsv
[0.982s] -- Installing: /home/yusuf/ros2_ws/install/turtlebot3_cartographer/share/turtlebot3_cartographer/package.dsv
[0.996s] -- Up-to-date: /home/yusuf/ros2_ws/install/turtlebot3_cartographer/share/ament_index/resource_index/packages/turtlebot3_cartographer
[0.997s] -- Up-to-date: /home/yusuf/ros2_ws/install/turtlebot3_cartographer/share/turtlebot3_cartographer/cmake/turtlebot3_cartographerConfig.cmake
[0.997s] -- Up-to-date: /home/yusuf/ros2_ws/install/turtlebot3_cartographer/share/turtlebot3_cartographer/cmake/turtlebot3_cartographerConfig-version.cmake
[0.997s] -- Up-to-date: /home/yusuf/ros2_ws/install/turtlebot3_cartographer/share/turtlebot3_cartographer/package.xml
[0.997s] Invoked command in '/home/yusuf/ros2_ws/build/turtlebot3_cartographer' returned '0': CMAKE_PREFIX_PATH=${CMAKE_PREFIX_PATH}:/home/yusuf/ros2_ws/install/urdf_tutorial_r2d2:/home/yusuf/ros2_ws/install/turtlebot3_teleop:/home/yusuf/ros2_ws/install/turtlebot3_fake_node:/home/yusuf/ros2_ws/install/turtlebot3_example:/home/yusuf/ros2_ws/install/robot_python:/home/yusuf/mir_robot/install/ros2_aruco:/home/yusuf/mir_robot/install/point_cloud_functions:/home/yusuf/mir_robot/install/mir_restapi:/home/yusuf/mir_robot/install/mir_driver:/opt/ros/humble /usr/bin/cmake --install /home/yusuf/ros2_ws/build/turtlebot3_cartographer
