[0.933s] Invoking command in '/home/yusuf/ros2_ws/build/turtlebot3_gazebo': CMAKE_PREFIX_PATH=${CMAKE_PREFIX_PATH}:/opt/ros/humble /usr/bin/cmake --build /home/yusuf/ros2_ws/build/turtlebot3_gazebo -- -j8 -l8
[1.027s] -- Found ament_cmake: 1.3.8 (/opt/ros/humble/share/ament_cmake/cmake)
[1.479s] -- Found Python3: /usr/bin/python3 (found version "3.10.12") found components: Interpreter 
[1.633s] [33mCMake Warning (dev) at /usr/share/cmake-3.22/Modules/FindPackageHandleStandardArgs.cmake:438 (message):
[1.634s]   The package name passed to `find_package_handle_standard_args` (PkgConfig)
[1.634s]   does not match the name of the calling package (gazebo).  This can lead to
[1.635s]   problems in calling code that expects `find_package` result variables
[1.635s]   (e.g., `_FOUND`) to follow a certain pattern.
[1.635s] Call Stack (most recent call first):
[1.636s]   /usr/share/cmake-3.22/Modules/FindPkgConfig.cmake:99 (find_package_handle_standard_args)
[1.636s]   /usr/lib/x86_64-linux-gnu/cmake/gazebo/gazebo-config.cmake:72 (include)
[1.636s]   CMakeLists.txt:23 (find_package)
[1.636s] This warning is for project developers.  Use -Wno-dev to suppress it.
[1.637s] [0m
[1.691s] -- Found DART: /usr/include (Required is at least version "6.6") found components: dart 
[1.782s] -- Found Protobuf: /usr/lib/x86_64-linux-gnu/libprotobuf.so (found version "3.12.4") 
[1.786s] -- Looking for ignition-math6 -- found version 6.15.1
[1.799s] -- Searching for dependencies of ignition-math6
[1.806s] -- Looking for OGRE...
[1.823s] -- Found Ogre Ghadamon (1.9.0)
[1.824s] -- Found OGRE: optimized;/usr/lib/x86_64-linux-gnu/libOgreMain.so;debug;/usr/lib/x86_64-linux-gnu/libOgreMain.so
[1.845s] -- Looking for OGRE_Paging...
[1.846s] -- Found OGRE_Paging: optimized;/usr/lib/x86_64-linux-gnu/libOgrePaging.so;debug;/usr/lib/x86_64-linux-gnu/libOgrePaging.so
[1.846s] -- Looking for OGRE_Terrain...
[1.846s] -- Found OGRE_Terrain: optimized;/usr/lib/x86_64-linux-gnu/libOgreTerrain.so;debug;/usr/lib/x86_64-linux-gnu/libOgreTerrain.so
[1.846s] -- Looking for OGRE_Property...
[1.846s] -- Found OGRE_Property: optimized;/usr/lib/x86_64-linux-gnu/libOgreProperty.so;debug;/usr/lib/x86_64-linux-gnu/libOgreProperty.so
[1.847s] -- Looking for OGRE_RTShaderSystem...
[1.847s] -- Found OGRE_RTShaderSystem: optimized;/usr/lib/x86_64-linux-gnu/libOgreRTShaderSystem.so;debug;/usr/lib/x86_64-linux-gnu/libOgreRTShaderSystem.so
[1.847s] -- Looking for OGRE_Volume...
[1.847s] -- Found OGRE_Volume: optimized;/usr/lib/x86_64-linux-gnu/libOgreVolume.so;debug;/usr/lib/x86_64-linux-gnu/libOgreVolume.so
[1.848s] -- Looking for OGRE_Overlay...
[1.848s] -- Found OGRE_Overlay: optimized;/usr/lib/x86_64-linux-gnu/libOgreOverlay.so;debug;/usr/lib/x86_64-linux-gnu/libOgreOverlay.so
[2.231s] -- Looking for ignition-math6 -- found version 6.15.1
[2.234s] -- Looking for ignition-transport8 -- found version 8.2.1
[2.234s] -- Searching for dependencies of ignition-transport8
[2.269s] -- Found Protobuf: /usr/lib/x86_64-linux-gnu/libprotobuf.so (found suitable version "3.12.4", minimum required is "3") 
[2.295s] -- Config-file not installed for ZeroMQ -- checking for pkg-config
[2.320s] -- Checking for module 'libzmq >= 4'
[2.443s] --   Found libzmq , version 4.3.4
[2.634s] -- Checking for module 'uuid'
[2.660s] --   Found uuid, version 2.37.2
[2.784s] -- Looking for ignition-msgs5 -- found version 5.8.1
[2.786s] -- Searching for dependencies of ignition-msgs5
[2.829s] -- Looking for ignition-math6 -- found version 6.15.1
[2.840s] -- Checking for module 'tinyxml2'
[2.873s] --   Found tinyxml2, version 9.0.0
[2.958s] -- Looking for ignition-msgs5 -- found version 5.8.1
[2.959s] -- Looking for ignition-common3 -- found version 3.14.0
[2.960s] -- Searching for dependencies of ignition-common3
[2.967s] -- Looking for dlfcn.h - found
[2.968s] -- Looking for libdl - found
[2.993s] -- Searching for <ignition-common3> component [graphics]
[2.995s] -- Looking for ignition-common3-graphics -- found version 3.14.0
[3.001s] -- Searching for dependencies of ignition-common3-graphics
[3.002s] -- Looking for ignition-math6 -- found version 6.15.1
[3.010s] -- Looking for ignition-fuel_tools4 -- found version 4.4.0
[3.011s] -- Searching for dependencies of ignition-fuel_tools4
[3.100s] -- Checking for module 'jsoncpp'
[3.129s] --   Found jsoncpp, version 1.9.5
[3.210s] -- Checking for module 'libzip'
[3.245s] --   Found libzip, version 1.7.3
[3.315s] -- Looking for ignition-common3 -- found version 3.14.0
[3.317s] -- Looking for ignition-math6 -- found version 6.15.1
[3.317s] -- Looking for ignition-msgs5 -- found version 5.8.1
[3.325s] -- Found gazebo_ros_pkgs: 3.7.0 (/opt/ros/humble/share/gazebo_ros_pkgs/cmake)
[3.326s] -- Found geometry_msgs: 4.2.3 (/opt/ros/humble/share/geometry_msgs/cmake)
[3.375s] -- Found rosidl_generator_c: 3.1.5 (/opt/ros/humble/share/rosidl_generator_c/cmake)
[3.382s] -- Found rosidl_adapter: 3.1.5 (/opt/ros/humble/share/rosidl_adapter/cmake)
[3.403s] -- Found rosidl_generator_cpp: 3.1.5 (/opt/ros/humble/share/rosidl_generator_cpp/cmake)
[3.458s] -- Using all available rosidl_typesupport_c: rosidl_typesupport_fastrtps_c;rosidl_typesupport_introspection_c
[3.516s] -- Using all available rosidl_typesupport_cpp: rosidl_typesupport_fastrtps_cpp;rosidl_typesupport_introspection_cpp
[3.858s] -- Found nav_msgs: 4.2.3 (/opt/ros/humble/share/nav_msgs/cmake)
[4.136s] -- Found rclcpp: 16.0.8 (/opt/ros/humble/share/rclcpp/cmake)
[4.291s] -- Found rmw_implementation_cmake: 6.1.1 (/opt/ros/humble/share/rmw_implementation_cmake/cmake)
[4.291s] -- Found rmw_fastrtps_cpp: 6.2.6 (/opt/ros/humble/share/rmw_fastrtps_cpp/cmake)
[4.647s] -- Using RMW implementation 'rmw_fastrtps_cpp' as default
[5.554s] -- Found sensor_msgs: 4.2.3 (/opt/ros/humble/share/sensor_msgs/cmake)
[6.280s] -- Found tf2: 0.25.6 (/opt/ros/humble/share/tf2/cmake)
[6.655s] -- Configuring done
[6.860s] -- Generating done
[6.879s] -- Build files have been written to: /home/yusuf/ros2_ws/build/turtlebot3_gazebo
[7.077s] [35m[1mConsolidate compiler generated dependencies of target turtlebot3_drive[0m
[7.154s] [35m[1mConsolidate compiler generated dependencies of target obstacle1[0m
[7.155s] [35m[1mConsolidate compiler generated dependencies of target obstacle2[0m
[7.204s] [35m[1mConsolidate compiler generated dependencies of target obstacles[0m
[7.289s] [ 12%] [32mBuilding CXX object CMakeFiles/turtlebot3_drive.dir/src/turtlebot3_drive.cpp.o[0m
[7.393s] [ 25%] [32mBuilding CXX object CMakeFiles/obstacle1.dir/models/turtlebot3_dqn_world/obstacle_plugin/obstacle1.cc.o[0m
[7.596s] [ 37%] [32mBuilding CXX object CMakeFiles/obstacles.dir/models/turtlebot3_dqn_world/obstacle_plugin/obstacles.cc.o[0m
[7.636s] [ 50%] [32mBuilding CXX object CMakeFiles/obstacle2.dir/models/turtlebot3_dqn_world/obstacle_plugin/obstacle2.cc.o[0m
[107.426s] [ 62%] [32m[1mLinking CXX executable turtlebot3_drive[0m
[108.344s] [ 75%] [32m[1mLinking CXX shared library libobstacles.so[0m
[109.285s] [ 87%] [32m[1mLinking CXX shared library libobstacle1.so[0m
[109.489s] [ 87%] Built target turtlebot3_drive
[109.526s] [ 87%] Built target obstacles
[109.962s] [100%] [32m[1mLinking CXX shared library libobstacle2.so[0m
[110.196s] [100%] Built target obstacle1
[110.620s] [100%] Built target obstacle2
