[0.457s] Invoking command in '/home/yusuf/ros2_ws/build/turtlebot3_cartographer': CMAKE_PREFIX_PATH=${CMAKE_PREFIX_PATH}:/home/yusuf/ros2_ws/install/urdf_tutorial_r2d2:/home/yusuf/ros2_ws/install/turtlebot3_teleop:/home/yusuf/ros2_ws/install/turtlebot3_example:/home/yusuf/ros2_ws/install/robot_python:/opt/ros/humble /usr/bin/cmake --build /home/yusuf/ros2_ws/build/turtlebot3_cartographer -- -j8 -l8
[0.905s] Invoked command in '/home/yusuf/ros2_ws/build/turtlebot3_cartographer' returned '0': CMAKE_PREFIX_PATH=${CMAKE_PREFIX_PATH}:/home/yusuf/ros2_ws/install/urdf_tutorial_r2d2:/home/yusuf/ros2_ws/install/turtlebot3_teleop:/home/yusuf/ros2_ws/install/turtlebot3_example:/home/yusuf/ros2_ws/install/robot_python:/opt/ros/humble /usr/bin/cmake --build /home/yusuf/ros2_ws/build/turtlebot3_cartographer -- -j8 -l8
[0.987s] Invoking command in '/home/yusuf/ros2_ws/build/turtlebot3_cartographer': CMAKE_PREFIX_PATH=${CMAKE_PREFIX_PATH}:/home/yusuf/ros2_ws/install/urdf_tutorial_r2d2:/home/yusuf/ros2_ws/install/turtlebot3_teleop:/home/yusuf/ros2_ws/install/turtlebot3_example:/home/yusuf/ros2_ws/install/robot_python:/opt/ros/humble /usr/bin/cmake --install /home/yusuf/ros2_ws/build/turtlebot3_cartographer
[1.038s] -- Install configuration: ""
[1.038s] -- Up-to-date: /home/yusuf/ros2_ws/install/turtlebot3_cartographer/share/turtlebot3_cartographer/config
[1.038s] -- Up-to-date: /home/yusuf/ros2_ws/install/turtlebot3_cartographer/share/turtlebot3_cartographer/config/turtlebot3_lds_2d.lua
[1.041s] -- Up-to-date: /home/yusuf/ros2_ws/install/turtlebot3_cartographer/share/turtlebot3_cartographer/launch
[1.041s] -- Up-to-date: /home/yusuf/ros2_ws/install/turtlebot3_cartographer/share/turtlebot3_cartographer/launch/cartographer.launch.py
[1.041s] -- Up-to-date: /home/yusuf/ros2_ws/install/turtlebot3_cartographer/share/turtlebot3_cartographer/launch/occupancy_grid.launch.py
[1.042s] -- Up-to-date: /home/yusuf/ros2_ws/install/turtlebot3_cartographer/share/turtlebot3_cartographer/rviz
[1.042s] -- Up-to-date: /home/yusuf/ros2_ws/install/turtlebot3_cartographer/share/turtlebot3_cartographer/rviz/tb3_cartographer.rviz
[1.042s] -- Up-to-date: /home/yusuf/ros2_ws/install/turtlebot3_cartographer/share/ament_index/resource_index/package_run_dependencies/turtlebot3_cartographer
[1.043s] -- Up-to-date: /home/yusuf/ros2_ws/install/turtlebot3_cartographer/share/ament_index/resource_index/parent_prefix_path/turtlebot3_cartographer
[1.043s] -- Up-to-date: /home/yusuf/ros2_ws/install/turtlebot3_cartographer/share/turtlebot3_cartographer/environment/ament_prefix_path.sh
[1.043s] -- Up-to-date: /home/yusuf/ros2_ws/install/turtlebot3_cartographer/share/turtlebot3_cartographer/environment/ament_prefix_path.dsv
[1.044s] -- Up-to-date: /home/yusuf/ros2_ws/install/turtlebot3_cartographer/share/turtlebot3_cartographer/environment/path.sh
[1.044s] -- Up-to-date: /home/yusuf/ros2_ws/install/turtlebot3_cartographer/share/turtlebot3_cartographer/environment/path.dsv
[1.045s] -- Up-to-date: /home/yusuf/ros2_ws/install/turtlebot3_cartographer/share/turtlebot3_cartographer/local_setup.bash
[1.045s] -- Up-to-date: /home/yusuf/ros2_ws/install/turtlebot3_cartographer/share/turtlebot3_cartographer/local_setup.sh
[1.046s] -- Up-to-date: /home/yusuf/ros2_ws/install/turtlebot3_cartographer/share/turtlebot3_cartographer/local_setup.zsh
[1.046s] -- Up-to-date: /home/yusuf/ros2_ws/install/turtlebot3_cartographer/share/turtlebot3_cartographer/local_setup.dsv
[1.046s] -- Installing: /home/yusuf/ros2_ws/install/turtlebot3_cartographer/share/turtlebot3_cartographer/package.dsv
[1.046s] -- Up-to-date: /home/yusuf/ros2_ws/install/turtlebot3_cartographer/share/ament_index/resource_index/packages/turtlebot3_cartographer
[1.047s] -- Up-to-date: /home/yusuf/ros2_ws/install/turtlebot3_cartographer/share/turtlebot3_cartographer/cmake/turtlebot3_cartographerConfig.cmake
[1.047s] -- Up-to-date: /home/yusuf/ros2_ws/install/turtlebot3_cartographer/share/turtlebot3_cartographer/cmake/turtlebot3_cartographerConfig-version.cmake
[1.048s] -- Up-to-date: /home/yusuf/ros2_ws/install/turtlebot3_cartographer/share/turtlebot3_cartographer/package.xml
[1.216s] Invoked command in '/home/yusuf/ros2_ws/build/turtlebot3_cartographer' returned '0': CMAKE_PREFIX_PATH=${CMAKE_PREFIX_PATH}:/home/yusuf/ros2_ws/install/urdf_tutorial_r2d2:/home/yusuf/ros2_ws/install/turtlebot3_teleop:/home/yusuf/ros2_ws/install/turtlebot3_example:/home/yusuf/ros2_ws/install/robot_python:/opt/ros/humble /usr/bin/cmake --install /home/yusuf/ros2_ws/build/turtlebot3_cartographer
