[0.075s] Invoking command in '/home/yusuf/ros2_ws/src/build/robot_control': CMAKE_PREFIX_PATH=${CMAKE_PREFIX_PATH}:/home/yusuf/ros2_ws/install/turtlebot3_teleop:/home/yusuf/ros2_ws/install/turtlebot3_example:/home/yusuf/ros2_ws/install/robot_python:/opt/ros/humble /usr/bin/cmake /home/yusuf/ros2_ws/src/robot_control -DCMAKE_INSTALL_PREFIX=/home/yusuf/ros2_ws/src/install/robot_control
[0.215s] -- The C compiler identification is GNU 11.4.0
[0.316s] -- The CXX compiler identification is GNU 11.4.0
[0.329s] -- Detecting C compiler ABI info
[0.428s] -- Detecting C compiler ABI info - done
[0.440s] -- Check for working C compiler: /usr/bin/cc - skipped
[0.440s] -- Detecting C compile features
[0.441s] -- Detecting C compile features - done
[0.445s] -- Detecting CXX compiler ABI info
[0.544s] -- Detecting CXX compiler ABI info - done
[0.556s] -- Check for working CXX compiler: /usr/bin/c++ - skipped
[0.556s] -- Detecting CXX compile features
[0.557s] -- Detecting CXX compile features - done
[0.565s] -- Found ament_cmake: 1.3.6 (/opt/ros/humble/share/ament_cmake/cmake)
[0.783s] -- Found Python3: /usr/bin/python3.10 (found version "3.10.12") found components: Interpreter 
[0.962s] -- Found ament_lint_auto: 0.12.9 (/opt/ros/humble/share/ament_lint_auto/cmake)
[1.098s] -- Added test 'flake8' to check Python code syntax and style conventions
[1.100s] -- Added test 'lint_cmake' to check CMake code style
[1.103s] -- Added test 'pep257' to check Python code against some of the docstring style conventions in PEP 257
[1.106s] -- Added test 'xmllint' to check XML markup files
[1.108s] -- Configuring done
[1.112s] -- Generating done
[1.113s] -- Build files have been written to: /home/yusuf/ros2_ws/src/build/robot_control
[1.119s] Invoked command in '/home/yusuf/ros2_ws/src/build/robot_control' returned '0': CMAKE_PREFIX_PATH=${CMAKE_PREFIX_PATH}:/home/yusuf/ros2_ws/install/turtlebot3_teleop:/home/yusuf/ros2_ws/install/turtlebot3_example:/home/yusuf/ros2_ws/install/robot_python:/opt/ros/humble /usr/bin/cmake /home/yusuf/ros2_ws/src/robot_control -DCMAKE_INSTALL_PREFIX=/home/yusuf/ros2_ws/src/install/robot_control
[1.123s] Invoking command in '/home/yusuf/ros2_ws/src/build/robot_control': CMAKE_PREFIX_PATH=${CMAKE_PREFIX_PATH}:/home/yusuf/ros2_ws/install/turtlebot3_teleop:/home/yusuf/ros2_ws/install/turtlebot3_example:/home/yusuf/ros2_ws/install/robot_python:/opt/ros/humble /usr/bin/cmake --build /home/yusuf/ros2_ws/src/build/robot_control -- -j8 -l8
[1.172s] Invoked command in '/home/yusuf/ros2_ws/src/build/robot_control' returned '0': CMAKE_PREFIX_PATH=${CMAKE_PREFIX_PATH}:/home/yusuf/ros2_ws/install/turtlebot3_teleop:/home/yusuf/ros2_ws/install/turtlebot3_example:/home/yusuf/ros2_ws/install/robot_python:/opt/ros/humble /usr/bin/cmake --build /home/yusuf/ros2_ws/src/build/robot_control -- -j8 -l8
[1.214s] Invoking command in '/home/yusuf/ros2_ws/src/build/robot_control': CMAKE_PREFIX_PATH=${CMAKE_PREFIX_PATH}:/home/yusuf/ros2_ws/install/turtlebot3_teleop:/home/yusuf/ros2_ws/install/turtlebot3_example:/home/yusuf/ros2_ws/install/robot_python:/opt/ros/humble /usr/bin/cmake --install /home/yusuf/ros2_ws/src/build/robot_control
[1.225s] -- Install configuration: ""
[1.225s] -- Installing: /home/yusuf/ros2_ws/src/install/robot_control/share/robot_control/launch
[1.225s] -- Installing: /home/yusuf/ros2_ws/src/install/robot_control/share/robot_control/launch/test_tf.launch.py
[1.226s] -- Installing: /home/yusuf/ros2_ws/src/install/robot_control/share/ament_index/resource_index/package_run_dependencies/robot_control
[1.226s] -- Installing: /home/yusuf/ros2_ws/src/install/robot_control/share/ament_index/resource_index/parent_prefix_path/robot_control
[1.226s] -- Installing: /home/yusuf/ros2_ws/src/install/robot_control/share/robot_control/environment/ament_prefix_path.sh
[1.226s] -- Installing: /home/yusuf/ros2_ws/src/install/robot_control/share/robot_control/environment/ament_prefix_path.dsv
[1.226s] -- Installing: /home/yusuf/ros2_ws/src/install/robot_control/share/robot_control/environment/path.sh
[1.227s] -- Installing: /home/yusuf/ros2_ws/src/install/robot_control/share/robot_control/environment/path.dsv
[1.227s] -- Installing: /home/yusuf/ros2_ws/src/install/robot_control/share/robot_control/local_setup.bash
[1.227s] -- Installing: /home/yusuf/ros2_ws/src/install/robot_control/share/robot_control/local_setup.sh
[1.227s] -- Installing: /home/yusuf/ros2_ws/src/install/robot_control/share/robot_control/local_setup.zsh
[1.228s] -- Installing: /home/yusuf/ros2_ws/src/install/robot_control/share/robot_control/local_setup.dsv
[1.228s] -- Installing: /home/yusuf/ros2_ws/src/install/robot_control/share/robot_control/package.dsv
[1.228s] -- Installing: /home/yusuf/ros2_ws/src/install/robot_control/share/ament_index/resource_index/packages/robot_control
[1.228s] -- Installing: /home/yusuf/ros2_ws/src/install/robot_control/share/robot_control/cmake/robot_controlConfig.cmake
[1.228s] -- Installing: /home/yusuf/ros2_ws/src/install/robot_control/share/robot_control/cmake/robot_controlConfig-version.cmake
[1.229s] -- Installing: /home/yusuf/ros2_ws/src/install/robot_control/share/robot_control/package.xml
[1.231s] Invoked command in '/home/yusuf/ros2_ws/src/build/robot_control' returned '0': CMAKE_PREFIX_PATH=${CMAKE_PREFIX_PATH}:/home/yusuf/ros2_ws/install/turtlebot3_teleop:/home/yusuf/ros2_ws/install/turtlebot3_example:/home/yusuf/ros2_ws/install/robot_python:/opt/ros/humble /usr/bin/cmake --install /home/yusuf/ros2_ws/src/build/robot_control
