[4.043s] Invoking command in '/home/yusuf/ros2_ws/src/robot_python': PYTHONPATH=/home/yusuf/ros2_ws/build/robot_python/prefix_override:/home/yusuf/ros2_ws/install/robot_python/lib/python3.10/site-packages:${PYTHONPATH} /usr/bin/python3 setup.py egg_info --egg-base ../../build/robot_python build --build-base /home/yusuf/ros2_ws/build/robot_python/build install --record /home/yusuf/ros2_ws/build/robot_python/install.log --single-version-externally-managed
[4.999s] running egg_info
[5.000s] writing ../../build/robot_python/robot_python.egg-info/PKG-INFO
[5.000s] writing dependency_links to ../../build/robot_python/robot_python.egg-info/dependency_links.txt
[5.004s] writing entry points to ../../build/robot_python/robot_python.egg-info/entry_points.txt
[5.005s] writing requirements to ../../build/robot_python/robot_python.egg-info/requires.txt
[5.006s] writing top-level names to ../../build/robot_python/robot_python.egg-info/top_level.txt
[5.013s] reading manifest file '../../build/robot_python/robot_python.egg-info/SOURCES.txt'
[5.016s] writing manifest file '../../build/robot_python/robot_python.egg-info/SOURCES.txt'
[5.017s] running build
[5.017s] running build_py
[5.019s] /usr/lib/python3/dist-packages/setuptools/command/install.py:34: SetuptoolsDeprecationWarning: setup.py install is deprecated. Use build and pip and other standards-based tools.
[5.019s]   warnings.warn(
[5.020s] running install
[5.021s] running install_lib
[5.029s] running install_data
[5.030s] running install_egg_info
[5.034s] removing '/home/yusuf/ros2_ws/install/robot_python/lib/python3.10/site-packages/robot_python-0.0.0-py3.10.egg-info' (and everything under it)
[5.040s] Copying ../../build/robot_python/robot_python.egg-info to /home/yusuf/ros2_ws/install/robot_python/lib/python3.10/site-packages/robot_python-0.0.0-py3.10.egg-info
[5.041s] running install_scripts
[5.128s] Installing my_publisher script to /home/yusuf/ros2_ws/install/robot_python/lib/robot_python
[5.129s] Installing my_service script to /home/yusuf/ros2_ws/install/robot_python/lib/robot_python
[5.130s] Installing my_subscriber script to /home/yusuf/ros2_ws/install/robot_python/lib/robot_python
[5.130s] Installing my_subtest script to /home/yusuf/ros2_ws/install/robot_python/lib/robot_python
[5.130s] Installing test_node script to /home/yusuf/ros2_ws/install/robot_python/lib/robot_python
[5.131s] Installing turtlesim_go script to /home/yusuf/ros2_ws/install/robot_python/lib/robot_python
[5.131s] writing list of installed files to '/home/yusuf/ros2_ws/build/robot_python/install.log'
[5.687s] Invoked command in '/home/yusuf/ros2_ws/src/robot_python' returned '0': PYTHONPATH=/home/yusuf/ros2_ws/build/robot_python/prefix_override:/home/yusuf/ros2_ws/install/robot_python/lib/python3.10/site-packages:${PYTHONPATH} /usr/bin/python3 setup.py egg_info --egg-base ../../build/robot_python build --build-base /home/yusuf/ros2_ws/build/robot_python/build install --record /home/yusuf/ros2_ws/build/robot_python/install.log --single-version-externally-managed
