[0.000000] (-) TimerEvent: {}
[0.000243] (-) JobUnselected: {'identifier': 'drive_tb3'}
[0.000388] (-) JobUnselected: {'identifier': 'drive_turtle'}
[0.000450] (-) JobUnselected: {'identifier': 'my_cpp_py_pkg'}
[0.000581] (-) JobUnselected: {'identifier': 'navigation_tb3'}
[0.000743] (-) JobUnselected: {'identifier': 'point_cloud_processing'}
[0.000795] (-) JobUnselected: {'identifier': 'robot_control'}
[0.000892] (-) JobUnselected: {'identifier': 'robot_cpp'}
[0.000978] (-) JobUnselected: {'identifier': 'robot_test'}
[0.001027] (-) JobUnselected: {'identifier': 'turtlebot3'}
[0.001199] (-) JobUnselected: {'identifier': 'turtlebot3_bringup'}
[0.001250] (-) JobUnselected: {'identifier': 'turtlebot3_cartographer'}
[0.001305] (-) JobUnselected: {'identifier': 'turtlebot3_description'}
[0.001362] (-) JobUnselected: {'identifier': 'turtlebot3_example'}
[0.001424] (-) JobUnselected: {'identifier': 'turtlebot3_fake_node'}
[0.001470] (-) JobUnselected: {'identifier': 'turtlebot3_gazebo'}
[0.001521] (-) JobUnselected: {'identifier': 'turtlebot3_navigation2'}
[0.001661] (-) JobUnselected: {'identifier': 'turtlebot3_node'}
[0.001705] (-) JobUnselected: {'identifier': 'turtlebot3_simulations'}
[0.001754] (-) JobUnselected: {'identifier': 'turtlebot3_teleop'}
[0.001823] (robot_python) JobQueued: {'identifier': 'robot_python', 'dependencies': OrderedDict()}
[0.001994] (robot_python) JobStarted: {'identifier': 'robot_python'}
[0.098907] (-) TimerEvent: {}
[0.199222] (-) TimerEvent: {}
[0.299532] (-) TimerEvent: {}
[0.399820] (-) TimerEvent: {}
[0.431057] (robot_python) StderrLine: {'line': b'Traceback (most recent call last):\n  File "/usr/lib/python3/dist-packages/colcon_core/executor/__init__.py", line 91, in __call__\n    rc = await self.task(*args, **kwargs)\n  File "/usr/lib/python3/dist-packages/colcon_core/task/__init__.py", line 93, in __call__\n    return await task_method(*args, **kwargs)\n  File "/usr/lib/python3/dist-packages/colcon_ros/task/ament_python/build.py", line 51, in build\n    setup_py_data = get_setup_data(self.context.pkg, env)\n  File "/usr/lib/python3/dist-packages/colcon_core/task/python/__init__.py", line 20, in get_setup_data\n    return dict(pkg.metadata[key](env))\n  File "/usr/lib/python3/dist-packages/colcon_ros/package_augmentation/ros_ament_python.py", line 57, in getter\n    return get_setup_information(\n  File "/usr/lib/python3/dist-packages/colcon_python_setup_py/package_identification/python_setup_py.py", line 241, in get_setup_information\n    _setup_information_cache[hashable_env] = _get_setup_information(\n  File "/usr/lib/python3/dist-packages/colcon_python_setup_py/package_identification/python_setup_py.py", line 288, in _get_setup_information\n    result = subprocess.run(\n  File "/usr/lib/python3.10/subprocess.py", line 526, in run\n    raise CalledProcessError(retcode, process.args,\nsubprocess.CalledProcessError: Command \'[\'/usr/bin/python3\', \'-c\', \'import sys;from contextlib import suppress;exec("with suppress(ImportError):    from setuptools.extern.packaging.specifiers    import SpecifierSet");exec("with suppress(ImportError):    from packaging.specifiers import SpecifierSet");from distutils.core import run_setup;dist = run_setup(    \\\'setup.py\\\', script_args=(\\\'--dry-run\\\',), stop_after=\\\'config\\\');skip_keys = (\\\'cmdclass\\\', \\\'distclass\\\', \\\'ext_modules\\\', \\\'metadata\\\');data = {    key: value for key, value in dist.__dict__.items()     if (        not key.startswith(\\\'_\\\') and         not callable(value) and         key not in skip_keys and         key not in dist.display_option_names    )};data[\\\'metadata\\\'] = {    k: v for k, v in dist.metadata.__dict__.items()     if k not in (\\\'license_files\\\', \\\'provides_extras\\\')};sys.stdout.buffer.write(repr(data).encode(\\\'utf-8\\\'))\']\' returned non-zero exit status 1.\n'}
[0.431609] (robot_python) JobEnded: {'identifier': 'robot_python', 'rc': 1}
[0.441752] (-) EventReactorShutdown: {}
