[0.019s] Invoking command in '/home/yusuf/ros2_ws/build/ros_fundamental': CMAKE_PREFIX_PATH=${CMAKE_PREFIX_PATH}:/home/yusuf/ros2_ws/install/urdf_tutorial_r2d2:/home/yusuf/ros2_ws/install/turtlebot3_teleop:/home/yusuf/ros2_ws/install/turtlebot3_fake_node:/home/yusuf/ros2_ws/install/turtlebot3_example:/home/yusuf/ros2_ws/install/robot_python:/home/yusuf/mir_robot/install/ros2_aruco:/home/yusuf/mir_robot/install/point_cloud_functions:/home/yusuf/mir_robot/install/mir_restapi:/home/yusuf/mir_robot/install/mir_driver:/opt/ros/humble /usr/bin/cmake --build /home/yusuf/ros2_ws/build/ros_fundamental -- -j8 -l8
[0.125s] [ 20%] Built target drive_turtle
[0.126s] [ 40%] Built target tf_static
[0.129s] [ 60%] Built target listener
[0.134s] [ 80%] Built target talker
[0.135s] [100%] Built target odom_kinematic
[0.150s] Invoked command in '/home/yusuf/ros2_ws/build/ros_fundamental' returned '0': CMAKE_PREFIX_PATH=${CMAKE_PREFIX_PATH}:/home/yusuf/ros2_ws/install/urdf_tutorial_r2d2:/home/yusuf/ros2_ws/install/turtlebot3_teleop:/home/yusuf/ros2_ws/install/turtlebot3_fake_node:/home/yusuf/ros2_ws/install/turtlebot3_example:/home/yusuf/ros2_ws/install/robot_python:/home/yusuf/mir_robot/install/ros2_aruco:/home/yusuf/mir_robot/install/point_cloud_functions:/home/yusuf/mir_robot/install/mir_restapi:/home/yusuf/mir_robot/install/mir_driver:/opt/ros/humble /usr/bin/cmake --build /home/yusuf/ros2_ws/build/ros_fundamental -- -j8 -l8
[0.213s] Invoking command in '/home/yusuf/ros2_ws/build/ros_fundamental': CMAKE_PREFIX_PATH=${CMAKE_PREFIX_PATH}:/home/yusuf/ros2_ws/install/urdf_tutorial_r2d2:/home/yusuf/ros2_ws/install/turtlebot3_teleop:/home/yusuf/ros2_ws/install/turtlebot3_fake_node:/home/yusuf/ros2_ws/install/turtlebot3_example:/home/yusuf/ros2_ws/install/robot_python:/home/yusuf/mir_robot/install/ros2_aruco:/home/yusuf/mir_robot/install/point_cloud_functions:/home/yusuf/mir_robot/install/mir_restapi:/home/yusuf/mir_robot/install/mir_driver:/opt/ros/humble /usr/bin/cmake --install /home/yusuf/ros2_ws/build/ros_fundamental
[0.229s] -- Install configuration: ""
[0.230s] -- Up-to-date: /home/yusuf/ros2_ws/install/ros_fundamental/lib/ros_fundamental/talker
[0.235s] -- Up-to-date: /home/yusuf/ros2_ws/install/ros_fundamental/lib/ros_fundamental/listener
[0.236s] -- Up-to-date: /home/yusuf/ros2_ws/install/ros_fundamental/lib/ros_fundamental/drive_turtle
[0.237s] -- Up-to-date: /home/yusuf/ros2_ws/install/ros_fundamental/lib/ros_fundamental/tf_static
[0.238s] -- Up-to-date: /home/yusuf/ros2_ws/install/ros_fundamental/lib/ros_fundamental/odom_kinematic
[0.238s] -- Up-to-date: /home/yusuf/ros2_ws/install/ros_fundamental/share/ros_fundamental/launch
[0.239s] -- Up-to-date: /home/yusuf/ros2_ws/install/ros_fundamental/share/ros_fundamental/launch/gazebo.launch.py
[0.239s] -- Up-to-date: /home/yusuf/ros2_ws/install/ros_fundamental/share/ros_fundamental/launch/turtletest.launch.py
[0.239s] -- Up-to-date: /home/yusuf/ros2_ws/install/ros_fundamental/share/ros_fundamental/launch/rviz.launch.py
[0.240s] -- Up-to-date: /home/yusuf/ros2_ws/install/ros_fundamental/share/ros_fundamental/urdf
[0.240s] -- Installing: /home/yusuf/ros2_ws/install/ros_fundamental/share/ros_fundamental/urdf/diff_3.urdf
[0.240s] -- Up-to-date: /home/yusuf/ros2_ws/install/ros_fundamental/share/ros_fundamental/urdf/diff_2.urdf
[0.240s] -- Up-to-date: /home/yusuf/ros2_ws/install/ros_fundamental/share/ros_fundamental/urdf/manipulator.urdf
[0.241s] -- Up-to-date: /home/yusuf/ros2_ws/install/ros_fundamental/share/ros_fundamental/urdf/diff_drive.urdf
[0.241s] -- Up-to-date: /home/yusuf/ros2_ws/install/ros_fundamental/share/ament_index/resource_index/package_run_dependencies/ros_fundamental
[0.241s] -- Up-to-date: /home/yusuf/ros2_ws/install/ros_fundamental/share/ament_index/resource_index/parent_prefix_path/ros_fundamental
[0.241s] -- Up-to-date: /home/yusuf/ros2_ws/install/ros_fundamental/share/ros_fundamental/environment/ament_prefix_path.sh
[0.241s] -- Up-to-date: /home/yusuf/ros2_ws/install/ros_fundamental/share/ros_fundamental/environment/ament_prefix_path.dsv
[0.241s] -- Up-to-date: /home/yusuf/ros2_ws/install/ros_fundamental/share/ros_fundamental/environment/path.sh
[0.242s] -- Up-to-date: /home/yusuf/ros2_ws/install/ros_fundamental/share/ros_fundamental/environment/path.dsv
[0.242s] -- Up-to-date: /home/yusuf/ros2_ws/install/ros_fundamental/share/ros_fundamental/local_setup.bash
[0.242s] -- Up-to-date: /home/yusuf/ros2_ws/install/ros_fundamental/share/ros_fundamental/local_setup.sh
[0.242s] -- Up-to-date: /home/yusuf/ros2_ws/install/ros_fundamental/share/ros_fundamental/local_setup.zsh
[0.243s] -- Up-to-date: /home/yusuf/ros2_ws/install/ros_fundamental/share/ros_fundamental/local_setup.dsv
[0.244s] -- Installing: /home/yusuf/ros2_ws/install/ros_fundamental/share/ros_fundamental/package.dsv
[0.244s] -- Up-to-date: /home/yusuf/ros2_ws/install/ros_fundamental/share/ament_index/resource_index/packages/ros_fundamental
[0.244s] -- Up-to-date: /home/yusuf/ros2_ws/install/ros_fundamental/share/ros_fundamental/cmake/ros_fundamentalConfig.cmake
[0.245s] -- Up-to-date: /home/yusuf/ros2_ws/install/ros_fundamental/share/ros_fundamental/cmake/ros_fundamentalConfig-version.cmake
[0.245s] -- Up-to-date: /home/yusuf/ros2_ws/install/ros_fundamental/share/ros_fundamental/package.xml
[0.245s] Invoked command in '/home/yusuf/ros2_ws/build/ros_fundamental' returned '0': CMAKE_PREFIX_PATH=${CMAKE_PREFIX_PATH}:/home/yusuf/ros2_ws/install/urdf_tutorial_r2d2:/home/yusuf/ros2_ws/install/turtlebot3_teleop:/home/yusuf/ros2_ws/install/turtlebot3_fake_node:/home/yusuf/ros2_ws/install/turtlebot3_example:/home/yusuf/ros2_ws/install/robot_python:/home/yusuf/mir_robot/install/ros2_aruco:/home/yusuf/mir_robot/install/point_cloud_functions:/home/yusuf/mir_robot/install/mir_restapi:/home/yusuf/mir_robot/install/mir_driver:/opt/ros/humble /usr/bin/cmake --install /home/yusuf/ros2_ws/build/ros_fundamental
