[0.097s] Invoking command in '/home/yusuf/ros2_ws/build/navigation_tb3': CMAKE_PREFIX_PATH=${CMAKE_PREFIX_PATH}:/home/yusuf/ros2_ws/install/urdf_tutorial_r2d2:/home/yusuf/ros2_ws/install/turtlebot3_teleop:/home/yusuf/ros2_ws/install/turtlebot3_fake_node:/home/yusuf/ros2_ws/install/turtlebot3_example:/home/yusuf/ros2_ws/install/robot_python:/home/yusuf/mir_robot/install/ros2_aruco:/home/yusuf/mir_robot/install/point_cloud_functions:/home/yusuf/mir_robot/install/mir_restapi:/home/yusuf/mir_robot/install/mir_driver:/opt/ros/humble /usr/bin/cmake /home/yusuf/ros2_ws/src/navigation_tb3 -DCMAKE_INSTALL_PREFIX=/home/yusuf/ros2_ws/install/navigation_tb3
[0.436s] -- The C compiler identification is GNU 11.4.0
[0.868s] -- The CXX compiler identification is GNU 11.4.0
[0.902s] -- Detecting C compiler ABI info
[1.507s] -- Detecting C compiler ABI info - done
[1.527s] -- Check for working C compiler: /usr/bin/cc - skipped
[1.527s] -- Detecting C compile features
[1.546s] -- Detecting C compile features - done
[1.572s] -- Detecting CXX compiler ABI info
[2.208s] -- Detecting CXX compiler ABI info - done
[2.264s] -- Check for working CXX compiler: /usr/bin/c++ - skipped
[2.266s] -- Detecting CXX compile features
[2.270s] -- Detecting CXX compile features - done
[2.311s] -- Found ament_cmake: 1.3.9 (/opt/ros/humble/share/ament_cmake/cmake)
[3.374s] -- Found Python3: /usr/bin/python3 (found version "3.10.12") found components: Interpreter 
[4.047s] -- Found rclcpp: 16.0.9 (/opt/ros/humble/share/rclcpp/cmake)
[4.518s] -- Found rosidl_generator_c: 3.1.5 (/opt/ros/humble/share/rosidl_generator_c/cmake)
[4.595s] -- Found rosidl_adapter: 3.1.5 (/opt/ros/humble/share/rosidl_adapter/cmake)
[4.706s] -- Found rosidl_generator_cpp: 3.1.5 (/opt/ros/humble/share/rosidl_generator_cpp/cmake)
[4.855s] -- Using all available rosidl_typesupport_c: rosidl_typesupport_fastrtps_c;rosidl_typesupport_introspection_c
[5.099s] -- Using all available rosidl_typesupport_cpp: rosidl_typesupport_fastrtps_cpp;rosidl_typesupport_introspection_cpp
[5.784s] -- Found rmw_implementation_cmake: 6.1.2 (/opt/ros/humble/share/rmw_implementation_cmake/cmake)
[5.835s] -- Found rmw_fastrtps_cpp: 6.2.6 (/opt/ros/humble/share/rmw_fastrtps_cpp/cmake)
[6.524s] -- Found OpenSSL: /usr/lib/x86_64-linux-gnu/libcrypto.so (found version "3.0.2")  
[6.697s] -- Found FastRTPS: /opt/ros/humble/include  
[6.904s] -- Using RMW implementation 'rmw_fastrtps_cpp' as default
[7.033s] -- Looking for pthread.h
[7.497s] -- Looking for pthread.h - found
[7.500s] -- Performing Test CMAKE_HAVE_LIBC_PTHREAD
[7.873s] -- Performing Test CMAKE_HAVE_LIBC_PTHREAD - Success
[7.878s] -- Found Threads: TRUE  
[9.259s] -- Found nav_msgs: 4.2.4 (/opt/ros/humble/share/nav_msgs/cmake)
[10.261s] -- Found rclpy: 3.3.13 (/opt/ros/humble/share/rclpy/cmake)
[11.804s] -- Configuring done
[11.966s] -- Generating done
[11.995s] -- Build files have been written to: /home/yusuf/ros2_ws/build/navigation_tb3
