[0.017s] Invoking command in '/home/yusuf/ros2_ws/build/robot_sensing': CMAKE_PREFIX_PATH=${CMAKE_PREFIX_PATH}:/home/yusuf/ros2_ws/install/urdf_tutorial_r2d2:/home/yusuf/ros2_ws/install/turtlebot3_teleop:/home/yusuf/ros2_ws/install/turtlebot3_example:/home/yusuf/ros2_ws/install/robot_python:/opt/ros/humble /usr/bin/cmake --build /home/yusuf/ros2_ws/build/robot_sensing -- -j8 -l8
[0.087s] [35m[1mConsolidate compiler generated dependencies of target line_following[0m
[0.115s] [ 33%] Built target maze_lidar
[0.119s] [ 66%] Built target odom_kinematic
[0.130s] [ 83%] [32mBuilding CXX object CMakeFiles/line_following.dir/src/linefollowing.cpp.o[0m
[13.158s] [100%] [32m[1mLinking CXX executable line_following[0m
[14.336s] [100%] Built target line_following
[14.357s] Invoked command in '/home/yusuf/ros2_ws/build/robot_sensing' returned '0': CMAKE_PREFIX_PATH=${CMAKE_PREFIX_PATH}:/home/yusuf/ros2_ws/install/urdf_tutorial_r2d2:/home/yusuf/ros2_ws/install/turtlebot3_teleop:/home/yusuf/ros2_ws/install/turtlebot3_example:/home/yusuf/ros2_ws/install/robot_python:/opt/ros/humble /usr/bin/cmake --build /home/yusuf/ros2_ws/build/robot_sensing -- -j8 -l8
[14.450s] Invoking command in '/home/yusuf/ros2_ws/build/robot_sensing': CMAKE_PREFIX_PATH=${CMAKE_PREFIX_PATH}:/home/yusuf/ros2_ws/install/urdf_tutorial_r2d2:/home/yusuf/ros2_ws/install/turtlebot3_teleop:/home/yusuf/ros2_ws/install/turtlebot3_example:/home/yusuf/ros2_ws/install/robot_python:/opt/ros/humble /usr/bin/cmake --install /home/yusuf/ros2_ws/build/robot_sensing
[14.465s] -- Install configuration: ""
[14.466s] -- Up-to-date: /home/yusuf/ros2_ws/install/robot_sensing/lib/robot_sensing/maze_lidar
[14.467s] -- Up-to-date: /home/yusuf/ros2_ws/install/robot_sensing/lib/robot_sensing/odom_kinematic
[14.468s] -- Installing: /home/yusuf/ros2_ws/install/robot_sensing/lib/robot_sensing/line_following
[14.479s] -- Set runtime path of "/home/yusuf/ros2_ws/install/robot_sensing/lib/robot_sensing/line_following" to ""
[14.479s] -- Up-to-date: /home/yusuf/ros2_ws/install/robot_sensing/share/robot_sensing/launch
[14.480s] -- Up-to-date: /home/yusuf/ros2_ws/install/robot_sensing/share/robot_sensing/launch/maze_world.launch.py
[14.480s] -- Up-to-date: /home/yusuf/ros2_ws/install/robot_sensing/share/robot_sensing/launch/line_world.launch.py
[14.480s] -- Up-to-date: /home/yusuf/ros2_ws/install/robot_sensing/share/robot_sensing/world
[14.481s] -- Up-to-date: /home/yusuf/ros2_ws/install/robot_sensing/share/robot_sensing/world/maze.world
[14.481s] -- Up-to-date: /home/yusuf/ros2_ws/install/robot_sensing/share/robot_sensing/world/linefollowing.world
[14.481s] -- Up-to-date: /home/yusuf/ros2_ws/install/robot_sensing/share/ament_index/resource_index/package_run_dependencies/robot_sensing
[14.481s] -- Up-to-date: /home/yusuf/ros2_ws/install/robot_sensing/share/ament_index/resource_index/parent_prefix_path/robot_sensing
[14.482s] -- Up-to-date: /home/yusuf/ros2_ws/install/robot_sensing/share/robot_sensing/environment/ament_prefix_path.sh
[14.482s] -- Up-to-date: /home/yusuf/ros2_ws/install/robot_sensing/share/robot_sensing/environment/ament_prefix_path.dsv
[14.482s] -- Up-to-date: /home/yusuf/ros2_ws/install/robot_sensing/share/robot_sensing/environment/path.sh
[14.482s] -- Up-to-date: /home/yusuf/ros2_ws/install/robot_sensing/share/robot_sensing/environment/path.dsv
[14.483s] -- Up-to-date: /home/yusuf/ros2_ws/install/robot_sensing/share/robot_sensing/local_setup.bash
[14.483s] -- Up-to-date: /home/yusuf/ros2_ws/install/robot_sensing/share/robot_sensing/local_setup.sh
[14.483s] -- Up-to-date: /home/yusuf/ros2_ws/install/robot_sensing/share/robot_sensing/local_setup.zsh
[14.483s] -- Up-to-date: /home/yusuf/ros2_ws/install/robot_sensing/share/robot_sensing/local_setup.dsv
[14.484s] -- Installing: /home/yusuf/ros2_ws/install/robot_sensing/share/robot_sensing/package.dsv
[14.484s] -- Up-to-date: /home/yusuf/ros2_ws/install/robot_sensing/share/ament_index/resource_index/packages/robot_sensing
[14.484s] -- Up-to-date: /home/yusuf/ros2_ws/install/robot_sensing/share/robot_sensing/cmake/robot_sensingConfig.cmake
[14.484s] -- Up-to-date: /home/yusuf/ros2_ws/install/robot_sensing/share/robot_sensing/cmake/robot_sensingConfig-version.cmake
[14.484s] -- Up-to-date: /home/yusuf/ros2_ws/install/robot_sensing/share/robot_sensing/package.xml
[14.486s] Invoked command in '/home/yusuf/ros2_ws/build/robot_sensing' returned '0': CMAKE_PREFIX_PATH=${CMAKE_PREFIX_PATH}:/home/yusuf/ros2_ws/install/urdf_tutorial_r2d2:/home/yusuf/ros2_ws/install/turtlebot3_teleop:/home/yusuf/ros2_ws/install/turtlebot3_example:/home/yusuf/ros2_ws/install/robot_python:/opt/ros/humble /usr/bin/cmake --install /home/yusuf/ros2_ws/build/robot_sensing
