-- The C compiler identification is GNU 11.4.0
-- The CXX compiler identification is GNU 11.4.0
-- Detecting C compiler ABI info
-- Detecting C compiler ABI info - done
-- Check for working C compiler: /usr/bin/cc - skipped
-- Detecting C compile features
-- Detecting C compile features - done
-- Detecting CXX compiler ABI info
-- Detecting CXX compiler ABI info - done
-- Check for working CXX compiler: /usr/bin/c++ - skipped
-- Detecting CXX compile features
-- Detecting CXX compile features - done
-- Found ament_cmake: 1.3.6 (/opt/ros/humble/share/ament_cmake/cmake)
-- Found Python3: /usr/bin/python3.10 (found version "3.10.12") found components: Interpreter 
-- Found rclcpp: 16.0.7 (/opt/ros/humble/share/rclcpp/cmake)
-- Found rosidl_generator_c: 3.1.5 (/opt/ros/humble/share/rosidl_generator_c/cmake)
-- Found rosidl_adapter: 3.1.5 (/opt/ros/humble/share/rosidl_adapter/cmake)
-- Found rosidl_generator_cpp: 3.1.5 (/opt/ros/humble/share/rosidl_generator_cpp/cmake)
-- Using all available rosidl_typesupport_c: rosidl_typesupport_fastrtps_c;rosidl_typesupport_introspection_c
-- Using all available rosidl_typesupport_cpp: rosidl_typesupport_fastrtps_cpp;rosidl_typesupport_introspection_cpp
-- Found rmw_implementation_cmake: 6.1.1 (/opt/ros/humble/share/rmw_implementation_cmake/cmake)
-- Found rmw_fastrtps_cpp: 6.2.5 (/opt/ros/humble/share/rmw_fastrtps_cpp/cmake)
-- Found OpenSSL: /usr/lib/x86_64-linux-gnu/libcrypto.so (found version "3.0.2")  
-- Found FastRTPS: /opt/ros/humble/include  
-- Using RMW implementation 'rmw_fastrtps_cpp' as default
-- Looking for pthread.h
-- Looking for pthread.h - found
-- Performing Test CMAKE_HAVE_LIBC_PTHREAD
-- Performing Test CMAKE_HAVE_LIBC_PTHREAD - Success
-- Found Threads: TRUE  
-- Found turtlesim: 1.4.2 (/opt/ros/humble/share/turtlesim/cmake)
-- Found geometry_msgs: 4.2.3 (/opt/ros/humble/share/geometry_msgs/cmake)
-- Configuring done
-- Generating done
-- Build files have been written to: /home/yusuf/ros2_ws/build/drive_turtle
[ 16%] [32mBuilding CXX object CMakeFiles/p1_multi_straight_drive.dir/src/p1_b_multi_straight_drive.cpp.o[0m
[ 33%] [32mBuilding CXX object CMakeFiles/p1_single_straight_drive.dir/src/p1_a_single_straight_drive.cpp.o[0m
[ 50%] [32mBuilding CXX object CMakeFiles/p1_multi_turtle_controller.dir/src/p1_c_multi_turtle_controller.cpp.o[0m
[ 66%] [32m[1mLinking CXX executable p1_multi_turtle_controller[0m
[ 66%] Built target p1_multi_turtle_controller
[ 83%] [32m[1mLinking CXX executable p1_single_straight_drive[0m
[100%] [32m[1mLinking CXX executable p1_multi_straight_drive[0m
[100%] Built target p1_single_straight_drive
[100%] Built target p1_multi_straight_drive
-- Install configuration: ""
-- Installing: /home/yusuf/ros2_ws/install/drive_turtle/lib/drive_turtle/p1_multi_turtle_controller
-- Set runtime path of "/home/yusuf/ros2_ws/install/drive_turtle/lib/drive_turtle/p1_multi_turtle_controller" to ""
-- Installing: /home/yusuf/ros2_ws/install/drive_turtle/lib/drive_turtle/p1_single_straight_drive
-- Set runtime path of "/home/yusuf/ros2_ws/install/drive_turtle/lib/drive_turtle/p1_single_straight_drive" to ""
-- Installing: /home/yusuf/ros2_ws/install/drive_turtle/lib/drive_turtle/p1_multi_straight_drive
-- Set runtime path of "/home/yusuf/ros2_ws/install/drive_turtle/lib/drive_turtle/p1_multi_straight_drive" to ""
-- Installing: /home/yusuf/ros2_ws/install/drive_turtle/share/drive_turtle/launch
-- Installing: /home/yusuf/ros2_ws/install/drive_turtle/share/drive_turtle/launch/p1_c_multi_robot_controller.launch.py
-- Installing: /home/yusuf/ros2_ws/install/drive_turtle/share/drive_turtle/launch/p1_b_multi_robot_single_sim.launch.py
-- Installing: /home/yusuf/ros2_ws/install/drive_turtle/share/drive_turtle/launch/p1_d_run_multi_turtlesim_drive.launch.py
-- Installing: /home/yusuf/ros2_ws/install/drive_turtle/share/drive_turtle/launch/p1_a_multi_robot_multi_sim.launch.py
-- Installing: /home/yusuf/ros2_ws/install/drive_turtle/share/ament_index/resource_index/package_run_dependencies/drive_turtle
-- Installing: /home/yusuf/ros2_ws/install/drive_turtle/share/ament_index/resource_index/parent_prefix_path/drive_turtle
-- Installing: /home/yusuf/ros2_ws/install/drive_turtle/share/drive_turtle/environment/ament_prefix_path.sh
-- Installing: /home/yusuf/ros2_ws/install/drive_turtle/share/drive_turtle/environment/ament_prefix_path.dsv
-- Installing: /home/yusuf/ros2_ws/install/drive_turtle/share/drive_turtle/environment/path.sh
-- Installing: /home/yusuf/ros2_ws/install/drive_turtle/share/drive_turtle/environment/path.dsv
-- Installing: /home/yusuf/ros2_ws/install/drive_turtle/share/drive_turtle/local_setup.bash
-- Installing: /home/yusuf/ros2_ws/install/drive_turtle/share/drive_turtle/local_setup.sh
-- Installing: /home/yusuf/ros2_ws/install/drive_turtle/share/drive_turtle/local_setup.zsh
-- Installing: /home/yusuf/ros2_ws/install/drive_turtle/share/drive_turtle/local_setup.dsv
-- Installing: /home/yusuf/ros2_ws/install/drive_turtle/share/drive_turtle/package.dsv
-- Installing: /home/yusuf/ros2_ws/install/drive_turtle/share/ament_index/resource_index/packages/drive_turtle
-- Installing: /home/yusuf/ros2_ws/install/drive_turtle/share/drive_turtle/cmake/drive_turtleConfig.cmake
-- Installing: /home/yusuf/ros2_ws/install/drive_turtle/share/drive_turtle/cmake/drive_turtleConfig-version.cmake
-- Installing: /home/yusuf/ros2_ws/install/drive_turtle/share/drive_turtle/package.xml
