[0.307s] Invoking command in '/home/yusuf/ros2_ws/build/drive_turtle': CMAKE_PREFIX_PATH=/opt/ros/humble /usr/bin/cmake /home/yusuf/ros2_ws/src/mobile_robotics_ROS2/drive_turtle -DCMAKE_INSTALL_PREFIX=/home/yusuf/ros2_ws/install/drive_turtle
[0.423s] -- The C compiler identification is GNU 11.4.0
[0.553s] -- The CXX compiler identification is GNU 11.4.0
[0.575s] -- Detecting C compiler ABI info
[0.715s] -- Detecting C compiler ABI info - done
[0.738s] -- Check for working C compiler: /usr/bin/cc - skipped
[0.739s] -- Detecting C compile features
[0.740s] -- Detecting C compile features - done
[0.747s] -- Detecting CXX compiler ABI info
[0.883s] -- Detecting CXX compiler ABI info - done
[0.892s] -- Check for working CXX compiler: /usr/bin/c++ - skipped
[0.892s] -- Detecting CXX compile features
[0.892s] -- Detecting CXX compile features - done
[0.901s] -- Found ament_cmake: 1.3.6 (/opt/ros/humble/share/ament_cmake/cmake)
[1.184s] -- Found Python3: /usr/bin/python3.10 (found version "3.10.12") found components: Interpreter 
[1.333s] -- Found rclcpp: 16.0.7 (/opt/ros/humble/share/rclcpp/cmake)
[1.417s] -- Found rosidl_generator_c: 3.1.5 (/opt/ros/humble/share/rosidl_generator_c/cmake)
[1.425s] -- Found rosidl_adapter: 3.1.5 (/opt/ros/humble/share/rosidl_adapter/cmake)
[1.445s] -- Found rosidl_generator_cpp: 3.1.5 (/opt/ros/humble/share/rosidl_generator_cpp/cmake)
[1.470s] -- Using all available rosidl_typesupport_c: rosidl_typesupport_fastrtps_c;rosidl_typesupport_introspection_c
[1.501s] -- Using all available rosidl_typesupport_cpp: rosidl_typesupport_fastrtps_cpp;rosidl_typesupport_introspection_cpp
[1.609s] -- Found rmw_implementation_cmake: 6.1.1 (/opt/ros/humble/share/rmw_implementation_cmake/cmake)
[1.613s] -- Found rmw_fastrtps_cpp: 6.2.5 (/opt/ros/humble/share/rmw_fastrtps_cpp/cmake)
[1.775s] -- Found OpenSSL: /usr/lib/x86_64-linux-gnu/libcrypto.so (found version "3.0.2")  
[1.827s] -- Found FastRTPS: /opt/ros/humble/include  
[1.901s] -- Using RMW implementation 'rmw_fastrtps_cpp' as default
[1.919s] -- Looking for pthread.h
[2.021s] -- Looking for pthread.h - found
[2.022s] -- Performing Test CMAKE_HAVE_LIBC_PTHREAD
[2.125s] -- Performing Test CMAKE_HAVE_LIBC_PTHREAD - Success
[2.127s] -- Found Threads: TRUE  
[2.531s] -- Found turtlesim: 1.4.2 (/opt/ros/humble/share/turtlesim/cmake)
[2.878s] -- Found geometry_msgs: 4.2.3 (/opt/ros/humble/share/geometry_msgs/cmake)
[3.118s] -- Configuring done
[3.146s] -- Generating done
[3.148s] -- Build files have been written to: /home/yusuf/ros2_ws/build/drive_turtle
[3.278s] Invoked command in '/home/yusuf/ros2_ws/build/drive_turtle' returned '0': CMAKE_PREFIX_PATH=/opt/ros/humble /usr/bin/cmake /home/yusuf/ros2_ws/src/mobile_robotics_ROS2/drive_turtle -DCMAKE_INSTALL_PREFIX=/home/yusuf/ros2_ws/install/drive_turtle
[3.279s] Invoking command in '/home/yusuf/ros2_ws/build/drive_turtle': CMAKE_PREFIX_PATH=/opt/ros/humble /usr/bin/cmake --build /home/yusuf/ros2_ws/build/drive_turtle -- -j8 -l8
[3.351s] [ 16%] [32mBuilding CXX object CMakeFiles/p1_multi_straight_drive.dir/src/p1_b_multi_straight_drive.cpp.o[0m
[3.351s] [ 33%] [32mBuilding CXX object CMakeFiles/p1_single_straight_drive.dir/src/p1_a_single_straight_drive.cpp.o[0m
[3.352s] [ 50%] [32mBuilding CXX object CMakeFiles/p1_multi_turtle_controller.dir/src/p1_c_multi_turtle_controller.cpp.o[0m
[18.202s] [ 66%] [32m[1mLinking CXX executable p1_multi_turtle_controller[0m
[20.226s] [ 66%] Built target p1_multi_turtle_controller
[28.606s] [ 83%] [32m[1mLinking CXX executable p1_single_straight_drive[0m
[29.549s] [100%] [32m[1mLinking CXX executable p1_multi_straight_drive[0m
[30.437s] [100%] Built target p1_single_straight_drive
[30.899s] [100%] Built target p1_multi_straight_drive
[30.968s] Invoked command in '/home/yusuf/ros2_ws/build/drive_turtle' returned '0': CMAKE_PREFIX_PATH=/opt/ros/humble /usr/bin/cmake --build /home/yusuf/ros2_ws/build/drive_turtle -- -j8 -l8
[31.538s] Invoking command in '/home/yusuf/ros2_ws/build/drive_turtle': CMAKE_PREFIX_PATH=/opt/ros/humble /usr/bin/cmake --install /home/yusuf/ros2_ws/build/drive_turtle
[31.585s] -- Install configuration: ""
[31.587s] -- Installing: /home/yusuf/ros2_ws/install/drive_turtle/lib/drive_turtle/p1_multi_turtle_controller
[31.605s] -- Set runtime path of "/home/yusuf/ros2_ws/install/drive_turtle/lib/drive_turtle/p1_multi_turtle_controller" to ""
[31.606s] -- Installing: /home/yusuf/ros2_ws/install/drive_turtle/lib/drive_turtle/p1_single_straight_drive
[31.615s] -- Set runtime path of "/home/yusuf/ros2_ws/install/drive_turtle/lib/drive_turtle/p1_single_straight_drive" to ""
[31.617s] -- Installing: /home/yusuf/ros2_ws/install/drive_turtle/lib/drive_turtle/p1_multi_straight_drive
[31.631s] -- Set runtime path of "/home/yusuf/ros2_ws/install/drive_turtle/lib/drive_turtle/p1_multi_straight_drive" to ""
[31.631s] -- Installing: /home/yusuf/ros2_ws/install/drive_turtle/share/drive_turtle/launch
[31.633s] -- Installing: /home/yusuf/ros2_ws/install/drive_turtle/share/drive_turtle/launch/p1_c_multi_robot_controller.launch.py
[31.634s] -- Installing: /home/yusuf/ros2_ws/install/drive_turtle/share/drive_turtle/launch/p1_b_multi_robot_single_sim.launch.py
[31.635s] -- Installing: /home/yusuf/ros2_ws/install/drive_turtle/share/drive_turtle/launch/p1_d_run_multi_turtlesim_drive.launch.py
[31.636s] -- Installing: /home/yusuf/ros2_ws/install/drive_turtle/share/drive_turtle/launch/p1_a_multi_robot_multi_sim.launch.py
[31.637s] -- Installing: /home/yusuf/ros2_ws/install/drive_turtle/share/ament_index/resource_index/package_run_dependencies/drive_turtle
[31.650s] -- Installing: /home/yusuf/ros2_ws/install/drive_turtle/share/ament_index/resource_index/parent_prefix_path/drive_turtle
[31.652s] -- Installing: /home/yusuf/ros2_ws/install/drive_turtle/share/drive_turtle/environment/ament_prefix_path.sh
[31.653s] -- Installing: /home/yusuf/ros2_ws/install/drive_turtle/share/drive_turtle/environment/ament_prefix_path.dsv
[31.654s] -- Installing: /home/yusuf/ros2_ws/install/drive_turtle/share/drive_turtle/environment/path.sh
[31.655s] -- Installing: /home/yusuf/ros2_ws/install/drive_turtle/share/drive_turtle/environment/path.dsv
[31.657s] -- Installing: /home/yusuf/ros2_ws/install/drive_turtle/share/drive_turtle/local_setup.bash
[31.658s] -- Installing: /home/yusuf/ros2_ws/install/drive_turtle/share/drive_turtle/local_setup.sh
[31.660s] -- Installing: /home/yusuf/ros2_ws/install/drive_turtle/share/drive_turtle/local_setup.zsh
[31.661s] -- Installing: /home/yusuf/ros2_ws/install/drive_turtle/share/drive_turtle/local_setup.dsv
[31.662s] -- Installing: /home/yusuf/ros2_ws/install/drive_turtle/share/drive_turtle/package.dsv
[31.664s] -- Installing: /home/yusuf/ros2_ws/install/drive_turtle/share/ament_index/resource_index/packages/drive_turtle
[31.665s] -- Installing: /home/yusuf/ros2_ws/install/drive_turtle/share/drive_turtle/cmake/drive_turtleConfig.cmake
[31.667s] -- Installing: /home/yusuf/ros2_ws/install/drive_turtle/share/drive_turtle/cmake/drive_turtleConfig-version.cmake
[31.668s] -- Installing: /home/yusuf/ros2_ws/install/drive_turtle/share/drive_turtle/package.xml
[31.675s] Invoked command in '/home/yusuf/ros2_ws/build/drive_turtle' returned '0': CMAKE_PREFIX_PATH=/opt/ros/humble /usr/bin/cmake --install /home/yusuf/ros2_ws/build/drive_turtle
