[0.144s] Invoking command in '/home/yusuf/ros2_ws/build/point_cloud_processing': CMAKE_PREFIX_PATH=/opt/ros/humble /usr/bin/cmake /home/yusuf/ros2_ws/src/mobile_robotics_ROS2/point_cloud_processing -DCMAKE_INSTALL_PREFIX=/home/yusuf/ros2_ws/install/point_cloud_processing
[0.265s] -- The C compiler identification is GNU 11.4.0
[0.393s] -- The CXX compiler identification is GNU 11.4.0
[0.408s] -- Detecting C compiler ABI info
[0.531s] -- Detecting C compiler ABI info - done
[0.553s] -- Check for working C compiler: /usr/bin/cc - skipped
[0.554s] -- Detecting C compile features
[0.559s] -- Detecting C compile features - done
[0.560s] -- Detecting CXX compiler ABI info
[0.703s] -- Detecting CXX compiler ABI info - done
[0.724s] -- Check for working CXX compiler: /usr/bin/c++ - skipped
[0.725s] -- Detecting CXX compile features
[0.726s] -- Detecting CXX compile features - done
[0.731s] -- Found ament_cmake: 1.3.6 (/opt/ros/humble/share/ament_cmake/cmake)
[1.013s] -- Found Python3: /usr/bin/python3.10 (found version "3.10.12") found components: Interpreter 
[1.171s] -- Checking for module 'eigen3'
[1.188s] --   Found eigen3, version 3.4.0
[1.232s] -- Found Eigen: /usr/include/eigen3 (Required is at least version "3.1") 
[1.232s] -- Eigen found (include: /usr/include/eigen3, version: 3.4.0)
[1.275s] -- Found Boost: /usr/lib/x86_64-linux-gnu/cmake/Boost-1.74.0/BoostConfig.cmake (found suitable version "1.74.0", minimum required is "1.65.0") found components: system filesystem date_time iostreams serialization 
[1.301s] -- Checking for module 'flann'
[1.318s] --   Found flann, version 1.9.1
[1.398s] -- Found FLANN: /usr/lib/x86_64-linux-gnu/libflann_cpp.so  
[1.398s] -- FLANN found (include: /usr/include, lib: /usr/lib/x86_64-linux-gnu/libflann_cpp.so)
[1.477s] -- Looking for pthread.h
[1.599s] -- Looking for pthread.h - found
[1.599s] -- Performing Test CMAKE_HAVE_LIBC_PTHREAD
[1.710s] -- Performing Test CMAKE_HAVE_LIBC_PTHREAD - Success
[1.712s] -- Found Threads: TRUE  
[1.716s] -- Found GLEW: /usr/lib/x86_64-linux-gnu/libGLEW.so  
[1.723s] -- Found OpenGL: /usr/lib/x86_64-linux-gnu/libOpenGL.so  found components: OpenGL GLX 
[1.943s] -- Found MPI_C: /usr/lib/x86_64-linux-gnu/libmpi.so (found version "3.1") 
[1.944s] -- Found MPI: TRUE (found version "3.1") found components: C 
[1.949s] -- Found JsonCpp: /usr/lib/x86_64-linux-gnu/libjsoncpp.so (found suitable version "1.9.5", minimum required is "0.7.0") 
[1.968s] -- Found ZLIB: /usr/lib/x86_64-linux-gnu/libz.so (found version "1.2.11") 
[2.007s] -- Found PNG: /usr/lib/x86_64-linux-gnu/libpng.so (found version "1.6.37") 
[2.033s] -- Found Eigen3: /usr/include/eigen3 (found version "3.4.0") 
[2.162s] -- Found X11: /usr/include   
[2.163s] -- Looking for XOpenDisplay in /usr/lib/x86_64-linux-gnu/libX11.so;/usr/lib/x86_64-linux-gnu/libXext.so
[2.272s] -- Looking for XOpenDisplay in /usr/lib/x86_64-linux-gnu/libX11.so;/usr/lib/x86_64-linux-gnu/libXext.so - found
[2.273s] -- Looking for gethostbyname
[2.392s] -- Looking for gethostbyname - found
[2.392s] -- Looking for connect
[2.506s] -- Looking for connect - found
[2.506s] -- Looking for remove
[2.616s] -- Looking for remove - found
[2.616s] -- Looking for shmat
[2.719s] -- Looking for shmat - found
[2.719s] -- Looking for IceConnectionNumber in ICE
[2.839s] -- Looking for IceConnectionNumber in ICE - found
[2.993s] -- Found EXPAT: /usr/lib/x86_64-linux-gnu/libexpat.so (found version "2.4.7") 
[2.997s] -- Found double-conversion: /usr/lib/x86_64-linux-gnu/libdouble-conversion.so  
[3.001s] -- Found LZ4: /usr/lib/x86_64-linux-gnu/liblz4.so (found version "1.9.3") 
[3.003s] -- Found LZMA: /usr/lib/x86_64-linux-gnu/liblzma.so (found version "5.2.5") 
[3.019s] -- Found JPEG: /usr/lib/x86_64-linux-gnu/libjpeg.so (found version "80") 
[3.025s] -- Found TIFF: /usr/lib/x86_64-linux-gnu/libtiff.so (found version "4.3.0")  
[3.030s] -- Found Freetype: /usr/lib/x86_64-linux-gnu/libfreetype.so (found version "2.11.1") 
[3.038s] -- Found utf8cpp: /usr/include/utf8cpp  
[3.150s] -- Checking for module 'libusb-1.0'
[3.178s] --   Found libusb-1.0, version 1.0.25
[3.255s] -- Found libusb: /usr/lib/x86_64-linux-gnu/libusb-1.0.so  
[3.257s] -- Found OpenNI: /usr/lib/libOpenNI.so;libusb::libusb (found version "1.5.4.0") 
[3.257s] -- OpenNI found (version: 1.5.4.0, include: /usr/include/ni, lib: /usr/lib/libOpenNI.so;libusb::libusb)
[3.388s] -- Found OpenNI2: /usr/lib/x86_64-linux-gnu/libOpenNI2.so;libusb::libusb (found version "2.2.0.33") 
[3.389s] -- OpenNI2 found (version: 2.2.0.33, include: /usr/include/openni2, lib: /usr/lib/x86_64-linux-gnu/libOpenNI2.so;libusb::libusb)
[3.389s] [0m** WARNING ** io features related to pcap will be disabled[0m
[3.732s] -- Eigen found (include: /usr/include/eigen3, version: 3.4.0)
[3.741s] -- OpenNI found (version: 1.5.4.0, include: /usr/include/ni, lib: /usr/lib/libOpenNI.so;libusb::libusb)
[3.755s] -- OpenNI2 found (version: 2.2.0.33, include: /usr/include/openni2, lib: /usr/lib/x86_64-linux-gnu/libOpenNI2.so;libusb::libusb)
[4.389s] -- Found Qhull version 8.0.2
[5.002s] -- OpenNI found (version: 1.5.4.0, include: /usr/include/ni, lib: /usr/lib/libOpenNI.so;libusb::libusb)
[5.725s] -- looking for PCL_COMMON
[5.728s] -- Found PCL_COMMON: /usr/lib/x86_64-linux-gnu/libpcl_common.so  
[5.729s] -- looking for PCL_KDTREE
[5.730s] -- Found PCL_KDTREE: /usr/lib/x86_64-linux-gnu/libpcl_kdtree.so  
[5.732s] -- looking for PCL_OCTREE
[5.733s] -- Found PCL_OCTREE: /usr/lib/x86_64-linux-gnu/libpcl_octree.so  
[5.734s] -- looking for PCL_SEARCH
[5.736s] -- Found PCL_SEARCH: /usr/lib/x86_64-linux-gnu/libpcl_search.so  
[5.738s] -- looking for PCL_SAMPLE_CONSENSUS
[5.746s] -- Found PCL_SAMPLE_CONSENSUS: /usr/lib/x86_64-linux-gnu/libpcl_sample_consensus.so  
[5.748s] -- looking for PCL_FILTERS
[5.749s] -- Found PCL_FILTERS: /usr/lib/x86_64-linux-gnu/libpcl_filters.so  
[5.762s] -- looking for PCL_2D
[5.764s] -- Found PCL_2D: /usr/include/pcl-1.12  
[5.764s] -- looking for PCL_GEOMETRY
[5.766s] -- Found PCL_GEOMETRY: /usr/include/pcl-1.12  
[5.766s] -- looking for PCL_IO
[5.767s] -- Found PCL_IO: /usr/lib/x86_64-linux-gnu/libpcl_io.so  
[5.768s] -- looking for PCL_FEATURES
[5.770s] -- Found PCL_FEATURES: /usr/lib/x86_64-linux-gnu/libpcl_features.so  
[5.771s] -- looking for PCL_ML
[5.772s] -- Found PCL_ML: /usr/lib/x86_64-linux-gnu/libpcl_ml.so  
[5.773s] -- looking for PCL_SEGMENTATION
[5.775s] -- Found PCL_SEGMENTATION: /usr/lib/x86_64-linux-gnu/libpcl_segmentation.so  
[5.775s] -- looking for PCL_VISUALIZATION
[5.777s] -- Found PCL_VISUALIZATION: /usr/lib/x86_64-linux-gnu/libpcl_visualization.so  
[5.778s] -- looking for PCL_SURFACE
[5.789s] -- Found PCL_SURFACE: /usr/lib/x86_64-linux-gnu/libpcl_surface.so  
[5.790s] -- looking for PCL_REGISTRATION
[5.791s] -- Found PCL_REGISTRATION: /usr/lib/x86_64-linux-gnu/libpcl_registration.so  
[5.792s] -- looking for PCL_KEYPOINTS
[5.794s] -- Found PCL_KEYPOINTS: /usr/lib/x86_64-linux-gnu/libpcl_keypoints.so  
[5.795s] -- looking for PCL_TRACKING
[5.831s] -- Found PCL_TRACKING: /usr/lib/x86_64-linux-gnu/libpcl_tracking.so  
[5.832s] -- looking for PCL_RECOGNITION
[5.833s] -- Found PCL_RECOGNITION: /usr/lib/x86_64-linux-gnu/libpcl_recognition.so  
[5.834s] -- looking for PCL_STEREO
[5.836s] -- Found PCL_STEREO: /usr/lib/x86_64-linux-gnu/libpcl_stereo.so  
[5.837s] -- looking for PCL_APPS
[5.839s] -- Found PCL_APPS: /usr/lib/x86_64-linux-gnu/libpcl_apps.so  
[5.840s] -- looking for PCL_IN_HAND_SCANNER
[5.841s] -- Found PCL_IN_HAND_SCANNER: /usr/include/pcl-1.12  
[5.842s] -- looking for PCL_MODELER
[5.843s] -- Found PCL_MODELER: /usr/include/pcl-1.12  
[5.843s] -- looking for PCL_POINT_CLOUD_EDITOR
[5.844s] -- Found PCL_POINT_CLOUD_EDITOR: /usr/include/pcl-1.12  
[5.844s] -- looking for PCL_OUTOFCORE
[5.845s] -- Found PCL_OUTOFCORE: /usr/lib/x86_64-linux-gnu/libpcl_outofcore.so  
[5.846s] -- looking for PCL_PEOPLE
[5.848s] -- Found PCL_PEOPLE: /usr/lib/x86_64-linux-gnu/libpcl_people.so  
[5.850s] -- Found PCL: pcl_common;pcl_kdtree;pcl_octree;pcl_search;pcl_sample_consensus;pcl_filters;pcl_io;pcl_features;pcl_ml;pcl_segmentation;pcl_visualization;pcl_surface;pcl_registration;pcl_keypoints;pcl_tracking;pcl_recognition;pcl_stereo;pcl_apps;pcl_outofcore;pcl_people;Boost::system;Boost::filesystem;Boost::date_time;Boost::iostreams;Boost::serialization;/usr/lib/libOpenNI.so;libusb::libusb;/usr/lib/x86_64-linux-gnu/libOpenNI2.so;libusb::libusb;VTK::ChartsCore;VTK::CommonColor;VTK::CommonComputationalGeometry;VTK::CommonCore;VTK::CommonDataModel;VTK::CommonExecutionModel;VTK::CommonMath;VTK::CommonMisc;VTK::CommonTransforms;VTK::FiltersCore;VTK::FiltersExtraction;VTK::FiltersGeneral;VTK::FiltersGeometry;VTK::FiltersModeling;VTK::FiltersSources;VTK::ImagingCore;VTK::ImagingSources;VTK::InteractionImage;VTK::InteractionStyle;VTK::InteractionWidgets;VTK::IOCore;VTK::IOGeometry;VTK::IOImage;VTK::IOLegacy;VTK::IOPLY;VTK::RenderingAnnotation;VTK::RenderingCore;VTK::RenderingContext2D;VTK::RenderingLOD;VTK::RenderingFreeType;VTK::ViewsCore;VTK::ViewsContext2D;VTK::RenderingOpenGL2;VTK::GUISupportQt;FLANN::FLANN;QHULL::QHULL  
[5.866s] -- Found rclcpp: 16.0.7 (/opt/ros/humble/share/rclcpp/cmake)
[6.014s] -- Found rosidl_generator_c: 3.1.5 (/opt/ros/humble/share/rosidl_generator_c/cmake)
[6.026s] -- Found rosidl_adapter: 3.1.5 (/opt/ros/humble/share/rosidl_adapter/cmake)
[6.046s] -- Found rosidl_generator_cpp: 3.1.5 (/opt/ros/humble/share/rosidl_generator_cpp/cmake)
[6.080s] -- Using all available rosidl_typesupport_c: rosidl_typesupport_fastrtps_c;rosidl_typesupport_introspection_c
[6.136s] -- Using all available rosidl_typesupport_cpp: rosidl_typesupport_fastrtps_cpp;rosidl_typesupport_introspection_cpp
[6.495s] -- Found rmw_implementation_cmake: 6.1.1 (/opt/ros/humble/share/rmw_implementation_cmake/cmake)
[6.513s] -- Found rmw_fastrtps_cpp: 6.2.5 (/opt/ros/humble/share/rmw_fastrtps_cpp/cmake)
[7.210s] -- Found OpenSSL: /usr/lib/x86_64-linux-gnu/libcrypto.so (found version "3.0.2")  
[7.334s] -- Found FastRTPS: /opt/ros/humble/include  
[7.617s] -- Using RMW implementation 'rmw_fastrtps_cpp' as default
[9.168s] -- Found sensor_msgs: 4.2.3 (/opt/ros/humble/share/sensor_msgs/cmake)
[10.555s] -- Found pcl_conversions: 2.4.0 (/opt/ros/humble/share/pcl_conversions/cmake)
[12.022s] -- Found visualization_msgs: 4.2.3 (/opt/ros/humble/share/visualization_msgs/cmake)
[13.992s] -- Configuring done
[14.713s] -- Generating done
[14.729s] -- Build files have been written to: /home/yusuf/ros2_ws/build/point_cloud_processing
[14.864s] Invoked command in '/home/yusuf/ros2_ws/build/point_cloud_processing' returned '0': CMAKE_PREFIX_PATH=/opt/ros/humble /usr/bin/cmake /home/yusuf/ros2_ws/src/mobile_robotics_ROS2/point_cloud_processing -DCMAKE_INSTALL_PREFIX=/home/yusuf/ros2_ws/install/point_cloud_processing
[14.867s] Invoking command in '/home/yusuf/ros2_ws/build/point_cloud_processing': CMAKE_PREFIX_PATH=/opt/ros/humble /usr/bin/cmake --build /home/yusuf/ros2_ws/build/point_cloud_processing -- -j8 -l8
[15.384s] [ 10%] [32mBuilding CXX object CMakeFiles/p9_a_pcd_import.dir/src/p9_a_table_scene.cpp.o[0m
[15.438s] [ 20%] [32mBuilding CXX object CMakeFiles/p9_b_plane_cloud.dir/src/p9_b_planner_cloud.cpp.o[0m
[15.458s] [ 30%] [32mBuilding CXX object CMakeFiles/p9_d_filtering_segmentation.dir/src/p9_d_filtering_segmentation.cpp.o[0m
[15.524s] [ 40%] [32mBuilding CXX object CMakeFiles/p9_e_path_creation.dir/src/p9_e_point_path_drawing.cpp.o[0m
[15.540s] [ 50%] [32mBuilding CXX object CMakeFiles/p9_c_circular_cloud.dir/src/p9_c_circular_cloud.cpp.o[0m
[36.145s] [ 60%] [32m[1mLinking CXX executable p9_b_plane_cloud[0m
[38.097s] [ 60%] Built target p9_b_plane_cloud
[41.972s] [ 70%] [32m[1mLinking CXX executable p9_a_pcd_import[0m
[43.497s] [ 70%] Built target p9_a_pcd_import
[44.052s] [ 80%] [32m[1mLinking CXX executable p9_c_circular_cloud[0m
[46.615s] [ 80%] Built target p9_c_circular_cloud
[52.304s] [01m[K/home/yusuf/ros2_ws/src/mobile_robotics_ROS2/point_cloud_processing/src/p9_e_point_path_drawing.cpp:[m[K In function ‘[01m[Kint main()[m[K’:
[52.304s] [01m[K/home/yusuf/ros2_ws/src/mobile_robotics_ROS2/point_cloud_processing/src/p9_e_point_path_drawing.cpp:19:22:[m[K [01;35m[Kwarning: [m[Kcomparison of integer expressions of different signedness: ‘[01m[Kint[m[K’ and ‘[01m[Kstd::vector<pcl::PointXYZ, Eigen::aligned_allocator<pcl::PointXYZ> >::size_type[m[K’ {aka ‘[01m[Klong unsigned int[m[K’} [[01;35m[K]8;;https://gcc.gnu.org/onlinedocs/gcc/Warning-Options.html#index-Wsign-compare-Wsign-compare]8;;[m[K]
[52.305s]    19 |         for(int i=0;[01;35m[Ki<cloud->points.size()[m[K;i++){
[52.309s]       |                     [01;35m[K~^~~~~~~~~~~~~~~~~~~~~[m[K
[57.269s] [ 90%] [32m[1mLinking CXX executable p9_e_path_creation[0m
[58.456s] [ 90%] Built target p9_e_path_creation
[60.977s] [100%] [32m[1mLinking CXX executable p9_d_filtering_segmentation[0m
[63.212s] [100%] Built target p9_d_filtering_segmentation
[63.230s] Invoked command in '/home/yusuf/ros2_ws/build/point_cloud_processing' returned '0': CMAKE_PREFIX_PATH=/opt/ros/humble /usr/bin/cmake --build /home/yusuf/ros2_ws/build/point_cloud_processing -- -j8 -l8
[63.294s] Invoking command in '/home/yusuf/ros2_ws/build/point_cloud_processing': CMAKE_PREFIX_PATH=/opt/ros/humble /usr/bin/cmake --install /home/yusuf/ros2_ws/build/point_cloud_processing
[63.306s] -- Install configuration: ""
[63.306s] -- Installing: /home/yusuf/ros2_ws/install/point_cloud_processing/lib/point_cloud_processing/p9_a_pcd_import
[63.307s] -- Installing: /home/yusuf/ros2_ws/install/point_cloud_processing/lib/point_cloud_processing/p9_b_plane_cloud
[63.308s] -- Installing: /home/yusuf/ros2_ws/install/point_cloud_processing/lib/point_cloud_processing/p9_c_circular_cloud
[63.308s] -- Installing: /home/yusuf/ros2_ws/install/point_cloud_processing/lib/point_cloud_processing/p9_d_filtering_segmentation
[63.310s] -- Installing: /home/yusuf/ros2_ws/install/point_cloud_processing/lib/point_cloud_processing/p9_e_path_creation
[63.310s] -- Installing: /home/yusuf/ros2_ws/install/point_cloud_processing/share/point_cloud_processing//launch
[63.311s] -- Installing: /home/yusuf/ros2_ws/install/point_cloud_processing/share/point_cloud_processing//launch/p9_a_rtab_mapping.launch.py
[63.311s] -- Installing: /home/yusuf/ros2_ws/install/point_cloud_processing/share/ament_index/resource_index/package_run_dependencies/point_cloud_processing
[63.312s] -- Installing: /home/yusuf/ros2_ws/install/point_cloud_processing/share/ament_index/resource_index/parent_prefix_path/point_cloud_processing
[63.312s] -- Installing: /home/yusuf/ros2_ws/install/point_cloud_processing/share/point_cloud_processing/environment/ament_prefix_path.sh
[63.312s] -- Installing: /home/yusuf/ros2_ws/install/point_cloud_processing/share/point_cloud_processing/environment/ament_prefix_path.dsv
[63.313s] -- Installing: /home/yusuf/ros2_ws/install/point_cloud_processing/share/point_cloud_processing/environment/path.sh
[63.313s] -- Installing: /home/yusuf/ros2_ws/install/point_cloud_processing/share/point_cloud_processing/environment/path.dsv
[63.313s] -- Installing: /home/yusuf/ros2_ws/install/point_cloud_processing/share/point_cloud_processing/local_setup.bash
[63.313s] -- Installing: /home/yusuf/ros2_ws/install/point_cloud_processing/share/point_cloud_processing/local_setup.sh
[63.314s] -- Installing: /home/yusuf/ros2_ws/install/point_cloud_processing/share/point_cloud_processing/local_setup.zsh
[63.314s] -- Installing: /home/yusuf/ros2_ws/install/point_cloud_processing/share/point_cloud_processing/local_setup.dsv
[63.314s] -- Installing: /home/yusuf/ros2_ws/install/point_cloud_processing/share/point_cloud_processing/package.dsv
[63.315s] -- Installing: /home/yusuf/ros2_ws/install/point_cloud_processing/share/ament_index/resource_index/packages/point_cloud_processing
[63.315s] -- Installing: /home/yusuf/ros2_ws/install/point_cloud_processing/share/point_cloud_processing/cmake/point_cloud_processingConfig.cmake
[63.315s] -- Installing: /home/yusuf/ros2_ws/install/point_cloud_processing/share/point_cloud_processing/cmake/point_cloud_processingConfig-version.cmake
[63.315s] -- Installing: /home/yusuf/ros2_ws/install/point_cloud_processing/share/point_cloud_processing/package.xml
[63.319s] Invoked command in '/home/yusuf/ros2_ws/build/point_cloud_processing' returned '0': CMAKE_PREFIX_PATH=/opt/ros/humble /usr/bin/cmake --install /home/yusuf/ros2_ws/build/point_cloud_processing
