[1.033s] Invoking command in '/home/yusuf/ros2_ws/build/navigation_': CMAKE_PREFIX_PATH=${CMAKE_PREFIX_PATH}:/home/yusuf/ros2_ws/install/robot_python:/opt/ros/humble /usr/bin/cmake --build /home/yusuf/ros2_ws/build/navigation_ -- -j8 -l8
[2.460s] -- Found ament_cmake: 1.3.6 (/opt/ros/humble/share/ament_cmake/cmake)
[2.460s] -- Found rclcpp: 16.0.7 (/opt/ros/humble/share/rclcpp/cmake)
[2.461s] -- Found rosidl_generator_c: 3.1.5 (/opt/ros/humble/share/rosidl_generator_c/cmake)
[2.462s] -- Found rosidl_adapter: 3.1.5 (/opt/ros/humble/share/rosidl_adapter/cmake)
[2.463s] -- Found rosidl_generator_cpp: 3.1.5 (/opt/ros/humble/share/rosidl_generator_cpp/cmake)
[2.466s] -- Using all available rosidl_typesupport_c: rosidl_typesupport_fastrtps_c;rosidl_typesupport_introspection_c
[2.466s] -- Using all available rosidl_typesupport_cpp: rosidl_typesupport_fastrtps_cpp;rosidl_typesupport_introspection_cpp
[2.585s] -- Found rmw_implementation_cmake: 6.1.1 (/opt/ros/humble/share/rmw_implementation_cmake/cmake)
[2.633s] -- Found rmw_fastrtps_cpp: 6.2.5 (/opt/ros/humble/share/rmw_fastrtps_cpp/cmake)
[3.302s] -- Found OpenSSL: /usr/lib/x86_64-linux-gnu/libcrypto.so (found version "3.0.2")  
[3.346s] -- Found FastRTPS: /opt/ros/humble/include  
[3.544s] -- Using RMW implementation 'rmw_fastrtps_cpp' as default
[3.608s] -- Looking for pthread.h
[3.940s] -- Looking for pthread.h - found
[3.942s] -- Performing Test CMAKE_HAVE_LIBC_PTHREAD
[4.254s] -- Performing Test CMAKE_HAVE_LIBC_PTHREAD - Success
[4.259s] -- Found Threads: TRUE  
[5.095s] -- Found rclpy: 3.3.11 (/opt/ros/humble/share/rclpy/cmake)
[5.104s] -- Found nav2_msgs: 1.1.12 (/opt/ros/humble/share/nav2_msgs/cmake)
[7.468s] [31mCMake Error at /opt/ros/humble/share/ament_cmake_python/cmake/ament_python_install_package.cmake:66 (message):
[7.469s]   ament_python_install_package() the Python package folder
[7.470s]   '/home/yusuf/ros2_ws/src/navigation_/navigation_' doesn't contain an
[7.471s]   '__init__.py' file
[7.471s] Call Stack (most recent call first):
[7.472s]   /opt/ros/humble/share/ament_cmake_python/cmake/ament_python_install_package.cmake:39 (_ament_cmake_python_install_package)
[7.472s]   CMakeLists.txt:30 (ament_python_install_package)
[7.473s] 
[7.473s] [0m
[7.474s] -- Configuring incomplete, errors occurred!
[7.476s] See also "/home/yusuf/ros2_ws/build/navigation_/CMakeFiles/CMakeOutput.log".
[7.494s] gmake: *** [Makefile:226: cmake_check_build_system] Error 1
[7.519s] Invoked command in '/home/yusuf/ros2_ws/build/navigation_' returned '2': CMAKE_PREFIX_PATH=${CMAKE_PREFIX_PATH}:/home/yusuf/ros2_ws/install/robot_python:/opt/ros/humble /usr/bin/cmake --build /home/yusuf/ros2_ws/build/navigation_ -- -j8 -l8
