[0.085s] Invoking command in '/home/yusuf/ros2_ws/build/turtlebot3_description': CMAKE_PREFIX_PATH=${CMAKE_PREFIX_PATH}:/home/yusuf/ros2_ws/install/urdf_tutorial_r2d2:/home/yusuf/ros2_ws/install/turtlebot3_teleop:/home/yusuf/ros2_ws/install/turtlebot3_fake_node:/home/yusuf/ros2_ws/install/turtlebot3_example:/home/yusuf/ros2_ws/install/robot_python:/home/yusuf/mir_robot/install/ros2_aruco:/home/yusuf/mir_robot/install/point_cloud_functions:/home/yusuf/mir_robot/install/mir_restapi:/home/yusuf/mir_robot/install/mir_driver:/opt/ros/humble /usr/bin/cmake /home/yusuf/ros2_ws/src/turtlebot3/turtlebot3_description -DCMAKE_INSTALL_PREFIX=/home/yusuf/ros2_ws/install/turtlebot3_description
[0.866s] -- The C compiler identification is GNU 11.4.0
[0.867s] -- The CXX compiler identification is GNU 11.4.0
[0.867s] -- Detecting C compiler ABI info
[0.867s] -- Detecting C compiler ABI info - done
[0.867s] -- Check for working C compiler: /usr/bin/cc - skipped
[0.867s] -- Detecting C compile features
[0.868s] -- Detecting C compile features - done
[0.868s] -- Detecting CXX compiler ABI info
[0.868s] -- Detecting CXX compiler ABI info - done
[0.868s] -- Check for working CXX compiler: /usr/bin/c++ - skipped
[0.868s] -- Detecting CXX compile features
[0.868s] -- Detecting CXX compile features - done
[0.868s] -- Found ament_cmake: 1.3.9 (/opt/ros/humble/share/ament_cmake/cmake)
[1.282s] -- Found Python3: /usr/bin/python3 (found version "3.10.12") found components: Interpreter 
[1.657s] -- Found urdf: 2.6.0 (/opt/ros/humble/share/urdf/cmake)
[2.128s] -- Configuring done
[2.149s] -- Generating done
[2.150s] -- Build files have been written to: /home/yusuf/ros2_ws/build/turtlebot3_description
[2.170s] Invoked command in '/home/yusuf/ros2_ws/build/turtlebot3_description' returned '0': CMAKE_PREFIX_PATH=${CMAKE_PREFIX_PATH}:/home/yusuf/ros2_ws/install/urdf_tutorial_r2d2:/home/yusuf/ros2_ws/install/turtlebot3_teleop:/home/yusuf/ros2_ws/install/turtlebot3_fake_node:/home/yusuf/ros2_ws/install/turtlebot3_example:/home/yusuf/ros2_ws/install/robot_python:/home/yusuf/mir_robot/install/ros2_aruco:/home/yusuf/mir_robot/install/point_cloud_functions:/home/yusuf/mir_robot/install/mir_restapi:/home/yusuf/mir_robot/install/mir_driver:/opt/ros/humble /usr/bin/cmake /home/yusuf/ros2_ws/src/turtlebot3/turtlebot3_description -DCMAKE_INSTALL_PREFIX=/home/yusuf/ros2_ws/install/turtlebot3_description
[2.171s] Invoking command in '/home/yusuf/ros2_ws/build/turtlebot3_description': CMAKE_PREFIX_PATH=${CMAKE_PREFIX_PATH}:/home/yusuf/ros2_ws/install/urdf_tutorial_r2d2:/home/yusuf/ros2_ws/install/turtlebot3_teleop:/home/yusuf/ros2_ws/install/turtlebot3_fake_node:/home/yusuf/ros2_ws/install/turtlebot3_example:/home/yusuf/ros2_ws/install/robot_python:/home/yusuf/mir_robot/install/ros2_aruco:/home/yusuf/mir_robot/install/point_cloud_functions:/home/yusuf/mir_robot/install/mir_restapi:/home/yusuf/mir_robot/install/mir_driver:/opt/ros/humble /usr/bin/cmake --build /home/yusuf/ros2_ws/build/turtlebot3_description -- -j8 -l8
[2.304s] Invoked command in '/home/yusuf/ros2_ws/build/turtlebot3_description' returned '0': CMAKE_PREFIX_PATH=${CMAKE_PREFIX_PATH}:/home/yusuf/ros2_ws/install/urdf_tutorial_r2d2:/home/yusuf/ros2_ws/install/turtlebot3_teleop:/home/yusuf/ros2_ws/install/turtlebot3_fake_node:/home/yusuf/ros2_ws/install/turtlebot3_example:/home/yusuf/ros2_ws/install/robot_python:/home/yusuf/mir_robot/install/ros2_aruco:/home/yusuf/mir_robot/install/point_cloud_functions:/home/yusuf/mir_robot/install/mir_restapi:/home/yusuf/mir_robot/install/mir_driver:/opt/ros/humble /usr/bin/cmake --build /home/yusuf/ros2_ws/build/turtlebot3_description -- -j8 -l8
[2.387s] Invoking command in '/home/yusuf/ros2_ws/build/turtlebot3_description': CMAKE_PREFIX_PATH=${CMAKE_PREFIX_PATH}:/home/yusuf/ros2_ws/install/urdf_tutorial_r2d2:/home/yusuf/ros2_ws/install/turtlebot3_teleop:/home/yusuf/ros2_ws/install/turtlebot3_fake_node:/home/yusuf/ros2_ws/install/turtlebot3_example:/home/yusuf/ros2_ws/install/robot_python:/home/yusuf/mir_robot/install/ros2_aruco:/home/yusuf/mir_robot/install/point_cloud_functions:/home/yusuf/mir_robot/install/mir_restapi:/home/yusuf/mir_robot/install/mir_driver:/opt/ros/humble /usr/bin/cmake --install /home/yusuf/ros2_ws/build/turtlebot3_description
[2.403s] -- Install configuration: ""
[2.403s] -- Installing: /home/yusuf/ros2_ws/install/turtlebot3_description/share/turtlebot3_description/meshes
[2.405s] -- Installing: /home/yusuf/ros2_ws/install/turtlebot3_description/share/turtlebot3_description/meshes/bases
[2.405s] -- Installing: /home/yusuf/ros2_ws/install/turtlebot3_description/share/turtlebot3_description/meshes/bases/burger_base.stl
[2.436s] -- Installing: /home/yusuf/ros2_ws/install/turtlebot3_description/share/turtlebot3_description/meshes/bases/waffle_base.stl
[2.491s] -- Installing: /home/yusuf/ros2_ws/install/turtlebot3_description/share/turtlebot3_description/meshes/bases/waffle_pi_base.stl
[2.519s] -- Installing: /home/yusuf/ros2_ws/install/turtlebot3_description/share/turtlebot3_description/meshes/wheels
[2.520s] -- Installing: /home/yusuf/ros2_ws/install/turtlebot3_description/share/turtlebot3_description/meshes/wheels/right_tire.stl
[2.525s] -- Installing: /home/yusuf/ros2_ws/install/turtlebot3_description/share/turtlebot3_description/meshes/wheels/left_tire.stl
[2.530s] -- Installing: /home/yusuf/ros2_ws/install/turtlebot3_description/share/turtlebot3_description/meshes/sensors
[2.531s] -- Installing: /home/yusuf/ros2_ws/install/turtlebot3_description/share/turtlebot3_description/meshes/sensors/r200.dae
[2.533s] -- Installing: /home/yusuf/ros2_ws/install/turtlebot3_description/share/turtlebot3_description/meshes/sensors/astra.jpg
[2.536s] -- Installing: /home/yusuf/ros2_ws/install/turtlebot3_description/share/turtlebot3_description/meshes/sensors/r200.jpg
[2.537s] -- Installing: /home/yusuf/ros2_ws/install/turtlebot3_description/share/turtlebot3_description/meshes/sensors/astra.dae
[2.565s] -- Installing: /home/yusuf/ros2_ws/install/turtlebot3_description/share/turtlebot3_description/meshes/sensors/lds.stl
[2.570s] -- Installing: /home/yusuf/ros2_ws/install/turtlebot3_description/share/turtlebot3_description/rviz
[2.570s] -- Installing: /home/yusuf/ros2_ws/install/turtlebot3_description/share/turtlebot3_description/rviz/model.rviz
[2.572s] -- Installing: /home/yusuf/ros2_ws/install/turtlebot3_description/share/turtlebot3_description/urdf
[2.572s] -- Installing: /home/yusuf/ros2_ws/install/turtlebot3_description/share/turtlebot3_description/urdf/turtlebot3_burger.urdf
[2.572s] -- Installing: /home/yusuf/ros2_ws/install/turtlebot3_description/share/turtlebot3_description/urdf/turtlebot3_waffle.urdf
[2.573s] -- Installing: /home/yusuf/ros2_ws/install/turtlebot3_description/share/turtlebot3_description/urdf/turtlebot3_waffle_pi.urdf
[2.573s] -- Installing: /home/yusuf/ros2_ws/install/turtlebot3_description/share/turtlebot3_description/urdf/common_properties.urdf
[2.573s] -- Installing: /home/yusuf/ros2_ws/install/turtlebot3_description/share/ament_index/resource_index/package_run_dependencies/turtlebot3_description
[2.574s] -- Installing: /home/yusuf/ros2_ws/install/turtlebot3_description/share/ament_index/resource_index/parent_prefix_path/turtlebot3_description
[2.574s] -- Installing: /home/yusuf/ros2_ws/install/turtlebot3_description/share/turtlebot3_description/environment/ament_prefix_path.sh
[2.574s] -- Installing: /home/yusuf/ros2_ws/install/turtlebot3_description/share/turtlebot3_description/environment/ament_prefix_path.dsv
[2.575s] -- Installing: /home/yusuf/ros2_ws/install/turtlebot3_description/share/turtlebot3_description/environment/path.sh
[2.575s] -- Installing: /home/yusuf/ros2_ws/install/turtlebot3_description/share/turtlebot3_description/environment/path.dsv
[2.575s] -- Installing: /home/yusuf/ros2_ws/install/turtlebot3_description/share/turtlebot3_description/local_setup.bash
[2.575s] -- Installing: /home/yusuf/ros2_ws/install/turtlebot3_description/share/turtlebot3_description/local_setup.sh
[2.576s] -- Installing: /home/yusuf/ros2_ws/install/turtlebot3_description/share/turtlebot3_description/local_setup.zsh
[2.576s] -- Installing: /home/yusuf/ros2_ws/install/turtlebot3_description/share/turtlebot3_description/local_setup.dsv
[2.576s] -- Installing: /home/yusuf/ros2_ws/install/turtlebot3_description/share/turtlebot3_description/package.dsv
[2.576s] -- Installing: /home/yusuf/ros2_ws/install/turtlebot3_description/share/ament_index/resource_index/packages/turtlebot3_description
[2.577s] -- Installing: /home/yusuf/ros2_ws/install/turtlebot3_description/share/turtlebot3_description/cmake/turtlebot3_descriptionConfig.cmake
[2.577s] -- Installing: /home/yusuf/ros2_ws/install/turtlebot3_description/share/turtlebot3_description/cmake/turtlebot3_descriptionConfig-version.cmake
[2.577s] -- Installing: /home/yusuf/ros2_ws/install/turtlebot3_description/share/turtlebot3_description/package.xml
[2.581s] Invoked command in '/home/yusuf/ros2_ws/build/turtlebot3_description' returned '0': CMAKE_PREFIX_PATH=${CMAKE_PREFIX_PATH}:/home/yusuf/ros2_ws/install/urdf_tutorial_r2d2:/home/yusuf/ros2_ws/install/turtlebot3_teleop:/home/yusuf/ros2_ws/install/turtlebot3_fake_node:/home/yusuf/ros2_ws/install/turtlebot3_example:/home/yusuf/ros2_ws/install/robot_python:/home/yusuf/mir_robot/install/ros2_aruco:/home/yusuf/mir_robot/install/point_cloud_functions:/home/yusuf/mir_robot/install/mir_restapi:/home/yusuf/mir_robot/install/mir_driver:/opt/ros/humble /usr/bin/cmake --install /home/yusuf/ros2_ws/build/turtlebot3_description
