[0.590s] Invoking command in '/home/yusuf/ros2_ws/build/robot_cpp': CMAKE_PREFIX_PATH=${CMAKE_PREFIX_PATH}:/home/yusuf/ros2_ws/install/robot_python:/opt/ros/humble /usr/bin/cmake --build /home/yusuf/ros2_ws/build/robot_cpp -- -j8 -l8
[1.286s] Invoked command in '/home/yusuf/ros2_ws/build/robot_cpp' returned '0': CMAKE_PREFIX_PATH=${CMAKE_PREFIX_PATH}:/home/yusuf/ros2_ws/install/robot_python:/opt/ros/humble /usr/bin/cmake --build /home/yusuf/ros2_ws/build/robot_cpp -- -j8 -l8
[1.464s] Invoking command in '/home/yusuf/ros2_ws/build/robot_cpp': CMAKE_PREFIX_PATH=${CMAKE_PREFIX_PATH}:/home/yusuf/ros2_ws/install/robot_python:/opt/ros/humble /usr/bin/cmake --install /home/yusuf/ros2_ws/build/robot_cpp
[1.475s] -- Install configuration: ""
[1.476s] -- Up-to-date: /home/yusuf/ros2_ws/install/robot_cpp/share/ament_index/resource_index/package_run_dependencies/robot_cpp
[1.476s] -- Up-to-date: /home/yusuf/ros2_ws/install/robot_cpp/share/ament_index/resource_index/parent_prefix_path/robot_cpp
[1.476s] -- Up-to-date: /home/yusuf/ros2_ws/install/robot_cpp/share/robot_cpp/environment/ament_prefix_path.sh
[1.476s] -- Up-to-date: /home/yusuf/ros2_ws/install/robot_cpp/share/robot_cpp/environment/ament_prefix_path.dsv
[1.477s] -- Up-to-date: /home/yusuf/ros2_ws/install/robot_cpp/share/robot_cpp/environment/path.sh
[1.477s] -- Up-to-date: /home/yusuf/ros2_ws/install/robot_cpp/share/robot_cpp/environment/path.dsv
[1.477s] -- Up-to-date: /home/yusuf/ros2_ws/install/robot_cpp/share/robot_cpp/local_setup.bash
[1.477s] -- Up-to-date: /home/yusuf/ros2_ws/install/robot_cpp/share/robot_cpp/local_setup.sh
[1.477s] -- Up-to-date: /home/yusuf/ros2_ws/install/robot_cpp/share/robot_cpp/local_setup.zsh
[1.478s] -- Up-to-date: /home/yusuf/ros2_ws/install/robot_cpp/share/robot_cpp/local_setup.dsv
[1.478s] -- Installing: /home/yusuf/ros2_ws/install/robot_cpp/share/robot_cpp/package.dsv
[1.478s] -- Up-to-date: /home/yusuf/ros2_ws/install/robot_cpp/share/ament_index/resource_index/packages/robot_cpp
[1.478s] -- Up-to-date: /home/yusuf/ros2_ws/install/robot_cpp/share/robot_cpp/cmake/robot_cppConfig.cmake
[1.478s] -- Up-to-date: /home/yusuf/ros2_ws/install/robot_cpp/share/robot_cpp/cmake/robot_cppConfig-version.cmake
[1.478s] -- Up-to-date: /home/yusuf/ros2_ws/install/robot_cpp/share/robot_cpp/package.xml
[1.480s] Invoked command in '/home/yusuf/ros2_ws/build/robot_cpp' returned '0': CMAKE_PREFIX_PATH=${CMAKE_PREFIX_PATH}:/home/yusuf/ros2_ws/install/robot_python:/opt/ros/humble /usr/bin/cmake --install /home/yusuf/ros2_ws/build/robot_cpp
