[0.902s] DEBUG:colcon:Command line arguments: ['/usr/bin/colcon', 'build', '--packages-select', 'robot_control']
[0.902s] DEBUG:colcon:Parsed command line arguments: Namespace(log_base=None, log_level=None, verb_name='build', build_base='build', install_base='install', merge_install=False, symlink_install=False, test_result_base=None, continue_on_error=False, executor='parallel', parallel_workers=8, event_handlers=None, ignore_user_meta=False, metas=['./colcon.meta'], base_paths=['.'], packages_ignore=None, packages_ignore_regex=None, paths=None, packages_up_to=None, packages_up_to_regex=None, packages_above=None, packages_above_and_dependencies=None, packages_above_depth=None, packages_select_by_dep=None, packages_skip_by_dep=None, packages_skip_up_to=None, packages_select_build_failed=False, packages_skip_build_finished=False, packages_select_test_failures=False, packages_skip_test_passed=False, packages_select=['robot_control'], packages_skip=None, packages_select_regex=None, packages_skip_regex=None, packages_start=None, packages_end=None, allow_overriding=[], cmake_args=None, cmake_target=None, cmake_target_skip_unavailable=False, cmake_clean_cache=False, cmake_clean_first=False, cmake_force_configure=False, ament_cmake_args=None, catkin_cmake_args=None, catkin_skip_building_tests=False, verb_parser=<colcon_defaults.argument_parser.defaults.DefaultArgumentsDecorator object at 0x7f1aed1fbb50>, verb_extension=<colcon_core.verb.build.BuildVerb object at 0x7f1aed4bb3d0>, main=<bound method BuildVerb.main of <colcon_core.verb.build.BuildVerb object at 0x7f1aed4bb3d0>>)
[0.945s] Level 1:colcon.colcon_core.package_discovery:discover_packages(colcon_meta) check parameters
[0.945s] Level 1:colcon.colcon_core.package_discovery:discover_packages(recursive) check parameters
[0.945s] Level 1:colcon.colcon_core.package_discovery:discover_packages(ignore) check parameters
[0.945s] Level 1:colcon.colcon_core.package_discovery:discover_packages(path) check parameters
[0.945s] Level 1:colcon.colcon_core.package_discovery:discover_packages(colcon_meta) discover
[0.945s] Level 1:colcon.colcon_core.package_discovery:discover_packages(recursive) discover
[0.945s] INFO:colcon.colcon_core.package_discovery:Crawling recursively for packages in '/home/yusuf/ros2_ws/src'
[0.945s] Level 1:colcon.colcon_core.package_identification:_identify(.) by extensions ['ignore', 'ignore_ament_install']
[0.945s] Level 1:colcon.colcon_core.package_identification:_identify(.) by extension 'ignore'
[0.945s] Level 1:colcon.colcon_core.package_identification:_identify(.) by extension 'ignore_ament_install'
[0.945s] Level 1:colcon.colcon_core.package_identification:_identify(.) by extensions ['colcon_pkg']
[0.945s] Level 1:colcon.colcon_core.package_identification:_identify(.) by extension 'colcon_pkg'
[0.945s] Level 1:colcon.colcon_core.package_identification:_identify(.) by extensions ['colcon_meta']
[0.945s] Level 1:colcon.colcon_core.package_identification:_identify(.) by extension 'colcon_meta'
[0.945s] Level 1:colcon.colcon_core.package_identification:_identify(.) by extensions ['ros']
[0.945s] Level 1:colcon.colcon_core.package_identification:_identify(.) by extension 'ros'
[0.955s] Level 1:colcon.colcon_core.package_identification:_identify(.) by extensions ['cmake', 'python']
[0.956s] Level 1:colcon.colcon_core.package_identification:_identify(.) by extension 'cmake'
[0.956s] Level 1:colcon.colcon_core.package_identification:_identify(.) by extension 'python'
[0.956s] Level 1:colcon.colcon_core.package_identification:_identify(.) by extensions ['python_setup_py']
[0.956s] Level 1:colcon.colcon_core.package_identification:_identify(.) by extension 'python_setup_py'
[0.956s] Level 1:colcon.colcon_core.package_identification:_identify(build) by extensions ['ignore', 'ignore_ament_install']
[0.956s] Level 1:colcon.colcon_core.package_identification:_identify(build) by extension 'ignore'
[0.956s] Level 1:colcon.colcon_core.package_identification:_identify(build) ignored
[0.956s] Level 1:colcon.colcon_core.package_identification:_identify(install) by extensions ['ignore', 'ignore_ament_install']
[0.956s] Level 1:colcon.colcon_core.package_identification:_identify(install) by extension 'ignore'
[0.956s] Level 1:colcon.colcon_core.package_identification:_identify(install) ignored
[0.956s] Level 1:colcon.colcon_core.package_identification:_identify(log) by extensions ['ignore', 'ignore_ament_install']
[0.956s] Level 1:colcon.colcon_core.package_identification:_identify(log) by extension 'ignore'
[0.956s] Level 1:colcon.colcon_core.package_identification:_identify(log) ignored
[0.957s] Level 1:colcon.colcon_core.package_identification:_identify(mobile_robotics_ROS2) by extensions ['ignore', 'ignore_ament_install']
[0.957s] Level 1:colcon.colcon_core.package_identification:_identify(mobile_robotics_ROS2) by extension 'ignore'
[0.957s] Level 1:colcon.colcon_core.package_identification:_identify(mobile_robotics_ROS2) by extension 'ignore_ament_install'
[0.957s] Level 1:colcon.colcon_core.package_identification:_identify(mobile_robotics_ROS2) by extensions ['colcon_pkg']
[0.957s] Level 1:colcon.colcon_core.package_identification:_identify(mobile_robotics_ROS2) by extension 'colcon_pkg'
[0.957s] Level 1:colcon.colcon_core.package_identification:_identify(mobile_robotics_ROS2) by extensions ['colcon_meta']
[0.957s] Level 1:colcon.colcon_core.package_identification:_identify(mobile_robotics_ROS2) by extension 'colcon_meta'
[0.957s] Level 1:colcon.colcon_core.package_identification:_identify(mobile_robotics_ROS2) by extensions ['ros']
[0.957s] Level 1:colcon.colcon_core.package_identification:_identify(mobile_robotics_ROS2) by extension 'ros'
[0.957s] Level 1:colcon.colcon_core.package_identification:_identify(mobile_robotics_ROS2) by extensions ['cmake', 'python']
[0.957s] Level 1:colcon.colcon_core.package_identification:_identify(mobile_robotics_ROS2) by extension 'cmake'
[0.957s] Level 1:colcon.colcon_core.package_identification:_identify(mobile_robotics_ROS2) by extension 'python'
[0.957s] Level 1:colcon.colcon_core.package_identification:_identify(mobile_robotics_ROS2) by extensions ['python_setup_py']
[0.957s] Level 1:colcon.colcon_core.package_identification:_identify(mobile_robotics_ROS2) by extension 'python_setup_py'
[0.957s] Level 1:colcon.colcon_core.package_identification:_identify(mobile_robotics_ROS2/drive_tb3) by extensions ['ignore', 'ignore_ament_install']
[0.957s] Level 1:colcon.colcon_core.package_identification:_identify(mobile_robotics_ROS2/drive_tb3) by extension 'ignore'
[0.957s] Level 1:colcon.colcon_core.package_identification:_identify(mobile_robotics_ROS2/drive_tb3) by extension 'ignore_ament_install'
[0.957s] Level 1:colcon.colcon_core.package_identification:_identify(mobile_robotics_ROS2/drive_tb3) by extensions ['colcon_pkg']
[0.957s] Level 1:colcon.colcon_core.package_identification:_identify(mobile_robotics_ROS2/drive_tb3) by extension 'colcon_pkg'
[0.957s] Level 1:colcon.colcon_core.package_identification:_identify(mobile_robotics_ROS2/drive_tb3) by extensions ['colcon_meta']
[0.957s] Level 1:colcon.colcon_core.package_identification:_identify(mobile_robotics_ROS2/drive_tb3) by extension 'colcon_meta'
[0.957s] Level 1:colcon.colcon_core.package_identification:_identify(mobile_robotics_ROS2/drive_tb3) by extensions ['ros']
[0.957s] Level 1:colcon.colcon_core.package_identification:_identify(mobile_robotics_ROS2/drive_tb3) by extension 'ros'
[0.960s] DEBUG:colcon.colcon_core.package_identification:Package 'mobile_robotics_ROS2/drive_tb3' with type 'ros.ament_cmake' and name 'drive_tb3'
[0.960s] Level 1:colcon.colcon_core.package_identification:_identify(mobile_robotics_ROS2/drive_turtle) by extensions ['ignore', 'ignore_ament_install']
[0.960s] Level 1:colcon.colcon_core.package_identification:_identify(mobile_robotics_ROS2/drive_turtle) by extension 'ignore'
[0.960s] Level 1:colcon.colcon_core.package_identification:_identify(mobile_robotics_ROS2/drive_turtle) by extension 'ignore_ament_install'
[0.960s] Level 1:colcon.colcon_core.package_identification:_identify(mobile_robotics_ROS2/drive_turtle) by extensions ['colcon_pkg']
[0.960s] Level 1:colcon.colcon_core.package_identification:_identify(mobile_robotics_ROS2/drive_turtle) by extension 'colcon_pkg'
[0.960s] Level 1:colcon.colcon_core.package_identification:_identify(mobile_robotics_ROS2/drive_turtle) by extensions ['colcon_meta']
[0.960s] Level 1:colcon.colcon_core.package_identification:_identify(mobile_robotics_ROS2/drive_turtle) by extension 'colcon_meta'
[0.960s] Level 1:colcon.colcon_core.package_identification:_identify(mobile_robotics_ROS2/drive_turtle) by extensions ['ros']
[0.960s] Level 1:colcon.colcon_core.package_identification:_identify(mobile_robotics_ROS2/drive_turtle) by extension 'ros'
[0.961s] DEBUG:colcon.colcon_core.package_identification:Package 'mobile_robotics_ROS2/drive_turtle' with type 'ros.ament_cmake' and name 'drive_turtle'
[0.961s] Level 1:colcon.colcon_core.package_identification:_identify(mobile_robotics_ROS2/microROS_bot) by extensions ['ignore', 'ignore_ament_install']
[0.961s] Level 1:colcon.colcon_core.package_identification:_identify(mobile_robotics_ROS2/microROS_bot) by extension 'ignore'
[0.961s] Level 1:colcon.colcon_core.package_identification:_identify(mobile_robotics_ROS2/microROS_bot) by extension 'ignore_ament_install'
[0.961s] Level 1:colcon.colcon_core.package_identification:_identify(mobile_robotics_ROS2/microROS_bot) by extensions ['colcon_pkg']
[0.961s] Level 1:colcon.colcon_core.package_identification:_identify(mobile_robotics_ROS2/microROS_bot) by extension 'colcon_pkg'
[0.961s] Level 1:colcon.colcon_core.package_identification:_identify(mobile_robotics_ROS2/microROS_bot) by extensions ['colcon_meta']
[0.961s] Level 1:colcon.colcon_core.package_identification:_identify(mobile_robotics_ROS2/microROS_bot) by extension 'colcon_meta'
[0.961s] Level 1:colcon.colcon_core.package_identification:_identify(mobile_robotics_ROS2/microROS_bot) by extensions ['ros']
[0.961s] Level 1:colcon.colcon_core.package_identification:_identify(mobile_robotics_ROS2/microROS_bot) by extension 'ros'
[0.961s] Level 1:colcon.colcon_core.package_identification:_identify(mobile_robotics_ROS2/microROS_bot) by extensions ['cmake', 'python']
[0.961s] Level 1:colcon.colcon_core.package_identification:_identify(mobile_robotics_ROS2/microROS_bot) by extension 'cmake'
[0.961s] Level 1:colcon.colcon_core.package_identification:_identify(mobile_robotics_ROS2/microROS_bot) by extension 'python'
[0.961s] Level 1:colcon.colcon_core.package_identification:_identify(mobile_robotics_ROS2/microROS_bot) by extensions ['python_setup_py']
[0.961s] Level 1:colcon.colcon_core.package_identification:_identify(mobile_robotics_ROS2/microROS_bot) by extension 'python_setup_py'
[0.961s] Level 1:colcon.colcon_core.package_identification:_identify(mobile_robotics_ROS2/microROS_bot/include) by extensions ['ignore', 'ignore_ament_install']
[0.961s] Level 1:colcon.colcon_core.package_identification:_identify(mobile_robotics_ROS2/microROS_bot/include) by extension 'ignore'
[0.961s] Level 1:colcon.colcon_core.package_identification:_identify(mobile_robotics_ROS2/microROS_bot/include) by extension 'ignore_ament_install'
[0.961s] Level 1:colcon.colcon_core.package_identification:_identify(mobile_robotics_ROS2/microROS_bot/include) by extensions ['colcon_pkg']
[0.961s] Level 1:colcon.colcon_core.package_identification:_identify(mobile_robotics_ROS2/microROS_bot/include) by extension 'colcon_pkg'
[0.962s] Level 1:colcon.colcon_core.package_identification:_identify(mobile_robotics_ROS2/microROS_bot/include) by extensions ['colcon_meta']
[0.962s] Level 1:colcon.colcon_core.package_identification:_identify(mobile_robotics_ROS2/microROS_bot/include) by extension 'colcon_meta'
[0.962s] Level 1:colcon.colcon_core.package_identification:_identify(mobile_robotics_ROS2/microROS_bot/include) by extensions ['ros']
[0.962s] Level 1:colcon.colcon_core.package_identification:_identify(mobile_robotics_ROS2/microROS_bot/include) by extension 'ros'
[0.962s] Level 1:colcon.colcon_core.package_identification:_identify(mobile_robotics_ROS2/microROS_bot/include) by extensions ['cmake', 'python']
[0.962s] Level 1:colcon.colcon_core.package_identification:_identify(mobile_robotics_ROS2/microROS_bot/include) by extension 'cmake'
[0.962s] Level 1:colcon.colcon_core.package_identification:_identify(mobile_robotics_ROS2/microROS_bot/include) by extension 'python'
[0.962s] Level 1:colcon.colcon_core.package_identification:_identify(mobile_robotics_ROS2/microROS_bot/include) by extensions ['python_setup_py']
[0.962s] Level 1:colcon.colcon_core.package_identification:_identify(mobile_robotics_ROS2/microROS_bot/include) by extension 'python_setup_py'
[0.962s] Level 1:colcon.colcon_core.package_identification:_identify(mobile_robotics_ROS2/microROS_bot/lib) by extensions ['ignore', 'ignore_ament_install']
[0.962s] Level 1:colcon.colcon_core.package_identification:_identify(mobile_robotics_ROS2/microROS_bot/lib) by extension 'ignore'
[0.962s] Level 1:colcon.colcon_core.package_identification:_identify(mobile_robotics_ROS2/microROS_bot/lib) by extension 'ignore_ament_install'
[0.962s] Level 1:colcon.colcon_core.package_identification:_identify(mobile_robotics_ROS2/microROS_bot/lib) by extensions ['colcon_pkg']
[0.962s] Level 1:colcon.colcon_core.package_identification:_identify(mobile_robotics_ROS2/microROS_bot/lib) by extension 'colcon_pkg'
[0.962s] Level 1:colcon.colcon_core.package_identification:_identify(mobile_robotics_ROS2/microROS_bot/lib) by extensions ['colcon_meta']
[0.962s] Level 1:colcon.colcon_core.package_identification:_identify(mobile_robotics_ROS2/microROS_bot/lib) by extension 'colcon_meta'
[0.962s] Level 1:colcon.colcon_core.package_identification:_identify(mobile_robotics_ROS2/microROS_bot/lib) by extensions ['ros']
[0.962s] Level 1:colcon.colcon_core.package_identification:_identify(mobile_robotics_ROS2/microROS_bot/lib) by extension 'ros'
[0.962s] Level 1:colcon.colcon_core.package_identification:_identify(mobile_robotics_ROS2/microROS_bot/lib) by extensions ['cmake', 'python']
[0.962s] Level 1:colcon.colcon_core.package_identification:_identify(mobile_robotics_ROS2/microROS_bot/lib) by extension 'cmake'
[0.962s] Level 1:colcon.colcon_core.package_identification:_identify(mobile_robotics_ROS2/microROS_bot/lib) by extension 'python'
[0.962s] Level 1:colcon.colcon_core.package_identification:_identify(mobile_robotics_ROS2/microROS_bot/lib) by extensions ['python_setup_py']
[0.962s] Level 1:colcon.colcon_core.package_identification:_identify(mobile_robotics_ROS2/microROS_bot/lib) by extension 'python_setup_py'
[0.963s] Level 1:colcon.colcon_core.package_identification:_identify(mobile_robotics_ROS2/microROS_bot/lib/motor_control) by extensions ['ignore', 'ignore_ament_install']
[0.963s] Level 1:colcon.colcon_core.package_identification:_identify(mobile_robotics_ROS2/microROS_bot/lib/motor_control) by extension 'ignore'
[0.963s] Level 1:colcon.colcon_core.package_identification:_identify(mobile_robotics_ROS2/microROS_bot/lib/motor_control) by extension 'ignore_ament_install'
[0.963s] Level 1:colcon.colcon_core.package_identification:_identify(mobile_robotics_ROS2/microROS_bot/lib/motor_control) by extensions ['colcon_pkg']
[0.963s] Level 1:colcon.colcon_core.package_identification:_identify(mobile_robotics_ROS2/microROS_bot/lib/motor_control) by extension 'colcon_pkg'
[0.963s] Level 1:colcon.colcon_core.package_identification:_identify(mobile_robotics_ROS2/microROS_bot/lib/motor_control) by extensions ['colcon_meta']
[0.963s] Level 1:colcon.colcon_core.package_identification:_identify(mobile_robotics_ROS2/microROS_bot/lib/motor_control) by extension 'colcon_meta'
[0.963s] Level 1:colcon.colcon_core.package_identification:_identify(mobile_robotics_ROS2/microROS_bot/lib/motor_control) by extensions ['ros']
[0.963s] Level 1:colcon.colcon_core.package_identification:_identify(mobile_robotics_ROS2/microROS_bot/lib/motor_control) by extension 'ros'
[0.963s] Level 1:colcon.colcon_core.package_identification:_identify(mobile_robotics_ROS2/microROS_bot/lib/motor_control) by extensions ['cmake', 'python']
[0.963s] Level 1:colcon.colcon_core.package_identification:_identify(mobile_robotics_ROS2/microROS_bot/lib/motor_control) by extension 'cmake'
[0.963s] Level 1:colcon.colcon_core.package_identification:_identify(mobile_robotics_ROS2/microROS_bot/lib/motor_control) by extension 'python'
[0.963s] Level 1:colcon.colcon_core.package_identification:_identify(mobile_robotics_ROS2/microROS_bot/lib/motor_control) by extensions ['python_setup_py']
[0.963s] Level 1:colcon.colcon_core.package_identification:_identify(mobile_robotics_ROS2/microROS_bot/lib/motor_control) by extension 'python_setup_py'
[0.963s] Level 1:colcon.colcon_core.package_identification:_identify(mobile_robotics_ROS2/microROS_bot/lib/oled_display) by extensions ['ignore', 'ignore_ament_install']
[0.963s] Level 1:colcon.colcon_core.package_identification:_identify(mobile_robotics_ROS2/microROS_bot/lib/oled_display) by extension 'ignore'
[0.963s] Level 1:colcon.colcon_core.package_identification:_identify(mobile_robotics_ROS2/microROS_bot/lib/oled_display) by extension 'ignore_ament_install'
[0.963s] Level 1:colcon.colcon_core.package_identification:_identify(mobile_robotics_ROS2/microROS_bot/lib/oled_display) by extensions ['colcon_pkg']
[0.963s] Level 1:colcon.colcon_core.package_identification:_identify(mobile_robotics_ROS2/microROS_bot/lib/oled_display) by extension 'colcon_pkg'
[0.963s] Level 1:colcon.colcon_core.package_identification:_identify(mobile_robotics_ROS2/microROS_bot/lib/oled_display) by extensions ['colcon_meta']
[0.963s] Level 1:colcon.colcon_core.package_identification:_identify(mobile_robotics_ROS2/microROS_bot/lib/oled_display) by extension 'colcon_meta'
[0.964s] Level 1:colcon.colcon_core.package_identification:_identify(mobile_robotics_ROS2/microROS_bot/lib/oled_display) by extensions ['ros']
[0.964s] Level 1:colcon.colcon_core.package_identification:_identify(mobile_robotics_ROS2/microROS_bot/lib/oled_display) by extension 'ros'
[0.964s] Level 1:colcon.colcon_core.package_identification:_identify(mobile_robotics_ROS2/microROS_bot/lib/oled_display) by extensions ['cmake', 'python']
[0.964s] Level 1:colcon.colcon_core.package_identification:_identify(mobile_robotics_ROS2/microROS_bot/lib/oled_display) by extension 'cmake'
[0.964s] Level 1:colcon.colcon_core.package_identification:_identify(mobile_robotics_ROS2/microROS_bot/lib/oled_display) by extension 'python'
[0.964s] Level 1:colcon.colcon_core.package_identification:_identify(mobile_robotics_ROS2/microROS_bot/lib/oled_display) by extensions ['python_setup_py']
[0.964s] Level 1:colcon.colcon_core.package_identification:_identify(mobile_robotics_ROS2/microROS_bot/lib/oled_display) by extension 'python_setup_py'
[0.964s] Level 1:colcon.colcon_core.package_identification:_identify(mobile_robotics_ROS2/microROS_bot/lib/ros_communication) by extensions ['ignore', 'ignore_ament_install']
[0.964s] Level 1:colcon.colcon_core.package_identification:_identify(mobile_robotics_ROS2/microROS_bot/lib/ros_communication) by extension 'ignore'
[0.964s] Level 1:colcon.colcon_core.package_identification:_identify(mobile_robotics_ROS2/microROS_bot/lib/ros_communication) by extension 'ignore_ament_install'
[0.964s] Level 1:colcon.colcon_core.package_identification:_identify(mobile_robotics_ROS2/microROS_bot/lib/ros_communication) by extensions ['colcon_pkg']
[0.964s] Level 1:colcon.colcon_core.package_identification:_identify(mobile_robotics_ROS2/microROS_bot/lib/ros_communication) by extension 'colcon_pkg'
[0.964s] Level 1:colcon.colcon_core.package_identification:_identify(mobile_robotics_ROS2/microROS_bot/lib/ros_communication) by extensions ['colcon_meta']
[0.964s] Level 1:colcon.colcon_core.package_identification:_identify(mobile_robotics_ROS2/microROS_bot/lib/ros_communication) by extension 'colcon_meta'
[0.964s] Level 1:colcon.colcon_core.package_identification:_identify(mobile_robotics_ROS2/microROS_bot/lib/ros_communication) by extensions ['ros']
[0.964s] Level 1:colcon.colcon_core.package_identification:_identify(mobile_robotics_ROS2/microROS_bot/lib/ros_communication) by extension 'ros'
[0.964s] Level 1:colcon.colcon_core.package_identification:_identify(mobile_robotics_ROS2/microROS_bot/lib/ros_communication) by extensions ['cmake', 'python']
[0.964s] Level 1:colcon.colcon_core.package_identification:_identify(mobile_robotics_ROS2/microROS_bot/lib/ros_communication) by extension 'cmake'
[0.964s] Level 1:colcon.colcon_core.package_identification:_identify(mobile_robotics_ROS2/microROS_bot/lib/ros_communication) by extension 'python'
[0.964s] Level 1:colcon.colcon_core.package_identification:_identify(mobile_robotics_ROS2/microROS_bot/lib/ros_communication) by extensions ['python_setup_py']
[0.964s] Level 1:colcon.colcon_core.package_identification:_identify(mobile_robotics_ROS2/microROS_bot/lib/ros_communication) by extension 'python_setup_py'
[0.965s] Level 1:colcon.colcon_core.package_identification:_identify(mobile_robotics_ROS2/microROS_bot/src) by extensions ['ignore', 'ignore_ament_install']
[0.965s] Level 1:colcon.colcon_core.package_identification:_identify(mobile_robotics_ROS2/microROS_bot/src) by extension 'ignore'
[0.965s] Level 1:colcon.colcon_core.package_identification:_identify(mobile_robotics_ROS2/microROS_bot/src) by extension 'ignore_ament_install'
[0.965s] Level 1:colcon.colcon_core.package_identification:_identify(mobile_robotics_ROS2/microROS_bot/src) by extensions ['colcon_pkg']
[0.965s] Level 1:colcon.colcon_core.package_identification:_identify(mobile_robotics_ROS2/microROS_bot/src) by extension 'colcon_pkg'
[0.965s] Level 1:colcon.colcon_core.package_identification:_identify(mobile_robotics_ROS2/microROS_bot/src) by extensions ['colcon_meta']
[0.965s] Level 1:colcon.colcon_core.package_identification:_identify(mobile_robotics_ROS2/microROS_bot/src) by extension 'colcon_meta'
[0.965s] Level 1:colcon.colcon_core.package_identification:_identify(mobile_robotics_ROS2/microROS_bot/src) by extensions ['ros']
[0.965s] Level 1:colcon.colcon_core.package_identification:_identify(mobile_robotics_ROS2/microROS_bot/src) by extension 'ros'
[0.965s] Level 1:colcon.colcon_core.package_identification:_identify(mobile_robotics_ROS2/microROS_bot/src) by extensions ['cmake', 'python']
[0.965s] Level 1:colcon.colcon_core.package_identification:_identify(mobile_robotics_ROS2/microROS_bot/src) by extension 'cmake'
[0.965s] Level 1:colcon.colcon_core.package_identification:_identify(mobile_robotics_ROS2/microROS_bot/src) by extension 'python'
[0.965s] Level 1:colcon.colcon_core.package_identification:_identify(mobile_robotics_ROS2/microROS_bot/src) by extensions ['python_setup_py']
[0.965s] Level 1:colcon.colcon_core.package_identification:_identify(mobile_robotics_ROS2/microROS_bot/src) by extension 'python_setup_py'
[0.965s] Level 1:colcon.colcon_core.package_identification:_identify(mobile_robotics_ROS2/microROS_bot/test) by extensions ['ignore', 'ignore_ament_install']
[0.965s] Level 1:colcon.colcon_core.package_identification:_identify(mobile_robotics_ROS2/microROS_bot/test) by extension 'ignore'
[0.965s] Level 1:colcon.colcon_core.package_identification:_identify(mobile_robotics_ROS2/microROS_bot/test) by extension 'ignore_ament_install'
[0.965s] Level 1:colcon.colcon_core.package_identification:_identify(mobile_robotics_ROS2/microROS_bot/test) by extensions ['colcon_pkg']
[0.965s] Level 1:colcon.colcon_core.package_identification:_identify(mobile_robotics_ROS2/microROS_bot/test) by extension 'colcon_pkg'
[0.965s] Level 1:colcon.colcon_core.package_identification:_identify(mobile_robotics_ROS2/microROS_bot/test) by extensions ['colcon_meta']
[0.965s] Level 1:colcon.colcon_core.package_identification:_identify(mobile_robotics_ROS2/microROS_bot/test) by extension 'colcon_meta'
[0.965s] Level 1:colcon.colcon_core.package_identification:_identify(mobile_robotics_ROS2/microROS_bot/test) by extensions ['ros']
[0.965s] Level 1:colcon.colcon_core.package_identification:_identify(mobile_robotics_ROS2/microROS_bot/test) by extension 'ros'
[0.966s] Level 1:colcon.colcon_core.package_identification:_identify(mobile_robotics_ROS2/microROS_bot/test) by extensions ['cmake', 'python']
[0.966s] Level 1:colcon.colcon_core.package_identification:_identify(mobile_robotics_ROS2/microROS_bot/test) by extension 'cmake'
[0.966s] Level 1:colcon.colcon_core.package_identification:_identify(mobile_robotics_ROS2/microROS_bot/test) by extension 'python'
[0.966s] Level 1:colcon.colcon_core.package_identification:_identify(mobile_robotics_ROS2/microROS_bot/test) by extensions ['python_setup_py']
[0.966s] Level 1:colcon.colcon_core.package_identification:_identify(mobile_robotics_ROS2/microROS_bot/test) by extension 'python_setup_py'
[0.966s] Level 1:colcon.colcon_core.package_identification:_identify(mobile_robotics_ROS2/point_cloud_processing) by extensions ['ignore', 'ignore_ament_install']
[0.966s] Level 1:colcon.colcon_core.package_identification:_identify(mobile_robotics_ROS2/point_cloud_processing) by extension 'ignore'
[0.966s] Level 1:colcon.colcon_core.package_identification:_identify(mobile_robotics_ROS2/point_cloud_processing) by extension 'ignore_ament_install'
[0.966s] Level 1:colcon.colcon_core.package_identification:_identify(mobile_robotics_ROS2/point_cloud_processing) by extensions ['colcon_pkg']
[0.966s] Level 1:colcon.colcon_core.package_identification:_identify(mobile_robotics_ROS2/point_cloud_processing) by extension 'colcon_pkg'
[0.966s] Level 1:colcon.colcon_core.package_identification:_identify(mobile_robotics_ROS2/point_cloud_processing) by extensions ['colcon_meta']
[0.966s] Level 1:colcon.colcon_core.package_identification:_identify(mobile_robotics_ROS2/point_cloud_processing) by extension 'colcon_meta'
[0.966s] Level 1:colcon.colcon_core.package_identification:_identify(mobile_robotics_ROS2/point_cloud_processing) by extensions ['ros']
[0.966s] Level 1:colcon.colcon_core.package_identification:_identify(mobile_robotics_ROS2/point_cloud_processing) by extension 'ros'
[0.966s] DEBUG:colcon.colcon_core.package_identification:Package 'mobile_robotics_ROS2/point_cloud_processing' with type 'ros.ament_cmake' and name 'point_cloud_processing'
[0.967s] Level 1:colcon.colcon_core.package_identification:_identify(mobile_robotics_ROS2/turtlebot3_simulations) by extensions ['ignore', 'ignore_ament_install']
[0.967s] Level 1:colcon.colcon_core.package_identification:_identify(mobile_robotics_ROS2/turtlebot3_simulations) by extension 'ignore'
[0.967s] Level 1:colcon.colcon_core.package_identification:_identify(mobile_robotics_ROS2/turtlebot3_simulations) by extension 'ignore_ament_install'
[0.967s] Level 1:colcon.colcon_core.package_identification:_identify(mobile_robotics_ROS2/turtlebot3_simulations) by extensions ['colcon_pkg']
[0.967s] Level 1:colcon.colcon_core.package_identification:_identify(mobile_robotics_ROS2/turtlebot3_simulations) by extension 'colcon_pkg'
[0.967s] Level 1:colcon.colcon_core.package_identification:_identify(mobile_robotics_ROS2/turtlebot3_simulations) by extensions ['colcon_meta']
[0.967s] Level 1:colcon.colcon_core.package_identification:_identify(mobile_robotics_ROS2/turtlebot3_simulations) by extension 'colcon_meta'
[0.967s] Level 1:colcon.colcon_core.package_identification:_identify(mobile_robotics_ROS2/turtlebot3_simulations) by extensions ['ros']
[0.967s] Level 1:colcon.colcon_core.package_identification:_identify(mobile_robotics_ROS2/turtlebot3_simulations) by extension 'ros'
[0.967s] Level 1:colcon.colcon_core.package_identification:_identify(mobile_robotics_ROS2/turtlebot3_simulations) by extensions ['cmake', 'python']
[0.967s] Level 1:colcon.colcon_core.package_identification:_identify(mobile_robotics_ROS2/turtlebot3_simulations) by extension 'cmake'
[0.967s] Level 1:colcon.colcon_core.package_identification:_identify(mobile_robotics_ROS2/turtlebot3_simulations) by extension 'python'
[0.967s] Level 1:colcon.colcon_core.package_identification:_identify(mobile_robotics_ROS2/turtlebot3_simulations) by extensions ['python_setup_py']
[0.967s] Level 1:colcon.colcon_core.package_identification:_identify(mobile_robotics_ROS2/turtlebot3_simulations) by extension 'python_setup_py'
[0.967s] Level 1:colcon.colcon_core.package_identification:_identify(my_cpp_py_pkg) by extensions ['ignore', 'ignore_ament_install']
[0.967s] Level 1:colcon.colcon_core.package_identification:_identify(my_cpp_py_pkg) by extension 'ignore'
[0.967s] Level 1:colcon.colcon_core.package_identification:_identify(my_cpp_py_pkg) by extension 'ignore_ament_install'
[0.967s] Level 1:colcon.colcon_core.package_identification:_identify(my_cpp_py_pkg) by extensions ['colcon_pkg']
[0.967s] Level 1:colcon.colcon_core.package_identification:_identify(my_cpp_py_pkg) by extension 'colcon_pkg'
[0.967s] Level 1:colcon.colcon_core.package_identification:_identify(my_cpp_py_pkg) by extensions ['colcon_meta']
[0.967s] Level 1:colcon.colcon_core.package_identification:_identify(my_cpp_py_pkg) by extension 'colcon_meta'
[0.967s] Level 1:colcon.colcon_core.package_identification:_identify(my_cpp_py_pkg) by extensions ['ros']
[0.968s] Level 1:colcon.colcon_core.package_identification:_identify(my_cpp_py_pkg) by extension 'ros'
[0.968s] DEBUG:colcon.colcon_core.package_identification:Package 'my_cpp_py_pkg' with type 'ros.ament_cmake' and name 'my_cpp_py_pkg'
[0.968s] Level 1:colcon.colcon_core.package_identification:_identify(navigation_tb3) by extensions ['ignore', 'ignore_ament_install']
[0.968s] Level 1:colcon.colcon_core.package_identification:_identify(navigation_tb3) by extension 'ignore'
[0.968s] Level 1:colcon.colcon_core.package_identification:_identify(navigation_tb3) by extension 'ignore_ament_install'
[0.968s] Level 1:colcon.colcon_core.package_identification:_identify(navigation_tb3) by extensions ['colcon_pkg']
[0.968s] Level 1:colcon.colcon_core.package_identification:_identify(navigation_tb3) by extension 'colcon_pkg'
[0.968s] Level 1:colcon.colcon_core.package_identification:_identify(navigation_tb3) by extensions ['colcon_meta']
[0.968s] Level 1:colcon.colcon_core.package_identification:_identify(navigation_tb3) by extension 'colcon_meta'
[0.968s] Level 1:colcon.colcon_core.package_identification:_identify(navigation_tb3) by extensions ['ros']
[0.968s] Level 1:colcon.colcon_core.package_identification:_identify(navigation_tb3) by extension 'ros'
[0.969s] DEBUG:colcon.colcon_core.package_identification:Package 'navigation_tb3' with type 'ros.ament_cmake' and name 'navigation_tb3'
[0.969s] Level 1:colcon.colcon_core.package_identification:_identify(robot_control) by extensions ['ignore', 'ignore_ament_install']
[0.969s] Level 1:colcon.colcon_core.package_identification:_identify(robot_control) by extension 'ignore'
[0.969s] Level 1:colcon.colcon_core.package_identification:_identify(robot_control) by extension 'ignore_ament_install'
[0.969s] Level 1:colcon.colcon_core.package_identification:_identify(robot_control) by extensions ['colcon_pkg']
[0.969s] Level 1:colcon.colcon_core.package_identification:_identify(robot_control) by extension 'colcon_pkg'
[0.969s] Level 1:colcon.colcon_core.package_identification:_identify(robot_control) by extensions ['colcon_meta']
[0.969s] Level 1:colcon.colcon_core.package_identification:_identify(robot_control) by extension 'colcon_meta'
[0.969s] Level 1:colcon.colcon_core.package_identification:_identify(robot_control) by extensions ['ros']
[0.969s] Level 1:colcon.colcon_core.package_identification:_identify(robot_control) by extension 'ros'
[0.970s] DEBUG:colcon.colcon_core.package_identification:Package 'robot_control' with type 'ros.ament_cmake' and name 'robot_control'
[0.970s] Level 1:colcon.colcon_core.package_identification:_identify(robot_cpp) by extensions ['ignore', 'ignore_ament_install']
[0.970s] Level 1:colcon.colcon_core.package_identification:_identify(robot_cpp) by extension 'ignore'
[0.970s] Level 1:colcon.colcon_core.package_identification:_identify(robot_cpp) by extension 'ignore_ament_install'
[0.970s] Level 1:colcon.colcon_core.package_identification:_identify(robot_cpp) by extensions ['colcon_pkg']
[0.970s] Level 1:colcon.colcon_core.package_identification:_identify(robot_cpp) by extension 'colcon_pkg'
[0.970s] Level 1:colcon.colcon_core.package_identification:_identify(robot_cpp) by extensions ['colcon_meta']
[0.970s] Level 1:colcon.colcon_core.package_identification:_identify(robot_cpp) by extension 'colcon_meta'
[0.970s] Level 1:colcon.colcon_core.package_identification:_identify(robot_cpp) by extensions ['ros']
[0.970s] Level 1:colcon.colcon_core.package_identification:_identify(robot_cpp) by extension 'ros'
[0.971s] DEBUG:colcon.colcon_core.package_identification:Package 'robot_cpp' with type 'ros.ament_cmake' and name 'robot_cpp'
[0.971s] Level 1:colcon.colcon_core.package_identification:_identify(robot_python) by extensions ['ignore', 'ignore_ament_install']
[0.971s] Level 1:colcon.colcon_core.package_identification:_identify(robot_python) by extension 'ignore'
[0.971s] Level 1:colcon.colcon_core.package_identification:_identify(robot_python) by extension 'ignore_ament_install'
[0.971s] Level 1:colcon.colcon_core.package_identification:_identify(robot_python) by extensions ['colcon_pkg']
[0.971s] Level 1:colcon.colcon_core.package_identification:_identify(robot_python) by extension 'colcon_pkg'
[0.971s] Level 1:colcon.colcon_core.package_identification:_identify(robot_python) by extensions ['colcon_meta']
[0.971s] Level 1:colcon.colcon_core.package_identification:_identify(robot_python) by extension 'colcon_meta'
[0.971s] Level 1:colcon.colcon_core.package_identification:_identify(robot_python) by extensions ['ros']
[0.971s] Level 1:colcon.colcon_core.package_identification:_identify(robot_python) by extension 'ros'
[0.972s] DEBUG:colcon.colcon_core.package_identification:Package 'robot_python' with type 'ros.ament_python' and name 'robot_python'
[0.972s] Level 1:colcon.colcon_core.package_identification:_identify(robot_test) by extensions ['ignore', 'ignore_ament_install']
[0.972s] Level 1:colcon.colcon_core.package_identification:_identify(robot_test) by extension 'ignore'
[0.972s] Level 1:colcon.colcon_core.package_identification:_identify(robot_test) by extension 'ignore_ament_install'
[0.972s] Level 1:colcon.colcon_core.package_identification:_identify(robot_test) by extensions ['colcon_pkg']
[0.972s] Level 1:colcon.colcon_core.package_identification:_identify(robot_test) by extension 'colcon_pkg'
[0.972s] Level 1:colcon.colcon_core.package_identification:_identify(robot_test) by extensions ['colcon_meta']
[0.972s] Level 1:colcon.colcon_core.package_identification:_identify(robot_test) by extension 'colcon_meta'
[0.972s] Level 1:colcon.colcon_core.package_identification:_identify(robot_test) by extensions ['ros']
[0.972s] Level 1:colcon.colcon_core.package_identification:_identify(robot_test) by extension 'ros'
[0.972s] DEBUG:colcon.colcon_core.package_identification:Package 'robot_test' with type 'ros.ament_cmake' and name 'robot_test'
[0.972s] Level 1:colcon.colcon_core.package_identification:_identify(turtlebot3) by extensions ['ignore', 'ignore_ament_install']
[0.973s] Level 1:colcon.colcon_core.package_identification:_identify(turtlebot3) by extension 'ignore'
[0.973s] Level 1:colcon.colcon_core.package_identification:_identify(turtlebot3) by extension 'ignore_ament_install'
[0.973s] Level 1:colcon.colcon_core.package_identification:_identify(turtlebot3) by extensions ['colcon_pkg']
[0.973s] Level 1:colcon.colcon_core.package_identification:_identify(turtlebot3) by extension 'colcon_pkg'
[0.973s] Level 1:colcon.colcon_core.package_identification:_identify(turtlebot3) by extensions ['colcon_meta']
[0.973s] Level 1:colcon.colcon_core.package_identification:_identify(turtlebot3) by extension 'colcon_meta'
[0.973s] Level 1:colcon.colcon_core.package_identification:_identify(turtlebot3) by extensions ['ros']
[0.973s] Level 1:colcon.colcon_core.package_identification:_identify(turtlebot3) by extension 'ros'
[0.973s] Level 1:colcon.colcon_core.package_identification:_identify(turtlebot3) by extensions ['cmake', 'python']
[0.973s] Level 1:colcon.colcon_core.package_identification:_identify(turtlebot3) by extension 'cmake'
[0.973s] Level 1:colcon.colcon_core.package_identification:_identify(turtlebot3) by extension 'python'
[0.973s] Level 1:colcon.colcon_core.package_identification:_identify(turtlebot3) by extensions ['python_setup_py']
[0.973s] Level 1:colcon.colcon_core.package_identification:_identify(turtlebot3) by extension 'python_setup_py'
[0.973s] Level 1:colcon.colcon_core.package_identification:_identify(turtlebot3/turtlebot3) by extensions ['ignore', 'ignore_ament_install']
[0.973s] Level 1:colcon.colcon_core.package_identification:_identify(turtlebot3/turtlebot3) by extension 'ignore'
[0.973s] Level 1:colcon.colcon_core.package_identification:_identify(turtlebot3/turtlebot3) by extension 'ignore_ament_install'
[0.973s] Level 1:colcon.colcon_core.package_identification:_identify(turtlebot3/turtlebot3) by extensions ['colcon_pkg']
[0.973s] Level 1:colcon.colcon_core.package_identification:_identify(turtlebot3/turtlebot3) by extension 'colcon_pkg'
[0.973s] Level 1:colcon.colcon_core.package_identification:_identify(turtlebot3/turtlebot3) by extensions ['colcon_meta']
[0.973s] Level 1:colcon.colcon_core.package_identification:_identify(turtlebot3/turtlebot3) by extension 'colcon_meta'
[0.973s] Level 1:colcon.colcon_core.package_identification:_identify(turtlebot3/turtlebot3) by extensions ['ros']
[0.973s] Level 1:colcon.colcon_core.package_identification:_identify(turtlebot3/turtlebot3) by extension 'ros'
[0.974s] DEBUG:colcon.colcon_core.package_identification:Package 'turtlebot3/turtlebot3' with type 'ros.ament_cmake' and name 'turtlebot3'
[0.974s] Level 1:colcon.colcon_core.package_identification:_identify(turtlebot3/turtlebot3_bringup) by extensions ['ignore', 'ignore_ament_install']
[0.974s] Level 1:colcon.colcon_core.package_identification:_identify(turtlebot3/turtlebot3_bringup) by extension 'ignore'
[0.974s] Level 1:colcon.colcon_core.package_identification:_identify(turtlebot3/turtlebot3_bringup) by extension 'ignore_ament_install'
[0.974s] Level 1:colcon.colcon_core.package_identification:_identify(turtlebot3/turtlebot3_bringup) by extensions ['colcon_pkg']
[0.974s] Level 1:colcon.colcon_core.package_identification:_identify(turtlebot3/turtlebot3_bringup) by extension 'colcon_pkg'
[0.974s] Level 1:colcon.colcon_core.package_identification:_identify(turtlebot3/turtlebot3_bringup) by extensions ['colcon_meta']
[0.974s] Level 1:colcon.colcon_core.package_identification:_identify(turtlebot3/turtlebot3_bringup) by extension 'colcon_meta'
[0.974s] Level 1:colcon.colcon_core.package_identification:_identify(turtlebot3/turtlebot3_bringup) by extensions ['ros']
[0.974s] Level 1:colcon.colcon_core.package_identification:_identify(turtlebot3/turtlebot3_bringup) by extension 'ros'
[0.975s] DEBUG:colcon.colcon_core.package_identification:Package 'turtlebot3/turtlebot3_bringup' with type 'ros.ament_cmake' and name 'turtlebot3_bringup'
[0.975s] Level 1:colcon.colcon_core.package_identification:_identify(turtlebot3/turtlebot3_cartographer) by extensions ['ignore', 'ignore_ament_install']
[0.975s] Level 1:colcon.colcon_core.package_identification:_identify(turtlebot3/turtlebot3_cartographer) by extension 'ignore'
[0.975s] Level 1:colcon.colcon_core.package_identification:_identify(turtlebot3/turtlebot3_cartographer) by extension 'ignore_ament_install'
[0.975s] Level 1:colcon.colcon_core.package_identification:_identify(turtlebot3/turtlebot3_cartographer) by extensions ['colcon_pkg']
[0.975s] Level 1:colcon.colcon_core.package_identification:_identify(turtlebot3/turtlebot3_cartographer) by extension 'colcon_pkg'
[0.975s] Level 1:colcon.colcon_core.package_identification:_identify(turtlebot3/turtlebot3_cartographer) by extensions ['colcon_meta']
[0.975s] Level 1:colcon.colcon_core.package_identification:_identify(turtlebot3/turtlebot3_cartographer) by extension 'colcon_meta'
[0.975s] Level 1:colcon.colcon_core.package_identification:_identify(turtlebot3/turtlebot3_cartographer) by extensions ['ros']
[0.975s] Level 1:colcon.colcon_core.package_identification:_identify(turtlebot3/turtlebot3_cartographer) by extension 'ros'
[0.976s] DEBUG:colcon.colcon_core.package_identification:Package 'turtlebot3/turtlebot3_cartographer' with type 'ros.ament_cmake' and name 'turtlebot3_cartographer'
[0.976s] Level 1:colcon.colcon_core.package_identification:_identify(turtlebot3/turtlebot3_description) by extensions ['ignore', 'ignore_ament_install']
[0.976s] Level 1:colcon.colcon_core.package_identification:_identify(turtlebot3/turtlebot3_description) by extension 'ignore'
[0.976s] Level 1:colcon.colcon_core.package_identification:_identify(turtlebot3/turtlebot3_description) by extension 'ignore_ament_install'
[0.976s] Level 1:colcon.colcon_core.package_identification:_identify(turtlebot3/turtlebot3_description) by extensions ['colcon_pkg']
[0.976s] Level 1:colcon.colcon_core.package_identification:_identify(turtlebot3/turtlebot3_description) by extension 'colcon_pkg'
[0.976s] Level 1:colcon.colcon_core.package_identification:_identify(turtlebot3/turtlebot3_description) by extensions ['colcon_meta']
[0.976s] Level 1:colcon.colcon_core.package_identification:_identify(turtlebot3/turtlebot3_description) by extension 'colcon_meta'
[0.976s] Level 1:colcon.colcon_core.package_identification:_identify(turtlebot3/turtlebot3_description) by extensions ['ros']
[0.976s] Level 1:colcon.colcon_core.package_identification:_identify(turtlebot3/turtlebot3_description) by extension 'ros'
[0.977s] DEBUG:colcon.colcon_core.package_identification:Package 'turtlebot3/turtlebot3_description' with type 'ros.ament_cmake' and name 'turtlebot3_description'
[0.977s] Level 1:colcon.colcon_core.package_identification:_identify(turtlebot3/turtlebot3_example) by extensions ['ignore', 'ignore_ament_install']
[0.977s] Level 1:colcon.colcon_core.package_identification:_identify(turtlebot3/turtlebot3_example) by extension 'ignore'
[0.977s] Level 1:colcon.colcon_core.package_identification:_identify(turtlebot3/turtlebot3_example) by extension 'ignore_ament_install'
[0.977s] Level 1:colcon.colcon_core.package_identification:_identify(turtlebot3/turtlebot3_example) by extensions ['colcon_pkg']
[0.977s] Level 1:colcon.colcon_core.package_identification:_identify(turtlebot3/turtlebot3_example) by extension 'colcon_pkg'
[0.977s] Level 1:colcon.colcon_core.package_identification:_identify(turtlebot3/turtlebot3_example) by extensions ['colcon_meta']
[0.977s] Level 1:colcon.colcon_core.package_identification:_identify(turtlebot3/turtlebot3_example) by extension 'colcon_meta'
[0.977s] Level 1:colcon.colcon_core.package_identification:_identify(turtlebot3/turtlebot3_example) by extensions ['ros']
[0.977s] Level 1:colcon.colcon_core.package_identification:_identify(turtlebot3/turtlebot3_example) by extension 'ros'
[0.978s] DEBUG:colcon.colcon_core.package_identification:Package 'turtlebot3/turtlebot3_example' with type 'ros.ament_python' and name 'turtlebot3_example'
[0.978s] Level 1:colcon.colcon_core.package_identification:_identify(turtlebot3/turtlebot3_navigation2) by extensions ['ignore', 'ignore_ament_install']
[0.978s] Level 1:colcon.colcon_core.package_identification:_identify(turtlebot3/turtlebot3_navigation2) by extension 'ignore'
[0.978s] Level 1:colcon.colcon_core.package_identification:_identify(turtlebot3/turtlebot3_navigation2) by extension 'ignore_ament_install'
[0.978s] Level 1:colcon.colcon_core.package_identification:_identify(turtlebot3/turtlebot3_navigation2) by extensions ['colcon_pkg']
[0.978s] Level 1:colcon.colcon_core.package_identification:_identify(turtlebot3/turtlebot3_navigation2) by extension 'colcon_pkg'
[0.978s] Level 1:colcon.colcon_core.package_identification:_identify(turtlebot3/turtlebot3_navigation2) by extensions ['colcon_meta']
[0.978s] Level 1:colcon.colcon_core.package_identification:_identify(turtlebot3/turtlebot3_navigation2) by extension 'colcon_meta'
[0.978s] Level 1:colcon.colcon_core.package_identification:_identify(turtlebot3/turtlebot3_navigation2) by extensions ['ros']
[0.978s] Level 1:colcon.colcon_core.package_identification:_identify(turtlebot3/turtlebot3_navigation2) by extension 'ros'
[0.979s] DEBUG:colcon.colcon_core.package_identification:Package 'turtlebot3/turtlebot3_navigation2' with type 'ros.ament_cmake' and name 'turtlebot3_navigation2'
[0.979s] Level 1:colcon.colcon_core.package_identification:_identify(turtlebot3/turtlebot3_node) by extensions ['ignore', 'ignore_ament_install']
[0.979s] Level 1:colcon.colcon_core.package_identification:_identify(turtlebot3/turtlebot3_node) by extension 'ignore'
[0.979s] Level 1:colcon.colcon_core.package_identification:_identify(turtlebot3/turtlebot3_node) by extension 'ignore_ament_install'
[0.979s] Level 1:colcon.colcon_core.package_identification:_identify(turtlebot3/turtlebot3_node) by extensions ['colcon_pkg']
[0.979s] Level 1:colcon.colcon_core.package_identification:_identify(turtlebot3/turtlebot3_node) by extension 'colcon_pkg'
[0.979s] Level 1:colcon.colcon_core.package_identification:_identify(turtlebot3/turtlebot3_node) by extensions ['colcon_meta']
[0.979s] Level 1:colcon.colcon_core.package_identification:_identify(turtlebot3/turtlebot3_node) by extension 'colcon_meta'
[0.979s] Level 1:colcon.colcon_core.package_identification:_identify(turtlebot3/turtlebot3_node) by extensions ['ros']
[0.979s] Level 1:colcon.colcon_core.package_identification:_identify(turtlebot3/turtlebot3_node) by extension 'ros'
[0.980s] DEBUG:colcon.colcon_core.package_identification:Package 'turtlebot3/turtlebot3_node' with type 'ros.ament_cmake' and name 'turtlebot3_node'
[0.980s] Level 1:colcon.colcon_core.package_identification:_identify(turtlebot3/turtlebot3_teleop) by extensions ['ignore', 'ignore_ament_install']
[0.980s] Level 1:colcon.colcon_core.package_identification:_identify(turtlebot3/turtlebot3_teleop) by extension 'ignore'
[0.980s] Level 1:colcon.colcon_core.package_identification:_identify(turtlebot3/turtlebot3_teleop) by extension 'ignore_ament_install'
[0.981s] Level 1:colcon.colcon_core.package_identification:_identify(turtlebot3/turtlebot3_teleop) by extensions ['colcon_pkg']
[0.981s] Level 1:colcon.colcon_core.package_identification:_identify(turtlebot3/turtlebot3_teleop) by extension 'colcon_pkg'
[0.981s] Level 1:colcon.colcon_core.package_identification:_identify(turtlebot3/turtlebot3_teleop) by extensions ['colcon_meta']
[0.981s] Level 1:colcon.colcon_core.package_identification:_identify(turtlebot3/turtlebot3_teleop) by extension 'colcon_meta'
[0.981s] Level 1:colcon.colcon_core.package_identification:_identify(turtlebot3/turtlebot3_teleop) by extensions ['ros']
[0.981s] Level 1:colcon.colcon_core.package_identification:_identify(turtlebot3/turtlebot3_teleop) by extension 'ros'
[0.981s] DEBUG:colcon.colcon_core.package_identification:Package 'turtlebot3/turtlebot3_teleop' with type 'ros.ament_python' and name 'turtlebot3_teleop'
[0.981s] Level 1:colcon.colcon_core.package_identification:_identify(turtlebot3_simulations) by extensions ['ignore', 'ignore_ament_install']
[0.981s] Level 1:colcon.colcon_core.package_identification:_identify(turtlebot3_simulations) by extension 'ignore'
[0.981s] Level 1:colcon.colcon_core.package_identification:_identify(turtlebot3_simulations) by extension 'ignore_ament_install'
[0.981s] Level 1:colcon.colcon_core.package_identification:_identify(turtlebot3_simulations) by extensions ['colcon_pkg']
[0.981s] Level 1:colcon.colcon_core.package_identification:_identify(turtlebot3_simulations) by extension 'colcon_pkg'
[0.981s] Level 1:colcon.colcon_core.package_identification:_identify(turtlebot3_simulations) by extensions ['colcon_meta']
[0.981s] Level 1:colcon.colcon_core.package_identification:_identify(turtlebot3_simulations) by extension 'colcon_meta'
[0.982s] Level 1:colcon.colcon_core.package_identification:_identify(turtlebot3_simulations) by extensions ['ros']
[0.982s] Level 1:colcon.colcon_core.package_identification:_identify(turtlebot3_simulations) by extension 'ros'
[0.982s] Level 1:colcon.colcon_core.package_identification:_identify(turtlebot3_simulations) by extensions ['cmake', 'python']
[0.982s] Level 1:colcon.colcon_core.package_identification:_identify(turtlebot3_simulations) by extension 'cmake'
[0.982s] Level 1:colcon.colcon_core.package_identification:_identify(turtlebot3_simulations) by extension 'python'
[0.982s] Level 1:colcon.colcon_core.package_identification:_identify(turtlebot3_simulations) by extensions ['python_setup_py']
[0.982s] Level 1:colcon.colcon_core.package_identification:_identify(turtlebot3_simulations) by extension 'python_setup_py'
[0.982s] Level 1:colcon.colcon_core.package_identification:_identify(turtlebot3_simulations/turtlebot3_fake_node) by extensions ['ignore', 'ignore_ament_install']
[0.982s] Level 1:colcon.colcon_core.package_identification:_identify(turtlebot3_simulations/turtlebot3_fake_node) by extension 'ignore'
[0.982s] Level 1:colcon.colcon_core.package_identification:_identify(turtlebot3_simulations/turtlebot3_fake_node) by extension 'ignore_ament_install'
[0.982s] Level 1:colcon.colcon_core.package_identification:_identify(turtlebot3_simulations/turtlebot3_fake_node) by extensions ['colcon_pkg']
[0.982s] Level 1:colcon.colcon_core.package_identification:_identify(turtlebot3_simulations/turtlebot3_fake_node) by extension 'colcon_pkg'
[0.982s] Level 1:colcon.colcon_core.package_identification:_identify(turtlebot3_simulations/turtlebot3_fake_node) by extensions ['colcon_meta']
[0.982s] Level 1:colcon.colcon_core.package_identification:_identify(turtlebot3_simulations/turtlebot3_fake_node) by extension 'colcon_meta'
[0.982s] Level 1:colcon.colcon_core.package_identification:_identify(turtlebot3_simulations/turtlebot3_fake_node) by extensions ['ros']
[0.982s] Level 1:colcon.colcon_core.package_identification:_identify(turtlebot3_simulations/turtlebot3_fake_node) by extension 'ros'
[0.983s] DEBUG:colcon.colcon_core.package_identification:Package 'turtlebot3_simulations/turtlebot3_fake_node' with type 'ros.ament_cmake' and name 'turtlebot3_fake_node'
[0.983s] Level 1:colcon.colcon_core.package_identification:_identify(turtlebot3_simulations/turtlebot3_gazebo) by extensions ['ignore', 'ignore_ament_install']
[0.983s] Level 1:colcon.colcon_core.package_identification:_identify(turtlebot3_simulations/turtlebot3_gazebo) by extension 'ignore'
[0.983s] Level 1:colcon.colcon_core.package_identification:_identify(turtlebot3_simulations/turtlebot3_gazebo) by extension 'ignore_ament_install'
[0.983s] Level 1:colcon.colcon_core.package_identification:_identify(turtlebot3_simulations/turtlebot3_gazebo) by extensions ['colcon_pkg']
[0.983s] Level 1:colcon.colcon_core.package_identification:_identify(turtlebot3_simulations/turtlebot3_gazebo) by extension 'colcon_pkg'
[0.983s] Level 1:colcon.colcon_core.package_identification:_identify(turtlebot3_simulations/turtlebot3_gazebo) by extensions ['colcon_meta']
[0.983s] Level 1:colcon.colcon_core.package_identification:_identify(turtlebot3_simulations/turtlebot3_gazebo) by extension 'colcon_meta'
[0.983s] Level 1:colcon.colcon_core.package_identification:_identify(turtlebot3_simulations/turtlebot3_gazebo) by extensions ['ros']
[0.983s] Level 1:colcon.colcon_core.package_identification:_identify(turtlebot3_simulations/turtlebot3_gazebo) by extension 'ros'
[0.984s] DEBUG:colcon.colcon_core.package_identification:Package 'turtlebot3_simulations/turtlebot3_gazebo' with type 'ros.ament_cmake' and name 'turtlebot3_gazebo'
[0.984s] Level 1:colcon.colcon_core.package_identification:_identify(turtlebot3_simulations/turtlebot3_simulations) by extensions ['ignore', 'ignore_ament_install']
[0.984s] Level 1:colcon.colcon_core.package_identification:_identify(turtlebot3_simulations/turtlebot3_simulations) by extension 'ignore'
[0.984s] Level 1:colcon.colcon_core.package_identification:_identify(turtlebot3_simulations/turtlebot3_simulations) by extension 'ignore_ament_install'
[0.985s] Level 1:colcon.colcon_core.package_identification:_identify(turtlebot3_simulations/turtlebot3_simulations) by extensions ['colcon_pkg']
[0.985s] Level 1:colcon.colcon_core.package_identification:_identify(turtlebot3_simulations/turtlebot3_simulations) by extension 'colcon_pkg'
[0.985s] Level 1:colcon.colcon_core.package_identification:_identify(turtlebot3_simulations/turtlebot3_simulations) by extensions ['colcon_meta']
[0.985s] Level 1:colcon.colcon_core.package_identification:_identify(turtlebot3_simulations/turtlebot3_simulations) by extension 'colcon_meta'
[0.985s] Level 1:colcon.colcon_core.package_identification:_identify(turtlebot3_simulations/turtlebot3_simulations) by extensions ['ros']
[0.985s] Level 1:colcon.colcon_core.package_identification:_identify(turtlebot3_simulations/turtlebot3_simulations) by extension 'ros'
[0.985s] DEBUG:colcon.colcon_core.package_identification:Package 'turtlebot3_simulations/turtlebot3_simulations' with type 'ros.ament_cmake' and name 'turtlebot3_simulations'
[0.985s] Level 1:colcon.colcon_core.package_discovery:discover_packages(recursive) using defaults
[0.985s] Level 1:colcon.colcon_core.package_discovery:discover_packages(ignore) discover
[0.985s] Level 1:colcon.colcon_core.package_discovery:discover_packages(ignore) using defaults
[0.985s] Level 1:colcon.colcon_core.package_discovery:discover_packages(path) discover
[0.985s] Level 1:colcon.colcon_core.package_discovery:discover_packages(path) using defaults
[1.044s] INFO:colcon.colcon_core.package_selection:Skipping not selected package 'drive_tb3' in 'mobile_robotics_ROS2/drive_tb3'
[1.044s] INFO:colcon.colcon_core.package_selection:Skipping not selected package 'drive_turtle' in 'mobile_robotics_ROS2/drive_turtle'
[1.044s] INFO:colcon.colcon_core.package_selection:Skipping not selected package 'my_cpp_py_pkg' in 'my_cpp_py_pkg'
[1.044s] INFO:colcon.colcon_core.package_selection:Skipping not selected package 'navigation_tb3' in 'navigation_tb3'
[1.044s] INFO:colcon.colcon_core.package_selection:Skipping not selected package 'point_cloud_processing' in 'mobile_robotics_ROS2/point_cloud_processing'
[1.044s] INFO:colcon.colcon_core.package_selection:Skipping not selected package 'robot_cpp' in 'robot_cpp'
[1.044s] INFO:colcon.colcon_core.package_selection:Skipping not selected package 'robot_python' in 'robot_python'
[1.044s] INFO:colcon.colcon_core.package_selection:Skipping not selected package 'robot_test' in 'robot_test'
[1.044s] INFO:colcon.colcon_core.package_selection:Skipping not selected package 'turtlebot3_cartographer' in 'turtlebot3/turtlebot3_cartographer'
[1.044s] INFO:colcon.colcon_core.package_selection:Skipping not selected package 'turtlebot3_description' in 'turtlebot3/turtlebot3_description'
[1.044s] INFO:colcon.colcon_core.package_selection:Skipping not selected package 'turtlebot3_example' in 'turtlebot3/turtlebot3_example'
[1.044s] INFO:colcon.colcon_core.package_selection:Skipping not selected package 'turtlebot3_fake_node' in 'turtlebot3_simulations/turtlebot3_fake_node'
[1.044s] INFO:colcon.colcon_core.package_selection:Skipping not selected package 'turtlebot3_gazebo' in 'turtlebot3_simulations/turtlebot3_gazebo'
[1.044s] INFO:colcon.colcon_core.package_selection:Skipping not selected package 'turtlebot3_navigation2' in 'turtlebot3/turtlebot3_navigation2'
[1.044s] INFO:colcon.colcon_core.package_selection:Skipping not selected package 'turtlebot3_node' in 'turtlebot3/turtlebot3_node'
[1.044s] INFO:colcon.colcon_core.package_selection:Skipping not selected package 'turtlebot3_teleop' in 'turtlebot3/turtlebot3_teleop'
[1.044s] INFO:colcon.colcon_core.package_selection:Skipping not selected package 'turtlebot3_bringup' in 'turtlebot3/turtlebot3_bringup'
[1.044s] INFO:colcon.colcon_core.package_selection:Skipping not selected package 'turtlebot3_simulations' in 'turtlebot3_simulations/turtlebot3_simulations'
[1.044s] INFO:colcon.colcon_core.package_selection:Skipping not selected package 'turtlebot3' in 'turtlebot3/turtlebot3'
[1.070s] Level 1:colcon.colcon_core.package_discovery:discover_packages(prefix_path) check parameters
[1.070s] Level 1:colcon.colcon_core.package_discovery:discover_packages(prefix_path) discover
[1.098s] DEBUG:colcon.colcon_installed_package_information.package_discovery:Found 22 installed packages in /home/yusuf/ros2_ws/install
[1.112s] DEBUG:colcon.colcon_installed_package_information.package_discovery:Found 327 installed packages in /opt/ros/humble
[1.113s] Level 1:colcon.colcon_core.package_discovery:discover_packages(prefix_path) using defaults
[1.213s] Level 5:colcon.colcon_core.verb:set package 'robot_control' build argument 'cmake_args' from command line to 'None'
[1.213s] Level 5:colcon.colcon_core.verb:set package 'robot_control' build argument 'cmake_target' from command line to 'None'
[1.213s] Level 5:colcon.colcon_core.verb:set package 'robot_control' build argument 'cmake_target_skip_unavailable' from command line to 'False'
[1.213s] Level 5:colcon.colcon_core.verb:set package 'robot_control' build argument 'cmake_clean_cache' from command line to 'False'
[1.213s] Level 5:colcon.colcon_core.verb:set package 'robot_control' build argument 'cmake_clean_first' from command line to 'False'
[1.213s] Level 5:colcon.colcon_core.verb:set package 'robot_control' build argument 'cmake_force_configure' from command line to 'False'
[1.213s] Level 5:colcon.colcon_core.verb:set package 'robot_control' build argument 'ament_cmake_args' from command line to 'None'
[1.213s] Level 5:colcon.colcon_core.verb:set package 'robot_control' build argument 'catkin_cmake_args' from command line to 'None'
[1.213s] Level 5:colcon.colcon_core.verb:set package 'robot_control' build argument 'catkin_skip_building_tests' from command line to 'False'
[1.213s] DEBUG:colcon.colcon_core.verb:Building package 'robot_control' with the following arguments: {'ament_cmake_args': None, 'build_base': '/home/yusuf/ros2_ws/src/build/robot_control', 'catkin_cmake_args': None, 'catkin_skip_building_tests': False, 'cmake_args': None, 'cmake_clean_cache': False, 'cmake_clean_first': False, 'cmake_force_configure': False, 'cmake_target': None, 'cmake_target_skip_unavailable': False, 'install_base': '/home/yusuf/ros2_ws/src/install/robot_control', 'merge_install': False, 'path': '/home/yusuf/ros2_ws/src/robot_control', 'symlink_install': False, 'test_result_base': None}
[1.226s] INFO:colcon.colcon_core.executor:Executing jobs using 'parallel' executor
[1.240s] DEBUG:colcon.colcon_parallel_executor.executor.parallel:run_until_complete
[1.240s] INFO:colcon.colcon_ros.task.ament_cmake.build:Building ROS package in '/home/yusuf/ros2_ws/src/robot_control' with build type 'ament_cmake'
[1.241s] INFO:colcon.colcon_cmake.task.cmake.build:Building CMake package in '/home/yusuf/ros2_ws/src/robot_control'
[1.258s] INFO:colcon.colcon_core.plugin_system:Skipping extension 'colcon_core.shell.bat': Not used on non-Windows systems
[1.258s] INFO:colcon.colcon_core.shell:Skip shell extension 'powershell' for command environment: Not usable outside of PowerShell
[1.258s] DEBUG:colcon.colcon_core.shell:Skip shell extension 'dsv' for command environment
[1.314s] DEBUG:colcon.colcon_core.event_handler.log_command:Invoking command in '/home/yusuf/ros2_ws/src/build/robot_control': CMAKE_PREFIX_PATH=${CMAKE_PREFIX_PATH}:/home/yusuf/ros2_ws/install/turtlebot3_teleop:/home/yusuf/ros2_ws/install/turtlebot3_example:/home/yusuf/ros2_ws/install/robot_python:/opt/ros/humble /usr/bin/cmake --build /home/yusuf/ros2_ws/src/build/robot_control -- -j8 -l8
[1.354s] DEBUG:colcon.colcon_core.event_handler.log_command:Invoked command in '/home/yusuf/ros2_ws/src/build/robot_control' returned '0': CMAKE_PREFIX_PATH=${CMAKE_PREFIX_PATH}:/home/yusuf/ros2_ws/install/turtlebot3_teleop:/home/yusuf/ros2_ws/install/turtlebot3_example:/home/yusuf/ros2_ws/install/robot_python:/opt/ros/humble /usr/bin/cmake --build /home/yusuf/ros2_ws/src/build/robot_control -- -j8 -l8
[1.400s] DEBUG:colcon.colcon_core.event_handler.log_command:Invoking command in '/home/yusuf/ros2_ws/src/build/robot_control': CMAKE_PREFIX_PATH=${CMAKE_PREFIX_PATH}:/home/yusuf/ros2_ws/install/turtlebot3_teleop:/home/yusuf/ros2_ws/install/turtlebot3_example:/home/yusuf/ros2_ws/install/robot_python:/opt/ros/humble /usr/bin/cmake --install /home/yusuf/ros2_ws/src/build/robot_control
[1.413s] Level 1:colcon.colcon_core.environment:create_environment_scripts_only(robot_control)
[1.413s] DEBUG:colcon.colcon_core.event_handler.log_command:Invoked command in '/home/yusuf/ros2_ws/src/build/robot_control' returned '0': CMAKE_PREFIX_PATH=${CMAKE_PREFIX_PATH}:/home/yusuf/ros2_ws/install/turtlebot3_teleop:/home/yusuf/ros2_ws/install/turtlebot3_example:/home/yusuf/ros2_ws/install/robot_python:/opt/ros/humble /usr/bin/cmake --install /home/yusuf/ros2_ws/src/build/robot_control
[1.434s] Level 1:colcon.colcon_core.environment:checking '/home/yusuf/ros2_ws/src/install/robot_control' for CMake module files
[1.435s] Level 1:colcon.colcon_core.environment:checking '/home/yusuf/ros2_ws/src/install/robot_control' for CMake config files
[1.435s] Level 1:colcon.colcon_core.shell:create_environment_hook('robot_control', 'cmake_prefix_path')
[1.452s] INFO:colcon.colcon_core.shell:Creating environment hook '/home/yusuf/ros2_ws/src/install/robot_control/share/robot_control/hook/cmake_prefix_path.ps1'
[1.453s] INFO:colcon.colcon_core.shell:Creating environment descriptor '/home/yusuf/ros2_ws/src/install/robot_control/share/robot_control/hook/cmake_prefix_path.dsv'
[1.453s] INFO:colcon.colcon_core.shell:Creating environment hook '/home/yusuf/ros2_ws/src/install/robot_control/share/robot_control/hook/cmake_prefix_path.sh'
[1.454s] Level 1:colcon.colcon_core.environment:checking '/home/yusuf/ros2_ws/src/install/robot_control/bin'
[1.454s] Level 1:colcon.colcon_core.environment:checking '/home/yusuf/ros2_ws/src/install/robot_control/lib/pkgconfig/robot_control.pc'
[1.454s] Level 1:colcon.colcon_core.environment:checking '/home/yusuf/ros2_ws/src/install/robot_control/lib/python3.10/site-packages'
[1.454s] Level 1:colcon.colcon_core.environment:checking '/home/yusuf/ros2_ws/src/install/robot_control/bin'
[1.469s] INFO:colcon.colcon_core.shell:Creating package script '/home/yusuf/ros2_ws/src/install/robot_control/share/robot_control/package.ps1'
[1.470s] INFO:colcon.colcon_core.shell:Creating package descriptor '/home/yusuf/ros2_ws/src/install/robot_control/share/robot_control/package.dsv'
[1.471s] INFO:colcon.colcon_core.shell:Creating package script '/home/yusuf/ros2_ws/src/install/robot_control/share/robot_control/package.sh'
[1.471s] INFO:colcon.colcon_core.shell:Creating package script '/home/yusuf/ros2_ws/src/install/robot_control/share/robot_control/package.bash'
[1.472s] INFO:colcon.colcon_core.shell:Creating package script '/home/yusuf/ros2_ws/src/install/robot_control/share/robot_control/package.zsh'
[1.473s] Level 1:colcon.colcon_core.environment:create_file_with_runtime_dependencies(/home/yusuf/ros2_ws/src/install/robot_control/share/colcon-core/packages/robot_control)
[1.520s] Level 1:colcon.colcon_core.environment:create_environment_scripts_only(robot_control)
[1.534s] Level 1:colcon.colcon_core.environment:checking '/home/yusuf/ros2_ws/src/install/robot_control' for CMake module files
[1.534s] Level 1:colcon.colcon_core.environment:checking '/home/yusuf/ros2_ws/src/install/robot_control' for CMake config files
[1.534s] Level 1:colcon.colcon_core.shell:create_environment_hook('robot_control', 'cmake_prefix_path')
[1.548s] INFO:colcon.colcon_core.shell:Creating environment hook '/home/yusuf/ros2_ws/src/install/robot_control/share/robot_control/hook/cmake_prefix_path.ps1'
[1.549s] INFO:colcon.colcon_core.shell:Creating environment descriptor '/home/yusuf/ros2_ws/src/install/robot_control/share/robot_control/hook/cmake_prefix_path.dsv'
[1.549s] INFO:colcon.colcon_core.shell:Creating environment hook '/home/yusuf/ros2_ws/src/install/robot_control/share/robot_control/hook/cmake_prefix_path.sh'
[1.549s] Level 1:colcon.colcon_core.environment:checking '/home/yusuf/ros2_ws/src/install/robot_control/bin'
[1.550s] Level 1:colcon.colcon_core.environment:checking '/home/yusuf/ros2_ws/src/install/robot_control/lib/pkgconfig/robot_control.pc'
[1.550s] Level 1:colcon.colcon_core.environment:checking '/home/yusuf/ros2_ws/src/install/robot_control/lib/python3.10/site-packages'
[1.550s] Level 1:colcon.colcon_core.environment:checking '/home/yusuf/ros2_ws/src/install/robot_control/bin'
[1.563s] INFO:colcon.colcon_core.shell:Creating package script '/home/yusuf/ros2_ws/src/install/robot_control/share/robot_control/package.ps1'
[1.564s] INFO:colcon.colcon_core.shell:Creating package descriptor '/home/yusuf/ros2_ws/src/install/robot_control/share/robot_control/package.dsv'
[1.564s] INFO:colcon.colcon_core.shell:Creating package script '/home/yusuf/ros2_ws/src/install/robot_control/share/robot_control/package.sh'
[1.565s] INFO:colcon.colcon_core.shell:Creating package script '/home/yusuf/ros2_ws/src/install/robot_control/share/robot_control/package.bash'
[1.565s] INFO:colcon.colcon_core.shell:Creating package script '/home/yusuf/ros2_ws/src/install/robot_control/share/robot_control/package.zsh'
[1.565s] Level 1:colcon.colcon_core.environment:create_file_with_runtime_dependencies(/home/yusuf/ros2_ws/src/install/robot_control/share/colcon-core/packages/robot_control)
[1.566s] DEBUG:colcon.colcon_parallel_executor.executor.parallel:closing loop
[1.566s] DEBUG:colcon.colcon_parallel_executor.executor.parallel:loop closed
[1.566s] DEBUG:colcon.colcon_parallel_executor.executor.parallel:run_until_complete finished with '0'
[1.566s] DEBUG:colcon.colcon_core.event_reactor:joining thread
[1.589s] INFO:colcon.colcon_core.plugin_system:Skipping extension 'colcon_notification.desktop_notification.terminal_notifier': Not used on non-Darwin systems
[1.589s] INFO:colcon.colcon_core.plugin_system:Skipping extension 'colcon_notification.desktop_notification.win32': Not used on non-Windows systems
[1.589s] INFO:colcon.colcon_notification.desktop_notification:Sending desktop notification using 'notify2'
[1.602s] DEBUG:colcon.colcon_core.event_reactor:joined thread
[1.621s] INFO:colcon.colcon_core.shell:Creating prefix script '/home/yusuf/ros2_ws/src/install/local_setup.ps1'
[1.622s] INFO:colcon.colcon_core.shell:Creating prefix util module '/home/yusuf/ros2_ws/src/install/_local_setup_util_ps1.py'
[1.623s] INFO:colcon.colcon_core.shell:Creating prefix chain script '/home/yusuf/ros2_ws/src/install/setup.ps1'
[1.641s] INFO:colcon.colcon_core.shell:Creating prefix script '/home/yusuf/ros2_ws/src/install/local_setup.sh'
[1.641s] INFO:colcon.colcon_core.shell:Creating prefix util module '/home/yusuf/ros2_ws/src/install/_local_setup_util_sh.py'
[1.642s] INFO:colcon.colcon_core.shell:Creating prefix chain script '/home/yusuf/ros2_ws/src/install/setup.sh'
[1.659s] INFO:colcon.colcon_core.shell:Creating prefix script '/home/yusuf/ros2_ws/src/install/local_setup.bash'
[1.659s] INFO:colcon.colcon_core.shell:Creating prefix chain script '/home/yusuf/ros2_ws/src/install/setup.bash'
[1.676s] INFO:colcon.colcon_core.shell:Creating prefix script '/home/yusuf/ros2_ws/src/install/local_setup.zsh'
[1.676s] INFO:colcon.colcon_core.shell:Creating prefix chain script '/home/yusuf/ros2_ws/src/install/setup.zsh'
