[0.569s] Invoking command in '/home/yusuf/ros2_ws/build/turtlebot3_bringup': AMENT_PREFIX_PATH=/home/yusuf/ros2_ws/install/turtlebot3_node:/home/yusuf/ros2_ws/install/turtlebot3_description:${AMENT_PREFIX_PATH} CMAKE_PREFIX_PATH=/home/yusuf/ros2_ws/install/turtlebot3_node:/home/yusuf/ros2_ws/install/turtlebot3_description:/opt/ros/humble /usr/bin/cmake --build /home/yusuf/ros2_ws/build/turtlebot3_bringup -- -j8 -l8
[0.760s] Invoked command in '/home/yusuf/ros2_ws/build/turtlebot3_bringup' returned '0': AMENT_PREFIX_PATH=/home/yusuf/ros2_ws/install/turtlebot3_node:/home/yusuf/ros2_ws/install/turtlebot3_description:${AMENT_PREFIX_PATH} CMAKE_PREFIX_PATH=/home/yusuf/ros2_ws/install/turtlebot3_node:/home/yusuf/ros2_ws/install/turtlebot3_description:/opt/ros/humble /usr/bin/cmake --build /home/yusuf/ros2_ws/build/turtlebot3_bringup -- -j8 -l8
[1.066s] Invoking command in '/home/yusuf/ros2_ws/build/turtlebot3_bringup': AMENT_PREFIX_PATH=/home/yusuf/ros2_ws/install/turtlebot3_node:/home/yusuf/ros2_ws/install/turtlebot3_description:${AMENT_PREFIX_PATH} CMAKE_PREFIX_PATH=/home/yusuf/ros2_ws/install/turtlebot3_node:/home/yusuf/ros2_ws/install/turtlebot3_description:/opt/ros/humble /usr/bin/cmake --install /home/yusuf/ros2_ws/build/turtlebot3_bringup
[1.289s] -- Install configuration: ""
[1.289s] -- Up-to-date: /home/yusuf/ros2_ws/install/turtlebot3_bringup/share/turtlebot3_bringup/launch
[1.289s] -- Up-to-date: /home/yusuf/ros2_ws/install/turtlebot3_bringup/share/turtlebot3_bringup/launch/rviz2.launch.py
[1.290s] -- Up-to-date: /home/yusuf/ros2_ws/install/turtlebot3_bringup/share/turtlebot3_bringup/launch/turtlebot3_state_publisher.launch.py
[1.290s] -- Up-to-date: /home/yusuf/ros2_ws/install/turtlebot3_bringup/share/turtlebot3_bringup/launch/robot.launch.py
[1.290s] -- Up-to-date: /home/yusuf/ros2_ws/install/turtlebot3_bringup/share/turtlebot3_bringup/param
[1.290s] -- Up-to-date: /home/yusuf/ros2_ws/install/turtlebot3_bringup/share/turtlebot3_bringup/param/waffle.yaml
[1.290s] -- Up-to-date: /home/yusuf/ros2_ws/install/turtlebot3_bringup/share/turtlebot3_bringup/param/waffle_pi.yaml
[1.291s] -- Up-to-date: /home/yusuf/ros2_ws/install/turtlebot3_bringup/share/turtlebot3_bringup/param/burger.yaml
[1.291s] -- Up-to-date: /home/yusuf/ros2_ws/install/turtlebot3_bringup/share/turtlebot3_bringup/script
[1.291s] -- Up-to-date: /home/yusuf/ros2_ws/install/turtlebot3_bringup/share/turtlebot3_bringup/script/create_udev_rules
[1.291s] -- Up-to-date: /home/yusuf/ros2_ws/install/turtlebot3_bringup/share/turtlebot3_bringup/script/99-turtlebot3-cdc.rules
[1.291s] -- Up-to-date: /home/yusuf/ros2_ws/install/turtlebot3_bringup/share/ament_index/resource_index/package_run_dependencies/turtlebot3_bringup
[1.292s] -- Up-to-date: /home/yusuf/ros2_ws/install/turtlebot3_bringup/share/ament_index/resource_index/parent_prefix_path/turtlebot3_bringup
[1.292s] -- Up-to-date: /home/yusuf/ros2_ws/install/turtlebot3_bringup/share/turtlebot3_bringup/environment/ament_prefix_path.sh
[1.292s] -- Up-to-date: /home/yusuf/ros2_ws/install/turtlebot3_bringup/share/turtlebot3_bringup/environment/ament_prefix_path.dsv
[1.293s] -- Up-to-date: /home/yusuf/ros2_ws/install/turtlebot3_bringup/share/turtlebot3_bringup/environment/path.sh
[1.293s] -- Up-to-date: /home/yusuf/ros2_ws/install/turtlebot3_bringup/share/turtlebot3_bringup/environment/path.dsv
[1.293s] -- Up-to-date: /home/yusuf/ros2_ws/install/turtlebot3_bringup/share/turtlebot3_bringup/local_setup.bash
[1.293s] -- Up-to-date: /home/yusuf/ros2_ws/install/turtlebot3_bringup/share/turtlebot3_bringup/local_setup.sh
[1.293s] -- Up-to-date: /home/yusuf/ros2_ws/install/turtlebot3_bringup/share/turtlebot3_bringup/local_setup.zsh
[1.294s] -- Up-to-date: /home/yusuf/ros2_ws/install/turtlebot3_bringup/share/turtlebot3_bringup/local_setup.dsv
[1.294s] -- Installing: /home/yusuf/ros2_ws/install/turtlebot3_bringup/share/turtlebot3_bringup/package.dsv
[1.295s] -- Up-to-date: /home/yusuf/ros2_ws/install/turtlebot3_bringup/share/ament_index/resource_index/packages/turtlebot3_bringup
[1.295s] -- Up-to-date: /home/yusuf/ros2_ws/install/turtlebot3_bringup/share/turtlebot3_bringup/cmake/turtlebot3_bringupConfig.cmake
[1.295s] -- Up-to-date: /home/yusuf/ros2_ws/install/turtlebot3_bringup/share/turtlebot3_bringup/cmake/turtlebot3_bringupConfig-version.cmake
[1.295s] -- Up-to-date: /home/yusuf/ros2_ws/install/turtlebot3_bringup/share/turtlebot3_bringup/package.xml
[1.617s] Invoked command in '/home/yusuf/ros2_ws/build/turtlebot3_bringup' returned '0': AMENT_PREFIX_PATH=/home/yusuf/ros2_ws/install/turtlebot3_node:/home/yusuf/ros2_ws/install/turtlebot3_description:${AMENT_PREFIX_PATH} CMAKE_PREFIX_PATH=/home/yusuf/ros2_ws/install/turtlebot3_node:/home/yusuf/ros2_ws/install/turtlebot3_description:/opt/ros/humble /usr/bin/cmake --install /home/yusuf/ros2_ws/build/turtlebot3_bringup
