[2.088s] Invoking command in '/home/yusuf/ros2_ws/src/turtlebot3/turtlebot3_example': PYTHONPATH=/home/yusuf/ros2_ws/build/turtlebot3_example/prefix_override:/home/yusuf/ros2_ws/install/turtlebot3_example/lib/python3.10/site-packages:${PYTHONPATH} /usr/bin/python3 setup.py egg_info --egg-base ../../../build/turtlebot3_example build --build-base /home/yusuf/ros2_ws/build/turtlebot3_example/build install --record /home/yusuf/ros2_ws/build/turtlebot3_example/install.log --single-version-externally-managed
[2.618s] running egg_info
[2.619s] creating ../../../build/turtlebot3_example/turtlebot3_example.egg-info
[2.623s] writing ../../../build/turtlebot3_example/turtlebot3_example.egg-info/PKG-INFO
[2.623s] writing dependency_links to ../../../build/turtlebot3_example/turtlebot3_example.egg-info/dependency_links.txt
[2.623s] writing entry points to ../../../build/turtlebot3_example/turtlebot3_example.egg-info/entry_points.txt
[2.623s] writing requirements to ../../../build/turtlebot3_example/turtlebot3_example.egg-info/requires.txt
[2.624s] writing top-level names to ../../../build/turtlebot3_example/turtlebot3_example.egg-info/top_level.txt
[2.624s] writing manifest file '../../../build/turtlebot3_example/turtlebot3_example.egg-info/SOURCES.txt'
[2.628s] reading manifest file '../../../build/turtlebot3_example/turtlebot3_example.egg-info/SOURCES.txt'
[2.628s] writing manifest file '../../../build/turtlebot3_example/turtlebot3_example.egg-info/SOURCES.txt'
[2.629s] running build
[2.629s] running build_py
[2.629s] creating /home/yusuf/ros2_ws/build/turtlebot3_example/build
[2.629s] creating /home/yusuf/ros2_ws/build/turtlebot3_example/build/lib
[2.629s] creating /home/yusuf/ros2_ws/build/turtlebot3_example/build/lib/turtlebot3_example
[2.629s] copying turtlebot3_example/__init__.py -> /home/yusuf/ros2_ws/build/turtlebot3_example/build/lib/turtlebot3_example
[2.630s] creating /home/yusuf/ros2_ws/build/turtlebot3_example/build/lib/turtlebot3_example/turtlebot3_obstacle_detection
[2.630s] copying turtlebot3_example/turtlebot3_obstacle_detection/main.py -> /home/yusuf/ros2_ws/build/turtlebot3_example/build/lib/turtlebot3_example/turtlebot3_obstacle_detection
[2.630s] copying turtlebot3_example/turtlebot3_obstacle_detection/turtlebot3_obstacle_detection.py -> /home/yusuf/ros2_ws/build/turtlebot3_example/build/lib/turtlebot3_example/turtlebot3_obstacle_detection
[2.630s] copying turtlebot3_example/turtlebot3_obstacle_detection/__init__.py -> /home/yusuf/ros2_ws/build/turtlebot3_example/build/lib/turtlebot3_example/turtlebot3_obstacle_detection
[2.630s] creating /home/yusuf/ros2_ws/build/turtlebot3_example/build/lib/turtlebot3_example/turtlebot3_patrol_client
[2.630s] copying turtlebot3_example/turtlebot3_patrol_client/main.py -> /home/yusuf/ros2_ws/build/turtlebot3_example/build/lib/turtlebot3_example/turtlebot3_patrol_client
[2.631s] copying turtlebot3_example/turtlebot3_patrol_client/turtlebot3_patrol_client.py -> /home/yusuf/ros2_ws/build/turtlebot3_example/build/lib/turtlebot3_example/turtlebot3_patrol_client
[2.631s] copying turtlebot3_example/turtlebot3_patrol_client/__init__.py -> /home/yusuf/ros2_ws/build/turtlebot3_example/build/lib/turtlebot3_example/turtlebot3_patrol_client
[2.631s] creating /home/yusuf/ros2_ws/build/turtlebot3_example/build/lib/turtlebot3_example/turtlebot3_position_control
[2.631s] copying turtlebot3_example/turtlebot3_position_control/main.py -> /home/yusuf/ros2_ws/build/turtlebot3_example/build/lib/turtlebot3_example/turtlebot3_position_control
[2.631s] copying turtlebot3_example/turtlebot3_position_control/turtlebot3_position_control.py -> /home/yusuf/ros2_ws/build/turtlebot3_example/build/lib/turtlebot3_example/turtlebot3_position_control
[2.631s] copying turtlebot3_example/turtlebot3_position_control/__init__.py -> /home/yusuf/ros2_ws/build/turtlebot3_example/build/lib/turtlebot3_example/turtlebot3_position_control
[2.632s] copying turtlebot3_example/turtlebot3_position_control/turtlebot3_path.py -> /home/yusuf/ros2_ws/build/turtlebot3_example/build/lib/turtlebot3_example/turtlebot3_position_control
[2.632s] creating /home/yusuf/ros2_ws/build/turtlebot3_example/build/lib/turtlebot3_example/turtlebot3_patrol_server
[2.632s] copying turtlebot3_example/turtlebot3_patrol_server/main.py -> /home/yusuf/ros2_ws/build/turtlebot3_example/build/lib/turtlebot3_example/turtlebot3_patrol_server
[2.632s] copying turtlebot3_example/turtlebot3_patrol_server/__init__.py -> /home/yusuf/ros2_ws/build/turtlebot3_example/build/lib/turtlebot3_example/turtlebot3_patrol_server
[2.632s] copying turtlebot3_example/turtlebot3_patrol_server/turtlebot3_path.py -> /home/yusuf/ros2_ws/build/turtlebot3_example/build/lib/turtlebot3_example/turtlebot3_patrol_server
[2.632s] copying turtlebot3_example/turtlebot3_patrol_server/turtlebot3_patrol_server.py -> /home/yusuf/ros2_ws/build/turtlebot3_example/build/lib/turtlebot3_example/turtlebot3_patrol_server
[2.633s] running install
[2.642s] /usr/lib/python3/dist-packages/setuptools/command/install.py:34: SetuptoolsDeprecationWarning: setup.py install is deprecated. Use build and pip and other standards-based tools.
[2.642s]   warnings.warn(
[2.642s] running install_lib
[2.642s] creating /home/yusuf/ros2_ws/install/turtlebot3_example/lib/python3.10/site-packages/turtlebot3_example
[2.642s] creating /home/yusuf/ros2_ws/install/turtlebot3_example/lib/python3.10/site-packages/turtlebot3_example/turtlebot3_obstacle_detection
[2.643s] copying /home/yusuf/ros2_ws/build/turtlebot3_example/build/lib/turtlebot3_example/turtlebot3_obstacle_detection/main.py -> /home/yusuf/ros2_ws/install/turtlebot3_example/lib/python3.10/site-packages/turtlebot3_example/turtlebot3_obstacle_detection
[2.643s] copying /home/yusuf/ros2_ws/build/turtlebot3_example/build/lib/turtlebot3_example/turtlebot3_obstacle_detection/turtlebot3_obstacle_detection.py -> /home/yusuf/ros2_ws/install/turtlebot3_example/lib/python3.10/site-packages/turtlebot3_example/turtlebot3_obstacle_detection
[2.643s] copying /home/yusuf/ros2_ws/build/turtlebot3_example/build/lib/turtlebot3_example/turtlebot3_obstacle_detection/__init__.py -> /home/yusuf/ros2_ws/install/turtlebot3_example/lib/python3.10/site-packages/turtlebot3_example/turtlebot3_obstacle_detection
[2.643s] creating /home/yusuf/ros2_ws/install/turtlebot3_example/lib/python3.10/site-packages/turtlebot3_example/turtlebot3_patrol_client
[2.643s] copying /home/yusuf/ros2_ws/build/turtlebot3_example/build/lib/turtlebot3_example/turtlebot3_patrol_client/main.py -> /home/yusuf/ros2_ws/install/turtlebot3_example/lib/python3.10/site-packages/turtlebot3_example/turtlebot3_patrol_client
[2.643s] copying /home/yusuf/ros2_ws/build/turtlebot3_example/build/lib/turtlebot3_example/turtlebot3_patrol_client/turtlebot3_patrol_client.py -> /home/yusuf/ros2_ws/install/turtlebot3_example/lib/python3.10/site-packages/turtlebot3_example/turtlebot3_patrol_client
[2.644s] copying /home/yusuf/ros2_ws/build/turtlebot3_example/build/lib/turtlebot3_example/turtlebot3_patrol_client/__init__.py -> /home/yusuf/ros2_ws/install/turtlebot3_example/lib/python3.10/site-packages/turtlebot3_example/turtlebot3_patrol_client
[2.644s] copying /home/yusuf/ros2_ws/build/turtlebot3_example/build/lib/turtlebot3_example/__init__.py -> /home/yusuf/ros2_ws/install/turtlebot3_example/lib/python3.10/site-packages/turtlebot3_example
[2.644s] creating /home/yusuf/ros2_ws/install/turtlebot3_example/lib/python3.10/site-packages/turtlebot3_example/turtlebot3_position_control
[2.644s] copying /home/yusuf/ros2_ws/build/turtlebot3_example/build/lib/turtlebot3_example/turtlebot3_position_control/main.py -> /home/yusuf/ros2_ws/install/turtlebot3_example/lib/python3.10/site-packages/turtlebot3_example/turtlebot3_position_control
[2.644s] copying /home/yusuf/ros2_ws/build/turtlebot3_example/build/lib/turtlebot3_example/turtlebot3_position_control/turtlebot3_position_control.py -> /home/yusuf/ros2_ws/install/turtlebot3_example/lib/python3.10/site-packages/turtlebot3_example/turtlebot3_position_control
[2.644s] copying /home/yusuf/ros2_ws/build/turtlebot3_example/build/lib/turtlebot3_example/turtlebot3_position_control/__init__.py -> /home/yusuf/ros2_ws/install/turtlebot3_example/lib/python3.10/site-packages/turtlebot3_example/turtlebot3_position_control
[2.645s] copying /home/yusuf/ros2_ws/build/turtlebot3_example/build/lib/turtlebot3_example/turtlebot3_position_control/turtlebot3_path.py -> /home/yusuf/ros2_ws/install/turtlebot3_example/lib/python3.10/site-packages/turtlebot3_example/turtlebot3_position_control
[2.645s] creating /home/yusuf/ros2_ws/install/turtlebot3_example/lib/python3.10/site-packages/turtlebot3_example/turtlebot3_patrol_server
[2.645s] copying /home/yusuf/ros2_ws/build/turtlebot3_example/build/lib/turtlebot3_example/turtlebot3_patrol_server/main.py -> /home/yusuf/ros2_ws/install/turtlebot3_example/lib/python3.10/site-packages/turtlebot3_example/turtlebot3_patrol_server
[2.645s] copying /home/yusuf/ros2_ws/build/turtlebot3_example/build/lib/turtlebot3_example/turtlebot3_patrol_server/__init__.py -> /home/yusuf/ros2_ws/install/turtlebot3_example/lib/python3.10/site-packages/turtlebot3_example/turtlebot3_patrol_server
[2.645s] copying /home/yusuf/ros2_ws/build/turtlebot3_example/build/lib/turtlebot3_example/turtlebot3_patrol_server/turtlebot3_path.py -> /home/yusuf/ros2_ws/install/turtlebot3_example/lib/python3.10/site-packages/turtlebot3_example/turtlebot3_patrol_server
[2.646s] copying /home/yusuf/ros2_ws/build/turtlebot3_example/build/lib/turtlebot3_example/turtlebot3_patrol_server/turtlebot3_patrol_server.py -> /home/yusuf/ros2_ws/install/turtlebot3_example/lib/python3.10/site-packages/turtlebot3_example/turtlebot3_patrol_server
[2.646s] byte-compiling /home/yusuf/ros2_ws/install/turtlebot3_example/lib/python3.10/site-packages/turtlebot3_example/turtlebot3_obstacle_detection/main.py to main.cpython-310.pyc
[2.646s] byte-compiling /home/yusuf/ros2_ws/install/turtlebot3_example/lib/python3.10/site-packages/turtlebot3_example/turtlebot3_obstacle_detection/turtlebot3_obstacle_detection.py to turtlebot3_obstacle_detection.cpython-310.pyc
[2.646s] byte-compiling /home/yusuf/ros2_ws/install/turtlebot3_example/lib/python3.10/site-packages/turtlebot3_example/turtlebot3_obstacle_detection/__init__.py to __init__.cpython-310.pyc
[2.646s] byte-compiling /home/yusuf/ros2_ws/install/turtlebot3_example/lib/python3.10/site-packages/turtlebot3_example/turtlebot3_patrol_client/main.py to main.cpython-310.pyc
[2.646s] byte-compiling /home/yusuf/ros2_ws/install/turtlebot3_example/lib/python3.10/site-packages/turtlebot3_example/turtlebot3_patrol_client/turtlebot3_patrol_client.py to turtlebot3_patrol_client.cpython-310.pyc
[2.646s] byte-compiling /home/yusuf/ros2_ws/install/turtlebot3_example/lib/python3.10/site-packages/turtlebot3_example/turtlebot3_patrol_client/__init__.py to __init__.cpython-310.pyc
[2.646s] byte-compiling /home/yusuf/ros2_ws/install/turtlebot3_example/lib/python3.10/site-packages/turtlebot3_example/__init__.py to __init__.cpython-310.pyc
[2.647s] byte-compiling /home/yusuf/ros2_ws/install/turtlebot3_example/lib/python3.10/site-packages/turtlebot3_example/turtlebot3_position_control/main.py to main.cpython-310.pyc
[2.647s] byte-compiling /home/yusuf/ros2_ws/install/turtlebot3_example/lib/python3.10/site-packages/turtlebot3_example/turtlebot3_position_control/turtlebot3_position_control.py to turtlebot3_position_control.cpython-310.pyc
[2.649s] byte-compiling /home/yusuf/ros2_ws/install/turtlebot3_example/lib/python3.10/site-packages/turtlebot3_example/turtlebot3_position_control/__init__.py to __init__.cpython-310.pyc
[2.649s] byte-compiling /home/yusuf/ros2_ws/install/turtlebot3_example/lib/python3.10/site-packages/turtlebot3_example/turtlebot3_position_control/turtlebot3_path.py to turtlebot3_path.cpython-310.pyc
[2.650s] byte-compiling /home/yusuf/ros2_ws/install/turtlebot3_example/lib/python3.10/site-packages/turtlebot3_example/turtlebot3_patrol_server/main.py to main.cpython-310.pyc
[2.650s] byte-compiling /home/yusuf/ros2_ws/install/turtlebot3_example/lib/python3.10/site-packages/turtlebot3_example/turtlebot3_patrol_server/__init__.py to __init__.cpython-310.pyc
[2.650s] byte-compiling /home/yusuf/ros2_ws/install/turtlebot3_example/lib/python3.10/site-packages/turtlebot3_example/turtlebot3_patrol_server/turtlebot3_path.py to turtlebot3_path.cpython-310.pyc
[2.650s] byte-compiling /home/yusuf/ros2_ws/install/turtlebot3_example/lib/python3.10/site-packages/turtlebot3_example/turtlebot3_patrol_server/turtlebot3_patrol_server.py to turtlebot3_patrol_server.cpython-310.pyc
[2.652s] running install_data
[2.652s] creating /home/yusuf/ros2_ws/install/turtlebot3_example/share/ament_index
[2.652s] creating /home/yusuf/ros2_ws/install/turtlebot3_example/share/ament_index/resource_index
[2.653s] creating /home/yusuf/ros2_ws/install/turtlebot3_example/share/ament_index/resource_index/packages
[2.653s] copying resource/turtlebot3_example -> /home/yusuf/ros2_ws/install/turtlebot3_example/share/ament_index/resource_index/packages
[2.653s] copying package.xml -> /home/yusuf/ros2_ws/install/turtlebot3_example/share/turtlebot3_example
[2.653s] running install_egg_info
[2.657s] Copying ../../../build/turtlebot3_example/turtlebot3_example.egg-info to /home/yusuf/ros2_ws/install/turtlebot3_example/lib/python3.10/site-packages/turtlebot3_example-2.1.5-py3.10.egg-info
[2.658s] running install_scripts
[2.705s] Installing turtlebot3_obstacle_detection script to /home/yusuf/ros2_ws/install/turtlebot3_example/lib/turtlebot3_example
[2.705s] Installing turtlebot3_patrol_client script to /home/yusuf/ros2_ws/install/turtlebot3_example/lib/turtlebot3_example
[2.706s] Installing turtlebot3_patrol_server script to /home/yusuf/ros2_ws/install/turtlebot3_example/lib/turtlebot3_example
[2.706s] Installing turtlebot3_position_control script to /home/yusuf/ros2_ws/install/turtlebot3_example/lib/turtlebot3_example
[2.706s] writing list of installed files to '/home/yusuf/ros2_ws/build/turtlebot3_example/install.log'
[2.943s] Invoked command in '/home/yusuf/ros2_ws/src/turtlebot3/turtlebot3_example' returned '0': PYTHONPATH=/home/yusuf/ros2_ws/build/turtlebot3_example/prefix_override:/home/yusuf/ros2_ws/install/turtlebot3_example/lib/python3.10/site-packages:${PYTHONPATH} /usr/bin/python3 setup.py egg_info --egg-base ../../../build/turtlebot3_example build --build-base /home/yusuf/ros2_ws/build/turtlebot3_example/build install --record /home/yusuf/ros2_ws/build/turtlebot3_example/install.log --single-version-externally-managed
