[0.000000] (-) TimerEvent: {}
[0.000138] (-) JobUnselected: {'identifier': 'LineFollower'}
[0.000203] (-) JobUnselected: {'identifier': 'drive_tb3'}
[0.000264] (-) JobUnselected: {'identifier': 'drive_turtle'}
[0.000296] (-) JobUnselected: {'identifier': 'my_cpp_py_pkg'}
[0.000320] (-) JobUnselected: {'identifier': 'navigation_tb3'}
[0.000410] (-) JobUnselected: {'identifier': 'point_cloud_processing'}
[0.000550] (-) JobUnselected: {'identifier': 'robot_control'}
[0.000572] (-) JobUnselected: {'identifier': 'robot_cpp'}
[0.000591] (-) JobUnselected: {'identifier': 'robot_python'}
[0.000646] (-) JobUnselected: {'identifier': 'robot_test'}
[0.000674] (-) JobUnselected: {'identifier': 'ros2_control_demo_description'}
[0.000698] (-) JobUnselected: {'identifier': 'ros2_control_demo_example_1'}
[0.000772] (-) JobUnselected: {'identifier': 'ros2_control_demo_example_10'}
[0.000793] (-) JobUnselected: {'identifier': 'ros2_control_demo_example_11'}
[0.000882] (-) JobUnselected: {'identifier': 'ros2_control_demo_example_12'}
[0.000903] (-) JobUnselected: {'identifier': 'ros2_control_demo_example_14'}
[0.000922] (-) JobUnselected: {'identifier': 'ros2_control_demo_example_15'}
[0.000950] (-) JobUnselected: {'identifier': 'ros2_control_demo_example_2'}
[0.000997] (-) JobUnselected: {'identifier': 'ros2_control_demo_example_3'}
[0.001031] (-) JobUnselected: {'identifier': 'ros2_control_demo_example_4'}
[0.001055] (-) JobUnselected: {'identifier': 'ros2_control_demo_example_5'}
[0.001147] (-) JobUnselected: {'identifier': 'ros2_control_demo_example_6'}
[0.001168] (-) JobUnselected: {'identifier': 'ros2_control_demo_example_7'}
[0.001255] (-) JobUnselected: {'identifier': 'ros2_control_demo_example_8'}
[0.001284] (-) JobUnselected: {'identifier': 'ros2_control_demo_example_9'}
[0.001316] (-) JobUnselected: {'identifier': 'ros2_control_demos'}
[0.001355] (-) JobUnselected: {'identifier': 'turtlebot3'}
[0.001384] (-) JobUnselected: {'identifier': 'turtlebot3_bringup'}
[0.001497] (-) JobUnselected: {'identifier': 'turtlebot3_cartographer'}
[0.001518] (-) JobUnselected: {'identifier': 'turtlebot3_description'}
[0.001605] (-) JobUnselected: {'identifier': 'turtlebot3_example'}
[0.001625] (-) JobUnselected: {'identifier': 'turtlebot3_fake_node'}
[0.001677] (-) JobUnselected: {'identifier': 'turtlebot3_gazebo'}
[0.001711] (-) JobUnselected: {'identifier': 'turtlebot3_navigation2'}
[0.001785] (-) JobUnselected: {'identifier': 'turtlebot3_node'}
[0.001831] (-) JobUnselected: {'identifier': 'turtlebot3_simulations'}
[0.001903] (-) JobUnselected: {'identifier': 'turtlebot3_teleop'}
[0.001921] (-) JobUnselected: {'identifier': 'urdf_tutorial_r2d2'}
[0.001941] (ros_fundamental) JobQueued: {'identifier': 'ros_fundamental', 'dependencies': OrderedDict()}
[0.001963] (ros_fundamental) JobStarted: {'identifier': 'ros_fundamental'}
[0.099516] (-) TimerEvent: {}
[0.165434] (ros_fundamental) JobEnded: {'identifier': 'ros_fundamental', 'rc': 'SIGINT'}
[0.176276] (-) EventReactorShutdown: {}
