[0.471s] Invoking command in '/home/yusuf/ros2_ws/build/navigation_tb3': CMAKE_PREFIX_PATH=${CMAKE_PREFIX_PATH}:/home/yusuf/ros2_ws/install/robot_python:/home/yusuf/ros2_learners/install/robot_math:/opt/ros/humble /usr/bin/cmake --build /home/yusuf/ros2_ws/build/navigation_tb3 -- -j8 -l8
[0.932s] -- Found ament_cmake: 1.3.6 (/opt/ros/humble/share/ament_cmake/cmake)
[0.933s] -- Found rclcpp: 16.0.7 (/opt/ros/humble/share/rclcpp/cmake)
[0.934s] -- Found rosidl_generator_c: 3.1.5 (/opt/ros/humble/share/rosidl_generator_c/cmake)
[0.934s] -- Found rosidl_adapter: 3.1.5 (/opt/ros/humble/share/rosidl_adapter/cmake)
[0.934s] -- Found rosidl_generator_cpp: 3.1.5 (/opt/ros/humble/share/rosidl_generator_cpp/cmake)
[0.934s] -- Using all available rosidl_typesupport_c: rosidl_typesupport_fastrtps_c;rosidl_typesupport_introspection_c
[0.935s] -- Using all available rosidl_typesupport_cpp: rosidl_typesupport_fastrtps_cpp;rosidl_typesupport_introspection_cpp
[0.936s] -- Found rmw_implementation_cmake: 6.1.1 (/opt/ros/humble/share/rmw_implementation_cmake/cmake)
[0.936s] -- Found rmw_fastrtps_cpp: 6.2.5 (/opt/ros/humble/share/rmw_fastrtps_cpp/cmake)
[1.100s] -- Using RMW implementation 'rmw_fastrtps_cpp' as default
[1.352s] -- Found rclpy: 3.3.11 (/opt/ros/humble/share/rclpy/cmake)
[1.352s] -- Found nav2_msgs: 1.1.12 (/opt/ros/humble/share/nav2_msgs/cmake)
[1.974s] -- Found ament_lint_auto: 0.12.9 (/opt/ros/humble/share/ament_lint_auto/cmake)
[2.069s] -- Added test 'flake8' to check Python code syntax and style conventions
[2.070s] -- Added test 'lint_cmake' to check CMake code style
[2.071s] -- Added test 'pep257' to check Python code against some of the docstring style conventions in PEP 257
[2.073s] -- Added test 'xmllint' to check XML markup files
[2.075s] -- Configuring done
[2.085s] -- Generating done
[2.089s] -- Build files have been written to: /home/yusuf/ros2_ws/build/navigation_tb3
[2.152s] Built target ament_cmake_python_copy_navigation_tb3
[2.467s] running egg_info
[2.468s] writing navigation_tb3.egg-info/PKG-INFO
[2.469s] writing dependency_links to navigation_tb3.egg-info/dependency_links.txt
[2.470s] writing top-level names to navigation_tb3.egg-info/top_level.txt
[2.473s] reading manifest file 'navigation_tb3.egg-info/SOURCES.txt'
[2.473s] writing manifest file 'navigation_tb3.egg-info/SOURCES.txt'
[2.505s] Built target ament_cmake_python_build_navigation_tb3_egg
[2.517s] Invoked command in '/home/yusuf/ros2_ws/build/navigation_tb3' returned '0': CMAKE_PREFIX_PATH=${CMAKE_PREFIX_PATH}:/home/yusuf/ros2_ws/install/robot_python:/home/yusuf/ros2_learners/install/robot_math:/opt/ros/humble /usr/bin/cmake --build /home/yusuf/ros2_ws/build/navigation_tb3 -- -j8 -l8
[2.545s] Invoking command in '/home/yusuf/ros2_ws/build/navigation_tb3': CMAKE_PREFIX_PATH=${CMAKE_PREFIX_PATH}:/home/yusuf/ros2_ws/install/robot_python:/home/yusuf/ros2_learners/install/robot_math:/opt/ros/humble /usr/bin/cmake --install /home/yusuf/ros2_ws/build/navigation_tb3
[2.554s] -- Install configuration: ""
[2.555s] -- Installing: /home/yusuf/ros2_ws/install/navigation_tb3/share/navigation_tb3/launch
[2.555s] -- Installing: /home/yusuf/ros2_ws/install/navigation_tb3/share/navigation_tb3/launch/navigation.launch.py
[2.555s] -- Installing: /home/yusuf/ros2_ws/install/navigation_tb3/share/navigation_tb3/launch/mapping.launch.py
[2.555s] [31mCMake Error at cmake_install.cmake:50 (file):
[2.555s]   file INSTALL cannot find "/home/yusuf/ros2_ws/src/navigation_tb3/config":
[2.555s]   No such file or directory.
[2.555s] 
[2.555s] [0m
[2.557s] Invoked command in '/home/yusuf/ros2_ws/build/navigation_tb3' returned '1': CMAKE_PREFIX_PATH=${CMAKE_PREFIX_PATH}:/home/yusuf/ros2_ws/install/robot_python:/home/yusuf/ros2_learners/install/robot_math:/opt/ros/humble /usr/bin/cmake --install /home/yusuf/ros2_ws/build/navigation_tb3
