[1.793s] Invoking command in '/home/yusuf/ros2_ws/src/turtlebot3/turtlebot3_teleop': PYTHONPATH=/home/yusuf/ros2_ws/build/turtlebot3_teleop/prefix_override:/home/yusuf/ros2_ws/install/turtlebot3_teleop/lib/python3.10/site-packages:${PYTHONPATH} /usr/bin/python3 setup.py egg_info --egg-base ../../../build/turtlebot3_teleop build --build-base /home/yusuf/ros2_ws/build/turtlebot3_teleop/build install --record /home/yusuf/ros2_ws/build/turtlebot3_teleop/install.log --single-version-externally-managed
[2.110s] running egg_info
[2.112s] writing ../../../build/turtlebot3_teleop/turtlebot3_teleop.egg-info/PKG-INFO
[2.113s] writing dependency_links to ../../../build/turtlebot3_teleop/turtlebot3_teleop.egg-info/dependency_links.txt
[2.113s] writing entry points to ../../../build/turtlebot3_teleop/turtlebot3_teleop.egg-info/entry_points.txt
[2.113s] writing requirements to ../../../build/turtlebot3_teleop/turtlebot3_teleop.egg-info/requires.txt
[2.113s] writing top-level names to ../../../build/turtlebot3_teleop/turtlebot3_teleop.egg-info/top_level.txt
[2.115s] reading manifest file '../../../build/turtlebot3_teleop/turtlebot3_teleop.egg-info/SOURCES.txt'
[2.117s] writing manifest file '../../../build/turtlebot3_teleop/turtlebot3_teleop.egg-info/SOURCES.txt'
[2.118s] running build
[2.118s] running build_py
[2.119s] running install
[2.119s] /usr/lib/python3/dist-packages/setuptools/command/install.py:34: SetuptoolsDeprecationWarning: setup.py install is deprecated. Use build and pip and other standards-based tools.
[2.119s]   warnings.warn(
[2.120s] running install_lib
[2.122s] running install_data
[2.124s] running install_egg_info
[2.126s] removing '/home/yusuf/ros2_ws/install/turtlebot3_teleop/lib/python3.10/site-packages/turtlebot3_teleop-2.1.5-py3.10.egg-info' (and everything under it)
[2.127s] Copying ../../../build/turtlebot3_teleop/turtlebot3_teleop.egg-info to /home/yusuf/ros2_ws/install/turtlebot3_teleop/lib/python3.10/site-packages/turtlebot3_teleop-2.1.5-py3.10.egg-info
[2.128s] running install_scripts
[2.169s] Installing teleop_keyboard script to /home/yusuf/ros2_ws/install/turtlebot3_teleop/lib/turtlebot3_teleop
[2.172s] writing list of installed files to '/home/yusuf/ros2_ws/build/turtlebot3_teleop/install.log'
[2.410s] Invoked command in '/home/yusuf/ros2_ws/src/turtlebot3/turtlebot3_teleop' returned '0': PYTHONPATH=/home/yusuf/ros2_ws/build/turtlebot3_teleop/prefix_override:/home/yusuf/ros2_ws/install/turtlebot3_teleop/lib/python3.10/site-packages:${PYTHONPATH} /usr/bin/python3 setup.py egg_info --egg-base ../../../build/turtlebot3_teleop build --build-base /home/yusuf/ros2_ws/build/turtlebot3_teleop/build install --record /home/yusuf/ros2_ws/build/turtlebot3_teleop/install.log --single-version-externally-managed
