[0.721s] Invoking command in '/home/yusuf/ros2_ws/src/robot_python': PYTHONPATH=/home/yusuf/ros2_ws/build/robot_python/prefix_override:/home/yusuf/ros2_ws/install/robot_python/lib/python3.10/site-packages:${PYTHONPATH} /usr/bin/python3 setup.py egg_info --egg-base ../../build/robot_python build --build-base /home/yusuf/ros2_ws/build/robot_python/build install --record /home/yusuf/ros2_ws/build/robot_python/install.log --single-version-externally-managed
[0.957s] running egg_info
[0.958s] writing ../../build/robot_python/robot_python.egg-info/PKG-INFO
[0.958s] writing dependency_links to ../../build/robot_python/robot_python.egg-info/dependency_links.txt
[0.959s] writing entry points to ../../build/robot_python/robot_python.egg-info/entry_points.txt
[0.960s] writing requirements to ../../build/robot_python/robot_python.egg-info/requires.txt
[0.960s] writing top-level names to ../../build/robot_python/robot_python.egg-info/top_level.txt
[0.962s] reading manifest file '../../build/robot_python/robot_python.egg-info/SOURCES.txt'
[0.963s] writing manifest file '../../build/robot_python/robot_python.egg-info/SOURCES.txt'
[0.963s] running build
[0.963s] running build_py
[0.964s] running install
[0.964s] /usr/lib/python3/dist-packages/setuptools/command/install.py:34: SetuptoolsDeprecationWarning: setup.py install is deprecated. Use build and pip and other standards-based tools.
[0.964s]   warnings.warn(
[0.964s] running install_lib
[0.966s] running install_data
[0.966s] running install_egg_info
[0.968s] removing '/home/yusuf/ros2_ws/install/robot_python/lib/python3.10/site-packages/robot_python-0.0.0-py3.10.egg-info' (and everything under it)
[0.968s] Copying ../../build/robot_python/robot_python.egg-info to /home/yusuf/ros2_ws/install/robot_python/lib/python3.10/site-packages/robot_python-0.0.0-py3.10.egg-info
[0.969s] running install_scripts
[0.990s] Installing my_publisher script to /home/yusuf/ros2_ws/install/robot_python/lib/robot_python
[0.990s] Installing my_service script to /home/yusuf/ros2_ws/install/robot_python/lib/robot_python
[0.990s] Installing my_subscriber script to /home/yusuf/ros2_ws/install/robot_python/lib/robot_python
[0.991s] Installing my_subtest script to /home/yusuf/ros2_ws/install/robot_python/lib/robot_python
[0.991s] Installing test_node script to /home/yusuf/ros2_ws/install/robot_python/lib/robot_python
[0.991s] Installing turtlesim_go script to /home/yusuf/ros2_ws/install/robot_python/lib/robot_python
[0.991s] writing list of installed files to '/home/yusuf/ros2_ws/build/robot_python/install.log'
[1.012s] Invoked command in '/home/yusuf/ros2_ws/src/robot_python' returned '0': PYTHONPATH=/home/yusuf/ros2_ws/build/robot_python/prefix_override:/home/yusuf/ros2_ws/install/robot_python/lib/python3.10/site-packages:${PYTHONPATH} /usr/bin/python3 setup.py egg_info --egg-base ../../build/robot_python build --build-base /home/yusuf/ros2_ws/build/robot_python/build install --record /home/yusuf/ros2_ws/build/robot_python/install.log --single-version-externally-managed
