[0.019s] Invoking command in '/home/yusuf/ros2_ws/build/robot_sensing': CMAKE_PREFIX_PATH=${CMAKE_PREFIX_PATH}:/home/yusuf/ros2_ws/install/urdf_tutorial_r2d2:/home/yusuf/ros2_ws/install/turtlebot3_teleop:/home/yusuf/ros2_ws/install/turtlebot3_example:/home/yusuf/ros2_ws/install/robot_python:/opt/ros/humble /usr/bin/cmake --build /home/yusuf/ros2_ws/build/robot_sensing -- -j8 -l8
[0.082s] [35m[1mConsolidate compiler generated dependencies of target maze_lidar[0m
[0.100s] [ 50%] Built target odom_kinematic
[0.111s] [ 75%] [32mBuilding CXX object CMakeFiles/maze_lidar.dir/src/maze_solving_with_lidar.cpp.o[0m
[10.720s] [100%] [32m[1mLinking CXX executable maze_lidar[0m
[11.282s] [100%] Built target maze_lidar
[11.299s] Invoked command in '/home/yusuf/ros2_ws/build/robot_sensing' returned '0': CMAKE_PREFIX_PATH=${CMAKE_PREFIX_PATH}:/home/yusuf/ros2_ws/install/urdf_tutorial_r2d2:/home/yusuf/ros2_ws/install/turtlebot3_teleop:/home/yusuf/ros2_ws/install/turtlebot3_example:/home/yusuf/ros2_ws/install/robot_python:/opt/ros/humble /usr/bin/cmake --build /home/yusuf/ros2_ws/build/robot_sensing -- -j8 -l8
[11.363s] Invoking command in '/home/yusuf/ros2_ws/build/robot_sensing': CMAKE_PREFIX_PATH=${CMAKE_PREFIX_PATH}:/home/yusuf/ros2_ws/install/urdf_tutorial_r2d2:/home/yusuf/ros2_ws/install/turtlebot3_teleop:/home/yusuf/ros2_ws/install/turtlebot3_example:/home/yusuf/ros2_ws/install/robot_python:/opt/ros/humble /usr/bin/cmake --install /home/yusuf/ros2_ws/build/robot_sensing
[11.375s] -- Install configuration: ""
[11.375s] -- Installing: /home/yusuf/ros2_ws/install/robot_sensing/lib/robot_sensing/maze_lidar
[11.383s] -- Set runtime path of "/home/yusuf/ros2_ws/install/robot_sensing/lib/robot_sensing/maze_lidar" to ""
[11.383s] -- Up-to-date: /home/yusuf/ros2_ws/install/robot_sensing/lib/robot_sensing/odom_kinematic
[11.384s] -- Up-to-date: /home/yusuf/ros2_ws/install/robot_sensing/share/robot_sensing/launch
[11.384s] -- Up-to-date: /home/yusuf/ros2_ws/install/robot_sensing/share/robot_sensing/launch/maze_world.launch.py
[11.384s] -- Up-to-date: /home/yusuf/ros2_ws/install/robot_sensing/share/robot_sensing/world
[11.385s] -- Up-to-date: /home/yusuf/ros2_ws/install/robot_sensing/share/robot_sensing/world/maze.world
[11.385s] -- Up-to-date: /home/yusuf/ros2_ws/install/robot_sensing/share/ament_index/resource_index/package_run_dependencies/robot_sensing
[11.385s] -- Up-to-date: /home/yusuf/ros2_ws/install/robot_sensing/share/ament_index/resource_index/parent_prefix_path/robot_sensing
[11.385s] -- Up-to-date: /home/yusuf/ros2_ws/install/robot_sensing/share/robot_sensing/environment/ament_prefix_path.sh
[11.386s] -- Up-to-date: /home/yusuf/ros2_ws/install/robot_sensing/share/robot_sensing/environment/ament_prefix_path.dsv
[11.386s] -- Up-to-date: /home/yusuf/ros2_ws/install/robot_sensing/share/robot_sensing/environment/path.sh
[11.386s] -- Up-to-date: /home/yusuf/ros2_ws/install/robot_sensing/share/robot_sensing/environment/path.dsv
[11.386s] -- Up-to-date: /home/yusuf/ros2_ws/install/robot_sensing/share/robot_sensing/local_setup.bash
[11.386s] -- Up-to-date: /home/yusuf/ros2_ws/install/robot_sensing/share/robot_sensing/local_setup.sh
[11.386s] -- Up-to-date: /home/yusuf/ros2_ws/install/robot_sensing/share/robot_sensing/local_setup.zsh
[11.387s] -- Up-to-date: /home/yusuf/ros2_ws/install/robot_sensing/share/robot_sensing/local_setup.dsv
[11.387s] -- Installing: /home/yusuf/ros2_ws/install/robot_sensing/share/robot_sensing/package.dsv
[11.387s] -- Up-to-date: /home/yusuf/ros2_ws/install/robot_sensing/share/ament_index/resource_index/packages/robot_sensing
[11.387s] -- Up-to-date: /home/yusuf/ros2_ws/install/robot_sensing/share/robot_sensing/cmake/robot_sensingConfig.cmake
[11.387s] -- Up-to-date: /home/yusuf/ros2_ws/install/robot_sensing/share/robot_sensing/cmake/robot_sensingConfig-version.cmake
[11.388s] -- Up-to-date: /home/yusuf/ros2_ws/install/robot_sensing/share/robot_sensing/package.xml
[11.389s] Invoked command in '/home/yusuf/ros2_ws/build/robot_sensing' returned '0': CMAKE_PREFIX_PATH=${CMAKE_PREFIX_PATH}:/home/yusuf/ros2_ws/install/urdf_tutorial_r2d2:/home/yusuf/ros2_ws/install/turtlebot3_teleop:/home/yusuf/ros2_ws/install/turtlebot3_example:/home/yusuf/ros2_ws/install/robot_python:/opt/ros/humble /usr/bin/cmake --install /home/yusuf/ros2_ws/build/robot_sensing
